TRACE STARTED

00:2338  51 C8  DBFa    D0,#$FFFC [01:2336]      A0=FFFF8E4A A1=00FF2FAC A2=00C00000 A3=00FF2CFE A4=00000100 A5=FFFF80C8 A6=00FF0BF0 A7=00FF0BEE D0=40000055 D1=00000000 D2=0000FFFF D3=0000FFFF D4=0000FFFF D5=000000FF D6=00000004 D7=00000000 xnzvc
00:2336  24 99  MOVE.L  (A1)+,(A2)               A0=FFFF8E4A A1=00FF2FAC A2=00C00000 A3=00FF2CFE A4=00000100 A5=FFFF80C8 A6=00FF0BF0 A7=00FF0BEE D0=40000054 D1=00000000 D2=0000FFFF D3=0000FFFF D4=0000FFFF D5=000000FF D6=00000004 D7=00000000 xnzvc
00:2338  51 C8  DBFa    D0,#$FFFC [01:2336]      A0=FFFF8E4A A1=00FF2FB0 A2=00C00000 A3=00FF2CFE A4=00000100 A5=FFFF80C8 A6=00FF0BF0 A7=00FF0BEE D0=40000054 D1=00000000 D2=0000FFFF D3=0000FFFF D4=0000FFFF D5=000000FF D6=00000004 D7=00000000 xnzvc
00:2336  24 99  MOVE.L  (A1)+,(A2)               A0=FFFF8E4A A1=00FF2FB0 A2=00C00000 A3=00FF2CFE A4=00000100 A5=FFFF80C8 A6=00FF0BF0 A7=00FF0BEE D0=40000053 D1=00000000 D2=0000FFFF D3=0000FFFF D4=0000FFFF D5=000000FF D6=00000004 D7=00000000 xnzvc
00:2338  51 C8  DBFa    D0,#$FFFC [01:2336]      A0=FFFF8E4A A1=00FF2FB4 A2=00C00000 A3=00FF2CFE A4=00000100 A5=FFFF80C8 A6=00FF0BF0 A7=00FF0BEE D0=40000053 D1=00000000 D2=0000FFFF D3=0000FFFF D4=0000FFFF D5=000000FF D6=00000004 D7=00000000 xnzvc
00:2336  24 99  MOVE.L  (A1)+,(A2)               A0=FFFF8E4A A1=00FF2FB4 A2=00C00000 A3=00FF2CFE A4=00000100 A5=FFFF80C8 A6=00FF0BF0 A7=00FF0BEE D0=40000052 D1=00000000 D2=0000FFFF D3=0000FFFF D4=0000FFFF D5=000000FF D6=00000004 D7=00000000 xnzvc
00:2338  51 C8  DBFa    D0,#$FFFC [01:2336]      A0=FFFF8E4A A1=00FF2FB8 A2=00C00000 A3=00FF2CFE A4=00000100 A5=FFFF80C8 A6=00FF0BF0 A7=00FF0BEE D0=40000052 D1=00000000 D2=0000FFFF D3=0000FFFF D4=0000FFFF D5=000000FF D6=00000004 D7=00000000 xnzvc
00:2336  24 99  MOVE.L  (A1)+,(A2)               A0=FFFF8E4A A1=00FF2FB8 A2=00C00000 A3=00FF2CFE A4=00000100 A5=FFFF80C8 A6=00FF0BF0 A7=00FF0BEE D0=40000051 D1=00000000 D2=0000FFFF D3=0000FFFF D4=0000FFFF D5=000000FF D6=00000004 D7=00000000 xnzvc
00:2338  51 C8  DBFa    D0,#$FFFC [01:2336]      A0=FFFF8E4A A1=00FF2FBC A2=00C00000 A3=00FF2CFE A4=00000100 A5=FFFF80C8 A6=00FF0BF0 A7=00FF0BEE D0=40000051 D1=00000000 D2=0000FFFF D3=0000FFFF D4=0000FFFF D5=000000FF D6=00000004 D7=00000000 xnzvc
00:2336  24 99  MOVE.L  (A1)+,(A2)               A0=FFFF8E4A A1=00FF2FBC A2=00C00000 A3=00FF2CFE A4=00000100 A5=FFFF80C8 A6=00FF0BF0 A7=00FF0BEE D0=40000050 D1=00000000 D2=0000FFFF D3=0000FFFF D4=0000FFFF D5=000000FF D6=00000004 D7=00000000 xnzvc
00:2338  51 C8  DBFa    D0,#$FFFC [01:2336]      A0=FFFF8E4A A1=00FF2FC0 A2=00C00000 A3=00FF2CFE A4=00000100 A5=FFFF80C8 A6=00FF0BF0 A7=00FF0BEE D0=40000050 D1=00000000 D2=0000FFFF D3=0000FFFF D4=0000FFFF D5=000000FF D6=00000004 D7=00000000 xnzvc
00:2336  24 99  MOVE.L  (A1)+,(A2)               A0=FFFF8E4A A1=00FF2FC0 A2=00C00000 A3=00FF2CFE A4=00000100 A5=FFFF80C8 A6=00FF0BF0 A7=00FF0BEE D0=4000004F D1=00000000 D2=0000FFFF D3=0000FFFF D4=0000FFFF D5=000000FF D6=00000004 D7=00000000 xnzvc
00:2338  51 C8  DBFa    D0,#$FFFC [01:2336]      A0=FFFF8E4A A1=00FF2FC4 A2=00C00000 A3=00FF2CFE A4=00000100 A5=FFFF80C8 A6=00FF0BF0 A7=00FF0BEE D0=4000004F D1=00000000 D2=0000FFFF D3=0000FFFF D4=0000FFFF D5=000000FF D6=00000004 D7=00000000 xnzvc
00:2336  24 99  MOVE.L  (A1)+,(A2)               A0=FFFF8E4A A1=00FF2FC4 A2=00C00000 A3=00FF2CFE A4=00000100 A5=FFFF80C8 A6=00FF0BF0 A7=00FF0BEE D0=4000004E D1=00000000 D2=0000FFFF D3=0000FFFF D4=0000FFFF D5=000000FF D6=00000004 D7=00000000 xnzvc
00:2338  51 C8  DBFa    D0,#$FFFC [01:2336]      A0=FFFF8E4A A1=00FF2FC8 A2=00C00000 A3=00FF2CFE A4=00000100 A5=FFFF80C8 A6=00FF0BF0 A7=00FF0BEE D0=4000004E D1=00000000 D2=0000FFFF D3=0000FFFF D4=0000FFFF D5=000000FF D6=00000004 D7=00000000 xnzvc
00:2336  24 99  MOVE.L  (A1)+,(A2)               A0=FFFF8E4A A1=00FF2FC8 A2=00C00000 A3=00FF2CFE A4=00000100 A5=FFFF80C8 A6=00FF0BF0 A7=00FF0BEE D0=4000004D D1=00000000 D2=0000FFFF D3=0000FFFF D4=0000FFFF D5=000000FF D6=00000004 D7=00000000 xnzvc
00:2338  51 C8  DBFa    D0,#$FFFC [01:2336]      A0=FFFF8E4A A1=00FF2FCC A2=00C00000 A3=00FF2CFE A4=00000100 A5=FFFF80C8 A6=00FF0BF0 A7=00FF0BEE D0=4000004D D1=00000000 D2=0000FFFF D3=0000FFFF D4=0000FFFF D5=000000FF D6=00000004 D7=00000000 xnzvc
00:2336  24 99  MOVE.L  (A1)+,(A2)               A0=FFFF8E4A A1=00FF2FCC A2=00C00000 A3=00FF2CFE A4=00000100 A5=FFFF80C8 A6=00FF0BF0 A7=00FF0BEE D0=4000004C D1=00000000 D2=0000FFFF D3=0000FFFF D4=0000FFFF D5=000000FF D6=00000004 D7=00000000 xnzvc
00:2338  51 C8  DBFa    D0,#$FFFC [01:2336]      A0=FFFF8E4A A1=00FF2FD0 A2=00C00000 A3=00FF2CFE A4=00000100 A5=FFFF80C8 A6=00FF0BF0 A7=00FF0BEE D0=4000004C D1=00000000 D2=0000FFFF D3=0000FFFF D4=0000FFFF D5=000000FF D6=00000004 D7=00000000 xnzvc
00:2336  24 99  MOVE.L  (A1)+,(A2)               A0=FFFF8E4A A1=00FF2FD0 A2=00C00000 A3=00FF2CFE A4=00000100 A5=FFFF80C8 A6=00FF0BF0 A7=00FF0BEE D0=4000004B D1=00000000 D2=0000FFFF D3=0000FFFF D4=0000FFFF D5=000000FF D6=00000004 D7=00000000 xnzvc
00:2338  51 C8  DBFa    D0,#$FFFC [01:2336]      A0=FFFF8E4A A1=00FF2FD4 A2=00C00000 A3=00FF2CFE A4=00000100 A5=FFFF80C8 A6=00FF0BF0 A7=00FF0BEE D0=4000004B D1=00000000 D2=0000FFFF D3=0000FFFF D4=0000FFFF D5=000000FF D6=00000004 D7=00000000 xNzvc
00:2336  24 99  MOVE.L  (A1)+,(A2)               A0=FFFF8E4A A1=00FF2FD4 A2=00C00000 A3=00FF2CFE A4=00000100 A5=FFFF80C8 A6=00FF0BF0 A7=00FF0BEE D0=4000004A D1=00000000 D2=0000FFFF D3=0000FFFF D4=0000FFFF D5=000000FF D6=00000004 D7=00000000 xNzvc
00:2338  51 C8  DBFa    D0,#$FFFC [01:2336]      A0=FFFF8E4A A1=00FF2FD8 A2=00C00000 A3=00FF2CFE A4=00000100 A5=FFFF80C8 A6=00FF0BF0 A7=00FF0BEE D0=4000004A D1=00000000 D2=0000FFFF D3=0000FFFF D4=0000FFFF D5=000000FF D6=00000004 D7=00000000 xnzvc
00:2336  24 99  MOVE.L  (A1)+,(A2)               A0=FFFF8E4A A1=00FF2FD8 A2=00C00000 A3=00FF2CFE A4=00000100 A5=FFFF80C8 A6=00FF0BF0 A7=00FF0BEE D0=40000049 D1=00000000 D2=0000FFFF D3=0000FFFF D4=0000FFFF D5=000000FF D6=00000004 D7=00000000 xnzvc
00:2338  51 C8  DBFa    D0,#$FFFC [01:2336]      A0=FFFF8E4A A1=00FF2FDC A2=00C00000 A3=00FF2CFE A4=00000100 A5=FFFF80C8 A6=00FF0BF0 A7=00FF0BEE D0=40000049 D1=00000000 D2=0000FFFF D3=0000FFFF D4=0000FFFF D5=000000FF D6=00000004 D7=00000000 xnzvc
00:2336  24 99  MOVE.L  (A1)+,(A2)               A0=FFFF8E4A A1=00FF2FDC A2=00C00000 A3=00FF2CFE A4=00000100 A5=FFFF80C8 A6=00FF0BF0 A7=00FF0BEE D0=40000048 D1=00000000 D2=0000FFFF D3=0000FFFF D4=0000FFFF D5=000000FF D6=00000004 D7=00000000 xnzvc
00:2338  51 C8  DBFa    D0,#$FFFC [01:2336]      A0=FFFF8E4A A1=00FF2FE0 A2=00C00000 A3=00FF2CFE A4=00000100 A5=FFFF80C8 A6=00FF0BF0 A7=00FF0BEE D0=40000048 D1=00000000 D2=0000FFFF D3=0000FFFF D4=0000FFFF D5=000000FF D6=00000004 D7=00000000 xnzvc
00:2336  24 99  MOVE.L  (A1)+,(A2)               A0=FFFF8E4A A1=00FF2FE0 A2=00C00000 A3=00FF2CFE A4=00000100 A5=FFFF80C8 A6=00FF0BF0 A7=00FF0BEE D0=40000047 D1=00000000 D2=0000FFFF D3=0000FFFF D4=0000FFFF D5=000000FF D6=00000004 D7=00000000 xnzvc
00:2338  51 C8  DBFa    D0,#$FFFC [01:2336]      A0=FFFF8E4A A1=00FF2FE4 A2=00C00000 A3=00FF2CFE A4=00000100 A5=FFFF80C8 A6=00FF0BF0 A7=00FF0BEE D0=40000047 D1=00000000 D2=0000FFFF D3=0000FFFF D4=0000FFFF D5=000000FF D6=00000004 D7=00000000 xnzvc
00:2336  24 99  MOVE.L  (A1)+,(A2)               A0=FFFF8E4A A1=00FF2FE4 A2=00C00000 A3=00FF2CFE A4=00000100 A5=FFFF80C8 A6=00FF0BF0 A7=00FF0BEE D0=40000046 D1=00000000 D2=0000FFFF D3=0000FFFF D4=0000FFFF D5=000000FF D6=00000004 D7=00000000 xnzvc
00:2338  51 C8  DBFa    D0,#$FFFC [01:2336]      A0=FFFF8E4A A1=00FF2FE8 A2=00C00000 A3=00FF2CFE A4=00000100 A5=FFFF80C8 A6=00FF0BF0 A7=00FF0BEE D0=40000046 D1=00000000 D2=0000FFFF D3=0000FFFF D4=0000FFFF D5=000000FF D6=00000004 D7=00000000 xnzvc
00:2336  24 99  MOVE.L  (A1)+,(A2)               A0=FFFF8E4A A1=00FF2FE8 A2=00C00000 A3=00FF2CFE A4=00000100 A5=FFFF80C8 A6=00FF0BF0 A7=00FF0BEE D0=40000045 D1=00000000 D2=0000FFFF D3=0000FFFF D4=0000FFFF D5=000000FF D6=00000004 D7=00000000 xnzvc
00:2338  51 C8  DBFa    D0,#$FFFC [01:2336]      A0=FFFF8E4A A1=00FF2FEC A2=00C00000 A3=00FF2CFE A4=00000100 A5=FFFF80C8 A6=00FF0BF0 A7=00FF0BEE D0=40000045 D1=00000000 D2=0000FFFF D3=0000FFFF D4=0000FFFF D5=000000FF D6=00000004 D7=00000000 xnZvc
00:2336  24 99  MOVE.L  (A1)+,(A2)               A0=FFFF8E4A A1=00FF2FEC A2=00C00000 A3=00FF2CFE A4=00000100 A5=FFFF80C8 A6=00FF0BF0 A7=00FF0BEE D0=40000044 D1=00000000 D2=0000FFFF D3=0000FFFF D4=0000FFFF D5=000000FF D6=00000004 D7=00000000 xnZvc
00:2338  51 C8  DBFa    D0,#$FFFC [01:2336]      A0=FFFF8E4A A1=00FF2FF0 A2=00C00000 A3=00FF2CFE A4=00000100 A5=FFFF80C8 A6=00FF0BF0 A7=00FF0BEE D0=40000044 D1=00000000 D2=0000FFFF D3=0000FFFF D4=0000FFFF D5=000000FF D6=00000004 D7=00000000 xnZvc
00:2336  24 99  MOVE.L  (A1)+,(A2)               A0=FFFF8E4A A1=00FF2FF0 A2=00C00000 A3=00FF2CFE A4=00000100 A5=FFFF80C8 A6=00FF0BF0 A7=00FF0BEE D0=40000043 D1=00000000 D2=0000FFFF D3=0000FFFF D4=0000FFFF D5=000000FF D6=00000004 D7=00000000 xnZvc
00:2338  51 C8  DBFa    D0,#$FFFC [01:2336]      A0=FFFF8E4A A1=00FF2FF4 A2=00C00000 A3=00FF2CFE A4=00000100 A5=FFFF80C8 A6=00FF0BF0 A7=00FF0BEE D0=40000043 D1=00000000 D2=0000FFFF D3=0000FFFF D4=0000FFFF D5=000000FF D6=00000004 D7=00000000 xnZvc
00:2336  24 99  MOVE.L  (A1)+,(A2)               A0=FFFF8E4A A1=00FF2FF4 A2=00C00000 A3=00FF2CFE A4=00000100 A5=FFFF80C8 A6=00FF0BF0 A7=00FF0BEE D0=40000042 D1=00000000 D2=0000FFFF D3=0000FFFF D4=0000FFFF D5=000000FF D6=00000004 D7=00000000 xnZvc
00:2338  51 C8  DBFa    D0,#$FFFC [01:2336]      A0=FFFF8E4A A1=00FF2FF8 A2=00C00000 A3=00FF2CFE A4=00000100 A5=FFFF80C8 A6=00FF0BF0 A7=00FF0BEE D0=40000042 D1=00000000 D2=0000FFFF D3=0000FFFF D4=0000FFFF D5=000000FF D6=00000004 D7=00000000 xnZvc
00:2336  24 99  MOVE.L  (A1)+,(A2)               A0=FFFF8E4A A1=00FF2FF8 A2=00C00000 A3=00FF2CFE A4=00000100 A5=FFFF80C8 A6=00FF0BF0 A7=00FF0BEE D0=40000041 D1=00000000 D2=0000FFFF D3=0000FFFF D4=0000FFFF D5=000000FF D6=00000004 D7=00000000 xnZvc
00:2338  51 C8  DBFa    D0,#$FFFC [01:2336]      A0=FFFF8E4A A1=00FF2FFC A2=00C00000 A3=00FF2CFE A4=00000100 A5=FFFF80C8 A6=00FF0BF0 A7=00FF0BEE D0=40000041 D1=00000000 D2=0000FFFF D3=0000FFFF D4=0000FFFF D5=000000FF D6=00000004 D7=00000000 xnZvc
00:2336  24 99  MOVE.L  (A1)+,(A2)               A0=FFFF8E4A A1=00FF2FFC A2=00C00000 A3=00FF2CFE A4=00000100 A5=FFFF80C8 A6=00FF0BF0 A7=00FF0BEE D0=40000040 D1=00000000 D2=0000FFFF D3=0000FFFF D4=0000FFFF D5=000000FF D6=00000004 D7=00000000 xnZvc
00:2338  51 C8  DBFa    D0,#$FFFC [01:2336]      A0=FFFF8E4A A1=00FF3000 A2=00C00000 A3=00FF2CFE A4=00000100 A5=FFFF80C8 A6=00FF0BF0 A7=00FF0BEE D0=40000040 D1=00000000 D2=0000FFFF D3=0000FFFF D4=0000FFFF D5=000000FF D6=00000004 D7=00000000 xnZvc
00:2336  24 99  MOVE.L  (A1)+,(A2)               A0=FFFF8E4A A1=00FF3000 A2=00C00000 A3=00FF2CFE A4=00000100 A5=FFFF80C8 A6=00FF0BF0 A7=00FF0BEE D0=4000003F D1=00000000 D2=0000FFFF D3=0000FFFF D4=0000FFFF D5=000000FF D6=00000004 D7=00000000 xnZvc
00:2338  51 C8  DBFa    D0,#$FFFC [01:2336]      A0=FFFF8E4A A1=00FF3004 A2=00C00000 A3=00FF2CFE A4=00000100 A5=FFFF80C8 A6=00FF0BF0 A7=00FF0BEE D0=4000003F D1=00000000 D2=0000FFFF D3=0000FFFF D4=0000FFFF D5=000000FF D6=00000004 D7=00000000 xnZvc
00:2336  24 99  MOVE.L  (A1)+,(A2)               A0=FFFF8E4A A1=00FF3004 A2=00C00000 A3=00FF2CFE A4=00000100 A5=FFFF80C8 A6=00FF0BF0 A7=00FF0BEE D0=4000003E D1=00000000 D2=0000FFFF D3=0000FFFF D4=0000FFFF D5=000000FF D6=00000004 D7=00000000 xnZvc
00:2338  51 C8  DBFa    D0,#$FFFC [01:2336]      A0=FFFF8E4A A1=00FF3008 A2=00C00000 A3=00FF2CFE A4=00000100 A5=FFFF80C8 A6=00FF0BF0 A7=00FF0BEE D0=4000003E D1=00000000 D2=0000FFFF D3=0000FFFF D4=0000FFFF D5=000000FF D6=00000004 D7=00000000 xnZvc
00:2336  24 99  MOVE.L  (A1)+,(A2)               A0=FFFF8E4A A1=00FF3008 A2=00C00000 A3=00FF2CFE A4=00000100 A5=FFFF80C8 A6=00FF0BF0 A7=00FF0BEE D0=4000003D D1=00000000 D2=0000FFFF D3=0000FFFF D4=0000FFFF D5=000000FF D6=00000004 D7=00000000 xnZvc
00:2338  51 C8  DBFa    D0,#$FFFC [01:2336]      A0=FFFF8E4A A1=00FF300C A2=00C00000 A3=00FF2CFE A4=00000100 A5=FFFF80C8 A6=00FF0BF0 A7=00FF0BEE D0=4000003D D1=00000000 D2=0000FFFF D3=0000FFFF D4=0000FFFF D5=000000FF D6=00000004 D7=00000000 xnZvc
00:2336  24 99  MOVE.L  (A1)+,(A2)               A0=FFFF8E4A A1=00FF300C A2=00C00000 A3=00FF2CFE A4=00000100 A5=FFFF80C8 A6=00FF0BF0 A7=00FF0BEE D0=4000003C D1=00000000 D2=0000FFFF D3=0000FFFF D4=0000FFFF D5=000000FF D6=00000004 D7=00000000 xnZvc
00:2338  51 C8  DBFa    D0,#$FFFC [01:2336]      A0=FFFF8E4A A1=00FF3010 A2=00C00000 A3=00FF2CFE A4=00000100 A5=FFFF80C8 A6=00FF0BF0 A7=00FF0BEE D0=4000003C D1=00000000 D2=0000FFFF D3=0000FFFF D4=0000FFFF D5=000000FF D6=00000004 D7=00000000 xnZvc
00:2336  24 99  MOVE.L  (A1)+,(A2)               A0=FFFF8E4A A1=00FF3010 A2=00C00000 A3=00FF2CFE A4=00000100 A5=FFFF80C8 A6=00FF0BF0 A7=00FF0BEE D0=4000003B D1=00000000 D2=0000FFFF D3=0000FFFF D4=0000FFFF D5=000000FF D6=00000004 D7=00000000 xnZvc
00:2338  51 C8  DBFa    D0,#$FFFC [01:2336]      A0=FFFF8E4A A1=00FF3014 A2=00C00000 A3=00FF2CFE A4=00000100 A5=FFFF80C8 A6=00FF0BF0 A7=00FF0BEE D0=4000003B D1=00000000 D2=0000FFFF D3=0000FFFF D4=0000FFFF D5=000000FF D6=00000004 D7=00000000 xnZvc
00:2336  24 99  MOVE.L  (A1)+,(A2)               A0=FFFF8E4A A1=00FF3014 A2=00C00000 A3=00FF2CFE A4=00000100 A5=FFFF80C8 A6=00FF0BF0 A7=00FF0BEE D0=4000003A D1=00000000 D2=0000FFFF D3=0000FFFF D4=0000FFFF D5=000000FF D6=00000004 D7=00000000 xnZvc
00:2338  51 C8  DBFa    D0,#$FFFC [01:2336]      A0=FFFF8E4A A1=00FF3018 A2=00C00000 A3=00FF2CFE A4=00000100 A5=FFFF80C8 A6=00FF0BF0 A7=00FF0BEE D0=4000003A D1=00000000 D2=0000FFFF D3=0000FFFF D4=0000FFFF D5=000000FF D6=00000004 D7=00000000 xnZvc
00:2336  24 99  MOVE.L  (A1)+,(A2)               A0=FFFF8E4A A1=00FF3018 A2=00C00000 A3=00FF2CFE A4=00000100 A5=FFFF80C8 A6=00FF0BF0 A7=00FF0BEE D0=40000039 D1=00000000 D2=0000FFFF D3=0000FFFF D4=0000FFFF D5=000000FF D6=00000004 D7=00000000 xnZvc
00:2338  51 C8  DBFa    D0,#$FFFC [01:2336]      A0=FFFF8E4A A1=00FF301C A2=00C00000 A3=00FF2CFE A4=00000100 A5=FFFF80C8 A6=00FF0BF0 A7=00FF0BEE D0=40000039 D1=00000000 D2=0000FFFF D3=0000FFFF D4=0000FFFF D5=000000FF D6=00000004 D7=00000000 xnZvc
00:2336  24 99  MOVE.L  (A1)+,(A2)               A0=FFFF8E4A A1=00FF301C A2=00C00000 A3=00FF2CFE A4=00000100 A5=FFFF80C8 A6=00FF0BF0 A7=00FF0BEE D0=40000038 D1=00000000 D2=0000FFFF D3=0000FFFF D4=0000FFFF D5=000000FF D6=00000004 D7=00000000 xnZvc
00:2338  51 C8  DBFa    D0,#$FFFC [01:2336]      A0=FFFF8E4A A1=00FF3020 A2=00C00000 A3=00FF2CFE A4=00000100 A5=FFFF80C8 A6=00FF0BF0 A7=00FF0BEE D0=40000038 D1=00000000 D2=0000FFFF D3=0000FFFF D4=0000FFFF D5=000000FF D6=00000004 D7=00000000 xnZvc
00:2336  24 99  MOVE.L  (A1)+,(A2)               A0=FFFF8E4A A1=00FF3020 A2=00C00000 A3=00FF2CFE A4=00000100 A5=FFFF80C8 A6=00FF0BF0 A7=00FF0BEE D0=40000037 D1=00000000 D2=0000FFFF D3=0000FFFF D4=0000FFFF D5=000000FF D6=00000004 D7=00000000 xnZvc
00:2338  51 C8  DBFa    D0,#$FFFC [01:2336]      A0=FFFF8E4A A1=00FF3024 A2=00C00000 A3=00FF2CFE A4=00000100 A5=FFFF80C8 A6=00FF0BF0 A7=00FF0BEE D0=40000037 D1=00000000 D2=0000FFFF D3=0000FFFF D4=0000FFFF D5=000000FF D6=00000004 D7=00000000 xnZvc
00:2336  24 99  MOVE.L  (A1)+,(A2)               A0=FFFF8E4A A1=00FF3024 A2=00C00000 A3=00FF2CFE A4=00000100 A5=FFFF80C8 A6=00FF0BF0 A7=00FF0BEE D0=40000036 D1=00000000 D2=0000FFFF D3=0000FFFF D4=0000FFFF D5=000000FF D6=00000004 D7=00000000 xnZvc
00:2338  51 C8  DBFa    D0,#$FFFC [01:2336]      A0=FFFF8E4A A1=00FF3028 A2=00C00000 A3=00FF2CFE A4=00000100 A5=FFFF80C8 A6=00FF0BF0 A7=00FF0BEE D0=40000036 D1=00000000 D2=0000FFFF D3=0000FFFF D4=0000FFFF D5=000000FF D6=00000004 D7=00000000 xnZvc
00:2336  24 99  MOVE.L  (A1)+,(A2)               A0=FFFF8E4A A1=00FF3028 A2=00C00000 A3=00FF2CFE A4=00000100 A5=FFFF80C8 A6=00FF0BF0 A7=00FF0BEE D0=40000035 D1=00000000 D2=0000FFFF D3=0000FFFF D4=0000FFFF D5=000000FF D6=00000004 D7=00000000 xnZvc
00:2338  51 C8  DBFa    D0,#$FFFC [01:2336]      A0=FFFF8E4A A1=00FF302C A2=00C00000 A3=00FF2CFE A4=00000100 A5=FFFF80C8 A6=00FF0BF0 A7=00FF0BEE D0=40000035 D1=00000000 D2=0000FFFF D3=0000FFFF D4=0000FFFF D5=000000FF D6=00000004 D7=00000000 xnZvc
00:2336  24 99  MOVE.L  (A1)+,(A2)               A0=FFFF8E4A A1=00FF302C A2=00C00000 A3=00FF2CFE A4=00000100 A5=FFFF80C8 A6=00FF0BF0 A7=00FF0BEE D0=40000034 D1=00000000 D2=0000FFFF D3=0000FFFF D4=0000FFFF D5=000000FF D6=00000004 D7=00000000 xnZvc
00:2338  51 C8  DBFa    D0,#$FFFC [01:2336]      A0=FFFF8E4A A1=00FF3030 A2=00C00000 A3=00FF2CFE A4=00000100 A5=FFFF80C8 A6=00FF0BF0 A7=00FF0BEE D0=40000034 D1=00000000 D2=0000FFFF D3=0000FFFF D4=0000FFFF D5=000000FF D6=00000004 D7=00000000 xnZvc
00:2336  24 99  MOVE.L  (A1)+,(A2)               A0=FFFF8E4A A1=00FF3030 A2=00C00000 A3=00FF2CFE A4=00000100 A5=FFFF80C8 A6=00FF0BF0 A7=00FF0BEE D0=40000033 D1=00000000 D2=0000FFFF D3=0000FFFF D4=0000FFFF D5=000000FF D6=00000004 D7=00000000 xnZvc
00:2338  51 C8  DBFa    D0,#$FFFC [01:2336]      A0=FFFF8E4A A1=00FF3034 A2=00C00000 A3=00FF2CFE A4=00000100 A5=FFFF80C8 A6=00FF0BF0 A7=00FF0BEE D0=40000033 D1=00000000 D2=0000FFFF D3=0000FFFF D4=0000FFFF D5=000000FF D6=00000004 D7=00000000 xnZvc
00:2336  24 99  MOVE.L  (A1)+,(A2)               A0=FFFF8E4A A1=00FF3034 A2=00C00000 A3=00FF2CFE A4=00000100 A5=FFFF80C8 A6=00FF0BF0 A7=00FF0BEE D0=40000032 D1=00000000 D2=0000FFFF D3=0000FFFF D4=0000FFFF D5=000000FF D6=00000004 D7=00000000 xnZvc
00:2338  51 C8  DBFa    D0,#$FFFC [01:2336]      A0=FFFF8E4A A1=00FF3038 A2=00C00000 A3=00FF2CFE A4=00000100 A5=FFFF80C8 A6=00FF0BF0 A7=00FF0BEE D0=40000032 D1=00000000 D2=0000FFFF D3=0000FFFF D4=0000FFFF D5=000000FF D6=00000004 D7=00000000 xnZvc
00:2336  24 99  MOVE.L  (A1)+,(A2)               A0=FFFF8E4A A1=00FF3038 A2=00C00000 A3=00FF2CFE A4=00000100 A5=FFFF80C8 A6=00FF0BF0 A7=00FF0BEE D0=40000031 D1=00000000 D2=0000FFFF D3=0000FFFF D4=0000FFFF D5=000000FF D6=00000004 D7=00000000 xnZvc
00:2338  51 C8  DBFa    D0,#$FFFC [01:2336]      A0=FFFF8E4A A1=00FF303C A2=00C00000 A3=00FF2CFE A4=00000100 A5=FFFF80C8 A6=00FF0BF0 A7=00FF0BEE D0=40000031 D1=00000000 D2=0000FFFF D3=0000FFFF D4=0000FFFF D5=000000FF D6=00000004 D7=00000000 xnZvc
00:2336  24 99  MOVE.L  (A1)+,(A2)               A0=FFFF8E4A A1=00FF303C A2=00C00000 A3=00FF2CFE A4=00000100 A5=FFFF80C8 A6=00FF0BF0 A7=00FF0BEE D0=40000030 D1=00000000 D2=0000FFFF D3=0000FFFF D4=0000FFFF D5=000000FF D6=00000004 D7=00000000 xnZvc
00:2338  51 C8  DBFa    D0,#$FFFC [01:2336]      A0=FFFF8E4A A1=00FF3040 A2=00C00000 A3=00FF2CFE A4=00000100 A5=FFFF80C8 A6=00FF0BF0 A7=00FF0BEE D0=40000030 D1=00000000 D2=0000FFFF D3=0000FFFF D4=0000FFFF D5=000000FF D6=00000004 D7=00000000 xnZvc
00:2336  24 99  MOVE.L  (A1)+,(A2)               A0=FFFF8E4A A1=00FF3040 A2=00C00000 A3=00FF2CFE A4=00000100 A5=FFFF80C8 A6=00FF0BF0 A7=00FF0BEE D0=4000002F D1=00000000 D2=0000FFFF D3=0000FFFF D4=0000FFFF D5=000000FF D6=00000004 D7=00000000 xnZvc
00:2338  51 C8  DBFa    D0,#$FFFC [01:2336]      A0=FFFF8E4A A1=00FF3044 A2=00C00000 A3=00FF2CFE A4=00000100 A5=FFFF80C8 A6=00FF0BF0 A7=00FF0BEE D0=4000002F D1=00000000 D2=0000FFFF D3=0000FFFF D4=0000FFFF D5=000000FF D6=00000004 D7=00000000 xnZvc
00:2336  24 99  MOVE.L  (A1)+,(A2)               A0=FFFF8E4A A1=00FF3044 A2=00C00000 A3=00FF2CFE A4=00000100 A5=FFFF80C8 A6=00FF0BF0 A7=00FF0BEE D0=4000002E D1=00000000 D2=0000FFFF D3=0000FFFF D4=0000FFFF D5=000000FF D6=00000004 D7=00000000 xnZvc
00:2338  51 C8  DBFa    D0,#$FFFC [01:2336]      A0=FFFF8E4A A1=00FF3048 A2=00C00000 A3=00FF2CFE A4=00000100 A5=FFFF80C8 A6=00FF0BF0 A7=00FF0BEE D0=4000002E D1=00000000 D2=0000FFFF D3=0000FFFF D4=0000FFFF D5=000000FF D6=00000004 D7=00000000 xnZvc
00:2336  24 99  MOVE.L  (A1)+,(A2)               A0=FFFF8E4A A1=00FF3048 A2=00C00000 A3=00FF2CFE A4=00000100 A5=FFFF80C8 A6=00FF0BF0 A7=00FF0BEE D0=4000002D D1=00000000 D2=0000FFFF D3=0000FFFF D4=0000FFFF D5=000000FF D6=00000004 D7=00000000 xnZvc
00:2338  51 C8  DBFa    D0,#$FFFC [01:2336]      A0=FFFF8E4A A1=00FF304C A2=00C00000 A3=00FF2CFE A4=00000100 A5=FFFF80C8 A6=00FF0BF0 A7=00FF0BEE D0=4000002D D1=00000000 D2=0000FFFF D3=0000FFFF D4=0000FFFF D5=000000FF D6=00000004 D7=00000000 xnZvc
00:2336  24 99  MOVE.L  (A1)+,(A2)               A0=FFFF8E4A A1=00FF304C A2=00C00000 A3=00FF2CFE A4=00000100 A5=FFFF80C8 A6=00FF0BF0 A7=00FF0BEE D0=4000002C D1=00000000 D2=0000FFFF D3=0000FFFF D4=0000FFFF D5=000000FF D6=00000004 D7=00000000 xnZvc
00:2338  51 C8  DBFa    D0,#$FFFC [01:2336]      A0=FFFF8E4A A1=00FF3050 A2=00C00000 A3=00FF2CFE A4=00000100 A5=FFFF80C8 A6=00FF0BF0 A7=00FF0BEE D0=4000002C D1=00000000 D2=0000FFFF D3=0000FFFF D4=0000FFFF D5=000000FF D6=00000004 D7=00000000 xnZvc
00:2336  24 99  MOVE.L  (A1)+,(A2)               A0=FFFF8E4A A1=00FF3050 A2=00C00000 A3=00FF2CFE A4=00000100 A5=FFFF80C8 A6=00FF0BF0 A7=00FF0BEE D0=4000002B D1=00000000 D2=0000FFFF D3=0000FFFF D4=0000FFFF D5=000000FF D6=00000004 D7=00000000 xnZvc
00:2338  51 C8  DBFa    D0,#$FFFC [01:2336]      A0=FFFF8E4A A1=00FF3054 A2=00C00000 A3=00FF2CFE A4=00000100 A5=FFFF80C8 A6=00FF0BF0 A7=00FF0BEE D0=4000002B D1=00000000 D2=0000FFFF D3=0000FFFF D4=0000FFFF D5=000000FF D6=00000004 D7=00000000 xnZvc
00:2336  24 99  MOVE.L  (A1)+,(A2)               A0=FFFF8E4A A1=00FF3054 A2=00C00000 A3=00FF2CFE A4=00000100 A5=FFFF80C8 A6=00FF0BF0 A7=00FF0BEE D0=4000002A D1=00000000 D2=0000FFFF D3=0000FFFF D4=0000FFFF D5=000000FF D6=00000004 D7=00000000 xnZvc
00:2338  51 C8  DBFa    D0,#$FFFC [01:2336]      A0=FFFF8E4A A1=00FF3058 A2=00C00000 A3=00FF2CFE A4=00000100 A5=FFFF80C8 A6=00FF0BF0 A7=00FF0BEE D0=4000002A D1=00000000 D2=0000FFFF D3=0000FFFF D4=0000FFFF D5=000000FF D6=00000004 D7=00000000 xnZvc
00:2336  24 99  MOVE.L  (A1)+,(A2)               A0=FFFF8E4A A1=00FF3058 A2=00C00000 A3=00FF2CFE A4=00000100 A5=FFFF80C8 A6=00FF0BF0 A7=00FF0BEE D0=40000029 D1=00000000 D2=0000FFFF D3=0000FFFF D4=0000FFFF D5=000000FF D6=00000004 D7=00000000 xnZvc
00:2338  51 C8  DBFa    D0,#$FFFC [01:2336]      A0=FFFF8E4A A1=00FF305C A2=00C00000 A3=00FF2CFE A4=00000100 A5=FFFF80C8 A6=00FF0BF0 A7=00FF0BEE D0=40000029 D1=00000000 D2=0000FFFF D3=0000FFFF D4=0000FFFF D5=000000FF D6=00000004 D7=00000000 xnZvc
00:2336  24 99  MOVE.L  (A1)+,(A2)               A0=FFFF8E4A A1=00FF305C A2=00C00000 A3=00FF2CFE A4=00000100 A5=FFFF80C8 A6=00FF0BF0 A7=00FF0BEE D0=40000028 D1=00000000 D2=0000FFFF D3=0000FFFF D4=0000FFFF D5=000000FF D6=00000004 D7=00000000 xnZvc
00:2338  51 C8  DBFa    D0,#$FFFC [01:2336]      A0=FFFF8E4A A1=00FF3060 A2=00C00000 A3=00FF2CFE A4=00000100 A5=FFFF80C8 A6=00FF0BF0 A7=00FF0BEE D0=40000028 D1=00000000 D2=0000FFFF D3=0000FFFF D4=0000FFFF D5=000000FF D6=00000004 D7=00000000 xnZvc
00:2336  24 99  MOVE.L  (A1)+,(A2)               A0=FFFF8E4A A1=00FF3060 A2=00C00000 A3=00FF2CFE A4=00000100 A5=FFFF80C8 A6=00FF0BF0 A7=00FF0BEE D0=40000027 D1=00000000 D2=0000FFFF D3=0000FFFF D4=0000FFFF D5=000000FF D6=00000004 D7=00000000 xnZvc
00:2338  51 C8  DBFa    D0,#$FFFC [01:2336]      A0=FFFF8E4A A1=00FF3064 A2=00C00000 A3=00FF2CFE A4=00000100 A5=FFFF80C8 A6=00FF0BF0 A7=00FF0BEE D0=40000027 D1=00000000 D2=0000FFFF D3=0000FFFF D4=0000FFFF D5=000000FF D6=00000004 D7=00000000 xnZvc
00:2336  24 99  MOVE.L  (A1)+,(A2)               A0=FFFF8E4A A1=00FF3064 A2=00C00000 A3=00FF2CFE A4=00000100 A5=FFFF80C8 A6=00FF0BF0 A7=00FF0BEE D0=40000026 D1=00000000 D2=0000FFFF D3=0000FFFF D4=0000FFFF D5=000000FF D6=00000004 D7=00000000 xnZvc
00:2338  51 C8  DBFa    D0,#$FFFC [01:2336]      A0=FFFF8E4A A1=00FF3068 A2=00C00000 A3=00FF2CFE A4=00000100 A5=FFFF80C8 A6=00FF0BF0 A7=00FF0BEE D0=40000026 D1=00000000 D2=0000FFFF D3=0000FFFF D4=0000FFFF D5=000000FF D6=00000004 D7=00000000 xnZvc
00:2336  24 99  MOVE.L  (A1)+,(A2)               A0=FFFF8E4A A1=00FF3068 A2=00C00000 A3=00FF2CFE A4=00000100 A5=FFFF80C8 A6=00FF0BF0 A7=00FF0BEE D0=40000025 D1=00000000 D2=0000FFFF D3=0000FFFF D4=0000FFFF D5=000000FF D6=00000004 D7=00000000 xnZvc
00:2338  51 C8  DBFa    D0,#$FFFC [01:2336]      A0=FFFF8E4A A1=00FF306C A2=00C00000 A3=00FF2CFE A4=00000100 A5=FFFF80C8 A6=00FF0BF0 A7=00FF0BEE D0=40000025 D1=00000000 D2=0000FFFF D3=0000FFFF D4=0000FFFF D5=000000FF D6=00000004 D7=00000000 xnZvc
00:2336  24 99  MOVE.L  (A1)+,(A2)               A0=FFFF8E4A A1=00FF306C A2=00C00000 A3=00FF2CFE A4=00000100 A5=FFFF80C8 A6=00FF0BF0 A7=00FF0BEE D0=40000024 D1=00000000 D2=0000FFFF D3=0000FFFF D4=0000FFFF D5=000000FF D6=00000004 D7=00000000 xnZvc
00:2338  51 C8  DBFa    D0,#$FFFC [01:2336]      A0=FFFF8E4A A1=00FF3070 A2=00C00000 A3=00FF2CFE A4=00000100 A5=FFFF80C8 A6=00FF0BF0 A7=00FF0BEE D0=40000024 D1=00000000 D2=0000FFFF D3=0000FFFF D4=0000FFFF D5=000000FF D6=00000004 D7=00000000 xnZvc
00:2336  24 99  MOVE.L  (A1)+,(A2)               A0=FFFF8E4A A1=00FF3070 A2=00C00000 A3=00FF2CFE A4=00000100 A5=FFFF80C8 A6=00FF0BF0 A7=00FF0BEE D0=40000023 D1=00000000 D2=0000FFFF D3=0000FFFF D4=0000FFFF D5=000000FF D6=00000004 D7=00000000 xnZvc
00:2338  51 C8  DBFa    D0,#$FFFC [01:2336]      A0=FFFF8E4A A1=00FF3074 A2=00C00000 A3=00FF2CFE A4=00000100 A5=FFFF80C8 A6=00FF0BF0 A7=00FF0BEE D0=40000023 D1=00000000 D2=0000FFFF D3=0000FFFF D4=0000FFFF D5=000000FF D6=00000004 D7=00000000 xnZvc
00:2336  24 99  MOVE.L  (A1)+,(A2)               A0=FFFF8E4A A1=00FF3074 A2=00C00000 A3=00FF2CFE A4=00000100 A5=FFFF80C8 A6=00FF0BF0 A7=00FF0BEE D0=40000022 D1=00000000 D2=0000FFFF D3=0000FFFF D4=0000FFFF D5=000000FF D6=00000004 D7=00000000 xnZvc
00:2338  51 C8  DBFa    D0,#$FFFC [01:2336]      A0=FFFF8E4A A1=00FF3078 A2=00C00000 A3=00FF2CFE A4=00000100 A5=FFFF80C8 A6=00FF0BF0 A7=00FF0BEE D0=40000022 D1=00000000 D2=0000FFFF D3=0000FFFF D4=0000FFFF D5=000000FF D6=00000004 D7=00000000 xnZvc
00:2336  24 99  MOVE.L  (A1)+,(A2)               A0=FFFF8E4A A1=00FF3078 A2=00C00000 A3=00FF2CFE A4=00000100 A5=FFFF80C8 A6=00FF0BF0 A7=00FF0BEE D0=40000021 D1=00000000 D2=0000FFFF D3=0000FFFF D4=0000FFFF D5=000000FF D6=00000004 D7=00000000 xnZvc
00:2338  51 C8  DBFa    D0,#$FFFC [01:2336]      A0=FFFF8E4A A1=00FF307C A2=00C00000 A3=00FF2CFE A4=00000100 A5=FFFF80C8 A6=00FF0BF0 A7=00FF0BEE D0=40000021 D1=00000000 D2=0000FFFF D3=0000FFFF D4=0000FFFF D5=000000FF D6=00000004 D7=00000000 xnZvc
00:2336  24 99  MOVE.L  (A1)+,(A2)               A0=FFFF8E4A A1=00FF307C A2=00C00000 A3=00FF2CFE A4=00000100 A5=FFFF80C8 A6=00FF0BF0 A7=00FF0BEE D0=40000020 D1=00000000 D2=0000FFFF D3=0000FFFF D4=0000FFFF D5=000000FF D6=00000004 D7=00000000 xnZvc
00:2338  51 C8  DBFa    D0,#$FFFC [01:2336]      A0=FFFF8E4A A1=00FF3080 A2=00C00000 A3=00FF2CFE A4=00000100 A5=FFFF80C8 A6=00FF0BF0 A7=00FF0BEE D0=40000020 D1=00000000 D2=0000FFFF D3=0000FFFF D4=0000FFFF D5=000000FF D6=00000004 D7=00000000 xnZvc
00:2336  24 99  MOVE.L  (A1)+,(A2)               A0=FFFF8E4A A1=00FF3080 A2=00C00000 A3=00FF2CFE A4=00000100 A5=FFFF80C8 A6=00FF0BF0 A7=00FF0BEE D0=4000001F D1=00000000 D2=0000FFFF D3=0000FFFF D4=0000FFFF D5=000000FF D6=00000004 D7=00000000 xnZvc
00:2338  51 C8  DBFa    D0,#$FFFC [01:2336]      A0=FFFF8E4A A1=00FF3084 A2=00C00000 A3=00FF2CFE A4=00000100 A5=FFFF80C8 A6=00FF0BF0 A7=00FF0BEE D0=4000001F D1=00000000 D2=0000FFFF D3=0000FFFF D4=0000FFFF D5=000000FF D6=00000004 D7=00000000 xnZvc
00:2336  24 99  MOVE.L  (A1)+,(A2)               A0=FFFF8E4A A1=00FF3084 A2=00C00000 A3=00FF2CFE A4=00000100 A5=FFFF80C8 A6=00FF0BF0 A7=00FF0BEE D0=4000001E D1=00000000 D2=0000FFFF D3=0000FFFF D4=0000FFFF D5=000000FF D6=00000004 D7=00000000 xnZvc
00:2338  51 C8  DBFa    D0,#$FFFC [01:2336]      A0=FFFF8E4A A1=00FF3088 A2=00C00000 A3=00FF2CFE A4=00000100 A5=FFFF80C8 A6=00FF0BF0 A7=00FF0BEE D0=4000001E D1=00000000 D2=0000FFFF D3=0000FFFF D4=0000FFFF D5=000000FF D6=00000004 D7=00000000 xnZvc
00:2336  24 99  MOVE.L  (A1)+,(A2)               A0=FFFF8E4A A1=00FF3088 A2=00C00000 A3=00FF2CFE A4=00000100 A5=FFFF80C8 A6=00FF0BF0 A7=00FF0BEE D0=4000001D D1=00000000 D2=0000FFFF D3=0000FFFF D4=0000FFFF D5=000000FF D6=00000004 D7=00000000 xnZvc
00:2338  51 C8  DBFa    D0,#$FFFC [01:2336]      A0=FFFF8E4A A1=00FF308C A2=00C00000 A3=00FF2CFE A4=00000100 A5=FFFF80C8 A6=00FF0BF0 A7=00FF0BEE D0=4000001D D1=00000000 D2=0000FFFF D3=0000FFFF D4=0000FFFF D5=000000FF D6=00000004 D7=00000000 xnZvc
00:2336  24 99  MOVE.L  (A1)+,(A2)               A0=FFFF8E4A A1=00FF308C A2=00C00000 A3=00FF2CFE A4=00000100 A5=FFFF80C8 A6=00FF0BF0 A7=00FF0BEE D0=4000001C D1=00000000 D2=0000FFFF D3=0000FFFF D4=0000FFFF D5=000000FF D6=00000004 D7=00000000 xnZvc
00:2338  51 C8  DBFa    D0,#$FFFC [01:2336]      A0=FFFF8E4A A1=00FF3090 A2=00C00000 A3=00FF2CFE A4=00000100 A5=FFFF80C8 A6=00FF0BF0 A7=00FF0BEE D0=4000001C D1=00000000 D2=0000FFFF D3=0000FFFF D4=0000FFFF D5=000000FF D6=00000004 D7=00000000 xnZvc
00:2336  24 99  MOVE.L  (A1)+,(A2)               A0=FFFF8E4A A1=00FF3090 A2=00C00000 A3=00FF2CFE A4=00000100 A5=FFFF80C8 A6=00FF0BF0 A7=00FF0BEE D0=4000001B D1=00000000 D2=0000FFFF D3=0000FFFF D4=0000FFFF D5=000000FF D6=00000004 D7=00000000 xnZvc
00:2338  51 C8  DBFa    D0,#$FFFC [01:2336]      A0=FFFF8E4A A1=00FF3094 A2=00C00000 A3=00FF2CFE A4=00000100 A5=FFFF80C8 A6=00FF0BF0 A7=00FF0BEE D0=4000001B D1=00000000 D2=0000FFFF D3=0000FFFF D4=0000FFFF D5=000000FF D6=00000004 D7=00000000 xnZvc
00:2336  24 99  MOVE.L  (A1)+,(A2)               A0=FFFF8E4A A1=00FF3094 A2=00C00000 A3=00FF2CFE A4=00000100 A5=FFFF80C8 A6=00FF0BF0 A7=00FF0BEE D0=4000001A D1=00000000 D2=0000FFFF D3=0000FFFF D4=0000FFFF D5=000000FF D6=00000004 D7=00000000 xnZvc
00:2338  51 C8  DBFa    D0,#$FFFC [01:2336]      A0=FFFF8E4A A1=00FF3098 A2=00C00000 A3=00FF2CFE A4=00000100 A5=FFFF80C8 A6=00FF0BF0 A7=00FF0BEE D0=4000001A D1=00000000 D2=0000FFFF D3=0000FFFF D4=0000FFFF D5=000000FF D6=00000004 D7=00000000 xnZvc
00:2336  24 99  MOVE.L  (A1)+,(A2)               A0=FFFF8E4A A1=00FF3098 A2=00C00000 A3=00FF2CFE A4=00000100 A5=FFFF80C8 A6=00FF0BF0 A7=00FF0BEE D0=40000019 D1=00000000 D2=0000FFFF D3=0000FFFF D4=0000FFFF D5=000000FF D6=00000004 D7=00000000 xnZvc
00:2338  51 C8  DBFa    D0,#$FFFC [01:2336]      A0=FFFF8E4A A1=00FF309C A2=00C00000 A3=00FF2CFE A4=00000100 A5=FFFF80C8 A6=00FF0BF0 A7=00FF0BEE D0=40000019 D1=00000000 D2=0000FFFF D3=0000FFFF D4=0000FFFF D5=000000FF D6=00000004 D7=00000000 xnZvc
00:2336  24 99  MOVE.L  (A1)+,(A2)               A0=FFFF8E4A A1=00FF309C A2=00C00000 A3=00FF2CFE A4=00000100 A5=FFFF80C8 A6=00FF0BF0 A7=00FF0BEE D0=40000018 D1=00000000 D2=0000FFFF D3=0000FFFF D4=0000FFFF D5=000000FF D6=00000004 D7=00000000 xnZvc
00:2338  51 C8  DBFa    D0,#$FFFC [01:2336]      A0=FFFF8E4A A1=00FF30A0 A2=00C00000 A3=00FF2CFE A4=00000100 A5=FFFF80C8 A6=00FF0BF0 A7=00FF0BEE D0=40000018 D1=00000000 D2=0000FFFF D3=0000FFFF D4=0000FFFF D5=000000FF D6=00000004 D7=00000000 xnZvc
00:2336  24 99  MOVE.L  (A1)+,(A2)               A0=FFFF8E4A A1=00FF30A0 A2=00C00000 A3=00FF2CFE A4=00000100 A5=FFFF80C8 A6=00FF0BF0 A7=00FF0BEE D0=40000017 D1=00000000 D2=0000FFFF D3=0000FFFF D4=0000FFFF D5=000000FF D6=00000004 D7=00000000 xnZvc
00:2338  51 C8  DBFa    D0,#$FFFC [01:2336]      A0=FFFF8E4A A1=00FF30A4 A2=00C00000 A3=00FF2CFE A4=00000100 A5=FFFF80C8 A6=00FF0BF0 A7=00FF0BEE D0=40000017 D1=00000000 D2=0000FFFF D3=0000FFFF D4=0000FFFF D5=000000FF D6=00000004 D7=00000000 xnZvc
00:2336  24 99  MOVE.L  (A1)+,(A2)               A0=FFFF8E4A A1=00FF30A4 A2=00C00000 A3=00FF2CFE A4=00000100 A5=FFFF80C8 A6=00FF0BF0 A7=00FF0BEE D0=40000016 D1=00000000 D2=0000FFFF D3=0000FFFF D4=0000FFFF D5=000000FF D6=00000004 D7=00000000 xnZvc
00:2338  51 C8  DBFa    D0,#$FFFC [01:2336]      A0=FFFF8E4A A1=00FF30A8 A2=00C00000 A3=00FF2CFE A4=00000100 A5=FFFF80C8 A6=00FF0BF0 A7=00FF0BEE D0=40000016 D1=00000000 D2=0000FFFF D3=0000FFFF D4=0000FFFF D5=000000FF D6=00000004 D7=00000000 xnZvc
00:2336  24 99  MOVE.L  (A1)+,(A2)               A0=FFFF8E4A A1=00FF30A8 A2=00C00000 A3=00FF2CFE A4=00000100 A5=FFFF80C8 A6=00FF0BF0 A7=00FF0BEE D0=40000015 D1=00000000 D2=0000FFFF D3=0000FFFF D4=0000FFFF D5=000000FF D6=00000004 D7=00000000 xnZvc
00:233C  52 6E  ADDQ.W  #1,$FFFE(A6)             A0=FFFF8E4A A1=00FF3100 A2=00C00000 A3=00FF2CFE A4=00000100 A5=FFFF80C8 A6=00FF0BF0 A7=00FF0BEE D0=4000FFFF D1=00000000 D2=0000FFFF D3=0000FFFF D4=0000FFFF D5=000000FF D6=00000004 D7=00000000 xnZvc
00:2340  0C 6E  CMPI.W  #$0040,$FFFE(A6)         A0=FFFF8E4A A1=00FF3100 A2=00C00000 A3=00FF2CFE A4=00000100 A5=FFFF80C8 A6=00FF0BF0 A7=00FF0BEE D0=4000FFFF D1=00000000 D2=0000FFFF D3=0000FFFF D4=0000FFFF D5=000000FF D6=00000004 D7=00000000 xnzvc
00:2346  65 B6  BCS     #$B6 [00:22FE]           A0=FFFF8E4A A1=00FF3100 A2=00C00000 A3=00FF2CFE A4=00000100 A5=FFFF80C8 A6=00FF0BF0 A7=00FF0BEE D0=4000FFFF D1=00000000 D2=0000FFFF D3=0000FFFF D4=0000FFFF D5=000000FF D6=00000004 D7=00000000 xNzvC
00:22FE  30 18  MOVE.W  (A0)+,D0                 A0=FFFF8E4A A1=00FF3100 A2=00C00000 A3=00FF2CFE A4=00000100 A5=FFFF80C8 A6=00FF0BF0 A7=00FF0BEE D0=4000FFFF D1=00000000 D2=0000FFFF D3=0000FFFF D4=0000FFFF D5=000000FF D6=00000004 D7=00000000 xNzvC
00:2300  6B 3A  BMI     #$3A [00:233C]           A0=FFFF8E4C A1=00FF3100 A2=00C00000 A3=00FF2CFE A4=00000100 A5=FFFF80C8 A6=00FF0BF0 A7=00FF0BEE D0=4000FFFF D1=00000000 D2=0000FFFF D3=0000FFFF D4=0000FFFF D5=000000FF D6=00000004 D7=00000000 xNzvc
00:233C  52 6E  ADDQ.W  #1,$FFFE(A6)             A0=FFFF8E4C A1=00FF3100 A2=00C00000 A3=00FF2CFE A4=00000100 A5=FFFF80C8 A6=00FF0BF0 A7=00FF0BEE D0=4000FFFF D1=00000000 D2=0000FFFF D3=0000FFFF D4=0000FFFF D5=000000FF D6=00000004 D7=00000000 xNzvc
00:2340  0C 6E  CMPI.W  #$0040,$FFFE(A6)         A0=FFFF8E4C A1=00FF3100 A2=00C00000 A3=00FF2CFE A4=00000100 A5=FFFF80C8 A6=00FF0BF0 A7=00FF0BEE D0=4000FFFF D1=00000000 D2=0000FFFF D3=0000FFFF D4=0000FFFF D5=000000FF D6=00000004 D7=00000000 xnzvc
00:2346  65 B6  BCS     #$B6 [00:22FE]           A0=FFFF8E4C A1=00FF3100 A2=00C00000 A3=00FF2CFE A4=00000100 A5=FFFF80C8 A6=00FF0BF0 A7=00FF0BEE D0=4000FFFF D1=00000000 D2=0000FFFF D3=0000FFFF D4=0000FFFF D5=000000FF D6=00000004 D7=00000000 xNzvC
00:22FE  30 18  MOVE.W  (A0)+,D0                 A0=FFFF8E4C A1=00FF3100 A2=00C00000 A3=00FF2CFE A4=00000100 A5=FFFF80C8 A6=00FF0BF0 A7=00FF0BEE D0=4000FFFF D1=00000000 D2=0000FFFF D3=0000FFFF D4=0000FFFF D5=000000FF D6=00000004 D7=00000000 xNzvC
00:2300  6B 3A  BMI     #$3A [00:233C]           A0=FFFF8E4E A1=00FF3100 A2=00C00000 A3=00FF2CFE A4=00000100 A5=FFFF80C8 A6=00FF0BF0 A7=00FF0BEE D0=4000FFFF D1=00000000 D2=0000FFFF D3=0000FFFF D4=0000FFFF D5=000000FF D6=00000004 D7=00000000 xNzvc
00:233C  52 6E  ADDQ.W  #1,$FFFE(A6)             A0=FFFF8E4E A1=00FF3100 A2=00C00000 A3=00FF2CFE A4=00000100 A5=FFFF80C8 A6=00FF0BF0 A7=00FF0BEE D0=4000FFFF D1=00000000 D2=0000FFFF D3=0000FFFF D4=0000FFFF D5=000000FF D6=00000004 D7=00000000 xNzvc
00:2340  0C 6E  CMPI.W  #$0040,$FFFE(A6)         A0=FFFF8E4E A1=00FF3100 A2=00C00000 A3=00FF2CFE A4=00000100 A5=FFFF80C8 A6=00FF0BF0 A7=00FF0BEE D0=4000FFFF D1=00000000 D2=0000FFFF D3=0000FFFF D4=0000FFFF D5=000000FF D6=00000004 D7=00000000 xnzvc
00:2346  65 B6  BCS     #$B6 [00:22FE]           A0=FFFF8E4E A1=00FF3100 A2=00C00000 A3=00FF2CFE A4=00000100 A5=FFFF80C8 A6=00FF0BF0 A7=00FF0BEE D0=4000FFFF D1=00000000 D2=0000FFFF D3=0000FFFF D4=0000FFFF D5=000000FF D6=00000004 D7=00000000 xNzvC
00:22FE  30 18  MOVE.W  (A0)+,D0                 A0=FFFF8E4E A1=00FF3100 A2=00C00000 A3=00FF2CFE A4=00000100 A5=FFFF80C8 A6=00FF0BF0 A7=00FF0BEE D0=4000FFFF D1=00000000 D2=0000FFFF D3=0000FFFF D4=0000FFFF D5=000000FF D6=00000004 D7=00000000 xNzvC
00:2300  6B 3A  BMI     #$3A [00:233C]           A0=FFFF8E50 A1=00FF3100 A2=00C00000 A3=00FF2CFE A4=00000100 A5=FFFF80C8 A6=00FF0BF0 A7=00FF0BEE D0=4000FFFF D1=00000000 D2=0000FFFF D3=0000FFFF D4=0000FFFF D5=000000FF D6=00000004 D7=00000000 xNzvc
00:233C  52 6E  ADDQ.W  #1,$FFFE(A6)             A0=FFFF8E50 A1=00FF3100 A2=00C00000 A3=00FF2CFE A4=00000100 A5=FFFF80C8 A6=00FF0BF0 A7=00FF0BEE D0=4000FFFF D1=00000000 D2=0000FFFF D3=0000FFFF D4=0000FFFF D5=000000FF D6=00000004 D7=00000000 xNzvc
00:2340  0C 6E  CMPI.W  #$0040,$FFFE(A6)         A0=FFFF8E50 A1=00FF3100 A2=00C00000 A3=00FF2CFE A4=00000100 A5=FFFF80C8 A6=00FF0BF0 A7=00FF0BEE D0=4000FFFF D1=00000000 D2=0000FFFF D3=0000FFFF D4=0000FFFF D5=000000FF D6=00000004 D7=00000000 xnzvc
00:2346  65 B6  BCS     #$B6 [00:22FE]           A0=FFFF8E50 A1=00FF3100 A2=00C00000 A3=00FF2CFE A4=00000100 A5=FFFF80C8 A6=00FF0BF0 A7=00FF0BEE D0=4000FFFF D1=00000000 D2=0000FFFF D3=0000FFFF D4=0000FFFF D5=000000FF D6=00000004 D7=00000000 xNzvC
00:22FE  30 18  MOVE.W  (A0)+,D0                 A0=FFFF8E50 A1=00FF3100 A2=00C00000 A3=00FF2CFE A4=00000100 A5=FFFF80C8 A6=00FF0BF0 A7=00FF0BEE D0=4000FFFF D1=00000000 D2=0000FFFF D3=0000FFFF D4=0000FFFF D5=000000FF D6=00000004 D7=00000000 xNzvC
00:2300  6B 3A  BMI     #$3A [00:233C]           A0=FFFF8E52 A1=00FF3100 A2=00C00000 A3=00FF2CFE A4=00000100 A5=FFFF80C8 A6=00FF0BF0 A7=00FF0BEE D0=4000FFFF D1=00000000 D2=0000FFFF D3=0000FFFF D4=0000FFFF D5=000000FF D6=00000004 D7=00000000 xNzvc
00:233C  52 6E  ADDQ.W  #1,$FFFE(A6)             A0=FFFF8E52 A1=00FF3100 A2=00C00000 A3=00FF2CFE A4=00000100 A5=FFFF80C8 A6=00FF0BF0 A7=00FF0BEE D0=4000FFFF D1=00000000 D2=0000FFFF D3=0000FFFF D4=0000FFFF D5=000000FF D6=00000004 D7=00000000 xNzvc
00:2340  0C 6E  CMPI.W  #$0040,$FFFE(A6)         A0=FFFF8E52 A1=00FF3100 A2=00C00000 A3=00FF2CFE A4=00000100 A5=FFFF80C8 A6=00FF0BF0 A7=00FF0BEE D0=4000FFFF D1=00000000 D2=0000FFFF D3=0000FFFF D4=0000FFFF D5=000000FF D6=00000004 D7=00000000 xnzvc
00:2346  65 B6  BCS     #$B6 [00:22FE]           A0=FFFF8E52 A1=00FF3100 A2=00C00000 A3=00FF2CFE A4=00000100 A5=FFFF80C8 A6=00FF0BF0 A7=00FF0BEE D0=4000FFFF D1=00000000 D2=0000FFFF D3=0000FFFF D4=0000FFFF D5=000000FF D6=00000004 D7=00000000 xNzvC
00:22FE  30 18  MOVE.W  (A0)+,D0                 A0=FFFF8E52 A1=00FF3100 A2=00C00000 A3=00FF2CFE A4=00000100 A5=FFFF80C8 A6=00FF0BF0 A7=00FF0BEE D0=4000FFFF D1=00000000 D2=0000FFFF D3=0000FFFF D4=0000FFFF D5=000000FF D6=00000004 D7=00000000 xNzvC
00:2300  6B 3A  BMI     #$3A [00:233C]           A0=FFFF8E54 A1=00FF3100 A2=00C00000 A3=00FF2CFE A4=00000100 A5=FFFF80C8 A6=00FF0BF0 A7=00FF0BEE D0=4000FFFF D1=00000000 D2=0000FFFF D3=0000FFFF D4=0000FFFF D5=000000FF D6=00000004 D7=00000000 xNzvc
00:233C  52 6E  ADDQ.W  #1,$FFFE(A6)             A0=FFFF8E54 A1=00FF3100 A2=00C00000 A3=00FF2CFE A4=00000100 A5=FFFF80C8 A6=00FF0BF0 A7=00FF0BEE D0=4000FFFF D1=00000000 D2=0000FFFF D3=0000FFFF D4=0000FFFF D5=000000FF D6=00000004 D7=00000000 xNzvc
00:2340  0C 6E  CMPI.W  #$0040,$FFFE(A6)         A0=FFFF8E54 A1=00FF3100 A2=00C00000 A3=00FF2CFE A4=00000100 A5=FFFF80C8 A6=00FF0BF0 A7=00FF0BEE D0=4000FFFF D1=00000000 D2=0000FFFF D3=0000FFFF D4=0000FFFF D5=000000FF D6=00000004 D7=00000000 xnzvc
00:2346  65 B6  BCS     #$B6 [00:22FE]           A0=FFFF8E54 A1=00FF3100 A2=00C00000 A3=00FF2CFE A4=00000100 A5=FFFF80C8 A6=00FF0BF0 A7=00FF0BEE D0=4000FFFF D1=00000000 D2=0000FFFF D3=0000FFFF D4=0000FFFF D5=000000FF D6=00000004 D7=00000000 xNzvC
00:22FE  30 18  MOVE.W  (A0)+,D0                 A0=FFFF8E54 A1=00FF3100 A2=00C00000 A3=00FF2CFE A4=00000100 A5=FFFF80C8 A6=00FF0BF0 A7=00FF0BEE D0=4000FFFF D1=00000000 D2=0000FFFF D3=0000FFFF D4=0000FFFF D5=000000FF D6=00000004 D7=00000000 xNzvC
00:2300  6B 3A  BMI     #$3A [00:233C]           A0=FFFF8E56 A1=00FF3100 A2=00C00000 A3=00FF2CFE A4=00000100 A5=FFFF80C8 A6=00FF0BF0 A7=00FF0BEE D0=4000FFFF D1=00000000 D2=0000FFFF D3=0000FFFF D4=0000FFFF D5=000000FF D6=00000004 D7=00000000 xNzvc
00:233C  52 6E  ADDQ.W  #1,$FFFE(A6)             A0=FFFF8E56 A1=00FF3100 A2=00C00000 A3=00FF2CFE A4=00000100 A5=FFFF80C8 A6=00FF0BF0 A7=00FF0BEE D0=4000FFFF D1=00000000 D2=0000FFFF D3=0000FFFF D4=0000FFFF D5=000000FF D6=00000004 D7=00000000 xNzvc
00:2340  0C 6E  CMPI.W  #$0040,$FFFE(A6)         A0=FFFF8E56 A1=00FF3100 A2=00C00000 A3=00FF2CFE A4=00000100 A5=FFFF80C8 A6=00FF0BF0 A7=00FF0BEE D0=4000FFFF D1=00000000 D2=0000FFFF D3=0000FFFF D4=0000FFFF D5=000000FF D6=00000004 D7=00000000 xnzvc
00:2346  65 B6  BCS     #$B6 [00:22FE]           A0=FFFF8E56 A1=00FF3100 A2=00C00000 A3=00FF2CFE A4=00000100 A5=FFFF80C8 A6=00FF0BF0 A7=00FF0BEE D0=4000FFFF D1=00000000 D2=0000FFFF D3=0000FFFF D4=0000FFFF D5=000000FF D6=00000004 D7=00000000 xNzvC
00:22FE  30 18  MOVE.W  (A0)+,D0                 A0=FFFF8E56 A1=00FF3100 A2=00C00000 A3=00FF2CFE A4=00000100 A5=FFFF80C8 A6=00FF0BF0 A7=00FF0BEE D0=4000FFFF D1=00000000 D2=0000FFFF D3=0000FFFF D4=0000FFFF D5=000000FF D6=00000004 D7=00000000 xNzvC
00:2300  6B 3A  BMI     #$3A [00:233C]           A0=FFFF8E58 A1=00FF3100 A2=00C00000 A3=00FF2CFE A4=00000100 A5=FFFF80C8 A6=00FF0BF0 A7=00FF0BEE D0=4000FFFF D1=00000000 D2=0000FFFF D3=0000FFFF D4=0000FFFF D5=000000FF D6=00000004 D7=00000000 xNzvc
00:233C  52 6E  ADDQ.W  #1,$FFFE(A6)             A0=FFFF8E58 A1=00FF3100 A2=00C00000 A3=00FF2CFE A4=00000100 A5=FFFF80C8 A6=00FF0BF0 A7=00FF0BEE D0=4000FFFF D1=00000000 D2=0000FFFF D3=0000FFFF D4=0000FFFF D5=000000FF D6=00000004 D7=00000000 xNzvc
00:2340  0C 6E  CMPI.W  #$0040,$FFFE(A6)         A0=FFFF8E58 A1=00FF3100 A2=00C00000 A3=00FF2CFE A4=00000100 A5=FFFF80C8 A6=00FF0BF0 A7=00FF0BEE D0=4000FFFF D1=00000000 D2=0000FFFF D3=0000FFFF D4=0000FFFF D5=000000FF D6=00000004 D7=00000000 xnzvc
00:2346  65 B6  BCS     #$B6 [00:22FE]           A0=FFFF8E58 A1=00FF3100 A2=00C00000 A3=00FF2CFE A4=00000100 A5=FFFF80C8 A6=00FF0BF0 A7=00FF0BEE D0=4000FFFF D1=00000000 D2=0000FFFF D3=0000FFFF D4=0000FFFF D5=000000FF D6=00000004 D7=00000000 xNzvC
00:22FE  30 18  MOVE.W  (A0)+,D0                 A0=FFFF8E58 A1=00FF3100 A2=00C00000 A3=00FF2CFE A4=00000100 A5=FFFF80C8 A6=00FF0BF0 A7=00FF0BEE D0=4000FFFF D1=00000000 D2=0000FFFF D3=0000FFFF D4=0000FFFF D5=000000FF D6=00000004 D7=00000000 xNzvC
00:2300  6B 3A  BMI     #$3A [00:233C]           A0=FFFF8E5A A1=00FF3100 A2=00C00000 A3=00FF2CFE A4=00000100 A5=FFFF80C8 A6=00FF0BF0 A7=00FF0BEE D0=4000FFFF D1=00000000 D2=0000FFFF D3=0000FFFF D4=0000FFFF D5=000000FF D6=00000004 D7=00000000 xNzvc
00:233C  52 6E  ADDQ.W  #1,$FFFE(A6)             A0=FFFF8E5A A1=00FF3100 A2=00C00000 A3=00FF2CFE A4=00000100 A5=FFFF80C8 A6=00FF0BF0 A7=00FF0BEE D0=4000FFFF D1=00000000 D2=0000FFFF D3=0000FFFF D4=0000FFFF D5=000000FF D6=00000004 D7=00000000 xNzvc
00:2340  0C 6E  CMPI.W  #$0040,$FFFE(A6)         A0=FFFF8E5A A1=00FF3100 A2=00C00000 A3=00FF2CFE A4=00000100 A5=FFFF80C8 A6=00FF0BF0 A7=00FF0BEE D0=4000FFFF D1=00000000 D2=0000FFFF D3=0000FFFF D4=0000FFFF D5=000000FF D6=00000004 D7=00000000 xnzvc
00:2346  65 B6  BCS     #$B6 [00:22FE]           A0=FFFF8E5A A1=00FF3100 A2=00C00000 A3=00FF2CFE A4=00000100 A5=FFFF80C8 A6=00FF0BF0 A7=00FF0BEE D0=4000FFFF D1=00000000 D2=0000FFFF D3=0000FFFF D4=0000FFFF D5=000000FF D6=00000004 D7=00000000 xNzvC
00:22FE  30 18  MOVE.W  (A0)+,D0                 A0=FFFF8E5A A1=00FF3100 A2=00C00000 A3=00FF2CFE A4=00000100 A5=FFFF80C8 A6=00FF0BF0 A7=00FF0BEE D0=4000FFFF D1=00000000 D2=0000FFFF D3=0000FFFF D4=0000FFFF D5=000000FF D6=00000004 D7=00000000 xNzvC
00:2300  6B 3A  BMI     #$3A [00:233C]           A0=FFFF8E5C A1=00FF3100 A2=00C00000 A3=00FF2CFE A4=00000100 A5=FFFF80C8 A6=00FF0BF0 A7=00FF0BEE D0=4000FFFF D1=00000000 D2=0000FFFF D3=0000FFFF D4=0000FFFF D5=000000FF D6=00000004 D7=00000000 xNzvc
00:233C  52 6E  ADDQ.W  #1,$FFFE(A6)             A0=FFFF8E5C A1=00FF3100 A2=00C00000 A3=00FF2CFE A4=00000100 A5=FFFF80C8 A6=00FF0BF0 A7=00FF0BEE D0=4000FFFF D1=00000000 D2=0000FFFF D3=0000FFFF D4=0000FFFF D5=000000FF D6=00000004 D7=00000000 xNzvc
00:2340  0C 6E  CMPI.W  #$0040,$FFFE(A6)         A0=FFFF8E5C A1=00FF3100 A2=00C00000 A3=00FF2CFE A4=00000100 A5=FFFF80C8 A6=00FF0BF0 A7=00FF0BEE D0=4000FFFF D1=00000000 D2=0000FFFF D3=0000FFFF D4=0000FFFF D5=000000FF D6=00000004 D7=00000000 xnzvc
00:2346  65 B6  BCS     #$B6 [00:22FE]           A0=FFFF8E5C A1=00FF3100 A2=00C00000 A3=00FF2CFE A4=00000100 A5=FFFF80C8 A6=00FF0BF0 A7=00FF0BEE D0=4000FFFF D1=00000000 D2=0000FFFF D3=0000FFFF D4=0000FFFF D5=000000FF D6=00000004 D7=00000000 xNzvC
00:22FE  30 18  MOVE.W  (A0)+,D0                 A0=FFFF8E5C A1=00FF3100 A2=00C00000 A3=00FF2CFE A4=00000100 A5=FFFF80C8 A6=00FF0BF0 A7=00FF0BEE D0=4000FFFF D1=00000000 D2=0000FFFF D3=0000FFFF D4=0000FFFF D5=000000FF D6=00000004 D7=00000000 xNzvC
00:2300  6B 3A  BMI     #$3A [00:233C]           A0=FFFF8E5E A1=00FF3100 A2=00C00000 A3=00FF2CFE A4=00000100 A5=FFFF80C8 A6=00FF0BF0 A7=00FF0BEE D0=4000FFFF D1=00000000 D2=0000FFFF D3=0000FFFF D4=0000FFFF D5=000000FF D6=00000004 D7=00000000 xNzvc
00:233C  52 6E  ADDQ.W  #1,$FFFE(A6)             A0=FFFF8E5E A1=00FF3100 A2=00C00000 A3=00FF2CFE A4=00000100 A5=FFFF80C8 A6=00FF0BF0 A7=00FF0BEE D0=4000FFFF D1=00000000 D2=0000FFFF D3=0000FFFF D4=0000FFFF D5=000000FF D6=00000004 D7=00000000 xNzvc
00:2340  0C 6E  CMPI.W  #$0040,$FFFE(A6)         A0=FFFF8E5E A1=00FF3100 A2=00C00000 A3=00FF2CFE A4=00000100 A5=FFFF80C8 A6=00FF0BF0 A7=00FF0BEE D0=4000FFFF D1=00000000 D2=0000FFFF D3=0000FFFF D4=0000FFFF D5=000000FF D6=00000004 D7=00000000 xnzvc
00:2346  65 B6  BCS     #$B6 [00:22FE]           A0=FFFF8E5E A1=00FF3100 A2=00C00000 A3=00FF2CFE A4=00000100 A5=FFFF80C8 A6=00FF0BF0 A7=00FF0BEE D0=4000FFFF D1=00000000 D2=0000FFFF D3=0000FFFF D4=0000FFFF D5=000000FF D6=00000004 D7=00000000 xNzvC
00:22FE  30 18  MOVE.W  (A0)+,D0                 A0=FFFF8E5E A1=00FF3100 A2=00C00000 A3=00FF2CFE A4=00000100 A5=FFFF80C8 A6=00FF0BF0 A7=00FF0BEE D0=4000FFFF D1=00000000 D2=0000FFFF D3=0000FFFF D4=0000FFFF D5=000000FF D6=00000004 D7=00000000 xNzvC
00:2300  6B 3A  BMI     #$3A [00:233C]           A0=FFFF8E60 A1=00FF3100 A2=00C00000 A3=00FF2CFE A4=00000100 A5=FFFF80C8 A6=00FF0BF0 A7=00FF0BEE D0=4000FFFF D1=00000000 D2=0000FFFF D3=0000FFFF D4=0000FFFF D5=000000FF D6=00000004 D7=00000000 xNzvc
00:233C  52 6E  ADDQ.W  #1,$FFFE(A6)             A0=FFFF8E60 A1=00FF3100 A2=00C00000 A3=00FF2CFE A4=00000100 A5=FFFF80C8 A6=00FF0BF0 A7=00FF0BEE D0=4000FFFF D1=00000000 D2=0000FFFF D3=0000FFFF D4=0000FFFF D5=000000FF D6=00000004 D7=00000000 xNzvc
00:2340  0C 6E  CMPI.W  #$0040,$FFFE(A6)         A0=FFFF8E60 A1=00FF3100 A2=00C00000 A3=00FF2CFE A4=00000100 A5=FFFF80C8 A6=00FF0BF0 A7=00FF0BEE D0=4000FFFF D1=00000000 D2=0000FFFF D3=0000FFFF D4=0000FFFF D5=000000FF D6=00000004 D7=00000000 xnzvc
00:2346  65 B6  BCS     #$B6 [00:22FE]           A0=FFFF8E60 A1=00FF3100 A2=00C00000 A3=00FF2CFE A4=00000100 A5=FFFF80C8 A6=00FF0BF0 A7=00FF0BEE D0=4000FFFF D1=00000000 D2=0000FFFF D3=0000FFFF D4=0000FFFF D5=000000FF D6=00000004 D7=00000000 xNzvC
00:22FE  30 18  MOVE.W  (A0)+,D0                 A0=FFFF8E60 A1=00FF3100 A2=00C00000 A3=00FF2CFE A4=00000100 A5=FFFF80C8 A6=00FF0BF0 A7=00FF0BEE D0=4000FFFF D1=00000000 D2=0000FFFF D3=0000FFFF D4=0000FFFF D5=000000FF D6=00000004 D7=00000000 xNzvC
00:2300  6B 3A  BMI     #$3A [00:233C]           A0=FFFF8E62 A1=00FF3100 A2=00C00000 A3=00FF2CFE A4=00000100 A5=FFFF80C8 A6=00FF0BF0 A7=00FF0BEE D0=4000FFFF D1=00000000 D2=0000FFFF D3=0000FFFF D4=0000FFFF D5=000000FF D6=00000004 D7=00000000 xNzvc
00:233C  52 6E  ADDQ.W  #1,$FFFE(A6)             A0=FFFF8E62 A1=00FF3100 A2=00C00000 A3=00FF2CFE A4=00000100 A5=FFFF80C8 A6=00FF0BF0 A7=00FF0BEE D0=4000FFFF D1=00000000 D2=0000FFFF D3=0000FFFF D4=0000FFFF D5=000000FF D6=00000004 D7=00000000 xNzvc
00:2340  0C 6E  CMPI.W  #$0040,$FFFE(A6)         A0=FFFF8E62 A1=00FF3100 A2=00C00000 A3=00FF2CFE A4=00000100 A5=FFFF80C8 A6=00FF0BF0 A7=00FF0BEE D0=4000FFFF D1=00000000 D2=0000FFFF D3=0000FFFF D4=0000FFFF D5=000000FF D6=00000004 D7=00000000 xnzvc
00:2346  65 B6  BCS     #$B6 [00:22FE]           A0=FFFF8E62 A1=00FF3100 A2=00C00000 A3=00FF2CFE A4=00000100 A5=FFFF80C8 A6=00FF0BF0 A7=00FF0BEE D0=4000FFFF D1=00000000 D2=0000FFFF D3=0000FFFF D4=0000FFFF D5=000000FF D6=00000004 D7=00000000 xNzvC
00:22FE  30 18  MOVE.W  (A0)+,D0                 A0=FFFF8E62 A1=00FF3100 A2=00C00000 A3=00FF2CFE A4=00000100 A5=FFFF80C8 A6=00FF0BF0 A7=00FF0BEE D0=4000FFFF D1=00000000 D2=0000FFFF D3=0000FFFF D4=0000FFFF D5=000000FF D6=00000004 D7=00000000 xNzvC
00:2300  6B 3A  BMI     #$3A [00:233C]           A0=FFFF8E64 A1=00FF3100 A2=00C00000 A3=00FF2CFE A4=00000100 A5=FFFF80C8 A6=00FF0BF0 A7=00FF0BEE D0=4000FFFF D1=00000000 D2=0000FFFF D3=0000FFFF D4=0000FFFF D5=000000FF D6=00000004 D7=00000000 xNzvc
00:233C  52 6E  ADDQ.W  #1,$FFFE(A6)             A0=FFFF8E64 A1=00FF3100 A2=00C00000 A3=00FF2CFE A4=00000100 A5=FFFF80C8 A6=00FF0BF0 A7=00FF0BEE D0=4000FFFF D1=00000000 D2=0000FFFF D3=0000FFFF D4=0000FFFF D5=000000FF D6=00000004 D7=00000000 xNzvc
00:2340  0C 6E  CMPI.W  #$0040,$FFFE(A6)         A0=FFFF8E64 A1=00FF3100 A2=00C00000 A3=00FF2CFE A4=00000100 A5=FFFF80C8 A6=00FF0BF0 A7=00FF0BEE D0=4000FFFF D1=00000000 D2=0000FFFF D3=0000FFFF D4=0000FFFF D5=000000FF D6=00000004 D7=00000000 xnzvc
00:2346  65 B6  BCS     #$B6 [00:22FE]           A0=FFFF8E64 A1=00FF3100 A2=00C00000 A3=00FF2CFE A4=00000100 A5=FFFF80C8 A6=00FF0BF0 A7=00FF0BEE D0=4000FFFF D1=00000000 D2=0000FFFF D3=0000FFFF D4=0000FFFF D5=000000FF D6=00000004 D7=00000000 xNzvC
00:22FE  30 18  MOVE.W  (A0)+,D0                 A0=FFFF8E64 A1=00FF3100 A2=00C00000 A3=00FF2CFE A4=00000100 A5=FFFF80C8 A6=00FF0BF0 A7=00FF0BEE D0=4000FFFF D1=00000000 D2=0000FFFF D3=0000FFFF D4=0000FFFF D5=000000FF D6=00000004 D7=00000000 xNzvC
00:2300  6B 3A  BMI     #$3A [00:233C]           A0=FFFF8E66 A1=00FF3100 A2=00C00000 A3=00FF2CFE A4=00000100 A5=FFFF80C8 A6=00FF0BF0 A7=00FF0BEE D0=4000FFFF D1=00000000 D2=0000FFFF D3=0000FFFF D4=0000FFFF D5=000000FF D6=00000004 D7=00000000 xNzvc
00:233C  52 6E  ADDQ.W  #1,$FFFE(A6)             A0=FFFF8E66 A1=00FF3100 A2=00C00000 A3=00FF2CFE A4=00000100 A5=FFFF80C8 A6=00FF0BF0 A7=00FF0BEE D0=4000FFFF D1=00000000 D2=0000FFFF D3=0000FFFF D4=0000FFFF D5=000000FF D6=00000004 D7=00000000 xNzvc
00:2340  0C 6E  CMPI.W  #$0040,$FFFE(A6)         A0=FFFF8E66 A1=00FF3100 A2=00C00000 A3=00FF2CFE A4=00000100 A5=FFFF80C8 A6=00FF0BF0 A7=00FF0BEE D0=4000FFFF D1=00000000 D2=0000FFFF D3=0000FFFF D4=0000FFFF D5=000000FF D6=00000004 D7=00000000 xnzvc
00:2346  65 B6  BCS     #$B6 [00:22FE]           A0=FFFF8E66 A1=00FF3100 A2=00C00000 A3=00FF2CFE A4=00000100 A5=FFFF80C8 A6=00FF0BF0 A7=00FF0BEE D0=4000FFFF D1=00000000 D2=0000FFFF D3=0000FFFF D4=0000FFFF D5=000000FF D6=00000004 D7=00000000 xNzvC
00:22FE  30 18  MOVE.W  (A0)+,D0                 A0=FFFF8E66 A1=00FF3100 A2=00C00000 A3=00FF2CFE A4=00000100 A5=FFFF80C8 A6=00FF0BF0 A7=00FF0BEE D0=4000FFFF D1=00000000 D2=0000FFFF D3=0000FFFF D4=0000FFFF D5=000000FF D6=00000004 D7=00000000 xNzvC
00:2300  6B 3A  BMI     #$3A [00:233C]           A0=FFFF8E68 A1=00FF3100 A2=00C00000 A3=00FF2CFE A4=00000100 A5=FFFF80C8 A6=00FF0BF0 A7=00FF0BEE D0=4000FFFF D1=00000000 D2=0000FFFF D3=0000FFFF D4=0000FFFF D5=000000FF D6=00000004 D7=00000000 xNzvc
00:233C  52 6E  ADDQ.W  #1,$FFFE(A6)             A0=FFFF8E68 A1=00FF3100 A2=00C00000 A3=00FF2CFE A4=00000100 A5=FFFF80C8 A6=00FF0BF0 A7=00FF0BEE D0=4000FFFF D1=00000000 D2=0000FFFF D3=0000FFFF D4=0000FFFF D5=000000FF D6=00000004 D7=00000000 xNzvc
00:2340  0C 6E  CMPI.W  #$0040,$FFFE(A6)         A0=FFFF8E68 A1=00FF3100 A2=00C00000 A3=00FF2CFE A4=00000100 A5=FFFF80C8 A6=00FF0BF0 A7=00FF0BEE D0=4000FFFF D1=00000000 D2=0000FFFF D3=0000FFFF D4=0000FFFF D5=000000FF D6=00000004 D7=00000000 xnzvc
00:2346  65 B6  BCS     #$B6 [00:22FE]           A0=FFFF8E68 A1=00FF3100 A2=00C00000 A3=00FF2CFE A4=00000100 A5=FFFF80C8 A6=00FF0BF0 A7=00FF0BEE D0=4000FFFF D1=00000000 D2=0000FFFF D3=0000FFFF D4=0000FFFF D5=000000FF D6=00000004 D7=00000000 xNzvC
00:22FE  30 18  MOVE.W  (A0)+,D0                 A0=FFFF8E68 A1=00FF3100 A2=00C00000 A3=00FF2CFE A4=00000100 A5=FFFF80C8 A6=00FF0BF0 A7=00FF0BEE D0=4000FFFF D1=00000000 D2=0000FFFF D3=0000FFFF D4=0000FFFF D5=000000FF D6=00000004 D7=00000000 xNzvC
00:2300  6B 3A  BMI     #$3A [00:233C]           A0=FFFF8E6A A1=00FF3100 A2=00C00000 A3=00FF2CFE A4=00000100 A5=FFFF80C8 A6=00FF0BF0 A7=00FF0BEE D0=4000FFFF D1=00000000 D2=0000FFFF D3=0000FFFF D4=0000FFFF D5=000000FF D6=00000004 D7=00000000 xNzvc
00:233C  52 6E  ADDQ.W  #1,$FFFE(A6)             A0=FFFF8E6A A1=00FF3100 A2=00C00000 A3=00FF2CFE A4=00000100 A5=FFFF80C8 A6=00FF0BF0 A7=00FF0BEE D0=4000FFFF D1=00000000 D2=0000FFFF D3=0000FFFF D4=0000FFFF D5=000000FF D6=00000004 D7=00000000 xNzvc
00:2340  0C 6E  CMPI.W  #$0040,$FFFE(A6)         A0=FFFF8E6A A1=00FF3100 A2=00C00000 A3=00FF2CFE A4=00000100 A5=FFFF80C8 A6=00FF0BF0 A7=00FF0BEE D0=4000FFFF D1=00000000 D2=0000FFFF D3=0000FFFF D4=0000FFFF D5=000000FF D6=00000004 D7=00000000 xnzvc
00:2346  65 B6  BCS     #$B6 [00:22FE]           A0=FFFF8E6A A1=00FF3100 A2=00C00000 A3=00FF2CFE A4=00000100 A5=FFFF80C8 A6=00FF0BF0 A7=00FF0BEE D0=4000FFFF D1=00000000 D2=0000FFFF D3=0000FFFF D4=0000FFFF D5=000000FF D6=00000004 D7=00000000 xNzvC
00:22FE  30 18  MOVE.W  (A0)+,D0                 A0=FFFF8E6A A1=00FF3100 A2=00C00000 A3=00FF2CFE A4=00000100 A5=FFFF80C8 A6=00FF0BF0 A7=00FF0BEE D0=4000FFFF D1=00000000 D2=0000FFFF D3=0000FFFF D4=0000FFFF D5=000000FF D6=00000004 D7=00000000 xNzvC
00:2300  6B 3A  BMI     #$3A [00:233C]           A0=FFFF8E6C A1=00FF3100 A2=00C00000 A3=00FF2CFE A4=00000100 A5=FFFF80C8 A6=00FF0BF0 A7=00FF0BEE D0=4000FFFF D1=00000000 D2=0000FFFF D3=0000FFFF D4=0000FFFF D5=000000FF D6=00000004 D7=00000000 xNzvc
00:233C  52 6E  ADDQ.W  #1,$FFFE(A6)             A0=FFFF8E6C A1=00FF3100 A2=00C00000 A3=00FF2CFE A4=00000100 A5=FFFF80C8 A6=00FF0BF0 A7=00FF0BEE D0=4000FFFF D1=00000000 D2=0000FFFF D3=0000FFFF D4=0000FFFF D5=000000FF D6=00000004 D7=00000000 xNzvc
00:2340  0C 6E  CMPI.W  #$0040,$FFFE(A6)         A0=FFFF8E6C A1=00FF3100 A2=00C00000 A3=00FF2CFE A4=00000100 A5=FFFF80C8 A6=00FF0BF0 A7=00FF0BEE D0=4000FFFF D1=00000000 D2=0000FFFF D3=0000FFFF D4=0000FFFF D5=000000FF D6=00000004 D7=00000000 xnzvc
00:2346  65 B6  BCS     #$B6 [00:22FE]           A0=FFFF8E6C A1=00FF3100 A2=00C00000 A3=00FF2CFE A4=00000100 A5=FFFF80C8 A6=00FF0BF0 A7=00FF0BEE D0=4000FFFF D1=00000000 D2=0000FFFF D3=0000FFFF D4=0000FFFF D5=000000FF D6=00000004 D7=00000000 xNzvC
00:22FE  30 18  MOVE.W  (A0)+,D0                 A0=FFFF8E6C A1=00FF3100 A2=00C00000 A3=00FF2CFE A4=00000100 A5=FFFF80C8 A6=00FF0BF0 A7=00FF0BEE D0=4000FFFF D1=00000000 D2=0000FFFF D3=0000FFFF D4=0000FFFF D5=000000FF D6=00000004 D7=00000000 xNzvC
00:2300  6B 3A  BMI     #$3A [00:233C]           A0=FFFF8E6E A1=00FF3100 A2=00C00000 A3=00FF2CFE A4=00000100 A5=FFFF80C8 A6=00FF0BF0 A7=00FF0BEE D0=4000FFFF D1=00000000 D2=0000FFFF D3=0000FFFF D4=0000FFFF D5=000000FF D6=00000004 D7=00000000 xNzvc
00:233C  52 6E  ADDQ.W  #1,$FFFE(A6)             A0=FFFF8E6E A1=00FF3100 A2=00C00000 A3=00FF2CFE A4=00000100 A5=FFFF80C8 A6=00FF0BF0 A7=00FF0BEE D0=4000FFFF D1=00000000 D2=0000FFFF D3=0000FFFF D4=0000FFFF D5=000000FF D6=00000004 D7=00000000 xNzvc
00:2340  0C 6E  CMPI.W  #$0040,$FFFE(A6)         A0=FFFF8E6E A1=00FF3100 A2=00C00000 A3=00FF2CFE A4=00000100 A5=FFFF80C8 A6=00FF0BF0 A7=00FF0BEE D0=4000FFFF D1=00000000 D2=0000FFFF D3=0000FFFF D4=0000FFFF D5=000000FF D6=00000004 D7=00000000 xnzvc
00:2346  65 B6  BCS     #$B6 [00:22FE]           A0=FFFF8E6E A1=00FF3100 A2=00C00000 A3=00FF2CFE A4=00000100 A5=FFFF80C8 A6=00FF0BF0 A7=00FF0BEE D0=4000FFFF D1=00000000 D2=0000FFFF D3=0000FFFF D4=0000FFFF D5=000000FF D6=00000004 D7=00000000 xNzvC
00:22FE  30 18  MOVE.W  (A0)+,D0                 A0=FFFF8E6E A1=00FF3100 A2=00C00000 A3=00FF2CFE A4=00000100 A5=FFFF80C8 A6=00FF0BF0 A7=00FF0BEE D0=4000FFFF D1=00000000 D2=0000FFFF D3=0000FFFF D4=0000FFFF D5=000000FF D6=00000004 D7=00000000 xNzvC
00:2300  6B 3A  BMI     #$3A [00:233C]           A0=FFFF8E70 A1=00FF3100 A2=00C00000 A3=00FF2CFE A4=00000100 A5=FFFF80C8 A6=00FF0BF0 A7=00FF0BEE D0=4000FFFF D1=00000000 D2=0000FFFF D3=0000FFFF D4=0000FFFF D5=000000FF D6=00000004 D7=00000000 xNzvc
00:233C  52 6E  ADDQ.W  #1,$FFFE(A6)             A0=FFFF8E70 A1=00FF3100 A2=00C00000 A3=00FF2CFE A4=00000100 A5=FFFF80C8 A6=00FF0BF0 A7=00FF0BEE D0=4000FFFF D1=00000000 D2=0000FFFF D3=0000FFFF D4=0000FFFF D5=000000FF D6=00000004 D7=00000000 xNzvc
00:2340  0C 6E  CMPI.W  #$0040,$FFFE(A6)         A0=FFFF8E70 A1=00FF3100 A2=00C00000 A3=00FF2CFE A4=00000100 A5=FFFF80C8 A6=00FF0BF0 A7=00FF0BEE D0=4000FFFF D1=00000000 D2=0000FFFF D3=0000FFFF D4=0000FFFF D5=000000FF D6=00000004 D7=00000000 xnzvc
00:2346  65 B6  BCS     #$B6 [00:22FE]           A0=FFFF8E70 A1=00FF3100 A2=00C00000 A3=00FF2CFE A4=00000100 A5=FFFF80C8 A6=00FF0BF0 A7=00FF0BEE D0=4000FFFF D1=00000000 D2=0000FFFF D3=0000FFFF D4=0000FFFF D5=000000FF D6=00000004 D7=00000000 xNzvC
00:22FE  30 18  MOVE.W  (A0)+,D0                 A0=FFFF8E70 A1=00FF3100 A2=00C00000 A3=00FF2CFE A4=00000100 A5=FFFF80C8 A6=00FF0BF0 A7=00FF0BEE D0=4000FFFF D1=00000000 D2=0000FFFF D3=0000FFFF D4=0000FFFF D5=000000FF D6=00000004 D7=00000000 xNzvC
00:2300  6B 3A  BMI     #$3A [00:233C]           A0=FFFF8E72 A1=00FF3100 A2=00C00000 A3=00FF2CFE A4=00000100 A5=FFFF80C8 A6=00FF0BF0 A7=00FF0BEE D0=4000FFFF D1=00000000 D2=0000FFFF D3=0000FFFF D4=0000FFFF D5=000000FF D6=00000004 D7=00000000 xNzvc
00:233C  52 6E  ADDQ.W  #1,$FFFE(A6)             A0=FFFF8E72 A1=00FF3100 A2=00C00000 A3=00FF2CFE A4=00000100 A5=FFFF80C8 A6=00FF0BF0 A7=00FF0BEE D0=4000FFFF D1=00000000 D2=0000FFFF D3=0000FFFF D4=0000FFFF D5=000000FF D6=00000004 D7=00000000 xNzvc
00:2340  0C 6E  CMPI.W  #$0040,$FFFE(A6)         A0=FFFF8E72 A1=00FF3100 A2=00C00000 A3=00FF2CFE A4=00000100 A5=FFFF80C8 A6=00FF0BF0 A7=00FF0BEE D0=4000FFFF D1=00000000 D2=0000FFFF D3=0000FFFF D4=0000FFFF D5=000000FF D6=00000004 D7=00000000 xnzvc
00:2346  65 B6  BCS     #$B6 [00:22FE]           A0=FFFF8E72 A1=00FF3100 A2=00C00000 A3=00FF2CFE A4=00000100 A5=FFFF80C8 A6=00FF0BF0 A7=00FF0BEE D0=4000FFFF D1=00000000 D2=0000FFFF D3=0000FFFF D4=0000FFFF D5=000000FF D6=00000004 D7=00000000 xNzvC
00:22FE  30 18  MOVE.W  (A0)+,D0                 A0=FFFF8E72 A1=00FF3100 A2=00C00000 A3=00FF2CFE A4=00000100 A5=FFFF80C8 A6=00FF0BF0 A7=00FF0BEE D0=4000FFFF D1=00000000 D2=0000FFFF D3=0000FFFF D4=0000FFFF D5=000000FF D6=00000004 D7=00000000 xNzvC
00:2300  6B 3A  BMI     #$3A [00:233C]           A0=FFFF8E74 A1=00FF3100 A2=00C00000 A3=00FF2CFE A4=00000100 A5=FFFF80C8 A6=00FF0BF0 A7=00FF0BEE D0=4000FFFF D1=00000000 D2=0000FFFF D3=0000FFFF D4=0000FFFF D5=000000FF D6=00000004 D7=00000000 xNzvc
00:233C  52 6E  ADDQ.W  #1,$FFFE(A6)             A0=FFFF8E74 A1=00FF3100 A2=00C00000 A3=00FF2CFE A4=00000100 A5=FFFF80C8 A6=00FF0BF0 A7=00FF0BEE D0=4000FFFF D1=00000000 D2=0000FFFF D3=0000FFFF D4=0000FFFF D5=000000FF D6=00000004 D7=00000000 xNzvc
00:2340  0C 6E  CMPI.W  #$0040,$FFFE(A6)         A0=FFFF8E74 A1=00FF3100 A2=00C00000 A3=00FF2CFE A4=00000100 A5=FFFF80C8 A6=00FF0BF0 A7=00FF0BEE D0=4000FFFF D1=00000000 D2=0000FFFF D3=0000FFFF D4=0000FFFF D5=000000FF D6=00000004 D7=00000000 xnzvc
00:2346  65 B6  BCS     #$B6 [00:22FE]           A0=FFFF8E74 A1=00FF3100 A2=00C00000 A3=00FF2CFE A4=00000100 A5=FFFF80C8 A6=00FF0BF0 A7=00FF0BEE D0=4000FFFF D1=00000000 D2=0000FFFF D3=0000FFFF D4=0000FFFF D5=000000FF D6=00000004 D7=00000000 xNzvC
00:22FE  30 18  MOVE.W  (A0)+,D0                 A0=FFFF8E74 A1=00FF3100 A2=00C00000 A3=00FF2CFE A4=00000100 A5=FFFF80C8 A6=00FF0BF0 A7=00FF0BEE D0=4000FFFF D1=00000000 D2=0000FFFF D3=0000FFFF D4=0000FFFF D5=000000FF D6=00000004 D7=00000000 xNzvC
00:2300  6B 3A  BMI     #$3A [00:233C]           A0=FFFF8E76 A1=00FF3100 A2=00C00000 A3=00FF2CFE A4=00000100 A5=FFFF80C8 A6=00FF0BF0 A7=00FF0BEE D0=4000FFFF D1=00000000 D2=0000FFFF D3=0000FFFF D4=0000FFFF D5=000000FF D6=00000004 D7=00000000 xNzvc
00:233C  52 6E  ADDQ.W  #1,$FFFE(A6)             A0=FFFF8E76 A1=00FF3100 A2=00C00000 A3=00FF2CFE A4=00000100 A5=FFFF80C8 A6=00FF0BF0 A7=00FF0BEE D0=4000FFFF D1=00000000 D2=0000FFFF D3=0000FFFF D4=0000FFFF D5=000000FF D6=00000004 D7=00000000 xNzvc
00:2340  0C 6E  CMPI.W  #$0040,$FFFE(A6)         A0=FFFF8E76 A1=00FF3100 A2=00C00000 A3=00FF2CFE A4=00000100 A5=FFFF80C8 A6=00FF0BF0 A7=00FF0BEE D0=4000FFFF D1=00000000 D2=0000FFFF D3=0000FFFF D4=0000FFFF D5=000000FF D6=00000004 D7=00000000 xnzvc
00:2346  65 B6  BCS     #$B6 [00:22FE]           A0=FFFF8E76 A1=00FF3100 A2=00C00000 A3=00FF2CFE A4=00000100 A5=FFFF80C8 A6=00FF0BF0 A7=00FF0BEE D0=4000FFFF D1=00000000 D2=0000FFFF D3=0000FFFF D4=0000FFFF D5=000000FF D6=00000004 D7=00000000 xNzvC
00:22FE  30 18  MOVE.W  (A0)+,D0                 A0=FFFF8E76 A1=00FF3100 A2=00C00000 A3=00FF2CFE A4=00000100 A5=FFFF80C8 A6=00FF0BF0 A7=00FF0BEE D0=4000FFFF D1=00000000 D2=0000FFFF D3=0000FFFF D4=0000FFFF D5=000000FF D6=00000004 D7=00000000 xNzvC
00:2300  6B 3A  BMI     #$3A [00:233C]           A0=FFFF8E78 A1=00FF3100 A2=00C00000 A3=00FF2CFE A4=00000100 A5=FFFF80C8 A6=00FF0BF0 A7=00FF0BEE D0=4000FFFF D1=00000000 D2=0000FFFF D3=0000FFFF D4=0000FFFF D5=000000FF D6=00000004 D7=00000000 xNzvc
00:233C  52 6E  ADDQ.W  #1,$FFFE(A6)             A0=FFFF8E78 A1=00FF3100 A2=00C00000 A3=00FF2CFE A4=00000100 A5=FFFF80C8 A6=00FF0BF0 A7=00FF0BEE D0=4000FFFF D1=00000000 D2=0000FFFF D3=0000FFFF D4=0000FFFF D5=000000FF D6=00000004 D7=00000000 xNzvc
00:2340  0C 6E  CMPI.W  #$0040,$FFFE(A6)         A0=FFFF8E78 A1=00FF3100 A2=00C00000 A3=00FF2CFE A4=00000100 A5=FFFF80C8 A6=00FF0BF0 A7=00FF0BEE D0=4000FFFF D1=00000000 D2=0000FFFF D3=0000FFFF D4=0000FFFF D5=000000FF D6=00000004 D7=00000000 xnzvc
00:2346  65 B6  BCS     #$B6 [00:22FE]           A0=FFFF8E78 A1=00FF3100 A2=00C00000 A3=00FF2CFE A4=00000100 A5=FFFF80C8 A6=00FF0BF0 A7=00FF0BEE D0=4000FFFF D1=00000000 D2=0000FFFF D3=0000FFFF D4=0000FFFF D5=000000FF D6=00000004 D7=00000000 xNzvC
00:22FE  30 18  MOVE.W  (A0)+,D0                 A0=FFFF8E78 A1=00FF3100 A2=00C00000 A3=00FF2CFE A4=00000100 A5=FFFF80C8 A6=00FF0BF0 A7=00FF0BEE D0=4000FFFF D1=00000000 D2=0000FFFF D3=0000FFFF D4=0000FFFF D5=000000FF D6=00000004 D7=00000000 xNzvC
00:2300  6B 3A  BMI     #$3A [00:233C]           A0=FFFF8E7A A1=00FF3100 A2=00C00000 A3=00FF2CFE A4=00000100 A5=FFFF80C8 A6=00FF0BF0 A7=00FF0BEE D0=4000FFFF D1=00000000 D2=0000FFFF D3=0000FFFF D4=0000FFFF D5=000000FF D6=00000004 D7=00000000 xNzvc
00:233C  52 6E  ADDQ.W  #1,$FFFE(A6)             A0=FFFF8E7A A1=00FF3100 A2=00C00000 A3=00FF2CFE A4=00000100 A5=FFFF80C8 A6=00FF0BF0 A7=00FF0BEE D0=4000FFFF D1=00000000 D2=0000FFFF D3=0000FFFF D4=0000FFFF D5=000000FF D6=00000004 D7=00000000 xNzvc
00:2340  0C 6E  CMPI.W  #$0040,$FFFE(A6)         A0=FFFF8E7A A1=00FF3100 A2=00C00000 A3=00FF2CFE A4=00000100 A5=FFFF80C8 A6=00FF0BF0 A7=00FF0BEE D0=4000FFFF D1=00000000 D2=0000FFFF D3=0000FFFF D4=0000FFFF D5=000000FF D6=00000004 D7=00000000 xnzvc
00:2346  65 B6  BCS     #$B6 [00:22FE]           A0=FFFF8E7A A1=00FF3100 A2=00C00000 A3=00FF2CFE A4=00000100 A5=FFFF80C8 A6=00FF0BF0 A7=00FF0BEE D0=4000FFFF D1=00000000 D2=0000FFFF D3=0000FFFF D4=0000FFFF D5=000000FF D6=00000004 D7=00000000 xNzvC
00:22FE  30 18  MOVE.W  (A0)+,D0                 A0=FFFF8E7A A1=00FF3100 A2=00C00000 A3=00FF2CFE A4=00000100 A5=FFFF80C8 A6=00FF0BF0 A7=00FF0BEE D0=4000FFFF D1=00000000 D2=0000FFFF D3=0000FFFF D4=0000FFFF D5=000000FF D6=00000004 D7=00000000 xNzvC
00:2300  6B 3A  BMI     #$3A [00:233C]           A0=FFFF8E7C A1=00FF3100 A2=00C00000 A3=00FF2CFE A4=00000100 A5=FFFF80C8 A6=00FF0BF0 A7=00FF0BEE D0=4000FFFF D1=00000000 D2=0000FFFF D3=0000FFFF D4=0000FFFF D5=000000FF D6=00000004 D7=00000000 xNzvc
00:233C  52 6E  ADDQ.W  #1,$FFFE(A6)             A0=FFFF8E7C A1=00FF3100 A2=00C00000 A3=00FF2CFE A4=00000100 A5=FFFF80C8 A6=00FF0BF0 A7=00FF0BEE D0=4000FFFF D1=00000000 D2=0000FFFF D3=0000FFFF D4=0000FFFF D5=000000FF D6=00000004 D7=00000000 xNzvc
00:2340  0C 6E  CMPI.W  #$0040,$FFFE(A6)         A0=FFFF8E7C A1=00FF3100 A2=00C00000 A3=00FF2CFE A4=00000100 A5=FFFF80C8 A6=00FF0BF0 A7=00FF0BEE D0=4000FFFF D1=00000000 D2=0000FFFF D3=0000FFFF D4=0000FFFF D5=000000FF D6=00000004 D7=00000000 xnzvc
00:2346  65 B6  BCS     #$B6 [00:22FE]           A0=FFFF8E7C A1=00FF3100 A2=00C00000 A3=00FF2CFE A4=00000100 A5=FFFF80C8 A6=00FF0BF0 A7=00FF0BEE D0=4000FFFF D1=00000000 D2=0000FFFF D3=0000FFFF D4=0000FFFF D5=000000FF D6=00000004 D7=00000000 xNzvC
00:22FE  30 18  MOVE.W  (A0)+,D0                 A0=FFFF8E7C A1=00FF3100 A2=00C00000 A3=00FF2CFE A4=00000100 A5=FFFF80C8 A6=00FF0BF0 A7=00FF0BEE D0=4000FFFF D1=00000000 D2=0000FFFF D3=0000FFFF D4=0000FFFF D5=000000FF D6=00000004 D7=00000000 xNzvC
00:2300  6B 3A  BMI     #$3A [00:233C]           A0=FFFF8E7E A1=00FF3100 A2=00C00000 A3=00FF2CFE A4=00000100 A5=FFFF80C8 A6=00FF0BF0 A7=00FF0BEE D0=4000FFFF D1=00000000 D2=0000FFFF D3=0000FFFF D4=0000FFFF D5=000000FF D6=00000004 D7=00000000 xNzvc
00:233C  52 6E  ADDQ.W  #1,$FFFE(A6)             A0=FFFF8E7E A1=00FF3100 A2=00C00000 A3=00FF2CFE A4=00000100 A5=FFFF80C8 A6=00FF0BF0 A7=00FF0BEE D0=4000FFFF D1=00000000 D2=0000FFFF D3=0000FFFF D4=0000FFFF D5=000000FF D6=00000004 D7=00000000 xNzvc
00:2340  0C 6E  CMPI.W  #$0040,$FFFE(A6)         A0=FFFF8E7E A1=00FF3100 A2=00C00000 A3=00FF2CFE A4=00000100 A5=FFFF80C8 A6=00FF0BF0 A7=00FF0BEE D0=4000FFFF D1=00000000 D2=0000FFFF D3=0000FFFF D4=0000FFFF D5=000000FF D6=00000004 D7=00000000 xnzvc
00:2346  65 B6  BCS     #$B6 [00:22FE]           A0=FFFF8E7E A1=00FF3100 A2=00C00000 A3=00FF2CFE A4=00000100 A5=FFFF80C8 A6=00FF0BF0 A7=00FF0BEE D0=4000FFFF D1=00000000 D2=0000FFFF D3=0000FFFF D4=0000FFFF D5=000000FF D6=00000004 D7=00000000 xNzvC
00:22FE  30 18  MOVE.W  (A0)+,D0                 A0=FFFF8E7E A1=00FF3100 A2=00C00000 A3=00FF2CFE A4=00000100 A5=FFFF80C8 A6=00FF0BF0 A7=00FF0BEE D0=4000FFFF D1=00000000 D2=0000FFFF D3=0000FFFF D4=0000FFFF D5=000000FF D6=00000004 D7=00000000 xNzvC
00:2300  6B 3A  BMI     #$3A [00:233C]           A0=FFFF8E80 A1=00FF3100 A2=00C00000 A3=00FF2CFE A4=00000100 A5=FFFF80C8 A6=00FF0BF0 A7=00FF0BEE D0=4000FFFF D1=00000000 D2=0000FFFF D3=0000FFFF D4=0000FFFF D5=000000FF D6=00000004 D7=00000000 xNzvc
00:233C  52 6E  ADDQ.W  #1,$FFFE(A6)             A0=FFFF8E80 A1=00FF3100 A2=00C00000 A3=00FF2CFE A4=00000100 A5=FFFF80C8 A6=00FF0BF0 A7=00FF0BEE D0=4000FFFF D1=00000000 D2=0000FFFF D3=0000FFFF D4=0000FFFF D5=000000FF D6=00000004 D7=00000000 xNzvc
00:2340  0C 6E  CMPI.W  #$0040,$FFFE(A6)         A0=FFFF8E80 A1=00FF3100 A2=00C00000 A3=00FF2CFE A4=00000100 A5=FFFF80C8 A6=00FF0BF0 A7=00FF0BEE D0=4000FFFF D1=00000000 D2=0000FFFF D3=0000FFFF D4=0000FFFF D5=000000FF D6=00000004 D7=00000000 xnzvc
00:2346  65 B6  BCS     #$B6 [00:22FE]           A0=FFFF8E80 A1=00FF3100 A2=00C00000 A3=00FF2CFE A4=00000100 A5=FFFF80C8 A6=00FF0BF0 A7=00FF0BEE D0=4000FFFF D1=00000000 D2=0000FFFF D3=0000FFFF D4=0000FFFF D5=000000FF D6=00000004 D7=00000000 xNzvC
00:22FE  30 18  MOVE.W  (A0)+,D0                 A0=FFFF8E80 A1=00FF3100 A2=00C00000 A3=00FF2CFE A4=00000100 A5=FFFF80C8 A6=00FF0BF0 A7=00FF0BEE D0=4000FFFF D1=00000000 D2=0000FFFF D3=0000FFFF D4=0000FFFF D5=000000FF D6=00000004 D7=00000000 xNzvC
00:2300  6B 3A  BMI     #$3A [00:233C]           A0=FFFF8E82 A1=00FF3100 A2=00C00000 A3=00FF2CFE A4=00000100 A5=FFFF80C8 A6=00FF0BF0 A7=00FF0BEE D0=4000FFFF D1=00000000 D2=0000FFFF D3=0000FFFF D4=0000FFFF D5=000000FF D6=00000004 D7=00000000 xNzvc
00:233C  52 6E  ADDQ.W  #1,$FFFE(A6)             A0=FFFF8E82 A1=00FF3100 A2=00C00000 A3=00FF2CFE A4=00000100 A5=FFFF80C8 A6=00FF0BF0 A7=00FF0BEE D0=4000FFFF D1=00000000 D2=0000FFFF D3=0000FFFF D4=0000FFFF D5=000000FF D6=00000004 D7=00000000 xNzvc
00:2340  0C 6E  CMPI.W  #$0040,$FFFE(A6)         A0=FFFF8E82 A1=00FF3100 A2=00C00000 A3=00FF2CFE A4=00000100 A5=FFFF80C8 A6=00FF0BF0 A7=00FF0BEE D0=4000FFFF D1=00000000 D2=0000FFFF D3=0000FFFF D4=0000FFFF D5=000000FF D6=00000004 D7=00000000 xnzvc
00:2346  65 B6  BCS     #$B6 [00:22FE]           A0=FFFF8E82 A1=00FF3100 A2=00C00000 A3=00FF2CFE A4=00000100 A5=FFFF80C8 A6=00FF0BF0 A7=00FF0BEE D0=4000FFFF D1=00000000 D2=0000FFFF D3=0000FFFF D4=0000FFFF D5=000000FF D6=00000004 D7=00000000 xNzvC
00:22FE  30 18  MOVE.W  (A0)+,D0                 A0=FFFF8E82 A1=00FF3100 A2=00C00000 A3=00FF2CFE A4=00000100 A5=FFFF80C8 A6=00FF0BF0 A7=00FF0BEE D0=4000FFFF D1=00000000 D2=0000FFFF D3=0000FFFF D4=0000FFFF D5=000000FF D6=00000004 D7=00000000 xNzvC
00:2300  6B 3A  BMI     #$3A [00:233C]           A0=FFFF8E84 A1=00FF3100 A2=00C00000 A3=00FF2CFE A4=00000100 A5=FFFF80C8 A6=00FF0BF0 A7=00FF0BEE D0=4000FFFF D1=00000000 D2=0000FFFF D3=0000FFFF D4=0000FFFF D5=000000FF D6=00000004 D7=00000000 xNzvc
00:233C  52 6E  ADDQ.W  #1,$FFFE(A6)             A0=FFFF8E84 A1=00FF3100 A2=00C00000 A3=00FF2CFE A4=00000100 A5=FFFF80C8 A6=00FF0BF0 A7=00FF0BEE D0=4000FFFF D1=00000000 D2=0000FFFF D3=0000FFFF D4=0000FFFF D5=000000FF D6=00000004 D7=00000000 xNzvc
00:2340  0C 6E  CMPI.W  #$0040,$FFFE(A6)         A0=FFFF8E84 A1=00FF3100 A2=00C00000 A3=00FF2CFE A4=00000100 A5=FFFF80C8 A6=00FF0BF0 A7=00FF0BEE D0=4000FFFF D1=00000000 D2=0000FFFF D3=0000FFFF D4=0000FFFF D5=000000FF D6=00000004 D7=00000000 xnzvc
00:2346  65 B6  BCS     #$B6 [00:22FE]           A0=FFFF8E84 A1=00FF3100 A2=00C00000 A3=00FF2CFE A4=00000100 A5=FFFF80C8 A6=00FF0BF0 A7=00FF0BEE D0=4000FFFF D1=00000000 D2=0000FFFF D3=0000FFFF D4=0000FFFF D5=000000FF D6=00000004 D7=00000000 xNzvC
00:22FE  30 18  MOVE.W  (A0)+,D0                 A0=FFFF8E84 A1=00FF3100 A2=00C00000 A3=00FF2CFE A4=00000100 A5=FFFF80C8 A6=00FF0BF0 A7=00FF0BEE D0=4000FFFF D1=00000000 D2=0000FFFF D3=0000FFFF D4=0000FFFF D5=000000FF D6=00000004 D7=00000000 xNzvC
00:2300  6B 3A  BMI     #$3A [00:233C]           A0=FFFF8E86 A1=00FF3100 A2=00C00000 A3=00FF2CFE A4=00000100 A5=FFFF80C8 A6=00FF0BF0 A7=00FF0BEE D0=4000FFFF D1=00000000 D2=0000FFFF D3=0000FFFF D4=0000FFFF D5=000000FF D6=00000004 D7=00000000 xNzvc
00:233C  52 6E  ADDQ.W  #1,$FFFE(A6)             A0=FFFF8E86 A1=00FF3100 A2=00C00000 A3=00FF2CFE A4=00000100 A5=FFFF80C8 A6=00FF0BF0 A7=00FF0BEE D0=4000FFFF D1=00000000 D2=0000FFFF D3=0000FFFF D4=0000FFFF D5=000000FF D6=00000004 D7=00000000 xNzvc
00:2340  0C 6E  CMPI.W  #$0040,$FFFE(A6)         A0=FFFF8E86 A1=00FF3100 A2=00C00000 A3=00FF2CFE A4=00000100 A5=FFFF80C8 A6=00FF0BF0 A7=00FF0BEE D0=4000FFFF D1=00000000 D2=0000FFFF D3=0000FFFF D4=0000FFFF D5=000000FF D6=00000004 D7=00000000 xnzvc
00:2346  65 B6  BCS     #$B6 [00:22FE]           A0=FFFF8E86 A1=00FF3100 A2=00C00000 A3=00FF2CFE A4=00000100 A5=FFFF80C8 A6=00FF0BF0 A7=00FF0BEE D0=4000FFFF D1=00000000 D2=0000FFFF D3=0000FFFF D4=0000FFFF D5=000000FF D6=00000004 D7=00000000 xNzvC
00:22FE  30 18  MOVE.W  (A0)+,D0                 A0=FFFF8E86 A1=00FF3100 A2=00C00000 A3=00FF2CFE A4=00000100 A5=FFFF80C8 A6=00FF0BF0 A7=00FF0BEE D0=4000FFFF D1=00000000 D2=0000FFFF D3=0000FFFF D4=0000FFFF D5=000000FF D6=00000004 D7=00000000 xNzvC
00:2300  6B 3A  BMI     #$3A [00:233C]           A0=FFFF8E88 A1=00FF3100 A2=00C00000 A3=00FF2CFE A4=00000100 A5=FFFF80C8 A6=00FF0BF0 A7=00FF0BEE D0=4000FFFF D1=00000000 D2=0000FFFF D3=0000FFFF D4=0000FFFF D5=000000FF D6=00000004 D7=00000000 xNzvc
00:233C  52 6E  ADDQ.W  #1,$FFFE(A6)             A0=FFFF8E88 A1=00FF3100 A2=00C00000 A3=00FF2CFE A4=00000100 A5=FFFF80C8 A6=00FF0BF0 A7=00FF0BEE D0=4000FFFF D1=00000000 D2=0000FFFF D3=0000FFFF D4=0000FFFF D5=000000FF D6=00000004 D7=00000000 xNzvc
00:2340  0C 6E  CMPI.W  #$0040,$FFFE(A6)         A0=FFFF8E88 A1=00FF3100 A2=00C00000 A3=00FF2CFE A4=00000100 A5=FFFF80C8 A6=00FF0BF0 A7=00FF0BEE D0=4000FFFF D1=00000000 D2=0000FFFF D3=0000FFFF D4=0000FFFF D5=000000FF D6=00000004 D7=00000000 xnzvc
00:2346  65 B6  BCS     #$B6 [00:22FE]           A0=FFFF8E88 A1=00FF3100 A2=00C00000 A3=00FF2CFE A4=00000100 A5=FFFF80C8 A6=00FF0BF0 A7=00FF0BEE D0=4000FFFF D1=00000000 D2=0000FFFF D3=0000FFFF D4=0000FFFF D5=000000FF D6=00000004 D7=00000000 xnZvc
00:2348  4E 5E  ULNK    A6                       A0=FFFF8E88 A1=00FF3100 A2=00C00000 A3=00FF2CFE A4=00000100 A5=FFFF80C8 A6=00FF0BF0 A7=00FF0BEE D0=4000FFFF D1=00000000 D2=0000FFFF D3=0000FFFF D4=0000FFFF D5=000000FF D6=00000004 D7=00000000 xnZvc
00:234A  4E 75  RTS                              A0=FFFF8E88 A1=00FF3100 A2=00C00000 A3=00FF2CFE A4=00000100 A5=FFFF80C8 A6=00000000 A7=00FF0BF4 D0=4000FFFF D1=00000000 D2=0000FFFF D3=0000FFFF D4=0000FFFF D5=000000FF D6=00000004 D7=00000000 xnZvc
00:70E6  45 FA  LEA     $0218(PC),A2             A0=FFFF8E88 A1=00FF3100 A2=00C00000 A3=00FF2CFE A4=00000100 A5=FFFF80C8 A6=00000000 A7=00FF0BF8 D0=4000FFFF D1=00000000 D2=0000FFFF D3=0000FFFF D4=0000FFFF D5=000000FF D6=00000004 D7=00000000 xnZvc
00:70EA  11 FC  MOVE.B  #$02,($8C76)             A0=FFFF8E88 A1=00FF3100 A2=00007300 A3=00FF2CFE A4=00000100 A5=FFFF80C8 A6=00000000 A7=00FF0BF8 D0=4000FFFF D1=00000000 D2=0000FFFF D3=0000FFFF D4=0000FFFF D5=000000FF D6=00000004 D7=00000000 xnZvc
00:70F0  61 00  BSR     #$F8BC [00:69AE]         A0=FFFF8E88 A1=00FF3100 A2=00007300 A3=00FF2CFE A4=00000100 A5=FFFF80C8 A6=00000000 A7=00FF0BF8 D0=4000FFFF D1=00000000 D2=0000FFFF D3=0000FFFF D4=0000FFFF D5=000000FF D6=00000004 D7=00000000 xnzvc
00:69AE  4E 56  LINK    A6,#$FFEE                A0=FFFF8E88 A1=00FF3100 A2=00007300 A3=00FF2CFE A4=00000100 A5=FFFF80C8 A6=00000000 A7=00FF0BF4 D0=4000FFFF D1=00000000 D2=0000FFFF D3=0000FFFF D4=0000FFFF D5=000000FF D6=00000004 D7=00000000 xnzvc
00:69B2  61 00  BSR     #$003E [00:69F2]         A0=FFFF8E88 A1=00FF3100 A2=00007300 A3=00FF2CFE A4=00000100 A5=FFFF80C8 A6=00FF0BF0 A7=00FF0BDE D0=4000FFFF D1=00000000 D2=0000FFFF D3=0000FFFF D4=0000FFFF D5=000000FF D6=00000004 D7=00000000 xnzvc
00:69F2  70 00  MOVEQ   #$00,D0                  A0=FFFF8E88 A1=00FF3100 A2=00007300 A3=00FF2CFE A4=00000100 A5=FFFF80C8 A6=00FF0BF0 A7=00FF0BDA D0=4000FFFF D1=00000000 D2=0000FFFF D3=0000FFFF D4=0000FFFF D5=000000FF D6=00000004 D7=00000000 xnzvc
00:69F4  3D 40  MOVE.W  D0,$FFF0(A6)             A0=FFFF8E88 A1=00FF3100 A2=00007300 A3=00FF2CFE A4=00000100 A5=FFFF80C8 A6=00FF0BF0 A7=00FF0BDA D0=00000000 D1=00000000 D2=0000FFFF D3=0000FFFF D4=0000FFFF D5=000000FF D6=00000004 D7=00000000 xnZvc
00:69F8  3D 40  MOVE.W  D0,$FFEE(A6)             A0=FFFF8E88 A1=00FF3100 A2=00007300 A3=00FF2CFE A4=00000100 A5=FFFF80C8 A6=00FF0BF0 A7=00FF0BDA D0=00000000 D1=00000000 D2=0000FFFF D3=0000FFFF D4=0000FFFF D5=000000FF D6=00000004 D7=00000000 xnZvc
00:69FC  4A 38  TST.B   ($8C76)                  A0=FFFF8E88 A1=00FF3100 A2=00007300 A3=00FF2CFE A4=00000100 A5=FFFF80C8 A6=00FF0BF0 A7=00FF0BDA D0=00000000 D1=00000000 D2=0000FFFF D3=0000FFFF D4=0000FFFF D5=000000FF D6=00000004 D7=00000000 xnZvc
00:6A00  6A 08  BPL     #$08 [00:6A0A]           A0=FFFF8E88 A1=00FF3100 A2=00007300 A3=00FF2CFE A4=00000100 A5=FFFF80C8 A6=00FF0BF0 A7=00FF0BDA D0=00000000 D1=00000000 D2=0000FFFF D3=0000FFFF D4=0000FFFF D5=000000FF D6=00000004 D7=00000000 xnzvc
00:6A0A  30 38  MOVE.W  ($8A62),D0               A0=FFFF8E88 A1=00FF3100 A2=00007300 A3=00FF2CFE A4=00000100 A5=FFFF80C8 A6=00FF0BF0 A7=00FF0BDA D0=00000000 D1=00000000 D2=0000FFFF D3=0000FFFF D4=0000FFFF D5=000000FF D6=00000004 D7=00000000 xnzvc
00:6A0E  32 39  MOVE.W  ($00FF2400),D1           A0=FFFF8E88 A1=00FF3100 A2=00007300 A3=00FF2CFE A4=00000100 A5=FFFF80C8 A6=00FF0BF0 A7=00FF0BDA D0=0000C000 D1=00000000 D2=0000FFFF D3=0000FFFF D4=0000FFFF D5=000000FF D6=00000004 D7=00000000 xNzvc
00:6A14  34 39  MOVE.W  ($FFFF8A8C),D2           A0=FFFF8E88 A1=00FF3100 A2=00007300 A3=00FF2CFE A4=00000100 A5=FFFF80C8 A6=00FF0BF0 A7=00FF0BDA D0=0000C000 D1=00000000 D2=0000FFFF D3=0000FFFF D4=0000FFFF D5=000000FF D6=00000004 D7=00000000 xnZvc
00:6A1A  08 38  BTST    #0,($8C76)               A0=FFFF8E88 A1=00FF3100 A2=00007300 A3=00FF2CFE A4=00000100 A5=FFFF80C8 A6=00FF0BF0 A7=00FF0BDA D0=0000C000 D1=00000000 D2=00000000 D3=0000FFFF D4=0000FFFF D5=000000FF D6=00000004 D7=00000000 xnZvc
00:6A20  67 10  BEQ     #$10 [00:6A32]           A0=FFFF8E88 A1=00FF3100 A2=00007300 A3=00FF2CFE A4=00000100 A5=FFFF80C8 A6=00FF0BF0 A7=00FF0BDA D0=0000C000 D1=00000000 D2=00000000 D3=0000FFFF D4=0000FFFF D5=000000FF D6=00000004 D7=00000000 xnZvc
00:6A32  3D 40  MOVE.W  D0,$FFF2(A6)             A0=FFFF8E88 A1=00FF3100 A2=00007300 A3=00FF2CFE A4=00000100 A5=FFFF80C8 A6=00FF0BF0 A7=00FF0BDA D0=0000C000 D1=00000000 D2=00000000 D3=0000FFFF D4=0000FFFF D5=000000FF D6=00000004 D7=00000000 xnZvc
00:6A36  08 38  BTST    #1,($8C76)               A0=FFFF8E88 A1=00FF3100 A2=00007300 A3=00FF2CFE A4=00000100 A5=FFFF80C8 A6=00FF0BF0 A7=00FF0BDA D0=0000C000 D1=00000000 D2=00000000 D3=0000FFFF D4=0000FFFF D5=000000FF D6=00000004 D7=00000000 xNzvc
00:6A3C  67 1A  BEQ     #$1A [00:6A58]           A0=FFFF8E88 A1=00FF3100 A2=00007300 A3=00FF2CFE A4=00000100 A5=FFFF80C8 A6=00FF0BF0 A7=00FF0BDA D0=0000C000 D1=00000000 D2=00000000 D3=0000FFFF D4=0000FFFF D5=000000FF D6=00000004 D7=00000000 xNzvc
00:6A3E  44 41  NEG.W   D1                       A0=FFFF8E88 A1=00FF3100 A2=00007300 A3=00FF2CFE A4=00000100 A5=FFFF80C8 A6=00FF0BF0 A7=00FF0BDA D0=0000C000 D1=00000000 D2=00000000 D3=0000FFFF D4=0000FFFF D5=000000FF D6=00000004 D7=00000000 xNzvc
00:6A40  58 41  ADDQ.W  #4,D1                    A0=FFFF8E88 A1=00FF3100 A2=00007300 A3=00FF2CFE A4=00000100 A5=FFFF80C8 A6=00FF0BF0 A7=00FF0BDA D0=0000C000 D1=00000000 D2=00000000 D3=0000FFFF D4=0000FFFF D5=000000FF D6=00000004 D7=00000000 xnZvc
00:6A42  C2 78  AND.W   ($8A88),D1               A0=FFFF8E88 A1=00FF3100 A2=00007300 A3=00FF2CFE A4=00000100 A5=FFFF80C8 A6=00FF0BF0 A7=00FF0BDA D0=0000C000 D1=00000004 D2=00000000 D3=0000FFFF D4=0000FFFF D5=000000FF D6=00000004 D7=00000000 xnzvc
00:6A46  E6 49  LSR.W   #3,D1                    A0=FFFF8E88 A1=00FF3100 A2=00007300 A3=00FF2CFE A4=00000100 A5=FFFF80C8 A6=00FF0BF0 A7=00FF0BDA D0=0000C000 D1=00000004 D2=00000000 D3=0000FFFF D4=0000FFFF D5=000000FF D6=00000004 D7=00000000 xnzvc
00:6A48  58 42  ADDQ.W  #4,D2                    A0=FFFF8E88 A1=00FF3100 A2=00007300 A3=00FF2CFE A4=00000100 A5=FFFF80C8 A6=00FF0BF0 A7=00FF0BDA D0=0000C000 D1=00000000 D2=00000000 D3=0000FFFF D4=0000FFFF D5=000000FF D6=00000004 D7=00000000 XnZvC
00:6A4A  C4 78  AND.W   ($8A86),D2               A0=FFFF8E88 A1=00FF3100 A2=00007300 A3=00FF2CFE A4=00000100 A5=FFFF80C8 A6=00FF0BF0 A7=00FF0BDA D0=0000C000 D1=00000000 D2=00000004 D3=0000FFFF D4=0000FFFF D5=000000FF D6=00000004 D7=00000000 xnzvc
00:6A4E  E6 4A  LSR.W   #3,D2                    A0=FFFF8E88 A1=00FF3100 A2=00007300 A3=00FF2CFE A4=00000100 A5=FFFF80C8 A6=00FF0BF0 A7=00FF0BDA D0=0000C000 D1=00000000 D2=00000004 D3=0000FFFF D4=0000FFFF D5=000000FF D6=00000004 D7=00000000 xnzvc
00:6A50  3D 41  MOVE.W  D1,$FFF0(A6)             A0=FFFF8E88 A1=00FF3100 A2=00007300 A3=00FF2CFE A4=00000100 A5=FFFF80C8 A6=00FF0BF0 A7=00FF0BDA D0=0000C000 D1=00000000 D2=00000000 D3=0000FFFF D4=0000FFFF D5=000000FF D6=00000004 D7=00000000 XnZvC
00:6A54  3D 42  MOVE.W  D2,$FFEE(A6)             A0=FFFF8E88 A1=00FF3100 A2=00007300 A3=00FF2CFE A4=00000100 A5=FFFF80C8 A6=00FF0BF0 A7=00FF0BDA D0=0000C000 D1=00000000 D2=00000000 D3=0000FFFF D4=0000FFFF D5=000000FF D6=00000004 D7=00000000 XnZvc
00:6A58  4E 75  RTS                              A0=FFFF8E88 A1=00FF3100 A2=00007300 A3=00FF2CFE A4=00000100 A5=FFFF80C8 A6=00FF0BF0 A7=00FF0BDA D0=0000C000 D1=00000000 D2=00000000 D3=0000FFFF D4=0000FFFF D5=000000FF D6=00000004 D7=00000000 XnZvc
00:69B6  7E 00  MOVEQ   #$00,D7                  A0=FFFF8E88 A1=00FF3100 A2=00007300 A3=00FF2CFE A4=00000100 A5=FFFF80C8 A6=00FF0BF0 A7=00FF0BDE D0=0000C000 D1=00000000 D2=00000000 D3=0000FFFF D4=0000FFFF D5=000000FF D6=00000004 D7=00000000 XnZvc
00:69B8  1E 1A  MOVE.B  (A2)+,D7                 A0=FFFF8E88 A1=00FF3100 A2=00007300 A3=00FF2CFE A4=00000100 A5=FFFF80C8 A6=00FF0BF0 A7=00FF0BDE D0=0000C000 D1=00000000 D2=00000000 D3=0000FFFF D4=0000FFFF D5=000000FF D6=00000004 D7=00000000 XnZvc
00:69BA  0C 07  CMPI.B  #$0C,D7                  A0=FFFF8E88 A1=00FF3100 A2=00007301 A3=00FF2CFE A4=00000100 A5=FFFF80C8 A6=00FF0BF0 A7=00FF0BDE D0=0000C000 D1=00000000 D2=00000000 D3=0000FFFF D4=0000FFFF D5=000000FF D6=00000004 D7=00000001 Xnzvc
00:69BE  63 06  BLS     #$06 [00:69C6]           A0=FFFF8E88 A1=00FF3100 A2=00007301 A3=00FF2CFE A4=00000100 A5=FFFF80C8 A6=00FF0BF0 A7=00FF0BDE D0=0000C000 D1=00000000 D2=00000000 D3=0000FFFF D4=0000FFFF D5=000000FF D6=00000004 D7=00000001 XNzvC
00:69C6  70 00  MOVEQ   #$00,D0                  A0=FFFF8E88 A1=00FF3100 A2=00007301 A3=00FF2CFE A4=00000100 A5=FFFF80C8 A6=00FF0BF0 A7=00FF0BDE D0=0000C000 D1=00000000 D2=00000000 D3=0000FFFF D4=0000FFFF D5=000000FF D6=00000004 D7=00000001 XNzvC
00:69C8  10 07  MOVE.B  D7,D0                    A0=FFFF8E88 A1=00FF3100 A2=00007301 A3=00FF2CFE A4=00000100 A5=FFFF80C8 A6=00FF0BF0 A7=00FF0BDE D0=00000000 D1=00000000 D2=00000000 D3=0000FFFF D4=0000FFFF D5=000000FF D6=00000004 D7=00000001 XnZvc
00:69CA  D0 40  ADD.W   D0,D0                    A0=FFFF8E88 A1=00FF3100 A2=00007301 A3=00FF2CFE A4=00000100 A5=FFFF80C8 A6=00FF0BF0 A7=00FF0BDE D0=00000001 D1=00000000 D2=00000000 D3=0000FFFF D4=0000FFFF D5=000000FF D6=00000004 D7=00000001 Xnzvc
00:69CC  41 FA  LEA     $000A(PC),A0             A0=FFFF8E88 A1=00FF3100 A2=00007301 A3=00FF2CFE A4=00000100 A5=FFFF80C8 A6=00FF0BF0 A7=00FF0BDE D0=00000002 D1=00000000 D2=00000000 D3=0000FFFF D4=0000FFFF D5=000000FF D6=00000004 D7=00000001 xnzvc
00:69D0  D0 F0  ADDA.W  $00(A0,D0),A0            A0=000069D8 A1=00FF3100 A2=00007301 A3=00FF2CFE A4=00000100 A5=FFFF80C8 A6=00FF0BF0 A7=00FF0BDE D0=00000002 D1=00000000 D2=00000000 D3=0000FFFF D4=0000FFFF D5=000000FF D6=00000004 D7=00000001 xnzvc
00:69D4  4E 90  JSR     (A0)                     A0=00006A5E A1=00FF3100 A2=00007301 A3=00FF2CFE A4=00000100 A5=FFFF80C8 A6=00FF0BF0 A7=00FF0BDE D0=00000002 D1=00000000 D2=00000000 D3=0000FFFF D4=0000FFFF D5=000000FF D6=00000004 D7=00000001 xnzvc
00:6A5E  70 00  MOVEQ   #$00,D0                  A0=00006A5E A1=00FF3100 A2=00007301 A3=00FF2CFE A4=00000100 A5=FFFF80C8 A6=00FF0BF0 A7=00FF0BDA D0=00000002 D1=00000000 D2=00000000 D3=0000FFFF D4=0000FFFF D5=000000FF D6=00000004 D7=00000001 xnzvc
00:6A60  10 1A  MOVE.B  (A2)+,D0                 A0=00006A5E A1=00FF3100 A2=00007301 A3=00FF2CFE A4=00000100 A5=FFFF80C8 A6=00FF0BF0 A7=00FF0BDA D0=00000000 D1=00000000 D2=00000000 D3=0000FFFF D4=0000FFFF D5=000000FF D6=00000004 D7=00000001 xnZvc
00:6A62  D0 6E  ADD.W   $FFF0(A6),D0             A0=00006A5E A1=00FF3100 A2=00007302 A3=00FF2CFE A4=00000100 A5=FFFF80C8 A6=00FF0BF0 A7=00FF0BDA D0=00000000 D1=00000000 D2=00000000 D3=0000FFFF D4=0000FFFF D5=000000FF D6=00000004 D7=00000001 xnZvc
00:6A66  32 38  MOVE.W  ($8A70),D1               A0=00006A5E A1=00FF3100 A2=00007302 A3=00FF2CFE A4=00000100 A5=FFFF80C8 A6=00FF0BF0 A7=00FF0BDA D0=00000000 D1=00000000 D2=00000000 D3=0000FFFF D4=0000FFFF D5=000000FF D6=00000004 D7=00000001 xnZvc
00:6A6A  53 41  SUBQ.W  #1,D1                    A0=00006A5E A1=00FF3100 A2=00007302 A3=00FF2CFE A4=00000100 A5=FFFF80C8 A6=00FF0BF0 A7=00FF0BDA D0=00000000 D1=00000040 D2=00000000 D3=0000FFFF D4=0000FFFF D5=000000FF D6=00000004 D7=00000001 xnzvc
00:6A6C  C0 41  AND.W   D1,D0                    A0=00006A5E A1=00FF3100 A2=00007302 A3=00FF2CFE A4=00000100 A5=FFFF80C8 A6=00FF0BF0 A7=00FF0BDA D0=00000000 D1=0000003F D2=00000000 D3=0000FFFF D4=0000FFFF D5=000000FF D6=00000004 D7=00000001 xnzvc
00:6A6E  3D 40  MOVE.W  D0,$FFFA(A6)             A0=00006A5E A1=00FF3100 A2=00007302 A3=00FF2CFE A4=00000100 A5=FFFF80C8 A6=00FF0BF0 A7=00FF0BDA D0=00000000 D1=0000003F D2=00000000 D3=0000FFFF D4=0000FFFF D5=000000FF D6=00000004 D7=00000001 xnZvc
00:6A72  3D 40  MOVE.W  D0,$FFFE(A6)             A0=00006A5E A1=00FF3100 A2=00007302 A3=00FF2CFE A4=00000100 A5=FFFF80C8 A6=00FF0BF0 A7=00FF0BDA D0=00000000 D1=0000003F D2=00000000 D3=0000FFFF D4=0000FFFF D5=000000FF D6=00000004 D7=00000001 xnZvc
00:6A76  72 00  MOVEQ   #$00,D1                  A0=00006A5E A1=00FF3100 A2=00007302 A3=00FF2CFE A4=00000100 A5=FFFF80C8 A6=00FF0BF0 A7=00FF0BDA D0=00000000 D1=0000003F D2=00000000 D3=0000FFFF D4=0000FFFF D5=000000FF D6=00000004 D7=00000001 xnZvc
00:6A78  12 1A  MOVE.B  (A2)+,D1                 A0=00006A5E A1=00FF3100 A2=00007302 A3=00FF2CFE A4=00000100 A5=FFFF80C8 A6=00FF0BF0 A7=00FF0BDA D0=00000000 D1=00000000 D2=00000000 D3=0000FFFF D4=0000FFFF D5=000000FF D6=00000004 D7=00000001 xnZvc
00:6A7A  D2 6E  ADD.W   $FFEE(A6),D1             A0=00006A5E A1=00FF3100 A2=00007303 A3=00FF2CFE A4=00000100 A5=FFFF80C8 A6=00FF0BF0 A7=00FF0BDA D0=00000000 D1=00000000 D2=00000000 D3=0000FFFF D4=0000FFFF D5=000000FF D6=00000004 D7=00000001 xnZvc
00:6A7E  34 38  MOVE.W  ($8A72),D2               A0=00006A5E A1=00FF3100 A2=00007303 A3=00FF2CFE A4=00000100 A5=FFFF80C8 A6=00FF0BF0 A7=00FF0BDA D0=00000000 D1=00000000 D2=00000000 D3=0000FFFF D4=0000FFFF D5=000000FF D6=00000004 D7=00000001 xnZvc
00:6A82  53 42  SUBQ.W  #1,D2                    A0=00006A5E A1=00FF3100 A2=00007303 A3=00FF2CFE A4=00000100 A5=FFFF80C8 A6=00FF0BF0 A7=00FF0BDA D0=00000000 D1=00000000 D2=00000020 D3=0000FFFF D4=0000FFFF D5=000000FF D6=00000004 D7=00000001 xnzvc
00:6A84  C2 42  AND.W   D2,D1                    A0=00006A5E A1=00FF3100 A2=00007303 A3=00FF2CFE A4=00000100 A5=FFFF80C8 A6=00FF0BF0 A7=00FF0BDA D0=00000000 D1=00000000 D2=0000001F D3=0000FFFF D4=0000FFFF D5=000000FF D6=00000004 D7=00000001 xnzvc
00:6A86  3D 41  MOVE.W  D1,$FFF8(A6)             A0=00006A5E A1=00FF3100 A2=00007303 A3=00FF2CFE A4=00000100 A5=FFFF80C8 A6=00FF0BF0 A7=00FF0BDA D0=00000000 D1=00000000 D2=0000001F D3=0000FFFF D4=0000FFFF D5=000000FF D6=00000004 D7=00000001 xnZvc
00:6A8A  3D 41  MOVE.W  D1,$FFFC(A6)             A0=00006A5E A1=00FF3100 A2=00007303 A3=00FF2CFE A4=00000100 A5=FFFF80C8 A6=00FF0BF0 A7=00FF0BDA D0=00000000 D1=00000000 D2=0000001F D3=0000FFFF D4=0000FFFF D5=000000FF D6=00000004 D7=00000001 xnZvc
00:6A8E  61 0C  BSR     #$0C [00:6A9C]           A0=00006A5E A1=00FF3100 A2=00007303 A3=00FF2CFE A4=00000100 A5=FFFF80C8 A6=00FF0BF0 A7=00FF0BDA D0=00000000 D1=00000000 D2=0000001F D3=0000FFFF D4=0000FFFF D5=000000FF D6=00000004 D7=00000001 xnZvc
00:6A9C  4E B8  JSR     ($05CA)                  A0=00006A5E A1=00FF3100 A2=00007303 A3=00FF2CFE A4=00000100 A5=FFFF80C8 A6=00FF0BF0 A7=00FF0BD6 D0=00000000 D1=00000000 D2=0000001F D3=0000FFFF D4=0000FFFF D5=000000FF D6=00000004 D7=00000001 xnZvc
00:05CA  D0 40  ADD.W   D0,D0                    A0=00006A5E A1=00FF3100 A2=00007303 A3=00FF2CFE A4=00000100 A5=FFFF80C8 A6=00FF0BF0 A7=00FF0BD2 D0=00000000 D1=00000000 D2=0000001F D3=0000FFFF D4=0000FFFF D5=000000FF D6=00000004 D7=00000001 xnZvc
00:05CC  D2 41  ADD.W   D1,D1                    A0=00006A5E A1=00FF3100 A2=00007303 A3=00FF2CFE A4=00000100 A5=FFFF80C8 A6=00FF0BF0 A7=00FF0BD2 D0=00000000 D1=00000000 D2=0000001F D3=0000FFFF D4=0000FFFF D5=000000FF D6=00000004 D7=00000001 xnZvc
00:05CE  14 38  MOVE.B  ($8A8A),D2               A0=00006A5E A1=00FF3100 A2=00007303 A3=00FF2CFE A4=00000100 A5=FFFF80C8 A6=00FF0BF0 A7=00FF0BD2 D0=00000000 D1=00000000 D2=0000001F D3=0000FFFF D4=0000FFFF D5=000000FF D6=00000004 D7=00000001 xnZvc
00:05D2  E5 61  ASL.W   D2,D1                    A0=00006A5E A1=00FF3100 A2=00007303 A3=00FF2CFE A4=00000100 A5=FFFF80C8 A6=00FF0BF0 A7=00FF0BD2 D0=00000000 D1=00000000 D2=00000006 D3=0000FFFF D4=0000FFFF D5=000000FF D6=00000004 D7=00000001 xnzvc
00:05D4  D0 41  ADD.W   D1,D0                    A0=00006A5E A1=00FF3100 A2=00007303 A3=00FF2CFE A4=00000100 A5=FFFF80C8 A6=00FF0BF0 A7=00FF0BD2 D0=00000000 D1=00000000 D2=00000006 D3=0000FFFF D4=0000FFFF D5=000000FF D6=00000004 D7=00000001 xnZvc
00:05D6  4E 75  RTS                              A0=00006A5E A1=00FF3100 A2=00007303 A3=00FF2CFE A4=00000100 A5=FFFF80C8 A6=00FF0BF0 A7=00FF0BD2 D0=00000000 D1=00000000 D2=00000006 D3=0000FFFF D4=0000FFFF D5=000000FF D6=00000004 D7=00000001 xnZvc
00:6AA0  D0 6E  ADD.W   $FFF2(A6),D0             A0=00006A5E A1=00FF3100 A2=00007303 A3=00FF2CFE A4=00000100 A5=FFFF80C8 A6=00FF0BF0 A7=00FF0BD6 D0=00000000 D1=00000000 D2=00000006 D3=0000FFFF D4=0000FFFF D5=000000FF D6=00000004 D7=00000001 xnZvc
00:6AA4  4E 75  RTS                              A0=00006A5E A1=00FF3100 A2=00007303 A3=00FF2CFE A4=00000100 A5=FFFF80C8 A6=00FF0BF0 A7=00FF0BD6 D0=0000C000 D1=00000000 D2=00000006 D3=0000FFFF D4=0000FFFF D5=000000FF D6=00000004 D7=00000001 xNzvc
00:6A90  4E B8  JSR     ($05A0)                  A0=00006A5E A1=00FF3100 A2=00007303 A3=00FF2CFE A4=00000100 A5=FFFF80C8 A6=00FF0BF0 A7=00FF0BDA D0=0000C000 D1=00000000 D2=00000006 D3=0000FFFF D4=0000FFFF D5=000000FF D6=00000004 D7=00000001 xNzvc
00:05A0  E5 80  ASL.L   #2,D0                    A0=00006A5E A1=00FF3100 A2=00007303 A3=00FF2CFE A4=00000100 A5=FFFF80C8 A6=00FF0BF0 A7=00FF0BD6 D0=0000C000 D1=00000000 D2=00000006 D3=0000FFFF D4=0000FFFF D5=000000FF D6=00000004 D7=00000001 xNzvc
00:05A2  E4 48  LSR.W   #2,D0                    A0=00006A5E A1=00FF3100 A2=00007303 A3=00FF2CFE A4=00000100 A5=FFFF80C8 A6=00FF0BF0 A7=00FF0BD6 D0=00030000 D1=00000000 D2=00000006 D3=0000FFFF D4=0000FFFF D5=000000FF D6=00000004 D7=00000001 xnzvc
00:05A4  00 40  ORI.W   #$4000,D0                A0=00006A5E A1=00FF3100 A2=00007303 A3=00FF2CFE A4=00000100 A5=FFFF80C8 A6=00FF0BF0 A7=00FF0BD6 D0=00030000 D1=00000000 D2=00000006 D3=0000FFFF D4=0000FFFF D5=000000FF D6=00000004 D7=00000001 xnZvc
00:05A8  48 40  SWAP.W  D0                       A0=00006A5E A1=00FF3100 A2=00007303 A3=00FF2CFE A4=00000100 A5=FFFF80C8 A6=00FF0BF0 A7=00FF0BD6 D0=00034000 D1=00000000 D2=00000006 D3=0000FFFF D4=0000FFFF D5=000000FF D6=00000004 D7=00000001 xnzvc
00:05AA  02 40  ANDI.W  #$0003,D0                A0=00006A5E A1=00FF3100 A2=00007303 A3=00FF2CFE A4=00000100 A5=FFFF80C8 A6=00FF0BF0 A7=00FF0BD6 D0=40000003 D1=00000000 D2=00000006 D3=0000FFFF D4=0000FFFF D5=000000FF D6=00000004 D7=00000001 xnzvc
00:05AE  23 C0  MOVE.L  D0,($00C00004)           A0=00006A5E A1=00FF3100 A2=00007303 A3=00FF2CFE A4=00000100 A5=FFFF80C8 A6=00FF0BF0 A7=00FF0BD6 D0=40000003 D1=00000000 D2=00000006 D3=0000FFFF D4=0000FFFF D5=000000FF D6=00000004 D7=00000001 xnzvc
00:05B4  4E 75  RTS                              A0=00006A5E A1=00FF3100 A2=00007303 A3=00FF2CFE A4=00000100 A5=FFFF80C8 A6=00FF0BF0 A7=00FF0BD6 D0=40000003 D1=00000000 D2=00000006 D3=0000FFFF D4=0000FFFF D5=000000FF D6=00000004 D7=00000001 xnzvc
00:6A94  43 F9  LEA     ($00C00000),A1           A0=00006A5E A1=00FF3100 A2=00007303 A3=00FF2CFE A4=00000100 A5=FFFF80C8 A6=00FF0BF0 A7=00FF0BDA D0=40000003 D1=00000000 D2=00000006 D3=0000FFFF D4=0000FFFF D5=000000FF D6=00000004 D7=00000001 xnzvc
00:6A9A  4E 75  RTS                              A0=00006A5E A1=00C00000 A2=00007303 A3=00FF2CFE A4=00000100 A5=FFFF80C8 A6=00FF0BF0 A7=00FF0BDA D0=40000003 D1=00000000 D2=00000006 D3=0000FFFF D4=0000FFFF D5=000000FF D6=00000004 D7=00000001 xnzvc
00:69D6  60 E0  BRA     #$E0 [00:69B8]           A0=00006A5E A1=00C00000 A2=00007303 A3=00FF2CFE A4=00000100 A5=FFFF80C8 A6=00FF0BF0 A7=00FF0BDE D0=40000003 D1=00000000 D2=00000006 D3=0000FFFF D4=0000FFFF D5=000000FF D6=00000004 D7=00000001 xnzvc
00:69B8  1E 1A  MOVE.B  (A2)+,D7                 A0=00006A5E A1=00C00000 A2=00007303 A3=00FF2CFE A4=00000100 A5=FFFF80C8 A6=00FF0BF0 A7=00FF0BDE D0=40000003 D1=00000000 D2=00000006 D3=0000FFFF D4=0000FFFF D5=000000FF D6=00000004 D7=00000001 xnzvc
00:69BA  0C 07  CMPI.B  #$0C,D7                  A0=00006A5E A1=00C00000 A2=00007304 A3=00FF2CFE A4=00000100 A5=FFFF80C8 A6=00FF0BF0 A7=00FF0BDE D0=40000003 D1=00000000 D2=00000006 D3=0000FFFF D4=0000FFFF D5=000000FF D6=00000004 D7=00000009 xnzvc
00:69BE  63 06  BLS     #$06 [00:69C6]           A0=00006A5E A1=00C00000 A2=00007304 A3=00FF2CFE A4=00000100 A5=FFFF80C8 A6=00FF0BF0 A7=00FF0BDE D0=40000003 D1=00000000 D2=00000006 D3=0000FFFF D4=0000FFFF D5=000000FF D6=00000004 D7=00000009 xNzvC
00:69C6  70 00  MOVEQ   #$00,D0                  A0=00006A5E A1=00C00000 A2=00007304 A3=00FF2CFE A4=00000100 A5=FFFF80C8 A6=00FF0BF0 A7=00FF0BDE D0=40000003 D1=00000000 D2=00000006 D3=0000FFFF D4=0000FFFF D5=000000FF D6=00000004 D7=00000009 xNzvC
00:69C8  10 07  MOVE.B  D7,D0                    A0=00006A5E A1=00C00000 A2=00007304 A3=00FF2CFE A4=00000100 A5=FFFF80C8 A6=00FF0BF0 A7=00FF0BDE D0=00000000 D1=00000000 D2=00000006 D3=0000FFFF D4=0000FFFF D5=000000FF D6=00000004 D7=00000009 xnZvc
00:69CA  D0 40  ADD.W   D0,D0                    A0=00006A5E A1=00C00000 A2=00007304 A3=00FF2CFE A4=00000100 A5=FFFF80C8 A6=00FF0BF0 A7=00FF0BDE D0=00000009 D1=00000000 D2=00000006 D3=0000FFFF D4=0000FFFF D5=000000FF D6=00000004 D7=00000009 xnzvc
00:69CC  41 FA  LEA     $000A(PC),A0             A0=00006A5E A1=00C00000 A2=00007304 A3=00FF2CFE A4=00000100 A5=FFFF80C8 A6=00FF0BF0 A7=00FF0BDE D0=00000012 D1=00000000 D2=00000006 D3=0000FFFF D4=0000FFFF D5=000000FF D6=00000004 D7=00000009 xnzvc
00:69D0  D0 F0  ADDA.W  $00(A0,D0),A0            A0=000069D8 A1=00C00000 A2=00007304 A3=00FF2CFE A4=00000100 A5=FFFF80C8 A6=00FF0BF0 A7=00FF0BDE D0=00000012 D1=00000000 D2=00000006 D3=0000FFFF D4=0000FFFF D5=000000FF D6=00000004 D7=00000009 xnzvc
00:69D4  4E 90  JSR     (A0)                     A0=00006B10 A1=00C00000 A2=00007304 A3=00FF2CFE A4=00000100 A5=FFFF80C8 A6=00FF0BF0 A7=00FF0BDE D0=00000012 D1=00000000 D2=00000006 D3=0000FFFF D4=0000FFFF D5=000000FF D6=00000004 D7=00000009 xnzvc
00:6B10  10 1A  MOVE.B  (A2)+,D0                 A0=00006B10 A1=00C00000 A2=00007304 A3=00FF2CFE A4=00000100 A5=FFFF80C8 A6=00FF0BF0 A7=00FF0BDA D0=00000012 D1=00000000 D2=00000006 D3=0000FFFF D4=0000FFFF D5=000000FF D6=00000004 D7=00000009 xnzvc
00:6B12  1D 40  MOVE.B  D0,$FFF6(A6)             A0=00006B10 A1=00C00000 A2=00007305 A3=00FF2CFE A4=00000100 A5=FFFF80C8 A6=00FF0BF0 A7=00FF0BDA D0=0000001F D1=00000000 D2=00000006 D3=0000FFFF D4=0000FFFF D5=000000FF D6=00000004 D7=00000009 xnzvc
00:6B16  1D 40  MOVE.B  D0,$FFF4(A6)             A0=00006B10 A1=00C00000 A2=00007305 A3=00FF2CFE A4=00000100 A5=FFFF80C8 A6=00FF0BF0 A7=00FF0BDA D0=0000001F D1=00000000 D2=00000006 D3=0000FFFF D4=0000FFFF D5=000000FF D6=00000004 D7=00000009 xnzvc
00:6B1A  4E 75  RTS                              A0=00006B10 A1=00C00000 A2=00007305 A3=00FF2CFE A4=00000100 A5=FFFF80C8 A6=00FF0BF0 A7=00FF0BDA D0=0000001F D1=00000000 D2=00000006 D3=0000FFFF D4=0000FFFF D5=000000FF D6=00000004 D7=00000009 xnzvc
00:69D6  60 E0  BRA     #$E0 [00:69B8]           A0=00006B10 A1=00C00000 A2=00007305 A3=00FF2CFE A4=00000100 A5=FFFF80C8 A6=00FF0BF0 A7=00FF0BDE D0=0000001F D1=00000000 D2=00000006 D3=0000FFFF D4=0000FFFF D5=000000FF D6=00000004 D7=00000009 xnzvc
00:69B8  1E 1A  MOVE.B  (A2)+,D7                 A0=00006B10 A1=00C00000 A2=00007305 A3=00FF2CFE A4=00000100 A5=FFFF80C8 A6=00FF0BF0 A7=00FF0BDE D0=0000001F D1=00000000 D2=00000006 D3=0000FFFF D4=0000FFFF D5=000000FF D6=00000004 D7=00000009 xnzvc
00:69BA  0C 07  CMPI.B  #$0C,D7                  A0=00006B10 A1=00C00000 A2=00007306 A3=00FF2CFE A4=00000100 A5=FFFF80C8 A6=00FF0BF0 A7=00FF0BDE D0=0000001F D1=00000000 D2=00000006 D3=0000FFFF D4=0000FFFF D5=000000FF D6=00000004 D7=0000000A xnzvc
00:69BE  63 06  BLS     #$06 [00:69C6]           A0=00006B10 A1=00C00000 A2=00007306 A3=00FF2CFE A4=00000100 A5=FFFF80C8 A6=00FF0BF0 A7=00FF0BDE D0=0000001F D1=00000000 D2=00000006 D3=0000FFFF D4=0000FFFF D5=000000FF D6=00000004 D7=0000000A xNzvC
00:69C6  70 00  MOVEQ   #$00,D0                  A0=00006B10 A1=00C00000 A2=00007306 A3=00FF2CFE A4=00000100 A5=FFFF80C8 A6=00FF0BF0 A7=00FF0BDE D0=0000001F D1=00000000 D2=00000006 D3=0000FFFF D4=0000FFFF D5=000000FF D6=00000004 D7=0000000A xNzvC
00:69C8  10 07  MOVE.B  D7,D0                    A0=00006B10 A1=00C00000 A2=00007306 A3=00FF2CFE A4=00000100 A5=FFFF80C8 A6=00FF0BF0 A7=00FF0BDE D0=00000000 D1=00000000 D2=00000006 D3=0000FFFF D4=0000FFFF D5=000000FF D6=00000004 D7=0000000A xnZvc
00:69CA  D0 40  ADD.W   D0,D0                    A0=00006B10 A1=00C00000 A2=00007306 A3=00FF2CFE A4=00000100 A5=FFFF80C8 A6=00FF0BF0 A7=00FF0BDE D0=0000000A D1=00000000 D2=00000006 D3=0000FFFF D4=0000FFFF D5=000000FF D6=00000004 D7=0000000A xnzvc
00:69CC  41 FA  LEA     $000A(PC),A0             A0=00006B10 A1=00C00000 A2=00007306 A3=00FF2CFE A4=00000100 A5=FFFF80C8 A6=00FF0BF0 A7=00FF0BDE D0=00000014 D1=00000000 D2=00000006 D3=0000FFFF D4=0000FFFF D5=000000FF D6=00000004 D7=0000000A xnzvc
00:69D0  D0 F0  ADDA.W  $00(A0,D0),A0            A0=000069D8 A1=00C00000 A2=00007306 A3=00FF2CFE A4=00000100 A5=FFFF80C8 A6=00FF0BF0 A7=00FF0BDE D0=00000014 D1=00000000 D2=00000006 D3=0000FFFF D4=0000FFFF D5=000000FF D6=00000004 D7=0000000A xnzvc
00:69D4  4E 90  JSR     (A0)                     A0=00006B1C A1=00C00000 A2=00007306 A3=00FF2CFE A4=00000100 A5=FFFF80C8 A6=00FF0BF0 A7=00FF0BDE D0=00000014 D1=00000000 D2=00000006 D3=0000FFFF D4=0000FFFF D5=000000FF D6=00000004 D7=0000000A xnzvc
00:6B1C  76 00  MOVEQ   #$00,D3                  A0=00006B1C A1=00C00000 A2=00007306 A3=00FF2CFE A4=00000100 A5=FFFF80C8 A6=00FF0BF0 A7=00FF0BDA D0=00000014 D1=00000000 D2=00000006 D3=0000FFFF D4=0000FFFF D5=000000FF D6=00000004 D7=0000000A xnzvc
00:6B1E  16 1A  MOVE.B  (A2)+,D3                 A0=00006B1C A1=00C00000 A2=00007306 A3=00FF2CFE A4=00000100 A5=FFFF80C8 A6=00FF0BF0 A7=00FF0BDA D0=00000014 D1=00000000 D2=00000006 D3=00000000 D4=0000FFFF D5=000000FF D6=00000004 D7=0000000A xnZvc
00:6B20  48 47  SWAP.W  D7                       A0=00006B1C A1=00C00000 A2=00007307 A3=00FF2CFE A4=00000100 A5=FFFF80C8 A6=00FF0BF0 A7=00FF0BDA D0=00000014 D1=00000000 D2=00000006 D3=00000049 D4=0000FFFF D5=000000FF D6=00000004 D7=0000000A xnzvc
00:6B22  42 47  CLR.W   D7                       A0=00006B1C A1=00C00000 A2=00007307 A3=00FF2CFE A4=00000100 A5=FFFF80C8 A6=00FF0BF0 A7=00FF0BDA D0=00000014 D1=00000000 D2=00000006 D3=00000049 D4=0000FFFF D5=000000FF D6=00000004 D7=000A0000 xnzvc
00:6B24  61 00  BSR     #$003E [00:6B64]         A0=00006B1C A1=00C00000 A2=00007307 A3=00FF2CFE A4=00000100 A5=FFFF80C8 A6=00FF0BF0 A7=00FF0BDA D0=00000014 D1=00000000 D2=00000006 D3=00000049 D4=0000FFFF D5=000000FF D6=00000004 D7=000A0000 xnZvc
00:6B64  32 87  MOVE.W  D7,(A1)                  A0=00006B1C A1=00C00000 A2=00007307 A3=00FF2CFE A4=00000100 A5=FFFF80C8 A6=00FF0BF0 A7=00FF0BD6 D0=00000014 D1=00000000 D2=00000006 D3=00000049 D4=0000FFFF D5=000000FF D6=00000004 D7=000A0000 xnZvc
00:6B66  53 2E  SUBQ.B  #1,$FFF4(A6)             A0=00006B1C A1=00C00000 A2=00007307 A3=00FF2CFE A4=00000100 A5=FFFF80C8 A6=00FF0BF0 A7=00FF0BD6 D0=00000014 D1=00000000 D2=00000006 D3=00000049 D4=0000FFFF D5=000000FF D6=00000004 D7=000A0000 xnZvc
00:6B6A  6A 08  BPL     #$08 [00:6B74]           A0=00006B1C A1=00C00000 A2=00007307 A3=00FF2CFE A4=00000100 A5=FFFF80C8 A6=00FF0BF0 A7=00FF0BD6 D0=00000014 D1=00000000 D2=00000006 D3=00000049 D4=0000FFFF D5=000000FF D6=00000004 D7=000A0000 xnzvc
00:6B74  30 2E  MOVE.W  $FFFE(A6),D0             A0=00006B1C A1=00C00000 A2=00007307 A3=00FF2CFE A4=00000100 A5=FFFF80C8 A6=00FF0BF0 A7=00FF0BD6 D0=00000014 D1=00000000 D2=00000006 D3=00000049 D4=0000FFFF D5=000000FF D6=00000004 D7=000A0000 xnzvc
00:6B78  52 40  ADDQ.W  #1,D0                    A0=00006B1C A1=00C00000 A2=00007307 A3=00FF2CFE A4=00000100 A5=FFFF80C8 A6=00FF0BF0 A7=00FF0BD6 D0=00000000 D1=00000000 D2=00000006 D3=00000049 D4=0000FFFF D5=000000FF D6=00000004 D7=000A0000 xnZvc
00:6B7A  B0 78  CMP.W   ($8A70),D0               A0=00006B1C A1=00C00000 A2=00007307 A3=00FF2CFE A4=00000100 A5=FFFF80C8 A6=00FF0BF0 A7=00FF0BD6 D0=00000001 D1=00000000 D2=00000006 D3=00000049 D4=0000FFFF D5=000000FF D6=00000004 D7=000A0000 xnzvc
00:6B7E  64 06  BCC     #$06 [00:6B86]           A0=00006B1C A1=00C00000 A2=00007307 A3=00FF2CFE A4=00000100 A5=FFFF80C8 A6=00FF0BF0 A7=00FF0BD6 D0=00000001 D1=00000000 D2=00000006 D3=00000049 D4=0000FFFF D5=000000FF D6=00000004 D7=000A0000 xNzvC
00:6B80  3D 40  MOVE.W  D0,$FFFE(A6)             A0=00006B1C A1=00C00000 A2=00007307 A3=00FF2CFE A4=00000100 A5=FFFF80C8 A6=00FF0BF0 A7=00FF0BD6 D0=00000001 D1=00000000 D2=00000006 D3=00000049 D4=0000FFFF D5=000000FF D6=00000004 D7=000A0000 xNzvC
00:6B84  4E 75  RTS                              A0=00006B1C A1=00C00000 A2=00007307 A3=00FF2CFE A4=00000100 A5=FFFF80C8 A6=00FF0BF0 A7=00FF0BD6 D0=00000001 D1=00000000 D2=00000006 D3=00000049 D4=0000FFFF D5=000000FF D6=00000004 D7=000A0000 xnzvc
00:6B28  53 43  SUBQ.W  #1,D3                    A0=00006B1C A1=00C00000 A2=00007307 A3=00FF2CFE A4=00000100 A5=FFFF80C8 A6=00FF0BF0 A7=00FF0BDA D0=00000001 D1=00000000 D2=00000006 D3=00000049 D4=0000FFFF D5=000000FF D6=00000004 D7=000A0000 xnzvc
00:6B2A  6A F8  BPL     #$F8 [00:6B24]           A0=00006B1C A1=00C00000 A2=00007307 A3=00FF2CFE A4=00000100 A5=FFFF80C8 A6=00FF0BF0 A7=00FF0BDA D0=00000001 D1=00000000 D2=00000006 D3=00000048 D4=0000FFFF D5=000000FF D6=00000004 D7=000A0000 xnzvc
00:6B24  61 00  BSR     #$003E [00:6B64]         A0=00006B1C A1=00C00000 A2=00007307 A3=00FF2CFE A4=00000100 A5=FFFF80C8 A6=00FF0BF0 A7=00FF0BDA D0=00000001 D1=00000000 D2=00000006 D3=00000048 D4=0000FFFF D5=000000FF D6=00000004 D7=000A0000 xnzvc
00:6B64  32 87  MOVE.W  D7,(A1)                  A0=00006B1C A1=00C00000 A2=00007307 A3=00FF2CFE A4=00000100 A5=FFFF80C8 A6=00FF0BF0 A7=00FF0BD6 D0=00000001 D1=00000000 D2=00000006 D3=00000048 D4=0000FFFF D5=000000FF D6=00000004 D7=000A0000 xnzvc
00:6B66  53 2E  SUBQ.B  #1,$FFF4(A6)             A0=00006B1C A1=00C00000 A2=00007307 A3=00FF2CFE A4=00000100 A5=FFFF80C8 A6=00FF0BF0 A7=00FF0BD6 D0=00000001 D1=00000000 D2=00000006 D3=00000048 D4=0000FFFF D5=000000FF D6=00000004 D7=000A0000 xnZvc
00:6B6A  6A 08  BPL     #$08 [00:6B74]           A0=00006B1C A1=00C00000 A2=00007307 A3=00FF2CFE A4=00000100 A5=FFFF80C8 A6=00FF0BF0 A7=00FF0BD6 D0=00000001 D1=00000000 D2=00000006 D3=00000048 D4=0000FFFF D5=000000FF D6=00000004 D7=000A0000 xnzvc
00:6B74  30 2E  MOVE.W  $FFFE(A6),D0             A0=00006B1C A1=00C00000 A2=00007307 A3=00FF2CFE A4=00000100 A5=FFFF80C8 A6=00FF0BF0 A7=00FF0BD6 D0=00000001 D1=00000000 D2=00000006 D3=00000048 D4=0000FFFF D5=000000FF D6=00000004 D7=000A0000 xnzvc
00:6B78  52 40  ADDQ.W  #1,D0                    A0=00006B1C A1=00C00000 A2=00007307 A3=00FF2CFE A4=00000100 A5=FFFF80C8 A6=00FF0BF0 A7=00FF0BD6 D0=00000001 D1=00000000 D2=00000006 D3=00000048 D4=0000FFFF D5=000000FF D6=00000004 D7=000A0000 xnzvc
00:6B7A  B0 78  CMP.W   ($8A70),D0               A0=00006B1C A1=00C00000 A2=00007307 A3=00FF2CFE A4=00000100 A5=FFFF80C8 A6=00FF0BF0 A7=00FF0BD6 D0=00000002 D1=00000000 D2=00000006 D3=00000048 D4=0000FFFF D5=000000FF D6=00000004 D7=000A0000 xnzvc
00:6B7E  64 06  BCC     #$06 [00:6B86]           A0=00006B1C A1=00C00000 A2=00007307 A3=00FF2CFE A4=00000100 A5=FFFF80C8 A6=00FF0BF0 A7=00FF0BD6 D0=00000002 D1=00000000 D2=00000006 D3=00000048 D4=0000FFFF D5=000000FF D6=00000004 D7=000A0000 xNzvC
00:6B80  3D 40  MOVE.W  D0,$FFFE(A6)             A0=00006B1C A1=00C00000 A2=00007307 A3=00FF2CFE A4=00000100 A5=FFFF80C8 A6=00FF0BF0 A7=00FF0BD6 D0=00000002 D1=00000000 D2=00000006 D3=00000048 D4=0000FFFF D5=000000FF D6=00000004 D7=000A0000 xNzvC
00:6B84  4E 75  RTS                              A0=00006B1C A1=00C00000 A2=00007307 A3=00FF2CFE A4=00000100 A5=FFFF80C8 A6=00FF0BF0 A7=00FF0BD6 D0=00000002 D1=00000000 D2=00000006 D3=00000048 D4=0000FFFF D5=000000FF D6=00000004 D7=000A0000 xnzvc
00:6B28  53 43  SUBQ.W  #1,D3                    A0=00006B1C A1=00C00000 A2=00007307 A3=00FF2CFE A4=00000100 A5=FFFF80C8 A6=00FF0BF0 A7=00FF0BDA D0=00000002 D1=00000000 D2=00000006 D3=00000048 D4=0000FFFF D5=000000FF D6=00000004 D7=000A0000 xnzvc
00:6B2A  6A F8  BPL     #$F8 [00:6B24]           A0=00006B1C A1=00C00000 A2=00007307 A3=00FF2CFE A4=00000100 A5=FFFF80C8 A6=00FF0BF0 A7=00FF0BDA D0=00000002 D1=00000000 D2=00000006 D3=00000047 D4=0000FFFF D5=000000FF D6=00000004 D7=000A0000 xnzvc
00:6B24  61 00  BSR     #$003E [00:6B64]         A0=00006B1C A1=00C00000 A2=00007307 A3=00FF2CFE A4=00000100 A5=FFFF80C8 A6=00FF0BF0 A7=00FF0BDA D0=00000002 D1=00000000 D2=00000006 D3=00000047 D4=0000FFFF D5=000000FF D6=00000004 D7=000A0000 xnzvc
00:6B64  32 87  MOVE.W  D7,(A1)                  A0=00006B1C A1=00C00000 A2=00007307 A3=00FF2CFE A4=00000100 A5=FFFF80C8 A6=00FF0BF0 A7=00FF0BD6 D0=00000002 D1=00000000 D2=00000006 D3=00000047 D4=0000FFFF D5=000000FF D6=00000004 D7=000A0000 xnzvc
00:6B66  53 2E  SUBQ.B  #1,$FFF4(A6)             A0=00006B1C A1=00C00000 A2=00007307 A3=00FF2CFE A4=00000100 A5=FFFF80C8 A6=00FF0BF0 A7=00FF0BD6 D0=00000002 D1=00000000 D2=00000006 D3=00000047 D4=0000FFFF D5=000000FF D6=00000004 D7=000A0000 xnZvc
00:6B6A  6A 08  BPL     #$08 [00:6B74]           A0=00006B1C A1=00C00000 A2=00007307 A3=00FF2CFE A4=00000100 A5=FFFF80C8 A6=00FF0BF0 A7=00FF0BD6 D0=00000002 D1=00000000 D2=00000006 D3=00000047 D4=0000FFFF D5=000000FF D6=00000004 D7=000A0000 xnzvc
00:6B74  30 2E  MOVE.W  $FFFE(A6),D0             A0=00006B1C A1=00C00000 A2=00007307 A3=00FF2CFE A4=00000100 A5=FFFF80C8 A6=00FF0BF0 A7=00FF0BD6 D0=00000002 D1=00000000 D2=00000006 D3=00000047 D4=0000FFFF D5=000000FF D6=00000004 D7=000A0000 xnzvc
00:6B78  52 40  ADDQ.W  #1,D0                    A0=00006B1C A1=00C00000 A2=00007307 A3=00FF2CFE A4=00000100 A5=FFFF80C8 A6=00FF0BF0 A7=00FF0BD6 D0=00000002 D1=00000000 D2=00000006 D3=00000047 D4=0000FFFF D5=000000FF D6=00000004 D7=000A0000 xnzvc
00:6B7A  B0 78  CMP.W   ($8A70),D0               A0=00006B1C A1=00C00000 A2=00007307 A3=00FF2CFE A4=00000100 A5=FFFF80C8 A6=00FF0BF0 A7=00FF0BD6 D0=00000003 D1=00000000 D2=00000006 D3=00000047 D4=0000FFFF D5=000000FF D6=00000004 D7=000A0000 xnzvc
00:6B7E  64 06  BCC     #$06 [00:6B86]           A0=00006B1C A1=00C00000 A2=00007307 A3=00FF2CFE A4=00000100 A5=FFFF80C8 A6=00FF0BF0 A7=00FF0BD6 D0=00000003 D1=00000000 D2=00000006 D3=00000047 D4=0000FFFF D5=000000FF D6=00000004 D7=000A0000 xNzvC
00:6B80  3D 40  MOVE.W  D0,$FFFE(A6)             A0=00006B1C A1=00C00000 A2=00007307 A3=00FF2CFE A4=00000100 A5=FFFF80C8 A6=00FF0BF0 A7=00FF0BD6 D0=00000003 D1=00000000 D2=00000006 D3=00000047 D4=0000FFFF D5=000000FF D6=00000004 D7=000A0000 xNzvC
00:6B84  4E 75  RTS                              A0=00006B1C A1=00C00000 A2=00007307 A3=00FF2CFE A4=00000100 A5=FFFF80C8 A6=00FF0BF0 A7=00FF0BD6 D0=00000003 D1=00000000 D2=00000006 D3=00000047 D4=0000FFFF D5=000000FF D6=00000004 D7=000A0000 xnzvc
00:6B28  53 43  SUBQ.W  #1,D3                    A0=00006B1C A1=00C00000 A2=00007307 A3=00FF2CFE A4=00000100 A5=FFFF80C8 A6=00FF0BF0 A7=00FF0BDA D0=00000003 D1=00000000 D2=00000006 D3=00000047 D4=0000FFFF D5=000000FF D6=00000004 D7=000A0000 xnzvc
00:6B2A  6A F8  BPL     #$F8 [00:6B24]           A0=00006B1C A1=00C00000 A2=00007307 A3=00FF2CFE A4=00000100 A5=FFFF80C8 A6=00FF0BF0 A7=00FF0BDA D0=00000003 D1=00000000 D2=00000006 D3=00000046 D4=0000FFFF D5=000000FF D6=00000004 D7=000A0000 xnzvc
00:6B24  61 00  BSR     #$003E [00:6B64]         A0=00006B1C A1=00C00000 A2=00007307 A3=00FF2CFE A4=00000100 A5=FFFF80C8 A6=00FF0BF0 A7=00FF0BDA D0=00000003 D1=00000000 D2=00000006 D3=00000046 D4=0000FFFF D5=000000FF D6=00000004 D7=000A0000 xnzvc
00:6B64  32 87  MOVE.W  D7,(A1)                  A0=00006B1C A1=00C00000 A2=00007307 A3=00FF2CFE A4=00000100 A5=FFFF80C8 A6=00FF0BF0 A7=00FF0BD6 D0=00000003 D1=00000000 D2=00000006 D3=00000046 D4=0000FFFF D5=000000FF D6=00000004 D7=000A0000 xnzvc
00:6B66  53 2E  SUBQ.B  #1,$FFF4(A6)             A0=00006B1C A1=00C00000 A2=00007307 A3=00FF2CFE A4=00000100 A5=FFFF80C8 A6=00FF0BF0 A7=00FF0BD6 D0=00000003 D1=00000000 D2=00000006 D3=00000046 D4=0000FFFF D5=000000FF D6=00000004 D7=000A0000 xnZvc
00:6B6A  6A 08  BPL     #$08 [00:6B74]           A0=00006B1C A1=00C00000 A2=00007307 A3=00FF2CFE A4=00000100 A5=FFFF80C8 A6=00FF0BF0 A7=00FF0BD6 D0=00000003 D1=00000000 D2=00000006 D3=00000046 D4=0000FFFF D5=000000FF D6=00000004 D7=000A0000 xnzvc
00:6B74  30 2E  MOVE.W  $FFFE(A6),D0             A0=00006B1C A1=00C00000 A2=00007307 A3=00FF2CFE A4=00000100 A5=FFFF80C8 A6=00FF0BF0 A7=00FF0BD6 D0=00000003 D1=00000000 D2=00000006 D3=00000046 D4=0000FFFF D5=000000FF D6=00000004 D7=000A0000 xnzvc
00:6B78  52 40  ADDQ.W  #1,D0                    A0=00006B1C A1=00C00000 A2=00007307 A3=00FF2CFE A4=00000100 A5=FFFF80C8 A6=00FF0BF0 A7=00FF0BD6 D0=00000003 D1=00000000 D2=00000006 D3=00000046 D4=0000FFFF D5=000000FF D6=00000004 D7=000A0000 xnzvc
00:6B7A  B0 78  CMP.W   ($8A70),D0               A0=00006B1C A1=00C00000 A2=00007307 A3=00FF2CFE A4=00000100 A5=FFFF80C8 A6=00FF0BF0 A7=00FF0BD6 D0=00000004 D1=00000000 D2=00000006 D3=00000046 D4=0000FFFF D5=000000FF D6=00000004 D7=000A0000 xnzvc
00:6B7E  64 06  BCC     #$06 [00:6B86]           A0=00006B1C A1=00C00000 A2=00007307 A3=00FF2CFE A4=00000100 A5=FFFF80C8 A6=00FF0BF0 A7=00FF0BD6 D0=00000004 D1=00000000 D2=00000006 D3=00000046 D4=0000FFFF D5=000000FF D6=00000004 D7=000A0000 xNzvC
00:6B80  3D 40  MOVE.W  D0,$FFFE(A6)             A0=00006B1C A1=00C00000 A2=00007307 A3=00FF2CFE A4=00000100 A5=FFFF80C8 A6=00FF0BF0 A7=00FF0BD6 D0=00000004 D1=00000000 D2=00000006 D3=00000046 D4=0000FFFF D5=000000FF D6=00000004 D7=000A0000 xNzvC
00:6B84  4E 75  RTS                              A0=00006B1C A1=00C00000 A2=00007307 A3=00FF2CFE A4=00000100 A5=FFFF80C8 A6=00FF0BF0 A7=00FF0BD6 D0=00000004 D1=00000000 D2=00000006 D3=00000046 D4=0000FFFF D5=000000FF D6=00000004 D7=000A0000 xnzvc
00:6B28  53 43  SUBQ.W  #1,D3                    A0=00006B1C A1=00C00000 A2=00007307 A3=00FF2CFE A4=00000100 A5=FFFF80C8 A6=00FF0BF0 A7=00FF0BDA D0=00000004 D1=00000000 D2=00000006 D3=00000046 D4=0000FFFF D5=000000FF D6=00000004 D7=000A0000 xnzvc
00:6B2A  6A F8  BPL     #$F8 [00:6B24]           A0=00006B1C A1=00C00000 A2=00007307 A3=00FF2CFE A4=00000100 A5=FFFF80C8 A6=00FF0BF0 A7=00FF0BDA D0=00000004 D1=00000000 D2=00000006 D3=00000045 D4=0000FFFF D5=000000FF D6=00000004 D7=000A0000 xnzvc
00:6B24  61 00  BSR     #$003E [00:6B64]         A0=00006B1C A1=00C00000 A2=00007307 A3=00FF2CFE A4=00000100 A5=FFFF80C8 A6=00FF0BF0 A7=00FF0BDA D0=00000004 D1=00000000 D2=00000006 D3=00000045 D4=0000FFFF D5=000000FF D6=00000004 D7=000A0000 xnzvc
00:6B64  32 87  MOVE.W  D7,(A1)                  A0=00006B1C A1=00C00000 A2=00007307 A3=00FF2CFE A4=00000100 A5=FFFF80C8 A6=00FF0BF0 A7=00FF0BD6 D0=00000004 D1=00000000 D2=00000006 D3=00000045 D4=0000FFFF D5=000000FF D6=00000004 D7=000A0000 xnzvc
00:6B66  53 2E  SUBQ.B  #1,$FFF4(A6)             A0=00006B1C A1=00C00000 A2=00007307 A3=00FF2CFE A4=00000100 A5=FFFF80C8 A6=00FF0BF0 A7=00FF0BD6 D0=00000004 D1=00000000 D2=00000006 D3=00000045 D4=0000FFFF D5=000000FF D6=00000004 D7=000A0000 xnZvc
00:6B6A  6A 08  BPL     #$08 [00:6B74]           A0=00006B1C A1=00C00000 A2=00007307 A3=00FF2CFE A4=00000100 A5=FFFF80C8 A6=00FF0BF0 A7=00FF0BD6 D0=00000004 D1=00000000 D2=00000006 D3=00000045 D4=0000FFFF D5=000000FF D6=00000004 D7=000A0000 xnzvc
00:6B74  30 2E  MOVE.W  $FFFE(A6),D0             A0=00006B1C A1=00C00000 A2=00007307 A3=00FF2CFE A4=00000100 A5=FFFF80C8 A6=00FF0BF0 A7=00FF0BD6 D0=00000004 D1=00000000 D2=00000006 D3=00000045 D4=0000FFFF D5=000000FF D6=00000004 D7=000A0000 xnzvc
00:6B78  52 40  ADDQ.W  #1,D0                    A0=00006B1C A1=00C00000 A2=00007307 A3=00FF2CFE A4=00000100 A5=FFFF80C8 A6=00FF0BF0 A7=00FF0BD6 D0=00000004 D1=00000000 D2=00000006 D3=00000045 D4=0000FFFF D5=000000FF D6=00000004 D7=000A0000 xnzvc
00:6B7A  B0 78  CMP.W   ($8A70),D0               A0=00006B1C A1=00C00000 A2=00007307 A3=00FF2CFE A4=00000100 A5=FFFF80C8 A6=00FF0BF0 A7=00FF0BD6 D0=00000005 D1=00000000 D2=00000006 D3=00000045 D4=0000FFFF D5=000000FF D6=00000004 D7=000A0000 xnzvc
00:6B7E  64 06  BCC     #$06 [00:6B86]           A0=00006B1C A1=00C00000 A2=00007307 A3=00FF2CFE A4=00000100 A5=FFFF80C8 A6=00FF0BF0 A7=00FF0BD6 D0=00000005 D1=00000000 D2=00000006 D3=00000045 D4=0000FFFF D5=000000FF D6=00000004 D7=000A0000 xNzvC
00:6B80  3D 40  MOVE.W  D0,$FFFE(A6)             A0=00006B1C A1=00C00000 A2=00007307 A3=00FF2CFE A4=00000100 A5=FFFF80C8 A6=00FF0BF0 A7=00FF0BD6 D0=00000005 D1=00000000 D2=00000006 D3=00000045 D4=0000FFFF D5=000000FF D6=00000004 D7=000A0000 xNzvC
00:6B84  4E 75  RTS                              A0=00006B1C A1=00C00000 A2=00007307 A3=00FF2CFE A4=00000100 A5=FFFF80C8 A6=00FF0BF0 A7=00FF0BD6 D0=00000005 D1=00000000 D2=00000006 D3=00000045 D4=0000FFFF D5=000000FF D6=00000004 D7=000A0000 xnzvc
00:6B28  53 43  SUBQ.W  #1,D3                    A0=00006B1C A1=00C00000 A2=00007307 A3=00FF2CFE A4=00000100 A5=FFFF80C8 A6=00FF0BF0 A7=00FF0BDA D0=00000005 D1=00000000 D2=00000006 D3=00000045 D4=0000FFFF D5=000000FF D6=00000004 D7=000A0000 xnzvc
00:6B2A  6A F8  BPL     #$F8 [00:6B24]           A0=00006B1C A1=00C00000 A2=00007307 A3=00FF2CFE A4=00000100 A5=FFFF80C8 A6=00FF0BF0 A7=00FF0BDA D0=00000005 D1=00000000 D2=00000006 D3=00000044 D4=0000FFFF D5=000000FF D6=00000004 D7=000A0000 xnzvc
00:6B24  61 00  BSR     #$003E [00:6B64]         A0=00006B1C A1=00C00000 A2=00007307 A3=00FF2CFE A4=00000100 A5=FFFF80C8 A6=00FF0BF0 A7=00FF0BDA D0=00000005 D1=00000000 D2=00000006 D3=00000044 D4=0000FFFF D5=000000FF D6=00000004 D7=000A0000 xnzvc
00:6B64  32 87  MOVE.W  D7,(A1)                  A0=00006B1C A1=00C00000 A2=00007307 A3=00FF2CFE A4=00000100 A5=FFFF80C8 A6=00FF0BF0 A7=00FF0BD6 D0=00000005 D1=00000000 D2=00000006 D3=00000044 D4=0000FFFF D5=000000FF D6=00000004 D7=000A0000 xnzvc
00:6B66  53 2E  SUBQ.B  #1,$FFF4(A6)             A0=00006B1C A1=00C00000 A2=00007307 A3=00FF2CFE A4=00000100 A5=FFFF80C8 A6=00FF0BF0 A7=00FF0BD6 D0=00000005 D1=00000000 D2=00000006 D3=00000044 D4=0000FFFF D5=000000FF D6=00000004 D7=000A0000 xnZvc
00:6B6A  6A 08  BPL     #$08 [00:6B74]           A0=00006B1C A1=00C00000 A2=00007307 A3=00FF2CFE A4=00000100 A5=FFFF80C8 A6=00FF0BF0 A7=00FF0BD6 D0=00000005 D1=00000000 D2=00000006 D3=00000044 D4=0000FFFF D5=000000FF D6=00000004 D7=000A0000 xnzvc
00:6B74  30 2E  MOVE.W  $FFFE(A6),D0             A0=00006B1C A1=00C00000 A2=00007307 A3=00FF2CFE A4=00000100 A5=FFFF80C8 A6=00FF0BF0 A7=00FF0BD6 D0=00000005 D1=00000000 D2=00000006 D3=00000044 D4=0000FFFF D5=000000FF D6=00000004 D7=000A0000 xnzvc
00:6B78  52 40  ADDQ.W  #1,D0                    A0=00006B1C A1=00C00000 A2=00007307 A3=00FF2CFE A4=00000100 A5=FFFF80C8 A6=00FF0BF0 A7=00FF0BD6 D0=00000005 D1=00000000 D2=00000006 D3=00000044 D4=0000FFFF D5=000000FF D6=00000004 D7=000A0000 xnzvc
00:6B7A  B0 78  CMP.W   ($8A70),D0               A0=00006B1C A1=00C00000 A2=00007307 A3=00FF2CFE A4=00000100 A5=FFFF80C8 A6=00FF0BF0 A7=00FF0BD6 D0=00000006 D1=00000000 D2=00000006 D3=00000044 D4=0000FFFF D5=000000FF D6=00000004 D7=000A0000 xnzvc
00:6B7E  64 06  BCC     #$06 [00:6B86]           A0=00006B1C A1=00C00000 A2=00007307 A3=00FF2CFE A4=00000100 A5=FFFF80C8 A6=00FF0BF0 A7=00FF0BD6 D0=00000006 D1=00000000 D2=00000006 D3=00000044 D4=0000FFFF D5=000000FF D6=00000004 D7=000A0000 xNzvC
00:6B80  3D 40  MOVE.W  D0,$FFFE(A6)             A0=00006B1C A1=00C00000 A2=00007307 A3=00FF2CFE A4=00000100 A5=FFFF80C8 A6=00FF0BF0 A7=00FF0BD6 D0=00000006 D1=00000000 D2=00000006 D3=00000044 D4=0000FFFF D5=000000FF D6=00000004 D7=000A0000 xNzvC
00:6B84  4E 75  RTS                              A0=00006B1C A1=00C00000 A2=00007307 A3=00FF2CFE A4=00000100 A5=FFFF80C8 A6=00FF0BF0 A7=00FF0BD6 D0=00000006 D1=00000000 D2=00000006 D3=00000044 D4=0000FFFF D5=000000FF D6=00000004 D7=000A0000 xnzvc
00:6B28  53 43  SUBQ.W  #1,D3                    A0=00006B1C A1=00C00000 A2=00007307 A3=00FF2CFE A4=00000100 A5=FFFF80C8 A6=00FF0BF0 A7=00FF0BDA D0=00000006 D1=00000000 D2=00000006 D3=00000044 D4=0000FFFF D5=000000FF D6=00000004 D7=000A0000 xnzvc
00:6B2A  6A F8  BPL     #$F8 [00:6B24]           A0=00006B1C A1=00C00000 A2=00007307 A3=00FF2CFE A4=00000100 A5=FFFF80C8 A6=00FF0BF0 A7=00FF0BDA D0=00000006 D1=00000000 D2=00000006 D3=00000043 D4=0000FFFF D5=000000FF D6=00000004 D7=000A0000 xnzvc
00:6B24  61 00  BSR     #$003E [00:6B64]         A0=00006B1C A1=00C00000 A2=00007307 A3=00FF2CFE A4=00000100 A5=FFFF80C8 A6=00FF0BF0 A7=00FF0BDA D0=00000006 D1=00000000 D2=00000006 D3=00000043 D4=0000FFFF D5=000000FF D6=00000004 D7=000A0000 xnzvc
00:6B64  32 87  MOVE.W  D7,(A1)                  A0=00006B1C A1=00C00000 A2=00007307 A3=00FF2CFE A4=00000100 A5=FFFF80C8 A6=00FF0BF0 A7=00FF0BD6 D0=00000006 D1=00000000 D2=00000006 D3=00000043 D4=0000FFFF D5=000000FF D6=00000004 D7=000A0000 xnzvc
00:6B66  53 2E  SUBQ.B  #1,$FFF4(A6)             A0=00006B1C A1=00C00000 A2=00007307 A3=00FF2CFE A4=00000100 A5=FFFF80C8 A6=00FF0BF0 A7=00FF0BD6 D0=00000006 D1=00000000 D2=00000006 D3=00000043 D4=0000FFFF D5=000000FF D6=00000004 D7=000A0000 xnZvc
00:6B6A  6A 08  BPL     #$08 [00:6B74]           A0=00006B1C A1=00C00000 A2=00007307 A3=00FF2CFE A4=00000100 A5=FFFF80C8 A6=00FF0BF0 A7=00FF0BD6 D0=00000006 D1=00000000 D2=00000006 D3=00000043 D4=0000FFFF D5=000000FF D6=00000004 D7=000A0000 xnzvc
00:6B74  30 2E  MOVE.W  $FFFE(A6),D0             A0=00006B1C A1=00C00000 A2=00007307 A3=00FF2CFE A4=00000100 A5=FFFF80C8 A6=00FF0BF0 A7=00FF0BD6 D0=00000006 D1=00000000 D2=00000006 D3=00000043 D4=0000FFFF D5=000000FF D6=00000004 D7=000A0000 xnzvc
00:6B78  52 40  ADDQ.W  #1,D0                    A0=00006B1C A1=00C00000 A2=00007307 A3=00FF2CFE A4=00000100 A5=FFFF80C8 A6=00FF0BF0 A7=00FF0BD6 D0=00000006 D1=00000000 D2=00000006 D3=00000043 D4=0000FFFF D5=000000FF D6=00000004 D7=000A0000 xnzvc
00:6B7A  B0 78  CMP.W   ($8A70),D0               A0=00006B1C A1=00C00000 A2=00007307 A3=00FF2CFE A4=00000100 A5=FFFF80C8 A6=00FF0BF0 A7=00FF0BD6 D0=00000007 D1=00000000 D2=00000006 D3=00000043 D4=0000FFFF D5=000000FF D6=00000004 D7=000A0000 xnzvc
00:6B7E  64 06  BCC     #$06 [00:6B86]           A0=00006B1C A1=00C00000 A2=00007307 A3=00FF2CFE A4=00000100 A5=FFFF80C8 A6=00FF0BF0 A7=00FF0BD6 D0=00000007 D1=00000000 D2=00000006 D3=00000043 D4=0000FFFF D5=000000FF D6=00000004 D7=000A0000 xNzvC
00:6B80  3D 40  MOVE.W  D0,$FFFE(A6)             A0=00006B1C A1=00C00000 A2=00007307 A3=00FF2CFE A4=00000100 A5=FFFF80C8 A6=00FF0BF0 A7=00FF0BD6 D0=00000007 D1=00000000 D2=00000006 D3=00000043 D4=0000FFFF D5=000000FF D6=00000004 D7=000A0000 xNzvC
00:6B84  4E 75  RTS                              A0=00006B1C A1=00C00000 A2=00007307 A3=00FF2CFE A4=00000100 A5=FFFF80C8 A6=00FF0BF0 A7=00FF0BD6 D0=00000007 D1=00000000 D2=00000006 D3=00000043 D4=0000FFFF D5=000000FF D6=00000004 D7=000A0000 xnzvc
00:6B28  53 43  SUBQ.W  #1,D3                    A0=00006B1C A1=00C00000 A2=00007307 A3=00FF2CFE A4=00000100 A5=FFFF80C8 A6=00FF0BF0 A7=00FF0BDA D0=00000007 D1=00000000 D2=00000006 D3=00000043 D4=0000FFFF D5=000000FF D6=00000004 D7=000A0000 xnzvc
00:6B2A  6A F8  BPL     #$F8 [00:6B24]           A0=00006B1C A1=00C00000 A2=00007307 A3=00FF2CFE A4=00000100 A5=FFFF80C8 A6=00FF0BF0 A7=00FF0BDA D0=00000007 D1=00000000 D2=00000006 D3=00000042 D4=0000FFFF D5=000000FF D6=00000004 D7=000A0000 xnzvc
00:6B24  61 00  BSR     #$003E [00:6B64]         A0=00006B1C A1=00C00000 A2=00007307 A3=00FF2CFE A4=00000100 A5=FFFF80C8 A6=00FF0BF0 A7=00FF0BDA D0=00000007 D1=00000000 D2=00000006 D3=00000042 D4=0000FFFF D5=000000FF D6=00000004 D7=000A0000 xnzvc
00:6B64  32 87  MOVE.W  D7,(A1)                  A0=00006B1C A1=00C00000 A2=00007307 A3=00FF2CFE A4=00000100 A5=FFFF80C8 A6=00FF0BF0 A7=00FF0BD6 D0=00000007 D1=00000000 D2=00000006 D3=00000042 D4=0000FFFF D5=000000FF D6=00000004 D7=000A0000 xnzvc
00:6B66  53 2E  SUBQ.B  #1,$FFF4(A6)             A0=00006B1C A1=00C00000 A2=00007307 A3=00FF2CFE A4=00000100 A5=FFFF80C8 A6=00FF0BF0 A7=00FF0BD6 D0=00000007 D1=00000000 D2=00000006 D3=00000042 D4=0000FFFF D5=000000FF D6=00000004 D7=000A0000 xnZvc
00:6B6A  6A 08  BPL     #$08 [00:6B74]           A0=00006B1C A1=00C00000 A2=00007307 A3=00FF2CFE A4=00000100 A5=FFFF80C8 A6=00FF0BF0 A7=00FF0BD6 D0=00000007 D1=00000000 D2=00000006 D3=00000042 D4=0000FFFF D5=000000FF D6=00000004 D7=000A0000 xnzvc
00:6B74  30 2E  MOVE.W  $FFFE(A6),D0             A0=00006B1C A1=00C00000 A2=00007307 A3=00FF2CFE A4=00000100 A5=FFFF80C8 A6=00FF0BF0 A7=00FF0BD6 D0=00000007 D1=00000000 D2=00000006 D3=00000042 D4=0000FFFF D5=000000FF D6=00000004 D7=000A0000 xnzvc
00:6B78  52 40  ADDQ.W  #1,D0                    A0=00006B1C A1=00C00000 A2=00007307 A3=00FF2CFE A4=00000100 A5=FFFF80C8 A6=00FF0BF0 A7=00FF0BD6 D0=00000007 D1=00000000 D2=00000006 D3=00000042 D4=0000FFFF D5=000000FF D6=00000004 D7=000A0000 xnzvc
00:6B7A  B0 78  CMP.W   ($8A70),D0               A0=00006B1C A1=00C00000 A2=00007307 A3=00FF2CFE A4=00000100 A5=FFFF80C8 A6=00FF0BF0 A7=00FF0BD6 D0=00000008 D1=00000000 D2=00000006 D3=00000042 D4=0000FFFF D5=000000FF D6=00000004 D7=000A0000 xnzvc
00:6B7E  64 06  BCC     #$06 [00:6B86]           A0=00006B1C A1=00C00000 A2=00007307 A3=00FF2CFE A4=00000100 A5=FFFF80C8 A6=00FF0BF0 A7=00FF0BD6 D0=00000008 D1=00000000 D2=00000006 D3=00000042 D4=0000FFFF D5=000000FF D6=00000004 D7=000A0000 xNzvC
00:6B80  3D 40  MOVE.W  D0,$FFFE(A6)             A0=00006B1C A1=00C00000 A2=00007307 A3=00FF2CFE A4=00000100 A5=FFFF80C8 A6=00FF0BF0 A7=00FF0BD6 D0=00000008 D1=00000000 D2=00000006 D3=00000042 D4=0000FFFF D5=000000FF D6=00000004 D7=000A0000 xNzvC
00:6B84  4E 75  RTS                              A0=00006B1C A1=00C00000 A2=00007307 A3=00FF2CFE A4=00000100 A5=FFFF80C8 A6=00FF0BF0 A7=00FF0BD6 D0=00000008 D1=00000000 D2=00000006 D3=00000042 D4=0000FFFF D5=000000FF D6=00000004 D7=000A0000 xnzvc
00:6B28  53 43  SUBQ.W  #1,D3                    A0=00006B1C A1=00C00000 A2=00007307 A3=00FF2CFE A4=00000100 A5=FFFF80C8 A6=00FF0BF0 A7=00FF0BDA D0=00000008 D1=00000000 D2=00000006 D3=00000042 D4=0000FFFF D5=000000FF D6=00000004 D7=000A0000 xnzvc
00:6B2A  6A F8  BPL     #$F8 [00:6B24]           A0=00006B1C A1=00C00000 A2=00007307 A3=00FF2CFE A4=00000100 A5=FFFF80C8 A6=00FF0BF0 A7=00FF0BDA D0=00000008 D1=00000000 D2=00000006 D3=00000041 D4=0000FFFF D5=000000FF D6=00000004 D7=000A0000 xnzvc
00:6B24  61 00  BSR     #$003E [00:6B64]         A0=00006B1C A1=00C00000 A2=00007307 A3=00FF2CFE A4=00000100 A5=FFFF80C8 A6=00FF0BF0 A7=00FF0BDA D0=00000008 D1=00000000 D2=00000006 D3=00000041 D4=0000FFFF D5=000000FF D6=00000004 D7=000A0000 xnzvc
00:6B64  32 87  MOVE.W  D7,(A1)                  A0=00006B1C A1=00C00000 A2=00007307 A3=00FF2CFE A4=00000100 A5=FFFF80C8 A6=00FF0BF0 A7=00FF0BD6 D0=00000008 D1=00000000 D2=00000006 D3=00000041 D4=0000FFFF D5=000000FF D6=00000004 D7=000A0000 xnzvc
00:6B66  53 2E  SUBQ.B  #1,$FFF4(A6)             A0=00006B1C A1=00C00000 A2=00007307 A3=00FF2CFE A4=00000100 A5=FFFF80C8 A6=00FF0BF0 A7=00FF0BD6 D0=00000008 D1=00000000 D2=00000006 D3=00000041 D4=0000FFFF D5=000000FF D6=00000004 D7=000A0000 xnZvc
00:6B6A  6A 08  BPL     #$08 [00:6B74]           A0=00006B1C A1=00C00000 A2=00007307 A3=00FF2CFE A4=00000100 A5=FFFF80C8 A6=00FF0BF0 A7=00FF0BD6 D0=00000008 D1=00000000 D2=00000006 D3=00000041 D4=0000FFFF D5=000000FF D6=00000004 D7=000A0000 xnzvc
00:6B74  30 2E  MOVE.W  $FFFE(A6),D0             A0=00006B1C A1=00C00000 A2=00007307 A3=00FF2CFE A4=00000100 A5=FFFF80C8 A6=00FF0BF0 A7=00FF0BD6 D0=00000008 D1=00000000 D2=00000006 D3=00000041 D4=0000FFFF D5=000000FF D6=00000004 D7=000A0000 xnzvc
00:6B78  52 40  ADDQ.W  #1,D0                    A0=00006B1C A1=00C00000 A2=00007307 A3=00FF2CFE A4=00000100 A5=FFFF80C8 A6=00FF0BF0 A7=00FF0BD6 D0=00000008 D1=00000000 D2=00000006 D3=00000041 D4=0000FFFF D5=000000FF D6=00000004 D7=000A0000 xnzvc
00:6B7A  B0 78  CMP.W   ($8A70),D0               A0=00006B1C A1=00C00000 A2=00007307 A3=00FF2CFE A4=00000100 A5=FFFF80C8 A6=00FF0BF0 A7=00FF0BD6 D0=00000009 D1=00000000 D2=00000006 D3=00000041 D4=0000FFFF D5=000000FF D6=00000004 D7=000A0000 xnzvc
00:6B7E  64 06  BCC     #$06 [00:6B86]           A0=00006B1C A1=00C00000 A2=00007307 A3=00FF2CFE A4=00000100 A5=FFFF80C8 A6=00FF0BF0 A7=00FF0BD6 D0=00000009 D1=00000000 D2=00000006 D3=00000041 D4=0000FFFF D5=000000FF D6=00000004 D7=000A0000 xNzvC
00:6B80  3D 40  MOVE.W  D0,$FFFE(A6)             A0=00006B1C A1=00C00000 A2=00007307 A3=00FF2CFE A4=00000100 A5=FFFF80C8 A6=00FF0BF0 A7=00FF0BD6 D0=00000009 D1=00000000 D2=00000006 D3=00000041 D4=0000FFFF D5=000000FF D6=00000004 D7=000A0000 xNzvC
00:6B84  4E 75  RTS                              A0=00006B1C A1=00C00000 A2=00007307 A3=00FF2CFE A4=00000100 A5=FFFF80C8 A6=00FF0BF0 A7=00FF0BD6 D0=00000009 D1=00000000 D2=00000006 D3=00000041 D4=0000FFFF D5=000000FF D6=00000004 D7=000A0000 xnzvc
00:6B28  53 43  SUBQ.W  #1,D3                    A0=00006B1C A1=00C00000 A2=00007307 A3=00FF2CFE A4=00000100 A5=FFFF80C8 A6=00FF0BF0 A7=00FF0BDA D0=00000009 D1=00000000 D2=00000006 D3=00000041 D4=0000FFFF D5=000000FF D6=00000004 D7=000A0000 xnzvc
00:6B2A  6A F8  BPL     #$F8 [00:6B24]           A0=00006B1C A1=00C00000 A2=00007307 A3=00FF2CFE A4=00000100 A5=FFFF80C8 A6=00FF0BF0 A7=00FF0BDA D0=00000009 D1=00000000 D2=00000006 D3=00000040 D4=0000FFFF D5=000000FF D6=00000004 D7=000A0000 xnzvc
00:6B24  61 00  BSR     #$003E [00:6B64]         A0=00006B1C A1=00C00000 A2=00007307 A3=00FF2CFE A4=00000100 A5=FFFF80C8 A6=00FF0BF0 A7=00FF0BDA D0=00000009 D1=00000000 D2=00000006 D3=00000040 D4=0000FFFF D5=000000FF D6=00000004 D7=000A0000 xnzvc
00:6B64  32 87  MOVE.W  D7,(A1)                  A0=00006B1C A1=00C00000 A2=00007307 A3=00FF2CFE A4=00000100 A5=FFFF80C8 A6=00FF0BF0 A7=00FF0BD6 D0=00000009 D1=00000000 D2=00000006 D3=00000040 D4=0000FFFF D5=000000FF D6=00000004 D7=000A0000 xnzvc
00:6B66  53 2E  SUBQ.B  #1,$FFF4(A6)             A0=00006B1C A1=00C00000 A2=00007307 A3=00FF2CFE A4=00000100 A5=FFFF80C8 A6=00FF0BF0 A7=00FF0BD6 D0=00000009 D1=00000000 D2=00000006 D3=00000040 D4=0000FFFF D5=000000FF D6=00000004 D7=000A0000 xnZvc
00:6B6A  6A 08  BPL     #$08 [00:6B74]           A0=00006B1C A1=00C00000 A2=00007307 A3=00FF2CFE A4=00000100 A5=FFFF80C8 A6=00FF0BF0 A7=00FF0BD6 D0=00000009 D1=00000000 D2=00000006 D3=00000040 D4=0000FFFF D5=000000FF D6=00000004 D7=000A0000 xnzvc
00:6B74  30 2E  MOVE.W  $FFFE(A6),D0             A0=00006B1C A1=00C00000 A2=00007307 A3=00FF2CFE A4=00000100 A5=FFFF80C8 A6=00FF0BF0 A7=00FF0BD6 D0=00000009 D1=00000000 D2=00000006 D3=00000040 D4=0000FFFF D5=000000FF D6=00000004 D7=000A0000 xnzvc
00:6B78  52 40  ADDQ.W  #1,D0                    A0=00006B1C A1=00C00000 A2=00007307 A3=00FF2CFE A4=00000100 A5=FFFF80C8 A6=00FF0BF0 A7=00FF0BD6 D0=00000009 D1=00000000 D2=00000006 D3=00000040 D4=0000FFFF D5=000000FF D6=00000004 D7=000A0000 xnzvc
00:6B7A  B0 78  CMP.W   ($8A70),D0               A0=00006B1C A1=00C00000 A2=00007307 A3=00FF2CFE A4=00000100 A5=FFFF80C8 A6=00FF0BF0 A7=00FF0BD6 D0=0000000A D1=00000000 D2=00000006 D3=00000040 D4=0000FFFF D5=000000FF D6=00000004 D7=000A0000 xnzvc
00:6B7E  64 06  BCC     #$06 [00:6B86]           A0=00006B1C A1=00C00000 A2=00007307 A3=00FF2CFE A4=00000100 A5=FFFF80C8 A6=00FF0BF0 A7=00FF0BD6 D0=0000000A D1=00000000 D2=00000006 D3=00000040 D4=0000FFFF D5=000000FF D6=00000004 D7=000A0000 xNzvC
00:6B80  3D 40  MOVE.W  D0,$FFFE(A6)             A0=00006B1C A1=00C00000 A2=00007307 A3=00FF2CFE A4=00000100 A5=FFFF80C8 A6=00FF0BF0 A7=00FF0BD6 D0=0000000A D1=00000000 D2=00000006 D3=00000040 D4=0000FFFF D5=000000FF D6=00000004 D7=000A0000 xNzvC
00:6B84  4E 75  RTS                              A0=00006B1C A1=00C00000 A2=00007307 A3=00FF2CFE A4=00000100 A5=FFFF80C8 A6=00FF0BF0 A7=00FF0BD6 D0=0000000A D1=00000000 D2=00000006 D3=00000040 D4=0000FFFF D5=000000FF D6=00000004 D7=000A0000 xnzvc
00:6B28  53 43  SUBQ.W  #1,D3                    A0=00006B1C A1=00C00000 A2=00007307 A3=00FF2CFE A4=00000100 A5=FFFF80C8 A6=00FF0BF0 A7=00FF0BDA D0=0000000A D1=00000000 D2=00000006 D3=00000040 D4=0000FFFF D5=000000FF D6=00000004 D7=000A0000 xnzvc
00:6B2A  6A F8  BPL     #$F8 [00:6B24]           A0=00006B1C A1=00C00000 A2=00007307 A3=00FF2CFE A4=00000100 A5=FFFF80C8 A6=00FF0BF0 A7=00FF0BDA D0=0000000A D1=00000000 D2=00000006 D3=0000003F D4=0000FFFF D5=000000FF D6=00000004 D7=000A0000 xnzvc
00:6B24  61 00  BSR     #$003E [00:6B64]         A0=00006B1C A1=00C00000 A2=00007307 A3=00FF2CFE A4=00000100 A5=FFFF80C8 A6=00FF0BF0 A7=00FF0BDA D0=0000000A D1=00000000 D2=00000006 D3=0000003F D4=0000FFFF D5=000000FF D6=00000004 D7=000A0000 xnzvc
00:6B64  32 87  MOVE.W  D7,(A1)                  A0=00006B1C A1=00C00000 A2=00007307 A3=00FF2CFE A4=00000100 A5=FFFF80C8 A6=00FF0BF0 A7=00FF0BD6 D0=0000000A D1=00000000 D2=00000006 D3=0000003F D4=0000FFFF D5=000000FF D6=00000004 D7=000A0000 xnzvc
00:6B66  53 2E  SUBQ.B  #1,$FFF4(A6)             A0=00006B1C A1=00C00000 A2=00007307 A3=00FF2CFE A4=00000100 A5=FFFF80C8 A6=00FF0BF0 A7=00FF0BD6 D0=0000000A D1=00000000 D2=00000006 D3=0000003F D4=0000FFFF D5=000000FF D6=00000004 D7=000A0000 xnZvc
00:6B6A  6A 08  BPL     #$08 [00:6B74]           A0=00006B1C A1=00C00000 A2=00007307 A3=00FF2CFE A4=00000100 A5=FFFF80C8 A6=00FF0BF0 A7=00FF0BD6 D0=0000000A D1=00000000 D2=00000006 D3=0000003F D4=0000FFFF D5=000000FF D6=00000004 D7=000A0000 xnzvc
00:6B74  30 2E  MOVE.W  $FFFE(A6),D0             A0=00006B1C A1=00C00000 A2=00007307 A3=00FF2CFE A4=00000100 A5=FFFF80C8 A6=00FF0BF0 A7=00FF0BD6 D0=0000000A D1=00000000 D2=00000006 D3=0000003F D4=0000FFFF D5=000000FF D6=00000004 D7=000A0000 xnzvc
00:6B78  52 40  ADDQ.W  #1,D0                    A0=00006B1C A1=00C00000 A2=00007307 A3=00FF2CFE A4=00000100 A5=FFFF80C8 A6=00FF0BF0 A7=00FF0BD6 D0=0000000A D1=00000000 D2=00000006 D3=0000003F D4=0000FFFF D5=000000FF D6=00000004 D7=000A0000 xnzvc
00:6B7A  B0 78  CMP.W   ($8A70),D0               A0=00006B1C A1=00C00000 A2=00007307 A3=00FF2CFE A4=00000100 A5=FFFF80C8 A6=00FF0BF0 A7=00FF0BD6 D0=0000000B D1=00000000 D2=00000006 D3=0000003F D4=0000FFFF D5=000000FF D6=00000004 D7=000A0000 xnzvc
00:6B7E  64 06  BCC     #$06 [00:6B86]           A0=00006B1C A1=00C00000 A2=00007307 A3=00FF2CFE A4=00000100 A5=FFFF80C8 A6=00FF0BF0 A7=00FF0BD6 D0=0000000B D1=00000000 D2=00000006 D3=0000003F D4=0000FFFF D5=000000FF D6=00000004 D7=000A0000 xNzvC
00:6B80  3D 40  MOVE.W  D0,$FFFE(A6)             A0=00006B1C A1=00C00000 A2=00007307 A3=00FF2CFE A4=00000100 A5=FFFF80C8 A6=00FF0BF0 A7=00FF0BD6 D0=0000000B D1=00000000 D2=00000006 D3=0000003F D4=0000FFFF D5=000000FF D6=00000004 D7=000A0000 xNzvC
00:6B84  4E 75  RTS                              A0=00006B1C A1=00C00000 A2=00007307 A3=00FF2CFE A4=00000100 A5=FFFF80C8 A6=00FF0BF0 A7=00FF0BD6 D0=0000000B D1=00000000 D2=00000006 D3=0000003F D4=0000FFFF D5=000000FF D6=00000004 D7=000A0000 xnzvc
00:6B28  53 43  SUBQ.W  #1,D3                    A0=00006B1C A1=00C00000 A2=00007307 A3=00FF2CFE A4=00000100 A5=FFFF80C8 A6=00FF0BF0 A7=00FF0BDA D0=0000000B D1=00000000 D2=00000006 D3=0000003F D4=0000FFFF D5=000000FF D6=00000004 D7=000A0000 xnzvc
00:6B2A  6A F8  BPL     #$F8 [00:6B24]           A0=00006B1C A1=00C00000 A2=00007307 A3=00FF2CFE A4=00000100 A5=FFFF80C8 A6=00FF0BF0 A7=00FF0BDA D0=0000000B D1=00000000 D2=00000006 D3=0000003E D4=0000FFFF D5=000000FF D6=00000004 D7=000A0000 xnzvc
00:6B24  61 00  BSR     #$003E [00:6B64]         A0=00006B1C A1=00C00000 A2=00007307 A3=00FF2CFE A4=00000100 A5=FFFF80C8 A6=00FF0BF0 A7=00FF0BDA D0=0000000B D1=00000000 D2=00000006 D3=0000003E D4=0000FFFF D5=000000FF D6=00000004 D7=000A0000 xnzvc
00:6B64  32 87  MOVE.W  D7,(A1)                  A0=00006B1C A1=00C00000 A2=00007307 A3=00FF2CFE A4=00000100 A5=FFFF80C8 A6=00FF0BF0 A7=00FF0BD6 D0=0000000B D1=00000000 D2=00000006 D3=0000003E D4=0000FFFF D5=000000FF D6=00000004 D7=000A0000 xnzvc
00:6B66  53 2E  SUBQ.B  #1,$FFF4(A6)             A0=00006B1C A1=00C00000 A2=00007307 A3=00FF2CFE A4=00000100 A5=FFFF80C8 A6=00FF0BF0 A7=00FF0BD6 D0=0000000B D1=00000000 D2=00000006 D3=0000003E D4=0000FFFF D5=000000FF D6=00000004 D7=000A0000 xnZvc
00:6B6A  6A 08  BPL     #$08 [00:6B74]           A0=00006B1C A1=00C00000 A2=00007307 A3=00FF2CFE A4=00000100 A5=FFFF80C8 A6=00FF0BF0 A7=00FF0BD6 D0=0000000B D1=00000000 D2=00000006 D3=0000003E D4=0000FFFF D5=000000FF D6=00000004 D7=000A0000 xnzvc
00:6B74  30 2E  MOVE.W  $FFFE(A6),D0             A0=00006B1C A1=00C00000 A2=00007307 A3=00FF2CFE A4=00000100 A5=FFFF80C8 A6=00FF0BF0 A7=00FF0BD6 D0=0000000B D1=00000000 D2=00000006 D3=0000003E D4=0000FFFF D5=000000FF D6=00000004 D7=000A0000 xnzvc
00:6B78  52 40  ADDQ.W  #1,D0                    A0=00006B1C A1=00C00000 A2=00007307 A3=00FF2CFE A4=00000100 A5=FFFF80C8 A6=00FF0BF0 A7=00FF0BD6 D0=0000000B D1=00000000 D2=00000006 D3=0000003E D4=0000FFFF D5=000000FF D6=00000004 D7=000A0000 xnzvc
00:6B7A  B0 78  CMP.W   ($8A70),D0               A0=00006B1C A1=00C00000 A2=00007307 A3=00FF2CFE A4=00000100 A5=FFFF80C8 A6=00FF0BF0 A7=00FF0BD6 D0=0000000C D1=00000000 D2=00000006 D3=0000003E D4=0000FFFF D5=000000FF D6=00000004 D7=000A0000 xnzvc
00:6B7E  64 06  BCC     #$06 [00:6B86]           A0=00006B1C A1=00C00000 A2=00007307 A3=00FF2CFE A4=00000100 A5=FFFF80C8 A6=00FF0BF0 A7=00FF0BD6 D0=0000000C D1=00000000 D2=00000006 D3=0000003E D4=0000FFFF D5=000000FF D6=00000004 D7=000A0000 xNzvC
00:6B80  3D 40  MOVE.W  D0,$FFFE(A6)             A0=00006B1C A1=00C00000 A2=00007307 A3=00FF2CFE A4=00000100 A5=FFFF80C8 A6=00FF0BF0 A7=00FF0BD6 D0=0000000C D1=00000000 D2=00000006 D3=0000003E D4=0000FFFF D5=000000FF D6=00000004 D7=000A0000 xNzvC
00:6B84  4E 75  RTS                              A0=00006B1C A1=00C00000 A2=00007307 A3=00FF2CFE A4=00000100 A5=FFFF80C8 A6=00FF0BF0 A7=00FF0BD6 D0=0000000C D1=00000000 D2=00000006 D3=0000003E D4=0000FFFF D5=000000FF D6=00000004 D7=000A0000 xnzvc
00:6B28  53 43  SUBQ.W  #1,D3                    A0=00006B1C A1=00C00000 A2=00007307 A3=00FF2CFE A4=00000100 A5=FFFF80C8 A6=00FF0BF0 A7=00FF0BDA D0=0000000C D1=00000000 D2=00000006 D3=0000003E D4=0000FFFF D5=000000FF D6=00000004 D7=000A0000 xnzvc
00:6B2A  6A F8  BPL     #$F8 [00:6B24]           A0=00006B1C A1=00C00000 A2=00007307 A3=00FF2CFE A4=00000100 A5=FFFF80C8 A6=00FF0BF0 A7=00FF0BDA D0=0000000C D1=00000000 D2=00000006 D3=0000003D D4=0000FFFF D5=000000FF D6=00000004 D7=000A0000 xnzvc
00:6B24  61 00  BSR     #$003E [00:6B64]         A0=00006B1C A1=00C00000 A2=00007307 A3=00FF2CFE A4=00000100 A5=FFFF80C8 A6=00FF0BF0 A7=00FF0BDA D0=0000000C D1=00000000 D2=00000006 D3=0000003D D4=0000FFFF D5=000000FF D6=00000004 D7=000A0000 xnzvc
00:6B64  32 87  MOVE.W  D7,(A1)                  A0=00006B1C A1=00C00000 A2=00007307 A3=00FF2CFE A4=00000100 A5=FFFF80C8 A6=00FF0BF0 A7=00FF0BD6 D0=0000000C D1=00000000 D2=00000006 D3=0000003D D4=0000FFFF D5=000000FF D6=00000004 D7=000A0000 xnzvc
00:6B66  53 2E  SUBQ.B  #1,$FFF4(A6)             A0=00006B1C A1=00C00000 A2=00007307 A3=00FF2CFE A4=00000100 A5=FFFF80C8 A6=00FF0BF0 A7=00FF0BD6 D0=0000000C D1=00000000 D2=00000006 D3=0000003D D4=0000FFFF D5=000000FF D6=00000004 D7=000A0000 xnZvc
00:6B6A  6A 08  BPL     #$08 [00:6B74]           A0=00006B1C A1=00C00000 A2=00007307 A3=00FF2CFE A4=00000100 A5=FFFF80C8 A6=00FF0BF0 A7=00FF0BD6 D0=0000000C D1=00000000 D2=00000006 D3=0000003D D4=0000FFFF D5=000000FF D6=00000004 D7=000A0000 xnzvc
00:6B74  30 2E  MOVE.W  $FFFE(A6),D0             A0=00006B1C A1=00C00000 A2=00007307 A3=00FF2CFE A4=00000100 A5=FFFF80C8 A6=00FF0BF0 A7=00FF0BD6 D0=0000000C D1=00000000 D2=00000006 D3=0000003D D4=0000FFFF D5=000000FF D6=00000004 D7=000A0000 xnzvc
00:6B78  52 40  ADDQ.W  #1,D0                    A0=00006B1C A1=00C00000 A2=00007307 A3=00FF2CFE A4=00000100 A5=FFFF80C8 A6=00FF0BF0 A7=00FF0BD6 D0=0000000C D1=00000000 D2=00000006 D3=0000003D D4=0000FFFF D5=000000FF D6=00000004 D7=000A0000 xnzvc
00:6B7A  B0 78  CMP.W   ($8A70),D0               A0=00006B1C A1=00C00000 A2=00007307 A3=00FF2CFE A4=00000100 A5=FFFF80C8 A6=00FF0BF0 A7=00FF0BD6 D0=0000000D D1=00000000 D2=00000006 D3=0000003D D4=0000FFFF D5=000000FF D6=00000004 D7=000A0000 xnzvc
00:6B7E  64 06  BCC     #$06 [00:6B86]           A0=00006B1C A1=00C00000 A2=00007307 A3=00FF2CFE A4=00000100 A5=FFFF80C8 A6=00FF0BF0 A7=00FF0BD6 D0=0000000D D1=00000000 D2=00000006 D3=0000003D D4=0000FFFF D5=000000FF D6=00000004 D7=000A0000 xNzvC
00:6B80  3D 40  MOVE.W  D0,$FFFE(A6)             A0=00006B1C A1=00C00000 A2=00007307 A3=00FF2CFE A4=00000100 A5=FFFF80C8 A6=00FF0BF0 A7=00FF0BD6 D0=0000000D D1=00000000 D2=00000006 D3=0000003D D4=0000FFFF D5=000000FF D6=00000004 D7=000A0000 xNzvC
00:6B84  4E 75  RTS                              A0=00006B1C A1=00C00000 A2=00007307 A3=00FF2CFE A4=00000100 A5=FFFF80C8 A6=00FF0BF0 A7=00FF0BD6 D0=0000000D D1=00000000 D2=00000006 D3=0000003D D4=0000FFFF D5=000000FF D6=00000004 D7=000A0000 xnzvc
00:6B28  53 43  SUBQ.W  #1,D3                    A0=00006B1C A1=00C00000 A2=00007307 A3=00FF2CFE A4=00000100 A5=FFFF80C8 A6=00FF0BF0 A7=00FF0BDA D0=0000000D D1=00000000 D2=00000006 D3=0000003D D4=0000FFFF D5=000000FF D6=00000004 D7=000A0000 xnzvc
00:6B2A  6A F8  BPL     #$F8 [00:6B24]           A0=00006B1C A1=00C00000 A2=00007307 A3=00FF2CFE A4=00000100 A5=FFFF80C8 A6=00FF0BF0 A7=00FF0BDA D0=0000000D D1=00000000 D2=00000006 D3=0000003C D4=0000FFFF D5=000000FF D6=00000004 D7=000A0000 xnzvc
00:6B24  61 00  BSR     #$003E [00:6B64]         A0=00006B1C A1=00C00000 A2=00007307 A3=00FF2CFE A4=00000100 A5=FFFF80C8 A6=00FF0BF0 A7=00FF0BDA D0=0000000D D1=00000000 D2=00000006 D3=0000003C D4=0000FFFF D5=000000FF D6=00000004 D7=000A0000 xnzvc
00:6B64  32 87  MOVE.W  D7,(A1)                  A0=00006B1C A1=00C00000 A2=00007307 A3=00FF2CFE A4=00000100 A5=FFFF80C8 A6=00FF0BF0 A7=00FF0BD6 D0=0000000D D1=00000000 D2=00000006 D3=0000003C D4=0000FFFF D5=000000FF D6=00000004 D7=000A0000 xnzvc
00:6B66  53 2E  SUBQ.B  #1,$FFF4(A6)             A0=00006B1C A1=00C00000 A2=00007307 A3=00FF2CFE A4=00000100 A5=FFFF80C8 A6=00FF0BF0 A7=00FF0BD6 D0=0000000D D1=00000000 D2=00000006 D3=0000003C D4=0000FFFF D5=000000FF D6=00000004 D7=000A0000 xnZvc
00:6B6A  6A 08  BPL     #$08 [00:6B74]           A0=00006B1C A1=00C00000 A2=00007307 A3=00FF2CFE A4=00000100 A5=FFFF80C8 A6=00FF0BF0 A7=00FF0BD6 D0=0000000D D1=00000000 D2=00000006 D3=0000003C D4=0000FFFF D5=000000FF D6=00000004 D7=000A0000 xnzvc
00:6B74  30 2E  MOVE.W  $FFFE(A6),D0             A0=00006B1C A1=00C00000 A2=00007307 A3=00FF2CFE A4=00000100 A5=FFFF80C8 A6=00FF0BF0 A7=00FF0BD6 D0=0000000D D1=00000000 D2=00000006 D3=0000003C D4=0000FFFF D5=000000FF D6=00000004 D7=000A0000 xnzvc
00:6B78  52 40  ADDQ.W  #1,D0                    A0=00006B1C A1=00C00000 A2=00007307 A3=00FF2CFE A4=00000100 A5=FFFF80C8 A6=00FF0BF0 A7=00FF0BD6 D0=0000000D D1=00000000 D2=00000006 D3=0000003C D4=0000FFFF D5=000000FF D6=00000004 D7=000A0000 xnzvc
00:6B7A  B0 78  CMP.W   ($8A70),D0               A0=00006B1C A1=00C00000 A2=00007307 A3=00FF2CFE A4=00000100 A5=FFFF80C8 A6=00FF0BF0 A7=00FF0BD6 D0=0000000E D1=00000000 D2=00000006 D3=0000003C D4=0000FFFF D5=000000FF D6=00000004 D7=000A0000 xnzvc
00:6B7E  64 06  BCC     #$06 [00:6B86]           A0=00006B1C A1=00C00000 A2=00007307 A3=00FF2CFE A4=00000100 A5=FFFF80C8 A6=00FF0BF0 A7=00FF0BD6 D0=0000000E D1=00000000 D2=00000006 D3=0000003C D4=0000FFFF D5=000000FF D6=00000004 D7=000A0000 xNzvC
00:6B80  3D 40  MOVE.W  D0,$FFFE(A6)             A0=00006B1C A1=00C00000 A2=00007307 A3=00FF2CFE A4=00000100 A5=FFFF80C8 A6=00FF0BF0 A7=00FF0BD6 D0=0000000E D1=00000000 D2=00000006 D3=0000003C D4=0000FFFF D5=000000FF D6=00000004 D7=000A0000 xNzvC
00:6B84  4E 75  RTS                              A0=00006B1C A1=00C00000 A2=00007307 A3=00FF2CFE A4=00000100 A5=FFFF80C8 A6=00FF0BF0 A7=00FF0BD6 D0=0000000E D1=00000000 D2=00000006 D3=0000003C D4=0000FFFF D5=000000FF D6=00000004 D7=000A0000 xnzvc
00:6B28  53 43  SUBQ.W  #1,D3                    A0=00006B1C A1=00C00000 A2=00007307 A3=00FF2CFE A4=00000100 A5=FFFF80C8 A6=00FF0BF0 A7=00FF0BDA D0=0000000E D1=00000000 D2=00000006 D3=0000003C D4=0000FFFF D5=000000FF D6=00000004 D7=000A0000 xnzvc
00:6B2A  6A F8  BPL     #$F8 [00:6B24]           A0=00006B1C A1=00C00000 A2=00007307 A3=00FF2CFE A4=00000100 A5=FFFF80C8 A6=00FF0BF0 A7=00FF0BDA D0=0000000E D1=00000000 D2=00000006 D3=0000003B D4=0000FFFF D5=000000FF D6=00000004 D7=000A0000 xnzvc
00:6B24  61 00  BSR     #$003E [00:6B64]         A0=00006B1C A1=00C00000 A2=00007307 A3=00FF2CFE A4=00000100 A5=FFFF80C8 A6=00FF0BF0 A7=00FF0BDA D0=0000000E D1=00000000 D2=00000006 D3=0000003B D4=0000FFFF D5=000000FF D6=00000004 D7=000A0000 xnzvc
00:6B64  32 87  MOVE.W  D7,(A1)                  A0=00006B1C A1=00C00000 A2=00007307 A3=00FF2CFE A4=00000100 A5=FFFF80C8 A6=00FF0BF0 A7=00FF0BD6 D0=0000000E D1=00000000 D2=00000006 D3=0000003B D4=0000FFFF D5=000000FF D6=00000004 D7=000A0000 xnzvc
00:6B66  53 2E  SUBQ.B  #1,$FFF4(A6)             A0=00006B1C A1=00C00000 A2=00007307 A3=00FF2CFE A4=00000100 A5=FFFF80C8 A6=00FF0BF0 A7=00FF0BD6 D0=0000000E D1=00000000 D2=00000006 D3=0000003B D4=0000FFFF D5=000000FF D6=00000004 D7=000A0000 xnZvc
00:6B6A  6A 08  BPL     #$08 [00:6B74]           A0=00006B1C A1=00C00000 A2=00007307 A3=00FF2CFE A4=00000100 A5=FFFF80C8 A6=00FF0BF0 A7=00FF0BD6 D0=0000000E D1=00000000 D2=00000006 D3=0000003B D4=0000FFFF D5=000000FF D6=00000004 D7=000A0000 xnzvc
00:6B74  30 2E  MOVE.W  $FFFE(A6),D0             A0=00006B1C A1=00C00000 A2=00007307 A3=00FF2CFE A4=00000100 A5=FFFF80C8 A6=00FF0BF0 A7=00FF0BD6 D0=0000000E D1=00000000 D2=00000006 D3=0000003B D4=0000FFFF D5=000000FF D6=00000004 D7=000A0000 xnzvc
00:6B78  52 40  ADDQ.W  #1,D0                    A0=00006B1C A1=00C00000 A2=00007307 A3=00FF2CFE A4=00000100 A5=FFFF80C8 A6=00FF0BF0 A7=00FF0BD6 D0=0000000E D1=00000000 D2=00000006 D3=0000003B D4=0000FFFF D5=000000FF D6=00000004 D7=000A0000 xnzvc
00:6B7A  B0 78  CMP.W   ($8A70),D0               A0=00006B1C A1=00C00000 A2=00007307 A3=00FF2CFE A4=00000100 A5=FFFF80C8 A6=00FF0BF0 A7=00FF0BD6 D0=0000000F D1=00000000 D2=00000006 D3=0000003B D4=0000FFFF D5=000000FF D6=00000004 D7=000A0000 xnzvc
00:6B7E  64 06  BCC     #$06 [00:6B86]           A0=00006B1C A1=00C00000 A2=00007307 A3=00FF2CFE A4=00000100 A5=FFFF80C8 A6=00FF0BF0 A7=00FF0BD6 D0=0000000F D1=00000000 D2=00000006 D3=0000003B D4=0000FFFF D5=000000FF D6=00000004 D7=000A0000 xNzvC
00:6B80  3D 40  MOVE.W  D0,$FFFE(A6)             A0=00006B1C A1=00C00000 A2=00007307 A3=00FF2CFE A4=00000100 A5=FFFF80C8 A6=00FF0BF0 A7=00FF0BD6 D0=0000000F D1=00000000 D2=00000006 D3=0000003B D4=0000FFFF D5=000000FF D6=00000004 D7=000A0000 xNzvC
00:6B84  4E 75  RTS                              A0=00006B1C A1=00C00000 A2=00007307 A3=00FF2CFE A4=00000100 A5=FFFF80C8 A6=00FF0BF0 A7=00FF0BD6 D0=0000000F D1=00000000 D2=00000006 D3=0000003B D4=0000FFFF D5=000000FF D6=00000004 D7=000A0000 xnzvc
00:6B28  53 43  SUBQ.W  #1,D3                    A0=00006B1C A1=00C00000 A2=00007307 A3=00FF2CFE A4=00000100 A5=FFFF80C8 A6=00FF0BF0 A7=00FF0BDA D0=0000000F D1=00000000 D2=00000006 D3=0000003B D4=0000FFFF D5=000000FF D6=00000004 D7=000A0000 xnzvc
00:6B2A  6A F8  BPL     #$F8 [00:6B24]           A0=00006B1C A1=00C00000 A2=00007307 A3=00FF2CFE A4=00000100 A5=FFFF80C8 A6=00FF0BF0 A7=00FF0BDA D0=0000000F D1=00000000 D2=00000006 D3=0000003A D4=0000FFFF D5=000000FF D6=00000004 D7=000A0000 xnzvc
00:6B24  61 00  BSR     #$003E [00:6B64]         A0=00006B1C A1=00C00000 A2=00007307 A3=00FF2CFE A4=00000100 A5=FFFF80C8 A6=00FF0BF0 A7=00FF0BDA D0=0000000F D1=00000000 D2=00000006 D3=0000003A D4=0000FFFF D5=000000FF D6=00000004 D7=000A0000 xnzvc
00:6B64  32 87  MOVE.W  D7,(A1)                  A0=00006B1C A1=00C00000 A2=00007307 A3=00FF2CFE A4=00000100 A5=FFFF80C8 A6=00FF0BF0 A7=00FF0BD6 D0=0000000F D1=00000000 D2=00000006 D3=0000003A D4=0000FFFF D5=000000FF D6=00000004 D7=000A0000 xnzvc
00:6B66  53 2E  SUBQ.B  #1,$FFF4(A6)             A0=00006B1C A1=00C00000 A2=00007307 A3=00FF2CFE A4=00000100 A5=FFFF80C8 A6=00FF0BF0 A7=00FF0BD6 D0=0000000F D1=00000000 D2=00000006 D3=0000003A D4=0000FFFF D5=000000FF D6=00000004 D7=000A0000 xnZvc
00:6B6A  6A 08  BPL     #$08 [00:6B74]           A0=00006B1C A1=00C00000 A2=00007307 A3=00FF2CFE A4=00000100 A5=FFFF80C8 A6=00FF0BF0 A7=00FF0BD6 D0=0000000F D1=00000000 D2=00000006 D3=0000003A D4=0000FFFF D5=000000FF D6=00000004 D7=000A0000 xnzvc
00:6B74  30 2E  MOVE.W  $FFFE(A6),D0             A0=00006B1C A1=00C00000 A2=00007307 A3=00FF2CFE A4=00000100 A5=FFFF80C8 A6=00FF0BF0 A7=00FF0BD6 D0=0000000F D1=00000000 D2=00000006 D3=0000003A D4=0000FFFF D5=000000FF D6=00000004 D7=000A0000 xnzvc
00:6B78  52 40  ADDQ.W  #1,D0                    A0=00006B1C A1=00C00000 A2=00007307 A3=00FF2CFE A4=00000100 A5=FFFF80C8 A6=00FF0BF0 A7=00FF0BD6 D0=0000000F D1=00000000 D2=00000006 D3=0000003A D4=0000FFFF D5=000000FF D6=00000004 D7=000A0000 xnzvc
00:6B7A  B0 78  CMP.W   ($8A70),D0               A0=00006B1C A1=00C00000 A2=00007307 A3=00FF2CFE A4=00000100 A5=FFFF80C8 A6=00FF0BF0 A7=00FF0BD6 D0=00000010 D1=00000000 D2=00000006 D3=0000003A D4=0000FFFF D5=000000FF D6=00000004 D7=000A0000 xnzvc
00:6B7E  64 06  BCC     #$06 [00:6B86]           A0=00006B1C A1=00C00000 A2=00007307 A3=00FF2CFE A4=00000100 A5=FFFF80C8 A6=00FF0BF0 A7=00FF0BD6 D0=00000010 D1=00000000 D2=00000006 D3=0000003A D4=0000FFFF D5=000000FF D6=00000004 D7=000A0000 xNzvC
00:6B80  3D 40  MOVE.W  D0,$FFFE(A6)             A0=00006B1C A1=00C00000 A2=00007307 A3=00FF2CFE A4=00000100 A5=FFFF80C8 A6=00FF0BF0 A7=00FF0BD6 D0=00000010 D1=00000000 D2=00000006 D3=0000003A D4=0000FFFF D5=000000FF D6=00000004 D7=000A0000 xNzvC
00:6B84  4E 75  RTS                              A0=00006B1C A1=00C00000 A2=00007307 A3=00FF2CFE A4=00000100 A5=FFFF80C8 A6=00FF0BF0 A7=00FF0BD6 D0=00000010 D1=00000000 D2=00000006 D3=0000003A D4=0000FFFF D5=000000FF D6=00000004 D7=000A0000 xnzvc
00:6B28  53 43  SUBQ.W  #1,D3                    A0=00006B1C A1=00C00000 A2=00007307 A3=00FF2CFE A4=00000100 A5=FFFF80C8 A6=00FF0BF0 A7=00FF0BDA D0=00000010 D1=00000000 D2=00000006 D3=0000003A D4=0000FFFF D5=000000FF D6=00000004 D7=000A0000 xnzvc
00:6B2A  6A F8  BPL     #$F8 [00:6B24]           A0=00006B1C A1=00C00000 A2=00007307 A3=00FF2CFE A4=00000100 A5=FFFF80C8 A6=00FF0BF0 A7=00FF0BDA D0=00000010 D1=00000000 D2=00000006 D3=00000039 D4=0000FFFF D5=000000FF D6=00000004 D7=000A0000 xnzvc
00:6B24  61 00  BSR     #$003E [00:6B64]         A0=00006B1C A1=00C00000 A2=00007307 A3=00FF2CFE A4=00000100 A5=FFFF80C8 A6=00FF0BF0 A7=00FF0BDA D0=00000010 D1=00000000 D2=00000006 D3=00000039 D4=0000FFFF D5=000000FF D6=00000004 D7=000A0000 xnzvc
00:6B64  32 87  MOVE.W  D7,(A1)                  A0=00006B1C A1=00C00000 A2=00007307 A3=00FF2CFE A4=00000100 A5=FFFF80C8 A6=00FF0BF0 A7=00FF0BD6 D0=00000010 D1=00000000 D2=00000006 D3=00000039 D4=0000FFFF D5=000000FF D6=00000004 D7=000A0000 xnzvc
00:6B66  53 2E  SUBQ.B  #1,$FFF4(A6)             A0=00006B1C A1=00C00000 A2=00007307 A3=00FF2CFE A4=00000100 A5=FFFF80C8 A6=00FF0BF0 A7=00FF0BD6 D0=00000010 D1=00000000 D2=00000006 D3=00000039 D4=0000FFFF D5=000000FF D6=00000004 D7=000A0000 xnZvc
00:6B6A  6A 08  BPL     #$08 [00:6B74]           A0=00006B1C A1=00C00000 A2=00007307 A3=00FF2CFE A4=00000100 A5=FFFF80C8 A6=00FF0BF0 A7=00FF0BD6 D0=00000010 D1=00000000 D2=00000006 D3=00000039 D4=0000FFFF D5=000000FF D6=00000004 D7=000A0000 xnzvc
00:6B74  30 2E  MOVE.W  $FFFE(A6),D0             A0=00006B1C A1=00C00000 A2=00007307 A3=00FF2CFE A4=00000100 A5=FFFF80C8 A6=00FF0BF0 A7=00FF0BD6 D0=00000010 D1=00000000 D2=00000006 D3=00000039 D4=0000FFFF D5=000000FF D6=00000004 D7=000A0000 xnzvc
00:6B78  52 40  ADDQ.W  #1,D0                    A0=00006B1C A1=00C00000 A2=00007307 A3=00FF2CFE A4=00000100 A5=FFFF80C8 A6=00FF0BF0 A7=00FF0BD6 D0=00000010 D1=00000000 D2=00000006 D3=00000039 D4=0000FFFF D5=000000FF D6=00000004 D7=000A0000 xnzvc
00:6B7A  B0 78  CMP.W   ($8A70),D0               A0=00006B1C A1=00C00000 A2=00007307 A3=00FF2CFE A4=00000100 A5=FFFF80C8 A6=00FF0BF0 A7=00FF0BD6 D0=00000011 D1=00000000 D2=00000006 D3=00000039 D4=0000FFFF D5=000000FF D6=00000004 D7=000A0000 xnzvc
00:6B7E  64 06  BCC     #$06 [00:6B86]           A0=00006B1C A1=00C00000 A2=00007307 A3=00FF2CFE A4=00000100 A5=FFFF80C8 A6=00FF0BF0 A7=00FF0BD6 D0=00000011 D1=00000000 D2=00000006 D3=00000039 D4=0000FFFF D5=000000FF D6=00000004 D7=000A0000 xNzvC
00:6B80  3D 40  MOVE.W  D0,$FFFE(A6)             A0=00006B1C A1=00C00000 A2=00007307 A3=00FF2CFE A4=00000100 A5=FFFF80C8 A6=00FF0BF0 A7=00FF0BD6 D0=00000011 D1=00000000 D2=00000006 D3=00000039 D4=0000FFFF D5=000000FF D6=00000004 D7=000A0000 xNzvC
00:6B84  4E 75  RTS                              A0=00006B1C A1=00C00000 A2=00007307 A3=00FF2CFE A4=00000100 A5=FFFF80C8 A6=00FF0BF0 A7=00FF0BD6 D0=00000011 D1=00000000 D2=00000006 D3=00000039 D4=0000FFFF D5=000000FF D6=00000004 D7=000A0000 xnzvc
00:6B28  53 43  SUBQ.W  #1,D3                    A0=00006B1C A1=00C00000 A2=00007307 A3=00FF2CFE A4=00000100 A5=FFFF80C8 A6=00FF0BF0 A7=00FF0BDA D0=00000011 D1=00000000 D2=00000006 D3=00000039 D4=0000FFFF D5=000000FF D6=00000004 D7=000A0000 xnzvc
00:6B2A  6A F8  BPL     #$F8 [00:6B24]           A0=00006B1C A1=00C00000 A2=00007307 A3=00FF2CFE A4=00000100 A5=FFFF80C8 A6=00FF0BF0 A7=00FF0BDA D0=00000011 D1=00000000 D2=00000006 D3=00000038 D4=0000FFFF D5=000000FF D6=00000004 D7=000A0000 xnzvc
00:6B24  61 00  BSR     #$003E [00:6B64]         A0=00006B1C A1=00C00000 A2=00007307 A3=00FF2CFE A4=00000100 A5=FFFF80C8 A6=00FF0BF0 A7=00FF0BDA D0=00000011 D1=00000000 D2=00000006 D3=00000038 D4=0000FFFF D5=000000FF D6=00000004 D7=000A0000 xnzvc
00:6B64  32 87  MOVE.W  D7,(A1)                  A0=00006B1C A1=00C00000 A2=00007307 A3=00FF2CFE A4=00000100 A5=FFFF80C8 A6=00FF0BF0 A7=00FF0BD6 D0=00000011 D1=00000000 D2=00000006 D3=00000038 D4=0000FFFF D5=000000FF D6=00000004 D7=000A0000 xnzvc
00:6B66  53 2E  SUBQ.B  #1,$FFF4(A6)             A0=00006B1C A1=00C00000 A2=00007307 A3=00FF2CFE A4=00000100 A5=FFFF80C8 A6=00FF0BF0 A7=00FF0BD6 D0=00000011 D1=00000000 D2=00000006 D3=00000038 D4=0000FFFF D5=000000FF D6=00000004 D7=000A0000 xnZvc
00:6B6A  6A 08  BPL     #$08 [00:6B74]           A0=00006B1C A1=00C00000 A2=00007307 A3=00FF2CFE A4=00000100 A5=FFFF80C8 A6=00FF0BF0 A7=00FF0BD6 D0=00000011 D1=00000000 D2=00000006 D3=00000038 D4=0000FFFF D5=000000FF D6=00000004 D7=000A0000 xnzvc
00:6B74  30 2E  MOVE.W  $FFFE(A6),D0             A0=00006B1C A1=00C00000 A2=00007307 A3=00FF2CFE A4=00000100 A5=FFFF80C8 A6=00FF0BF0 A7=00FF0BD6 D0=00000011 D1=00000000 D2=00000006 D3=00000038 D4=0000FFFF D5=000000FF D6=00000004 D7=000A0000 xnzvc
00:6B78  52 40  ADDQ.W  #1,D0                    A0=00006B1C A1=00C00000 A2=00007307 A3=00FF2CFE A4=00000100 A5=FFFF80C8 A6=00FF0BF0 A7=00FF0BD6 D0=00000011 D1=00000000 D2=00000006 D3=00000038 D4=0000FFFF D5=000000FF D6=00000004 D7=000A0000 xnzvc
00:6B7A  B0 78  CMP.W   ($8A70),D0               A0=00006B1C A1=00C00000 A2=00007307 A3=00FF2CFE A4=00000100 A5=FFFF80C8 A6=00FF0BF0 A7=00FF0BD6 D0=00000012 D1=00000000 D2=00000006 D3=00000038 D4=0000FFFF D5=000000FF D6=00000004 D7=000A0000 xnzvc
00:6B7E  64 06  BCC     #$06 [00:6B86]           A0=00006B1C A1=00C00000 A2=00007307 A3=00FF2CFE A4=00000100 A5=FFFF80C8 A6=00FF0BF0 A7=00FF0BD6 D0=00000012 D1=00000000 D2=00000006 D3=00000038 D4=0000FFFF D5=000000FF D6=00000004 D7=000A0000 xNzvC
00:6B80  3D 40  MOVE.W  D0,$FFFE(A6)             A0=00006B1C A1=00C00000 A2=00007307 A3=00FF2CFE A4=00000100 A5=FFFF80C8 A6=00FF0BF0 A7=00FF0BD6 D0=00000012 D1=00000000 D2=00000006 D3=00000038 D4=0000FFFF D5=000000FF D6=00000004 D7=000A0000 xNzvC
00:6B84  4E 75  RTS                              A0=00006B1C A1=00C00000 A2=00007307 A3=00FF2CFE A4=00000100 A5=FFFF80C8 A6=00FF0BF0 A7=00FF0BD6 D0=00000012 D1=00000000 D2=00000006 D3=00000038 D4=0000FFFF D5=000000FF D6=00000004 D7=000A0000 xnzvc
00:6B28  53 43  SUBQ.W  #1,D3                    A0=00006B1C A1=00C00000 A2=00007307 A3=00FF2CFE A4=00000100 A5=FFFF80C8 A6=00FF0BF0 A7=00FF0BDA D0=00000012 D1=00000000 D2=00000006 D3=00000038 D4=0000FFFF D5=000000FF D6=00000004 D7=000A0000 xnzvc
00:6B2A  6A F8  BPL     #$F8 [00:6B24]           A0=00006B1C A1=00C00000 A2=00007307 A3=00FF2CFE A4=00000100 A5=FFFF80C8 A6=00FF0BF0 A7=00FF0BDA D0=00000012 D1=00000000 D2=00000006 D3=00000037 D4=0000FFFF D5=000000FF D6=00000004 D7=000A0000 xnzvc
00:6B24  61 00  BSR     #$003E [00:6B64]         A0=00006B1C A1=00C00000 A2=00007307 A3=00FF2CFE A4=00000100 A5=FFFF80C8 A6=00FF0BF0 A7=00FF0BDA D0=00000012 D1=00000000 D2=00000006 D3=00000037 D4=0000FFFF D5=000000FF D6=00000004 D7=000A0000 xnzvc
00:6B64  32 87  MOVE.W  D7,(A1)                  A0=00006B1C A1=00C00000 A2=00007307 A3=00FF2CFE A4=00000100 A5=FFFF80C8 A6=00FF0BF0 A7=00FF0BD6 D0=00000012 D1=00000000 D2=00000006 D3=00000037 D4=0000FFFF D5=000000FF D6=00000004 D7=000A0000 xnzvc
00:6B66  53 2E  SUBQ.B  #1,$FFF4(A6)             A0=00006B1C A1=00C00000 A2=00007307 A3=00FF2CFE A4=00000100 A5=FFFF80C8 A6=00FF0BF0 A7=00FF0BD6 D0=00000012 D1=00000000 D2=00000006 D3=00000037 D4=0000FFFF D5=000000FF D6=00000004 D7=000A0000 xnZvc
00:6B6A  6A 08  BPL     #$08 [00:6B74]           A0=00006B1C A1=00C00000 A2=00007307 A3=00FF2CFE A4=00000100 A5=FFFF80C8 A6=00FF0BF0 A7=00FF0BD6 D0=00000012 D1=00000000 D2=00000006 D3=00000037 D4=0000FFFF D5=000000FF D6=00000004 D7=000A0000 xnzvc
00:6B74  30 2E  MOVE.W  $FFFE(A6),D0             A0=00006B1C A1=00C00000 A2=00007307 A3=00FF2CFE A4=00000100 A5=FFFF80C8 A6=00FF0BF0 A7=00FF0BD6 D0=00000012 D1=00000000 D2=00000006 D3=00000037 D4=0000FFFF D5=000000FF D6=00000004 D7=000A0000 xnzvc
00:6B78  52 40  ADDQ.W  #1,D0                    A0=00006B1C A1=00C00000 A2=00007307 A3=00FF2CFE A4=00000100 A5=FFFF80C8 A6=00FF0BF0 A7=00FF0BD6 D0=00000012 D1=00000000 D2=00000006 D3=00000037 D4=0000FFFF D5=000000FF D6=00000004 D7=000A0000 xnzvc
00:6B7A  B0 78  CMP.W   ($8A70),D0               A0=00006B1C A1=00C00000 A2=00007307 A3=00FF2CFE A4=00000100 A5=FFFF80C8 A6=00FF0BF0 A7=00FF0BD6 D0=00000013 D1=00000000 D2=00000006 D3=00000037 D4=0000FFFF D5=000000FF D6=00000004 D7=000A0000 xnzvc
00:6B7E  64 06  BCC     #$06 [00:6B86]           A0=00006B1C A1=00C00000 A2=00007307 A3=00FF2CFE A4=00000100 A5=FFFF80C8 A6=00FF0BF0 A7=00FF0BD6 D0=00000013 D1=00000000 D2=00000006 D3=00000037 D4=0000FFFF D5=000000FF D6=00000004 D7=000A0000 xNzvC
00:6B80  3D 40  MOVE.W  D0,$FFFE(A6)             A0=00006B1C A1=00C00000 A2=00007307 A3=00FF2CFE A4=00000100 A5=FFFF80C8 A6=00FF0BF0 A7=00FF0BD6 D0=00000013 D1=00000000 D2=00000006 D3=00000037 D4=0000FFFF D5=000000FF D6=00000004 D7=000A0000 xNzvC
00:6B84  4E 75  RTS                              A0=00006B1C A1=00C00000 A2=00007307 A3=00FF2CFE A4=00000100 A5=FFFF80C8 A6=00FF0BF0 A7=00FF0BD6 D0=00000013 D1=00000000 D2=00000006 D3=00000037 D4=0000FFFF D5=000000FF D6=00000004 D7=000A0000 xnzvc
00:6B28  53 43  SUBQ.W  #1,D3                    A0=00006B1C A1=00C00000 A2=00007307 A3=00FF2CFE A4=00000100 A5=FFFF80C8 A6=00FF0BF0 A7=00FF0BDA D0=00000013 D1=00000000 D2=00000006 D3=00000037 D4=0000FFFF D5=000000FF D6=00000004 D7=000A0000 xnzvc
00:6B2A  6A F8  BPL     #$F8 [00:6B24]           A0=00006B1C A1=00C00000 A2=00007307 A3=00FF2CFE A4=00000100 A5=FFFF80C8 A6=00FF0BF0 A7=00FF0BDA D0=00000013 D1=00000000 D2=00000006 D3=00000036 D4=0000FFFF D5=000000FF D6=00000004 D7=000A0000 xnzvc
00:6B24  61 00  BSR     #$003E [00:6B64]         A0=00006B1C A1=00C00000 A2=00007307 A3=00FF2CFE A4=00000100 A5=FFFF80C8 A6=00FF0BF0 A7=00FF0BDA D0=00000013 D1=00000000 D2=00000006 D3=00000036 D4=0000FFFF D5=000000FF D6=00000004 D7=000A0000 xnzvc
00:6B64  32 87  MOVE.W  D7,(A1)                  A0=00006B1C A1=00C00000 A2=00007307 A3=00FF2CFE A4=00000100 A5=FFFF80C8 A6=00FF0BF0 A7=00FF0BD6 D0=00000013 D1=00000000 D2=00000006 D3=00000036 D4=0000FFFF D5=000000FF D6=00000004 D7=000A0000 xnzvc
00:6B66  53 2E  SUBQ.B  #1,$FFF4(A6)             A0=00006B1C A1=00C00000 A2=00007307 A3=00FF2CFE A4=00000100 A5=FFFF80C8 A6=00FF0BF0 A7=00FF0BD6 D0=00000013 D1=00000000 D2=00000006 D3=00000036 D4=0000FFFF D5=000000FF D6=00000004 D7=000A0000 xnZvc
00:6B6A  6A 08  BPL     #$08 [00:6B74]           A0=00006B1C A1=00C00000 A2=00007307 A3=00FF2CFE A4=00000100 A5=FFFF80C8 A6=00FF0BF0 A7=00FF0BD6 D0=00000013 D1=00000000 D2=00000006 D3=00000036 D4=0000FFFF D5=000000FF D6=00000004 D7=000A0000 xnzvc
00:6B74  30 2E  MOVE.W  $FFFE(A6),D0             A0=00006B1C A1=00C00000 A2=00007307 A3=00FF2CFE A4=00000100 A5=FFFF80C8 A6=00FF0BF0 A7=00FF0BD6 D0=00000013 D1=00000000 D2=00000006 D3=00000036 D4=0000FFFF D5=000000FF D6=00000004 D7=000A0000 xnzvc
00:6B78  52 40  ADDQ.W  #1,D0                    A0=00006B1C A1=00C00000 A2=00007307 A3=00FF2CFE A4=00000100 A5=FFFF80C8 A6=00FF0BF0 A7=00FF0BD6 D0=00000013 D1=00000000 D2=00000006 D3=00000036 D4=0000FFFF D5=000000FF D6=00000004 D7=000A0000 xnzvc
00:6B7A  B0 78  CMP.W   ($8A70),D0               A0=00006B1C A1=00C00000 A2=00007307 A3=00FF2CFE A4=00000100 A5=FFFF80C8 A6=00FF0BF0 A7=00FF0BD6 D0=00000014 D1=00000000 D2=00000006 D3=00000036 D4=0000FFFF D5=000000FF D6=00000004 D7=000A0000 xnzvc
00:6B7E  64 06  BCC     #$06 [00:6B86]           A0=00006B1C A1=00C00000 A2=00007307 A3=00FF2CFE A4=00000100 A5=FFFF80C8 A6=00FF0BF0 A7=00FF0BD6 D0=00000014 D1=00000000 D2=00000006 D3=00000036 D4=0000FFFF D5=000000FF D6=00000004 D7=000A0000 xNzvC
00:6B80  3D 40  MOVE.W  D0,$FFFE(A6)             A0=00006B1C A1=00C00000 A2=00007307 A3=00FF2CFE A4=00000100 A5=FFFF80C8 A6=00FF0BF0 A7=00FF0BD6 D0=00000014 D1=00000000 D2=00000006 D3=00000036 D4=0000FFFF D5=000000FF D6=00000004 D7=000A0000 xNzvC
00:6B84  4E 75  RTS                              A0=00006B1C A1=00C00000 A2=00007307 A3=00FF2CFE A4=00000100 A5=FFFF80C8 A6=00FF0BF0 A7=00FF0BD6 D0=00000014 D1=00000000 D2=00000006 D3=00000036 D4=0000FFFF D5=000000FF D6=00000004 D7=000A0000 xnzvc
00:6B28  53 43  SUBQ.W  #1,D3                    A0=00006B1C A1=00C00000 A2=00007307 A3=00FF2CFE A4=00000100 A5=FFFF80C8 A6=00FF0BF0 A7=00FF0BDA D0=00000014 D1=00000000 D2=00000006 D3=00000036 D4=0000FFFF D5=000000FF D6=00000004 D7=000A0000 xnzvc
00:6B2A  6A F8  BPL     #$F8 [00:6B24]           A0=00006B1C A1=00C00000 A2=00007307 A3=00FF2CFE A4=00000100 A5=FFFF80C8 A6=00FF0BF0 A7=00FF0BDA D0=00000014 D1=00000000 D2=00000006 D3=00000035 D4=0000FFFF D5=000000FF D6=00000004 D7=000A0000 xnzvc
00:6B24  61 00  BSR     #$003E [00:6B64]         A0=00006B1C A1=00C00000 A2=00007307 A3=00FF2CFE A4=00000100 A5=FFFF80C8 A6=00FF0BF0 A7=00FF0BDA D0=00000014 D1=00000000 D2=00000006 D3=00000035 D4=0000FFFF D5=000000FF D6=00000004 D7=000A0000 xnzvc
00:6B64  32 87  MOVE.W  D7,(A1)                  A0=00006B1C A1=00C00000 A2=00007307 A3=00FF2CFE A4=00000100 A5=FFFF80C8 A6=00FF0BF0 A7=00FF0BD6 D0=00000014 D1=00000000 D2=00000006 D3=00000035 D4=0000FFFF D5=000000FF D6=00000004 D7=000A0000 xnzvc
00:6B66  53 2E  SUBQ.B  #1,$FFF4(A6)             A0=00006B1C A1=00C00000 A2=00007307 A3=00FF2CFE A4=00000100 A5=FFFF80C8 A6=00FF0BF0 A7=00FF0BD6 D0=00000014 D1=00000000 D2=00000006 D3=00000035 D4=0000FFFF D5=000000FF D6=00000004 D7=000A0000 xnZvc
00:6B6A  6A 08  BPL     #$08 [00:6B74]           A0=00006B1C A1=00C00000 A2=00007307 A3=00FF2CFE A4=00000100 A5=FFFF80C8 A6=00FF0BF0 A7=00FF0BD6 D0=00000014 D1=00000000 D2=00000006 D3=00000035 D4=0000FFFF D5=000000FF D6=00000004 D7=000A0000 xnzvc
00:6B74  30 2E  MOVE.W  $FFFE(A6),D0             A0=00006B1C A1=00C00000 A2=00007307 A3=00FF2CFE A4=00000100 A5=FFFF80C8 A6=00FF0BF0 A7=00FF0BD6 D0=00000014 D1=00000000 D2=00000006 D3=00000035 D4=0000FFFF D5=000000FF D6=00000004 D7=000A0000 xnzvc
00:6B78  52 40  ADDQ.W  #1,D0                    A0=00006B1C A1=00C00000 A2=00007307 A3=00FF2CFE A4=00000100 A5=FFFF80C8 A6=00FF0BF0 A7=00FF0BD6 D0=00000014 D1=00000000 D2=00000006 D3=00000035 D4=0000FFFF D5=000000FF D6=00000004 D7=000A0000 xnzvc
00:6B7A  B0 78  CMP.W   ($8A70),D0               A0=00006B1C A1=00C00000 A2=00007307 A3=00FF2CFE A4=00000100 A5=FFFF80C8 A6=00FF0BF0 A7=00FF0BD6 D0=00000015 D1=00000000 D2=00000006 D3=00000035 D4=0000FFFF D5=000000FF D6=00000004 D7=000A0000 xnzvc
00:6B7E  64 06  BCC     #$06 [00:6B86]           A0=00006B1C A1=00C00000 A2=00007307 A3=00FF2CFE A4=00000100 A5=FFFF80C8 A6=00FF0BF0 A7=00FF0BD6 D0=00000015 D1=00000000 D2=00000006 D3=00000035 D4=0000FFFF D5=000000FF D6=00000004 D7=000A0000 xNzvC
00:6B80  3D 40  MOVE.W  D0,$FFFE(A6)             A0=00006B1C A1=00C00000 A2=00007307 A3=00FF2CFE A4=00000100 A5=FFFF80C8 A6=00FF0BF0 A7=00FF0BD6 D0=00000015 D1=00000000 D2=00000006 D3=00000035 D4=0000FFFF D5=000000FF D6=00000004 D7=000A0000 xNzvC
00:6B84  4E 75  RTS                              A0=00006B1C A1=00C00000 A2=00007307 A3=00FF2CFE A4=00000100 A5=FFFF80C8 A6=00FF0BF0 A7=00FF0BD6 D0=00000015 D1=00000000 D2=00000006 D3=00000035 D4=0000FFFF D5=000000FF D6=00000004 D7=000A0000 xnzvc
00:6B28  53 43  SUBQ.W  #1,D3                    A0=00006B1C A1=00C00000 A2=00007307 A3=00FF2CFE A4=00000100 A5=FFFF80C8 A6=00FF0BF0 A7=00FF0BDA D0=00000015 D1=00000000 D2=00000006 D3=00000035 D4=0000FFFF D5=000000FF D6=00000004 D7=000A0000 xnzvc
00:6B2A  6A F8  BPL     #$F8 [00:6B24]           A0=00006B1C A1=00C00000 A2=00007307 A3=00FF2CFE A4=00000100 A5=FFFF80C8 A6=00FF0BF0 A7=00FF0BDA D0=00000015 D1=00000000 D2=00000006 D3=00000034 D4=0000FFFF D5=000000FF D6=00000004 D7=000A0000 xnzvc
00:6B24  61 00  BSR     #$003E [00:6B64]         A0=00006B1C A1=00C00000 A2=00007307 A3=00FF2CFE A4=00000100 A5=FFFF80C8 A6=00FF0BF0 A7=00FF0BDA D0=00000015 D1=00000000 D2=00000006 D3=00000034 D4=0000FFFF D5=000000FF D6=00000004 D7=000A0000 xnzvc
00:6B64  32 87  MOVE.W  D7,(A1)                  A0=00006B1C A1=00C00000 A2=00007307 A3=00FF2CFE A4=00000100 A5=FFFF80C8 A6=00FF0BF0 A7=00FF0BD6 D0=00000015 D1=00000000 D2=00000006 D3=00000034 D4=0000FFFF D5=000000FF D6=00000004 D7=000A0000 xnzvc
00:6B66  53 2E  SUBQ.B  #1,$FFF4(A6)             A0=00006B1C A1=00C00000 A2=00007307 A3=00FF2CFE A4=00000100 A5=FFFF80C8 A6=00FF0BF0 A7=00FF0BD6 D0=00000015 D1=00000000 D2=00000006 D3=00000034 D4=0000FFFF D5=000000FF D6=00000004 D7=000A0000 xnZvc
00:6B6A  6A 08  BPL     #$08 [00:6B74]           A0=00006B1C A1=00C00000 A2=00007307 A3=00FF2CFE A4=00000100 A5=FFFF80C8 A6=00FF0BF0 A7=00FF0BD6 D0=00000015 D1=00000000 D2=00000006 D3=00000034 D4=0000FFFF D5=000000FF D6=00000004 D7=000A0000 xnzvc
00:6B74  30 2E  MOVE.W  $FFFE(A6),D0             A0=00006B1C A1=00C00000 A2=00007307 A3=00FF2CFE A4=00000100 A5=FFFF80C8 A6=00FF0BF0 A7=00FF0BD6 D0=00000015 D1=00000000 D2=00000006 D3=00000034 D4=0000FFFF D5=000000FF D6=00000004 D7=000A0000 xnzvc
00:6B78  52 40  ADDQ.W  #1,D0                    A0=00006B1C A1=00C00000 A2=00007307 A3=00FF2CFE A4=00000100 A5=FFFF80C8 A6=00FF0BF0 A7=00FF0BD6 D0=00000015 D1=00000000 D2=00000006 D3=00000034 D4=0000FFFF D5=000000FF D6=00000004 D7=000A0000 xnzvc
00:6B7A  B0 78  CMP.W   ($8A70),D0               A0=00006B1C A1=00C00000 A2=00007307 A3=00FF2CFE A4=00000100 A5=FFFF80C8 A6=00FF0BF0 A7=00FF0BD6 D0=00000016 D1=00000000 D2=00000006 D3=00000034 D4=0000FFFF D5=000000FF D6=00000004 D7=000A0000 xnzvc
00:6B7E  64 06  BCC     #$06 [00:6B86]           A0=00006B1C A1=00C00000 A2=00007307 A3=00FF2CFE A4=00000100 A5=FFFF80C8 A6=00FF0BF0 A7=00FF0BD6 D0=00000016 D1=00000000 D2=00000006 D3=00000034 D4=0000FFFF D5=000000FF D6=00000004 D7=000A0000 xNzvC
00:6B80  3D 40  MOVE.W  D0,$FFFE(A6)             A0=00006B1C A1=00C00000 A2=00007307 A3=00FF2CFE A4=00000100 A5=FFFF80C8 A6=00FF0BF0 A7=00FF0BD6 D0=00000016 D1=00000000 D2=00000006 D3=00000034 D4=0000FFFF D5=000000FF D6=00000004 D7=000A0000 xNzvC
00:6B84  4E 75  RTS                              A0=00006B1C A1=00C00000 A2=00007307 A3=00FF2CFE A4=00000100 A5=FFFF80C8 A6=00FF0BF0 A7=00FF0BD6 D0=00000016 D1=00000000 D2=00000006 D3=00000034 D4=0000FFFF D5=000000FF D6=00000004 D7=000A0000 xnzvc
00:6B28  53 43  SUBQ.W  #1,D3                    A0=00006B1C A1=00C00000 A2=00007307 A3=00FF2CFE A4=00000100 A5=FFFF80C8 A6=00FF0BF0 A7=00FF0BDA D0=00000016 D1=00000000 D2=00000006 D3=00000034 D4=0000FFFF D5=000000FF D6=00000004 D7=000A0000 xnzvc
00:6B2A  6A F8  BPL     #$F8 [00:6B24]           A0=00006B1C A1=00C00000 A2=00007307 A3=00FF2CFE A4=00000100 A5=FFFF80C8 A6=00FF0BF0 A7=00FF0BDA D0=00000016 D1=00000000 D2=00000006 D3=00000033 D4=0000FFFF D5=000000FF D6=00000004 D7=000A0000 xnzvc
00:6B24  61 00  BSR     #$003E [00:6B64]         A0=00006B1C A1=00C00000 A2=00007307 A3=00FF2CFE A4=00000100 A5=FFFF80C8 A6=00FF0BF0 A7=00FF0BDA D0=00000016 D1=00000000 D2=00000006 D3=00000033 D4=0000FFFF D5=000000FF D6=00000004 D7=000A0000 xnzvc
00:6B64  32 87  MOVE.W  D7,(A1)                  A0=00006B1C A1=00C00000 A2=00007307 A3=00FF2CFE A4=00000100 A5=FFFF80C8 A6=00FF0BF0 A7=00FF0BD6 D0=00000016 D1=00000000 D2=00000006 D3=00000033 D4=0000FFFF D5=000000FF D6=00000004 D7=000A0000 xnzvc
00:6B66  53 2E  SUBQ.B  #1,$FFF4(A6)             A0=00006B1C A1=00C00000 A2=00007307 A3=00FF2CFE A4=00000100 A5=FFFF80C8 A6=00FF0BF0 A7=00FF0BD6 D0=00000016 D1=00000000 D2=00000006 D3=00000033 D4=0000FFFF D5=000000FF D6=00000004 D7=000A0000 xnZvc
00:6B6A  6A 08  BPL     #$08 [00:6B74]           A0=00006B1C A1=00C00000 A2=00007307 A3=00FF2CFE A4=00000100 A5=FFFF80C8 A6=00FF0BF0 A7=00FF0BD6 D0=00000016 D1=00000000 D2=00000006 D3=00000033 D4=0000FFFF D5=000000FF D6=00000004 D7=000A0000 xnzvc
00:6B74  30 2E  MOVE.W  $FFFE(A6),D0             A0=00006B1C A1=00C00000 A2=00007307 A3=00FF2CFE A4=00000100 A5=FFFF80C8 A6=00FF0BF0 A7=00FF0BD6 D0=00000016 D1=00000000 D2=00000006 D3=00000033 D4=0000FFFF D5=000000FF D6=00000004 D7=000A0000 xnzvc
00:6B78  52 40  ADDQ.W  #1,D0                    A0=00006B1C A1=00C00000 A2=00007307 A3=00FF2CFE A4=00000100 A5=FFFF80C8 A6=00FF0BF0 A7=00FF0BD6 D0=00000016 D1=00000000 D2=00000006 D3=00000033 D4=0000FFFF D5=000000FF D6=00000004 D7=000A0000 xnzvc
00:6B7A  B0 78  CMP.W   ($8A70),D0               A0=00006B1C A1=00C00000 A2=00007307 A3=00FF2CFE A4=00000100 A5=FFFF80C8 A6=00FF0BF0 A7=00FF0BD6 D0=00000017 D1=00000000 D2=00000006 D3=00000033 D4=0000FFFF D5=000000FF D6=00000004 D7=000A0000 xnzvc
00:6B7E  64 06  BCC     #$06 [00:6B86]           A0=00006B1C A1=00C00000 A2=00007307 A3=00FF2CFE A4=00000100 A5=FFFF80C8 A6=00FF0BF0 A7=00FF0BD6 D0=00000017 D1=00000000 D2=00000006 D3=00000033 D4=0000FFFF D5=000000FF D6=00000004 D7=000A0000 xNzvC
00:6B80  3D 40  MOVE.W  D0,$FFFE(A6)             A0=00006B1C A1=00C00000 A2=00007307 A3=00FF2CFE A4=00000100 A5=FFFF80C8 A6=00FF0BF0 A7=00FF0BD6 D0=00000017 D1=00000000 D2=00000006 D3=00000033 D4=0000FFFF D5=000000FF D6=00000004 D7=000A0000 xNzvC
00:6B84  4E 75  RTS                              A0=00006B1C A1=00C00000 A2=00007307 A3=00FF2CFE A4=00000100 A5=FFFF80C8 A6=00FF0BF0 A7=00FF0BD6 D0=00000017 D1=00000000 D2=00000006 D3=00000033 D4=0000FFFF D5=000000FF D6=00000004 D7=000A0000 xnzvc
00:6B28  53 43  SUBQ.W  #1,D3                    A0=00006B1C A1=00C00000 A2=00007307 A3=00FF2CFE A4=00000100 A5=FFFF80C8 A6=00FF0BF0 A7=00FF0BDA D0=00000017 D1=00000000 D2=00000006 D3=00000033 D4=0000FFFF D5=000000FF D6=00000004 D7=000A0000 xnzvc
00:6B2A  6A F8  BPL     #$F8 [00:6B24]           A0=00006B1C A1=00C00000 A2=00007307 A3=00FF2CFE A4=00000100 A5=FFFF80C8 A6=00FF0BF0 A7=00FF0BDA D0=00000017 D1=00000000 D2=00000006 D3=00000032 D4=0000FFFF D5=000000FF D6=00000004 D7=000A0000 xnzvc
00:6B24  61 00  BSR     #$003E [00:6B64]         A0=00006B1C A1=00C00000 A2=00007307 A3=00FF2CFE A4=00000100 A5=FFFF80C8 A6=00FF0BF0 A7=00FF0BDA D0=00000017 D1=00000000 D2=00000006 D3=00000032 D4=0000FFFF D5=000000FF D6=00000004 D7=000A0000 xnzvc
00:6B64  32 87  MOVE.W  D7,(A1)                  A0=00006B1C A1=00C00000 A2=00007307 A3=00FF2CFE A4=00000100 A5=FFFF80C8 A6=00FF0BF0 A7=00FF0BD6 D0=00000017 D1=00000000 D2=00000006 D3=00000032 D4=0000FFFF D5=000000FF D6=00000004 D7=000A0000 xnzvc
00:6B66  53 2E  SUBQ.B  #1,$FFF4(A6)             A0=00006B1C A1=00C00000 A2=00007307 A3=00FF2CFE A4=00000100 A5=FFFF80C8 A6=00FF0BF0 A7=00FF0BD6 D0=00000017 D1=00000000 D2=00000006 D3=00000032 D4=0000FFFF D5=000000FF D6=00000004 D7=000A0000 xnZvc
00:6B6A  6A 08  BPL     #$08 [00:6B74]           A0=00006B1C A1=00C00000 A2=00007307 A3=00FF2CFE A4=00000100 A5=FFFF80C8 A6=00FF0BF0 A7=00FF0BD6 D0=00000017 D1=00000000 D2=00000006 D3=00000032 D4=0000FFFF D5=000000FF D6=00000004 D7=000A0000 xnzvc
00:6B74  30 2E  MOVE.W  $FFFE(A6),D0             A0=00006B1C A1=00C00000 A2=00007307 A3=00FF2CFE A4=00000100 A5=FFFF80C8 A6=00FF0BF0 A7=00FF0BD6 D0=00000017 D1=00000000 D2=00000006 D3=00000032 D4=0000FFFF D5=000000FF D6=00000004 D7=000A0000 xnzvc
00:6B78  52 40  ADDQ.W  #1,D0                    A0=00006B1C A1=00C00000 A2=00007307 A3=00FF2CFE A4=00000100 A5=FFFF80C8 A6=00FF0BF0 A7=00FF0BD6 D0=00000017 D1=00000000 D2=00000006 D3=00000032 D4=0000FFFF D5=000000FF D6=00000004 D7=000A0000 xnzvc
00:6B7A  B0 78  CMP.W   ($8A70),D0               A0=00006B1C A1=00C00000 A2=00007307 A3=00FF2CFE A4=00000100 A5=FFFF80C8 A6=00FF0BF0 A7=00FF0BD6 D0=00000018 D1=00000000 D2=00000006 D3=00000032 D4=0000FFFF D5=000000FF D6=00000004 D7=000A0000 xnzvc
00:6B7E  64 06  BCC     #$06 [00:6B86]           A0=00006B1C A1=00C00000 A2=00007307 A3=00FF2CFE A4=00000100 A5=FFFF80C8 A6=00FF0BF0 A7=00FF0BD6 D0=00000018 D1=00000000 D2=00000006 D3=00000032 D4=0000FFFF D5=000000FF D6=00000004 D7=000A0000 xNzvC
00:6B80  3D 40  MOVE.W  D0,$FFFE(A6)             A0=00006B1C A1=00C00000 A2=00007307 A3=00FF2CFE A4=00000100 A5=FFFF80C8 A6=00FF0BF0 A7=00FF0BD6 D0=00000018 D1=00000000 D2=00000006 D3=00000032 D4=0000FFFF D5=000000FF D6=00000004 D7=000A0000 xNzvC
00:6B84  4E 75  RTS                              A0=00006B1C A1=00C00000 A2=00007307 A3=00FF2CFE A4=00000100 A5=FFFF80C8 A6=00FF0BF0 A7=00FF0BD6 D0=00000018 D1=00000000 D2=00000006 D3=00000032 D4=0000FFFF D5=000000FF D6=00000004 D7=000A0000 xnzvc
00:6B28  53 43  SUBQ.W  #1,D3                    A0=00006B1C A1=00C00000 A2=00007307 A3=00FF2CFE A4=00000100 A5=FFFF80C8 A6=00FF0BF0 A7=00FF0BDA D0=00000018 D1=00000000 D2=00000006 D3=00000032 D4=0000FFFF D5=000000FF D6=00000004 D7=000A0000 xnzvc
00:6B2A  6A F8  BPL     #$F8 [00:6B24]           A0=00006B1C A1=00C00000 A2=00007307 A3=00FF2CFE A4=00000100 A5=FFFF80C8 A6=00FF0BF0 A7=00FF0BDA D0=00000018 D1=00000000 D2=00000006 D3=00000031 D4=0000FFFF D5=000000FF D6=00000004 D7=000A0000 xnzvc
00:6B24  61 00  BSR     #$003E [00:6B64]         A0=00006B1C A1=00C00000 A2=00007307 A3=00FF2CFE A4=00000100 A5=FFFF80C8 A6=00FF0BF0 A7=00FF0BDA D0=00000018 D1=00000000 D2=00000006 D3=00000031 D4=0000FFFF D5=000000FF D6=00000004 D7=000A0000 xnzvc
00:6B64  32 87  MOVE.W  D7,(A1)                  A0=00006B1C A1=00C00000 A2=00007307 A3=00FF2CFE A4=00000100 A5=FFFF80C8 A6=00FF0BF0 A7=00FF0BD6 D0=00000018 D1=00000000 D2=00000006 D3=00000031 D4=0000FFFF D5=000000FF D6=00000004 D7=000A0000 xnzvc
00:6B66  53 2E  SUBQ.B  #1,$FFF4(A6)             A0=00006B1C A1=00C00000 A2=00007307 A3=00FF2CFE A4=00000100 A5=FFFF80C8 A6=00FF0BF0 A7=00FF0BD6 D0=00000018 D1=00000000 D2=00000006 D3=00000031 D4=0000FFFF D5=000000FF D6=00000004 D7=000A0000 xnZvc
00:6B6A  6A 08  BPL     #$08 [00:6B74]           A0=00006B1C A1=00C00000 A2=00007307 A3=00FF2CFE A4=00000100 A5=FFFF80C8 A6=00FF0BF0 A7=00FF0BD6 D0=00000018 D1=00000000 D2=00000006 D3=00000031 D4=0000FFFF D5=000000FF D6=00000004 D7=000A0000 xnzvc
00:6B74  30 2E  MOVE.W  $FFFE(A6),D0             A0=00006B1C A1=00C00000 A2=00007307 A3=00FF2CFE A4=00000100 A5=FFFF80C8 A6=00FF0BF0 A7=00FF0BD6 D0=00000018 D1=00000000 D2=00000006 D3=00000031 D4=0000FFFF D5=000000FF D6=00000004 D7=000A0000 xnzvc
00:6B78  52 40  ADDQ.W  #1,D0                    A0=00006B1C A1=00C00000 A2=00007307 A3=00FF2CFE A4=00000100 A5=FFFF80C8 A6=00FF0BF0 A7=00FF0BD6 D0=00000018 D1=00000000 D2=00000006 D3=00000031 D4=0000FFFF D5=000000FF D6=00000004 D7=000A0000 xnzvc
00:6B7A  B0 78  CMP.W   ($8A70),D0               A0=00006B1C A1=00C00000 A2=00007307 A3=00FF2CFE A4=00000100 A5=FFFF80C8 A6=00FF0BF0 A7=00FF0BD6 D0=00000019 D1=00000000 D2=00000006 D3=00000031 D4=0000FFFF D5=000000FF D6=00000004 D7=000A0000 xnzvc
00:6B7E  64 06  BCC     #$06 [00:6B86]           A0=00006B1C A1=00C00000 A2=00007307 A3=00FF2CFE A4=00000100 A5=FFFF80C8 A6=00FF0BF0 A7=00FF0BD6 D0=00000019 D1=00000000 D2=00000006 D3=00000031 D4=0000FFFF D5=000000FF D6=00000004 D7=000A0000 xNzvC
00:6B80  3D 40  MOVE.W  D0,$FFFE(A6)             A0=00006B1C A1=00C00000 A2=00007307 A3=00FF2CFE A4=00000100 A5=FFFF80C8 A6=00FF0BF0 A7=00FF0BD6 D0=00000019 D1=00000000 D2=00000006 D3=00000031 D4=0000FFFF D5=000000FF D6=00000004 D7=000A0000 xNzvC
00:6B84  4E 75  RTS                              A0=00006B1C A1=00C00000 A2=00007307 A3=00FF2CFE A4=00000100 A5=FFFF80C8 A6=00FF0BF0 A7=00FF0BD6 D0=00000019 D1=00000000 D2=00000006 D3=00000031 D4=0000FFFF D5=000000FF D6=00000004 D7=000A0000 xnzvc
00:6B28  53 43  SUBQ.W  #1,D3                    A0=00006B1C A1=00C00000 A2=00007307 A3=00FF2CFE A4=00000100 A5=FFFF80C8 A6=00FF0BF0 A7=00FF0BDA D0=00000019 D1=00000000 D2=00000006 D3=00000031 D4=0000FFFF D5=000000FF D6=00000004 D7=000A0000 xnzvc
00:6B2A  6A F8  BPL     #$F8 [00:6B24]           A0=00006B1C A1=00C00000 A2=00007307 A3=00FF2CFE A4=00000100 A5=FFFF80C8 A6=00FF0BF0 A7=00FF0BDA D0=00000019 D1=00000000 D2=00000006 D3=00000030 D4=0000FFFF D5=000000FF D6=00000004 D7=000A0000 xnzvc
00:6B24  61 00  BSR     #$003E [00:6B64]         A0=00006B1C A1=00C00000 A2=00007307 A3=00FF2CFE A4=00000100 A5=FFFF80C8 A6=00FF0BF0 A7=00FF0BDA D0=00000019 D1=00000000 D2=00000006 D3=00000030 D4=0000FFFF D5=000000FF D6=00000004 D7=000A0000 xnzvc
00:6B64  32 87  MOVE.W  D7,(A1)                  A0=00006B1C A1=00C00000 A2=00007307 A3=00FF2CFE A4=00000100 A5=FFFF80C8 A6=00FF0BF0 A7=00FF0BD6 D0=00000019 D1=00000000 D2=00000006 D3=00000030 D4=0000FFFF D5=000000FF D6=00000004 D7=000A0000 xnzvc
00:6B66  53 2E  SUBQ.B  #1,$FFF4(A6)             A0=00006B1C A1=00C00000 A2=00007307 A3=00FF2CFE A4=00000100 A5=FFFF80C8 A6=00FF0BF0 A7=00FF0BD6 D0=00000019 D1=00000000 D2=00000006 D3=00000030 D4=0000FFFF D5=000000FF D6=00000004 D7=000A0000 xnZvc
00:6B6A  6A 08  BPL     #$08 [00:6B74]           A0=00006B1C A1=00C00000 A2=00007307 A3=00FF2CFE A4=00000100 A5=FFFF80C8 A6=00FF0BF0 A7=00FF0BD6 D0=00000019 D1=00000000 D2=00000006 D3=00000030 D4=0000FFFF D5=000000FF D6=00000004 D7=000A0000 xnzvc
00:6B74  30 2E  MOVE.W  $FFFE(A6),D0             A0=00006B1C A1=00C00000 A2=00007307 A3=00FF2CFE A4=00000100 A5=FFFF80C8 A6=00FF0BF0 A7=00FF0BD6 D0=00000019 D1=00000000 D2=00000006 D3=00000030 D4=0000FFFF D5=000000FF D6=00000004 D7=000A0000 xnzvc
00:6B78  52 40  ADDQ.W  #1,D0                    A0=00006B1C A1=00C00000 A2=00007307 A3=00FF2CFE A4=00000100 A5=FFFF80C8 A6=00FF0BF0 A7=00FF0BD6 D0=00000019 D1=00000000 D2=00000006 D3=00000030 D4=0000FFFF D5=000000FF D6=00000004 D7=000A0000 xnzvc
00:6B7A  B0 78  CMP.W   ($8A70),D0               A0=00006B1C A1=00C00000 A2=00007307 A3=00FF2CFE A4=00000100 A5=FFFF80C8 A6=00FF0BF0 A7=00FF0BD6 D0=0000001A D1=00000000 D2=00000006 D3=00000030 D4=0000FFFF D5=000000FF D6=00000004 D7=000A0000 xnzvc
00:6B7E  64 06  BCC     #$06 [00:6B86]           A0=00006B1C A1=00C00000 A2=00007307 A3=00FF2CFE A4=00000100 A5=FFFF80C8 A6=00FF0BF0 A7=00FF0BD6 D0=0000001A D1=00000000 D2=00000006 D3=00000030 D4=0000FFFF D5=000000FF D6=00000004 D7=000A0000 xNzvC
00:6B80  3D 40  MOVE.W  D0,$FFFE(A6)             A0=00006B1C A1=00C00000 A2=00007307 A3=00FF2CFE A4=00000100 A5=FFFF80C8 A6=00FF0BF0 A7=00FF0BD6 D0=0000001A D1=00000000 D2=00000006 D3=00000030 D4=0000FFFF D5=000000FF D6=00000004 D7=000A0000 xNzvC
00:6B84  4E 75  RTS                              A0=00006B1C A1=00C00000 A2=00007307 A3=00FF2CFE A4=00000100 A5=FFFF80C8 A6=00FF0BF0 A7=00FF0BD6 D0=0000001A D1=00000000 D2=00000006 D3=00000030 D4=0000FFFF D5=000000FF D6=00000004 D7=000A0000 xnzvc
00:6B28  53 43  SUBQ.W  #1,D3                    A0=00006B1C A1=00C00000 A2=00007307 A3=00FF2CFE A4=00000100 A5=FFFF80C8 A6=00FF0BF0 A7=00FF0BDA D0=0000001A D1=00000000 D2=00000006 D3=00000030 D4=0000FFFF D5=000000FF D6=00000004 D7=000A0000 xnzvc
00:6B2A  6A F8  BPL     #$F8 [00:6B24]           A0=00006B1C A1=00C00000 A2=00007307 A3=00FF2CFE A4=00000100 A5=FFFF80C8 A6=00FF0BF0 A7=00FF0BDA D0=0000001A D1=00000000 D2=00000006 D3=0000002F D4=0000FFFF D5=000000FF D6=00000004 D7=000A0000 xnzvc
00:6B24  61 00  BSR     #$003E [00:6B64]         A0=00006B1C A1=00C00000 A2=00007307 A3=00FF2CFE A4=00000100 A5=FFFF80C8 A6=00FF0BF0 A7=00FF0BDA D0=0000001A D1=00000000 D2=00000006 D3=0000002F D4=0000FFFF D5=000000FF D6=00000004 D7=000A0000 xnzvc
00:6B64  32 87  MOVE.W  D7,(A1)                  A0=00006B1C A1=00C00000 A2=00007307 A3=00FF2CFE A4=00000100 A5=FFFF80C8 A6=00FF0BF0 A7=00FF0BD6 D0=0000001A D1=00000000 D2=00000006 D3=0000002F D4=0000FFFF D5=000000FF D6=00000004 D7=000A0000 xnzvc
00:6B66  53 2E  SUBQ.B  #1,$FFF4(A6)             A0=00006B1C A1=00C00000 A2=00007307 A3=00FF2CFE A4=00000100 A5=FFFF80C8 A6=00FF0BF0 A7=00FF0BD6 D0=0000001A D1=00000000 D2=00000006 D3=0000002F D4=0000FFFF D5=000000FF D6=00000004 D7=000A0000 xnZvc
00:6B6A  6A 08  BPL     #$08 [00:6B74]           A0=00006B1C A1=00C00000 A2=00007307 A3=00FF2CFE A4=00000100 A5=FFFF80C8 A6=00FF0BF0 A7=00FF0BD6 D0=0000001A D1=00000000 D2=00000006 D3=0000002F D4=0000FFFF D5=000000FF D6=00000004 D7=000A0000 xnzvc
00:6B74  30 2E  MOVE.W  $FFFE(A6),D0             A0=00006B1C A1=00C00000 A2=00007307 A3=00FF2CFE A4=00000100 A5=FFFF80C8 A6=00FF0BF0 A7=00FF0BD6 D0=0000001A D1=00000000 D2=00000006 D3=0000002F D4=0000FFFF D5=000000FF D6=00000004 D7=000A0000 xnzvc
00:6B78  52 40  ADDQ.W  #1,D0                    A0=00006B1C A1=00C00000 A2=00007307 A3=00FF2CFE A4=00000100 A5=FFFF80C8 A6=00FF0BF0 A7=00FF0BD6 D0=0000001A D1=00000000 D2=00000006 D3=0000002F D4=0000FFFF D5=000000FF D6=00000004 D7=000A0000 xnzvc
00:6B7A  B0 78  CMP.W   ($8A70),D0               A0=00006B1C A1=00C00000 A2=00007307 A3=00FF2CFE A4=00000100 A5=FFFF80C8 A6=00FF0BF0 A7=00FF0BD6 D0=0000001B D1=00000000 D2=00000006 D3=0000002F D4=0000FFFF D5=000000FF D6=00000004 D7=000A0000 xnzvc
00:6B7E  64 06  BCC     #$06 [00:6B86]           A0=00006B1C A1=00C00000 A2=00007307 A3=00FF2CFE A4=00000100 A5=FFFF80C8 A6=00FF0BF0 A7=00FF0BD6 D0=0000001B D1=00000000 D2=00000006 D3=0000002F D4=0000FFFF D5=000000FF D6=00000004 D7=000A0000 xNzvC
00:6B80  3D 40  MOVE.W  D0,$FFFE(A6)             A0=00006B1C A1=00C00000 A2=00007307 A3=00FF2CFE A4=00000100 A5=FFFF80C8 A6=00FF0BF0 A7=00FF0BD6 D0=0000001B D1=00000000 D2=00000006 D3=0000002F D4=0000FFFF D5=000000FF D6=00000004 D7=000A0000 xNzvC
00:6B84  4E 75  RTS                              A0=00006B1C A1=00C00000 A2=00007307 A3=00FF2CFE A4=00000100 A5=FFFF80C8 A6=00FF0BF0 A7=00FF0BD6 D0=0000001B D1=00000000 D2=00000006 D3=0000002F D4=0000FFFF D5=000000FF D6=00000004 D7=000A0000 xnzvc
00:6B28  53 43  SUBQ.W  #1,D3                    A0=00006B1C A1=00C00000 A2=00007307 A3=00FF2CFE A4=00000100 A5=FFFF80C8 A6=00FF0BF0 A7=00FF0BDA D0=0000001B D1=00000000 D2=00000006 D3=0000002F D4=0000FFFF D5=000000FF D6=00000004 D7=000A0000 xnzvc
00:6B2A  6A F8  BPL     #$F8 [00:6B24]           A0=00006B1C A1=00C00000 A2=00007307 A3=00FF2CFE A4=00000100 A5=FFFF80C8 A6=00FF0BF0 A7=00FF0BDA D0=0000001B D1=00000000 D2=00000006 D3=0000002E D4=0000FFFF D5=000000FF D6=00000004 D7=000A0000 xnzvc
00:6B24  61 00  BSR     #$003E [00:6B64]         A0=00006B1C A1=00C00000 A2=00007307 A3=00FF2CFE A4=00000100 A5=FFFF80C8 A6=00FF0BF0 A7=00FF0BDA D0=0000001B D1=00000000 D2=00000006 D3=0000002E D4=0000FFFF D5=000000FF D6=00000004 D7=000A0000 xnzvc
00:6B64  32 87  MOVE.W  D7,(A1)                  A0=00006B1C A1=00C00000 A2=00007307 A3=00FF2CFE A4=00000100 A5=FFFF80C8 A6=00FF0BF0 A7=00FF0BD6 D0=0000001B D1=00000000 D2=00000006 D3=0000002E D4=0000FFFF D5=000000FF D6=00000004 D7=000A0000 xnzvc
00:6B66  53 2E  SUBQ.B  #1,$FFF4(A6)             A0=00006B1C A1=00C00000 A2=00007307 A3=00FF2CFE A4=00000100 A5=FFFF80C8 A6=00FF0BF0 A7=00FF0BD6 D0=0000001B D1=00000000 D2=00000006 D3=0000002E D4=0000FFFF D5=000000FF D6=00000004 D7=000A0000 xnZvc
00:6B6A  6A 08  BPL     #$08 [00:6B74]           A0=00006B1C A1=00C00000 A2=00007307 A3=00FF2CFE A4=00000100 A5=FFFF80C8 A6=00FF0BF0 A7=00FF0BD6 D0=0000001B D1=00000000 D2=00000006 D3=0000002E D4=0000FFFF D5=000000FF D6=00000004 D7=000A0000 xnzvc
00:6B74  30 2E  MOVE.W  $FFFE(A6),D0             A0=00006B1C A1=00C00000 A2=00007307 A3=00FF2CFE A4=00000100 A5=FFFF80C8 A6=00FF0BF0 A7=00FF0BD6 D0=0000001B D1=00000000 D2=00000006 D3=0000002E D4=0000FFFF D5=000000FF D6=00000004 D7=000A0000 xnzvc
00:6B78  52 40  ADDQ.W  #1,D0                    A0=00006B1C A1=00C00000 A2=00007307 A3=00FF2CFE A4=00000100 A5=FFFF80C8 A6=00FF0BF0 A7=00FF0BD6 D0=0000001B D1=00000000 D2=00000006 D3=0000002E D4=0000FFFF D5=000000FF D6=00000004 D7=000A0000 xnzvc
00:6B7A  B0 78  CMP.W   ($8A70),D0               A0=00006B1C A1=00C00000 A2=00007307 A3=00FF2CFE A4=00000100 A5=FFFF80C8 A6=00FF0BF0 A7=00FF0BD6 D0=0000001C D1=00000000 D2=00000006 D3=0000002E D4=0000FFFF D5=000000FF D6=00000004 D7=000A0000 xnzvc
00:6B7E  64 06  BCC     #$06 [00:6B86]           A0=00006B1C A1=00C00000 A2=00007307 A3=00FF2CFE A4=00000100 A5=FFFF80C8 A6=00FF0BF0 A7=00FF0BD6 D0=0000001C D1=00000000 D2=00000006 D3=0000002E D4=0000FFFF D5=000000FF D6=00000004 D7=000A0000 xNzvC
00:6B80  3D 40  MOVE.W  D0,$FFFE(A6)             A0=00006B1C A1=00C00000 A2=00007307 A3=00FF2CFE A4=00000100 A5=FFFF80C8 A6=00FF0BF0 A7=00FF0BD6 D0=0000001C D1=00000000 D2=00000006 D3=0000002E D4=0000FFFF D5=000000FF D6=00000004 D7=000A0000 xNzvC
00:6B84  4E 75  RTS                              A0=00006B1C A1=00C00000 A2=00007307 A3=00FF2CFE A4=00000100 A5=FFFF80C8 A6=00FF0BF0 A7=00FF0BD6 D0=0000001C D1=00000000 D2=00000006 D3=0000002E D4=0000FFFF D5=000000FF D6=00000004 D7=000A0000 xnzvc
00:6B28  53 43  SUBQ.W  #1,D3                    A0=00006B1C A1=00C00000 A2=00007307 A3=00FF2CFE A4=00000100 A5=FFFF80C8 A6=00FF0BF0 A7=00FF0BDA D0=0000001C D1=00000000 D2=00000006 D3=0000002E D4=0000FFFF D5=000000FF D6=00000004 D7=000A0000 xnzvc
00:6B2A  6A F8  BPL     #$F8 [00:6B24]           A0=00006B1C A1=00C00000 A2=00007307 A3=00FF2CFE A4=00000100 A5=FFFF80C8 A6=00FF0BF0 A7=00FF0BDA D0=0000001C D1=00000000 D2=00000006 D3=0000002D D4=0000FFFF D5=000000FF D6=00000004 D7=000A0000 xnzvc
00:6B24  61 00  BSR     #$003E [00:6B64]         A0=00006B1C A1=00C00000 A2=00007307 A3=00FF2CFE A4=00000100 A5=FFFF80C8 A6=00FF0BF0 A7=00FF0BDA D0=0000001C D1=00000000 D2=00000006 D3=0000002D D4=0000FFFF D5=000000FF D6=00000004 D7=000A0000 xnzvc
00:6B64  32 87  MOVE.W  D7,(A1)                  A0=00006B1C A1=00C00000 A2=00007307 A3=00FF2CFE A4=00000100 A5=FFFF80C8 A6=00FF0BF0 A7=00FF0BD6 D0=0000001C D1=00000000 D2=00000006 D3=0000002D D4=0000FFFF D5=000000FF D6=00000004 D7=000A0000 xnzvc
00:6B66  53 2E  SUBQ.B  #1,$FFF4(A6)             A0=00006B1C A1=00C00000 A2=00007307 A3=00FF2CFE A4=00000100 A5=FFFF80C8 A6=00FF0BF0 A7=00FF0BD6 D0=0000001C D1=00000000 D2=00000006 D3=0000002D D4=0000FFFF D5=000000FF D6=00000004 D7=000A0000 xnZvc
00:6B6A  6A 08  BPL     #$08 [00:6B74]           A0=00006B1C A1=00C00000 A2=00007307 A3=00FF2CFE A4=00000100 A5=FFFF80C8 A6=00FF0BF0 A7=00FF0BD6 D0=0000001C D1=00000000 D2=00000006 D3=0000002D D4=0000FFFF D5=000000FF D6=00000004 D7=000A0000 xnzvc
00:6B74  30 2E  MOVE.W  $FFFE(A6),D0             A0=00006B1C A1=00C00000 A2=00007307 A3=00FF2CFE A4=00000100 A5=FFFF80C8 A6=00FF0BF0 A7=00FF0BD6 D0=0000001C D1=00000000 D2=00000006 D3=0000002D D4=0000FFFF D5=000000FF D6=00000004 D7=000A0000 xnzvc
00:6B78  52 40  ADDQ.W  #1,D0                    A0=00006B1C A1=00C00000 A2=00007307 A3=00FF2CFE A4=00000100 A5=FFFF80C8 A6=00FF0BF0 A7=00FF0BD6 D0=0000001C D1=00000000 D2=00000006 D3=0000002D D4=0000FFFF D5=000000FF D6=00000004 D7=000A0000 xnzvc
00:6B7A  B0 78  CMP.W   ($8A70),D0               A0=00006B1C A1=00C00000 A2=00007307 A3=00FF2CFE A4=00000100 A5=FFFF80C8 A6=00FF0BF0 A7=00FF0BD6 D0=0000001D D1=00000000 D2=00000006 D3=0000002D D4=0000FFFF D5=000000FF D6=00000004 D7=000A0000 xnzvc
00:6B7E  64 06  BCC     #$06 [00:6B86]           A0=00006B1C A1=00C00000 A2=00007307 A3=00FF2CFE A4=00000100 A5=FFFF80C8 A6=00FF0BF0 A7=00FF0BD6 D0=0000001D D1=00000000 D2=00000006 D3=0000002D D4=0000FFFF D5=000000FF D6=00000004 D7=000A0000 xNzvC
00:6B80  3D 40  MOVE.W  D0,$FFFE(A6)             A0=00006B1C A1=00C00000 A2=00007307 A3=00FF2CFE A4=00000100 A5=FFFF80C8 A6=00FF0BF0 A7=00FF0BD6 D0=0000001D D1=00000000 D2=00000006 D3=0000002D D4=0000FFFF D5=000000FF D6=00000004 D7=000A0000 xNzvC
00:6B84  4E 75  RTS                              A0=00006B1C A1=00C00000 A2=00007307 A3=00FF2CFE A4=00000100 A5=FFFF80C8 A6=00FF0BF0 A7=00FF0BD6 D0=0000001D D1=00000000 D2=00000006 D3=0000002D D4=0000FFFF D5=000000FF D6=00000004 D7=000A0000 xnzvc
00:6B28  53 43  SUBQ.W  #1,D3                    A0=00006B1C A1=00C00000 A2=00007307 A3=00FF2CFE A4=00000100 A5=FFFF80C8 A6=00FF0BF0 A7=00FF0BDA D0=0000001D D1=00000000 D2=00000006 D3=0000002D D4=0000FFFF D5=000000FF D6=00000004 D7=000A0000 xnzvc
00:6B2A  6A F8  BPL     #$F8 [00:6B24]           A0=00006B1C A1=00C00000 A2=00007307 A3=00FF2CFE A4=00000100 A5=FFFF80C8 A6=00FF0BF0 A7=00FF0BDA D0=0000001D D1=00000000 D2=00000006 D3=0000002C D4=0000FFFF D5=000000FF D6=00000004 D7=000A0000 xnzvc
00:6B24  61 00  BSR     #$003E [00:6B64]         A0=00006B1C A1=00C00000 A2=00007307 A3=00FF2CFE A4=00000100 A5=FFFF80C8 A6=00FF0BF0 A7=00FF0BDA D0=0000001D D1=00000000 D2=00000006 D3=0000002C D4=0000FFFF D5=000000FF D6=00000004 D7=000A0000 xnzvc
00:6B64  32 87  MOVE.W  D7,(A1)                  A0=00006B1C A1=00C00000 A2=00007307 A3=00FF2CFE A4=00000100 A5=FFFF80C8 A6=00FF0BF0 A7=00FF0BD6 D0=0000001D D1=00000000 D2=00000006 D3=0000002C D4=0000FFFF D5=000000FF D6=00000004 D7=000A0000 xnzvc
00:6B66  53 2E  SUBQ.B  #1,$FFF4(A6)             A0=00006B1C A1=00C00000 A2=00007307 A3=00FF2CFE A4=00000100 A5=FFFF80C8 A6=00FF0BF0 A7=00FF0BD6 D0=0000001D D1=00000000 D2=00000006 D3=0000002C D4=0000FFFF D5=000000FF D6=00000004 D7=000A0000 xnZvc
00:6B6A  6A 08  BPL     #$08 [00:6B74]           A0=00006B1C A1=00C00000 A2=00007307 A3=00FF2CFE A4=00000100 A5=FFFF80C8 A6=00FF0BF0 A7=00FF0BD6 D0=0000001D D1=00000000 D2=00000006 D3=0000002C D4=0000FFFF D5=000000FF D6=00000004 D7=000A0000 xnzvc
00:6B74  30 2E  MOVE.W  $FFFE(A6),D0             A0=00006B1C A1=00C00000 A2=00007307 A3=00FF2CFE A4=00000100 A5=FFFF80C8 A6=00FF0BF0 A7=00FF0BD6 D0=0000001D D1=00000000 D2=00000006 D3=0000002C D4=0000FFFF D5=000000FF D6=00000004 D7=000A0000 xnzvc
00:6B78  52 40  ADDQ.W  #1,D0                    A0=00006B1C A1=00C00000 A2=00007307 A3=00FF2CFE A4=00000100 A5=FFFF80C8 A6=00FF0BF0 A7=00FF0BD6 D0=0000001D D1=00000000 D2=00000006 D3=0000002C D4=0000FFFF D5=000000FF D6=00000004 D7=000A0000 xnzvc
00:6B7A  B0 78  CMP.W   ($8A70),D0               A0=00006B1C A1=00C00000 A2=00007307 A3=00FF2CFE A4=00000100 A5=FFFF80C8 A6=00FF0BF0 A7=00FF0BD6 D0=0000001E D1=00000000 D2=00000006 D3=0000002C D4=0000FFFF D5=000000FF D6=00000004 D7=000A0000 xnzvc
00:6B7E  64 06  BCC     #$06 [00:6B86]           A0=00006B1C A1=00C00000 A2=00007307 A3=00FF2CFE A4=00000100 A5=FFFF80C8 A6=00FF0BF0 A7=00FF0BD6 D0=0000001E D1=00000000 D2=00000006 D3=0000002C D4=0000FFFF D5=000000FF D6=00000004 D7=000A0000 xNzvC
00:6B80  3D 40  MOVE.W  D0,$FFFE(A6)             A0=00006B1C A1=00C00000 A2=00007307 A3=00FF2CFE A4=00000100 A5=FFFF80C8 A6=00FF0BF0 A7=00FF0BD6 D0=0000001E D1=00000000 D2=00000006 D3=0000002C D4=0000FFFF D5=000000FF D6=00000004 D7=000A0000 xNzvC
00:6B84  4E 75  RTS                              A0=00006B1C A1=00C00000 A2=00007307 A3=00FF2CFE A4=00000100 A5=FFFF80C8 A6=00FF0BF0 A7=00FF0BD6 D0=0000001E D1=00000000 D2=00000006 D3=0000002C D4=0000FFFF D5=000000FF D6=00000004 D7=000A0000 xnzvc
00:6B28  53 43  SUBQ.W  #1,D3                    A0=00006B1C A1=00C00000 A2=00007307 A3=00FF2CFE A4=00000100 A5=FFFF80C8 A6=00FF0BF0 A7=00FF0BDA D0=0000001E D1=00000000 D2=00000006 D3=0000002C D4=0000FFFF D5=000000FF D6=00000004 D7=000A0000 xnzvc
00:6B2A  6A F8  BPL     #$F8 [00:6B24]           A0=00006B1C A1=00C00000 A2=00007307 A3=00FF2CFE A4=00000100 A5=FFFF80C8 A6=00FF0BF0 A7=00FF0BDA D0=0000001E D1=00000000 D2=00000006 D3=0000002B D4=0000FFFF D5=000000FF D6=00000004 D7=000A0000 xnzvc
00:6B24  61 00  BSR     #$003E [00:6B64]         A0=00006B1C A1=00C00000 A2=00007307 A3=00FF2CFE A4=00000100 A5=FFFF80C8 A6=00FF0BF0 A7=00FF0BDA D0=0000001E D1=00000000 D2=00000006 D3=0000002B D4=0000FFFF D5=000000FF D6=00000004 D7=000A0000 xnzvc
00:6B64  32 87  MOVE.W  D7,(A1)                  A0=00006B1C A1=00C00000 A2=00007307 A3=00FF2CFE A4=00000100 A5=FFFF80C8 A6=00FF0BF0 A7=00FF0BD6 D0=0000001E D1=00000000 D2=00000006 D3=0000002B D4=0000FFFF D5=000000FF D6=00000004 D7=000A0000 xnzvc
00:6B66  53 2E  SUBQ.B  #1,$FFF4(A6)             A0=00006B1C A1=00C00000 A2=00007307 A3=00FF2CFE A4=00000100 A5=FFFF80C8 A6=00FF0BF0 A7=00FF0BD6 D0=0000001E D1=00000000 D2=00000006 D3=0000002B D4=0000FFFF D5=000000FF D6=00000004 D7=000A0000 xnZvc
00:6B6A  6A 08  BPL     #$08 [00:6B74]           A0=00006B1C A1=00C00000 A2=00007307 A3=00FF2CFE A4=00000100 A5=FFFF80C8 A6=00FF0BF0 A7=00FF0BD6 D0=0000001E D1=00000000 D2=00000006 D3=0000002B D4=0000FFFF D5=000000FF D6=00000004 D7=000A0000 xnZvc
00:6B74  30 2E  MOVE.W  $FFFE(A6),D0             A0=00006B1C A1=00C00000 A2=00007307 A3=00FF2CFE A4=00000100 A5=FFFF80C8 A6=00FF0BF0 A7=00FF0BD6 D0=0000001E D1=00000000 D2=00000006 D3=0000002B D4=0000FFFF D5=000000FF D6=00000004 D7=000A0000 xnZvc
00:6B78  52 40  ADDQ.W  #1,D0                    A0=00006B1C A1=00C00000 A2=00007307 A3=00FF2CFE A4=00000100 A5=FFFF80C8 A6=00FF0BF0 A7=00FF0BD6 D0=0000001E D1=00000000 D2=00000006 D3=0000002B D4=0000FFFF D5=000000FF D6=00000004 D7=000A0000 xnzvc
00:6B7A  B0 78  CMP.W   ($8A70),D0               A0=00006B1C A1=00C00000 A2=00007307 A3=00FF2CFE A4=00000100 A5=FFFF80C8 A6=00FF0BF0 A7=00FF0BD6 D0=0000001F D1=00000000 D2=00000006 D3=0000002B D4=0000FFFF D5=000000FF D6=00000004 D7=000A0000 xnzvc
00:6B7E  64 06  BCC     #$06 [00:6B86]           A0=00006B1C A1=00C00000 A2=00007307 A3=00FF2CFE A4=00000100 A5=FFFF80C8 A6=00FF0BF0 A7=00FF0BD6 D0=0000001F D1=00000000 D2=00000006 D3=0000002B D4=0000FFFF D5=000000FF D6=00000004 D7=000A0000 xNzvC
00:6B80  3D 40  MOVE.W  D0,$FFFE(A6)             A0=00006B1C A1=00C00000 A2=00007307 A3=00FF2CFE A4=00000100 A5=FFFF80C8 A6=00FF0BF0 A7=00FF0BD6 D0=0000001F D1=00000000 D2=00000006 D3=0000002B D4=0000FFFF D5=000000FF D6=00000004 D7=000A0000 xNzvC
00:6B84  4E 75  RTS                              A0=00006B1C A1=00C00000 A2=00007307 A3=00FF2CFE A4=00000100 A5=FFFF80C8 A6=00FF0BF0 A7=00FF0BD6 D0=0000001F D1=00000000 D2=00000006 D3=0000002B D4=0000FFFF D5=000000FF D6=00000004 D7=000A0000 xnzvc
00:6B28  53 43  SUBQ.W  #1,D3                    A0=00006B1C A1=00C00000 A2=00007307 A3=00FF2CFE A4=00000100 A5=FFFF80C8 A6=00FF0BF0 A7=00FF0BDA D0=0000001F D1=00000000 D2=00000006 D3=0000002B D4=0000FFFF D5=000000FF D6=00000004 D7=000A0000 xnzvc
00:6B2A  6A F8  BPL     #$F8 [00:6B24]           A0=00006B1C A1=00C00000 A2=00007307 A3=00FF2CFE A4=00000100 A5=FFFF80C8 A6=00FF0BF0 A7=00FF0BDA D0=0000001F D1=00000000 D2=00000006 D3=0000002A D4=0000FFFF D5=000000FF D6=00000004 D7=000A0000 xnzvc
00:6B24  61 00  BSR     #$003E [00:6B64]         A0=00006B1C A1=00C00000 A2=00007307 A3=00FF2CFE A4=00000100 A5=FFFF80C8 A6=00FF0BF0 A7=00FF0BDA D0=0000001F D1=00000000 D2=00000006 D3=0000002A D4=0000FFFF D5=000000FF D6=00000004 D7=000A0000 xnzvc
00:6B64  32 87  MOVE.W  D7,(A1)                  A0=00006B1C A1=00C00000 A2=00007307 A3=00FF2CFE A4=00000100 A5=FFFF80C8 A6=00FF0BF0 A7=00FF0BD6 D0=0000001F D1=00000000 D2=00000006 D3=0000002A D4=0000FFFF D5=000000FF D6=00000004 D7=000A0000 xnzvc
00:6B66  53 2E  SUBQ.B  #1,$FFF4(A6)             A0=00006B1C A1=00C00000 A2=00007307 A3=00FF2CFE A4=00000100 A5=FFFF80C8 A6=00FF0BF0 A7=00FF0BD6 D0=0000001F D1=00000000 D2=00000006 D3=0000002A D4=0000FFFF D5=000000FF D6=00000004 D7=000A0000 xnZvc
00:6B6A  6A 08  BPL     #$08 [00:6B74]           A0=00006B1C A1=00C00000 A2=00007307 A3=00FF2CFE A4=00000100 A5=FFFF80C8 A6=00FF0BF0 A7=00FF0BD6 D0=0000001F D1=00000000 D2=00000006 D3=0000002A D4=0000FFFF D5=000000FF D6=00000004 D7=000A0000 XNzvC
00:6B6C  1D 6E  MOVE.B  $FFF6(A6),$FFF4(A6)      A0=00006B1C A1=00C00000 A2=00007307 A3=00FF2CFE A4=00000100 A5=FFFF80C8 A6=00FF0BF0 A7=00FF0BD6 D0=0000001F D1=00000000 D2=00000006 D3=0000002A D4=0000FFFF D5=000000FF D6=00000004 D7=000A0000 XNzvC
00:6B72  60 C6  BRA     #$C6 [00:6B3A]           A0=00006B1C A1=00C00000 A2=00007307 A3=00FF2CFE A4=00000100 A5=FFFF80C8 A6=00FF0BF0 A7=00FF0BD6 D0=0000001F D1=00000000 D2=00000006 D3=0000002A D4=0000FFFF D5=000000FF D6=00000004 D7=000A0000 Xnzvc
00:6B3A  30 2E  MOVE.W  $FFFA(A6),D0             A0=00006B1C A1=00C00000 A2=00007307 A3=00FF2CFE A4=00000100 A5=FFFF80C8 A6=00FF0BF0 A7=00FF0BD6 D0=0000001F D1=00000000 D2=00000006 D3=0000002A D4=0000FFFF D5=000000FF D6=00000004 D7=000A0000 Xnzvc
00:6B3E  32 2E  MOVE.W  $FFFC(A6),D1             A0=00006B1C A1=00C00000 A2=00007307 A3=00FF2CFE A4=00000100 A5=FFFF80C8 A6=00FF0BF0 A7=00FF0BD6 D0=00000000 D1=00000000 D2=00000006 D3=0000002A D4=0000FFFF D5=000000FF D6=00000004 D7=000A0000 XnZvc
00:6B42  52 41  ADDQ.W  #1,D1                    A0=00006B1C A1=00C00000 A2=00007307 A3=00FF2CFE A4=00000100 A5=FFFF80C8 A6=00FF0BF0 A7=00FF0BD6 D0=00000000 D1=00000000 D2=00000006 D3=0000002A D4=0000FFFF D5=000000FF D6=00000004 D7=000A0000 XnZvc
00:6B44  B2 78  CMP.W   ($8A72),D1               A0=00006B1C A1=00C00000 A2=00007307 A3=00FF2CFE A4=00000100 A5=FFFF80C8 A6=00FF0BF0 A7=00FF0BD6 D0=00000000 D1=00000001 D2=00000006 D3=0000002A D4=0000FFFF D5=000000FF D6=00000004 D7=000A0000 xnzvc
00:6B48  65 02  BCS     #$02 [00:6B4C]           A0=00006B1C A1=00C00000 A2=00007307 A3=00FF2CFE A4=00000100 A5=FFFF80C8 A6=00FF0BF0 A7=00FF0BD6 D0=00000000 D1=00000001 D2=00000006 D3=0000002A D4=0000FFFF D5=000000FF D6=00000004 D7=000A0000 xNzvC
00:6B4C  3D 41  MOVE.W  D1,$FFFC(A6)             A0=00006B1C A1=00C00000 A2=00007307 A3=00FF2CFE A4=00000100 A5=FFFF80C8 A6=00FF0BF0 A7=00FF0BD6 D0=00000000 D1=00000001 D2=00000006 D3=0000002A D4=0000FFFF D5=000000FF D6=00000004 D7=000A0000 xNzvC
00:6B50  3D 40  MOVE.W  D0,$FFFE(A6)             A0=00006B1C A1=00C00000 A2=00007307 A3=00FF2CFE A4=00000100 A5=FFFF80C8 A6=00FF0BF0 A7=00FF0BD6 D0=00000000 D1=00000001 D2=00000006 D3=0000002A D4=0000FFFF D5=000000FF D6=00000004 D7=000A0000 xnzvc
00:6B54  61 00  BSR     #$FF46 [00:6A9C]         A0=00006B1C A1=00C00000 A2=00007307 A3=00FF2CFE A4=00000100 A5=FFFF80C8 A6=00FF0BF0 A7=00FF0BD6 D0=00000000 D1=00000001 D2=00000006 D3=0000002A D4=0000FFFF D5=000000FF D6=00000004 D7=000A0000 xnZvc
00:6A9C  4E B8  JSR     ($05CA)                  A0=00006B1C A1=00C00000 A2=00007307 A3=00FF2CFE A4=00000100 A5=FFFF80C8 A6=00FF0BF0 A7=00FF0BD2 D0=00000000 D1=00000001 D2=00000006 D3=0000002A D4=0000FFFF D5=000000FF D6=00000004 D7=000A0000 xnZvc
00:05CA  D0 40  ADD.W   D0,D0                    A0=00006B1C A1=00C00000 A2=00007307 A3=00FF2CFE A4=00000100 A5=FFFF80C8 A6=00FF0BF0 A7=00FF0BCE D0=00000000 D1=00000001 D2=00000006 D3=0000002A D4=0000FFFF D5=000000FF D6=00000004 D7=000A0000 xnZvc
00:05CC  D2 41  ADD.W   D1,D1                    A0=00006B1C A1=00C00000 A2=00007307 A3=00FF2CFE A4=00000100 A5=FFFF80C8 A6=00FF0BF0 A7=00FF0BCE D0=00000000 D1=00000001 D2=00000006 D3=0000002A D4=0000FFFF D5=000000FF D6=00000004 D7=000A0000 xnZvc
00:05CE  14 38  MOVE.B  ($8A8A),D2               A0=00006B1C A1=00C00000 A2=00007307 A3=00FF2CFE A4=00000100 A5=FFFF80C8 A6=00FF0BF0 A7=00FF0BCE D0=00000000 D1=00000002 D2=00000006 D3=0000002A D4=0000FFFF D5=000000FF D6=00000004 D7=000A0000 xnzvc
00:05D2  E5 61  ASL.W   D2,D1                    A0=00006B1C A1=00C00000 A2=00007307 A3=00FF2CFE A4=00000100 A5=FFFF80C8 A6=00FF0BF0 A7=00FF0BCE D0=00000000 D1=00000002 D2=00000006 D3=0000002A D4=0000FFFF D5=000000FF D6=00000004 D7=000A0000 xnzvc
00:05D4  D0 41  ADD.W   D1,D0                    A0=00006B1C A1=00C00000 A2=00007307 A3=00FF2CFE A4=00000100 A5=FFFF80C8 A6=00FF0BF0 A7=00FF0BCE D0=00000000 D1=00000080 D2=00000006 D3=0000002A D4=0000FFFF D5=000000FF D6=00000004 D7=000A0000 xnzvc
00:05D6  4E 75  RTS                              A0=00006B1C A1=00C00000 A2=00007307 A3=00FF2CFE A4=00000100 A5=FFFF80C8 A6=00FF0BF0 A7=00FF0BCE D0=00000080 D1=00000080 D2=00000006 D3=0000002A D4=0000FFFF D5=000000FF D6=00000004 D7=000A0000 xnzvc
00:6AA0  D0 6E  ADD.W   $FFF2(A6),D0             A0=00006B1C A1=00C00000 A2=00007307 A3=00FF2CFE A4=00000100 A5=FFFF80C8 A6=00FF0BF0 A7=00FF0BD2 D0=00000080 D1=00000080 D2=00000006 D3=0000002A D4=0000FFFF D5=000000FF D6=00000004 D7=000A0000 xnzvc
00:6AA4  4E 75  RTS                              A0=00006B1C A1=00C00000 A2=00007307 A3=00FF2CFE A4=00000100 A5=FFFF80C8 A6=00FF0BF0 A7=00FF0BD2 D0=0000C080 D1=00000080 D2=00000006 D3=0000002A D4=0000FFFF D5=000000FF D6=00000004 D7=000A0000 xNzvc
00:6B58  4E B8  JSR     ($05A0)                  A0=00006B1C A1=00C00000 A2=00007307 A3=00FF2CFE A4=00000100 A5=FFFF80C8 A6=00FF0BF0 A7=00FF0BD6 D0=0000C080 D1=00000080 D2=00000006 D3=0000002A D4=0000FFFF D5=000000FF D6=00000004 D7=000A0000 xNzvc
00:05A0  E5 80  ASL.L   #2,D0                    A0=00006B1C A1=00C00000 A2=00007307 A3=00FF2CFE A4=00000100 A5=FFFF80C8 A6=00FF0BF0 A7=00FF0BD2 D0=0000C080 D1=00000080 D2=00000006 D3=0000002A D4=0000FFFF D5=000000FF D6=00000004 D7=000A0000 xNzvc
00:05A2  E4 48  LSR.W   #2,D0                    A0=00006B1C A1=00C00000 A2=00007307 A3=00FF2CFE A4=00000100 A5=FFFF80C8 A6=00FF0BF0 A7=00FF0BD2 D0=00030200 D1=00000080 D2=00000006 D3=0000002A D4=0000FFFF D5=000000FF D6=00000004 D7=000A0000 xnzvc
00:05A4  00 40  ORI.W   #$4000,D0                A0=00006B1C A1=00C00000 A2=00007307 A3=00FF2CFE A4=00000100 A5=FFFF80C8 A6=00FF0BF0 A7=00FF0BD2 D0=00030080 D1=00000080 D2=00000006 D3=0000002A D4=0000FFFF D5=000000FF D6=00000004 D7=000A0000 xnzvc
00:05A8  48 40  SWAP.W  D0                       A0=00006B1C A1=00C00000 A2=00007307 A3=00FF2CFE A4=00000100 A5=FFFF80C8 A6=00FF0BF0 A7=00FF0BD2 D0=00034080 D1=00000080 D2=00000006 D3=0000002A D4=0000FFFF D5=000000FF D6=00000004 D7=000A0000 xnzvc
00:05AA  02 40  ANDI.W  #$0003,D0                A0=00006B1C A1=00C00000 A2=00007307 A3=00FF2CFE A4=00000100 A5=FFFF80C8 A6=00FF0BF0 A7=00FF0BD2 D0=40800003 D1=00000080 D2=00000006 D3=0000002A D4=0000FFFF D5=000000FF D6=00000004 D7=000A0000 xnzvc
00:05AE  23 C0  MOVE.L  D0,($00C00004)           A0=00006B1C A1=00C00000 A2=00007307 A3=00FF2CFE A4=00000100 A5=FFFF80C8 A6=00FF0BF0 A7=00FF0BD2 D0=40800003 D1=00000080 D2=00000006 D3=0000002A D4=0000FFFF D5=000000FF D6=00000004 D7=000A0000 xnzvc
00:05B4  4E 75  RTS                              A0=00006B1C A1=00C00000 A2=00007307 A3=00FF2CFE A4=00000100 A5=FFFF80C8 A6=00FF0BF0 A7=00FF0BD2 D0=40800003 D1=00000080 D2=00000006 D3=0000002A D4=0000FFFF D5=000000FF D6=00000004 D7=000A0000 xnzvc
00:6B5C  43 F9  LEA     ($00C00000),A1           A0=00006B1C A1=00C00000 A2=00007307 A3=00FF2CFE A4=00000100 A5=FFFF80C8 A6=00FF0BF0 A7=00FF0BD6 D0=40800003 D1=00000080 D2=00000006 D3=0000002A D4=0000FFFF D5=000000FF D6=00000004 D7=000A0000 xnzvc
00:6B62  4E 75  RTS                              A0=00006B1C A1=00C00000 A2=00007307 A3=00FF2CFE A4=00000100 A5=FFFF80C8 A6=00FF0BF0 A7=00FF0BD6 D0=40800003 D1=00000080 D2=00000006 D3=0000002A D4=0000FFFF D5=000000FF D6=00000004 D7=000A0000 xnzvc
00:6B28  53 43  SUBQ.W  #1,D3                    A0=00006B1C A1=00C00000 A2=00007307 A3=00FF2CFE A4=00000100 A5=FFFF80C8 A6=00FF0BF0 A7=00FF0BDA D0=40800003 D1=00000080 D2=00000006 D3=0000002A D4=0000FFFF D5=000000FF D6=00000004 D7=000A0000 xnzvc
00:6B2A  6A F8  BPL     #$F8 [00:6B24]           A0=00006B1C A1=00C00000 A2=00007307 A3=00FF2CFE A4=00000100 A5=FFFF80C8 A6=00FF0BF0 A7=00FF0BDA D0=40800003 D1=00000080 D2=00000006 D3=00000029 D4=0000FFFF D5=000000FF D6=00000004 D7=000A0000 xnzvc
00:6B24  61 00  BSR     #$003E [00:6B64]         A0=00006B1C A1=00C00000 A2=00007307 A3=00FF2CFE A4=00000100 A5=FFFF80C8 A6=00FF0BF0 A7=00FF0BDA D0=40800003 D1=00000080 D2=00000006 D3=00000029 D4=0000FFFF D5=000000FF D6=00000004 D7=000A0000 xnzvc
00:6B64  32 87  MOVE.W  D7,(A1)                  A0=00006B1C A1=00C00000 A2=00007307 A3=00FF2CFE A4=00000100 A5=FFFF80C8 A6=00FF0BF0 A7=00FF0BD6 D0=40800003 D1=00000080 D2=00000006 D3=00000029 D4=0000FFFF D5=000000FF D6=00000004 D7=000A0000 xnzvc
00:6B66  53 2E  SUBQ.B  #1,$FFF4(A6)             A0=00006B1C A1=00C00000 A2=00007307 A3=00FF2CFE A4=00000100 A5=FFFF80C8 A6=00FF0BF0 A7=00FF0BD6 D0=40800003 D1=00000080 D2=00000006 D3=00000029 D4=0000FFFF D5=000000FF D6=00000004 D7=000A0000 xnZvc
00:6B6A  6A 08  BPL     #$08 [00:6B74]           A0=00006B1C A1=00C00000 A2=00007307 A3=00FF2CFE A4=00000100 A5=FFFF80C8 A6=00FF0BF0 A7=00FF0BD6 D0=40800003 D1=00000080 D2=00000006 D3=00000029 D4=0000FFFF D5=000000FF D6=00000004 D7=000A0000 xnzvc
00:6B74  30 2E  MOVE.W  $FFFE(A6),D0             A0=00006B1C A1=00C00000 A2=00007307 A3=00FF2CFE A4=00000100 A5=FFFF80C8 A6=00FF0BF0 A7=00FF0BD6 D0=40800003 D1=00000080 D2=00000006 D3=00000029 D4=0000FFFF D5=000000FF D6=00000004 D7=000A0000 xnzvc
00:6B78  52 40  ADDQ.W  #1,D0                    A0=00006B1C A1=00C00000 A2=00007307 A3=00FF2CFE A4=00000100 A5=FFFF80C8 A6=00FF0BF0 A7=00FF0BD6 D0=40800000 D1=00000080 D2=00000006 D3=00000029 D4=0000FFFF D5=000000FF D6=00000004 D7=000A0000 xnZvc
00:6B7A  B0 78  CMP.W   ($8A70),D0               A0=00006B1C A1=00C00000 A2=00007307 A3=00FF2CFE A4=00000100 A5=FFFF80C8 A6=00FF0BF0 A7=00FF0BD6 D0=40800001 D1=00000080 D2=00000006 D3=00000029 D4=0000FFFF D5=000000FF D6=00000004 D7=000A0000 xnzvc
00:6B7E  64 06  BCC     #$06 [00:6B86]           A0=00006B1C A1=00C00000 A2=00007307 A3=00FF2CFE A4=00000100 A5=FFFF80C8 A6=00FF0BF0 A7=00FF0BD6 D0=40800001 D1=00000080 D2=00000006 D3=00000029 D4=0000FFFF D5=000000FF D6=00000004 D7=000A0000 xNzvC
00:6B80  3D 40  MOVE.W  D0,$FFFE(A6)             A0=00006B1C A1=00C00000 A2=00007307 A3=00FF2CFE A4=00000100 A5=FFFF80C8 A6=00FF0BF0 A7=00FF0BD6 D0=40800001 D1=00000080 D2=00000006 D3=00000029 D4=0000FFFF D5=000000FF D6=00000004 D7=000A0000 xNzvC
00:6B84  4E 75  RTS                              A0=00006B1C A1=00C00000 A2=00007307 A3=00FF2CFE A4=00000100 A5=FFFF80C8 A6=00FF0BF0 A7=00FF0BD6 D0=40800001 D1=00000080 D2=00000006 D3=00000029 D4=0000FFFF D5=000000FF D6=00000004 D7=000A0000 xnzvc
00:6B28  53 43  SUBQ.W  #1,D3                    A0=00006B1C A1=00C00000 A2=00007307 A3=00FF2CFE A4=00000100 A5=FFFF80C8 A6=00FF0BF0 A7=00FF0BDA D0=40800001 D1=00000080 D2=00000006 D3=00000029 D4=0000FFFF D5=000000FF D6=00000004 D7=000A0000 xnzvc
00:6B2A  6A F8  BPL     #$F8 [00:6B24]           A0=00006B1C A1=00C00000 A2=00007307 A3=00FF2CFE A4=00000100 A5=FFFF80C8 A6=00FF0BF0 A7=00FF0BDA D0=40800001 D1=00000080 D2=00000006 D3=00000028 D4=0000FFFF D5=000000FF D6=00000004 D7=000A0000 xnzvc
00:6B24  61 00  BSR     #$003E [00:6B64]         A0=00006B1C A1=00C00000 A2=00007307 A3=00FF2CFE A4=00000100 A5=FFFF80C8 A6=00FF0BF0 A7=00FF0BDA D0=40800001 D1=00000080 D2=00000006 D3=00000028 D4=0000FFFF D5=000000FF D6=00000004 D7=000A0000 xnzvc
00:6B64  32 87  MOVE.W  D7,(A1)                  A0=00006B1C A1=00C00000 A2=00007307 A3=00FF2CFE A4=00000100 A5=FFFF80C8 A6=00FF0BF0 A7=00FF0BD6 D0=40800001 D1=00000080 D2=00000006 D3=00000028 D4=0000FFFF D5=000000FF D6=00000004 D7=000A0000 xnzvc
00:6B66  53 2E  SUBQ.B  #1,$FFF4(A6)             A0=00006B1C A1=00C00000 A2=00007307 A3=00FF2CFE A4=00000100 A5=FFFF80C8 A6=00FF0BF0 A7=00FF0BD6 D0=40800001 D1=00000080 D2=00000006 D3=00000028 D4=0000FFFF D5=000000FF D6=00000004 D7=000A0000 xnZvc
00:6B6A  6A 08  BPL     #$08 [00:6B74]           A0=00006B1C A1=00C00000 A2=00007307 A3=00FF2CFE A4=00000100 A5=FFFF80C8 A6=00FF0BF0 A7=00FF0BD6 D0=40800001 D1=00000080 D2=00000006 D3=00000028 D4=0000FFFF D5=000000FF D6=00000004 D7=000A0000 xnzvc
00:6B74  30 2E  MOVE.W  $FFFE(A6),D0             A0=00006B1C A1=00C00000 A2=00007307 A3=00FF2CFE A4=00000100 A5=FFFF80C8 A6=00FF0BF0 A7=00FF0BD6 D0=40800001 D1=00000080 D2=00000006 D3=00000028 D4=0000FFFF D5=000000FF D6=00000004 D7=000A0000 xnzvc
00:6B78  52 40  ADDQ.W  #1,D0                    A0=00006B1C A1=00C00000 A2=00007307 A3=00FF2CFE A4=00000100 A5=FFFF80C8 A6=00FF0BF0 A7=00FF0BD6 D0=40800001 D1=00000080 D2=00000006 D3=00000028 D4=0000FFFF D5=000000FF D6=00000004 D7=000A0000 xnzvc
00:6B7A  B0 78  CMP.W   ($8A70),D0               A0=00006B1C A1=00C00000 A2=00007307 A3=00FF2CFE A4=00000100 A5=FFFF80C8 A6=00FF0BF0 A7=00FF0BD6 D0=40800002 D1=00000080 D2=00000006 D3=00000028 D4=0000FFFF D5=000000FF D6=00000004 D7=000A0000 xnzvc
00:6B7E  64 06  BCC     #$06 [00:6B86]           A0=00006B1C A1=00C00000 A2=00007307 A3=00FF2CFE A4=00000100 A5=FFFF80C8 A6=00FF0BF0 A7=00FF0BD6 D0=40800002 D1=00000080 D2=00000006 D3=00000028 D4=0000FFFF D5=000000FF D6=00000004 D7=000A0000 xNzvC
00:6B80  3D 40  MOVE.W  D0,$FFFE(A6)             A0=00006B1C A1=00C00000 A2=00007307 A3=00FF2CFE A4=00000100 A5=FFFF80C8 A6=00FF0BF0 A7=00FF0BD6 D0=40800002 D1=00000080 D2=00000006 D3=00000028 D4=0000FFFF D5=000000FF D6=00000004 D7=000A0000 xNzvC
00:6B84  4E 75  RTS                              A0=00006B1C A1=00C00000 A2=00007307 A3=00FF2CFE A4=00000100 A5=FFFF80C8 A6=00FF0BF0 A7=00FF0BD6 D0=40800002 D1=00000080 D2=00000006 D3=00000028 D4=0000FFFF D5=000000FF D6=00000004 D7=000A0000 xnzvc
00:6B28  53 43  SUBQ.W  #1,D3                    A0=00006B1C A1=00C00000 A2=00007307 A3=00FF2CFE A4=00000100 A5=FFFF80C8 A6=00FF0BF0 A7=00FF0BDA D0=40800002 D1=00000080 D2=00000006 D3=00000028 D4=0000FFFF D5=000000FF D6=00000004 D7=000A0000 xnzvc
00:6B2A  6A F8  BPL     #$F8 [00:6B24]           A0=00006B1C A1=00C00000 A2=00007307 A3=00FF2CFE A4=00000100 A5=FFFF80C8 A6=00FF0BF0 A7=00FF0BDA D0=40800002 D1=00000080 D2=00000006 D3=00000027 D4=0000FFFF D5=000000FF D6=00000004 D7=000A0000 xnzvc
00:6B24  61 00  BSR     #$003E [00:6B64]         A0=00006B1C A1=00C00000 A2=00007307 A3=00FF2CFE A4=00000100 A5=FFFF80C8 A6=00FF0BF0 A7=00FF0BDA D0=40800002 D1=00000080 D2=00000006 D3=00000027 D4=0000FFFF D5=000000FF D6=00000004 D7=000A0000 xnzvc
00:6B64  32 87  MOVE.W  D7,(A1)                  A0=00006B1C A1=00C00000 A2=00007307 A3=00FF2CFE A4=00000100 A5=FFFF80C8 A6=00FF0BF0 A7=00FF0BD6 D0=40800002 D1=00000080 D2=00000006 D3=00000027 D4=0000FFFF D5=000000FF D6=00000004 D7=000A0000 xnzvc
00:6B66  53 2E  SUBQ.B  #1,$FFF4(A6)             A0=00006B1C A1=00C00000 A2=00007307 A3=00FF2CFE A4=00000100 A5=FFFF80C8 A6=00FF0BF0 A7=00FF0BD6 D0=40800002 D1=00000080 D2=00000006 D3=00000027 D4=0000FFFF D5=000000FF D6=00000004 D7=000A0000 xnZvc
00:6B6A  6A 08  BPL     #$08 [00:6B74]           A0=00006B1C A1=00C00000 A2=00007307 A3=00FF2CFE A4=00000100 A5=FFFF80C8 A6=00FF0BF0 A7=00FF0BD6 D0=40800002 D1=00000080 D2=00000006 D3=00000027 D4=0000FFFF D5=000000FF D6=00000004 D7=000A0000 xnzvc
00:6B74  30 2E  MOVE.W  $FFFE(A6),D0             A0=00006B1C A1=00C00000 A2=00007307 A3=00FF2CFE A4=00000100 A5=FFFF80C8 A6=00FF0BF0 A7=00FF0BD6 D0=40800002 D1=00000080 D2=00000006 D3=00000027 D4=0000FFFF D5=000000FF D6=00000004 D7=000A0000 xnzvc
00:6B78  52 40  ADDQ.W  #1,D0                    A0=00006B1C A1=00C00000 A2=00007307 A3=00FF2CFE A4=00000100 A5=FFFF80C8 A6=00FF0BF0 A7=00FF0BD6 D0=40800002 D1=00000080 D2=00000006 D3=00000027 D4=0000FFFF D5=000000FF D6=00000004 D7=000A0000 xnzvc
00:6B7A  B0 78  CMP.W   ($8A70),D0               A0=00006B1C A1=00C00000 A2=00007307 A3=00FF2CFE A4=00000100 A5=FFFF80C8 A6=00FF0BF0 A7=00FF0BD6 D0=40800003 D1=00000080 D2=00000006 D3=00000027 D4=0000FFFF D5=000000FF D6=00000004 D7=000A0000 xnzvc
00:6B7E  64 06  BCC     #$06 [00:6B86]           A0=00006B1C A1=00C00000 A2=00007307 A3=00FF2CFE A4=00000100 A5=FFFF80C8 A6=00FF0BF0 A7=00FF0BD6 D0=40800003 D1=00000080 D2=00000006 D3=00000027 D4=0000FFFF D5=000000FF D6=00000004 D7=000A0000 xNzvC
00:6B80  3D 40  MOVE.W  D0,$FFFE(A6)             A0=00006B1C A1=00C00000 A2=00007307 A3=00FF2CFE A4=00000100 A5=FFFF80C8 A6=00FF0BF0 A7=00FF0BD6 D0=40800003 D1=00000080 D2=00000006 D3=00000027 D4=0000FFFF D5=000000FF D6=00000004 D7=000A0000 xNzvC
00:6B84  4E 75  RTS                              A0=00006B1C A1=00C00000 A2=00007307 A3=00FF2CFE A4=00000100 A5=FFFF80C8 A6=00FF0BF0 A7=00FF0BD6 D0=40800003 D1=00000080 D2=00000006 D3=00000027 D4=0000FFFF D5=000000FF D6=00000004 D7=000A0000 xnzvc
00:6B28  53 43  SUBQ.W  #1,D3                    A0=00006B1C A1=00C00000 A2=00007307 A3=00FF2CFE A4=00000100 A5=FFFF80C8 A6=00FF0BF0 A7=00FF0BDA D0=40800003 D1=00000080 D2=00000006 D3=00000027 D4=0000FFFF D5=000000FF D6=00000004 D7=000A0000 xnzvc
00:6B2A  6A F8  BPL     #$F8 [00:6B24]           A0=00006B1C A1=00C00000 A2=00007307 A3=00FF2CFE A4=00000100 A5=FFFF80C8 A6=00FF0BF0 A7=00FF0BDA D0=40800003 D1=00000080 D2=00000006 D3=00000026 D4=0000FFFF D5=000000FF D6=00000004 D7=000A0000 xnzvc
00:6B24  61 00  BSR     #$003E [00:6B64]         A0=00006B1C A1=00C00000 A2=00007307 A3=00FF2CFE A4=00000100 A5=FFFF80C8 A6=00FF0BF0 A7=00FF0BDA D0=40800003 D1=00000080 D2=00000006 D3=00000026 D4=0000FFFF D5=000000FF D6=00000004 D7=000A0000 xnzvc
00:6B64  32 87  MOVE.W  D7,(A1)                  A0=00006B1C A1=00C00000 A2=00007307 A3=00FF2CFE A4=00000100 A5=FFFF80C8 A6=00FF0BF0 A7=00FF0BD6 D0=40800003 D1=00000080 D2=00000006 D3=00000026 D4=0000FFFF D5=000000FF D6=00000004 D7=000A0000 xnzvc
00:6B66  53 2E  SUBQ.B  #1,$FFF4(A6)             A0=00006B1C A1=00C00000 A2=00007307 A3=00FF2CFE A4=00000100 A5=FFFF80C8 A6=00FF0BF0 A7=00FF0BD6 D0=40800003 D1=00000080 D2=00000006 D3=00000026 D4=0000FFFF D5=000000FF D6=00000004 D7=000A0000 xnZvc
00:6B6A  6A 08  BPL     #$08 [00:6B74]           A0=00006B1C A1=00C00000 A2=00007307 A3=00FF2CFE A4=00000100 A5=FFFF80C8 A6=00FF0BF0 A7=00FF0BD6 D0=40800003 D1=00000080 D2=00000006 D3=00000026 D4=0000FFFF D5=000000FF D6=00000004 D7=000A0000 xnzvc
00:6B74  30 2E  MOVE.W  $FFFE(A6),D0             A0=00006B1C A1=00C00000 A2=00007307 A3=00FF2CFE A4=00000100 A5=FFFF80C8 A6=00FF0BF0 A7=00FF0BD6 D0=40800003 D1=00000080 D2=00000006 D3=00000026 D4=0000FFFF D5=000000FF D6=00000004 D7=000A0000 xnzvc
00:6B78  52 40  ADDQ.W  #1,D0                    A0=00006B1C A1=00C00000 A2=00007307 A3=00FF2CFE A4=00000100 A5=FFFF80C8 A6=00FF0BF0 A7=00FF0BD6 D0=40800003 D1=00000080 D2=00000006 D3=00000026 D4=0000FFFF D5=000000FF D6=00000004 D7=000A0000 xnzvc
00:6B7A  B0 78  CMP.W   ($8A70),D0               A0=00006B1C A1=00C00000 A2=00007307 A3=00FF2CFE A4=00000100 A5=FFFF80C8 A6=00FF0BF0 A7=00FF0BD6 D0=40800004 D1=00000080 D2=00000006 D3=00000026 D4=0000FFFF D5=000000FF D6=00000004 D7=000A0000 xnzvc
00:6B7E  64 06  BCC     #$06 [00:6B86]           A0=00006B1C A1=00C00000 A2=00007307 A3=00FF2CFE A4=00000100 A5=FFFF80C8 A6=00FF0BF0 A7=00FF0BD6 D0=40800004 D1=00000080 D2=00000006 D3=00000026 D4=0000FFFF D5=000000FF D6=00000004 D7=000A0000 xNzvC
00:6B80  3D 40  MOVE.W  D0,$FFFE(A6)             A0=00006B1C A1=00C00000 A2=00007307 A3=00FF2CFE A4=00000100 A5=FFFF80C8 A6=00FF0BF0 A7=00FF0BD6 D0=40800004 D1=00000080 D2=00000006 D3=00000026 D4=0000FFFF D5=000000FF D6=00000004 D7=000A0000 xNzvC
00:6B84  4E 75  RTS                              A0=00006B1C A1=00C00000 A2=00007307 A3=00FF2CFE A4=00000100 A5=FFFF80C8 A6=00FF0BF0 A7=00FF0BD6 D0=40800004 D1=00000080 D2=00000006 D3=00000026 D4=0000FFFF D5=000000FF D6=00000004 D7=000A0000 xnzvc
00:6B28  53 43  SUBQ.W  #1,D3                    A0=00006B1C A1=00C00000 A2=00007307 A3=00FF2CFE A4=00000100 A5=FFFF80C8 A6=00FF0BF0 A7=00FF0BDA D0=40800004 D1=00000080 D2=00000006 D3=00000026 D4=0000FFFF D5=000000FF D6=00000004 D7=000A0000 xnzvc
00:6B2A  6A F8  BPL     #$F8 [00:6B24]           A0=00006B1C A1=00C00000 A2=00007307 A3=00FF2CFE A4=00000100 A5=FFFF80C8 A6=00FF0BF0 A7=00FF0BDA D0=40800004 D1=00000080 D2=00000006 D3=00000025 D4=0000FFFF D5=000000FF D6=00000004 D7=000A0000 xnzvc
00:6B24  61 00  BSR     #$003E [00:6B64]         A0=00006B1C A1=00C00000 A2=00007307 A3=00FF2CFE A4=00000100 A5=FFFF80C8 A6=00FF0BF0 A7=00FF0BDA D0=40800004 D1=00000080 D2=00000006 D3=00000025 D4=0000FFFF D5=000000FF D6=00000004 D7=000A0000 xnzvc
00:6B64  32 87  MOVE.W  D7,(A1)                  A0=00006B1C A1=00C00000 A2=00007307 A3=00FF2CFE A4=00000100 A5=FFFF80C8 A6=00FF0BF0 A7=00FF0BD6 D0=40800004 D1=00000080 D2=00000006 D3=00000025 D4=0000FFFF D5=000000FF D6=00000004 D7=000A0000 xnzvc
00:6B66  53 2E  SUBQ.B  #1,$FFF4(A6)             A0=00006B1C A1=00C00000 A2=00007307 A3=00FF2CFE A4=00000100 A5=FFFF80C8 A6=00FF0BF0 A7=00FF0BD6 D0=40800004 D1=00000080 D2=00000006 D3=00000025 D4=0000FFFF D5=000000FF D6=00000004 D7=000A0000 xnZvc
00:6B6A  6A 08  BPL     #$08 [00:6B74]           A0=00006B1C A1=00C00000 A2=00007307 A3=00FF2CFE A4=00000100 A5=FFFF80C8 A6=00FF0BF0 A7=00FF0BD6 D0=40800004 D1=00000080 D2=00000006 D3=00000025 D4=0000FFFF D5=000000FF D6=00000004 D7=000A0000 xnzvc
00:6B74  30 2E  MOVE.W  $FFFE(A6),D0             A0=00006B1C A1=00C00000 A2=00007307 A3=00FF2CFE A4=00000100 A5=FFFF80C8 A6=00FF0BF0 A7=00FF0BD6 D0=40800004 D1=00000080 D2=00000006 D3=00000025 D4=0000FFFF D5=000000FF D6=00000004 D7=000A0000 xnzvc
00:6B78  52 40  ADDQ.W  #1,D0                    A0=00006B1C A1=00C00000 A2=00007307 A3=00FF2CFE A4=00000100 A5=FFFF80C8 A6=00FF0BF0 A7=00FF0BD6 D0=40800004 D1=00000080 D2=00000006 D3=00000025 D4=0000FFFF D5=000000FF D6=00000004 D7=000A0000 xnzvc
00:6B7A  B0 78  CMP.W   ($8A70),D0               A0=00006B1C A1=00C00000 A2=00007307 A3=00FF2CFE A4=00000100 A5=FFFF80C8 A6=00FF0BF0 A7=00FF0BD6 D0=40800005 D1=00000080 D2=00000006 D3=00000025 D4=0000FFFF D5=000000FF D6=00000004 D7=000A0000 xnzvc
00:6B7E  64 06  BCC     #$06 [00:6B86]           A0=00006B1C A1=00C00000 A2=00007307 A3=00FF2CFE A4=00000100 A5=FFFF80C8 A6=00FF0BF0 A7=00FF0BD6 D0=40800005 D1=00000080 D2=00000006 D3=00000025 D4=0000FFFF D5=000000FF D6=00000004 D7=000A0000 xNzvC
00:6B80  3D 40  MOVE.W  D0,$FFFE(A6)             A0=00006B1C A1=00C00000 A2=00007307 A3=00FF2CFE A4=00000100 A5=FFFF80C8 A6=00FF0BF0 A7=00FF0BD6 D0=40800005 D1=00000080 D2=00000006 D3=00000025 D4=0000FFFF D5=000000FF D6=00000004 D7=000A0000 xNzvC
00:6B84  4E 75  RTS                              A0=00006B1C A1=00C00000 A2=00007307 A3=00FF2CFE A4=00000100 A5=FFFF80C8 A6=00FF0BF0 A7=00FF0BD6 D0=40800005 D1=00000080 D2=00000006 D3=00000025 D4=0000FFFF D5=000000FF D6=00000004 D7=000A0000 xnzvc
00:6B28  53 43  SUBQ.W  #1,D3                    A0=00006B1C A1=00C00000 A2=00007307 A3=00FF2CFE A4=00000100 A5=FFFF80C8 A6=00FF0BF0 A7=00FF0BDA D0=40800005 D1=00000080 D2=00000006 D3=00000025 D4=0000FFFF D5=000000FF D6=00000004 D7=000A0000 xnzvc
00:6B2A  6A F8  BPL     #$F8 [00:6B24]           A0=00006B1C A1=00C00000 A2=00007307 A3=00FF2CFE A4=00000100 A5=FFFF80C8 A6=00FF0BF0 A7=00FF0BDA D0=40800005 D1=00000080 D2=00000006 D3=00000024 D4=0000FFFF D5=000000FF D6=00000004 D7=000A0000 xnzvc
00:6B24  61 00  BSR     #$003E [00:6B64]         A0=00006B1C A1=00C00000 A2=00007307 A3=00FF2CFE A4=00000100 A5=FFFF80C8 A6=00FF0BF0 A7=00FF0BDA D0=40800005 D1=00000080 D2=00000006 D3=00000024 D4=0000FFFF D5=000000FF D6=00000004 D7=000A0000 xnzvc
00:6B64  32 87  MOVE.W  D7,(A1)                  A0=00006B1C A1=00C00000 A2=00007307 A3=00FF2CFE A4=00000100 A5=FFFF80C8 A6=00FF0BF0 A7=00FF0BD6 D0=40800005 D1=00000080 D2=00000006 D3=00000024 D4=0000FFFF D5=000000FF D6=00000004 D7=000A0000 xnzvc
00:6B66  53 2E  SUBQ.B  #1,$FFF4(A6)             A0=00006B1C A1=00C00000 A2=00007307 A3=00FF2CFE A4=00000100 A5=FFFF80C8 A6=00FF0BF0 A7=00FF0BD6 D0=40800005 D1=00000080 D2=00000006 D3=00000024 D4=0000FFFF D5=000000FF D6=00000004 D7=000A0000 xnZvc
00:6B6A  6A 08  BPL     #$08 [00:6B74]           A0=00006B1C A1=00C00000 A2=00007307 A3=00FF2CFE A4=00000100 A5=FFFF80C8 A6=00FF0BF0 A7=00FF0BD6 D0=40800005 D1=00000080 D2=00000006 D3=00000024 D4=0000FFFF D5=000000FF D6=00000004 D7=000A0000 xnzvc
00:6B74  30 2E  MOVE.W  $FFFE(A6),D0             A0=00006B1C A1=00C00000 A2=00007307 A3=00FF2CFE A4=00000100 A5=FFFF80C8 A6=00FF0BF0 A7=00FF0BD6 D0=40800005 D1=00000080 D2=00000006 D3=00000024 D4=0000FFFF D5=000000FF D6=00000004 D7=000A0000 xnzvc
00:6B78  52 40  ADDQ.W  #1,D0                    A0=00006B1C A1=00C00000 A2=00007307 A3=00FF2CFE A4=00000100 A5=FFFF80C8 A6=00FF0BF0 A7=00FF0BD6 D0=40800005 D1=00000080 D2=00000006 D3=00000024 D4=0000FFFF D5=000000FF D6=00000004 D7=000A0000 xnzvc
00:6B7A  B0 78  CMP.W   ($8A70),D0               A0=00006B1C A1=00C00000 A2=00007307 A3=00FF2CFE A4=00000100 A5=FFFF80C8 A6=00FF0BF0 A7=00FF0BD6 D0=40800006 D1=00000080 D2=00000006 D3=00000024 D4=0000FFFF D5=000000FF D6=00000004 D7=000A0000 xnzvc
00:6B7E  64 06  BCC     #$06 [00:6B86]           A0=00006B1C A1=00C00000 A2=00007307 A3=00FF2CFE A4=00000100 A5=FFFF80C8 A6=00FF0BF0 A7=00FF0BD6 D0=40800006 D1=00000080 D2=00000006 D3=00000024 D4=0000FFFF D5=000000FF D6=00000004 D7=000A0000 xNzvC
00:6B80  3D 40  MOVE.W  D0,$FFFE(A6)             A0=00006B1C A1=00C00000 A2=00007307 A3=00FF2CFE A4=00000100 A5=FFFF80C8 A6=00FF0BF0 A7=00FF0BD6 D0=40800006 D1=00000080 D2=00000006 D3=00000024 D4=0000FFFF D5=000000FF D6=00000004 D7=000A0000 xNzvC
00:6B84  4E 75  RTS                              A0=00006B1C A1=00C00000 A2=00007307 A3=00FF2CFE A4=00000100 A5=FFFF80C8 A6=00FF0BF0 A7=00FF0BD6 D0=40800006 D1=00000080 D2=00000006 D3=00000024 D4=0000FFFF D5=000000FF D6=00000004 D7=000A0000 xnzvc
00:6B28  53 43  SUBQ.W  #1,D3                    A0=00006B1C A1=00C00000 A2=00007307 A3=00FF2CFE A4=00000100 A5=FFFF80C8 A6=00FF0BF0 A7=00FF0BDA D0=40800006 D1=00000080 D2=00000006 D3=00000024 D4=0000FFFF D5=000000FF D6=00000004 D7=000A0000 xnzvc
00:6B2A  6A F8  BPL     #$F8 [00:6B24]           A0=00006B1C A1=00C00000 A2=00007307 A3=00FF2CFE A4=00000100 A5=FFFF80C8 A6=00FF0BF0 A7=00FF0BDA D0=40800006 D1=00000080 D2=00000006 D3=00000023 D4=0000FFFF D5=000000FF D6=00000004 D7=000A0000 xnzvc
00:6B24  61 00  BSR     #$003E [00:6B64]         A0=00006B1C A1=00C00000 A2=00007307 A3=00FF2CFE A4=00000100 A5=FFFF80C8 A6=00FF0BF0 A7=00FF0BDA D0=40800006 D1=00000080 D2=00000006 D3=00000023 D4=0000FFFF D5=000000FF D6=00000004 D7=000A0000 xnzvc
00:6B64  32 87  MOVE.W  D7,(A1)                  A0=00006B1C A1=00C00000 A2=00007307 A3=00FF2CFE A4=00000100 A5=FFFF80C8 A6=00FF0BF0 A7=00FF0BD6 D0=40800006 D1=00000080 D2=00000006 D3=00000023 D4=0000FFFF D5=000000FF D6=00000004 D7=000A0000 xnzvc
00:6B66  53 2E  SUBQ.B  #1,$FFF4(A6)             A0=00006B1C A1=00C00000 A2=00007307 A3=00FF2CFE A4=00000100 A5=FFFF80C8 A6=00FF0BF0 A7=00FF0BD6 D0=40800006 D1=00000080 D2=00000006 D3=00000023 D4=0000FFFF D5=000000FF D6=00000004 D7=000A0000 xnZvc
00:6B6A  6A 08  BPL     #$08 [00:6B74]           A0=00006B1C A1=00C00000 A2=00007307 A3=00FF2CFE A4=00000100 A5=FFFF80C8 A6=00FF0BF0 A7=00FF0BD6 D0=40800006 D1=00000080 D2=00000006 D3=00000023 D4=0000FFFF D5=000000FF D6=00000004 D7=000A0000 xnzvc
00:6B74  30 2E  MOVE.W  $FFFE(A6),D0             A0=00006B1C A1=00C00000 A2=00007307 A3=00FF2CFE A4=00000100 A5=FFFF80C8 A6=00FF0BF0 A7=00FF0BD6 D0=40800006 D1=00000080 D2=00000006 D3=00000023 D4=0000FFFF D5=000000FF D6=00000004 D7=000A0000 xnzvc
00:6B78  52 40  ADDQ.W  #1,D0                    A0=00006B1C A1=00C00000 A2=00007307 A3=00FF2CFE A4=00000100 A5=FFFF80C8 A6=00FF0BF0 A7=00FF0BD6 D0=40800006 D1=00000080 D2=00000006 D3=00000023 D4=0000FFFF D5=000000FF D6=00000004 D7=000A0000 xnzvc
00:6B7A  B0 78  CMP.W   ($8A70),D0               A0=00006B1C A1=00C00000 A2=00007307 A3=00FF2CFE A4=00000100 A5=FFFF80C8 A6=00FF0BF0 A7=00FF0BD6 D0=40800007 D1=00000080 D2=00000006 D3=00000023 D4=0000FFFF D5=000000FF D6=00000004 D7=000A0000 xnzvc
00:6B7E  64 06  BCC     #$06 [00:6B86]           A0=00006B1C A1=00C00000 A2=00007307 A3=00FF2CFE A4=00000100 A5=FFFF80C8 A6=00FF0BF0 A7=00FF0BD6 D0=40800007 D1=00000080 D2=00000006 D3=00000023 D4=0000FFFF D5=000000FF D6=00000004 D7=000A0000 xNzvC
00:6B80  3D 40  MOVE.W  D0,$FFFE(A6)             A0=00006B1C A1=00C00000 A2=00007307 A3=00FF2CFE A4=00000100 A5=FFFF80C8 A6=00FF0BF0 A7=00FF0BD6 D0=40800007 D1=00000080 D2=00000006 D3=00000023 D4=0000FFFF D5=000000FF D6=00000004 D7=000A0000 xNzvC
00:6B84  4E 75  RTS                              A0=00006B1C A1=00C00000 A2=00007307 A3=00FF2CFE A4=00000100 A5=FFFF80C8 A6=00FF0BF0 A7=00FF0BD6 D0=40800007 D1=00000080 D2=00000006 D3=00000023 D4=0000FFFF D5=000000FF D6=00000004 D7=000A0000 xnzvc
00:6B28  53 43  SUBQ.W  #1,D3                    A0=00006B1C A1=00C00000 A2=00007307 A3=00FF2CFE A4=00000100 A5=FFFF80C8 A6=00FF0BF0 A7=00FF0BDA D0=40800007 D1=00000080 D2=00000006 D3=00000023 D4=0000FFFF D5=000000FF D6=00000004 D7=000A0000 xnzvc
00:6B2A  6A F8  BPL     #$F8 [00:6B24]           A0=00006B1C A1=00C00000 A2=00007307 A3=00FF2CFE A4=00000100 A5=FFFF80C8 A6=00FF0BF0 A7=00FF0BDA D0=40800007 D1=00000080 D2=00000006 D3=00000022 D4=0000FFFF D5=000000FF D6=00000004 D7=000A0000 xnzvc
00:6B24  61 00  BSR     #$003E [00:6B64]         A0=00006B1C A1=00C00000 A2=00007307 A3=00FF2CFE A4=00000100 A5=FFFF80C8 A6=00FF0BF0 A7=00FF0BDA D0=40800007 D1=00000080 D2=00000006 D3=00000022 D4=0000FFFF D5=000000FF D6=00000004 D7=000A0000 xnzvc
00:6B64  32 87  MOVE.W  D7,(A1)                  A0=00006B1C A1=00C00000 A2=00007307 A3=00FF2CFE A4=00000100 A5=FFFF80C8 A6=00FF0BF0 A7=00FF0BD6 D0=40800007 D1=00000080 D2=00000006 D3=00000022 D4=0000FFFF D5=000000FF D6=00000004 D7=000A0000 xnzvc
00:6B66  53 2E  SUBQ.B  #1,$FFF4(A6)             A0=00006B1C A1=00C00000 A2=00007307 A3=00FF2CFE A4=00000100 A5=FFFF80C8 A6=00FF0BF0 A7=00FF0BD6 D0=40800007 D1=00000080 D2=00000006 D3=00000022 D4=0000FFFF D5=000000FF D6=00000004 D7=000A0000 xnZvc
00:6B6A  6A 08  BPL     #$08 [00:6B74]           A0=00006B1C A1=00C00000 A2=00007307 A3=00FF2CFE A4=00000100 A5=FFFF80C8 A6=00FF0BF0 A7=00FF0BD6 D0=40800007 D1=00000080 D2=00000006 D3=00000022 D4=0000FFFF D5=000000FF D6=00000004 D7=000A0000 xnzvc
00:6B74  30 2E  MOVE.W  $FFFE(A6),D0             A0=00006B1C A1=00C00000 A2=00007307 A3=00FF2CFE A4=00000100 A5=FFFF80C8 A6=00FF0BF0 A7=00FF0BD6 D0=40800007 D1=00000080 D2=00000006 D3=00000022 D4=0000FFFF D5=000000FF D6=00000004 D7=000A0000 xnzvc
00:6B78  52 40  ADDQ.W  #1,D0                    A0=00006B1C A1=00C00000 A2=00007307 A3=00FF2CFE A4=00000100 A5=FFFF80C8 A6=00FF0BF0 A7=00FF0BD6 D0=40800007 D1=00000080 D2=00000006 D3=00000022 D4=0000FFFF D5=000000FF D6=00000004 D7=000A0000 xnzvc
00:6B7A  B0 78  CMP.W   ($8A70),D0               A0=00006B1C A1=00C00000 A2=00007307 A3=00FF2CFE A4=00000100 A5=FFFF80C8 A6=00FF0BF0 A7=00FF0BD6 D0=40800008 D1=00000080 D2=00000006 D3=00000022 D4=0000FFFF D5=000000FF D6=00000004 D7=000A0000 xnzvc
00:6B7E  64 06  BCC     #$06 [00:6B86]           A0=00006B1C A1=00C00000 A2=00007307 A3=00FF2CFE A4=00000100 A5=FFFF80C8 A6=00FF0BF0 A7=00FF0BD6 D0=40800008 D1=00000080 D2=00000006 D3=00000022 D4=0000FFFF D5=000000FF D6=00000004 D7=000A0000 xNzvC
00:6B80  3D 40  MOVE.W  D0,$FFFE(A6)             A0=00006B1C A1=00C00000 A2=00007307 A3=00FF2CFE A4=00000100 A5=FFFF80C8 A6=00FF0BF0 A7=00FF0BD6 D0=40800008 D1=00000080 D2=00000006 D3=00000022 D4=0000FFFF D5=000000FF D6=00000004 D7=000A0000 xNzvC
00:6B84  4E 75  RTS                              A0=00006B1C A1=00C00000 A2=00007307 A3=00FF2CFE A4=00000100 A5=FFFF80C8 A6=00FF0BF0 A7=00FF0BD6 D0=40800008 D1=00000080 D2=00000006 D3=00000022 D4=0000FFFF D5=000000FF D6=00000004 D7=000A0000 xnzvc
00:6B28  53 43  SUBQ.W  #1,D3                    A0=00006B1C A1=00C00000 A2=00007307 A3=00FF2CFE A4=00000100 A5=FFFF80C8 A6=00FF0BF0 A7=00FF0BDA D0=40800008 D1=00000080 D2=00000006 D3=00000022 D4=0000FFFF D5=000000FF D6=00000004 D7=000A0000 xnzvc
00:6B2A  6A F8  BPL     #$F8 [00:6B24]           A0=00006B1C A1=00C00000 A2=00007307 A3=00FF2CFE A4=00000100 A5=FFFF80C8 A6=00FF0BF0 A7=00FF0BDA D0=40800008 D1=00000080 D2=00000006 D3=00000021 D4=0000FFFF D5=000000FF D6=00000004 D7=000A0000 xnzvc
00:6B24  61 00  BSR     #$003E [00:6B64]         A0=00006B1C A1=00C00000 A2=00007307 A3=00FF2CFE A4=00000100 A5=FFFF80C8 A6=00FF0BF0 A7=00FF0BDA D0=40800008 D1=00000080 D2=00000006 D3=00000021 D4=0000FFFF D5=000000FF D6=00000004 D7=000A0000 xnzvc
00:6B64  32 87  MOVE.W  D7,(A1)                  A0=00006B1C A1=00C00000 A2=00007307 A3=00FF2CFE A4=00000100 A5=FFFF80C8 A6=00FF0BF0 A7=00FF0BD6 D0=40800008 D1=00000080 D2=00000006 D3=00000021 D4=0000FFFF D5=000000FF D6=00000004 D7=000A0000 xnzvc
00:6B66  53 2E  SUBQ.B  #1,$FFF4(A6)             A0=00006B1C A1=00C00000 A2=00007307 A3=00FF2CFE A4=00000100 A5=FFFF80C8 A6=00FF0BF0 A7=00FF0BD6 D0=40800008 D1=00000080 D2=00000006 D3=00000021 D4=0000FFFF D5=000000FF D6=00000004 D7=000A0000 xnZvc
00:6B6A  6A 08  BPL     #$08 [00:6B74]           A0=00006B1C A1=00C00000 A2=00007307 A3=00FF2CFE A4=00000100 A5=FFFF80C8 A6=00FF0BF0 A7=00FF0BD6 D0=40800008 D1=00000080 D2=00000006 D3=00000021 D4=0000FFFF D5=000000FF D6=00000004 D7=000A0000 xnzvc
00:6B74  30 2E  MOVE.W  $FFFE(A6),D0             A0=00006B1C A1=00C00000 A2=00007307 A3=00FF2CFE A4=00000100 A5=FFFF80C8 A6=00FF0BF0 A7=00FF0BD6 D0=40800008 D1=00000080 D2=00000006 D3=00000021 D4=0000FFFF D5=000000FF D6=00000004 D7=000A0000 xnzvc
00:6B78  52 40  ADDQ.W  #1,D0                    A0=00006B1C A1=00C00000 A2=00007307 A3=00FF2CFE A4=00000100 A5=FFFF80C8 A6=00FF0BF0 A7=00FF0BD6 D0=40800008 D1=00000080 D2=00000006 D3=00000021 D4=0000FFFF D5=000000FF D6=00000004 D7=000A0000 xnzvc
00:6B7A  B0 78  CMP.W   ($8A70),D0               A0=00006B1C A1=00C00000 A2=00007307 A3=00FF2CFE A4=00000100 A5=FFFF80C8 A6=00FF0BF0 A7=00FF0BD6 D0=40800009 D1=00000080 D2=00000006 D3=00000021 D4=0000FFFF D5=000000FF D6=00000004 D7=000A0000 xnzvc
00:6B7E  64 06  BCC     #$06 [00:6B86]           A0=00006B1C A1=00C00000 A2=00007307 A3=00FF2CFE A4=00000100 A5=FFFF80C8 A6=00FF0BF0 A7=00FF0BD6 D0=40800009 D1=00000080 D2=00000006 D3=00000021 D4=0000FFFF D5=000000FF D6=00000004 D7=000A0000 xNzvC
00:6B80  3D 40  MOVE.W  D0,$FFFE(A6)             A0=00006B1C A1=00C00000 A2=00007307 A3=00FF2CFE A4=00000100 A5=FFFF80C8 A6=00FF0BF0 A7=00FF0BD6 D0=40800009 D1=00000080 D2=00000006 D3=00000021 D4=0000FFFF D5=000000FF D6=00000004 D7=000A0000 xNzvC
00:6B84  4E 75  RTS                              A0=00006B1C A1=00C00000 A2=00007307 A3=00FF2CFE A4=00000100 A5=FFFF80C8 A6=00FF0BF0 A7=00FF0BD6 D0=40800009 D1=00000080 D2=00000006 D3=00000021 D4=0000FFFF D5=000000FF D6=00000004 D7=000A0000 xnzvc
00:6B28  53 43  SUBQ.W  #1,D3                    A0=00006B1C A1=00C00000 A2=00007307 A3=00FF2CFE A4=00000100 A5=FFFF80C8 A6=00FF0BF0 A7=00FF0BDA D0=40800009 D1=00000080 D2=00000006 D3=00000021 D4=0000FFFF D5=000000FF D6=00000004 D7=000A0000 xnzvc
00:6B2A  6A F8  BPL     #$F8 [00:6B24]           A0=00006B1C A1=00C00000 A2=00007307 A3=00FF2CFE A4=00000100 A5=FFFF80C8 A6=00FF0BF0 A7=00FF0BDA D0=40800009 D1=00000080 D2=00000006 D3=00000020 D4=0000FFFF D5=000000FF D6=00000004 D7=000A0000 xnzvc
00:6B24  61 00  BSR     #$003E [00:6B64]         A0=00006B1C A1=00C00000 A2=00007307 A3=00FF2CFE A4=00000100 A5=FFFF80C8 A6=00FF0BF0 A7=00FF0BDA D0=40800009 D1=00000080 D2=00000006 D3=00000020 D4=0000FFFF D5=000000FF D6=00000004 D7=000A0000 xnzvc
00:6B64  32 87  MOVE.W  D7,(A1)                  A0=00006B1C A1=00C00000 A2=00007307 A3=00FF2CFE A4=00000100 A5=FFFF80C8 A6=00FF0BF0 A7=00FF0BD6 D0=40800009 D1=00000080 D2=00000006 D3=00000020 D4=0000FFFF D5=000000FF D6=00000004 D7=000A0000 xnzvc
00:6B66  53 2E  SUBQ.B  #1,$FFF4(A6)             A0=00006B1C A1=00C00000 A2=00007307 A3=00FF2CFE A4=00000100 A5=FFFF80C8 A6=00FF0BF0 A7=00FF0BD6 D0=40800009 D1=00000080 D2=00000006 D3=00000020 D4=0000FFFF D5=000000FF D6=00000004 D7=000A0000 xnZvc
00:6B6A  6A 08  BPL     #$08 [00:6B74]           A0=00006B1C A1=00C00000 A2=00007307 A3=00FF2CFE A4=00000100 A5=FFFF80C8 A6=00FF0BF0 A7=00FF0BD6 D0=40800009 D1=00000080 D2=00000006 D3=00000020 D4=0000FFFF D5=000000FF D6=00000004 D7=000A0000 xnzvc
00:6B74  30 2E  MOVE.W  $FFFE(A6),D0             A0=00006B1C A1=00C00000 A2=00007307 A3=00FF2CFE A4=00000100 A5=FFFF80C8 A6=00FF0BF0 A7=00FF0BD6 D0=40800009 D1=00000080 D2=00000006 D3=00000020 D4=0000FFFF D5=000000FF D6=00000004 D7=000A0000 xnzvc
00:6B78  52 40  ADDQ.W  #1,D0                    A0=00006B1C A1=00C00000 A2=00007307 A3=00FF2CFE A4=00000100 A5=FFFF80C8 A6=00FF0BF0 A7=00FF0BD6 D0=40800009 D1=00000080 D2=00000006 D3=00000020 D4=0000FFFF D5=000000FF D6=00000004 D7=000A0000 xnzvc
00:6B7A  B0 78  CMP.W   ($8A70),D0               A0=00006B1C A1=00C00000 A2=00007307 A3=00FF2CFE A4=00000100 A5=FFFF80C8 A6=00FF0BF0 A7=00FF0BD6 D0=4080000A D1=00000080 D2=00000006 D3=00000020 D4=0000FFFF D5=000000FF D6=00000004 D7=000A0000 xnzvc
00:6B7E  64 06  BCC     #$06 [00:6B86]           A0=00006B1C A1=00C00000 A2=00007307 A3=00FF2CFE A4=00000100 A5=FFFF80C8 A6=00FF0BF0 A7=00FF0BD6 D0=4080000A D1=00000080 D2=00000006 D3=00000020 D4=0000FFFF D5=000000FF D6=00000004 D7=000A0000 xNzvC
00:6B80  3D 40  MOVE.W  D0,$FFFE(A6)             A0=00006B1C A1=00C00000 A2=00007307 A3=00FF2CFE A4=00000100 A5=FFFF80C8 A6=00FF0BF0 A7=00FF0BD6 D0=4080000A D1=00000080 D2=00000006 D3=00000020 D4=0000FFFF D5=000000FF D6=00000004 D7=000A0000 xNzvC
00:6B84  4E 75  RTS                              A0=00006B1C A1=00C00000 A2=00007307 A3=00FF2CFE A4=00000100 A5=FFFF80C8 A6=00FF0BF0 A7=00FF0BD6 D0=4080000A D1=00000080 D2=00000006 D3=00000020 D4=0000FFFF D5=000000FF D6=00000004 D7=000A0000 xnzvc
00:6B28  53 43  SUBQ.W  #1,D3                    A0=00006B1C A1=00C00000 A2=00007307 A3=00FF2CFE A4=00000100 A5=FFFF80C8 A6=00FF0BF0 A7=00FF0BDA D0=4080000A D1=00000080 D2=00000006 D3=00000020 D4=0000FFFF D5=000000FF D6=00000004 D7=000A0000 xnzvc
00:6B2A  6A F8  BPL     #$F8 [00:6B24]           A0=00006B1C A1=00C00000 A2=00007307 A3=00FF2CFE A4=00000100 A5=FFFF80C8 A6=00FF0BF0 A7=00FF0BDA D0=4080000A D1=00000080 D2=00000006 D3=0000001F D4=0000FFFF D5=000000FF D6=00000004 D7=000A0000 xnzvc
00:6B24  61 00  BSR     #$003E [00:6B64]         A0=00006B1C A1=00C00000 A2=00007307 A3=00FF2CFE A4=00000100 A5=FFFF80C8 A6=00FF0BF0 A7=00FF0BDA D0=4080000A D1=00000080 D2=00000006 D3=0000001F D4=0000FFFF D5=000000FF D6=00000004 D7=000A0000 xnzvc
00:6B64  32 87  MOVE.W  D7,(A1)                  A0=00006B1C A1=00C00000 A2=00007307 A3=00FF2CFE A4=00000100 A5=FFFF80C8 A6=00FF0BF0 A7=00FF0BD6 D0=4080000A D1=00000080 D2=00000006 D3=0000001F D4=0000FFFF D5=000000FF D6=00000004 D7=000A0000 xnzvc
00:6B66  53 2E  SUBQ.B  #1,$FFF4(A6)             A0=00006B1C A1=00C00000 A2=00007307 A3=00FF2CFE A4=00000100 A5=FFFF80C8 A6=00FF0BF0 A7=00FF0BD6 D0=4080000A D1=00000080 D2=00000006 D3=0000001F D4=0000FFFF D5=000000FF D6=00000004 D7=000A0000 xnZvc
00:6B6A  6A 08  BPL     #$08 [00:6B74]           A0=00006B1C A1=00C00000 A2=00007307 A3=00FF2CFE A4=00000100 A5=FFFF80C8 A6=00FF0BF0 A7=00FF0BD6 D0=4080000A D1=00000080 D2=00000006 D3=0000001F D4=0000FFFF D5=000000FF D6=00000004 D7=000A0000 xnzvc
00:6B74  30 2E  MOVE.W  $FFFE(A6),D0             A0=00006B1C A1=00C00000 A2=00007307 A3=00FF2CFE A4=00000100 A5=FFFF80C8 A6=00FF0BF0 A7=00FF0BD6 D0=4080000A D1=00000080 D2=00000006 D3=0000001F D4=0000FFFF D5=000000FF D6=00000004 D7=000A0000 xnzvc
00:6B78  52 40  ADDQ.W  #1,D0                    A0=00006B1C A1=00C00000 A2=00007307 A3=00FF2CFE A4=00000100 A5=FFFF80C8 A6=00FF0BF0 A7=00FF0BD6 D0=4080000A D1=00000080 D2=00000006 D3=0000001F D4=0000FFFF D5=000000FF D6=00000004 D7=000A0000 xnzvc
00:6B7A  B0 78  CMP.W   ($8A70),D0               A0=00006B1C A1=00C00000 A2=00007307 A3=00FF2CFE A4=00000100 A5=FFFF80C8 A6=00FF0BF0 A7=00FF0BD6 D0=4080000B D1=00000080 D2=00000006 D3=0000001F D4=0000FFFF D5=000000FF D6=00000004 D7=000A0000 xnzvc
00:6B7E  64 06  BCC     #$06 [00:6B86]           A0=00006B1C A1=00C00000 A2=00007307 A3=00FF2CFE A4=00000100 A5=FFFF80C8 A6=00FF0BF0 A7=00FF0BD6 D0=4080000B D1=00000080 D2=00000006 D3=0000001F D4=0000FFFF D5=000000FF D6=00000004 D7=000A0000 xNzvC
00:6B80  3D 40  MOVE.W  D0,$FFFE(A6)             A0=00006B1C A1=00C00000 A2=00007307 A3=00FF2CFE A4=00000100 A5=FFFF80C8 A6=00FF0BF0 A7=00FF0BD6 D0=4080000B D1=00000080 D2=00000006 D3=0000001F D4=0000FFFF D5=000000FF D6=00000004 D7=000A0000 xNzvC
00:6B84  4E 75  RTS                              A0=00006B1C A1=00C00000 A2=00007307 A3=00FF2CFE A4=00000100 A5=FFFF80C8 A6=00FF0BF0 A7=00FF0BD6 D0=4080000B D1=00000080 D2=00000006 D3=0000001F D4=0000FFFF D5=000000FF D6=00000004 D7=000A0000 xnzvc
00:6B28  53 43  SUBQ.W  #1,D3                    A0=00006B1C A1=00C00000 A2=00007307 A3=00FF2CFE A4=00000100 A5=FFFF80C8 A6=00FF0BF0 A7=00FF0BDA D0=4080000B D1=00000080 D2=00000006 D3=0000001F D4=0000FFFF D5=000000FF D6=00000004 D7=000A0000 xnzvc
00:6B2A  6A F8  BPL     #$F8 [00:6B24]           A0=00006B1C A1=00C00000 A2=00007307 A3=00FF2CFE A4=00000100 A5=FFFF80C8 A6=00FF0BF0 A7=00FF0BDA D0=4080000B D1=00000080 D2=00000006 D3=0000001E D4=0000FFFF D5=000000FF D6=00000004 D7=000A0000 xnzvc
00:6B24  61 00  BSR     #$003E [00:6B64]         A0=00006B1C A1=00C00000 A2=00007307 A3=00FF2CFE A4=00000100 A5=FFFF80C8 A6=00FF0BF0 A7=00FF0BDA D0=4080000B D1=00000080 D2=00000006 D3=0000001E D4=0000FFFF D5=000000FF D6=00000004 D7=000A0000 xnzvc
00:6B64  32 87  MOVE.W  D7,(A1)                  A0=00006B1C A1=00C00000 A2=00007307 A3=00FF2CFE A4=00000100 A5=FFFF80C8 A6=00FF0BF0 A7=00FF0BD6 D0=4080000B D1=00000080 D2=00000006 D3=0000001E D4=0000FFFF D5=000000FF D6=00000004 D7=000A0000 xnzvc
00:6B66  53 2E  SUBQ.B  #1,$FFF4(A6)             A0=00006B1C A1=00C00000 A2=00007307 A3=00FF2CFE A4=00000100 A5=FFFF80C8 A6=00FF0BF0 A7=00FF0BD6 D0=4080000B D1=00000080 D2=00000006 D3=0000001E D4=0000FFFF D5=000000FF D6=00000004 D7=000A0000 xnZvc
00:6B6A  6A 08  BPL     #$08 [00:6B74]           A0=00006B1C A1=00C00000 A2=00007307 A3=00FF2CFE A4=00000100 A5=FFFF80C8 A6=00FF0BF0 A7=00FF0BD6 D0=4080000B D1=00000080 D2=00000006 D3=0000001E D4=0000FFFF D5=000000FF D6=00000004 D7=000A0000 xnzvc
00:6B74  30 2E  MOVE.W  $FFFE(A6),D0             A0=00006B1C A1=00C00000 A2=00007307 A3=00FF2CFE A4=00000100 A5=FFFF80C8 A6=00FF0BF0 A7=00FF0BD6 D0=4080000B D1=00000080 D2=00000006 D3=0000001E D4=0000FFFF D5=000000FF D6=00000004 D7=000A0000 xnzvc
00:6B78  52 40  ADDQ.W  #1,D0                    A0=00006B1C A1=00C00000 A2=00007307 A3=00FF2CFE A4=00000100 A5=FFFF80C8 A6=00FF0BF0 A7=00FF0BD6 D0=4080000B D1=00000080 D2=00000006 D3=0000001E D4=0000FFFF D5=000000FF D6=00000004 D7=000A0000 xnzvc
00:6B7A  B0 78  CMP.W   ($8A70),D0               A0=00006B1C A1=00C00000 A2=00007307 A3=00FF2CFE A4=00000100 A5=FFFF80C8 A6=00FF0BF0 A7=00FF0BD6 D0=4080000C D1=00000080 D2=00000006 D3=0000001E D4=0000FFFF D5=000000FF D6=00000004 D7=000A0000 xnzvc
00:6B7E  64 06  BCC     #$06 [00:6B86]           A0=00006B1C A1=00C00000 A2=00007307 A3=00FF2CFE A4=00000100 A5=FFFF80C8 A6=00FF0BF0 A7=00FF0BD6 D0=4080000C D1=00000080 D2=00000006 D3=0000001E D4=0000FFFF D5=000000FF D6=00000004 D7=000A0000 xNzvC
00:6B80  3D 40  MOVE.W  D0,$FFFE(A6)             A0=00006B1C A1=00C00000 A2=00007307 A3=00FF2CFE A4=00000100 A5=FFFF80C8 A6=00FF0BF0 A7=00FF0BD6 D0=4080000C D1=00000080 D2=00000006 D3=0000001E D4=0000FFFF D5=000000FF D6=00000004 D7=000A0000 xNzvC
00:6B84  4E 75  RTS                              A0=00006B1C A1=00C00000 A2=00007307 A3=00FF2CFE A4=00000100 A5=FFFF80C8 A6=00FF0BF0 A7=00FF0BD6 D0=4080000C D1=00000080 D2=00000006 D3=0000001E D4=0000FFFF D5=000000FF D6=00000004 D7=000A0000 xnzvc
00:6B28  53 43  SUBQ.W  #1,D3                    A0=00006B1C A1=00C00000 A2=00007307 A3=00FF2CFE A4=00000100 A5=FFFF80C8 A6=00FF0BF0 A7=00FF0BDA D0=4080000C D1=00000080 D2=00000006 D3=0000001E D4=0000FFFF D5=000000FF D6=00000004 D7=000A0000 xnzvc
00:6B2A  6A F8  BPL     #$F8 [00:6B24]           A0=00006B1C A1=00C00000 A2=00007307 A3=00FF2CFE A4=00000100 A5=FFFF80C8 A6=00FF0BF0 A7=00FF0BDA D0=4080000C D1=00000080 D2=00000006 D3=0000001D D4=0000FFFF D5=000000FF D6=00000004 D7=000A0000 xnzvc
00:6B24  61 00  BSR     #$003E [00:6B64]         A0=00006B1C A1=00C00000 A2=00007307 A3=00FF2CFE A4=00000100 A5=FFFF80C8 A6=00FF0BF0 A7=00FF0BDA D0=4080000C D1=00000080 D2=00000006 D3=0000001D D4=0000FFFF D5=000000FF D6=00000004 D7=000A0000 xnzvc
00:6B64  32 87  MOVE.W  D7,(A1)                  A0=00006B1C A1=00C00000 A2=00007307 A3=00FF2CFE A4=00000100 A5=FFFF80C8 A6=00FF0BF0 A7=00FF0BD6 D0=4080000C D1=00000080 D2=00000006 D3=0000001D D4=0000FFFF D5=000000FF D6=00000004 D7=000A0000 xnzvc
00:6B66  53 2E  SUBQ.B  #1,$FFF4(A6)             A0=00006B1C A1=00C00000 A2=00007307 A3=00FF2CFE A4=00000100 A5=FFFF80C8 A6=00FF0BF0 A7=00FF0BD6 D0=4080000C D1=00000080 D2=00000006 D3=0000001D D4=0000FFFF D5=000000FF D6=00000004 D7=000A0000 xnZvc
00:6B6A  6A 08  BPL     #$08 [00:6B74]           A0=00006B1C A1=00C00000 A2=00007307 A3=00FF2CFE A4=00000100 A5=FFFF80C8 A6=00FF0BF0 A7=00FF0BD6 D0=4080000C D1=00000080 D2=00000006 D3=0000001D D4=0000FFFF D5=000000FF D6=00000004 D7=000A0000 xnzvc
00:6B74  30 2E  MOVE.W  $FFFE(A6),D0             A0=00006B1C A1=00C00000 A2=00007307 A3=00FF2CFE A4=00000100 A5=FFFF80C8 A6=00FF0BF0 A7=00FF0BD6 D0=4080000C D1=00000080 D2=00000006 D3=0000001D D4=0000FFFF D5=000000FF D6=00000004 D7=000A0000 xnzvc
00:6B78  52 40  ADDQ.W  #1,D0                    A0=00006B1C A1=00C00000 A2=00007307 A3=00FF2CFE A4=00000100 A5=FFFF80C8 A6=00FF0BF0 A7=00FF0BD6 D0=4080000C D1=00000080 D2=00000006 D3=0000001D D4=0000FFFF D5=000000FF D6=00000004 D7=000A0000 xnzvc
00:6B7A  B0 78  CMP.W   ($8A70),D0               A0=00006B1C A1=00C00000 A2=00007307 A3=00FF2CFE A4=00000100 A5=FFFF80C8 A6=00FF0BF0 A7=00FF0BD6 D0=4080000D D1=00000080 D2=00000006 D3=0000001D D4=0000FFFF D5=000000FF D6=00000004 D7=000A0000 xnzvc
00:6B7E  64 06  BCC     #$06 [00:6B86]           A0=00006B1C A1=00C00000 A2=00007307 A3=00FF2CFE A4=00000100 A5=FFFF80C8 A6=00FF0BF0 A7=00FF0BD6 D0=4080000D D1=00000080 D2=00000006 D3=0000001D D4=0000FFFF D5=000000FF D6=00000004 D7=000A0000 xNzvC
00:6B80  3D 40  MOVE.W  D0,$FFFE(A6)             A0=00006B1C A1=00C00000 A2=00007307 A3=00FF2CFE A4=00000100 A5=FFFF80C8 A6=00FF0BF0 A7=00FF0BD6 D0=4080000D D1=00000080 D2=00000006 D3=0000001D D4=0000FFFF D5=000000FF D6=00000004 D7=000A0000 xNzvC
00:6B84  4E 75  RTS                              A0=00006B1C A1=00C00000 A2=00007307 A3=00FF2CFE A4=00000100 A5=FFFF80C8 A6=00FF0BF0 A7=00FF0BD6 D0=4080000D D1=00000080 D2=00000006 D3=0000001D D4=0000FFFF D5=000000FF D6=00000004 D7=000A0000 xnzvc
00:6B28  53 43  SUBQ.W  #1,D3                    A0=00006B1C A1=00C00000 A2=00007307 A3=00FF2CFE A4=00000100 A5=FFFF80C8 A6=00FF0BF0 A7=00FF0BDA D0=4080000D D1=00000080 D2=00000006 D3=0000001D D4=0000FFFF D5=000000FF D6=00000004 D7=000A0000 xnzvc
00:6B2A  6A F8  BPL     #$F8 [00:6B24]           A0=00006B1C A1=00C00000 A2=00007307 A3=00FF2CFE A4=00000100 A5=FFFF80C8 A6=00FF0BF0 A7=00FF0BDA D0=4080000D D1=00000080 D2=00000006 D3=0000001C D4=0000FFFF D5=000000FF D6=00000004 D7=000A0000 xnzvc
00:6B24  61 00  BSR     #$003E [00:6B64]         A0=00006B1C A1=00C00000 A2=00007307 A3=00FF2CFE A4=00000100 A5=FFFF80C8 A6=00FF0BF0 A7=00FF0BDA D0=4080000D D1=00000080 D2=00000006 D3=0000001C D4=0000FFFF D5=000000FF D6=00000004 D7=000A0000 xnzvc
00:6B64  32 87  MOVE.W  D7,(A1)                  A0=00006B1C A1=00C00000 A2=00007307 A3=00FF2CFE A4=00000100 A5=FFFF80C8 A6=00FF0BF0 A7=00FF0BD6 D0=4080000D D1=00000080 D2=00000006 D3=0000001C D4=0000FFFF D5=000000FF D6=00000004 D7=000A0000 xnzvc
00:6B66  53 2E  SUBQ.B  #1,$FFF4(A6)             A0=00006B1C A1=00C00000 A2=00007307 A3=00FF2CFE A4=00000100 A5=FFFF80C8 A6=00FF0BF0 A7=00FF0BD6 D0=4080000D D1=00000080 D2=00000006 D3=0000001C D4=0000FFFF D5=000000FF D6=00000004 D7=000A0000 xnZvc
00:6B6A  6A 08  BPL     #$08 [00:6B74]           A0=00006B1C A1=00C00000 A2=00007307 A3=00FF2CFE A4=00000100 A5=FFFF80C8 A6=00FF0BF0 A7=00FF0BD6 D0=4080000D D1=00000080 D2=00000006 D3=0000001C D4=0000FFFF D5=000000FF D6=00000004 D7=000A0000 xnzvc
00:6B74  30 2E  MOVE.W  $FFFE(A6),D0             A0=00006B1C A1=00C00000 A2=00007307 A3=00FF2CFE A4=00000100 A5=FFFF80C8 A6=00FF0BF0 A7=00FF0BD6 D0=4080000D D1=00000080 D2=00000006 D3=0000001C D4=0000FFFF D5=000000FF D6=00000004 D7=000A0000 xnzvc
00:6B78  52 40  ADDQ.W  #1,D0                    A0=00006B1C A1=00C00000 A2=00007307 A3=00FF2CFE A4=00000100 A5=FFFF80C8 A6=00FF0BF0 A7=00FF0BD6 D0=4080000D D1=00000080 D2=00000006 D3=0000001C D4=0000FFFF D5=000000FF D6=00000004 D7=000A0000 xnzvc
00:6B7A  B0 78  CMP.W   ($8A70),D0               A0=00006B1C A1=00C00000 A2=00007307 A3=00FF2CFE A4=00000100 A5=FFFF80C8 A6=00FF0BF0 A7=00FF0BD6 D0=4080000E D1=00000080 D2=00000006 D3=0000001C D4=0000FFFF D5=000000FF D6=00000004 D7=000A0000 xnzvc
00:6B7E  64 06  BCC     #$06 [00:6B86]           A0=00006B1C A1=00C00000 A2=00007307 A3=00FF2CFE A4=00000100 A5=FFFF80C8 A6=00FF0BF0 A7=00FF0BD6 D0=4080000E D1=00000080 D2=00000006 D3=0000001C D4=0000FFFF D5=000000FF D6=00000004 D7=000A0000 xNzvC
00:6B80  3D 40  MOVE.W  D0,$FFFE(A6)             A0=00006B1C A1=00C00000 A2=00007307 A3=00FF2CFE A4=00000100 A5=FFFF80C8 A6=00FF0BF0 A7=00FF0BD6 D0=4080000E D1=00000080 D2=00000006 D3=0000001C D4=0000FFFF D5=000000FF D6=00000004 D7=000A0000 xNzvC
00:6B84  4E 75  RTS                              A0=00006B1C A1=00C00000 A2=00007307 A3=00FF2CFE A4=00000100 A5=FFFF80C8 A6=00FF0BF0 A7=00FF0BD6 D0=4080000E D1=00000080 D2=00000006 D3=0000001C D4=0000FFFF D5=000000FF D6=00000004 D7=000A0000 xnzvc
00:6B28  53 43  SUBQ.W  #1,D3                    A0=00006B1C A1=00C00000 A2=00007307 A3=00FF2CFE A4=00000100 A5=FFFF80C8 A6=00FF0BF0 A7=00FF0BDA D0=4080000E D1=00000080 D2=00000006 D3=0000001C D4=0000FFFF D5=000000FF D6=00000004 D7=000A0000 xnzvc
00:6B2A  6A F8  BPL     #$F8 [00:6B24]           A0=00006B1C A1=00C00000 A2=00007307 A3=00FF2CFE A4=00000100 A5=FFFF80C8 A6=00FF0BF0 A7=00FF0BDA D0=4080000E D1=00000080 D2=00000006 D3=0000001B D4=0000FFFF D5=000000FF D6=00000004 D7=000A0000 xnzvc
00:6B24  61 00  BSR     #$003E [00:6B64]         A0=00006B1C A1=00C00000 A2=00007307 A3=00FF2CFE A4=00000100 A5=FFFF80C8 A6=00FF0BF0 A7=00FF0BDA D0=4080000E D1=00000080 D2=00000006 D3=0000001B D4=0000FFFF D5=000000FF D6=00000004 D7=000A0000 xnzvc
00:6B64  32 87  MOVE.W  D7,(A1)                  A0=00006B1C A1=00C00000 A2=00007307 A3=00FF2CFE A4=00000100 A5=FFFF80C8 A6=00FF0BF0 A7=00FF0BD6 D0=4080000E D1=00000080 D2=00000006 D3=0000001B D4=0000FFFF D5=000000FF D6=00000004 D7=000A0000 xnzvc
00:6B66  53 2E  SUBQ.B  #1,$FFF4(A6)             A0=00006B1C A1=00C00000 A2=00007307 A3=00FF2CFE A4=00000100 A5=FFFF80C8 A6=00FF0BF0 A7=00FF0BD6 D0=4080000E D1=00000080 D2=00000006 D3=0000001B D4=0000FFFF D5=000000FF D6=00000004 D7=000A0000 xnZvc
00:6B6A  6A 08  BPL     #$08 [00:6B74]           A0=00006B1C A1=00C00000 A2=00007307 A3=00FF2CFE A4=00000100 A5=FFFF80C8 A6=00FF0BF0 A7=00FF0BD6 D0=4080000E D1=00000080 D2=00000006 D3=0000001B D4=0000FFFF D5=000000FF D6=00000004 D7=000A0000 xnzvc
00:6B74  30 2E  MOVE.W  $FFFE(A6),D0             A0=00006B1C A1=00C00000 A2=00007307 A3=00FF2CFE A4=00000100 A5=FFFF80C8 A6=00FF0BF0 A7=00FF0BD6 D0=4080000E D1=00000080 D2=00000006 D3=0000001B D4=0000FFFF D5=000000FF D6=00000004 D7=000A0000 xnzvc
00:6B78  52 40  ADDQ.W  #1,D0                    A0=00006B1C A1=00C00000 A2=00007307 A3=00FF2CFE A4=00000100 A5=FFFF80C8 A6=00FF0BF0 A7=00FF0BD6 D0=4080000E D1=00000080 D2=00000006 D3=0000001B D4=0000FFFF D5=000000FF D6=00000004 D7=000A0000 xnzvc
00:6B7A  B0 78  CMP.W   ($8A70),D0               A0=00006B1C A1=00C00000 A2=00007307 A3=00FF2CFE A4=00000100 A5=FFFF80C8 A6=00FF0BF0 A7=00FF0BD6 D0=4080000F D1=00000080 D2=00000006 D3=0000001B D4=0000FFFF D5=000000FF D6=00000004 D7=000A0000 xnzvc
00:6B7E  64 06  BCC     #$06 [00:6B86]           A0=00006B1C A1=00C00000 A2=00007307 A3=00FF2CFE A4=00000100 A5=FFFF80C8 A6=00FF0BF0 A7=00FF0BD6 D0=4080000F D1=00000080 D2=00000006 D3=0000001B D4=0000FFFF D5=000000FF D6=00000004 D7=000A0000 xNzvC
00:6B80  3D 40  MOVE.W  D0,$FFFE(A6)             A0=00006B1C A1=00C00000 A2=00007307 A3=00FF2CFE A4=00000100 A5=FFFF80C8 A6=00FF0BF0 A7=00FF0BD6 D0=4080000F D1=00000080 D2=00000006 D3=0000001B D4=0000FFFF D5=000000FF D6=00000004 D7=000A0000 xNzvC
00:6B84  4E 75  RTS                              A0=00006B1C A1=00C00000 A2=00007307 A3=00FF2CFE A4=00000100 A5=FFFF80C8 A6=00FF0BF0 A7=00FF0BD6 D0=4080000F D1=00000080 D2=00000006 D3=0000001B D4=0000FFFF D5=000000FF D6=00000004 D7=000A0000 xnzvc
00:6B28  53 43  SUBQ.W  #1,D3                    A0=00006B1C A1=00C00000 A2=00007307 A3=00FF2CFE A4=00000100 A5=FFFF80C8 A6=00FF0BF0 A7=00FF0BDA D0=4080000F D1=00000080 D2=00000006 D3=0000001B D4=0000FFFF D5=000000FF D6=00000004 D7=000A0000 xnzvc
00:6B2A  6A F8  BPL     #$F8 [00:6B24]           A0=00006B1C A1=00C00000 A2=00007307 A3=00FF2CFE A4=00000100 A5=FFFF80C8 A6=00FF0BF0 A7=00FF0BDA D0=4080000F D1=00000080 D2=00000006 D3=0000001A D4=0000FFFF D5=000000FF D6=00000004 D7=000A0000 xnzvc
00:6B24  61 00  BSR     #$003E [00:6B64]         A0=00006B1C A1=00C00000 A2=00007307 A3=00FF2CFE A4=00000100 A5=FFFF80C8 A6=00FF0BF0 A7=00FF0BDA D0=4080000F D1=00000080 D2=00000006 D3=0000001A D4=0000FFFF D5=000000FF D6=00000004 D7=000A0000 xnzvc
00:6B64  32 87  MOVE.W  D7,(A1)                  A0=00006B1C A1=00C00000 A2=00007307 A3=00FF2CFE A4=00000100 A5=FFFF80C8 A6=00FF0BF0 A7=00FF0BD6 D0=4080000F D1=00000080 D2=00000006 D3=0000001A D4=0000FFFF D5=000000FF D6=00000004 D7=000A0000 xnzvc
00:6B66  53 2E  SUBQ.B  #1,$FFF4(A6)             A0=00006B1C A1=00C00000 A2=00007307 A3=00FF2CFE A4=00000100 A5=FFFF80C8 A6=00FF0BF0 A7=00FF0BD6 D0=4080000F D1=00000080 D2=00000006 D3=0000001A D4=0000FFFF D5=000000FF D6=00000004 D7=000A0000 xnZvc
00:6B6A  6A 08  BPL     #$08 [00:6B74]           A0=00006B1C A1=00C00000 A2=00007307 A3=00FF2CFE A4=00000100 A5=FFFF80C8 A6=00FF0BF0 A7=00FF0BD6 D0=4080000F D1=00000080 D2=00000006 D3=0000001A D4=0000FFFF D5=000000FF D6=00000004 D7=000A0000 xnzvc
00:6B74  30 2E  MOVE.W  $FFFE(A6),D0             A0=00006B1C A1=00C00000 A2=00007307 A3=00FF2CFE A4=00000100 A5=FFFF80C8 A6=00FF0BF0 A7=00FF0BD6 D0=4080000F D1=00000080 D2=00000006 D3=0000001A D4=0000FFFF D5=000000FF D6=00000004 D7=000A0000 xnzvc
00:6B78  52 40  ADDQ.W  #1,D0                    A0=00006B1C A1=00C00000 A2=00007307 A3=00FF2CFE A4=00000100 A5=FFFF80C8 A6=00FF0BF0 A7=00FF0BD6 D0=4080000F D1=00000080 D2=00000006 D3=0000001A D4=0000FFFF D5=000000FF D6=00000004 D7=000A0000 xnzvc
00:6B7A  B0 78  CMP.W   ($8A70),D0               A0=00006B1C A1=00C00000 A2=00007307 A3=00FF2CFE A4=00000100 A5=FFFF80C8 A6=00FF0BF0 A7=00FF0BD6 D0=40800010 D1=00000080 D2=00000006 D3=0000001A D4=0000FFFF D5=000000FF D6=00000004 D7=000A0000 xnzvc
00:6B7E  64 06  BCC     #$06 [00:6B86]           A0=00006B1C A1=00C00000 A2=00007307 A3=00FF2CFE A4=00000100 A5=FFFF80C8 A6=00FF0BF0 A7=00FF0BD6 D0=40800010 D1=00000080 D2=00000006 D3=0000001A D4=0000FFFF D5=000000FF D6=00000004 D7=000A0000 xNzvC
00:6B80  3D 40  MOVE.W  D0,$FFFE(A6)             A0=00006B1C A1=00C00000 A2=00007307 A3=00FF2CFE A4=00000100 A5=FFFF80C8 A6=00FF0BF0 A7=00FF0BD6 D0=40800010 D1=00000080 D2=00000006 D3=0000001A D4=0000FFFF D5=000000FF D6=00000004 D7=000A0000 xNzvC
00:6B84  4E 75  RTS                              A0=00006B1C A1=00C00000 A2=00007307 A3=00FF2CFE A4=00000100 A5=FFFF80C8 A6=00FF0BF0 A7=00FF0BD6 D0=40800010 D1=00000080 D2=00000006 D3=0000001A D4=0000FFFF D5=000000FF D6=00000004 D7=000A0000 xnzvc
00:6B28  53 43  SUBQ.W  #1,D3                    A0=00006B1C A1=00C00000 A2=00007307 A3=00FF2CFE A4=00000100 A5=FFFF80C8 A6=00FF0BF0 A7=00FF0BDA D0=40800010 D1=00000080 D2=00000006 D3=0000001A D4=0000FFFF D5=000000FF D6=00000004 D7=000A0000 xnzvc
00:6B2A  6A F8  BPL     #$F8 [00:6B24]           A0=00006B1C A1=00C00000 A2=00007307 A3=00FF2CFE A4=00000100 A5=FFFF80C8 A6=00FF0BF0 A7=00FF0BDA D0=40800010 D1=00000080 D2=00000006 D3=00000019 D4=0000FFFF D5=000000FF D6=00000004 D7=000A0000 xnzvc
00:6B24  61 00  BSR     #$003E [00:6B64]         A0=00006B1C A1=00C00000 A2=00007307 A3=00FF2CFE A4=00000100 A5=FFFF80C8 A6=00FF0BF0 A7=00FF0BDA D0=40800010 D1=00000080 D2=00000006 D3=00000019 D4=0000FFFF D5=000000FF D6=00000004 D7=000A0000 xnzvc
00:6B64  32 87  MOVE.W  D7,(A1)                  A0=00006B1C A1=00C00000 A2=00007307 A3=00FF2CFE A4=00000100 A5=FFFF80C8 A6=00FF0BF0 A7=00FF0BD6 D0=40800010 D1=00000080 D2=00000006 D3=00000019 D4=0000FFFF D5=000000FF D6=00000004 D7=000A0000 xnzvc
00:6B66  53 2E  SUBQ.B  #1,$FFF4(A6)             A0=00006B1C A1=00C00000 A2=00007307 A3=00FF2CFE A4=00000100 A5=FFFF80C8 A6=00FF0BF0 A7=00FF0BD6 D0=40800010 D1=00000080 D2=00000006 D3=00000019 D4=0000FFFF D5=000000FF D6=00000004 D7=000A0000 xnZvc
00:6B6A  6A 08  BPL     #$08 [00:6B74]           A0=00006B1C A1=00C00000 A2=00007307 A3=00FF2CFE A4=00000100 A5=FFFF80C8 A6=00FF0BF0 A7=00FF0BD6 D0=40800010 D1=00000080 D2=00000006 D3=00000019 D4=0000FFFF D5=000000FF D6=00000004 D7=000A0000 xnzvc
00:6B74  30 2E  MOVE.W  $FFFE(A6),D0             A0=00006B1C A1=00C00000 A2=00007307 A3=00FF2CFE A4=00000100 A5=FFFF80C8 A6=00FF0BF0 A7=00FF0BD6 D0=40800010 D1=00000080 D2=00000006 D3=00000019 D4=0000FFFF D5=000000FF D6=00000004 D7=000A0000 xnzvc
00:6B78  52 40  ADDQ.W  #1,D0                    A0=00006B1C A1=00C00000 A2=00007307 A3=00FF2CFE A4=00000100 A5=FFFF80C8 A6=00FF0BF0 A7=00FF0BD6 D0=40800010 D1=00000080 D2=00000006 D3=00000019 D4=0000FFFF D5=000000FF D6=00000004 D7=000A0000 xnzvc
00:6B7A  B0 78  CMP.W   ($8A70),D0               A0=00006B1C A1=00C00000 A2=00007307 A3=00FF2CFE A4=00000100 A5=FFFF80C8 A6=00FF0BF0 A7=00FF0BD6 D0=40800011 D1=00000080 D2=00000006 D3=00000019 D4=0000FFFF D5=000000FF D6=00000004 D7=000A0000 xnzvc
00:6B7E  64 06  BCC     #$06 [00:6B86]           A0=00006B1C A1=00C00000 A2=00007307 A3=00FF2CFE A4=00000100 A5=FFFF80C8 A6=00FF0BF0 A7=00FF0BD6 D0=40800011 D1=00000080 D2=00000006 D3=00000019 D4=0000FFFF D5=000000FF D6=00000004 D7=000A0000 xNzvC
00:6B80  3D 40  MOVE.W  D0,$FFFE(A6)             A0=00006B1C A1=00C00000 A2=00007307 A3=00FF2CFE A4=00000100 A5=FFFF80C8 A6=00FF0BF0 A7=00FF0BD6 D0=40800011 D1=00000080 D2=00000006 D3=00000019 D4=0000FFFF D5=000000FF D6=00000004 D7=000A0000 xNzvC
00:6B84  4E 75  RTS                              A0=00006B1C A1=00C00000 A2=00007307 A3=00FF2CFE A4=00000100 A5=FFFF80C8 A6=00FF0BF0 A7=00FF0BD6 D0=40800011 D1=00000080 D2=00000006 D3=00000019 D4=0000FFFF D5=000000FF D6=00000004 D7=000A0000 xnzvc
00:6B28  53 43  SUBQ.W  #1,D3                    A0=00006B1C A1=00C00000 A2=00007307 A3=00FF2CFE A4=00000100 A5=FFFF80C8 A6=00FF0BF0 A7=00FF0BDA D0=40800011 D1=00000080 D2=00000006 D3=00000019 D4=0000FFFF D5=000000FF D6=00000004 D7=000A0000 xnzvc
00:6B2A  6A F8  BPL     #$F8 [00:6B24]           A0=00006B1C A1=00C00000 A2=00007307 A3=00FF2CFE A4=00000100 A5=FFFF80C8 A6=00FF0BF0 A7=00FF0BDA D0=40800011 D1=00000080 D2=00000006 D3=00000018 D4=0000FFFF D5=000000FF D6=00000004 D7=000A0000 xnzvc
00:6B24  61 00  BSR     #$003E [00:6B64]         A0=00006B1C A1=00C00000 A2=00007307 A3=00FF2CFE A4=00000100 A5=FFFF80C8 A6=00FF0BF0 A7=00FF0BDA D0=40800011 D1=00000080 D2=00000006 D3=00000018 D4=0000FFFF D5=000000FF D6=00000004 D7=000A0000 xnzvc
00:6B64  32 87  MOVE.W  D7,(A1)                  A0=00006B1C A1=00C00000 A2=00007307 A3=00FF2CFE A4=00000100 A5=FFFF80C8 A6=00FF0BF0 A7=00FF0BD6 D0=40800011 D1=00000080 D2=00000006 D3=00000018 D4=0000FFFF D5=000000FF D6=00000004 D7=000A0000 xnzvc
00:6B66  53 2E  SUBQ.B  #1,$FFF4(A6)             A0=00006B1C A1=00C00000 A2=00007307 A3=00FF2CFE A4=00000100 A5=FFFF80C8 A6=00FF0BF0 A7=00FF0BD6 D0=40800011 D1=00000080 D2=00000006 D3=00000018 D4=0000FFFF D5=000000FF D6=00000004 D7=000A0000 xnZvc
00:6B6A  6A 08  BPL     #$08 [00:6B74]           A0=00006B1C A1=00C00000 A2=00007307 A3=00FF2CFE A4=00000100 A5=FFFF80C8 A6=00FF0BF0 A7=00FF0BD6 D0=40800011 D1=00000080 D2=00000006 D3=00000018 D4=0000FFFF D5=000000FF D6=00000004 D7=000A0000 xnzvc
00:6B74  30 2E  MOVE.W  $FFFE(A6),D0             A0=00006B1C A1=00C00000 A2=00007307 A3=00FF2CFE A4=00000100 A5=FFFF80C8 A6=00FF0BF0 A7=00FF0BD6 D0=40800011 D1=00000080 D2=00000006 D3=00000018 D4=0000FFFF D5=000000FF D6=00000004 D7=000A0000 xnzvc
00:6B78  52 40  ADDQ.W  #1,D0                    A0=00006B1C A1=00C00000 A2=00007307 A3=00FF2CFE A4=00000100 A5=FFFF80C8 A6=00FF0BF0 A7=00FF0BD6 D0=40800011 D1=00000080 D2=00000006 D3=00000018 D4=0000FFFF D5=000000FF D6=00000004 D7=000A0000 xnzvc
00:6B7A  B0 78  CMP.W   ($8A70),D0               A0=00006B1C A1=00C00000 A2=00007307 A3=00FF2CFE A4=00000100 A5=FFFF80C8 A6=00FF0BF0 A7=00FF0BD6 D0=40800012 D1=00000080 D2=00000006 D3=00000018 D4=0000FFFF D5=000000FF D6=00000004 D7=000A0000 xnzvc
00:6B7E  64 06  BCC     #$06 [00:6B86]           A0=00006B1C A1=00C00000 A2=00007307 A3=00FF2CFE A4=00000100 A5=FFFF80C8 A6=00FF0BF0 A7=00FF0BD6 D0=40800012 D1=00000080 D2=00000006 D3=00000018 D4=0000FFFF D5=000000FF D6=00000004 D7=000A0000 xNzvC
00:6B80  3D 40  MOVE.W  D0,$FFFE(A6)             A0=00006B1C A1=00C00000 A2=00007307 A3=00FF2CFE A4=00000100 A5=FFFF80C8 A6=00FF0BF0 A7=00FF0BD6 D0=40800012 D1=00000080 D2=00000006 D3=00000018 D4=0000FFFF D5=000000FF D6=00000004 D7=000A0000 xNzvC
00:6B84  4E 75  RTS                              A0=00006B1C A1=00C00000 A2=00007307 A3=00FF2CFE A4=00000100 A5=FFFF80C8 A6=00FF0BF0 A7=00FF0BD6 D0=40800012 D1=00000080 D2=00000006 D3=00000018 D4=0000FFFF D5=000000FF D6=00000004 D7=000A0000 xnzvc
00:6B28  53 43  SUBQ.W  #1,D3                    A0=00006B1C A1=00C00000 A2=00007307 A3=00FF2CFE A4=00000100 A5=FFFF80C8 A6=00FF0BF0 A7=00FF0BDA D0=40800012 D1=00000080 D2=00000006 D3=00000018 D4=0000FFFF D5=000000FF D6=00000004 D7=000A0000 xnzvc
00:6B2A  6A F8  BPL     #$F8 [00:6B24]           A0=00006B1C A1=00C00000 A2=00007307 A3=00FF2CFE A4=00000100 A5=FFFF80C8 A6=00FF0BF0 A7=00FF0BDA D0=40800012 D1=00000080 D2=00000006 D3=00000017 D4=0000FFFF D5=000000FF D6=00000004 D7=000A0000 xnzvc
00:6B24  61 00  BSR     #$003E [00:6B64]         A0=00006B1C A1=00C00000 A2=00007307 A3=00FF2CFE A4=00000100 A5=FFFF80C8 A6=00FF0BF0 A7=00FF0BDA D0=40800012 D1=00000080 D2=00000006 D3=00000017 D4=0000FFFF D5=000000FF D6=00000004 D7=000A0000 xnzvc
00:6B64  32 87  MOVE.W  D7,(A1)                  A0=00006B1C A1=00C00000 A2=00007307 A3=00FF2CFE A4=00000100 A5=FFFF80C8 A6=00FF0BF0 A7=00FF0BD6 D0=40800012 D1=00000080 D2=00000006 D3=00000017 D4=0000FFFF D5=000000FF D6=00000004 D7=000A0000 xnzvc
00:6B66  53 2E  SUBQ.B  #1,$FFF4(A6)             A0=00006B1C A1=00C00000 A2=00007307 A3=00FF2CFE A4=00000100 A5=FFFF80C8 A6=00FF0BF0 A7=00FF0BD6 D0=40800012 D1=00000080 D2=00000006 D3=00000017 D4=0000FFFF D5=000000FF D6=00000004 D7=000A0000 xnZvc
00:6B6A  6A 08  BPL     #$08 [00:6B74]           A0=00006B1C A1=00C00000 A2=00007307 A3=00FF2CFE A4=00000100 A5=FFFF80C8 A6=00FF0BF0 A7=00FF0BD6 D0=40800012 D1=00000080 D2=00000006 D3=00000017 D4=0000FFFF D5=000000FF D6=00000004 D7=000A0000 xnzvc
00:6B74  30 2E  MOVE.W  $FFFE(A6),D0             A0=00006B1C A1=00C00000 A2=00007307 A3=00FF2CFE A4=00000100 A5=FFFF80C8 A6=00FF0BF0 A7=00FF0BD6 D0=40800012 D1=00000080 D2=00000006 D3=00000017 D4=0000FFFF D5=000000FF D6=00000004 D7=000A0000 xnzvc
00:6B78  52 40  ADDQ.W  #1,D0                    A0=00006B1C A1=00C00000 A2=00007307 A3=00FF2CFE A4=00000100 A5=FFFF80C8 A6=00FF0BF0 A7=00FF0BD6 D0=40800012 D1=00000080 D2=00000006 D3=00000017 D4=0000FFFF D5=000000FF D6=00000004 D7=000A0000 xnzvc
00:6B7A  B0 78  CMP.W   ($8A70),D0               A0=00006B1C A1=00C00000 A2=00007307 A3=00FF2CFE A4=00000100 A5=FFFF80C8 A6=00FF0BF0 A7=00FF0BD6 D0=40800013 D1=00000080 D2=00000006 D3=00000017 D4=0000FFFF D5=000000FF D6=00000004 D7=000A0000 xnzvc
00:6B7E  64 06  BCC     #$06 [00:6B86]           A0=00006B1C A1=00C00000 A2=00007307 A3=00FF2CFE A4=00000100 A5=FFFF80C8 A6=00FF0BF0 A7=00FF0BD6 D0=40800013 D1=00000080 D2=00000006 D3=00000017 D4=0000FFFF D5=000000FF D6=00000004 D7=000A0000 xNzvC
00:6B80  3D 40  MOVE.W  D0,$FFFE(A6)             A0=00006B1C A1=00C00000 A2=00007307 A3=00FF2CFE A4=00000100 A5=FFFF80C8 A6=00FF0BF0 A7=00FF0BD6 D0=40800013 D1=00000080 D2=00000006 D3=00000017 D4=0000FFFF D5=000000FF D6=00000004 D7=000A0000 xNzvC
00:6B84  4E 75  RTS                              A0=00006B1C A1=00C00000 A2=00007307 A3=00FF2CFE A4=00000100 A5=FFFF80C8 A6=00FF0BF0 A7=00FF0BD6 D0=40800013 D1=00000080 D2=00000006 D3=00000017 D4=0000FFFF D5=000000FF D6=00000004 D7=000A0000 xnzvc
00:6B28  53 43  SUBQ.W  #1,D3                    A0=00006B1C A1=00C00000 A2=00007307 A3=00FF2CFE A4=00000100 A5=FFFF80C8 A6=00FF0BF0 A7=00FF0BDA D0=40800013 D1=00000080 D2=00000006 D3=00000017 D4=0000FFFF D5=000000FF D6=00000004 D7=000A0000 xnzvc
00:6B2A  6A F8  BPL     #$F8 [00:6B24]           A0=00006B1C A1=00C00000 A2=00007307 A3=00FF2CFE A4=00000100 A5=FFFF80C8 A6=00FF0BF0 A7=00FF0BDA D0=40800013 D1=00000080 D2=00000006 D3=00000016 D4=0000FFFF D5=000000FF D6=00000004 D7=000A0000 xnzvc
00:6B24  61 00  BSR     #$003E [00:6B64]         A0=00006B1C A1=00C00000 A2=00007307 A3=00FF2CFE A4=00000100 A5=FFFF80C8 A6=00FF0BF0 A7=00FF0BDA D0=40800013 D1=00000080 D2=00000006 D3=00000016 D4=0000FFFF D5=000000FF D6=00000004 D7=000A0000 xnzvc
00:6B64  32 87  MOVE.W  D7,(A1)                  A0=00006B1C A1=00C00000 A2=00007307 A3=00FF2CFE A4=00000100 A5=FFFF80C8 A6=00FF0BF0 A7=00FF0BD6 D0=40800013 D1=00000080 D2=00000006 D3=00000016 D4=0000FFFF D5=000000FF D6=00000004 D7=000A0000 xnzvc
00:6B66  53 2E  SUBQ.B  #1,$FFF4(A6)             A0=00006B1C A1=00C00000 A2=00007307 A3=00FF2CFE A4=00000100 A5=FFFF80C8 A6=00FF0BF0 A7=00FF0BD6 D0=40800013 D1=00000080 D2=00000006 D3=00000016 D4=0000FFFF D5=000000FF D6=00000004 D7=000A0000 xnZvc
00:6B6A  6A 08  BPL     #$08 [00:6B74]           A0=00006B1C A1=00C00000 A2=00007307 A3=00FF2CFE A4=00000100 A5=FFFF80C8 A6=00FF0BF0 A7=00FF0BD6 D0=40800013 D1=00000080 D2=00000006 D3=00000016 D4=0000FFFF D5=000000FF D6=00000004 D7=000A0000 xnzvc
00:6B74  30 2E  MOVE.W  $FFFE(A6),D0             A0=00006B1C A1=00C00000 A2=00007307 A3=00FF2CFE A4=00000100 A5=FFFF80C8 A6=00FF0BF0 A7=00FF0BD6 D0=40800013 D1=00000080 D2=00000006 D3=00000016 D4=0000FFFF D5=000000FF D6=00000004 D7=000A0000 xnzvc
00:6B78  52 40  ADDQ.W  #1,D0                    A0=00006B1C A1=00C00000 A2=00007307 A3=00FF2CFE A4=00000100 A5=FFFF80C8 A6=00FF0BF0 A7=00FF0BD6 D0=40800013 D1=00000080 D2=00000006 D3=00000016 D4=0000FFFF D5=000000FF D6=00000004 D7=000A0000 xnzvc
00:6B7A  B0 78  CMP.W   ($8A70),D0               A0=00006B1C A1=00C00000 A2=00007307 A3=00FF2CFE A4=00000100 A5=FFFF80C8 A6=00FF0BF0 A7=00FF0BD6 D0=40800014 D1=00000080 D2=00000006 D3=00000016 D4=0000FFFF D5=000000FF D6=00000004 D7=000A0000 xnzvc
00:6B7E  64 06  BCC     #$06 [00:6B86]           A0=00006B1C A1=00C00000 A2=00007307 A3=00FF2CFE A4=00000100 A5=FFFF80C8 A6=00FF0BF0 A7=00FF0BD6 D0=40800014 D1=00000080 D2=00000006 D3=00000016 D4=0000FFFF D5=000000FF D6=00000004 D7=000A0000 xNzvC
00:6B80  3D 40  MOVE.W  D0,$FFFE(A6)             A0=00006B1C A1=00C00000 A2=00007307 A3=00FF2CFE A4=00000100 A5=FFFF80C8 A6=00FF0BF0 A7=00FF0BD6 D0=40800014 D1=00000080 D2=00000006 D3=00000016 D4=0000FFFF D5=000000FF D6=00000004 D7=000A0000 xNzvC
00:6B84  4E 75  RTS                              A0=00006B1C A1=00C00000 A2=00007307 A3=00FF2CFE A4=00000100 A5=FFFF80C8 A6=00FF0BF0 A7=00FF0BD6 D0=40800014 D1=00000080 D2=00000006 D3=00000016 D4=0000FFFF D5=000000FF D6=00000004 D7=000A0000 xnzvc
00:6B28  53 43  SUBQ.W  #1,D3                    A0=00006B1C A1=00C00000 A2=00007307 A3=00FF2CFE A4=00000100 A5=FFFF80C8 A6=00FF0BF0 A7=00FF0BDA D0=40800014 D1=00000080 D2=00000006 D3=00000016 D4=0000FFFF D5=000000FF D6=00000004 D7=000A0000 xnzvc
00:6B2A  6A F8  BPL     #$F8 [00:6B24]           A0=00006B1C A1=00C00000 A2=00007307 A3=00FF2CFE A4=00000100 A5=FFFF80C8 A6=00FF0BF0 A7=00FF0BDA D0=40800014 D1=00000080 D2=00000006 D3=00000015 D4=0000FFFF D5=000000FF D6=00000004 D7=000A0000 xnzvc
00:6B24  61 00  BSR     #$003E [00:6B64]         A0=00006B1C A1=00C00000 A2=00007307 A3=00FF2CFE A4=00000100 A5=FFFF80C8 A6=00FF0BF0 A7=00FF0BDA D0=40800014 D1=00000080 D2=00000006 D3=00000015 D4=0000FFFF D5=000000FF D6=00000004 D7=000A0000 xnzvc
00:6B64  32 87  MOVE.W  D7,(A1)                  A0=00006B1C A1=00C00000 A2=00007307 A3=00FF2CFE A4=00000100 A5=FFFF80C8 A6=00FF0BF0 A7=00FF0BD6 D0=40800014 D1=00000080 D2=00000006 D3=00000015 D4=0000FFFF D5=000000FF D6=00000004 D7=000A0000 xnzvc
00:6B66  53 2E  SUBQ.B  #1,$FFF4(A6)             A0=00006B1C A1=00C00000 A2=00007307 A3=00FF2CFE A4=00000100 A5=FFFF80C8 A6=00FF0BF0 A7=00FF0BD6 D0=40800014 D1=00000080 D2=00000006 D3=00000015 D4=0000FFFF D5=000000FF D6=00000004 D7=000A0000 xnZvc
00:6B6A  6A 08  BPL     #$08 [00:6B74]           A0=00006B1C A1=00C00000 A2=00007307 A3=00FF2CFE A4=00000100 A5=FFFF80C8 A6=00FF0BF0 A7=00FF0BD6 D0=40800014 D1=00000080 D2=00000006 D3=00000015 D4=0000FFFF D5=000000FF D6=00000004 D7=000A0000 xnzvc
00:6B74  30 2E  MOVE.W  $FFFE(A6),D0             A0=00006B1C A1=00C00000 A2=00007307 A3=00FF2CFE A4=00000100 A5=FFFF80C8 A6=00FF0BF0 A7=00FF0BD6 D0=40800014 D1=00000080 D2=00000006 D3=00000015 D4=0000FFFF D5=000000FF D6=00000004 D7=000A0000 xnzvc
00:6B78  52 40  ADDQ.W  #1,D0                    A0=00006B1C A1=00C00000 A2=00007307 A3=00FF2CFE A4=00000100 A5=FFFF80C8 A6=00FF0BF0 A7=00FF0BD6 D0=40800014 D1=00000080 D2=00000006 D3=00000015 D4=0000FFFF D5=000000FF D6=00000004 D7=000A0000 xnzvc
00:6B7A  B0 78  CMP.W   ($8A70),D0               A0=00006B1C A1=00C00000 A2=00007307 A3=00FF2CFE A4=00000100 A5=FFFF80C8 A6=00FF0BF0 A7=00FF0BD6 D0=40800015 D1=00000080 D2=00000006 D3=00000015 D4=0000FFFF D5=000000FF D6=00000004 D7=000A0000 xnzvc
00:6B7E  64 06  BCC     #$06 [00:6B86]           A0=00006B1C A1=00C00000 A2=00007307 A3=00FF2CFE A4=00000100 A5=FFFF80C8 A6=00FF0BF0 A7=00FF0BD6 D0=40800015 D1=00000080 D2=00000006 D3=00000015 D4=0000FFFF D5=000000FF D6=00000004 D7=000A0000 xNzvC
00:6B80  3D 40  MOVE.W  D0,$FFFE(A6)             A0=00006B1C A1=00C00000 A2=00007307 A3=00FF2CFE A4=00000100 A5=FFFF80C8 A6=00FF0BF0 A7=00FF0BD6 D0=40800015 D1=00000080 D2=00000006 D3=00000015 D4=0000FFFF D5=000000FF D6=00000004 D7=000A0000 xNzvC
00:6B84  4E 75  RTS                              A0=00006B1C A1=00C00000 A2=00007307 A3=00FF2CFE A4=00000100 A5=FFFF80C8 A6=00FF0BF0 A7=00FF0BD6 D0=40800015 D1=00000080 D2=00000006 D3=00000015 D4=0000FFFF D5=000000FF D6=00000004 D7=000A0000 xnzvc
00:6B28  53 43  SUBQ.W  #1,D3                    A0=00006B1C A1=00C00000 A2=00007307 A3=00FF2CFE A4=00000100 A5=FFFF80C8 A6=00FF0BF0 A7=00FF0BDA D0=40800015 D1=00000080 D2=00000006 D3=00000015 D4=0000FFFF D5=000000FF D6=00000004 D7=000A0000 xnzvc
00:6B2A  6A F8  BPL     #$F8 [00:6B24]           A0=00006B1C A1=00C00000 A2=00007307 A3=00FF2CFE A4=00000100 A5=FFFF80C8 A6=00FF0BF0 A7=00FF0BDA D0=40800015 D1=00000080 D2=00000006 D3=00000014 D4=0000FFFF D5=000000FF D6=00000004 D7=000A0000 xnzvc
00:6B24  61 00  BSR     #$003E [00:6B64]         A0=00006B1C A1=00C00000 A2=00007307 A3=00FF2CFE A4=00000100 A5=FFFF80C8 A6=00FF0BF0 A7=00FF0BDA D0=40800015 D1=00000080 D2=00000006 D3=00000014 D4=0000FFFF D5=000000FF D6=00000004 D7=000A0000 xnzvc
00:6B64  32 87  MOVE.W  D7,(A1)                  A0=00006B1C A1=00C00000 A2=00007307 A3=00FF2CFE A4=00000100 A5=FFFF80C8 A6=00FF0BF0 A7=00FF0BD6 D0=40800015 D1=00000080 D2=00000006 D3=00000014 D4=0000FFFF D5=000000FF D6=00000004 D7=000A0000 xnzvc
00:6B66  53 2E  SUBQ.B  #1,$FFF4(A6)             A0=00006B1C A1=00C00000 A2=00007307 A3=00FF2CFE A4=00000100 A5=FFFF80C8 A6=00FF0BF0 A7=00FF0BD6 D0=40800015 D1=00000080 D2=00000006 D3=00000014 D4=0000FFFF D5=000000FF D6=00000004 D7=000A0000 xnZvc
00:6B6A  6A 08  BPL     #$08 [00:6B74]           A0=00006B1C A1=00C00000 A2=00007307 A3=00FF2CFE A4=00000100 A5=FFFF80C8 A6=00FF0BF0 A7=00FF0BD6 D0=40800015 D1=00000080 D2=00000006 D3=00000014 D4=0000FFFF D5=000000FF D6=00000004 D7=000A0000 xnzvc
00:6B74  30 2E  MOVE.W  $FFFE(A6),D0             A0=00006B1C A1=00C00000 A2=00007307 A3=00FF2CFE A4=00000100 A5=FFFF80C8 A6=00FF0BF0 A7=00FF0BD6 D0=40800015 D1=00000080 D2=00000006 D3=00000014 D4=0000FFFF D5=000000FF D6=00000004 D7=000A0000 xnzvc
00:6B78  52 40  ADDQ.W  #1,D0                    A0=00006B1C A1=00C00000 A2=00007307 A3=00FF2CFE A4=00000100 A5=FFFF80C8 A6=00FF0BF0 A7=00FF0BD6 D0=40800015 D1=00000080 D2=00000006 D3=00000014 D4=0000FFFF D5=000000FF D6=00000004 D7=000A0000 xnzvc
00:6B7A  B0 78  CMP.W   ($8A70),D0               A0=00006B1C A1=00C00000 A2=00007307 A3=00FF2CFE A4=00000100 A5=FFFF80C8 A6=00FF0BF0 A7=00FF0BD6 D0=40800016 D1=00000080 D2=00000006 D3=00000014 D4=0000FFFF D5=000000FF D6=00000004 D7=000A0000 xnzvc
00:6B7E  64 06  BCC     #$06 [00:6B86]           A0=00006B1C A1=00C00000 A2=00007307 A3=00FF2CFE A4=00000100 A5=FFFF80C8 A6=00FF0BF0 A7=00FF0BD6 D0=40800016 D1=00000080 D2=00000006 D3=00000014 D4=0000FFFF D5=000000FF D6=00000004 D7=000A0000 xNzvC
00:6B80  3D 40  MOVE.W  D0,$FFFE(A6)             A0=00006B1C A1=00C00000 A2=00007307 A3=00FF2CFE A4=00000100 A5=FFFF80C8 A6=00FF0BF0 A7=00FF0BD6 D0=40800016 D1=00000080 D2=00000006 D3=00000014 D4=0000FFFF D5=000000FF D6=00000004 D7=000A0000 xNzvC
00:6B84  4E 75  RTS                              A0=00006B1C A1=00C00000 A2=00007307 A3=00FF2CFE A4=00000100 A5=FFFF80C8 A6=00FF0BF0 A7=00FF0BD6 D0=40800016 D1=00000080 D2=00000006 D3=00000014 D4=0000FFFF D5=000000FF D6=00000004 D7=000A0000 xnzvc
00:6B28  53 43  SUBQ.W  #1,D3                    A0=00006B1C A1=00C00000 A2=00007307 A3=00FF2CFE A4=00000100 A5=FFFF80C8 A6=00FF0BF0 A7=00FF0BDA D0=40800016 D1=00000080 D2=00000006 D3=00000014 D4=0000FFFF D5=000000FF D6=00000004 D7=000A0000 xnzvc
00:6B2A  6A F8  BPL     #$F8 [00:6B24]           A0=00006B1C A1=00C00000 A2=00007307 A3=00FF2CFE A4=00000100 A5=FFFF80C8 A6=00FF0BF0 A7=00FF0BDA D0=40800016 D1=00000080 D2=00000006 D3=00000013 D4=0000FFFF D5=000000FF D6=00000004 D7=000A0000 xnzvc
00:6B24  61 00  BSR     #$003E [00:6B64]         A0=00006B1C A1=00C00000 A2=00007307 A3=00FF2CFE A4=00000100 A5=FFFF80C8 A6=00FF0BF0 A7=00FF0BDA D0=40800016 D1=00000080 D2=00000006 D3=00000013 D4=0000FFFF D5=000000FF D6=00000004 D7=000A0000 xnzvc
00:6B64  32 87  MOVE.W  D7,(A1)                  A0=00006B1C A1=00C00000 A2=00007307 A3=00FF2CFE A4=00000100 A5=FFFF80C8 A6=00FF0BF0 A7=00FF0BD6 D0=40800016 D1=00000080 D2=00000006 D3=00000013 D4=0000FFFF D5=000000FF D6=00000004 D7=000A0000 xnzvc
00:6B66  53 2E  SUBQ.B  #1,$FFF4(A6)             A0=00006B1C A1=00C00000 A2=00007307 A3=00FF2CFE A4=00000100 A5=FFFF80C8 A6=00FF0BF0 A7=00FF0BD6 D0=40800016 D1=00000080 D2=00000006 D3=00000013 D4=0000FFFF D5=000000FF D6=00000004 D7=000A0000 xnZvc
00:6B6A  6A 08  BPL     #$08 [00:6B74]           A0=00006B1C A1=00C00000 A2=00007307 A3=00FF2CFE A4=00000100 A5=FFFF80C8 A6=00FF0BF0 A7=00FF0BD6 D0=40800016 D1=00000080 D2=00000006 D3=00000013 D4=0000FFFF D5=000000FF D6=00000004 D7=000A0000 xnzvc
00:6B74  30 2E  MOVE.W  $FFFE(A6),D0             A0=00006B1C A1=00C00000 A2=00007307 A3=00FF2CFE A4=00000100 A5=FFFF80C8 A6=00FF0BF0 A7=00FF0BD6 D0=40800016 D1=00000080 D2=00000006 D3=00000013 D4=0000FFFF D5=000000FF D6=00000004 D7=000A0000 xnzvc
00:6B78  52 40  ADDQ.W  #1,D0                    A0=00006B1C A1=00C00000 A2=00007307 A3=00FF2CFE A4=00000100 A5=FFFF80C8 A6=00FF0BF0 A7=00FF0BD6 D0=40800016 D1=00000080 D2=00000006 D3=00000013 D4=0000FFFF D5=000000FF D6=00000004 D7=000A0000 xnzvc
00:6B7A  B0 78  CMP.W   ($8A70),D0               A0=00006B1C A1=00C00000 A2=00007307 A3=00FF2CFE A4=00000100 A5=FFFF80C8 A6=00FF0BF0 A7=00FF0BD6 D0=40800017 D1=00000080 D2=00000006 D3=00000013 D4=0000FFFF D5=000000FF D6=00000004 D7=000A0000 xnzvc
00:6B7E  64 06  BCC     #$06 [00:6B86]           A0=00006B1C A1=00C00000 A2=00007307 A3=00FF2CFE A4=00000100 A5=FFFF80C8 A6=00FF0BF0 A7=00FF0BD6 D0=40800017 D1=00000080 D2=00000006 D3=00000013 D4=0000FFFF D5=000000FF D6=00000004 D7=000A0000 xNzvC
00:6B80  3D 40  MOVE.W  D0,$FFFE(A6)             A0=00006B1C A1=00C00000 A2=00007307 A3=00FF2CFE A4=00000100 A5=FFFF80C8 A6=00FF0BF0 A7=00FF0BD6 D0=40800017 D1=00000080 D2=00000006 D3=00000013 D4=0000FFFF D5=000000FF D6=00000004 D7=000A0000 xNzvC
00:6B84  4E 75  RTS                              A0=00006B1C A1=00C00000 A2=00007307 A3=00FF2CFE A4=00000100 A5=FFFF80C8 A6=00FF0BF0 A7=00FF0BD6 D0=40800017 D1=00000080 D2=00000006 D3=00000013 D4=0000FFFF D5=000000FF D6=00000004 D7=000A0000 xnzvc
00:6B28  53 43  SUBQ.W  #1,D3                    A0=00006B1C A1=00C00000 A2=00007307 A3=00FF2CFE A4=00000100 A5=FFFF80C8 A6=00FF0BF0 A7=00FF0BDA D0=40800017 D1=00000080 D2=00000006 D3=00000013 D4=0000FFFF D5=000000FF D6=00000004 D7=000A0000 xnzvc
00:6B2A  6A F8  BPL     #$F8 [00:6B24]           A0=00006B1C A1=00C00000 A2=00007307 A3=00FF2CFE A4=00000100 A5=FFFF80C8 A6=00FF0BF0 A7=00FF0BDA D0=40800017 D1=00000080 D2=00000006 D3=00000012 D4=0000FFFF D5=000000FF D6=00000004 D7=000A0000 xnzvc
00:6B24  61 00  BSR     #$003E [00:6B64]         A0=00006B1C A1=00C00000 A2=00007307 A3=00FF2CFE A4=00000100 A5=FFFF80C8 A6=00FF0BF0 A7=00FF0BDA D0=40800017 D1=00000080 D2=00000006 D3=00000012 D4=0000FFFF D5=000000FF D6=00000004 D7=000A0000 xnzvc
00:6B64  32 87  MOVE.W  D7,(A1)                  A0=00006B1C A1=00C00000 A2=00007307 A3=00FF2CFE A4=00000100 A5=FFFF80C8 A6=00FF0BF0 A7=00FF0BD6 D0=40800017 D1=00000080 D2=00000006 D3=00000012 D4=0000FFFF D5=000000FF D6=00000004 D7=000A0000 xnzvc
00:6B66  53 2E  SUBQ.B  #1,$FFF4(A6)             A0=00006B1C A1=00C00000 A2=00007307 A3=00FF2CFE A4=00000100 A5=FFFF80C8 A6=00FF0BF0 A7=00FF0BD6 D0=40800017 D1=00000080 D2=00000006 D3=00000012 D4=0000FFFF D5=000000FF D6=00000004 D7=000A0000 xnZvc
00:6B6A  6A 08  BPL     #$08 [00:6B74]           A0=00006B1C A1=00C00000 A2=00007307 A3=00FF2CFE A4=00000100 A5=FFFF80C8 A6=00FF0BF0 A7=00FF0BD6 D0=40800017 D1=00000080 D2=00000006 D3=00000012 D4=0000FFFF D5=000000FF D6=00000004 D7=000A0000 xnzvc
00:6B74  30 2E  MOVE.W  $FFFE(A6),D0             A0=00006B1C A1=00C00000 A2=00007307 A3=00FF2CFE A4=00000100 A5=FFFF80C8 A6=00FF0BF0 A7=00FF0BD6 D0=40800017 D1=00000080 D2=00000006 D3=00000012 D4=0000FFFF D5=000000FF D6=00000004 D7=000A0000 xnzvc
00:6B78  52 40  ADDQ.W  #1,D0                    A0=00006B1C A1=00C00000 A2=00007307 A3=00FF2CFE A4=00000100 A5=FFFF80C8 A6=00FF0BF0 A7=00FF0BD6 D0=40800017 D1=00000080 D2=00000006 D3=00000012 D4=0000FFFF D5=000000FF D6=00000004 D7=000A0000 xnzvc
00:6B7A  B0 78  CMP.W   ($8A70),D0               A0=00006B1C A1=00C00000 A2=00007307 A3=00FF2CFE A4=00000100 A5=FFFF80C8 A6=00FF0BF0 A7=00FF0BD6 D0=40800018 D1=00000080 D2=00000006 D3=00000012 D4=0000FFFF D5=000000FF D6=00000004 D7=000A0000 xnzvc
00:6B7E  64 06  BCC     #$06 [00:6B86]           A0=00006B1C A1=00C00000 A2=00007307 A3=00FF2CFE A4=00000100 A5=FFFF80C8 A6=00FF0BF0 A7=00FF0BD6 D0=40800018 D1=00000080 D2=00000006 D3=00000012 D4=0000FFFF D5=000000FF D6=00000004 D7=000A0000 xNzvC
00:6B80  3D 40  MOVE.W  D0,$FFFE(A6)             A0=00006B1C A1=00C00000 A2=00007307 A3=00FF2CFE A4=00000100 A5=FFFF80C8 A6=00FF0BF0 A7=00FF0BD6 D0=40800018 D1=00000080 D2=00000006 D3=00000012 D4=0000FFFF D5=000000FF D6=00000004 D7=000A0000 xNzvC
00:6B84  4E 75  RTS                              A0=00006B1C A1=00C00000 A2=00007307 A3=00FF2CFE A4=00000100 A5=FFFF80C8 A6=00FF0BF0 A7=00FF0BD6 D0=40800018 D1=00000080 D2=00000006 D3=00000012 D4=0000FFFF D5=000000FF D6=00000004 D7=000A0000 xnzvc
00:6B28  53 43  SUBQ.W  #1,D3                    A0=00006B1C A1=00C00000 A2=00007307 A3=00FF2CFE A4=00000100 A5=FFFF80C8 A6=00FF0BF0 A7=00FF0BDA D0=40800018 D1=00000080 D2=00000006 D3=00000012 D4=0000FFFF D5=000000FF D6=00000004 D7=000A0000 xnzvc
00:6B2A  6A F8  BPL     #$F8 [00:6B24]           A0=00006B1C A1=00C00000 A2=00007307 A3=00FF2CFE A4=00000100 A5=FFFF80C8 A6=00FF0BF0 A7=00FF0BDA D0=40800018 D1=00000080 D2=00000006 D3=00000011 D4=0000FFFF D5=000000FF D6=00000004 D7=000A0000 xnzvc
00:6B24  61 00  BSR     #$003E [00:6B64]         A0=00006B1C A1=00C00000 A2=00007307 A3=00FF2CFE A4=00000100 A5=FFFF80C8 A6=00FF0BF0 A7=00FF0BDA D0=40800018 D1=00000080 D2=00000006 D3=00000011 D4=0000FFFF D5=000000FF D6=00000004 D7=000A0000 xnzvc
00:6B64  32 87  MOVE.W  D7,(A1)                  A0=00006B1C A1=00C00000 A2=00007307 A3=00FF2CFE A4=00000100 A5=FFFF80C8 A6=00FF0BF0 A7=00FF0BD6 D0=40800018 D1=00000080 D2=00000006 D3=00000011 D4=0000FFFF D5=000000FF D6=00000004 D7=000A0000 xnzvc
00:6B66  53 2E  SUBQ.B  #1,$FFF4(A6)             A0=00006B1C A1=00C00000 A2=00007307 A3=00FF2CFE A4=00000100 A5=FFFF80C8 A6=00FF0BF0 A7=00FF0BD6 D0=40800018 D1=00000080 D2=00000006 D3=00000011 D4=0000FFFF D5=000000FF D6=00000004 D7=000A0000 xnZvc
00:6B6A  6A 08  BPL     #$08 [00:6B74]           A0=00006B1C A1=00C00000 A2=00007307 A3=00FF2CFE A4=00000100 A5=FFFF80C8 A6=00FF0BF0 A7=00FF0BD6 D0=40800018 D1=00000080 D2=00000006 D3=00000011 D4=0000FFFF D5=000000FF D6=00000004 D7=000A0000 xnzvc
00:6B74  30 2E  MOVE.W  $FFFE(A6),D0             A0=00006B1C A1=00C00000 A2=00007307 A3=00FF2CFE A4=00000100 A5=FFFF80C8 A6=00FF0BF0 A7=00FF0BD6 D0=40800018 D1=00000080 D2=00000006 D3=00000011 D4=0000FFFF D5=000000FF D6=00000004 D7=000A0000 xnzvc
00:6B78  52 40  ADDQ.W  #1,D0                    A0=00006B1C A1=00C00000 A2=00007307 A3=00FF2CFE A4=00000100 A5=FFFF80C8 A6=00FF0BF0 A7=00FF0BD6 D0=40800018 D1=00000080 D2=00000006 D3=00000011 D4=0000FFFF D5=000000FF D6=00000004 D7=000A0000 xnzvc
00:6B7A  B0 78  CMP.W   ($8A70),D0               A0=00006B1C A1=00C00000 A2=00007307 A3=00FF2CFE A4=00000100 A5=FFFF80C8 A6=00FF0BF0 A7=00FF0BD6 D0=40800019 D1=00000080 D2=00000006 D3=00000011 D4=0000FFFF D5=000000FF D6=00000004 D7=000A0000 xnzvc
00:6B7E  64 06  BCC     #$06 [00:6B86]           A0=00006B1C A1=00C00000 A2=00007307 A3=00FF2CFE A4=00000100 A5=FFFF80C8 A6=00FF0BF0 A7=00FF0BD6 D0=40800019 D1=00000080 D2=00000006 D3=00000011 D4=0000FFFF D5=000000FF D6=00000004 D7=000A0000 xNzvC
00:6B80  3D 40  MOVE.W  D0,$FFFE(A6)             A0=00006B1C A1=00C00000 A2=00007307 A3=00FF2CFE A4=00000100 A5=FFFF80C8 A6=00FF0BF0 A7=00FF0BD6 D0=40800019 D1=00000080 D2=00000006 D3=00000011 D4=0000FFFF D5=000000FF D6=00000004 D7=000A0000 xNzvC
00:6B84  4E 75  RTS                              A0=00006B1C A1=00C00000 A2=00007307 A3=00FF2CFE A4=00000100 A5=FFFF80C8 A6=00FF0BF0 A7=00FF0BD6 D0=40800019 D1=00000080 D2=00000006 D3=00000011 D4=0000FFFF D5=000000FF D6=00000004 D7=000A0000 xnzvc
00:6B28  53 43  SUBQ.W  #1,D3                    A0=00006B1C A1=00C00000 A2=00007307 A3=00FF2CFE A4=00000100 A5=FFFF80C8 A6=00FF0BF0 A7=00FF0BDA D0=40800019 D1=00000080 D2=00000006 D3=00000011 D4=0000FFFF D5=000000FF D6=00000004 D7=000A0000 xnzvc
00:6B2A  6A F8  BPL     #$F8 [00:6B24]           A0=00006B1C A1=00C00000 A2=00007307 A3=00FF2CFE A4=00000100 A5=FFFF80C8 A6=00FF0BF0 A7=00FF0BDA D0=40800019 D1=00000080 D2=00000006 D3=00000010 D4=0000FFFF D5=000000FF D6=00000004 D7=000A0000 xnzvc
00:6B24  61 00  BSR     #$003E [00:6B64]         A0=00006B1C A1=00C00000 A2=00007307 A3=00FF2CFE A4=00000100 A5=FFFF80C8 A6=00FF0BF0 A7=00FF0BDA D0=40800019 D1=00000080 D2=00000006 D3=00000010 D4=0000FFFF D5=000000FF D6=00000004 D7=000A0000 xnzvc
00:6B64  32 87  MOVE.W  D7,(A1)                  A0=00006B1C A1=00C00000 A2=00007307 A3=00FF2CFE A4=00000100 A5=FFFF80C8 A6=00FF0BF0 A7=00FF0BD6 D0=40800019 D1=00000080 D2=00000006 D3=00000010 D4=0000FFFF D5=000000FF D6=00000004 D7=000A0000 xnzvc
00:6B66  53 2E  SUBQ.B  #1,$FFF4(A6)             A0=00006B1C A1=00C00000 A2=00007307 A3=00FF2CFE A4=00000100 A5=FFFF80C8 A6=00FF0BF0 A7=00FF0BD6 D0=40800019 D1=00000080 D2=00000006 D3=00000010 D4=0000FFFF D5=000000FF D6=00000004 D7=000A0000 xnZvc
00:6B6A  6A 08  BPL     #$08 [00:6B74]           A0=00006B1C A1=00C00000 A2=00007307 A3=00FF2CFE A4=00000100 A5=FFFF80C8 A6=00FF0BF0 A7=00FF0BD6 D0=40800019 D1=00000080 D2=00000006 D3=00000010 D4=0000FFFF D5=000000FF D6=00000004 D7=000A0000 xnzvc
00:6B74  30 2E  MOVE.W  $FFFE(A6),D0             A0=00006B1C A1=00C00000 A2=00007307 A3=00FF2CFE A4=00000100 A5=FFFF80C8 A6=00FF0BF0 A7=00FF0BD6 D0=40800019 D1=00000080 D2=00000006 D3=00000010 D4=0000FFFF D5=000000FF D6=00000004 D7=000A0000 xnzvc
00:6B78  52 40  ADDQ.W  #1,D0                    A0=00006B1C A1=00C00000 A2=00007307 A3=00FF2CFE A4=00000100 A5=FFFF80C8 A6=00FF0BF0 A7=00FF0BD6 D0=40800019 D1=00000080 D2=00000006 D3=00000010 D4=0000FFFF D5=000000FF D6=00000004 D7=000A0000 xnzvc
00:6B7A  B0 78  CMP.W   ($8A70),D0               A0=00006B1C A1=00C00000 A2=00007307 A3=00FF2CFE A4=00000100 A5=FFFF80C8 A6=00FF0BF0 A7=00FF0BD6 D0=4080001A D1=00000080 D2=00000006 D3=00000010 D4=0000FFFF D5=000000FF D6=00000004 D7=000A0000 xnzvc
00:6B7E  64 06  BCC     #$06 [00:6B86]           A0=00006B1C A1=00C00000 A2=00007307 A3=00FF2CFE A4=00000100 A5=FFFF80C8 A6=00FF0BF0 A7=00FF0BD6 D0=4080001A D1=00000080 D2=00000006 D3=00000010 D4=0000FFFF D5=000000FF D6=00000004 D7=000A0000 xNzvC
00:6B80  3D 40  MOVE.W  D0,$FFFE(A6)             A0=00006B1C A1=00C00000 A2=00007307 A3=00FF2CFE A4=00000100 A5=FFFF80C8 A6=00FF0BF0 A7=00FF0BD6 D0=4080001A D1=00000080 D2=00000006 D3=00000010 D4=0000FFFF D5=000000FF D6=00000004 D7=000A0000 xNzvC
00:6B84  4E 75  RTS                              A0=00006B1C A1=00C00000 A2=00007307 A3=00FF2CFE A4=00000100 A5=FFFF80C8 A6=00FF0BF0 A7=00FF0BD6 D0=4080001A D1=00000080 D2=00000006 D3=00000010 D4=0000FFFF D5=000000FF D6=00000004 D7=000A0000 xnzvc
00:6B28  53 43  SUBQ.W  #1,D3                    A0=00006B1C A1=00C00000 A2=00007307 A3=00FF2CFE A4=00000100 A5=FFFF80C8 A6=00FF0BF0 A7=00FF0BDA D0=4080001A D1=00000080 D2=00000006 D3=00000010 D4=0000FFFF D5=000000FF D6=00000004 D7=000A0000 xnzvc
00:6B2A  6A F8  BPL     #$F8 [00:6B24]           A0=00006B1C A1=00C00000 A2=00007307 A3=00FF2CFE A4=00000100 A5=FFFF80C8 A6=00FF0BF0 A7=00FF0BDA D0=4080001A D1=00000080 D2=00000006 D3=0000000F D4=0000FFFF D5=000000FF D6=00000004 D7=000A0000 xnzvc
00:6B24  61 00  BSR     #$003E [00:6B64]         A0=00006B1C A1=00C00000 A2=00007307 A3=00FF2CFE A4=00000100 A5=FFFF80C8 A6=00FF0BF0 A7=00FF0BDA D0=4080001A D1=00000080 D2=00000006 D3=0000000F D4=0000FFFF D5=000000FF D6=00000004 D7=000A0000 xnzvc
00:6B64  32 87  MOVE.W  D7,(A1)                  A0=00006B1C A1=00C00000 A2=00007307 A3=00FF2CFE A4=00000100 A5=FFFF80C8 A6=00FF0BF0 A7=00FF0BD6 D0=4080001A D1=00000080 D2=00000006 D3=0000000F D4=0000FFFF D5=000000FF D6=00000004 D7=000A0000 xnzvc
00:6B66  53 2E  SUBQ.B  #1,$FFF4(A6)             A0=00006B1C A1=00C00000 A2=00007307 A3=00FF2CFE A4=00000100 A5=FFFF80C8 A6=00FF0BF0 A7=00FF0BD6 D0=4080001A D1=00000080 D2=00000006 D3=0000000F D4=0000FFFF D5=000000FF D6=00000004 D7=000A0000 xnZvc
00:6B6A  6A 08  BPL     #$08 [00:6B74]           A0=00006B1C A1=00C00000 A2=00007307 A3=00FF2CFE A4=00000100 A5=FFFF80C8 A6=00FF0BF0 A7=00FF0BD6 D0=4080001A D1=00000080 D2=00000006 D3=0000000F D4=0000FFFF D5=000000FF D6=00000004 D7=000A0000 xnzvc
00:6B74  30 2E  MOVE.W  $FFFE(A6),D0             A0=00006B1C A1=00C00000 A2=00007307 A3=00FF2CFE A4=00000100 A5=FFFF80C8 A6=00FF0BF0 A7=00FF0BD6 D0=4080001A D1=00000080 D2=00000006 D3=0000000F D4=0000FFFF D5=000000FF D6=00000004 D7=000A0000 xnzvc
00:6B78  52 40  ADDQ.W  #1,D0                    A0=00006B1C A1=00C00000 A2=00007307 A3=00FF2CFE A4=00000100 A5=FFFF80C8 A6=00FF0BF0 A7=00FF0BD6 D0=4080001A D1=00000080 D2=00000006 D3=0000000F D4=0000FFFF D5=000000FF D6=00000004 D7=000A0000 xnzvc
00:6B7A  B0 78  CMP.W   ($8A70),D0               A0=00006B1C A1=00C00000 A2=00007307 A3=00FF2CFE A4=00000100 A5=FFFF80C8 A6=00FF0BF0 A7=00FF0BD6 D0=4080001B D1=00000080 D2=00000006 D3=0000000F D4=0000FFFF D5=000000FF D6=00000004 D7=000A0000 xnzvc
00:6B7E  64 06  BCC     #$06 [00:6B86]           A0=00006B1C A1=00C00000 A2=00007307 A3=00FF2CFE A4=00000100 A5=FFFF80C8 A6=00FF0BF0 A7=00FF0BD6 D0=4080001B D1=00000080 D2=00000006 D3=0000000F D4=0000FFFF D5=000000FF D6=00000004 D7=000A0000 xNzvC
00:6B80  3D 40  MOVE.W  D0,$FFFE(A6)             A0=00006B1C A1=00C00000 A2=00007307 A3=00FF2CFE A4=00000100 A5=FFFF80C8 A6=00FF0BF0 A7=00FF0BD6 D0=4080001B D1=00000080 D2=00000006 D3=0000000F D4=0000FFFF D5=000000FF D6=00000004 D7=000A0000 xNzvC
00:6B84  4E 75  RTS                              A0=00006B1C A1=00C00000 A2=00007307 A3=00FF2CFE A4=00000100 A5=FFFF80C8 A6=00FF0BF0 A7=00FF0BD6 D0=4080001B D1=00000080 D2=00000006 D3=0000000F D4=0000FFFF D5=000000FF D6=00000004 D7=000A0000 xnzvc
00:6B28  53 43  SUBQ.W  #1,D3                    A0=00006B1C A1=00C00000 A2=00007307 A3=00FF2CFE A4=00000100 A5=FFFF80C8 A6=00FF0BF0 A7=00FF0BDA D0=4080001B D1=00000080 D2=00000006 D3=0000000F D4=0000FFFF D5=000000FF D6=00000004 D7=000A0000 xnzvc
00:6B2A  6A F8  BPL     #$F8 [00:6B24]           A0=00006B1C A1=00C00000 A2=00007307 A3=00FF2CFE A4=00000100 A5=FFFF80C8 A6=00FF0BF0 A7=00FF0BDA D0=4080001B D1=00000080 D2=00000006 D3=0000000E D4=0000FFFF D5=000000FF D6=00000004 D7=000A0000 xnzvc
00:6B24  61 00  BSR     #$003E [00:6B64]         A0=00006B1C A1=00C00000 A2=00007307 A3=00FF2CFE A4=00000100 A5=FFFF80C8 A6=00FF0BF0 A7=00FF0BDA D0=4080001B D1=00000080 D2=00000006 D3=0000000E D4=0000FFFF D5=000000FF D6=00000004 D7=000A0000 xnzvc
00:6B64  32 87  MOVE.W  D7,(A1)                  A0=00006B1C A1=00C00000 A2=00007307 A3=00FF2CFE A4=00000100 A5=FFFF80C8 A6=00FF0BF0 A7=00FF0BD6 D0=4080001B D1=00000080 D2=00000006 D3=0000000E D4=0000FFFF D5=000000FF D6=00000004 D7=000A0000 xnzvc
00:6B66  53 2E  SUBQ.B  #1,$FFF4(A6)             A0=00006B1C A1=00C00000 A2=00007307 A3=00FF2CFE A4=00000100 A5=FFFF80C8 A6=00FF0BF0 A7=00FF0BD6 D0=4080001B D1=00000080 D2=00000006 D3=0000000E D4=0000FFFF D5=000000FF D6=00000004 D7=000A0000 xnZvc
00:6B6A  6A 08  BPL     #$08 [00:6B74]           A0=00006B1C A1=00C00000 A2=00007307 A3=00FF2CFE A4=00000100 A5=FFFF80C8 A6=00FF0BF0 A7=00FF0BD6 D0=4080001B D1=00000080 D2=00000006 D3=0000000E D4=0000FFFF D5=000000FF D6=00000004 D7=000A0000 xnzvc
00:6B74  30 2E  MOVE.W  $FFFE(A6),D0             A0=00006B1C A1=00C00000 A2=00007307 A3=00FF2CFE A4=00000100 A5=FFFF80C8 A6=00FF0BF0 A7=00FF0BD6 D0=4080001B D1=00000080 D2=00000006 D3=0000000E D4=0000FFFF D5=000000FF D6=00000004 D7=000A0000 xnzvc
00:6B78  52 40  ADDQ.W  #1,D0                    A0=00006B1C A1=00C00000 A2=00007307 A3=00FF2CFE A4=00000100 A5=FFFF80C8 A6=00FF0BF0 A7=00FF0BD6 D0=4080001B D1=00000080 D2=00000006 D3=0000000E D4=0000FFFF D5=000000FF D6=00000004 D7=000A0000 xnzvc
00:6B7A  B0 78  CMP.W   ($8A70),D0               A0=00006B1C A1=00C00000 A2=00007307 A3=00FF2CFE A4=00000100 A5=FFFF80C8 A6=00FF0BF0 A7=00FF0BD6 D0=4080001C D1=00000080 D2=00000006 D3=0000000E D4=0000FFFF D5=000000FF D6=00000004 D7=000A0000 xnzvc
00:6B7E  64 06  BCC     #$06 [00:6B86]           A0=00006B1C A1=00C00000 A2=00007307 A3=00FF2CFE A4=00000100 A5=FFFF80C8 A6=00FF0BF0 A7=00FF0BD6 D0=4080001C D1=00000080 D2=00000006 D3=0000000E D4=0000FFFF D5=000000FF D6=00000004 D7=000A0000 xNzvC
00:6B80  3D 40  MOVE.W  D0,$FFFE(A6)             A0=00006B1C A1=00C00000 A2=00007307 A3=00FF2CFE A4=00000100 A5=FFFF80C8 A6=00FF0BF0 A7=00FF0BD6 D0=4080001C D1=00000080 D2=00000006 D3=0000000E D4=0000FFFF D5=000000FF D6=00000004 D7=000A0000 xNzvC
00:6B84  4E 75  RTS                              A0=00006B1C A1=00C00000 A2=00007307 A3=00FF2CFE A4=00000100 A5=FFFF80C8 A6=00FF0BF0 A7=00FF0BD6 D0=4080001C D1=00000080 D2=00000006 D3=0000000E D4=0000FFFF D5=000000FF D6=00000004 D7=000A0000 xnzvc
00:6B28  53 43  SUBQ.W  #1,D3                    A0=00006B1C A1=00C00000 A2=00007307 A3=00FF2CFE A4=00000100 A5=FFFF80C8 A6=00FF0BF0 A7=00FF0BDA D0=4080001C D1=00000080 D2=00000006 D3=0000000E D4=0000FFFF D5=000000FF D6=00000004 D7=000A0000 xnzvc
00:6B2A  6A F8  BPL     #$F8 [00:6B24]           A0=00006B1C A1=00C00000 A2=00007307 A3=00FF2CFE A4=00000100 A5=FFFF80C8 A6=00FF0BF0 A7=00FF0BDA D0=4080001C D1=00000080 D2=00000006 D3=0000000D D4=0000FFFF D5=000000FF D6=00000004 D7=000A0000 xnzvc
00:6B24  61 00  BSR     #$003E [00:6B64]         A0=00006B1C A1=00C00000 A2=00007307 A3=00FF2CFE A4=00000100 A5=FFFF80C8 A6=00FF0BF0 A7=00FF0BDA D0=4080001C D1=00000080 D2=00000006 D3=0000000D D4=0000FFFF D5=000000FF D6=00000004 D7=000A0000 xnzvc
00:6B64  32 87  MOVE.W  D7,(A1)                  A0=00006B1C A1=00C00000 A2=00007307 A3=00FF2CFE A4=00000100 A5=FFFF80C8 A6=00FF0BF0 A7=00FF0BD6 D0=4080001C D1=00000080 D2=00000006 D3=0000000D D4=0000FFFF D5=000000FF D6=00000004 D7=000A0000 xnzvc
00:6B66  53 2E  SUBQ.B  #1,$FFF4(A6)             A0=00006B1C A1=00C00000 A2=00007307 A3=00FF2CFE A4=00000100 A5=FFFF80C8 A6=00FF0BF0 A7=00FF0BD6 D0=4080001C D1=00000080 D2=00000006 D3=0000000D D4=0000FFFF D5=000000FF D6=00000004 D7=000A0000 xnZvc
00:6B6A  6A 08  BPL     #$08 [00:6B74]           A0=00006B1C A1=00C00000 A2=00007307 A3=00FF2CFE A4=00000100 A5=FFFF80C8 A6=00FF0BF0 A7=00FF0BD6 D0=4080001C D1=00000080 D2=00000006 D3=0000000D D4=0000FFFF D5=000000FF D6=00000004 D7=000A0000 xnzvc
00:6B74  30 2E  MOVE.W  $FFFE(A6),D0             A0=00006B1C A1=00C00000 A2=00007307 A3=00FF2CFE A4=00000100 A5=FFFF80C8 A6=00FF0BF0 A7=00FF0BD6 D0=4080001C D1=00000080 D2=00000006 D3=0000000D D4=0000FFFF D5=000000FF D6=00000004 D7=000A0000 xnzvc
00:6B78  52 40  ADDQ.W  #1,D0                    A0=00006B1C A1=00C00000 A2=00007307 A3=00FF2CFE A4=00000100 A5=FFFF80C8 A6=00FF0BF0 A7=00FF0BD6 D0=4080001C D1=00000080 D2=00000006 D3=0000000D D4=0000FFFF D5=000000FF D6=00000004 D7=000A0000 xnzvc
00:6B7A  B0 78  CMP.W   ($8A70),D0               A0=00006B1C A1=00C00000 A2=00007307 A3=00FF2CFE A4=00000100 A5=FFFF80C8 A6=00FF0BF0 A7=00FF0BD6 D0=4080001D D1=00000080 D2=00000006 D3=0000000D D4=0000FFFF D5=000000FF D6=00000004 D7=000A0000 xnzvc
00:6B7E  64 06  BCC     #$06 [00:6B86]           A0=00006B1C A1=00C00000 A2=00007307 A3=00FF2CFE A4=00000100 A5=FFFF80C8 A6=00FF0BF0 A7=00FF0BD6 D0=4080001D D1=00000080 D2=00000006 D3=0000000D D4=0000FFFF D5=000000FF D6=00000004 D7=000A0000 xNzvC
00:6B80  3D 40  MOVE.W  D0,$FFFE(A6)             A0=00006B1C A1=00C00000 A2=00007307 A3=00FF2CFE A4=00000100 A5=FFFF80C8 A6=00FF0BF0 A7=00FF0BD6 D0=4080001D D1=00000080 D2=00000006 D3=0000000D D4=0000FFFF D5=000000FF D6=00000004 D7=000A0000 xNzvC
00:6B84  4E 75  RTS                              A0=00006B1C A1=00C00000 A2=00007307 A3=00FF2CFE A4=00000100 A5=FFFF80C8 A6=00FF0BF0 A7=00FF0BD6 D0=4080001D D1=00000080 D2=00000006 D3=0000000D D4=0000FFFF D5=000000FF D6=00000004 D7=000A0000 xnzvc
00:6B28  53 43  SUBQ.W  #1,D3                    A0=00006B1C A1=00C00000 A2=00007307 A3=00FF2CFE A4=00000100 A5=FFFF80C8 A6=00FF0BF0 A7=00FF0BDA D0=4080001D D1=00000080 D2=00000006 D3=0000000D D4=0000FFFF D5=000000FF D6=00000004 D7=000A0000 xnzvc
00:6B2A  6A F8  BPL     #$F8 [00:6B24]           A0=00006B1C A1=00C00000 A2=00007307 A3=00FF2CFE A4=00000100 A5=FFFF80C8 A6=00FF0BF0 A7=00FF0BDA D0=4080001D D1=00000080 D2=00000006 D3=0000000C D4=0000FFFF D5=000000FF D6=00000004 D7=000A0000 xnzvc
00:6B24  61 00  BSR     #$003E [00:6B64]         A0=00006B1C A1=00C00000 A2=00007307 A3=00FF2CFE A4=00000100 A5=FFFF80C8 A6=00FF0BF0 A7=00FF0BDA D0=4080001D D1=00000080 D2=00000006 D3=0000000C D4=0000FFFF D5=000000FF D6=00000004 D7=000A0000 xnzvc
00:6B64  32 87  MOVE.W  D7,(A1)                  A0=00006B1C A1=00C00000 A2=00007307 A3=00FF2CFE A4=00000100 A5=FFFF80C8 A6=00FF0BF0 A7=00FF0BD6 D0=4080001D D1=00000080 D2=00000006 D3=0000000C D4=0000FFFF D5=000000FF D6=00000004 D7=000A0000 xnzvc
00:6B66  53 2E  SUBQ.B  #1,$FFF4(A6)             A0=00006B1C A1=00C00000 A2=00007307 A3=00FF2CFE A4=00000100 A5=FFFF80C8 A6=00FF0BF0 A7=00FF0BD6 D0=4080001D D1=00000080 D2=00000006 D3=0000000C D4=0000FFFF D5=000000FF D6=00000004 D7=000A0000 xnZvc
00:6B6A  6A 08  BPL     #$08 [00:6B74]           A0=00006B1C A1=00C00000 A2=00007307 A3=00FF2CFE A4=00000100 A5=FFFF80C8 A6=00FF0BF0 A7=00FF0BD6 D0=4080001D D1=00000080 D2=00000006 D3=0000000C D4=0000FFFF D5=000000FF D6=00000004 D7=000A0000 xnzvc
00:6B74  30 2E  MOVE.W  $FFFE(A6),D0             A0=00006B1C A1=00C00000 A2=00007307 A3=00FF2CFE A4=00000100 A5=FFFF80C8 A6=00FF0BF0 A7=00FF0BD6 D0=4080001D D1=00000080 D2=00000006 D3=0000000C D4=0000FFFF D5=000000FF D6=00000004 D7=000A0000 xnzvc
00:6B78  52 40  ADDQ.W  #1,D0                    A0=00006B1C A1=00C00000 A2=00007307 A3=00FF2CFE A4=00000100 A5=FFFF80C8 A6=00FF0BF0 A7=00FF0BD6 D0=4080001D D1=00000080 D2=00000006 D3=0000000C D4=0000FFFF D5=000000FF D6=00000004 D7=000A0000 xnzvc
00:6B7A  B0 78  CMP.W   ($8A70),D0               A0=00006B1C A1=00C00000 A2=00007307 A3=00FF2CFE A4=00000100 A5=FFFF80C8 A6=00FF0BF0 A7=00FF0BD6 D0=4080001E D1=00000080 D2=00000006 D3=0000000C D4=0000FFFF D5=000000FF D6=00000004 D7=000A0000 xnzvc
00:6B7E  64 06  BCC     #$06 [00:6B86]           A0=00006B1C A1=00C00000 A2=00007307 A3=00FF2CFE A4=00000100 A5=FFFF80C8 A6=00FF0BF0 A7=00FF0BD6 D0=4080001E D1=00000080 D2=00000006 D3=0000000C D4=0000FFFF D5=000000FF D6=00000004 D7=000A0000 xNzvC
00:6B80  3D 40  MOVE.W  D0,$FFFE(A6)             A0=00006B1C A1=00C00000 A2=00007307 A3=00FF2CFE A4=00000100 A5=FFFF80C8 A6=00FF0BF0 A7=00FF0BD6 D0=4080001E D1=00000080 D2=00000006 D3=0000000C D4=0000FFFF D5=000000FF D6=00000004 D7=000A0000 xNzvC
00:6B84  4E 75  RTS                              A0=00006B1C A1=00C00000 A2=00007307 A3=00FF2CFE A4=00000100 A5=FFFF80C8 A6=00FF0BF0 A7=00FF0BD6 D0=4080001E D1=00000080 D2=00000006 D3=0000000C D4=0000FFFF D5=000000FF D6=00000004 D7=000A0000 xnzvc
00:6B28  53 43  SUBQ.W  #1,D3                    A0=00006B1C A1=00C00000 A2=00007307 A3=00FF2CFE A4=00000100 A5=FFFF80C8 A6=00FF0BF0 A7=00FF0BDA D0=4080001E D1=00000080 D2=00000006 D3=0000000C D4=0000FFFF D5=000000FF D6=00000004 D7=000A0000 xnzvc
00:6B2A  6A F8  BPL     #$F8 [00:6B24]           A0=00006B1C A1=00C00000 A2=00007307 A3=00FF2CFE A4=00000100 A5=FFFF80C8 A6=00FF0BF0 A7=00FF0BDA D0=4080001E D1=00000080 D2=00000006 D3=0000000B D4=0000FFFF D5=000000FF D6=00000004 D7=000A0000 xnzvc
00:6B24  61 00  BSR     #$003E [00:6B64]         A0=00006B1C A1=00C00000 A2=00007307 A3=00FF2CFE A4=00000100 A5=FFFF80C8 A6=00FF0BF0 A7=00FF0BDA D0=4080001E D1=00000080 D2=00000006 D3=0000000B D4=0000FFFF D5=000000FF D6=00000004 D7=000A0000 xnzvc
00:6B64  32 87  MOVE.W  D7,(A1)                  A0=00006B1C A1=00C00000 A2=00007307 A3=00FF2CFE A4=00000100 A5=FFFF80C8 A6=00FF0BF0 A7=00FF0BD6 D0=4080001E D1=00000080 D2=00000006 D3=0000000B D4=0000FFFF D5=000000FF D6=00000004 D7=000A0000 xnzvc
00:6B66  53 2E  SUBQ.B  #1,$FFF4(A6)             A0=00006B1C A1=00C00000 A2=00007307 A3=00FF2CFE A4=00000100 A5=FFFF80C8 A6=00FF0BF0 A7=00FF0BD6 D0=4080001E D1=00000080 D2=00000006 D3=0000000B D4=0000FFFF D5=000000FF D6=00000004 D7=000A0000 xnZvc
00:6B6A  6A 08  BPL     #$08 [00:6B74]           A0=00006B1C A1=00C00000 A2=00007307 A3=00FF2CFE A4=00000100 A5=FFFF80C8 A6=00FF0BF0 A7=00FF0BD6 D0=4080001E D1=00000080 D2=00000006 D3=0000000B D4=0000FFFF D5=000000FF D6=00000004 D7=000A0000 xnZvc
00:6B74  30 2E  MOVE.W  $FFFE(A6),D0             A0=00006B1C A1=00C00000 A2=00007307 A3=00FF2CFE A4=00000100 A5=FFFF80C8 A6=00FF0BF0 A7=00FF0BD6 D0=4080001E D1=00000080 D2=00000006 D3=0000000B D4=0000FFFF D5=000000FF D6=00000004 D7=000A0000 xnZvc
00:6B78  52 40  ADDQ.W  #1,D0                    A0=00006B1C A1=00C00000 A2=00007307 A3=00FF2CFE A4=00000100 A5=FFFF80C8 A6=00FF0BF0 A7=00FF0BD6 D0=4080001E D1=00000080 D2=00000006 D3=0000000B D4=0000FFFF D5=000000FF D6=00000004 D7=000A0000 xnzvc
00:6B7A  B0 78  CMP.W   ($8A70),D0               A0=00006B1C A1=00C00000 A2=00007307 A3=00FF2CFE A4=00000100 A5=FFFF80C8 A6=00FF0BF0 A7=00FF0BD6 D0=4080001F D1=00000080 D2=00000006 D3=0000000B D4=0000FFFF D5=000000FF D6=00000004 D7=000A0000 xnzvc
00:6B7E  64 06  BCC     #$06 [00:6B86]           A0=00006B1C A1=00C00000 A2=00007307 A3=00FF2CFE A4=00000100 A5=FFFF80C8 A6=00FF0BF0 A7=00FF0BD6 D0=4080001F D1=00000080 D2=00000006 D3=0000000B D4=0000FFFF D5=000000FF D6=00000004 D7=000A0000 xNzvC
00:6B80  3D 40  MOVE.W  D0,$FFFE(A6)             A0=00006B1C A1=00C00000 A2=00007307 A3=00FF2CFE A4=00000100 A5=FFFF80C8 A6=00FF0BF0 A7=00FF0BD6 D0=4080001F D1=00000080 D2=00000006 D3=0000000B D4=0000FFFF D5=000000FF D6=00000004 D7=000A0000 xNzvC
00:6B84  4E 75  RTS                              A0=00006B1C A1=00C00000 A2=00007307 A3=00FF2CFE A4=00000100 A5=FFFF80C8 A6=00FF0BF0 A7=00FF0BD6 D0=4080001F D1=00000080 D2=00000006 D3=0000000B D4=0000FFFF D5=000000FF D6=00000004 D7=000A0000 xnzvc
00:6B28  53 43  SUBQ.W  #1,D3                    A0=00006B1C A1=00C00000 A2=00007307 A3=00FF2CFE A4=00000100 A5=FFFF80C8 A6=00FF0BF0 A7=00FF0BDA D0=4080001F D1=00000080 D2=00000006 D3=0000000B D4=0000FFFF D5=000000FF D6=00000004 D7=000A0000 xnzvc
00:6B2A  6A F8  BPL     #$F8 [00:6B24]           A0=00006B1C A1=00C00000 A2=00007307 A3=00FF2CFE A4=00000100 A5=FFFF80C8 A6=00FF0BF0 A7=00FF0BDA D0=4080001F D1=00000080 D2=00000006 D3=0000000A D4=0000FFFF D5=000000FF D6=00000004 D7=000A0000 xnzvc
00:6B24  61 00  BSR     #$003E [00:6B64]         A0=00006B1C A1=00C00000 A2=00007307 A3=00FF2CFE A4=00000100 A5=FFFF80C8 A6=00FF0BF0 A7=00FF0BDA D0=4080001F D1=00000080 D2=00000006 D3=0000000A D4=0000FFFF D5=000000FF D6=00000004 D7=000A0000 xnzvc
00:6B64  32 87  MOVE.W  D7,(A1)                  A0=00006B1C A1=00C00000 A2=00007307 A3=00FF2CFE A4=00000100 A5=FFFF80C8 A6=00FF0BF0 A7=00FF0BD6 D0=4080001F D1=00000080 D2=00000006 D3=0000000A D4=0000FFFF D5=000000FF D6=00000004 D7=000A0000 xnzvc
00:6B66  53 2E  SUBQ.B  #1,$FFF4(A6)             A0=00006B1C A1=00C00000 A2=00007307 A3=00FF2CFE A4=00000100 A5=FFFF80C8 A6=00FF0BF0 A7=00FF0BD6 D0=4080001F D1=00000080 D2=00000006 D3=0000000A D4=0000FFFF D5=000000FF D6=00000004 D7=000A0000 xnZvc
00:6B6A  6A 08  BPL     #$08 [00:6B74]           A0=00006B1C A1=00C00000 A2=00007307 A3=00FF2CFE A4=00000100 A5=FFFF80C8 A6=00FF0BF0 A7=00FF0BD6 D0=4080001F D1=00000080 D2=00000006 D3=0000000A D4=0000FFFF D5=000000FF D6=00000004 D7=000A0000 XNzvC
00:6B6C  1D 6E  MOVE.B  $FFF6(A6),$FFF4(A6)      A0=00006B1C A1=00C00000 A2=00007307 A3=00FF2CFE A4=00000100 A5=FFFF80C8 A6=00FF0BF0 A7=00FF0BD6 D0=4080001F D1=00000080 D2=00000006 D3=0000000A D4=0000FFFF D5=000000FF D6=00000004 D7=000A0000 XNzvC
00:6B72  60 C6  BRA     #$C6 [00:6B3A]           A0=00006B1C A1=00C00000 A2=00007307 A3=00FF2CFE A4=00000100 A5=FFFF80C8 A6=00FF0BF0 A7=00FF0BD6 D0=4080001F D1=00000080 D2=00000006 D3=0000000A D4=0000FFFF D5=000000FF D6=00000004 D7=000A0000 Xnzvc
00:6B3A  30 2E  MOVE.W  $FFFA(A6),D0             A0=00006B1C A1=00C00000 A2=00007307 A3=00FF2CFE A4=00000100 A5=FFFF80C8 A6=00FF0BF0 A7=00FF0BD6 D0=4080001F D1=00000080 D2=00000006 D3=0000000A D4=0000FFFF D5=000000FF D6=00000004 D7=000A0000 Xnzvc
00:6B3E  32 2E  MOVE.W  $FFFC(A6),D1             A0=00006B1C A1=00C00000 A2=00007307 A3=00FF2CFE A4=00000100 A5=FFFF80C8 A6=00FF0BF0 A7=00FF0BD6 D0=40800000 D1=00000080 D2=00000006 D3=0000000A D4=0000FFFF D5=000000FF D6=00000004 D7=000A0000 XnZvc
00:6B42  52 41  ADDQ.W  #1,D1                    A0=00006B1C A1=00C00000 A2=00007307 A3=00FF2CFE A4=00000100 A5=FFFF80C8 A6=00FF0BF0 A7=00FF0BD6 D0=40800000 D1=00000001 D2=00000006 D3=0000000A D4=0000FFFF D5=000000FF D6=00000004 D7=000A0000 Xnzvc
00:6B44  B2 78  CMP.W   ($8A72),D1               A0=00006B1C A1=00C00000 A2=00007307 A3=00FF2CFE A4=00000100 A5=FFFF80C8 A6=00FF0BF0 A7=00FF0BD6 D0=40800000 D1=00000002 D2=00000006 D3=0000000A D4=0000FFFF D5=000000FF D6=00000004 D7=000A0000 xnzvc
00:6B48  65 02  BCS     #$02 [00:6B4C]           A0=00006B1C A1=00C00000 A2=00007307 A3=00FF2CFE A4=00000100 A5=FFFF80C8 A6=00FF0BF0 A7=00FF0BD6 D0=40800000 D1=00000002 D2=00000006 D3=0000000A D4=0000FFFF D5=000000FF D6=00000004 D7=000A0000 xNzvC
00:6B4C  3D 41  MOVE.W  D1,$FFFC(A6)             A0=00006B1C A1=00C00000 A2=00007307 A3=00FF2CFE A4=00000100 A5=FFFF80C8 A6=00FF0BF0 A7=00FF0BD6 D0=40800000 D1=00000002 D2=00000006 D3=0000000A D4=0000FFFF D5=000000FF D6=00000004 D7=000A0000 xNzvC
00:6B50  3D 40  MOVE.W  D0,$FFFE(A6)             A0=00006B1C A1=00C00000 A2=00007307 A3=00FF2CFE A4=00000100 A5=FFFF80C8 A6=00FF0BF0 A7=00FF0BD6 D0=40800000 D1=00000002 D2=00000006 D3=0000000A D4=0000FFFF D5=000000FF D6=00000004 D7=000A0000 xnzvc
00:6B54  61 00  BSR     #$FF46 [00:6A9C]         A0=00006B1C A1=00C00000 A2=00007307 A3=00FF2CFE A4=00000100 A5=FFFF80C8 A6=00FF0BF0 A7=00FF0BD6 D0=40800000 D1=00000002 D2=00000006 D3=0000000A D4=0000FFFF D5=000000FF D6=00000004 D7=000A0000 xnZvc
00:6A9C  4E B8  JSR     ($05CA)                  A0=00006B1C A1=00C00000 A2=00007307 A3=00FF2CFE A4=00000100 A5=FFFF80C8 A6=00FF0BF0 A7=00FF0BD2 D0=40800000 D1=00000002 D2=00000006 D3=0000000A D4=0000FFFF D5=000000FF D6=00000004 D7=000A0000 xnZvc
00:05CA  D0 40  ADD.W   D0,D0                    A0=00006B1C A1=00C00000 A2=00007307 A3=00FF2CFE A4=00000100 A5=FFFF80C8 A6=00FF0BF0 A7=00FF0BCE D0=40800000 D1=00000002 D2=00000006 D3=0000000A D4=0000FFFF D5=000000FF D6=00000004 D7=000A0000 xnZvc
00:05CC  D2 41  ADD.W   D1,D1                    A0=00006B1C A1=00C00000 A2=00007307 A3=00FF2CFE A4=00000100 A5=FFFF80C8 A6=00FF0BF0 A7=00FF0BCE D0=40800000 D1=00000002 D2=00000006 D3=0000000A D4=0000FFFF D5=000000FF D6=00000004 D7=000A0000 xnZvc
00:05CE  14 38  MOVE.B  ($8A8A),D2               A0=00006B1C A1=00C00000 A2=00007307 A3=00FF2CFE A4=00000100 A5=FFFF80C8 A6=00FF0BF0 A7=00FF0BCE D0=40800000 D1=00000004 D2=00000006 D3=0000000A D4=0000FFFF D5=000000FF D6=00000004 D7=000A0000 xnzvc
00:05D2  E5 61  ASL.W   D2,D1                    A0=00006B1C A1=00C00000 A2=00007307 A3=00FF2CFE A4=00000100 A5=FFFF80C8 A6=00FF0BF0 A7=00FF0BCE D0=40800000 D1=00000004 D2=00000006 D3=0000000A D4=0000FFFF D5=000000FF D6=00000004 D7=000A0000 xnzvc
00:05D4  D0 41  ADD.W   D1,D0                    A0=00006B1C A1=00C00000 A2=00007307 A3=00FF2CFE A4=00000100 A5=FFFF80C8 A6=00FF0BF0 A7=00FF0BCE D0=40800000 D1=00000100 D2=00000006 D3=0000000A D4=0000FFFF D5=000000FF D6=00000004 D7=000A0000 xnzvc
00:05D6  4E 75  RTS                              A0=00006B1C A1=00C00000 A2=00007307 A3=00FF2CFE A4=00000100 A5=FFFF80C8 A6=00FF0BF0 A7=00FF0BCE D0=40800100 D1=00000100 D2=00000006 D3=0000000A D4=0000FFFF D5=000000FF D6=00000004 D7=000A0000 xnzvc
00:6AA0  D0 6E  ADD.W   $FFF2(A6),D0             A0=00006B1C A1=00C00000 A2=00007307 A3=00FF2CFE A4=00000100 A5=FFFF80C8 A6=00FF0BF0 A7=00FF0BD2 D0=40800100 D1=00000100 D2=00000006 D3=0000000A D4=0000FFFF D5=000000FF D6=00000004 D7=000A0000 xnzvc
00:6AA4  4E 75  RTS                              A0=00006B1C A1=00C00000 A2=00007307 A3=00FF2CFE A4=00000100 A5=FFFF80C8 A6=00FF0BF0 A7=00FF0BD2 D0=4080C100 D1=00000100 D2=00000006 D3=0000000A D4=0000FFFF D5=000000FF D6=00000004 D7=000A0000 xNzvc
00:6B58  4E B8  JSR     ($05A0)                  A0=00006B1C A1=00C00000 A2=00007307 A3=00FF2CFE A4=00000100 A5=FFFF80C8 A6=00FF0BF0 A7=00FF0BD6 D0=4080C100 D1=00000100 D2=00000006 D3=0000000A D4=0000FFFF D5=000000FF D6=00000004 D7=000A0000 xNzvc
00:05A0  E5 80  ASL.L   #2,D0                    A0=00006B1C A1=00C00000 A2=00007307 A3=00FF2CFE A4=00000100 A5=FFFF80C8 A6=00FF0BF0 A7=00FF0BD2 D0=4080C100 D1=00000100 D2=00000006 D3=0000000A D4=0000FFFF D5=000000FF D6=00000004 D7=000A0000 xNzvc
00:05A2  E4 48  LSR.W   #2,D0                    A0=00006B1C A1=00C00000 A2=00007307 A3=00FF2CFE A4=00000100 A5=FFFF80C8 A6=00FF0BF0 A7=00FF0BD2 D0=02030400 D1=00000100 D2=00000006 D3=0000000A D4=0000FFFF D5=000000FF D6=00000004 D7=000A0000 XnzVC
00:05A4  00 40  ORI.W   #$4000,D0                A0=00006B1C A1=00C00000 A2=00007307 A3=00FF2CFE A4=00000100 A5=FFFF80C8 A6=00FF0BF0 A7=00FF0BD2 D0=02030100 D1=00000100 D2=00000006 D3=0000000A D4=0000FFFF D5=000000FF D6=00000004 D7=000A0000 xnzvc
00:05A8  48 40  SWAP.W  D0                       A0=00006B1C A1=00C00000 A2=00007307 A3=00FF2CFE A4=00000100 A5=FFFF80C8 A6=00FF0BF0 A7=00FF0BD2 D0=02034100 D1=00000100 D2=00000006 D3=0000000A D4=0000FFFF D5=000000FF D6=00000004 D7=000A0000 xnzvc
00:05AA  02 40  ANDI.W  #$0003,D0                A0=00006B1C A1=00C00000 A2=00007307 A3=00FF2CFE A4=00000100 A5=FFFF80C8 A6=00FF0BF0 A7=00FF0BD2 D0=41000203 D1=00000100 D2=00000006 D3=0000000A D4=0000FFFF D5=000000FF D6=00000004 D7=000A0000 xnzvc
00:05AE  23 C0  MOVE.L  D0,($00C00004)           A0=00006B1C A1=00C00000 A2=00007307 A3=00FF2CFE A4=00000100 A5=FFFF80C8 A6=00FF0BF0 A7=00FF0BD2 D0=41000003 D1=00000100 D2=00000006 D3=0000000A D4=0000FFFF D5=000000FF D6=00000004 D7=000A0000 xnzvc
00:05B4  4E 75  RTS                              A0=00006B1C A1=00C00000 A2=00007307 A3=00FF2CFE A4=00000100 A5=FFFF80C8 A6=00FF0BF0 A7=00FF0BD2 D0=41000003 D1=00000100 D2=00000006 D3=0000000A D4=0000FFFF D5=000000FF D6=00000004 D7=000A0000 xnzvc
00:6B5C  43 F9  LEA     ($00C00000),A1           A0=00006B1C A1=00C00000 A2=00007307 A3=00FF2CFE A4=00000100 A5=FFFF80C8 A6=00FF0BF0 A7=00FF0BD6 D0=41000003 D1=00000100 D2=00000006 D3=0000000A D4=0000FFFF D5=000000FF D6=00000004 D7=000A0000 xnzvc
00:6B62  4E 75  RTS                              A0=00006B1C A1=00C00000 A2=00007307 A3=00FF2CFE A4=00000100 A5=FFFF80C8 A6=00FF0BF0 A7=00FF0BD6 D0=41000003 D1=00000100 D2=00000006 D3=0000000A D4=0000FFFF D5=000000FF D6=00000004 D7=000A0000 xnzvc
00:6B28  53 43  SUBQ.W  #1,D3                    A0=00006B1C A1=00C00000 A2=00007307 A3=00FF2CFE A4=00000100 A5=FFFF80C8 A6=00FF0BF0 A7=00FF0BDA D0=41000003 D1=00000100 D2=00000006 D3=0000000A D4=0000FFFF D5=000000FF D6=00000004 D7=000A0000 xnzvc
00:6B2A  6A F8  BPL     #$F8 [00:6B24]           A0=00006B1C A1=00C00000 A2=00007307 A3=00FF2CFE A4=00000100 A5=FFFF80C8 A6=00FF0BF0 A7=00FF0BDA D0=41000003 D1=00000100 D2=00000006 D3=00000009 D4=0000FFFF D5=000000FF D6=00000004 D7=000A0000 xnzvc
00:6B74  30 2E  MOVE.W  $FFFE(A6),D0             A0=00006B1C A1=00C00000 A2=00007307 A3=00FF2CFE A4=00000100 A5=FFFF80C8 A6=00FF0BF0 A7=00FF0BD6 D0=41000003 D1=00000100 D2=00000006 D3=00000009 D4=0000FFFF D5=000000FF D6=00000004 D7=000A0000 xnzvc
00:6B78  52 40  ADDQ.W  #1,D0                    A0=00006B1C A1=00C00000 A2=00007307 A3=00FF2CFE A4=00000100 A5=FFFF80C8 A6=00FF0BF0 A7=00FF0BD6 D0=41000000 D1=00000100 D2=00000006 D3=00000009 D4=0000FFFF D5=000000FF D6=00000004 D7=000A0000 xnZvc
00:6B7A  B0 78  CMP.W   ($8A70),D0               A0=00006B1C A1=00C00000 A2=00007307 A3=00FF2CFE A4=00000100 A5=FFFF80C8 A6=00FF0BF0 A7=00FF0BD6 D0=41000001 D1=00000100 D2=00000006 D3=00000009 D4=0000FFFF D5=000000FF D6=00000004 D7=000A0000 xnzvc
00:6B7E  64 06  BCC     #$06 [00:6B86]           A0=00006B1C A1=00C00000 A2=00007307 A3=00FF2CFE A4=00000100 A5=FFFF80C8 A6=00FF0BF0 A7=00FF0BD6 D0=41000001 D1=00000100 D2=00000006 D3=00000009 D4=0000FFFF D5=000000FF D6=00000004 D7=000A0000 xNzvC
00:6B80  3D 40  MOVE.W  D0,$FFFE(A6)             A0=00006B1C A1=00C00000 A2=00007307 A3=00FF2CFE A4=00000100 A5=FFFF80C8 A6=00FF0BF0 A7=00FF0BD6 D0=41000001 D1=00000100 D2=00000006 D3=00000009 D4=0000FFFF D5=000000FF D6=00000004 D7=000A0000 xNzvC
00:6B84  4E 75  RTS                              A0=00006B1C A1=00C00000 A2=00007307 A3=00FF2CFE A4=00000100 A5=FFFF80C8 A6=00FF0BF0 A7=00FF0BD6 D0=41000001 D1=00000100 D2=00000006 D3=00000009 D4=0000FFFF D5=000000FF D6=00000004 D7=000A0000 xnzvc
00:6B74  30 2E  MOVE.W  $FFFE(A6),D0             A0=00006B1C A1=00C00000 A2=00007307 A3=00FF2CFE A4=00000100 A5=FFFF80C8 A6=00FF0BF0 A7=00FF0BD6 D0=41000001 D1=00000100 D2=00000006 D3=00000008 D4=0000FFFF D5=000000FF D6=00000004 D7=000A0000 xnzvc
00:6B78  52 40  ADDQ.W  #1,D0                    A0=00006B1C A1=00C00000 A2=00007307 A3=00FF2CFE A4=00000100 A5=FFFF80C8 A6=00FF0BF0 A7=00FF0BD6 D0=41000001 D1=00000100 D2=00000006 D3=00000008 D4=0000FFFF D5=000000FF D6=00000004 D7=000A0000 xnzvc
00:6B7A  B0 78  CMP.W   ($8A70),D0               A0=00006B1C A1=00C00000 A2=00007307 A3=00FF2CFE A4=00000100 A5=FFFF80C8 A6=00FF0BF0 A7=00FF0BD6 D0=41000002 D1=00000100 D2=00000006 D3=00000008 D4=0000FFFF D5=000000FF D6=00000004 D7=000A0000 xnzvc
00:6B7E  64 06  BCC     #$06 [00:6B86]           A0=00006B1C A1=00C00000 A2=00007307 A3=00FF2CFE A4=00000100 A5=FFFF80C8 A6=00FF0BF0 A7=00FF0BD6 D0=41000002 D1=00000100 D2=00000006 D3=00000008 D4=0000FFFF D5=000000FF D6=00000004 D7=000A0000 xNzvC
00:6B80  3D 40  MOVE.W  D0,$FFFE(A6)             A0=00006B1C A1=00C00000 A2=00007307 A3=00FF2CFE A4=00000100 A5=FFFF80C8 A6=00FF0BF0 A7=00FF0BD6 D0=41000002 D1=00000100 D2=00000006 D3=00000008 D4=0000FFFF D5=000000FF D6=00000004 D7=000A0000 xNzvC
00:6B84  4E 75  RTS                              A0=00006B1C A1=00C00000 A2=00007307 A3=00FF2CFE A4=00000100 A5=FFFF80C8 A6=00FF0BF0 A7=00FF0BD6 D0=41000002 D1=00000100 D2=00000006 D3=00000008 D4=0000FFFF D5=000000FF D6=00000004 D7=000A0000 xnzvc
00:6B2C  48 47  SWAP.W  D7                       A0=00006B1C A1=00C00000 A2=00007307 A3=00FF2CFE A4=00000100 A5=FFFF80C8 A6=00FF0BF0 A7=00FF0BDA D0=4100000A D1=00000100 D2=00000006 D3=0000FFFF D4=0000FFFF D5=000000FF D6=00000004 D7=000A0000 XNzvC
00:6B2E  4E 75  RTS                              A0=00006B1C A1=00C00000 A2=00007307 A3=00FF2CFE A4=00000100 A5=FFFF80C8 A6=00FF0BF0 A7=00FF0BDA D0=4100000A D1=00000100 D2=00000006 D3=0000FFFF D4=0000FFFF D5=000000FF D6=00000004 D7=0000000A Xnzvc
00:69D6  60 E0  BRA     #$E0 [00:69B8]           A0=00006B1C A1=00C00000 A2=00007307 A3=00FF2CFE A4=00000100 A5=FFFF80C8 A6=00FF0BF0 A7=00FF0BDE D0=4100000A D1=00000100 D2=00000006 D3=0000FFFF D4=0000FFFF D5=000000FF D6=00000004 D7=0000000A Xnzvc
00:69B8  1E 1A  MOVE.B  (A2)+,D7                 A0=00006B1C A1=00C00000 A2=00007307 A3=00FF2CFE A4=00000100 A5=FFFF80C8 A6=00FF0BF0 A7=00FF0BDE D0=4100000A D1=00000100 D2=00000006 D3=0000FFFF D4=0000FFFF D5=000000FF D6=00000004 D7=0000000A Xnzvc
00:69BA  0C 07  CMPI.B  #$0C,D7                  A0=00006B1C A1=00C00000 A2=00007308 A3=00FF2CFE A4=00000100 A5=FFFF80C8 A6=00FF0BF0 A7=00FF0BDE D0=4100000A D1=00000100 D2=00000006 D3=0000FFFF D4=0000FFFF D5=000000FF D6=00000004 D7=00000002 Xnzvc
00:69BE  63 06  BLS     #$06 [00:69C6]           A0=00006B1C A1=00C00000 A2=00007308 A3=00FF2CFE A4=00000100 A5=FFFF80C8 A6=00FF0BF0 A7=00FF0BDE D0=4100000A D1=00000100 D2=00000006 D3=0000FFFF D4=0000FFFF D5=000000FF D6=00000004 D7=00000002 XNzvC
00:69C6  70 00  MOVEQ   #$00,D0                  A0=00006B1C A1=00C00000 A2=00007308 A3=00FF2CFE A4=00000100 A5=FFFF80C8 A6=00FF0BF0 A7=00FF0BDE D0=4100000A D1=00000100 D2=00000006 D3=0000FFFF D4=0000FFFF D5=000000FF D6=00000004 D7=00000002 XNzvC
00:69C8  10 07  MOVE.B  D7,D0                    A0=00006B1C A1=00C00000 A2=00007308 A3=00FF2CFE A4=00000100 A5=FFFF80C8 A6=00FF0BF0 A7=00FF0BDE D0=00000000 D1=00000100 D2=00000006 D3=0000FFFF D4=0000FFFF D5=000000FF D6=00000004 D7=00000002 XnZvc
00:69CA  D0 40  ADD.W   D0,D0                    A0=00006B1C A1=00C00000 A2=00007308 A3=00FF2CFE A4=00000100 A5=FFFF80C8 A6=00FF0BF0 A7=00FF0BDE D0=00000002 D1=00000100 D2=00000006 D3=0000FFFF D4=0000FFFF D5=000000FF D6=00000004 D7=00000002 Xnzvc
00:69CC  41 FA  LEA     $000A(PC),A0             A0=00006B1C A1=00C00000 A2=00007308 A3=00FF2CFE A4=00000100 A5=FFFF80C8 A6=00FF0BF0 A7=00FF0BDE D0=00000004 D1=00000100 D2=00000006 D3=0000FFFF D4=0000FFFF D5=000000FF D6=00000004 D7=00000002 xnzvc
00:69D0  D0 F0  ADDA.W  $00(A0,D0),A0            A0=000069D8 A1=00C00000 A2=00007308 A3=00FF2CFE A4=00000100 A5=FFFF80C8 A6=00FF0BF0 A7=00FF0BDE D0=00000004 D1=00000100 D2=00000006 D3=0000FFFF D4=0000FFFF D5=000000FF D6=00000004 D7=00000002 xnzvc
00:69D4  4E 90  JSR     (A0)                     A0=00006AA6 A1=00C00000 A2=00007308 A3=00FF2CFE A4=00000100 A5=FFFF80C8 A6=00FF0BF0 A7=00FF0BDE D0=00000004 D1=00000100 D2=00000006 D3=0000FFFF D4=0000FFFF D5=000000FF D6=00000004 D7=00000002 xnzvc
00:6AA6  1E 1A  MOVE.B  (A2)+,D7                 A0=00006AA6 A1=00C00000 A2=00007308 A3=00FF2CFE A4=00000100 A5=FFFF80C8 A6=00FF0BF0 A7=00FF0BDA D0=00000004 D1=00000100 D2=00000006 D3=0000FFFF D4=0000FFFF D5=000000FF D6=00000004 D7=00000002 xnzvc
00:6AA8  E1 47  ASL.W   #8,D7                    A0=00006AA6 A1=00C00000 A2=00007309 A3=00FF2CFE A4=00000100 A5=FFFF80C8 A6=00FF0BF0 A7=00FF0BDA D0=00000004 D1=00000100 D2=00000006 D3=0000FFFF D4=0000FFFF D5=000000FF D6=00000004 D7=00000042 xnzvc
00:6AAA  4E 75  RTS                              A0=00006AA6 A1=00C00000 A2=00007309 A3=00FF2CFE A4=00000100 A5=FFFF80C8 A6=00FF0BF0 A7=00FF0BDA D0=00000004 D1=00000100 D2=00000006 D3=0000FFFF D4=0000FFFF D5=000000FF D6=00000004 D7=00004200 xnzvc
00:69D6  60 E0  BRA     #$E0 [00:69B8]           A0=00006AA6 A1=00C00000 A2=00007309 A3=00FF2CFE A4=00000100 A5=FFFF80C8 A6=00FF0BF0 A7=00FF0BDE D0=00000004 D1=00000100 D2=00000006 D3=0000FFFF D4=0000FFFF D5=000000FF D6=00000004 D7=00004200 xnzvc
00:69B8  1E 1A  MOVE.B  (A2)+,D7                 A0=00006AA6 A1=00C00000 A2=00007309 A3=00FF2CFE A4=00000100 A5=FFFF80C8 A6=00FF0BF0 A7=00FF0BDE D0=00000004 D1=00000100 D2=00000006 D3=0000FFFF D4=0000FFFF D5=000000FF D6=00000004 D7=00004200 xnzvc
00:69BA  0C 07  CMPI.B  #$0C,D7                  A0=00006AA6 A1=00C00000 A2=0000730A A3=00FF2CFE A4=00000100 A5=FFFF80C8 A6=00FF0BF0 A7=00FF0BDE D0=00000004 D1=00000100 D2=00000006 D3=0000FFFF D4=0000FFFF D5=000000FF D6=00000004 D7=00004204 xnzvc
00:69BE  63 06  BLS     #$06 [00:69C6]           A0=00006AA6 A1=00C00000 A2=0000730A A3=00FF2CFE A4=00000100 A5=FFFF80C8 A6=00FF0BF0 A7=00FF0BDE D0=00000004 D1=00000100 D2=00000006 D3=0000FFFF D4=0000FFFF D5=000000FF D6=00000004 D7=00004204 xNzvC
00:69C6  70 00  MOVEQ   #$00,D0                  A0=00006AA6 A1=00C00000 A2=0000730A A3=00FF2CFE A4=00000100 A5=FFFF80C8 A6=00FF0BF0 A7=00FF0BDE D0=00000004 D1=00000100 D2=00000006 D3=0000FFFF D4=0000FFFF D5=000000FF D6=00000004 D7=00004204 xNzvC
00:69C8  10 07  MOVE.B  D7,D0                    A0=00006AA6 A1=00C00000 A2=0000730A A3=00FF2CFE A4=00000100 A5=FFFF80C8 A6=00FF0BF0 A7=00FF0BDE D0=00000000 D1=00000100 D2=00000006 D3=0000FFFF D4=0000FFFF D5=000000FF D6=00000004 D7=00004204 xnZvc
00:69CA  D0 40  ADD.W   D0,D0                    A0=00006AA6 A1=00C00000 A2=0000730A A3=00FF2CFE A4=00000100 A5=FFFF80C8 A6=00FF0BF0 A7=00FF0BDE D0=00000004 D1=00000100 D2=00000006 D3=0000FFFF D4=0000FFFF D5=000000FF D6=00000004 D7=00004204 xnzvc
00:69CC  41 FA  LEA     $000A(PC),A0             A0=00006AA6 A1=00C00000 A2=0000730A A3=00FF2CFE A4=00000100 A5=FFFF80C8 A6=00FF0BF0 A7=00FF0BDE D0=00000008 D1=00000100 D2=00000006 D3=0000FFFF D4=0000FFFF D5=000000FF D6=00000004 D7=00004204 xnzvc
00:69D0  D0 F0  ADDA.W  $00(A0,D0),A0            A0=000069D8 A1=00C00000 A2=0000730A A3=00FF2CFE A4=00000100 A5=FFFF80C8 A6=00FF0BF0 A7=00FF0BDE D0=00000008 D1=00000100 D2=00000006 D3=0000FFFF D4=0000FFFF D5=000000FF D6=00000004 D7=00004204 xnzvc
00:69D4  4E 90  JSR     (A0)                     A0=00006ABC A1=00C00000 A2=0000730A A3=00FF2CFE A4=00000100 A5=FFFF80C8 A6=00FF0BF0 A7=00FF0BDE D0=00000008 D1=00000100 D2=00000006 D3=0000FFFF D4=0000FFFF D5=000000FF D6=00000004 D7=00004204 xnzvc
00:6ABC  76 00  MOVEQ   #$00,D3                  A0=00006ABC A1=00C00000 A2=0000730A A3=00FF2CFE A4=00000100 A5=FFFF80C8 A6=00FF0BF0 A7=00FF0BDA D0=00000008 D1=00000100 D2=00000006 D3=0000FFFF D4=0000FFFF D5=000000FF D6=00000004 D7=00004204 xnzvc
00:6ABE  16 1A  MOVE.B  (A2)+,D3                 A0=00006ABC A1=00C00000 A2=0000730A A3=00FF2CFE A4=00000100 A5=FFFF80C8 A6=00FF0BF0 A7=00FF0BDA D0=00000008 D1=00000100 D2=00000006 D3=00000000 D4=0000FFFF D5=000000FF D6=00000004 D7=00004204 xnZvc
00:6AC0  1E 1A  MOVE.B  (A2)+,D7                 A0=00006ABC A1=00C00000 A2=0000730B A3=00FF2CFE A4=00000100 A5=FFFF80C8 A6=00FF0BF0 A7=00FF0BDA D0=00000008 D1=00000100 D2=00000006 D3=00000002 D4=0000FFFF D5=000000FF D6=00000004 D7=00004204 xnzvc
00:6AC2  61 00  BSR     #$001C [00:6AE0]         A0=00006ABC A1=00C00000 A2=0000730C A3=00FF2CFE A4=00000100 A5=FFFF80C8 A6=00FF0BF0 A7=00FF0BDA D0=00000008 D1=00000100 D2=00000006 D3=00000002 D4=0000FFFF D5=000000FF D6=00000004 D7=00004220 xnzvc
00:6AE0  61 00  BSR     #$0082 [00:6B64]         A0=00006ABC A1=00C00000 A2=0000730C A3=00FF2CFE A4=00000100 A5=FFFF80C8 A6=00FF0BF0 A7=00FF0BD6 D0=00000008 D1=00000100 D2=00000006 D3=00000002 D4=0000FFFF D5=000000FF D6=00000004 D7=00004220 xnzvc
00:6AE4  52 07  ADDQ.B  #1,D7                    A0=00006ABC A1=00C00000 A2=0000730C A3=00FF2CFE A4=00000100 A5=FFFF80C8 A6=00FF0BF0 A7=00FF0BD6 D0=0000000B D1=00000100 D2=00000006 D3=00000002 D4=0000FFFF D5=000000FF D6=00000004 D7=00004220 xnzvc
00:6AE6  53 43  SUBQ.W  #1,D3                    A0=00006ABC A1=00C00000 A2=0000730C A3=00FF2CFE A4=00000100 A5=FFFF80C8 A6=00FF0BF0 A7=00FF0BD6 D0=0000000B D1=00000100 D2=00000006 D3=00000002 D4=0000FFFF D5=000000FF D6=00000004 D7=00004221 xnzvc
00:6AE8  6A F6  BPL     #$F6 [00:6AE0]           A0=00006ABC A1=00C00000 A2=0000730C A3=00FF2CFE A4=00000100 A5=FFFF80C8 A6=00FF0BF0 A7=00FF0BD6 D0=0000000B D1=00000100 D2=00000006 D3=00000001 D4=0000FFFF D5=000000FF D6=00000004 D7=00004221 xnzvc
00:6AE0  61 00  BSR     #$0082 [00:6B64]         A0=00006ABC A1=00C00000 A2=0000730C A3=00FF2CFE A4=00000100 A5=FFFF80C8 A6=00FF0BF0 A7=00FF0BD6 D0=0000000B D1=00000100 D2=00000006 D3=00000001 D4=0000FFFF D5=000000FF D6=00000004 D7=00004221 xnzvc
00:6AE4  52 07  ADDQ.B  #1,D7                    A0=00006ABC A1=00C00000 A2=0000730C A3=00FF2CFE A4=00000100 A5=FFFF80C8 A6=00FF0BF0 A7=00FF0BD6 D0=0000000C D1=00000100 D2=00000006 D3=00000001 D4=0000FFFF D5=000000FF D6=00000004 D7=00004221 xnzvc
00:6AE6  53 43  SUBQ.W  #1,D3                    A0=00006ABC A1=00C00000 A2=0000730C A3=00FF2CFE A4=00000100 A5=FFFF80C8 A6=00FF0BF0 A7=00FF0BD6 D0=0000000C D1=00000100 D2=00000006 D3=00000001 D4=0000FFFF D5=000000FF D6=00000004 D7=00004222 xnzvc
00:6AE8  6A F6  BPL     #$F6 [00:6AE0]           A0=00006ABC A1=00C00000 A2=0000730C A3=00FF2CFE A4=00000100 A5=FFFF80C8 A6=00FF0BF0 A7=00FF0BD6 D0=0000000C D1=00000100 D2=00000006 D3=00000000 D4=0000FFFF D5=000000FF D6=00000004 D7=00004222 xnZvc
00:6AE0  61 00  BSR     #$0082 [00:6B64]         A0=00006ABC A1=00C00000 A2=0000730C A3=00FF2CFE A4=00000100 A5=FFFF80C8 A6=00FF0BF0 A7=00FF0BD6 D0=0000000C D1=00000100 D2=00000006 D3=00000000 D4=0000FFFF D5=000000FF D6=00000004 D7=00004222 xnZvc
00:6AE4  52 07  ADDQ.B  #1,D7                    A0=00006ABC A1=00C00000 A2=0000730C A3=00FF2CFE A4=00000100 A5=FFFF80C8 A6=00FF0BF0 A7=00FF0BD6 D0=0000000D D1=00000100 D2=00000006 D3=00000000 D4=0000FFFF D5=000000FF D6=00000004 D7=00004222 xnzvc
00:6AE6  53 43  SUBQ.W  #1,D3                    A0=00006ABC A1=00C00000 A2=0000730C A3=00FF2CFE A4=00000100 A5=FFFF80C8 A6=00FF0BF0 A7=00FF0BD6 D0=0000000D D1=00000100 D2=00000006 D3=00000000 D4=0000FFFF D5=000000FF D6=00000004 D7=00004223 xnzvc
00:6AE8  6A F6  BPL     #$F6 [00:6AE0]           A0=00006ABC A1=00C00000 A2=0000730C A3=00FF2CFE A4=00000100 A5=FFFF80C8 A6=00FF0BF0 A7=00FF0BD6 D0=0000000D D1=00000100 D2=00000006 D3=0000FFFF D4=0000FFFF D5=000000FF D6=00000004 D7=00004223 XNzvC
00:6AEA  4E 75  RTS                              A0=00006ABC A1=00C00000 A2=0000730C A3=00FF2CFE A4=00000100 A5=FFFF80C8 A6=00FF0BF0 A7=00FF0BD6 D0=0000000D D1=00000100 D2=00000006 D3=0000FFFF D4=0000FFFF D5=000000FF D6=00000004 D7=00004223 XNzvC
00:6AC6  4E 75  RTS                              A0=00006ABC A1=00C00000 A2=0000730C A3=00FF2CFE A4=00000100 A5=FFFF80C8 A6=00FF0BF0 A7=00FF0BDA D0=0000000D D1=00000100 D2=00000006 D3=0000FFFF D4=0000FFFF D5=000000FF D6=00000004 D7=00004223 XNzvC
00:69D6  60 E0  BRA     #$E0 [00:69B8]           A0=00006ABC A1=00C00000 A2=0000730C A3=00FF2CFE A4=00000100 A5=FFFF80C8 A6=00FF0BF0 A7=00FF0BDE D0=0000000D D1=00000100 D2=00000006 D3=0000FFFF D4=0000FFFF D5=000000FF D6=00000004 D7=00004223 XNzvC
00:69B8  1E 1A  MOVE.B  (A2)+,D7                 A0=00006ABC A1=00C00000 A2=0000730C A3=00FF2CFE A4=00000100 A5=FFFF80C8 A6=00FF0BF0 A7=00FF0BDE D0=0000000D D1=00000100 D2=00000006 D3=0000FFFF D4=0000FFFF D5=000000FF D6=00000004 D7=00004223 XNzvC
00:69BA  0C 07  CMPI.B  #$0C,D7                  A0=00006ABC A1=00C00000 A2=0000730D A3=00FF2CFE A4=00000100 A5=FFFF80C8 A6=00FF0BF0 A7=00FF0BDE D0=0000000D D1=00000100 D2=00000006 D3=0000FFFF D4=0000FFFF D5=000000FF D6=00000004 D7=0000420A Xnzvc
00:69BE  63 06  BLS     #$06 [00:69C6]           A0=00006ABC A1=00C00000 A2=0000730D A3=00FF2CFE A4=00000100 A5=FFFF80C8 A6=00FF0BF0 A7=00FF0BDE D0=0000000D D1=00000100 D2=00000006 D3=0000FFFF D4=0000FFFF D5=000000FF D6=00000004 D7=0000420A XNzvC
00:69C6  70 00  MOVEQ   #$00,D0                  A0=00006ABC A1=00C00000 A2=0000730D A3=00FF2CFE A4=00000100 A5=FFFF80C8 A6=00FF0BF0 A7=00FF0BDE D0=0000000D D1=00000100 D2=00000006 D3=0000FFFF D4=0000FFFF D5=000000FF D6=00000004 D7=0000420A XNzvC
00:69C8  10 07  MOVE.B  D7,D0                    A0=00006ABC A1=00C00000 A2=0000730D A3=00FF2CFE A4=00000100 A5=FFFF80C8 A6=00FF0BF0 A7=00FF0BDE D0=00000000 D1=00000100 D2=00000006 D3=0000FFFF D4=0000FFFF D5=000000FF D6=00000004 D7=0000420A XnZvc
00:69CA  D0 40  ADD.W   D0,D0                    A0=00006ABC A1=00C00000 A2=0000730D A3=00FF2CFE A4=00000100 A5=FFFF80C8 A6=00FF0BF0 A7=00FF0BDE D0=0000000A D1=00000100 D2=00000006 D3=0000FFFF D4=0000FFFF D5=000000FF D6=00000004 D7=0000420A Xnzvc
00:69CC  41 FA  LEA     $000A(PC),A0             A0=00006ABC A1=00C00000 A2=0000730D A3=00FF2CFE A4=00000100 A5=FFFF80C8 A6=00FF0BF0 A7=00FF0BDE D0=00000014 D1=00000100 D2=00000006 D3=0000FFFF D4=0000FFFF D5=000000FF D6=00000004 D7=0000420A xnzvc
00:69D0  D0 F0  ADDA.W  $00(A0,D0),A0            A0=000069D8 A1=00C00000 A2=0000730D A3=00FF2CFE A4=00000100 A5=FFFF80C8 A6=00FF0BF0 A7=00FF0BDE D0=00000014 D1=00000100 D2=00000006 D3=0000FFFF D4=0000FFFF D5=000000FF D6=00000004 D7=0000420A xnzvc
00:69D4  4E 90  JSR     (A0)                     A0=00006B1C A1=00C00000 A2=0000730D A3=00FF2CFE A4=00000100 A5=FFFF80C8 A6=00FF0BF0 A7=00FF0BDE D0=00000014 D1=00000100 D2=00000006 D3=0000FFFF D4=0000FFFF D5=000000FF D6=00000004 D7=0000420A xnzvc
00:6B1C  76 00  MOVEQ   #$00,D3                  A0=00006B1C A1=00C00000 A2=0000730D A3=00FF2CFE A4=00000100 A5=FFFF80C8 A6=00FF0BF0 A7=00FF0BDA D0=00000014 D1=00000100 D2=00000006 D3=0000FFFF D4=0000FFFF D5=000000FF D6=00000004 D7=0000420A xnzvc
00:6B1E  16 1A  MOVE.B  (A2)+,D3                 A0=00006B1C A1=00C00000 A2=0000730D A3=00FF2CFE A4=00000100 A5=FFFF80C8 A6=00FF0BF0 A7=00FF0BDA D0=00000014 D1=00000100 D2=00000006 D3=00000000 D4=0000FFFF D5=000000FF D6=00000004 D7=0000420A xnZvc
00:6B20  48 47  SWAP.W  D7                       A0=00006B1C A1=00C00000 A2=0000730E A3=00FF2CFE A4=00000100 A5=FFFF80C8 A6=00FF0BF0 A7=00FF0BDA D0=00000014 D1=00000100 D2=00000006 D3=0000001C D4=0000FFFF D5=000000FF D6=00000004 D7=0000420A xnzvc
00:6B22  42 47  CLR.W   D7                       A0=00006B1C A1=00C00000 A2=0000730E A3=00FF2CFE A4=00000100 A5=FFFF80C8 A6=00FF0BF0 A7=00FF0BDA D0=00000014 D1=00000100 D2=00000006 D3=0000001C D4=0000FFFF D5=000000FF D6=00000004 D7=420A0000 xnzvc
00:6B6C  1D 6E  MOVE.B  $FFF6(A6),$FFF4(A6)      A0=00006B1C A1=00C00000 A2=0000730E A3=00FF2CFE A4=00000100 A5=FFFF80C8 A6=00FF0BF0 A7=00FF0BD6 D0=0000001F D1=00000100 D2=00000006 D3=0000000A D4=0000FFFF D5=000000FF D6=00000004 D7=420A0000 XNzvC
00:6B72  60 C6  BRA     #$C6 [00:6B3A]           A0=00006B1C A1=00C00000 A2=0000730E A3=00FF2CFE A4=00000100 A5=FFFF80C8 A6=00FF0BF0 A7=00FF0BD6 D0=0000001F D1=00000100 D2=00000006 D3=0000000A D4=0000FFFF D5=000000FF D6=00000004 D7=420A0000 Xnzvc
00:6B3A  30 2E  MOVE.W  $FFFA(A6),D0             A0=00006B1C A1=00C00000 A2=0000730E A3=00FF2CFE A4=00000100 A5=FFFF80C8 A6=00FF0BF0 A7=00FF0BD6 D0=0000001F D1=00000100 D2=00000006 D3=0000000A D4=0000FFFF D5=000000FF D6=00000004 D7=420A0000 Xnzvc
00:6B3E  32 2E  MOVE.W  $FFFC(A6),D1             A0=00006B1C A1=00C00000 A2=0000730E A3=00FF2CFE A4=00000100 A5=FFFF80C8 A6=00FF0BF0 A7=00FF0BD6 D0=00000000 D1=00000100 D2=00000006 D3=0000000A D4=0000FFFF D5=000000FF D6=00000004 D7=420A0000 XnZvc
00:6B42  52 41  ADDQ.W  #1,D1                    A0=00006B1C A1=00C00000 A2=0000730E A3=00FF2CFE A4=00000100 A5=FFFF80C8 A6=00FF0BF0 A7=00FF0BD6 D0=00000000 D1=00000002 D2=00000006 D3=0000000A D4=0000FFFF D5=000000FF D6=00000004 D7=420A0000 Xnzvc
00:6B44  B2 78  CMP.W   ($8A72),D1               A0=00006B1C A1=00C00000 A2=0000730E A3=00FF2CFE A4=00000100 A5=FFFF80C8 A6=00FF0BF0 A7=00FF0BD6 D0=00000000 D1=00000003 D2=00000006 D3=0000000A D4=0000FFFF D5=000000FF D6=00000004 D7=420A0000 xnzvc
00:6B48  65 02  BCS     #$02 [00:6B4C]           A0=00006B1C A1=00C00000 A2=0000730E A3=00FF2CFE A4=00000100 A5=FFFF80C8 A6=00FF0BF0 A7=00FF0BD6 D0=00000000 D1=00000003 D2=00000006 D3=0000000A D4=0000FFFF D5=000000FF D6=00000004 D7=420A0000 xNzvC
00:6B4C  3D 41  MOVE.W  D1,$FFFC(A6)             A0=00006B1C A1=00C00000 A2=0000730E A3=00FF2CFE A4=00000100 A5=FFFF80C8 A6=00FF0BF0 A7=00FF0BD6 D0=00000000 D1=00000003 D2=00000006 D3=0000000A D4=0000FFFF D5=000000FF D6=00000004 D7=420A0000 xNzvC
00:6B50  3D 40  MOVE.W  D0,$FFFE(A6)             A0=00006B1C A1=00C00000 A2=0000730E A3=00FF2CFE A4=00000100 A5=FFFF80C8 A6=00FF0BF0 A7=00FF0BD6 D0=00000000 D1=00000003 D2=00000006 D3=0000000A D4=0000FFFF D5=000000FF D6=00000004 D7=420A0000 xnzvc
00:6B54  61 00  BSR     #$FF46 [00:6A9C]         A0=00006B1C A1=00C00000 A2=0000730E A3=00FF2CFE A4=00000100 A5=FFFF80C8 A6=00FF0BF0 A7=00FF0BD6 D0=00000000 D1=00000003 D2=00000006 D3=0000000A D4=0000FFFF D5=000000FF D6=00000004 D7=420A0000 xnZvc
00:6A9C  4E B8  JSR     ($05CA)                  A0=00006B1C A1=00C00000 A2=0000730E A3=00FF2CFE A4=00000100 A5=FFFF80C8 A6=00FF0BF0 A7=00FF0BD2 D0=00000000 D1=00000003 D2=00000006 D3=0000000A D4=0000FFFF D5=000000FF D6=00000004 D7=420A0000 xnZvc
00:05CA  D0 40  ADD.W   D0,D0                    A0=00006B1C A1=00C00000 A2=0000730E A3=00FF2CFE A4=00000100 A5=FFFF80C8 A6=00FF0BF0 A7=00FF0BCE D0=00000000 D1=00000003 D2=00000006 D3=0000000A D4=0000FFFF D5=000000FF D6=00000004 D7=420A0000 xnZvc
00:05CC  D2 41  ADD.W   D1,D1                    A0=00006B1C A1=00C00000 A2=0000730E A3=00FF2CFE A4=00000100 A5=FFFF80C8 A6=00FF0BF0 A7=00FF0BCE D0=00000000 D1=00000003 D2=00000006 D3=0000000A D4=0000FFFF D5=000000FF D6=00000004 D7=420A0000 xnZvc
00:05CE  14 38  MOVE.B  ($8A8A),D2               A0=00006B1C A1=00C00000 A2=0000730E A3=00FF2CFE A4=00000100 A5=FFFF80C8 A6=00FF0BF0 A7=00FF0BCE D0=00000000 D1=00000006 D2=00000006 D3=0000000A D4=0000FFFF D5=000000FF D6=00000004 D7=420A0000 xnzvc
00:05D2  E5 61  ASL.W   D2,D1                    A0=00006B1C A1=00C00000 A2=0000730E A3=00FF2CFE A4=00000100 A5=FFFF80C8 A6=00FF0BF0 A7=00FF0BCE D0=00000000 D1=00000006 D2=00000006 D3=0000000A D4=0000FFFF D5=000000FF D6=00000004 D7=420A0000 xnzvc
00:05D4  D0 41  ADD.W   D1,D0                    A0=00006B1C A1=00C00000 A2=0000730E A3=00FF2CFE A4=00000100 A5=FFFF80C8 A6=00FF0BF0 A7=00FF0BCE D0=00000000 D1=00000180 D2=00000006 D3=0000000A D4=0000FFFF D5=000000FF D6=00000004 D7=420A0000 xnzvc
00:05D6  4E 75  RTS                              A0=00006B1C A1=00C00000 A2=0000730E A3=00FF2CFE A4=00000100 A5=FFFF80C8 A6=00FF0BF0 A7=00FF0BCE D0=00000180 D1=00000180 D2=00000006 D3=0000000A D4=0000FFFF D5=000000FF D6=00000004 D7=420A0000 xnzvc
00:6AA0  D0 6E  ADD.W   $FFF2(A6),D0             A0=00006B1C A1=00C00000 A2=0000730E A3=00FF2CFE A4=00000100 A5=FFFF80C8 A6=00FF0BF0 A7=00FF0BD2 D0=00000180 D1=00000180 D2=00000006 D3=0000000A D4=0000FFFF D5=000000FF D6=00000004 D7=420A0000 xnzvc
00:6AA4  4E 75  RTS                              A0=00006B1C A1=00C00000 A2=0000730E A3=00FF2CFE A4=00000100 A5=FFFF80C8 A6=00FF0BF0 A7=00FF0BD2 D0=0000C180 D1=00000180 D2=00000006 D3=0000000A D4=0000FFFF D5=000000FF D6=00000004 D7=420A0000 xNzvc
00:6B58  4E B8  JSR     ($05A0)                  A0=00006B1C A1=00C00000 A2=0000730E A3=00FF2CFE A4=00000100 A5=FFFF80C8 A6=00FF0BF0 A7=00FF0BD6 D0=0000C180 D1=00000180 D2=00000006 D3=0000000A D4=0000FFFF D5=000000FF D6=00000004 D7=420A0000 xNzvc
00:05A0  E5 80  ASL.L   #2,D0                    A0=00006B1C A1=00C00000 A2=0000730E A3=00FF2CFE A4=00000100 A5=FFFF80C8 A6=00FF0BF0 A7=00FF0BD2 D0=0000C180 D1=00000180 D2=00000006 D3=0000000A D4=0000FFFF D5=000000FF D6=00000004 D7=420A0000 xNzvc
00:05A2  E4 48  LSR.W   #2,D0                    A0=00006B1C A1=00C00000 A2=0000730E A3=00FF2CFE A4=00000100 A5=FFFF80C8 A6=00FF0BF0 A7=00FF0BD2 D0=00030600 D1=00000180 D2=00000006 D3=0000000A D4=0000FFFF D5=000000FF D6=00000004 D7=420A0000 xnzvc
00:05A4  00 40  ORI.W   #$4000,D0                A0=00006B1C A1=00C00000 A2=0000730E A3=00FF2CFE A4=00000100 A5=FFFF80C8 A6=00FF0BF0 A7=00FF0BD2 D0=00030180 D1=00000180 D2=00000006 D3=0000000A D4=0000FFFF D5=000000FF D6=00000004 D7=420A0000 xnzvc
00:05A8  48 40  SWAP.W  D0                       A0=00006B1C A1=00C00000 A2=0000730E A3=00FF2CFE A4=00000100 A5=FFFF80C8 A6=00FF0BF0 A7=00FF0BD2 D0=00034180 D1=00000180 D2=00000006 D3=0000000A D4=0000FFFF D5=000000FF D6=00000004 D7=420A0000 xnzvc
00:05AA  02 40  ANDI.W  #$0003,D0                A0=00006B1C A1=00C00000 A2=0000730E A3=00FF2CFE A4=00000100 A5=FFFF80C8 A6=00FF0BF0 A7=00FF0BD2 D0=41800003 D1=00000180 D2=00000006 D3=0000000A D4=0000FFFF D5=000000FF D6=00000004 D7=420A0000 xnzvc
00:05AE  23 C0  MOVE.L  D0,($00C00004)           A0=00006B1C A1=00C00000 A2=0000730E A3=00FF2CFE A4=00000100 A5=FFFF80C8 A6=00FF0BF0 A7=00FF0BD2 D0=41800003 D1=00000180 D2=00000006 D3=0000000A D4=0000FFFF D5=000000FF D6=00000004 D7=420A0000 xnzvc
00:05B4  4E 75  RTS                              A0=00006B1C A1=00C00000 A2=0000730E A3=00FF2CFE A4=00000100 A5=FFFF80C8 A6=00FF0BF0 A7=00FF0BD2 D0=41800003 D1=00000180 D2=00000006 D3=0000000A D4=0000FFFF D5=000000FF D6=00000004 D7=420A0000 xnzvc
00:6B5C  43 F9  LEA     ($00C00000),A1           A0=00006B1C A1=00C00000 A2=0000730E A3=00FF2CFE A4=00000100 A5=FFFF80C8 A6=00FF0BF0 A7=00FF0BD6 D0=41800003 D1=00000180 D2=00000006 D3=0000000A D4=0000FFFF D5=000000FF D6=00000004 D7=420A0000 xnzvc
00:6B62  4E 75  RTS                              A0=00006B1C A1=00C00000 A2=0000730E A3=00FF2CFE A4=00000100 A5=FFFF80C8 A6=00FF0BF0 A7=00FF0BD6 D0=41800003 D1=00000180 D2=00000006 D3=0000000A D4=0000FFFF D5=000000FF D6=00000004 D7=420A0000 xnzvc
00:6B2C  48 47  SWAP.W  D7                       A0=00006B1C A1=00C00000 A2=0000730E A3=00FF2CFE A4=00000100 A5=FFFF80C8 A6=00FF0BF0 A7=00FF0BDA D0=4180000A D1=00000180 D2=00000006 D3=0000FFFF D4=0000FFFF D5=000000FF D6=00000004 D7=420A0000 XNzvC
00:6B2E  4E 75  RTS                              A0=00006B1C A1=00C00000 A2=0000730E A3=00FF2CFE A4=00000100 A5=FFFF80C8 A6=00FF0BF0 A7=00FF0BDA D0=4180000A D1=00000180 D2=00000006 D3=0000FFFF D4=0000FFFF D5=000000FF D6=00000004 D7=0000420A Xnzvc
00:69D6  60 E0  BRA     #$E0 [00:69B8]           A0=00006B1C A1=00C00000 A2=0000730E A3=00FF2CFE A4=00000100 A5=FFFF80C8 A6=00FF0BF0 A7=00FF0BDE D0=4180000A D1=00000180 D2=00000006 D3=0000FFFF D4=0000FFFF D5=000000FF D6=00000004 D7=0000420A Xnzvc
00:69B8  1E 1A  MOVE.B  (A2)+,D7                 A0=00006B1C A1=00C00000 A2=0000730E A3=00FF2CFE A4=00000100 A5=FFFF80C8 A6=00FF0BF0 A7=00FF0BDE D0=4180000A D1=00000180 D2=00000006 D3=0000FFFF D4=0000FFFF D5=000000FF D6=00000004 D7=0000420A Xnzvc
00:69BA  0C 07  CMPI.B  #$0C,D7                  A0=00006B1C A1=00C00000 A2=0000730F A3=00FF2CFE A4=00000100 A5=FFFF80C8 A6=00FF0BF0 A7=00FF0BDE D0=4180000A D1=00000180 D2=00000006 D3=0000FFFF D4=0000FFFF D5=000000FF D6=00000004 D7=00004202 Xnzvc
00:69BE  63 06  BLS     #$06 [00:69C6]           A0=00006B1C A1=00C00000 A2=0000730F A3=00FF2CFE A4=00000100 A5=FFFF80C8 A6=00FF0BF0 A7=00FF0BDE D0=4180000A D1=00000180 D2=00000006 D3=0000FFFF D4=0000FFFF D5=000000FF D6=00000004 D7=00004202 XNzvC
00:69C6  70 00  MOVEQ   #$00,D0                  A0=00006B1C A1=00C00000 A2=0000730F A3=00FF2CFE A4=00000100 A5=FFFF80C8 A6=00FF0BF0 A7=00FF0BDE D0=4180000A D1=00000180 D2=00000006 D3=0000FFFF D4=0000FFFF D5=000000FF D6=00000004 D7=00004202 XNzvC
00:69C8  10 07  MOVE.B  D7,D0                    A0=00006B1C A1=00C00000 A2=0000730F A3=00FF2CFE A4=00000100 A5=FFFF80C8 A6=00FF0BF0 A7=00FF0BDE D0=00000000 D1=00000180 D2=00000006 D3=0000FFFF D4=0000FFFF D5=000000FF D6=00000004 D7=00004202 XnZvc
00:69CA  D0 40  ADD.W   D0,D0                    A0=00006B1C A1=00C00000 A2=0000730F A3=00FF2CFE A4=00000100 A5=FFFF80C8 A6=00FF0BF0 A7=00FF0BDE D0=00000002 D1=00000180 D2=00000006 D3=0000FFFF D4=0000FFFF D5=000000FF D6=00000004 D7=00004202 Xnzvc
00:69CC  41 FA  LEA     $000A(PC),A0             A0=00006B1C A1=00C00000 A2=0000730F A3=00FF2CFE A4=00000100 A5=FFFF80C8 A6=00FF0BF0 A7=00FF0BDE D0=00000004 D1=00000180 D2=00000006 D3=0000FFFF D4=0000FFFF D5=000000FF D6=00000004 D7=00004202 xnzvc
00:69D0  D0 F0  ADDA.W  $00(A0,D0),A0            A0=000069D8 A1=00C00000 A2=0000730F A3=00FF2CFE A4=00000100 A5=FFFF80C8 A6=00FF0BF0 A7=00FF0BDE D0=00000004 D1=00000180 D2=00000006 D3=0000FFFF D4=0000FFFF D5=000000FF D6=00000004 D7=00004202 xnzvc
00:69D4  4E 90  JSR     (A0)                     A0=00006AA6 A1=00C00000 A2=0000730F A3=00FF2CFE A4=00000100 A5=FFFF80C8 A6=00FF0BF0 A7=00FF0BDE D0=00000004 D1=00000180 D2=00000006 D3=0000FFFF D4=0000FFFF D5=000000FF D6=00000004 D7=00004202 xnzvc
00:6AA6  1E 1A  MOVE.B  (A2)+,D7                 A0=00006AA6 A1=00C00000 A2=0000730F A3=00FF2CFE A4=00000100 A5=FFFF80C8 A6=00FF0BF0 A7=00FF0BDA D0=00000004 D1=00000180 D2=00000006 D3=0000FFFF D4=0000FFFF D5=000000FF D6=00000004 D7=00004202 xnzvc
00:6AA8  E1 47  ASL.W   #8,D7                    A0=00006AA6 A1=00C00000 A2=00007310 A3=00FF2CFE A4=00000100 A5=FFFF80C8 A6=00FF0BF0 A7=00FF0BDA D0=00000004 D1=00000180 D2=00000006 D3=0000FFFF D4=0000FFFF D5=000000FF D6=00000004 D7=00004242 xnzvc
00:6AAA  4E 75  RTS                              A0=00006AA6 A1=00C00000 A2=00007310 A3=00FF2CFE A4=00000100 A5=FFFF80C8 A6=00FF0BF0 A7=00FF0BDA D0=00000004 D1=00000180 D2=00000006 D3=0000FFFF D4=0000FFFF D5=000000FF D6=00000004 D7=00004200 xnzVc
00:69D6  60 E0  BRA     #$E0 [00:69B8]           A0=00006AA6 A1=00C00000 A2=00007310 A3=00FF2CFE A4=00000100 A5=FFFF80C8 A6=00FF0BF0 A7=00FF0BDE D0=00000004 D1=00000180 D2=00000006 D3=0000FFFF D4=0000FFFF D5=000000FF D6=00000004 D7=00004200 xnzVc
00:69B8  1E 1A  MOVE.B  (A2)+,D7                 A0=00006AA6 A1=00C00000 A2=00007310 A3=00FF2CFE A4=00000100 A5=FFFF80C8 A6=00FF0BF0 A7=00FF0BDE D0=00000004 D1=00000180 D2=00000006 D3=0000FFFF D4=0000FFFF D5=000000FF D6=00000004 D7=00004200 xnzVc
00:69BA  0C 07  CMPI.B  #$0C,D7                  A0=00006AA6 A1=00C00000 A2=00007311 A3=00FF2CFE A4=00000100 A5=FFFF80C8 A6=00FF0BF0 A7=00FF0BDE D0=00000004 D1=00000180 D2=00000006 D3=0000FFFF D4=0000FFFF D5=000000FF D6=00000004 D7=00004204 xnzvc
00:69BE  63 06  BLS     #$06 [00:69C6]           A0=00006AA6 A1=00C00000 A2=00007311 A3=00FF2CFE A4=00000100 A5=FFFF80C8 A6=00FF0BF0 A7=00FF0BDE D0=00000004 D1=00000180 D2=00000006 D3=0000FFFF D4=0000FFFF D5=000000FF D6=00000004 D7=00004204 xNzvC
00:69C6  70 00  MOVEQ   #$00,D0                  A0=00006AA6 A1=00C00000 A2=00007311 A3=00FF2CFE A4=00000100 A5=FFFF80C8 A6=00FF0BF0 A7=00FF0BDE D0=00000004 D1=00000180 D2=00000006 D3=0000FFFF D4=0000FFFF D5=000000FF D6=00000004 D7=00004204 xNzvC
00:69C8  10 07  MOVE.B  D7,D0                    A0=00006AA6 A1=00C00000 A2=00007311 A3=00FF2CFE A4=00000100 A5=FFFF80C8 A6=00FF0BF0 A7=00FF0BDE D0=00000000 D1=00000180 D2=00000006 D3=0000FFFF D4=0000FFFF D5=000000FF D6=00000004 D7=00004204 xnZvc
00:69CA  D0 40  ADD.W   D0,D0                    A0=00006AA6 A1=00C00000 A2=00007311 A3=00FF2CFE A4=00000100 A5=FFFF80C8 A6=00FF0BF0 A7=00FF0BDE D0=00000004 D1=00000180 D2=00000006 D3=0000FFFF D4=0000FFFF D5=000000FF D6=00000004 D7=00004204 xnzvc
00:69CC  41 FA  LEA     $000A(PC),A0             A0=00006AA6 A1=00C00000 A2=00007311 A3=00FF2CFE A4=00000100 A5=FFFF80C8 A6=00FF0BF0 A7=00FF0BDE D0=00000008 D1=00000180 D2=00000006 D3=0000FFFF D4=0000FFFF D5=000000FF D6=00000004 D7=00004204 xnzvc
00:69D0  D0 F0  ADDA.W  $00(A0,D0),A0            A0=000069D8 A1=00C00000 A2=00007311 A3=00FF2CFE A4=00000100 A5=FFFF80C8 A6=00FF0BF0 A7=00FF0BDE D0=00000008 D1=00000180 D2=00000006 D3=0000FFFF D4=0000FFFF D5=000000FF D6=00000004 D7=00004204 xnzvc
00:69D4  4E 90  JSR     (A0)                     A0=00006ABC A1=00C00000 A2=00007311 A3=00FF2CFE A4=00000100 A5=FFFF80C8 A6=00FF0BF0 A7=00FF0BDE D0=00000008 D1=00000180 D2=00000006 D3=0000FFFF D4=0000FFFF D5=000000FF D6=00000004 D7=00004204 xnzvc
00:6ABC  76 00  MOVEQ   #$00,D3                  A0=00006ABC A1=00C00000 A2=00007311 A3=00FF2CFE A4=00000100 A5=FFFF80C8 A6=00FF0BF0 A7=00FF0BDA D0=00000008 D1=00000180 D2=00000006 D3=0000FFFF D4=0000FFFF D5=000000FF D6=00000004 D7=00004204 xnzvc
00:6ABE  16 1A  MOVE.B  (A2)+,D3                 A0=00006ABC A1=00C00000 A2=00007311 A3=00FF2CFE A4=00000100 A5=FFFF80C8 A6=00FF0BF0 A7=00FF0BDA D0=00000008 D1=00000180 D2=00000006 D3=00000000 D4=0000FFFF D5=000000FF D6=00000004 D7=00004204 xnZvc
00:6AC0  1E 1A  MOVE.B  (A2)+,D7                 A0=00006ABC A1=00C00000 A2=00007312 A3=00FF2CFE A4=00000100 A5=FFFF80C8 A6=00FF0BF0 A7=00FF0BDA D0=00000008 D1=00000180 D2=00000006 D3=00000002 D4=0000FFFF D5=000000FF D6=00000004 D7=00004204 xnzvc
00:6AC2  61 00  BSR     #$001C [00:6AE0]         A0=00006ABC A1=00C00000 A2=00007313 A3=00FF2CFE A4=00000100 A5=FFFF80C8 A6=00FF0BF0 A7=00FF0BDA D0=00000008 D1=00000180 D2=00000006 D3=00000002 D4=0000FFFF D5=000000FF D6=00000004 D7=00004230 xnzvc
00:6AE0  61 00  BSR     #$0082 [00:6B64]         A0=00006ABC A1=00C00000 A2=00007313 A3=00FF2CFE A4=00000100 A5=FFFF80C8 A6=00FF0BF0 A7=00FF0BD6 D0=00000008 D1=00000180 D2=00000006 D3=00000002 D4=0000FFFF D5=000000FF D6=00000004 D7=00004230 xnzvc
00:6AE4  52 07  ADDQ.B  #1,D7                    A0=00006ABC A1=00C00000 A2=00007313 A3=00FF2CFE A4=00000100 A5=FFFF80C8 A6=00FF0BF0 A7=00FF0BD6 D0=0000000B D1=00000180 D2=00000006 D3=00000002 D4=0000FFFF D5=000000FF D6=00000004 D7=00004230 xnzvc
00:6AE6  53 43  SUBQ.W  #1,D3                    A0=00006ABC A1=00C00000 A2=00007313 A3=00FF2CFE A4=00000100 A5=FFFF80C8 A6=00FF0BF0 A7=00FF0BD6 D0=0000000B D1=00000180 D2=00000006 D3=00000002 D4=0000FFFF D5=000000FF D6=00000004 D7=00004231 xnzvc
00:6AE8  6A F6  BPL     #$F6 [00:6AE0]           A0=00006ABC A1=00C00000 A2=00007313 A3=00FF2CFE A4=00000100 A5=FFFF80C8 A6=00FF0BF0 A7=00FF0BD6 D0=0000000B D1=00000180 D2=00000006 D3=00000001 D4=0000FFFF D5=000000FF D6=00000004 D7=00004231 xnzvc
00:6AE0  61 00  BSR     #$0082 [00:6B64]         A0=00006ABC A1=00C00000 A2=00007313 A3=00FF2CFE A4=00000100 A5=FFFF80C8 A6=00FF0BF0 A7=00FF0BD6 D0=0000000B D1=00000180 D2=00000006 D3=00000001 D4=0000FFFF D5=000000FF D6=00000004 D7=00004231 xnzvc
00:6AE4  52 07  ADDQ.B  #1,D7                    A0=00006ABC A1=00C00000 A2=00007313 A3=00FF2CFE A4=00000100 A5=FFFF80C8 A6=00FF0BF0 A7=00FF0BD6 D0=0000000C D1=00000180 D2=00000006 D3=00000001 D4=0000FFFF D5=000000FF D6=00000004 D7=00004231 xnzvc
00:6AE6  53 43  SUBQ.W  #1,D3                    A0=00006ABC A1=00C00000 A2=00007313 A3=00FF2CFE A4=00000100 A5=FFFF80C8 A6=00FF0BF0 A7=00FF0BD6 D0=0000000C D1=00000180 D2=00000006 D3=00000001 D4=0000FFFF D5=000000FF D6=00000004 D7=00004232 xnzvc
00:6AE8  6A F6  BPL     #$F6 [00:6AE0]           A0=00006ABC A1=00C00000 A2=00007313 A3=00FF2CFE A4=00000100 A5=FFFF80C8 A6=00FF0BF0 A7=00FF0BD6 D0=0000000C D1=00000180 D2=00000006 D3=00000000 D4=0000FFFF D5=000000FF D6=00000004 D7=00004232 xnZvc
00:6AE0  61 00  BSR     #$0082 [00:6B64]         A0=00006ABC A1=00C00000 A2=00007313 A3=00FF2CFE A4=00000100 A5=FFFF80C8 A6=00FF0BF0 A7=00FF0BD6 D0=0000000C D1=00000180 D2=00000006 D3=00000000 D4=0000FFFF D5=000000FF D6=00000004 D7=00004232 xnZvc
00:6AE4  52 07  ADDQ.B  #1,D7                    A0=00006ABC A1=00C00000 A2=00007313 A3=00FF2CFE A4=00000100 A5=FFFF80C8 A6=00FF0BF0 A7=00FF0BD6 D0=0000000D D1=00000180 D2=00000006 D3=00000000 D4=0000FFFF D5=000000FF D6=00000004 D7=00004232 xnzvc
00:6AE6  53 43  SUBQ.W  #1,D3                    A0=00006ABC A1=00C00000 A2=00007313 A3=00FF2CFE A4=00000100 A5=FFFF80C8 A6=00FF0BF0 A7=00FF0BD6 D0=0000000D D1=00000180 D2=00000006 D3=00000000 D4=0000FFFF D5=000000FF D6=00000004 D7=00004233 xnzvc
00:6AE8  6A F6  BPL     #$F6 [00:6AE0]           A0=00006ABC A1=00C00000 A2=00007313 A3=00FF2CFE A4=00000100 A5=FFFF80C8 A6=00FF0BF0 A7=00FF0BD6 D0=0000000D D1=00000180 D2=00000006 D3=0000FFFF D4=0000FFFF D5=000000FF D6=00000004 D7=00004233 XNzvC
00:6AEA  4E 75  RTS                              A0=00006ABC A1=00C00000 A2=00007313 A3=00FF2CFE A4=00000100 A5=FFFF80C8 A6=00FF0BF0 A7=00FF0BD6 D0=0000000D D1=00000180 D2=00000006 D3=0000FFFF D4=0000FFFF D5=000000FF D6=00000004 D7=00004233 XNzvC
00:6AC6  4E 75  RTS                              A0=00006ABC A1=00C00000 A2=00007313 A3=00FF2CFE A4=00000100 A5=FFFF80C8 A6=00FF0BF0 A7=00FF0BDA D0=0000000D D1=00000180 D2=00000006 D3=0000FFFF D4=0000FFFF D5=000000FF D6=00000004 D7=00004233 XNzvC
00:69D6  60 E0  BRA     #$E0 [00:69B8]           A0=00006ABC A1=00C00000 A2=00007313 A3=00FF2CFE A4=00000100 A5=FFFF80C8 A6=00FF0BF0 A7=00FF0BDE D0=0000000D D1=00000180 D2=00000006 D3=0000FFFF D4=0000FFFF D5=000000FF D6=00000004 D7=00004233 XNzvC
00:69B8  1E 1A  MOVE.B  (A2)+,D7                 A0=00006ABC A1=00C00000 A2=00007313 A3=00FF2CFE A4=00000100 A5=FFFF80C8 A6=00FF0BF0 A7=00FF0BDE D0=0000000D D1=00000180 D2=00000006 D3=0000FFFF D4=0000FFFF D5=000000FF D6=00000004 D7=00004233 XNzvC
00:69BA  0C 07  CMPI.B  #$0C,D7                  A0=00006ABC A1=00C00000 A2=00007314 A3=00FF2CFE A4=00000100 A5=FFFF80C8 A6=00FF0BF0 A7=00FF0BDE D0=0000000D D1=00000180 D2=00000006 D3=0000FFFF D4=0000FFFF D5=000000FF D6=00000004 D7=0000420A Xnzvc
00:69BE  63 06  BLS     #$06 [00:69C6]           A0=00006ABC A1=00C00000 A2=00007314 A3=00FF2CFE A4=00000100 A5=FFFF80C8 A6=00FF0BF0 A7=00FF0BDE D0=0000000D D1=00000180 D2=00000006 D3=0000FFFF D4=0000FFFF D5=000000FF D6=00000004 D7=0000420A XNzvC
00:69C6  70 00  MOVEQ   #$00,D0                  A0=00006ABC A1=00C00000 A2=00007314 A3=00FF2CFE A4=00000100 A5=FFFF80C8 A6=00FF0BF0 A7=00FF0BDE D0=0000000D D1=00000180 D2=00000006 D3=0000FFFF D4=0000FFFF D5=000000FF D6=00000004 D7=0000420A XNzvC
00:69C8  10 07  MOVE.B  D7,D0                    A0=00006ABC A1=00C00000 A2=00007314 A3=00FF2CFE A4=00000100 A5=FFFF80C8 A6=00FF0BF0 A7=00FF0BDE D0=00000000 D1=00000180 D2=00000006 D3=0000FFFF D4=0000FFFF D5=000000FF D6=00000004 D7=0000420A XnZvc
00:69CA  D0 40  ADD.W   D0,D0                    A0=00006ABC A1=00C00000 A2=00007314 A3=00FF2CFE A4=00000100 A5=FFFF80C8 A6=00FF0BF0 A7=00FF0BDE D0=0000000A D1=00000180 D2=00000006 D3=0000FFFF D4=0000FFFF D5=000000FF D6=00000004 D7=0000420A Xnzvc
00:69CC  41 FA  LEA     $000A(PC),A0             A0=00006ABC A1=00C00000 A2=00007314 A3=00FF2CFE A4=00000100 A5=FFFF80C8 A6=00FF0BF0 A7=00FF0BDE D0=00000014 D1=00000180 D2=00000006 D3=0000FFFF D4=0000FFFF D5=000000FF D6=00000004 D7=0000420A xnzvc
00:69D0  D0 F0  ADDA.W  $00(A0,D0),A0            A0=000069D8 A1=00C00000 A2=00007314 A3=00FF2CFE A4=00000100 A5=FFFF80C8 A6=00FF0BF0 A7=00FF0BDE D0=00000014 D1=00000180 D2=00000006 D3=0000FFFF D4=0000FFFF D5=000000FF D6=00000004 D7=0000420A xnzvc
00:69D4  4E 90  JSR     (A0)                     A0=00006B1C A1=00C00000 A2=00007314 A3=00FF2CFE A4=00000100 A5=FFFF80C8 A6=00FF0BF0 A7=00FF0BDE D0=00000014 D1=00000180 D2=00000006 D3=0000FFFF D4=0000FFFF D5=000000FF D6=00000004 D7=0000420A xnzvc
00:6B1C  76 00  MOVEQ   #$00,D3                  A0=00006B1C A1=00C00000 A2=00007314 A3=00FF2CFE A4=00000100 A5=FFFF80C8 A6=00FF0BF0 A7=00FF0BDA D0=00000014 D1=00000180 D2=00000006 D3=0000FFFF D4=0000FFFF D5=000000FF D6=00000004 D7=0000420A xnzvc
00:6B1E  16 1A  MOVE.B  (A2)+,D3                 A0=00006B1C A1=00C00000 A2=00007314 A3=00FF2CFE A4=00000100 A5=FFFF80C8 A6=00FF0BF0 A7=00FF0BDA D0=00000014 D1=00000180 D2=00000006 D3=00000000 D4=0000FFFF D5=000000FF D6=00000004 D7=0000420A xnZvc
00:6B20  48 47  SWAP.W  D7                       A0=00006B1C A1=00C00000 A2=00007315 A3=00FF2CFE A4=00000100 A5=FFFF80C8 A6=00FF0BF0 A7=00FF0BDA D0=00000014 D1=00000180 D2=00000006 D3=0000001B D4=0000FFFF D5=000000FF D6=00000004 D7=0000420A xnzvc
00:6B22  42 47  CLR.W   D7                       A0=00006B1C A1=00C00000 A2=00007315 A3=00FF2CFE A4=00000100 A5=FFFF80C8 A6=00FF0BF0 A7=00FF0BDA D0=00000014 D1=00000180 D2=00000006 D3=0000001B D4=0000FFFF D5=000000FF D6=00000004 D7=420A0000 xnzvc
00:6B6C  1D 6E  MOVE.B  $FFF6(A6),$FFF4(A6)      A0=00006B1C A1=00C00000 A2=00007315 A3=00FF2CFE A4=00000100 A5=FFFF80C8 A6=00FF0BF0 A7=00FF0BD6 D0=0000001F D1=00000180 D2=00000006 D3=00000009 D4=0000FFFF D5=000000FF D6=00000004 D7=420A0000 XNzvC
00:6B72  60 C6  BRA     #$C6 [00:6B3A]           A0=00006B1C A1=00C00000 A2=00007315 A3=00FF2CFE A4=00000100 A5=FFFF80C8 A6=00FF0BF0 A7=00FF0BD6 D0=0000001F D1=00000180 D2=00000006 D3=00000009 D4=0000FFFF D5=000000FF D6=00000004 D7=420A0000 Xnzvc
00:6B3A  30 2E  MOVE.W  $FFFA(A6),D0             A0=00006B1C A1=00C00000 A2=00007315 A3=00FF2CFE A4=00000100 A5=FFFF80C8 A6=00FF0BF0 A7=00FF0BD6 D0=0000001F D1=00000180 D2=00000006 D3=00000009 D4=0000FFFF D5=000000FF D6=00000004 D7=420A0000 Xnzvc
00:6B3E  32 2E  MOVE.W  $FFFC(A6),D1             A0=00006B1C A1=00C00000 A2=00007315 A3=00FF2CFE A4=00000100 A5=FFFF80C8 A6=00FF0BF0 A7=00FF0BD6 D0=00000000 D1=00000180 D2=00000006 D3=00000009 D4=0000FFFF D5=000000FF D6=00000004 D7=420A0000 XnZvc
00:6B42  52 41  ADDQ.W  #1,D1                    A0=00006B1C A1=00C00000 A2=00007315 A3=00FF2CFE A4=00000100 A5=FFFF80C8 A6=00FF0BF0 A7=00FF0BD6 D0=00000000 D1=00000003 D2=00000006 D3=00000009 D4=0000FFFF D5=000000FF D6=00000004 D7=420A0000 Xnzvc
00:6B44  B2 78  CMP.W   ($8A72),D1               A0=00006B1C A1=00C00000 A2=00007315 A3=00FF2CFE A4=00000100 A5=FFFF80C8 A6=00FF0BF0 A7=00FF0BD6 D0=00000000 D1=00000004 D2=00000006 D3=00000009 D4=0000FFFF D5=000000FF D6=00000004 D7=420A0000 xnzvc
00:6B48  65 02  BCS     #$02 [00:6B4C]           A0=00006B1C A1=00C00000 A2=00007315 A3=00FF2CFE A4=00000100 A5=FFFF80C8 A6=00FF0BF0 A7=00FF0BD6 D0=00000000 D1=00000004 D2=00000006 D3=00000009 D4=0000FFFF D5=000000FF D6=00000004 D7=420A0000 xNzvC
00:6B4C  3D 41  MOVE.W  D1,$FFFC(A6)             A0=00006B1C A1=00C00000 A2=00007315 A3=00FF2CFE A4=00000100 A5=FFFF80C8 A6=00FF0BF0 A7=00FF0BD6 D0=00000000 D1=00000004 D2=00000006 D3=00000009 D4=0000FFFF D5=000000FF D6=00000004 D7=420A0000 xNzvC
00:6B50  3D 40  MOVE.W  D0,$FFFE(A6)             A0=00006B1C A1=00C00000 A2=00007315 A3=00FF2CFE A4=00000100 A5=FFFF80C8 A6=00FF0BF0 A7=00FF0BD6 D0=00000000 D1=00000004 D2=00000006 D3=00000009 D4=0000FFFF D5=000000FF D6=00000004 D7=420A0000 xnzvc
00:6B54  61 00  BSR     #$FF46 [00:6A9C]         A0=00006B1C A1=00C00000 A2=00007315 A3=00FF2CFE A4=00000100 A5=FFFF80C8 A6=00FF0BF0 A7=00FF0BD6 D0=00000000 D1=00000004 D2=00000006 D3=00000009 D4=0000FFFF D5=000000FF D6=00000004 D7=420A0000 xnZvc
00:6A9C  4E B8  JSR     ($05CA)                  A0=00006B1C A1=00C00000 A2=00007315 A3=00FF2CFE A4=00000100 A5=FFFF80C8 A6=00FF0BF0 A7=00FF0BD2 D0=00000000 D1=00000004 D2=00000006 D3=00000009 D4=0000FFFF D5=000000FF D6=00000004 D7=420A0000 xnZvc
00:05CA  D0 40  ADD.W   D0,D0                    A0=00006B1C A1=00C00000 A2=00007315 A3=00FF2CFE A4=00000100 A5=FFFF80C8 A6=00FF0BF0 A7=00FF0BCE D0=00000000 D1=00000004 D2=00000006 D3=00000009 D4=0000FFFF D5=000000FF D6=00000004 D7=420A0000 xnZvc
00:05CC  D2 41  ADD.W   D1,D1                    A0=00006B1C A1=00C00000 A2=00007315 A3=00FF2CFE A4=00000100 A5=FFFF80C8 A6=00FF0BF0 A7=00FF0BCE D0=00000000 D1=00000004 D2=00000006 D3=00000009 D4=0000FFFF D5=000000FF D6=00000004 D7=420A0000 xnZvc
00:05CE  14 38  MOVE.B  ($8A8A),D2               A0=00006B1C A1=00C00000 A2=00007315 A3=00FF2CFE A4=00000100 A5=FFFF80C8 A6=00FF0BF0 A7=00FF0BCE D0=00000000 D1=00000008 D2=00000006 D3=00000009 D4=0000FFFF D5=000000FF D6=00000004 D7=420A0000 xnzvc
00:05D2  E5 61  ASL.W   D2,D1                    A0=00006B1C A1=00C00000 A2=00007315 A3=00FF2CFE A4=00000100 A5=FFFF80C8 A6=00FF0BF0 A7=00FF0BCE D0=00000000 D1=00000008 D2=00000006 D3=00000009 D4=0000FFFF D5=000000FF D6=00000004 D7=420A0000 xnzvc
00:05D4  D0 41  ADD.W   D1,D0                    A0=00006B1C A1=00C00000 A2=00007315 A3=00FF2CFE A4=00000100 A5=FFFF80C8 A6=00FF0BF0 A7=00FF0BCE D0=00000000 D1=00000200 D2=00000006 D3=00000009 D4=0000FFFF D5=000000FF D6=00000004 D7=420A0000 xnzvc
00:05D6  4E 75  RTS                              A0=00006B1C A1=00C00000 A2=00007315 A3=00FF2CFE A4=00000100 A5=FFFF80C8 A6=00FF0BF0 A7=00FF0BCE D0=00000200 D1=00000200 D2=00000006 D3=00000009 D4=0000FFFF D5=000000FF D6=00000004 D7=420A0000 xnzvc
00:6AA0  D0 6E  ADD.W   $FFF2(A6),D0             A0=00006B1C A1=00C00000 A2=00007315 A3=00FF2CFE A4=00000100 A5=FFFF80C8 A6=00FF0BF0 A7=00FF0BD2 D0=00000200 D1=00000200 D2=00000006 D3=00000009 D4=0000FFFF D5=000000FF D6=00000004 D7=420A0000 xnzvc
00:6AA4  4E 75  RTS                              A0=00006B1C A1=00C00000 A2=00007315 A3=00FF2CFE A4=00000100 A5=FFFF80C8 A6=00FF0BF0 A7=00FF0BD2 D0=0000C200 D1=00000200 D2=00000006 D3=00000009 D4=0000FFFF D5=000000FF D6=00000004 D7=420A0000 xNzvc
00:6B58  4E B8  JSR     ($05A0)                  A0=00006B1C A1=00C00000 A2=00007315 A3=00FF2CFE A4=00000100 A5=FFFF80C8 A6=00FF0BF0 A7=00FF0BD6 D0=0000C200 D1=00000200 D2=00000006 D3=00000009 D4=0000FFFF D5=000000FF D6=00000004 D7=420A0000 xNzvc
00:05A0  E5 80  ASL.L   #2,D0                    A0=00006B1C A1=00C00000 A2=00007315 A3=00FF2CFE A4=00000100 A5=FFFF80C8 A6=00FF0BF0 A7=00FF0BD2 D0=0000C200 D1=00000200 D2=00000006 D3=00000009 D4=0000FFFF D5=000000FF D6=00000004 D7=420A0000 xNzvc
00:05A2  E4 48  LSR.W   #2,D0                    A0=00006B1C A1=00C00000 A2=00007315 A3=00FF2CFE A4=00000100 A5=FFFF80C8 A6=00FF0BF0 A7=00FF0BD2 D0=00030800 D1=00000200 D2=00000006 D3=00000009 D4=0000FFFF D5=000000FF D6=00000004 D7=420A0000 xnzvc
00:05A4  00 40  ORI.W   #$4000,D0                A0=00006B1C A1=00C00000 A2=00007315 A3=00FF2CFE A4=00000100 A5=FFFF80C8 A6=00FF0BF0 A7=00FF0BD2 D0=00030200 D1=00000200 D2=00000006 D3=00000009 D4=0000FFFF D5=000000FF D6=00000004 D7=420A0000 xnzvc
00:05A8  48 40  SWAP.W  D0                       A0=00006B1C A1=00C00000 A2=00007315 A3=00FF2CFE A4=00000100 A5=FFFF80C8 A6=00FF0BF0 A7=00FF0BD2 D0=00034200 D1=00000200 D2=00000006 D3=00000009 D4=0000FFFF D5=000000FF D6=00000004 D7=420A0000 xnzvc
00:05AA  02 40  ANDI.W  #$0003,D0                A0=00006B1C A1=00C00000 A2=00007315 A3=00FF2CFE A4=00000100 A5=FFFF80C8 A6=00FF0BF0 A7=00FF0BD2 D0=42000003 D1=00000200 D2=00000006 D3=00000009 D4=0000FFFF D5=000000FF D6=00000004 D7=420A0000 xnzvc
00:05AE  23 C0  MOVE.L  D0,($00C00004)           A0=00006B1C A1=00C00000 A2=00007315 A3=00FF2CFE A4=00000100 A5=FFFF80C8 A6=00FF0BF0 A7=00FF0BD2 D0=42000003 D1=00000200 D2=00000006 D3=00000009 D4=0000FFFF D5=000000FF D6=00000004 D7=420A0000 xnzvc
00:05B4  4E 75  RTS                              A0=00006B1C A1=00C00000 A2=00007315 A3=00FF2CFE A4=00000100 A5=FFFF80C8 A6=00FF0BF0 A7=00FF0BD2 D0=42000003 D1=00000200 D2=00000006 D3=00000009 D4=0000FFFF D5=000000FF D6=00000004 D7=420A0000 xnzvc
00:6B5C  43 F9  LEA     ($00C00000),A1           A0=00006B1C A1=00C00000 A2=00007315 A3=00FF2CFE A4=00000100 A5=FFFF80C8 A6=00FF0BF0 A7=00FF0BD6 D0=42000003 D1=00000200 D2=00000006 D3=00000009 D4=0000FFFF D5=000000FF D6=00000004 D7=420A0000 xnzvc
00:6B62  4E 75  RTS                              A0=00006B1C A1=00C00000 A2=00007315 A3=00FF2CFE A4=00000100 A5=FFFF80C8 A6=00FF0BF0 A7=00FF0BD6 D0=42000003 D1=00000200 D2=00000006 D3=00000009 D4=0000FFFF D5=000000FF D6=00000004 D7=420A0000 xnzvc
00:6B2C  48 47  SWAP.W  D7                       A0=00006B1C A1=00C00000 A2=00007315 A3=00FF2CFE A4=00000100 A5=FFFF80C8 A6=00FF0BF0 A7=00FF0BDA D0=42000009 D1=00000200 D2=00000006 D3=0000FFFF D4=0000FFFF D5=000000FF D6=00000004 D7=420A0000 XNzvC
00:6B2E  4E 75  RTS                              A0=00006B1C A1=00C00000 A2=00007315 A3=00FF2CFE A4=00000100 A5=FFFF80C8 A6=00FF0BF0 A7=00FF0BDA D0=42000009 D1=00000200 D2=00000006 D3=0000FFFF D4=0000FFFF D5=000000FF D6=00000004 D7=0000420A Xnzvc
00:69D6  60 E0  BRA     #$E0 [00:69B8]           A0=00006B1C A1=00C00000 A2=00007315 A3=00FF2CFE A4=00000100 A5=FFFF80C8 A6=00FF0BF0 A7=00FF0BDE D0=42000009 D1=00000200 D2=00000006 D3=0000FFFF D4=0000FFFF D5=000000FF D6=00000004 D7=0000420A Xnzvc
00:69B8  1E 1A  MOVE.B  (A2)+,D7                 A0=00006B1C A1=00C00000 A2=00007315 A3=00FF2CFE A4=00000100 A5=FFFF80C8 A6=00FF0BF0 A7=00FF0BDE D0=42000009 D1=00000200 D2=00000006 D3=0000FFFF D4=0000FFFF D5=000000FF D6=00000004 D7=0000420A Xnzvc
00:69BA  0C 07  CMPI.B  #$0C,D7                  A0=00006B1C A1=00C00000 A2=00007316 A3=00FF2CFE A4=00000100 A5=FFFF80C8 A6=00FF0BF0 A7=00FF0BDE D0=42000009 D1=00000200 D2=00000006 D3=0000FFFF D4=0000FFFF D5=000000FF D6=00000004 D7=00004202 Xnzvc
00:69BE  63 06  BLS     #$06 [00:69C6]           A0=00006B1C A1=00C00000 A2=00007316 A3=00FF2CFE A4=00000100 A5=FFFF80C8 A6=00FF0BF0 A7=00FF0BDE D0=42000009 D1=00000200 D2=00000006 D3=0000FFFF D4=0000FFFF D5=000000FF D6=00000004 D7=00004202 XNzvC
00:69C6  70 00  MOVEQ   #$00,D0                  A0=00006B1C A1=00C00000 A2=00007316 A3=00FF2CFE A4=00000100 A5=FFFF80C8 A6=00FF0BF0 A7=00FF0BDE D0=42000009 D1=00000200 D2=00000006 D3=0000FFFF D4=0000FFFF D5=000000FF D6=00000004 D7=00004202 XNzvC
00:69C8  10 07  MOVE.B  D7,D0                    A0=00006B1C A1=00C00000 A2=00007316 A3=00FF2CFE A4=00000100 A5=FFFF80C8 A6=00FF0BF0 A7=00FF0BDE D0=00000000 D1=00000200 D2=00000006 D3=0000FFFF D4=0000FFFF D5=000000FF D6=00000004 D7=00004202 XnZvc
00:69CA  D0 40  ADD.W   D0,D0                    A0=00006B1C A1=00C00000 A2=00007316 A3=00FF2CFE A4=00000100 A5=FFFF80C8 A6=00FF0BF0 A7=00FF0BDE D0=00000002 D1=00000200 D2=00000006 D3=0000FFFF D4=0000FFFF D5=000000FF D6=00000004 D7=00004202 Xnzvc
00:69CC  41 FA  LEA     $000A(PC),A0             A0=00006B1C A1=00C00000 A2=00007316 A3=00FF2CFE A4=00000100 A5=FFFF80C8 A6=00FF0BF0 A7=00FF0BDE D0=00000004 D1=00000200 D2=00000006 D3=0000FFFF D4=0000FFFF D5=000000FF D6=00000004 D7=00004202 xnzvc
00:69D0  D0 F0  ADDA.W  $00(A0,D0),A0            A0=000069D8 A1=00C00000 A2=00007316 A3=00FF2CFE A4=00000100 A5=FFFF80C8 A6=00FF0BF0 A7=00FF0BDE D0=00000004 D1=00000200 D2=00000006 D3=0000FFFF D4=0000FFFF D5=000000FF D6=00000004 D7=00004202 xnzvc
00:69D4  4E 90  JSR     (A0)                     A0=00006AA6 A1=00C00000 A2=00007316 A3=00FF2CFE A4=00000100 A5=FFFF80C8 A6=00FF0BF0 A7=00FF0BDE D0=00000004 D1=00000200 D2=00000006 D3=0000FFFF D4=0000FFFF D5=000000FF D6=00000004 D7=00004202 xnzvc
00:6AA6  1E 1A  MOVE.B  (A2)+,D7                 A0=00006AA6 A1=00C00000 A2=00007316 A3=00FF2CFE A4=00000100 A5=FFFF80C8 A6=00FF0BF0 A7=00FF0BDA D0=00000004 D1=00000200 D2=00000006 D3=0000FFFF D4=0000FFFF D5=000000FF D6=00000004 D7=00004202 xnzvc
00:6AA8  E1 47  ASL.W   #8,D7                    A0=00006AA6 A1=00C00000 A2=00007317 A3=00FF2CFE A4=00000100 A5=FFFF80C8 A6=00FF0BF0 A7=00FF0BDA D0=00000004 D1=00000200 D2=00000006 D3=0000FFFF D4=0000FFFF D5=000000FF D6=00000004 D7=00004242 xnzvc
00:6AAA  4E 75  RTS                              A0=00006AA6 A1=00C00000 A2=00007317 A3=00FF2CFE A4=00000100 A5=FFFF80C8 A6=00FF0BF0 A7=00FF0BDA D0=00000004 D1=00000200 D2=00000006 D3=0000FFFF D4=0000FFFF D5=000000FF D6=00000004 D7=00004200 xnzVc
00:69D6  60 E0  BRA     #$E0 [00:69B8]           A0=00006AA6 A1=00C00000 A2=00007317 A3=00FF2CFE A4=00000100 A5=FFFF80C8 A6=00FF0BF0 A7=00FF0BDE D0=00000004 D1=00000200 D2=00000006 D3=0000FFFF D4=0000FFFF D5=000000FF D6=00000004 D7=00004200 xnzVc
00:69B8  1E 1A  MOVE.B  (A2)+,D7                 A0=00006AA6 A1=00C00000 A2=00007317 A3=00FF2CFE A4=00000100 A5=FFFF80C8 A6=00FF0BF0 A7=00FF0BDE D0=00000004 D1=00000200 D2=00000006 D3=0000FFFF D4=0000FFFF D5=000000FF D6=00000004 D7=00004200 xnzVc
00:69BA  0C 07  CMPI.B  #$0C,D7                  A0=00006AA6 A1=00C00000 A2=00007318 A3=00FF2CFE A4=00000100 A5=FFFF80C8 A6=00FF0BF0 A7=00FF0BDE D0=00000004 D1=00000200 D2=00000006 D3=0000FFFF D4=0000FFFF D5=000000FF D6=00000004 D7=00004204 xnzvc
00:69BE  63 06  BLS     #$06 [00:69C6]           A0=00006AA6 A1=00C00000 A2=00007318 A3=00FF2CFE A4=00000100 A5=FFFF80C8 A6=00FF0BF0 A7=00FF0BDE D0=00000004 D1=00000200 D2=00000006 D3=0000FFFF D4=0000FFFF D5=000000FF D6=00000004 D7=00004204 xNzvC
00:69C6  70 00  MOVEQ   #$00,D0                  A0=00006AA6 A1=00C00000 A2=00007318 A3=00FF2CFE A4=00000100 A5=FFFF80C8 A6=00FF0BF0 A7=00FF0BDE D0=00000004 D1=00000200 D2=00000006 D3=0000FFFF D4=0000FFFF D5=000000FF D6=00000004 D7=00004204 xNzvC
00:69C8  10 07  MOVE.B  D7,D0                    A0=00006AA6 A1=00C00000 A2=00007318 A3=00FF2CFE A4=00000100 A5=FFFF80C8 A6=00FF0BF0 A7=00FF0BDE D0=00000000 D1=00000200 D2=00000006 D3=0000FFFF D4=0000FFFF D5=000000FF D6=00000004 D7=00004204 xnZvc
00:69CA  D0 40  ADD.W   D0,D0                    A0=00006AA6 A1=00C00000 A2=00007318 A3=00FF2CFE A4=00000100 A5=FFFF80C8 A6=00FF0BF0 A7=00FF0BDE D0=00000004 D1=00000200 D2=00000006 D3=0000FFFF D4=0000FFFF D5=000000FF D6=00000004 D7=00004204 xnzvc
00:69CC  41 FA  LEA     $000A(PC),A0             A0=00006AA6 A1=00C00000 A2=00007318 A3=00FF2CFE A4=00000100 A5=FFFF80C8 A6=00FF0BF0 A7=00FF0BDE D0=00000008 D1=00000200 D2=00000006 D3=0000FFFF D4=0000FFFF D5=000000FF D6=00000004 D7=00004204 xnzvc
00:69D0  D0 F0  ADDA.W  $00(A0,D0),A0            A0=000069D8 A1=00C00000 A2=00007318 A3=00FF2CFE A4=00000100 A5=FFFF80C8 A6=00FF0BF0 A7=00FF0BDE D0=00000008 D1=00000200 D2=00000006 D3=0000FFFF D4=0000FFFF D5=000000FF D6=00000004 D7=00004204 xnzvc
00:69D4  4E 90  JSR     (A0)                     A0=00006ABC A1=00C00000 A2=00007318 A3=00FF2CFE A4=00000100 A5=FFFF80C8 A6=00FF0BF0 A7=00FF0BDE D0=00000008 D1=00000200 D2=00000006 D3=0000FFFF D4=0000FFFF D5=000000FF D6=00000004 D7=00004204 xnzvc
00:6ABC  76 00  MOVEQ   #$00,D3                  A0=00006ABC A1=00C00000 A2=00007318 A3=00FF2CFE A4=00000100 A5=FFFF80C8 A6=00FF0BF0 A7=00FF0BDA D0=00000008 D1=00000200 D2=00000006 D3=0000FFFF D4=0000FFFF D5=000000FF D6=00000004 D7=00004204 xnzvc
00:6ABE  16 1A  MOVE.B  (A2)+,D3                 A0=00006ABC A1=00C00000 A2=00007318 A3=00FF2CFE A4=00000100 A5=FFFF80C8 A6=00FF0BF0 A7=00FF0BDA D0=00000008 D1=00000200 D2=00000006 D3=00000000 D4=0000FFFF D5=000000FF D6=00000004 D7=00004204 xnZvc
00:6AC0  1E 1A  MOVE.B  (A2)+,D7                 A0=00006ABC A1=00C00000 A2=00007319 A3=00FF2CFE A4=00000100 A5=FFFF80C8 A6=00FF0BF0 A7=00FF0BDA D0=00000008 D1=00000200 D2=00000006 D3=00000002 D4=0000FFFF D5=000000FF D6=00000004 D7=00004204 xnzvc
00:6AC2  61 00  BSR     #$001C [00:6AE0]         A0=00006ABC A1=00C00000 A2=0000731A A3=00FF2CFE A4=00000100 A5=FFFF80C8 A6=00FF0BF0 A7=00FF0BDA D0=00000008 D1=00000200 D2=00000006 D3=00000002 D4=0000FFFF D5=000000FF D6=00000004 D7=00004223 xnzvc
00:6AE0  61 00  BSR     #$0082 [00:6B64]         A0=00006ABC A1=00C00000 A2=0000731A A3=00FF2CFE A4=00000100 A5=FFFF80C8 A6=00FF0BF0 A7=00FF0BD6 D0=00000008 D1=00000200 D2=00000006 D3=00000002 D4=0000FFFF D5=000000FF D6=00000004 D7=00004223 xnzvc
00:6AE4  52 07  ADDQ.B  #1,D7                    A0=00006ABC A1=00C00000 A2=0000731A A3=00FF2CFE A4=00000100 A5=FFFF80C8 A6=00FF0BF0 A7=00FF0BD6 D0=0000000A D1=00000200 D2=00000006 D3=00000002 D4=0000FFFF D5=000000FF D6=00000004 D7=00004223 xnzvc
00:6AE6  53 43  SUBQ.W  #1,D3                    A0=00006ABC A1=00C00000 A2=0000731A A3=00FF2CFE A4=00000100 A5=FFFF80C8 A6=00FF0BF0 A7=00FF0BD6 D0=0000000A D1=00000200 D2=00000006 D3=00000002 D4=0000FFFF D5=000000FF D6=00000004 D7=00004224 xnzvc
00:6AE8  6A F6  BPL     #$F6 [00:6AE0]           A0=00006ABC A1=00C00000 A2=0000731A A3=00FF2CFE A4=00000100 A5=FFFF80C8 A6=00FF0BF0 A7=00FF0BD6 D0=0000000A D1=00000200 D2=00000006 D3=00000001 D4=0000FFFF D5=000000FF D6=00000004 D7=00004224 xnzvc
00:6AE0  61 00  BSR     #$0082 [00:6B64]         A0=00006ABC A1=00C00000 A2=0000731A A3=00FF2CFE A4=00000100 A5=FFFF80C8 A6=00FF0BF0 A7=00FF0BD6 D0=0000000A D1=00000200 D2=00000006 D3=00000001 D4=0000FFFF D5=000000FF D6=00000004 D7=00004224 xnzvc
00:6AE4  52 07  ADDQ.B  #1,D7                    A0=00006ABC A1=00C00000 A2=0000731A A3=00FF2CFE A4=00000100 A5=FFFF80C8 A6=00FF0BF0 A7=00FF0BD6 D0=0000000B D1=00000200 D2=00000006 D3=00000001 D4=0000FFFF D5=000000FF D6=00000004 D7=00004224 xnzvc
00:6AE6  53 43  SUBQ.W  #1,D3                    A0=00006ABC A1=00C00000 A2=0000731A A3=00FF2CFE A4=00000100 A5=FFFF80C8 A6=00FF0BF0 A7=00FF0BD6 D0=0000000B D1=00000200 D2=00000006 D3=00000001 D4=0000FFFF D5=000000FF D6=00000004 D7=00004225 xnzvc
00:6AE8  6A F6  BPL     #$F6 [00:6AE0]           A0=00006ABC A1=00C00000 A2=0000731A A3=00FF2CFE A4=00000100 A5=FFFF80C8 A6=00FF0BF0 A7=00FF0BD6 D0=0000000B D1=00000200 D2=00000006 D3=00000000 D4=0000FFFF D5=000000FF D6=00000004 D7=00004225 xnZvc
00:6AE0  61 00  BSR     #$0082 [00:6B64]         A0=00006ABC A1=00C00000 A2=0000731A A3=00FF2CFE A4=00000100 A5=FFFF80C8 A6=00FF0BF0 A7=00FF0BD6 D0=0000000B D1=00000200 D2=00000006 D3=00000000 D4=0000FFFF D5=000000FF D6=00000004 D7=00004225 xnZvc
00:6AE4  52 07  ADDQ.B  #1,D7                    A0=00006ABC A1=00C00000 A2=0000731A A3=00FF2CFE A4=00000100 A5=FFFF80C8 A6=00FF0BF0 A7=00FF0BD6 D0=0000000C D1=00000200 D2=00000006 D3=00000000 D4=0000FFFF D5=000000FF D6=00000004 D7=00004225 xnzvc
00:6AE6  53 43  SUBQ.W  #1,D3                    A0=00006ABC A1=00C00000 A2=0000731A A3=00FF2CFE A4=00000100 A5=FFFF80C8 A6=00FF0BF0 A7=00FF0BD6 D0=0000000C D1=00000200 D2=00000006 D3=00000000 D4=0000FFFF D5=000000FF D6=00000004 D7=00004226 xnzvc
00:6AE8  6A F6  BPL     #$F6 [00:6AE0]           A0=00006ABC A1=00C00000 A2=0000731A A3=00FF2CFE A4=00000100 A5=FFFF80C8 A6=00FF0BF0 A7=00FF0BD6 D0=0000000C D1=00000200 D2=00000006 D3=0000FFFF D4=0000FFFF D5=000000FF D6=00000004 D7=00004226 XNzvC
00:6AEA  4E 75  RTS                              A0=00006ABC A1=00C00000 A2=0000731A A3=00FF2CFE A4=00000100 A5=FFFF80C8 A6=00FF0BF0 A7=00FF0BD6 D0=0000000C D1=00000200 D2=00000006 D3=0000FFFF D4=0000FFFF D5=000000FF D6=00000004 D7=00004226 XNzvC
00:6AC6  4E 75  RTS                              A0=00006ABC A1=00C00000 A2=0000731A A3=00FF2CFE A4=00000100 A5=FFFF80C8 A6=00FF0BF0 A7=00FF0BDA D0=0000000C D1=00000200 D2=00000006 D3=0000FFFF D4=0000FFFF D5=000000FF D6=00000004 D7=00004226 XNzvC
00:69D6  60 E0  BRA     #$E0 [00:69B8]           A0=00006ABC A1=00C00000 A2=0000731A A3=00FF2CFE A4=00000100 A5=FFFF80C8 A6=00FF0BF0 A7=00FF0BDE D0=0000000C D1=00000200 D2=00000006 D3=0000FFFF D4=0000FFFF D5=000000FF D6=00000004 D7=00004226 XNzvC
00:69B8  1E 1A  MOVE.B  (A2)+,D7                 A0=00006ABC A1=00C00000 A2=0000731A A3=00FF2CFE A4=00000100 A5=FFFF80C8 A6=00FF0BF0 A7=00FF0BDE D0=0000000C D1=00000200 D2=00000006 D3=0000FFFF D4=0000FFFF D5=000000FF D6=00000004 D7=00004226 XNzvC
00:69BA  0C 07  CMPI.B  #$0C,D7                  A0=00006ABC A1=00C00000 A2=0000731B A3=00FF2CFE A4=00000100 A5=FFFF80C8 A6=00FF0BF0 A7=00FF0BDE D0=0000000C D1=00000200 D2=00000006 D3=0000FFFF D4=0000FFFF D5=000000FF D6=00000004 D7=0000420A Xnzvc
00:69BE  63 06  BLS     #$06 [00:69C6]           A0=00006ABC A1=00C00000 A2=0000731B A3=00FF2CFE A4=00000100 A5=FFFF80C8 A6=00FF0BF0 A7=00FF0BDE D0=0000000C D1=00000200 D2=00000006 D3=0000FFFF D4=0000FFFF D5=000000FF D6=00000004 D7=0000420A XNzvC
00:69C6  70 00  MOVEQ   #$00,D0                  A0=00006ABC A1=00C00000 A2=0000731B A3=00FF2CFE A4=00000100 A5=FFFF80C8 A6=00FF0BF0 A7=00FF0BDE D0=0000000C D1=00000200 D2=00000006 D3=0000FFFF D4=0000FFFF D5=000000FF D6=00000004 D7=0000420A XNzvC
00:69C8  10 07  MOVE.B  D7,D0                    A0=00006ABC A1=00C00000 A2=0000731B A3=00FF2CFE A4=00000100 A5=FFFF80C8 A6=00FF0BF0 A7=00FF0BDE D0=00000000 D1=00000200 D2=00000006 D3=0000FFFF D4=0000FFFF D5=000000FF D6=00000004 D7=0000420A XnZvc
00:69CA  D0 40  ADD.W   D0,D0                    A0=00006ABC A1=00C00000 A2=0000731B A3=00FF2CFE A4=00000100 A5=FFFF80C8 A6=00FF0BF0 A7=00FF0BDE D0=0000000A D1=00000200 D2=00000006 D3=0000FFFF D4=0000FFFF D5=000000FF D6=00000004 D7=0000420A Xnzvc
00:69CC  41 FA  LEA     $000A(PC),A0             A0=00006ABC A1=00C00000 A2=0000731B A3=00FF2CFE A4=00000100 A5=FFFF80C8 A6=00FF0BF0 A7=00FF0BDE D0=00000014 D1=00000200 D2=00000006 D3=0000FFFF D4=0000FFFF D5=000000FF D6=00000004 D7=0000420A xnzvc
00:69D0  D0 F0  ADDA.W  $00(A0,D0),A0            A0=000069D8 A1=00C00000 A2=0000731B A3=00FF2CFE A4=00000100 A5=FFFF80C8 A6=00FF0BF0 A7=00FF0BDE D0=00000014 D1=00000200 D2=00000006 D3=0000FFFF D4=0000FFFF D5=000000FF D6=00000004 D7=0000420A xnzvc
00:69D4  4E 90  JSR     (A0)                     A0=00006B1C A1=00C00000 A2=0000731B A3=00FF2CFE A4=00000100 A5=FFFF80C8 A6=00FF0BF0 A7=00FF0BDE D0=00000014 D1=00000200 D2=00000006 D3=0000FFFF D4=0000FFFF D5=000000FF D6=00000004 D7=0000420A xnzvc
00:6B1C  76 00  MOVEQ   #$00,D3                  A0=00006B1C A1=00C00000 A2=0000731B A3=00FF2CFE A4=00000100 A5=FFFF80C8 A6=00FF0BF0 A7=00FF0BDA D0=00000014 D1=00000200 D2=00000006 D3=0000FFFF D4=0000FFFF D5=000000FF D6=00000004 D7=0000420A xnzvc
00:6B1E  16 1A  MOVE.B  (A2)+,D3                 A0=00006B1C A1=00C00000 A2=0000731B A3=00FF2CFE A4=00000100 A5=FFFF80C8 A6=00FF0BF0 A7=00FF0BDA D0=00000014 D1=00000200 D2=00000006 D3=00000000 D4=0000FFFF D5=000000FF D6=00000004 D7=0000420A xnZvc
00:6B20  48 47  SWAP.W  D7                       A0=00006B1C A1=00C00000 A2=0000731C A3=00FF2CFE A4=00000100 A5=FFFF80C8 A6=00FF0BF0 A7=00FF0BDA D0=00000014 D1=00000200 D2=00000006 D3=0000001C D4=0000FFFF D5=000000FF D6=00000004 D7=0000420A xnzvc
00:6B22  42 47  CLR.W   D7                       A0=00006B1C A1=00C00000 A2=0000731C A3=00FF2CFE A4=00000100 A5=FFFF80C8 A6=00FF0BF0 A7=00FF0BDA D0=00000014 D1=00000200 D2=00000006 D3=0000001C D4=0000FFFF D5=000000FF D6=00000004 D7=420A0000 xnzvc
00:6B6C  1D 6E  MOVE.B  $FFF6(A6),$FFF4(A6)      A0=00006B1C A1=00C00000 A2=0000731C A3=00FF2CFE A4=00000100 A5=FFFF80C8 A6=00FF0BF0 A7=00FF0BD6 D0=0000001F D1=00000200 D2=00000006 D3=00000009 D4=0000FFFF D5=000000FF D6=00000004 D7=420A0000 XNzvC
00:6B72  60 C6  BRA     #$C6 [00:6B3A]           A0=00006B1C A1=00C00000 A2=0000731C A3=00FF2CFE A4=00000100 A5=FFFF80C8 A6=00FF0BF0 A7=00FF0BD6 D0=0000001F D1=00000200 D2=00000006 D3=00000009 D4=0000FFFF D5=000000FF D6=00000004 D7=420A0000 Xnzvc
00:6B3A  30 2E  MOVE.W  $FFFA(A6),D0             A0=00006B1C A1=00C00000 A2=0000731C A3=00FF2CFE A4=00000100 A5=FFFF80C8 A6=00FF0BF0 A7=00FF0BD6 D0=0000001F D1=00000200 D2=00000006 D3=00000009 D4=0000FFFF D5=000000FF D6=00000004 D7=420A0000 Xnzvc
00:6B3E  32 2E  MOVE.W  $FFFC(A6),D1             A0=00006B1C A1=00C00000 A2=0000731C A3=00FF2CFE A4=00000100 A5=FFFF80C8 A6=00FF0BF0 A7=00FF0BD6 D0=00000000 D1=00000200 D2=00000006 D3=00000009 D4=0000FFFF D5=000000FF D6=00000004 D7=420A0000 XnZvc
00:6B42  52 41  ADDQ.W  #1,D1                    A0=00006B1C A1=00C00000 A2=0000731C A3=00FF2CFE A4=00000100 A5=FFFF80C8 A6=00FF0BF0 A7=00FF0BD6 D0=00000000 D1=00000004 D2=00000006 D3=00000009 D4=0000FFFF D5=000000FF D6=00000004 D7=420A0000 Xnzvc
00:6B44  B2 78  CMP.W   ($8A72),D1               A0=00006B1C A1=00C00000 A2=0000731C A3=00FF2CFE A4=00000100 A5=FFFF80C8 A6=00FF0BF0 A7=00FF0BD6 D0=00000000 D1=00000005 D2=00000006 D3=00000009 D4=0000FFFF D5=000000FF D6=00000004 D7=420A0000 xnzvc
00:6B48  65 02  BCS     #$02 [00:6B4C]           A0=00006B1C A1=00C00000 A2=0000731C A3=00FF2CFE A4=00000100 A5=FFFF80C8 A6=00FF0BF0 A7=00FF0BD6 D0=00000000 D1=00000005 D2=00000006 D3=00000009 D4=0000FFFF D5=000000FF D6=00000004 D7=420A0000 xNzvC
00:6B4C  3D 41  MOVE.W  D1,$FFFC(A6)             A0=00006B1C A1=00C00000 A2=0000731C A3=00FF2CFE A4=00000100 A5=FFFF80C8 A6=00FF0BF0 A7=00FF0BD6 D0=00000000 D1=00000005 D2=00000006 D3=00000009 D4=0000FFFF D5=000000FF D6=00000004 D7=420A0000 xNzvC
00:6B50  3D 40  MOVE.W  D0,$FFFE(A6)             A0=00006B1C A1=00C00000 A2=0000731C A3=00FF2CFE A4=00000100 A5=FFFF80C8 A6=00FF0BF0 A7=00FF0BD6 D0=00000000 D1=00000005 D2=00000006 D3=00000009 D4=0000FFFF D5=000000FF D6=00000004 D7=420A0000 xnzvc
00:6B54  61 00  BSR     #$FF46 [00:6A9C]         A0=00006B1C A1=00C00000 A2=0000731C A3=00FF2CFE A4=00000100 A5=FFFF80C8 A6=00FF0BF0 A7=00FF0BD6 D0=00000000 D1=00000005 D2=00000006 D3=00000009 D4=0000FFFF D5=000000FF D6=00000004 D7=420A0000 xnZvc
00:6A9C  4E B8  JSR     ($05CA)                  A0=00006B1C A1=00C00000 A2=0000731C A3=00FF2CFE A4=00000100 A5=FFFF80C8 A6=00FF0BF0 A7=00FF0BD2 D0=00000000 D1=00000005 D2=00000006 D3=00000009 D4=0000FFFF D5=000000FF D6=00000004 D7=420A0000 xnZvc
00:05CA  D0 40  ADD.W   D0,D0                    A0=00006B1C A1=00C00000 A2=0000731C A3=00FF2CFE A4=00000100 A5=FFFF80C8 A6=00FF0BF0 A7=00FF0BCE D0=00000000 D1=00000005 D2=00000006 D3=00000009 D4=0000FFFF D5=000000FF D6=00000004 D7=420A0000 xnZvc
00:05CC  D2 41  ADD.W   D1,D1                    A0=00006B1C A1=00C00000 A2=0000731C A3=00FF2CFE A4=00000100 A5=FFFF80C8 A6=00FF0BF0 A7=00FF0BCE D0=00000000 D1=00000005 D2=00000006 D3=00000009 D4=0000FFFF D5=000000FF D6=00000004 D7=420A0000 xnZvc
00:05CE  14 38  MOVE.B  ($8A8A),D2               A0=00006B1C A1=00C00000 A2=0000731C A3=00FF2CFE A4=00000100 A5=FFFF80C8 A6=00FF0BF0 A7=00FF0BCE D0=00000000 D1=0000000A D2=00000006 D3=00000009 D4=0000FFFF D5=000000FF D6=00000004 D7=420A0000 xnzvc
00:05D2  E5 61  ASL.W   D2,D1                    A0=00006B1C A1=00C00000 A2=0000731C A3=00FF2CFE A4=00000100 A5=FFFF80C8 A6=00FF0BF0 A7=00FF0BCE D0=00000000 D1=0000000A D2=00000006 D3=00000009 D4=0000FFFF D5=000000FF D6=00000004 D7=420A0000 xnzvc
00:05D4  D0 41  ADD.W   D1,D0                    A0=00006B1C A1=00C00000 A2=0000731C A3=00FF2CFE A4=00000100 A5=FFFF80C8 A6=00FF0BF0 A7=00FF0BCE D0=00000000 D1=00000280 D2=00000006 D3=00000009 D4=0000FFFF D5=000000FF D6=00000004 D7=420A0000 xnzvc
00:05D6  4E 75  RTS                              A0=00006B1C A1=00C00000 A2=0000731C A3=00FF2CFE A4=00000100 A5=FFFF80C8 A6=00FF0BF0 A7=00FF0BCE D0=00000280 D1=00000280 D2=00000006 D3=00000009 D4=0000FFFF D5=000000FF D6=00000004 D7=420A0000 xnzvc
00:6AA0  D0 6E  ADD.W   $FFF2(A6),D0             A0=00006B1C A1=00C00000 A2=0000731C A3=00FF2CFE A4=00000100 A5=FFFF80C8 A6=00FF0BF0 A7=00FF0BD2 D0=00000280 D1=00000280 D2=00000006 D3=00000009 D4=0000FFFF D5=000000FF D6=00000004 D7=420A0000 xnzvc
00:6AA4  4E 75  RTS                              A0=00006B1C A1=00C00000 A2=0000731C A3=00FF2CFE A4=00000100 A5=FFFF80C8 A6=00FF0BF0 A7=00FF0BD2 D0=0000C280 D1=00000280 D2=00000006 D3=00000009 D4=0000FFFF D5=000000FF D6=00000004 D7=420A0000 xNzvc
00:6B58  4E B8  JSR     ($05A0)                  A0=00006B1C A1=00C00000 A2=0000731C A3=00FF2CFE A4=00000100 A5=FFFF80C8 A6=00FF0BF0 A7=00FF0BD6 D0=0000C280 D1=00000280 D2=00000006 D3=00000009 D4=0000FFFF D5=000000FF D6=00000004 D7=420A0000 xNzvc
00:05A0  E5 80  ASL.L   #2,D0                    A0=00006B1C A1=00C00000 A2=0000731C A3=00FF2CFE A4=00000100 A5=FFFF80C8 A6=00FF0BF0 A7=00FF0BD2 D0=0000C280 D1=00000280 D2=00000006 D3=00000009 D4=0000FFFF D5=000000FF D6=00000004 D7=420A0000 xNzvc
00:05A2  E4 48  LSR.W   #2,D0                    A0=00006B1C A1=00C00000 A2=0000731C A3=00FF2CFE A4=00000100 A5=FFFF80C8 A6=00FF0BF0 A7=00FF0BD2 D0=00030A00 D1=00000280 D2=00000006 D3=00000009 D4=0000FFFF D5=000000FF D6=00000004 D7=420A0000 xnzvc
00:05A4  00 40  ORI.W   #$4000,D0                A0=00006B1C A1=00C00000 A2=0000731C A3=00FF2CFE A4=00000100 A5=FFFF80C8 A6=00FF0BF0 A7=00FF0BD2 D0=00030280 D1=00000280 D2=00000006 D3=00000009 D4=0000FFFF D5=000000FF D6=00000004 D7=420A0000 xnzvc
00:05A8  48 40  SWAP.W  D0                       A0=00006B1C A1=00C00000 A2=0000731C A3=00FF2CFE A4=00000100 A5=FFFF80C8 A6=00FF0BF0 A7=00FF0BD2 D0=00034280 D1=00000280 D2=00000006 D3=00000009 D4=0000FFFF D5=000000FF D6=00000004 D7=420A0000 xnzvc
00:05AA  02 40  ANDI.W  #$0003,D0                A0=00006B1C A1=00C00000 A2=0000731C A3=00FF2CFE A4=00000100 A5=FFFF80C8 A6=00FF0BF0 A7=00FF0BD2 D0=42800003 D1=00000280 D2=00000006 D3=00000009 D4=0000FFFF D5=000000FF D6=00000004 D7=420A0000 xnzvc
00:05AE  23 C0  MOVE.L  D0,($00C00004)           A0=00006B1C A1=00C00000 A2=0000731C A3=00FF2CFE A4=00000100 A5=FFFF80C8 A6=00FF0BF0 A7=00FF0BD2 D0=42800003 D1=00000280 D2=00000006 D3=00000009 D4=0000FFFF D5=000000FF D6=00000004 D7=420A0000 xnzvc
00:05B4  4E 75  RTS                              A0=00006B1C A1=00C00000 A2=0000731C A3=00FF2CFE A4=00000100 A5=FFFF80C8 A6=00FF0BF0 A7=00FF0BD2 D0=42800003 D1=00000280 D2=00000006 D3=00000009 D4=0000FFFF D5=000000FF D6=00000004 D7=420A0000 xnzvc
00:6B5C  43 F9  LEA     ($00C00000),A1           A0=00006B1C A1=00C00000 A2=0000731C A3=00FF2CFE A4=00000100 A5=FFFF80C8 A6=00FF0BF0 A7=00FF0BD6 D0=42800003 D1=00000280 D2=00000006 D3=00000009 D4=0000FFFF D5=000000FF D6=00000004 D7=420A0000 xnzvc
00:6B62  4E 75  RTS                              A0=00006B1C A1=00C00000 A2=0000731C A3=00FF2CFE A4=00000100 A5=FFFF80C8 A6=00FF0BF0 A7=00FF0BD6 D0=42800003 D1=00000280 D2=00000006 D3=00000009 D4=0000FFFF D5=000000FF D6=00000004 D7=420A0000 xnzvc
00:6B2C  48 47  SWAP.W  D7                       A0=00006B1C A1=00C00000 A2=0000731C A3=00FF2CFE A4=00000100 A5=FFFF80C8 A6=00FF0BF0 A7=00FF0BDA D0=42800009 D1=00000280 D2=00000006 D3=0000FFFF D4=0000FFFF D5=000000FF D6=00000004 D7=420A0000 XNzvC
00:6B2E  4E 75  RTS                              A0=00006B1C A1=00C00000 A2=0000731C A3=00FF2CFE A4=00000100 A5=FFFF80C8 A6=00FF0BF0 A7=00FF0BDA D0=42800009 D1=00000280 D2=00000006 D3=0000FFFF D4=0000FFFF D5=000000FF D6=00000004 D7=0000420A Xnzvc
00:69D6  60 E0  BRA     #$E0 [00:69B8]           A0=00006B1C A1=00C00000 A2=0000731C A3=00FF2CFE A4=00000100 A5=FFFF80C8 A6=00FF0BF0 A7=00FF0BDE D0=42800009 D1=00000280 D2=00000006 D3=0000FFFF D4=0000FFFF D5=000000FF D6=00000004 D7=0000420A Xnzvc
00:69B8  1E 1A  MOVE.B  (A2)+,D7                 A0=00006B1C A1=00C00000 A2=0000731C A3=00FF2CFE A4=00000100 A5=FFFF80C8 A6=00FF0BF0 A7=00FF0BDE D0=42800009 D1=00000280 D2=00000006 D3=0000FFFF D4=0000FFFF D5=000000FF D6=00000004 D7=0000420A Xnzvc
00:69BA  0C 07  CMPI.B  #$0C,D7                  A0=00006B1C A1=00C00000 A2=0000731D A3=00FF2CFE A4=00000100 A5=FFFF80C8 A6=00FF0BF0 A7=00FF0BDE D0=42800009 D1=00000280 D2=00000006 D3=0000FFFF D4=0000FFFF D5=000000FF D6=00000004 D7=00004202 Xnzvc
00:69BE  63 06  BLS     #$06 [00:69C6]           A0=00006B1C A1=00C00000 A2=0000731D A3=00FF2CFE A4=00000100 A5=FFFF80C8 A6=00FF0BF0 A7=00FF0BDE D0=42800009 D1=00000280 D2=00000006 D3=0000FFFF D4=0000FFFF D5=000000FF D6=00000004 D7=00004202 XNzvC
00:69C6  70 00  MOVEQ   #$00,D0                  A0=00006B1C A1=00C00000 A2=0000731D A3=00FF2CFE A4=00000100 A5=FFFF80C8 A6=00FF0BF0 A7=00FF0BDE D0=42800009 D1=00000280 D2=00000006 D3=0000FFFF D4=0000FFFF D5=000000FF D6=00000004 D7=00004202 XNzvC
00:69C8  10 07  MOVE.B  D7,D0                    A0=00006B1C A1=00C00000 A2=0000731D A3=00FF2CFE A4=00000100 A5=FFFF80C8 A6=00FF0BF0 A7=00FF0BDE D0=00000000 D1=00000280 D2=00000006 D3=0000FFFF D4=0000FFFF D5=000000FF D6=00000004 D7=00004202 XnZvc
00:69CA  D0 40  ADD.W   D0,D0                    A0=00006B1C A1=00C00000 A2=0000731D A3=00FF2CFE A4=00000100 A5=FFFF80C8 A6=00FF0BF0 A7=00FF0BDE D0=00000002 D1=00000280 D2=00000006 D3=0000FFFF D4=0000FFFF D5=000000FF D6=00000004 D7=00004202 Xnzvc
00:69CC  41 FA  LEA     $000A(PC),A0             A0=00006B1C A1=00C00000 A2=0000731D A3=00FF2CFE A4=00000100 A5=FFFF80C8 A6=00FF0BF0 A7=00FF0BDE D0=00000004 D1=00000280 D2=00000006 D3=0000FFFF D4=0000FFFF D5=000000FF D6=00000004 D7=00004202 xnzvc
00:69D0  D0 F0  ADDA.W  $00(A0,D0),A0            A0=000069D8 A1=00C00000 A2=0000731D A3=00FF2CFE A4=00000100 A5=FFFF80C8 A6=00FF0BF0 A7=00FF0BDE D0=00000004 D1=00000280 D2=00000006 D3=0000FFFF D4=0000FFFF D5=000000FF D6=00000004 D7=00004202 xnzvc
00:69D4  4E 90  JSR     (A0)                     A0=00006AA6 A1=00C00000 A2=0000731D A3=00FF2CFE A4=00000100 A5=FFFF80C8 A6=00FF0BF0 A7=00FF0BDE D0=00000004 D1=00000280 D2=00000006 D3=0000FFFF D4=0000FFFF D5=000000FF D6=00000004 D7=00004202 xnzvc
00:6AA6  1E 1A  MOVE.B  (A2)+,D7                 A0=00006AA6 A1=00C00000 A2=0000731D A3=00FF2CFE A4=00000100 A5=FFFF80C8 A6=00FF0BF0 A7=00FF0BDA D0=00000004 D1=00000280 D2=00000006 D3=0000FFFF D4=0000FFFF D5=000000FF D6=00000004 D7=00004202 xnzvc
00:6AA8  E1 47  ASL.W   #8,D7                    A0=00006AA6 A1=00C00000 A2=0000731E A3=00FF2CFE A4=00000100 A5=FFFF80C8 A6=00FF0BF0 A7=00FF0BDA D0=00000004 D1=00000280 D2=00000006 D3=0000FFFF D4=0000FFFF D5=000000FF D6=00000004 D7=00004242 xnzvc
00:6AAA  4E 75  RTS                              A0=00006AA6 A1=00C00000 A2=0000731E A3=00FF2CFE A4=00000100 A5=FFFF80C8 A6=00FF0BF0 A7=00FF0BDA D0=00000004 D1=00000280 D2=00000006 D3=0000FFFF D4=0000FFFF D5=000000FF D6=00000004 D7=00004200 xnzVc
00:69D6  60 E0  BRA     #$E0 [00:69B8]           A0=00006AA6 A1=00C00000 A2=0000731E A3=00FF2CFE A4=00000100 A5=FFFF80C8 A6=00FF0BF0 A7=00FF0BDE D0=00000004 D1=00000280 D2=00000006 D3=0000FFFF D4=0000FFFF D5=000000FF D6=00000004 D7=00004200 xnzVc
00:69B8  1E 1A  MOVE.B  (A2)+,D7                 A0=00006AA6 A1=00C00000 A2=0000731E A3=00FF2CFE A4=00000100 A5=FFFF80C8 A6=00FF0BF0 A7=00FF0BDE D0=00000004 D1=00000280 D2=00000006 D3=0000FFFF D4=0000FFFF D5=000000FF D6=00000004 D7=00004200 xnzVc
00:69BA  0C 07  CMPI.B  #$0C,D7                  A0=00006AA6 A1=00C00000 A2=0000731F A3=00FF2CFE A4=00000100 A5=FFFF80C8 A6=00FF0BF0 A7=00FF0BDE D0=00000004 D1=00000280 D2=00000006 D3=0000FFFF D4=0000FFFF D5=000000FF D6=00000004 D7=00004204 xnzvc
00:69BE  63 06  BLS     #$06 [00:69C6]           A0=00006AA6 A1=00C00000 A2=0000731F A3=00FF2CFE A4=00000100 A5=FFFF80C8 A6=00FF0BF0 A7=00FF0BDE D0=00000004 D1=00000280 D2=00000006 D3=0000FFFF D4=0000FFFF D5=000000FF D6=00000004 D7=00004204 xNzvC
00:69C6  70 00  MOVEQ   #$00,D0                  A0=00006AA6 A1=00C00000 A2=0000731F A3=00FF2CFE A4=00000100 A5=FFFF80C8 A6=00FF0BF0 A7=00FF0BDE D0=00000004 D1=00000280 D2=00000006 D3=0000FFFF D4=0000FFFF D5=000000FF D6=00000004 D7=00004204 xNzvC
00:69C8  10 07  MOVE.B  D7,D0                    A0=00006AA6 A1=00C00000 A2=0000731F A3=00FF2CFE A4=00000100 A5=FFFF80C8 A6=00FF0BF0 A7=00FF0BDE D0=00000000 D1=00000280 D2=00000006 D3=0000FFFF D4=0000FFFF D5=000000FF D6=00000004 D7=00004204 xnZvc
00:69CA  D0 40  ADD.W   D0,D0                    A0=00006AA6 A1=00C00000 A2=0000731F A3=00FF2CFE A4=00000100 A5=FFFF80C8 A6=00FF0BF0 A7=00FF0BDE D0=00000004 D1=00000280 D2=00000006 D3=0000FFFF D4=0000FFFF D5=000000FF D6=00000004 D7=00004204 xnzvc
00:69CC  41 FA  LEA     $000A(PC),A0             A0=00006AA6 A1=00C00000 A2=0000731F A3=00FF2CFE A4=00000100 A5=FFFF80C8 A6=00FF0BF0 A7=00FF0BDE D0=00000008 D1=00000280 D2=00000006 D3=0000FFFF D4=0000FFFF D5=000000FF D6=00000004 D7=00004204 xnzvc
00:69D0  D0 F0  ADDA.W  $00(A0,D0),A0            A0=000069D8 A1=00C00000 A2=0000731F A3=00FF2CFE A4=00000100 A5=FFFF80C8 A6=00FF0BF0 A7=00FF0BDE D0=00000008 D1=00000280 D2=00000006 D3=0000FFFF D4=0000FFFF D5=000000FF D6=00000004 D7=00004204 xnzvc
00:69D4  4E 90  JSR     (A0)                     A0=00006ABC A1=00C00000 A2=0000731F A3=00FF2CFE A4=00000100 A5=FFFF80C8 A6=00FF0BF0 A7=00FF0BDE D0=00000008 D1=00000280 D2=00000006 D3=0000FFFF D4=0000FFFF D5=000000FF D6=00000004 D7=00004204 xnzvc
00:6ABC  76 00  MOVEQ   #$00,D3                  A0=00006ABC A1=00C00000 A2=0000731F A3=00FF2CFE A4=00000100 A5=FFFF80C8 A6=00FF0BF0 A7=00FF0BDA D0=00000008 D1=00000280 D2=00000006 D3=0000FFFF D4=0000FFFF D5=000000FF D6=00000004 D7=00004204 xnzvc
00:6ABE  16 1A  MOVE.B  (A2)+,D3                 A0=00006ABC A1=00C00000 A2=0000731F A3=00FF2CFE A4=00000100 A5=FFFF80C8 A6=00FF0BF0 A7=00FF0BDA D0=00000008 D1=00000280 D2=00000006 D3=00000000 D4=0000FFFF D5=000000FF D6=00000004 D7=00004204 xnZvc
00:6AC0  1E 1A  MOVE.B  (A2)+,D7                 A0=00006ABC A1=00C00000 A2=00007320 A3=00FF2CFE A4=00000100 A5=FFFF80C8 A6=00FF0BF0 A7=00FF0BDA D0=00000008 D1=00000280 D2=00000006 D3=00000002 D4=0000FFFF D5=000000FF D6=00000004 D7=00004204 xnzvc
00:6AC2  61 00  BSR     #$001C [00:6AE0]         A0=00006ABC A1=00C00000 A2=00007321 A3=00FF2CFE A4=00000100 A5=FFFF80C8 A6=00FF0BF0 A7=00FF0BDA D0=00000008 D1=00000280 D2=00000006 D3=00000002 D4=0000FFFF D5=000000FF D6=00000004 D7=00004233 xnzvc
00:6AE0  61 00  BSR     #$0082 [00:6B64]         A0=00006ABC A1=00C00000 A2=00007321 A3=00FF2CFE A4=00000100 A5=FFFF80C8 A6=00FF0BF0 A7=00FF0BD6 D0=00000008 D1=00000280 D2=00000006 D3=00000002 D4=0000FFFF D5=000000FF D6=00000004 D7=00004233 xnzvc
00:6AE4  52 07  ADDQ.B  #1,D7                    A0=00006ABC A1=00C00000 A2=00007321 A3=00FF2CFE A4=00000100 A5=FFFF80C8 A6=00FF0BF0 A7=00FF0BD6 D0=0000000A D1=00000280 D2=00000006 D3=00000002 D4=0000FFFF D5=000000FF D6=00000004 D7=00004233 xnzvc
00:6AE6  53 43  SUBQ.W  #1,D3                    A0=00006ABC A1=00C00000 A2=00007321 A3=00FF2CFE A4=00000100 A5=FFFF80C8 A6=00FF0BF0 A7=00FF0BD6 D0=0000000A D1=00000280 D2=00000006 D3=00000002 D4=0000FFFF D5=000000FF D6=00000004 D7=00004234 xnzvc
00:6AE8  6A F6  BPL     #$F6 [00:6AE0]           A0=00006ABC A1=00C00000 A2=00007321 A3=00FF2CFE A4=00000100 A5=FFFF80C8 A6=00FF0BF0 A7=00FF0BD6 D0=0000000A D1=00000280 D2=00000006 D3=00000001 D4=0000FFFF D5=000000FF D6=00000004 D7=00004234 xnzvc
00:6AE0  61 00  BSR     #$0082 [00:6B64]         A0=00006ABC A1=00C00000 A2=00007321 A3=00FF2CFE A4=00000100 A5=FFFF80C8 A6=00FF0BF0 A7=00FF0BD6 D0=0000000A D1=00000280 D2=00000006 D3=00000001 D4=0000FFFF D5=000000FF D6=00000004 D7=00004234 xnzvc
00:6AE4  52 07  ADDQ.B  #1,D7                    A0=00006ABC A1=00C00000 A2=00007321 A3=00FF2CFE A4=00000100 A5=FFFF80C8 A6=00FF0BF0 A7=00FF0BD6 D0=0000000B D1=00000280 D2=00000006 D3=00000001 D4=0000FFFF D5=000000FF D6=00000004 D7=00004234 xnzvc
00:6AE6  53 43  SUBQ.W  #1,D3                    A0=00006ABC A1=00C00000 A2=00007321 A3=00FF2CFE A4=00000100 A5=FFFF80C8 A6=00FF0BF0 A7=00FF0BD6 D0=0000000B D1=00000280 D2=00000006 D3=00000001 D4=0000FFFF D5=000000FF D6=00000004 D7=00004235 xnzvc
00:6AE8  6A F6  BPL     #$F6 [00:6AE0]           A0=00006ABC A1=00C00000 A2=00007321 A3=00FF2CFE A4=00000100 A5=FFFF80C8 A6=00FF0BF0 A7=00FF0BD6 D0=0000000B D1=00000280 D2=00000006 D3=00000000 D4=0000FFFF D5=000000FF D6=00000004 D7=00004235 xnZvc
00:6AE0  61 00  BSR     #$0082 [00:6B64]         A0=00006ABC A1=00C00000 A2=00007321 A3=00FF2CFE A4=00000100 A5=FFFF80C8 A6=00FF0BF0 A7=00FF0BD6 D0=0000000B D1=00000280 D2=00000006 D3=00000000 D4=0000FFFF D5=000000FF D6=00000004 D7=00004235 xnZvc
00:6AE4  52 07  ADDQ.B  #1,D7                    A0=00006ABC A1=00C00000 A2=00007321 A3=00FF2CFE A4=00000100 A5=FFFF80C8 A6=00FF0BF0 A7=00FF0BD6 D0=0000000C D1=00000280 D2=00000006 D3=00000000 D4=0000FFFF D5=000000FF D6=00000004 D7=00004235 xnzvc
00:6AE6  53 43  SUBQ.W  #1,D3                    A0=00006ABC A1=00C00000 A2=00007321 A3=00FF2CFE A4=00000100 A5=FFFF80C8 A6=00FF0BF0 A7=00FF0BD6 D0=0000000C D1=00000280 D2=00000006 D3=00000000 D4=0000FFFF D5=000000FF D6=00000004 D7=00004236 xnzvc
00:6AE8  6A F6  BPL     #$F6 [00:6AE0]           A0=00006ABC A1=00C00000 A2=00007321 A3=00FF2CFE A4=00000100 A5=FFFF80C8 A6=00FF0BF0 A7=00FF0BD6 D0=0000000C D1=00000280 D2=00000006 D3=0000FFFF D4=0000FFFF D5=000000FF D6=00000004 D7=00004236 XNzvC
00:6AEA  4E 75  RTS                              A0=00006ABC A1=00C00000 A2=00007321 A3=00FF2CFE A4=00000100 A5=FFFF80C8 A6=00FF0BF0 A7=00FF0BD6 D0=0000000C D1=00000280 D2=00000006 D3=0000FFFF D4=0000FFFF D5=000000FF D6=00000004 D7=00004236 XNzvC
00:6AC6  4E 75  RTS                              A0=00006ABC A1=00C00000 A2=00007321 A3=00FF2CFE A4=00000100 A5=FFFF80C8 A6=00FF0BF0 A7=00FF0BDA D0=0000000C D1=00000280 D2=00000006 D3=0000FFFF D4=0000FFFF D5=000000FF D6=00000004 D7=00004236 XNzvC
00:69D6  60 E0  BRA     #$E0 [00:69B8]           A0=00006ABC A1=00C00000 A2=00007321 A3=00FF2CFE A4=00000100 A5=FFFF80C8 A6=00FF0BF0 A7=00FF0BDE D0=0000000C D1=00000280 D2=00000006 D3=0000FFFF D4=0000FFFF D5=000000FF D6=00000004 D7=00004236 XNzvC
00:69B8  1E 1A  MOVE.B  (A2)+,D7                 A0=00006ABC A1=00C00000 A2=00007321 A3=00FF2CFE A4=00000100 A5=FFFF80C8 A6=00FF0BF0 A7=00FF0BDE D0=0000000C D1=00000280 D2=00000006 D3=0000FFFF D4=0000FFFF D5=000000FF D6=00000004 D7=00004236 XNzvC
00:69BA  0C 07  CMPI.B  #$0C,D7                  A0=00006ABC A1=00C00000 A2=00007322 A3=00FF2CFE A4=00000100 A5=FFFF80C8 A6=00FF0BF0 A7=00FF0BDE D0=0000000C D1=00000280 D2=00000006 D3=0000FFFF D4=0000FFFF D5=000000FF D6=00000004 D7=0000420A Xnzvc
00:69BE  63 06  BLS     #$06 [00:69C6]           A0=00006ABC A1=00C00000 A2=00007322 A3=00FF2CFE A4=00000100 A5=FFFF80C8 A6=00FF0BF0 A7=00FF0BDE D0=0000000C D1=00000280 D2=00000006 D3=0000FFFF D4=0000FFFF D5=000000FF D6=00000004 D7=0000420A XNzvC
00:69C6  70 00  MOVEQ   #$00,D0                  A0=00006ABC A1=00C00000 A2=00007322 A3=00FF2CFE A4=00000100 A5=FFFF80C8 A6=00FF0BF0 A7=00FF0BDE D0=0000000C D1=00000280 D2=00000006 D3=0000FFFF D4=0000FFFF D5=000000FF D6=00000004 D7=0000420A XNzvC
00:69C8  10 07  MOVE.B  D7,D0                    A0=00006ABC A1=00C00000 A2=00007322 A3=00FF2CFE A4=00000100 A5=FFFF80C8 A6=00FF0BF0 A7=00FF0BDE D0=00000000 D1=00000280 D2=00000006 D3=0000FFFF D4=0000FFFF D5=000000FF D6=00000004 D7=0000420A XnZvc
00:69CA  D0 40  ADD.W   D0,D0                    A0=00006ABC A1=00C00000 A2=00007322 A3=00FF2CFE A4=00000100 A5=FFFF80C8 A6=00FF0BF0 A7=00FF0BDE D0=0000000A D1=00000280 D2=00000006 D3=0000FFFF D4=0000FFFF D5=000000FF D6=00000004 D7=0000420A Xnzvc
00:69CC  41 FA  LEA     $000A(PC),A0             A0=00006ABC A1=00C00000 A2=00007322 A3=00FF2CFE A4=00000100 A5=FFFF80C8 A6=00FF0BF0 A7=00FF0BDE D0=00000014 D1=00000280 D2=00000006 D3=0000FFFF D4=0000FFFF D5=000000FF D6=00000004 D7=0000420A xnzvc
00:69D0  D0 F0  ADDA.W  $00(A0,D0),A0            A0=000069D8 A1=00C00000 A2=00007322 A3=00FF2CFE A4=00000100 A5=FFFF80C8 A6=00FF0BF0 A7=00FF0BDE D0=00000014 D1=00000280 D2=00000006 D3=0000FFFF D4=0000FFFF D5=000000FF D6=00000004 D7=0000420A xnzvc
00:69D4  4E 90  JSR     (A0)                     A0=00006B1C A1=00C00000 A2=00007322 A3=00FF2CFE A4=00000100 A5=FFFF80C8 A6=00FF0BF0 A7=00FF0BDE D0=00000014 D1=00000280 D2=00000006 D3=0000FFFF D4=0000FFFF D5=000000FF D6=00000004 D7=0000420A xnzvc
00:6B1C  76 00  MOVEQ   #$00,D3                  A0=00006B1C A1=00C00000 A2=00007322 A3=00FF2CFE A4=00000100 A5=FFFF80C8 A6=00FF0BF0 A7=00FF0BDA D0=00000014 D1=00000280 D2=00000006 D3=0000FFFF D4=0000FFFF D5=000000FF D6=00000004 D7=0000420A xnzvc
00:6B1E  16 1A  MOVE.B  (A2)+,D3                 A0=00006B1C A1=00C00000 A2=00007322 A3=00FF2CFE A4=00000100 A5=FFFF80C8 A6=00FF0BF0 A7=00FF0BDA D0=00000014 D1=00000280 D2=00000006 D3=00000000 D4=0000FFFF D5=000000FF D6=00000004 D7=0000420A xnZvc
00:6B20  48 47  SWAP.W  D7                       A0=00006B1C A1=00C00000 A2=00007323 A3=00FF2CFE A4=00000100 A5=FFFF80C8 A6=00FF0BF0 A7=00FF0BDA D0=00000014 D1=00000280 D2=00000006 D3=0000001A D4=0000FFFF D5=000000FF D6=00000004 D7=0000420A xnzvc
00:6B22  42 47  CLR.W   D7                       A0=00006B1C A1=00C00000 A2=00007323 A3=00FF2CFE A4=00000100 A5=FFFF80C8 A6=00FF0BF0 A7=00FF0BDA D0=00000014 D1=00000280 D2=00000006 D3=0000001A D4=0000FFFF D5=000000FF D6=00000004 D7=420A0000 xnzvc
00:6B6C  1D 6E  MOVE.B  $FFF6(A6),$FFF4(A6)      A0=00006B1C A1=00C00000 A2=00007323 A3=00FF2CFE A4=00000100 A5=FFFF80C8 A6=00FF0BF0 A7=00FF0BD6 D0=0000001F D1=00000280 D2=00000006 D3=00000007 D4=0000FFFF D5=000000FF D6=00000004 D7=420A0000 XNzvC
00:6B72  60 C6  BRA     #$C6 [00:6B3A]           A0=00006B1C A1=00C00000 A2=00007323 A3=00FF2CFE A4=00000100 A5=FFFF80C8 A6=00FF0BF0 A7=00FF0BD6 D0=0000001F D1=00000280 D2=00000006 D3=00000007 D4=0000FFFF D5=000000FF D6=00000004 D7=420A0000 Xnzvc
00:6B3A  30 2E  MOVE.W  $FFFA(A6),D0             A0=00006B1C A1=00C00000 A2=00007323 A3=00FF2CFE A4=00000100 A5=FFFF80C8 A6=00FF0BF0 A7=00FF0BD6 D0=0000001F D1=00000280 D2=00000006 D3=00000007 D4=0000FFFF D5=000000FF D6=00000004 D7=420A0000 Xnzvc
00:6B3E  32 2E  MOVE.W  $FFFC(A6),D1             A0=00006B1C A1=00C00000 A2=00007323 A3=00FF2CFE A4=00000100 A5=FFFF80C8 A6=00FF0BF0 A7=00FF0BD6 D0=00000000 D1=00000280 D2=00000006 D3=00000007 D4=0000FFFF D5=000000FF D6=00000004 D7=420A0000 XnZvc
00:6B42  52 41  ADDQ.W  #1,D1                    A0=00006B1C A1=00C00000 A2=00007323 A3=00FF2CFE A4=00000100 A5=FFFF80C8 A6=00FF0BF0 A7=00FF0BD6 D0=00000000 D1=00000005 D2=00000006 D3=00000007 D4=0000FFFF D5=000000FF D6=00000004 D7=420A0000 Xnzvc
00:6B44  B2 78  CMP.W   ($8A72),D1               A0=00006B1C A1=00C00000 A2=00007323 A3=00FF2CFE A4=00000100 A5=FFFF80C8 A6=00FF0BF0 A7=00FF0BD6 D0=00000000 D1=00000006 D2=00000006 D3=00000007 D4=0000FFFF D5=000000FF D6=00000004 D7=420A0000 xnzvc
00:6B48  65 02  BCS     #$02 [00:6B4C]           A0=00006B1C A1=00C00000 A2=00007323 A3=00FF2CFE A4=00000100 A5=FFFF80C8 A6=00FF0BF0 A7=00FF0BD6 D0=00000000 D1=00000006 D2=00000006 D3=00000007 D4=0000FFFF D5=000000FF D6=00000004 D7=420A0000 xNzvC
00:6B4C  3D 41  MOVE.W  D1,$FFFC(A6)             A0=00006B1C A1=00C00000 A2=00007323 A3=00FF2CFE A4=00000100 A5=FFFF80C8 A6=00FF0BF0 A7=00FF0BD6 D0=00000000 D1=00000006 D2=00000006 D3=00000007 D4=0000FFFF D5=000000FF D6=00000004 D7=420A0000 xNzvC
00:6B50  3D 40  MOVE.W  D0,$FFFE(A6)             A0=00006B1C A1=00C00000 A2=00007323 A3=00FF2CFE A4=00000100 A5=FFFF80C8 A6=00FF0BF0 A7=00FF0BD6 D0=00000000 D1=00000006 D2=00000006 D3=00000007 D4=0000FFFF D5=000000FF D6=00000004 D7=420A0000 xnzvc
00:6B54  61 00  BSR     #$FF46 [00:6A9C]         A0=00006B1C A1=00C00000 A2=00007323 A3=00FF2CFE A4=00000100 A5=FFFF80C8 A6=00FF0BF0 A7=00FF0BD6 D0=00000000 D1=00000006 D2=00000006 D3=00000007 D4=0000FFFF D5=000000FF D6=00000004 D7=420A0000 xnZvc
00:6A9C  4E B8  JSR     ($05CA)                  A0=00006B1C A1=00C00000 A2=00007323 A3=00FF2CFE A4=00000100 A5=FFFF80C8 A6=00FF0BF0 A7=00FF0BD2 D0=00000000 D1=00000006 D2=00000006 D3=00000007 D4=0000FFFF D5=000000FF D6=00000004 D7=420A0000 xnZvc
00:05CA  D0 40  ADD.W   D0,D0                    A0=00006B1C A1=00C00000 A2=00007323 A3=00FF2CFE A4=00000100 A5=FFFF80C8 A6=00FF0BF0 A7=00FF0BCE D0=00000000 D1=00000006 D2=00000006 D3=00000007 D4=0000FFFF D5=000000FF D6=00000004 D7=420A0000 xnZvc
00:05CC  D2 41  ADD.W   D1,D1                    A0=00006B1C A1=00C00000 A2=00007323 A3=00FF2CFE A4=00000100 A5=FFFF80C8 A6=00FF0BF0 A7=00FF0BCE D0=00000000 D1=00000006 D2=00000006 D3=00000007 D4=0000FFFF D5=000000FF D6=00000004 D7=420A0000 xnZvc
00:05CE  14 38  MOVE.B  ($8A8A),D2               A0=00006B1C A1=00C00000 A2=00007323 A3=00FF2CFE A4=00000100 A5=FFFF80C8 A6=00FF0BF0 A7=00FF0BCE D0=00000000 D1=0000000C D2=00000006 D3=00000007 D4=0000FFFF D5=000000FF D6=00000004 D7=420A0000 xnzvc
00:05D2  E5 61  ASL.W   D2,D1                    A0=00006B1C A1=00C00000 A2=00007323 A3=00FF2CFE A4=00000100 A5=FFFF80C8 A6=00FF0BF0 A7=00FF0BCE D0=00000000 D1=0000000C D2=00000006 D3=00000007 D4=0000FFFF D5=000000FF D6=00000004 D7=420A0000 xnzvc
00:05D4  D0 41  ADD.W   D1,D0                    A0=00006B1C A1=00C00000 A2=00007323 A3=00FF2CFE A4=00000100 A5=FFFF80C8 A6=00FF0BF0 A7=00FF0BCE D0=00000000 D1=00000300 D2=00000006 D3=00000007 D4=0000FFFF D5=000000FF D6=00000004 D7=420A0000 xnzvc
00:05D6  4E 75  RTS                              A0=00006B1C A1=00C00000 A2=00007323 A3=00FF2CFE A4=00000100 A5=FFFF80C8 A6=00FF0BF0 A7=00FF0BCE D0=00000300 D1=00000300 D2=00000006 D3=00000007 D4=0000FFFF D5=000000FF D6=00000004 D7=420A0000 xnzvc
00:6AA0  D0 6E  ADD.W   $FFF2(A6),D0             A0=00006B1C A1=00C00000 A2=00007323 A3=00FF2CFE A4=00000100 A5=FFFF80C8 A6=00FF0BF0 A7=00FF0BD2 D0=00000300 D1=00000300 D2=00000006 D3=00000007 D4=0000FFFF D5=000000FF D6=00000004 D7=420A0000 xnzvc
00:6AA4  4E 75  RTS                              A0=00006B1C A1=00C00000 A2=00007323 A3=00FF2CFE A4=00000100 A5=FFFF80C8 A6=00FF0BF0 A7=00FF0BD2 D0=0000C300 D1=00000300 D2=00000006 D3=00000007 D4=0000FFFF D5=000000FF D6=00000004 D7=420A0000 xNzvc
00:6B58  4E B8  JSR     ($05A0)                  A0=00006B1C A1=00C00000 A2=00007323 A3=00FF2CFE A4=00000100 A5=FFFF80C8 A6=00FF0BF0 A7=00FF0BD6 D0=0000C300 D1=00000300 D2=00000006 D3=00000007 D4=0000FFFF D5=000000FF D6=00000004 D7=420A0000 xNzvc
00:05A0  E5 80  ASL.L   #2,D0                    A0=00006B1C A1=00C00000 A2=00007323 A3=00FF2CFE A4=00000100 A5=FFFF80C8 A6=00FF0BF0 A7=00FF0BD2 D0=0000C300 D1=00000300 D2=00000006 D3=00000007 D4=0000FFFF D5=000000FF D6=00000004 D7=420A0000 xNzvc
00:05A2  E4 48  LSR.W   #2,D0                    A0=00006B1C A1=00C00000 A2=00007323 A3=00FF2CFE A4=00000100 A5=FFFF80C8 A6=00FF0BF0 A7=00FF0BD2 D0=00030C00 D1=00000300 D2=00000006 D3=00000007 D4=0000FFFF D5=000000FF D6=00000004 D7=420A0000 xnzvc
00:05A4  00 40  ORI.W   #$4000,D0                A0=00006B1C A1=00C00000 A2=00007323 A3=00FF2CFE A4=00000100 A5=FFFF80C8 A6=00FF0BF0 A7=00FF0BD2 D0=00030300 D1=00000300 D2=00000006 D3=00000007 D4=0000FFFF D5=000000FF D6=00000004 D7=420A0000 xnzvc
00:05A8  48 40  SWAP.W  D0                       A0=00006B1C A1=00C00000 A2=00007323 A3=00FF2CFE A4=00000100 A5=FFFF80C8 A6=00FF0BF0 A7=00FF0BD2 D0=00034300 D1=00000300 D2=00000006 D3=00000007 D4=0000FFFF D5=000000FF D6=00000004 D7=420A0000 xnzvc
00:05AA  02 40  ANDI.W  #$0003,D0                A0=00006B1C A1=00C00000 A2=00007323 A3=00FF2CFE A4=00000100 A5=FFFF80C8 A6=00FF0BF0 A7=00FF0BD2 D0=43000003 D1=00000300 D2=00000006 D3=00000007 D4=0000FFFF D5=000000FF D6=00000004 D7=420A0000 xnzvc
00:05AE  23 C0  MOVE.L  D0,($00C00004)           A0=00006B1C A1=00C00000 A2=00007323 A3=00FF2CFE A4=00000100 A5=FFFF80C8 A6=00FF0BF0 A7=00FF0BD2 D0=43000003 D1=00000300 D2=00000006 D3=00000007 D4=0000FFFF D5=000000FF D6=00000004 D7=420A0000 xnzvc
00:05B4  4E 75  RTS                              A0=00006B1C A1=00C00000 A2=00007323 A3=00FF2CFE A4=00000100 A5=FFFF80C8 A6=00FF0BF0 A7=00FF0BD2 D0=43000003 D1=00000300 D2=00000006 D3=00000007 D4=0000FFFF D5=000000FF D6=00000004 D7=420A0000 xnzvc
00:6B5C  43 F9  LEA     ($00C00000),A1           A0=00006B1C A1=00C00000 A2=00007323 A3=00FF2CFE A4=00000100 A5=FFFF80C8 A6=00FF0BF0 A7=00FF0BD6 D0=43000003 D1=00000300 D2=00000006 D3=00000007 D4=0000FFFF D5=000000FF D6=00000004 D7=420A0000 xnzvc
00:6B62  4E 75  RTS                              A0=00006B1C A1=00C00000 A2=00007323 A3=00FF2CFE A4=00000100 A5=FFFF80C8 A6=00FF0BF0 A7=00FF0BD6 D0=43000003 D1=00000300 D2=00000006 D3=00000007 D4=0000FFFF D5=000000FF D6=00000004 D7=420A0000 xnzvc
00:6B2C  48 47  SWAP.W  D7                       A0=00006B1C A1=00C00000 A2=00007323 A3=00FF2CFE A4=00000100 A5=FFFF80C8 A6=00FF0BF0 A7=00FF0BDA D0=43000007 D1=00000300 D2=00000006 D3=0000FFFF D4=0000FFFF D5=000000FF D6=00000004 D7=420A0000 XNzvC
00:6B2E  4E 75  RTS                              A0=00006B1C A1=00C00000 A2=00007323 A3=00FF2CFE A4=00000100 A5=FFFF80C8 A6=00FF0BF0 A7=00FF0BDA D0=43000007 D1=00000300 D2=00000006 D3=0000FFFF D4=0000FFFF D5=000000FF D6=00000004 D7=0000420A Xnzvc
00:69D6  60 E0  BRA     #$E0 [00:69B8]           A0=00006B1C A1=00C00000 A2=00007323 A3=00FF2CFE A4=00000100 A5=FFFF80C8 A6=00FF0BF0 A7=00FF0BDE D0=43000007 D1=00000300 D2=00000006 D3=0000FFFF D4=0000FFFF D5=000000FF D6=00000004 D7=0000420A Xnzvc
00:69B8  1E 1A  MOVE.B  (A2)+,D7                 A0=00006B1C A1=00C00000 A2=00007323 A3=00FF2CFE A4=00000100 A5=FFFF80C8 A6=00FF0BF0 A7=00FF0BDE D0=43000007 D1=00000300 D2=00000006 D3=0000FFFF D4=0000FFFF D5=000000FF D6=00000004 D7=0000420A Xnzvc
00:69BA  0C 07  CMPI.B  #$0C,D7                  A0=00006B1C A1=00C00000 A2=00007324 A3=00FF2CFE A4=00000100 A5=FFFF80C8 A6=00FF0BF0 A7=00FF0BDE D0=43000007 D1=00000300 D2=00000006 D3=0000FFFF D4=0000FFFF D5=000000FF D6=00000004 D7=00004202 Xnzvc
00:69BE  63 06  BLS     #$06 [00:69C6]           A0=00006B1C A1=00C00000 A2=00007324 A3=00FF2CFE A4=00000100 A5=FFFF80C8 A6=00FF0BF0 A7=00FF0BDE D0=43000007 D1=00000300 D2=00000006 D3=0000FFFF D4=0000FFFF D5=000000FF D6=00000004 D7=00004202 XNzvC
00:69C6  70 00  MOVEQ   #$00,D0                  A0=00006B1C A1=00C00000 A2=00007324 A3=00FF2CFE A4=00000100 A5=FFFF80C8 A6=00FF0BF0 A7=00FF0BDE D0=43000007 D1=00000300 D2=00000006 D3=0000FFFF D4=0000FFFF D5=000000FF D6=00000004 D7=00004202 XNzvC
00:69C8  10 07  MOVE.B  D7,D0                    A0=00006B1C A1=00C00000 A2=00007324 A3=00FF2CFE A4=00000100 A5=FFFF80C8 A6=00FF0BF0 A7=00FF0BDE D0=00000000 D1=00000300 D2=00000006 D3=0000FFFF D4=0000FFFF D5=000000FF D6=00000004 D7=00004202 XnZvc
00:69CA  D0 40  ADD.W   D0,D0                    A0=00006B1C A1=00C00000 A2=00007324 A3=00FF2CFE A4=00000100 A5=FFFF80C8 A6=00FF0BF0 A7=00FF0BDE D0=00000002 D1=00000300 D2=00000006 D3=0000FFFF D4=0000FFFF D5=000000FF D6=00000004 D7=00004202 Xnzvc
00:69CC  41 FA  LEA     $000A(PC),A0             A0=00006B1C A1=00C00000 A2=00007324 A3=00FF2CFE A4=00000100 A5=FFFF80C8 A6=00FF0BF0 A7=00FF0BDE D0=00000004 D1=00000300 D2=00000006 D3=0000FFFF D4=0000FFFF D5=000000FF D6=00000004 D7=00004202 xnzvc
00:69D0  D0 F0  ADDA.W  $00(A0,D0),A0            A0=000069D8 A1=00C00000 A2=00007324 A3=00FF2CFE A4=00000100 A5=FFFF80C8 A6=00FF0BF0 A7=00FF0BDE D0=00000004 D1=00000300 D2=00000006 D3=0000FFFF D4=0000FFFF D5=000000FF D6=00000004 D7=00004202 xnzvc
00:69D4  4E 90  JSR     (A0)                     A0=00006AA6 A1=00C00000 A2=00007324 A3=00FF2CFE A4=00000100 A5=FFFF80C8 A6=00FF0BF0 A7=00FF0BDE D0=00000004 D1=00000300 D2=00000006 D3=0000FFFF D4=0000FFFF D5=000000FF D6=00000004 D7=00004202 xnzvc
00:6AA6  1E 1A  MOVE.B  (A2)+,D7                 A0=00006AA6 A1=00C00000 A2=00007324 A3=00FF2CFE A4=00000100 A5=FFFF80C8 A6=00FF0BF0 A7=00FF0BDA D0=00000004 D1=00000300 D2=00000006 D3=0000FFFF D4=0000FFFF D5=000000FF D6=00000004 D7=00004202 xnzvc
00:6AA8  E1 47  ASL.W   #8,D7                    A0=00006AA6 A1=00C00000 A2=00007325 A3=00FF2CFE A4=00000100 A5=FFFF80C8 A6=00FF0BF0 A7=00FF0BDA D0=00000004 D1=00000300 D2=00000006 D3=0000FFFF D4=0000FFFF D5=000000FF D6=00000004 D7=00004242 xnzvc
00:6AAA  4E 75  RTS                              A0=00006AA6 A1=00C00000 A2=00007325 A3=00FF2CFE A4=00000100 A5=FFFF80C8 A6=00FF0BF0 A7=00FF0BDA D0=00000004 D1=00000300 D2=00000006 D3=0000FFFF D4=0000FFFF D5=000000FF D6=00000004 D7=00004200 xnzVc
00:69D6  60 E0  BRA     #$E0 [00:69B8]           A0=00006AA6 A1=00C00000 A2=00007325 A3=00FF2CFE A4=00000100 A5=FFFF80C8 A6=00FF0BF0 A7=00FF0BDE D0=00000004 D1=00000300 D2=00000006 D3=0000FFFF D4=0000FFFF D5=000000FF D6=00000004 D7=00004200 xnzVc
00:69B8  1E 1A  MOVE.B  (A2)+,D7                 A0=00006AA6 A1=00C00000 A2=00007325 A3=00FF2CFE A4=00000100 A5=FFFF80C8 A6=00FF0BF0 A7=00FF0BDE D0=00000004 D1=00000300 D2=00000006 D3=0000FFFF D4=0000FFFF D5=000000FF D6=00000004 D7=00004200 xnzVc
00:69BA  0C 07  CMPI.B  #$0C,D7                  A0=00006AA6 A1=00C00000 A2=00007326 A3=00FF2CFE A4=00000100 A5=FFFF80C8 A6=00FF0BF0 A7=00FF0BDE D0=00000004 D1=00000300 D2=00000006 D3=0000FFFF D4=0000FFFF D5=000000FF D6=00000004 D7=00004204 xnzvc
00:69BE  63 06  BLS     #$06 [00:69C6]           A0=00006AA6 A1=00C00000 A2=00007326 A3=00FF2CFE A4=00000100 A5=FFFF80C8 A6=00FF0BF0 A7=00FF0BDE D0=00000004 D1=00000300 D2=00000006 D3=0000FFFF D4=0000FFFF D5=000000FF D6=00000004 D7=00004204 xNzvC
00:69C6  70 00  MOVEQ   #$00,D0                  A0=00006AA6 A1=00C00000 A2=00007326 A3=00FF2CFE A4=00000100 A5=FFFF80C8 A6=00FF0BF0 A7=00FF0BDE D0=00000004 D1=00000300 D2=00000006 D3=0000FFFF D4=0000FFFF D5=000000FF D6=00000004 D7=00004204 xNzvC
00:69C8  10 07  MOVE.B  D7,D0                    A0=00006AA6 A1=00C00000 A2=00007326 A3=00FF2CFE A4=00000100 A5=FFFF80C8 A6=00FF0BF0 A7=00FF0BDE D0=00000000 D1=00000300 D2=00000006 D3=0000FFFF D4=0000FFFF D5=000000FF D6=00000004 D7=00004204 xnZvc
00:69CA  D0 40  ADD.W   D0,D0                    A0=00006AA6 A1=00C00000 A2=00007326 A3=00FF2CFE A4=00000100 A5=FFFF80C8 A6=00FF0BF0 A7=00FF0BDE D0=00000004 D1=00000300 D2=00000006 D3=0000FFFF D4=0000FFFF D5=000000FF D6=00000004 D7=00004204 xnzvc
00:69CC  41 FA  LEA     $000A(PC),A0             A0=00006AA6 A1=00C00000 A2=00007326 A3=00FF2CFE A4=00000100 A5=FFFF80C8 A6=00FF0BF0 A7=00FF0BDE D0=00000008 D1=00000300 D2=00000006 D3=0000FFFF D4=0000FFFF D5=000000FF D6=00000004 D7=00004204 xnzvc
00:69D0  D0 F0  ADDA.W  $00(A0,D0),A0            A0=000069D8 A1=00C00000 A2=00007326 A3=00FF2CFE A4=00000100 A5=FFFF80C8 A6=00FF0BF0 A7=00FF0BDE D0=00000008 D1=00000300 D2=00000006 D3=0000FFFF D4=0000FFFF D5=000000FF D6=00000004 D7=00004204 xnzvc
00:69D4  4E 90  JSR     (A0)                     A0=00006ABC A1=00C00000 A2=00007326 A3=00FF2CFE A4=00000100 A5=FFFF80C8 A6=00FF0BF0 A7=00FF0BDE D0=00000008 D1=00000300 D2=00000006 D3=0000FFFF D4=0000FFFF D5=000000FF D6=00000004 D7=00004204 xnzvc
00:6ABC  76 00  MOVEQ   #$00,D3                  A0=00006ABC A1=00C00000 A2=00007326 A3=00FF2CFE A4=00000100 A5=FFFF80C8 A6=00FF0BF0 A7=00FF0BDA D0=00000008 D1=00000300 D2=00000006 D3=0000FFFF D4=0000FFFF D5=000000FF D6=00000004 D7=00004204 xnzvc
00:6ABE  16 1A  MOVE.B  (A2)+,D3                 A0=00006ABC A1=00C00000 A2=00007326 A3=00FF2CFE A4=00000100 A5=FFFF80C8 A6=00FF0BF0 A7=00FF0BDA D0=00000008 D1=00000300 D2=00000006 D3=00000000 D4=0000FFFF D5=000000FF D6=00000004 D7=00004204 xnZvc
00:6AC0  1E 1A  MOVE.B  (A2)+,D7                 A0=00006ABC A1=00C00000 A2=00007327 A3=00FF2CFE A4=00000100 A5=FFFF80C8 A6=00FF0BF0 A7=00FF0BDA D0=00000008 D1=00000300 D2=00000006 D3=00000004 D4=0000FFFF D5=000000FF D6=00000004 D7=00004204 xnzvc
00:6AC2  61 00  BSR     #$001C [00:6AE0]         A0=00006ABC A1=00C00000 A2=00007328 A3=00FF2CFE A4=00000100 A5=FFFF80C8 A6=00FF0BF0 A7=00FF0BDA D0=00000008 D1=00000300 D2=00000006 D3=00000004 D4=0000FFFF D5=000000FF D6=00000004 D7=00004226 xnzvc
00:6AE0  61 00  BSR     #$0082 [00:6B64]         A0=00006ABC A1=00C00000 A2=00007328 A3=00FF2CFE A4=00000100 A5=FFFF80C8 A6=00FF0BF0 A7=00FF0BD6 D0=00000008 D1=00000300 D2=00000006 D3=00000004 D4=0000FFFF D5=000000FF D6=00000004 D7=00004226 xnzvc
00:6AE4  52 07  ADDQ.B  #1,D7                    A0=00006ABC A1=00C00000 A2=00007328 A3=00FF2CFE A4=00000100 A5=FFFF80C8 A6=00FF0BF0 A7=00FF0BD6 D0=00000008 D1=00000300 D2=00000006 D3=00000004 D4=0000FFFF D5=000000FF D6=00000004 D7=00004226 xnzvc
00:6AE6  53 43  SUBQ.W  #1,D3                    A0=00006ABC A1=00C00000 A2=00007328 A3=00FF2CFE A4=00000100 A5=FFFF80C8 A6=00FF0BF0 A7=00FF0BD6 D0=00000008 D1=00000300 D2=00000006 D3=00000004 D4=0000FFFF D5=000000FF D6=00000004 D7=00004227 xnzvc
00:6AE8  6A F6  BPL     #$F6 [00:6AE0]           A0=00006ABC A1=00C00000 A2=00007328 A3=00FF2CFE A4=00000100 A5=FFFF80C8 A6=00FF0BF0 A7=00FF0BD6 D0=00000008 D1=00000300 D2=00000006 D3=00000003 D4=0000FFFF D5=000000FF D6=00000004 D7=00004227 xnzvc
00:6AE0  61 00  BSR     #$0082 [00:6B64]         A0=00006ABC A1=00C00000 A2=00007328 A3=00FF2CFE A4=00000100 A5=FFFF80C8 A6=00FF0BF0 A7=00FF0BD6 D0=00000008 D1=00000300 D2=00000006 D3=00000003 D4=0000FFFF D5=000000FF D6=00000004 D7=00004227 xnzvc
00:6AE4  52 07  ADDQ.B  #1,D7                    A0=00006ABC A1=00C00000 A2=00007328 A3=00FF2CFE A4=00000100 A5=FFFF80C8 A6=00FF0BF0 A7=00FF0BD6 D0=00000009 D1=00000300 D2=00000006 D3=00000003 D4=0000FFFF D5=000000FF D6=00000004 D7=00004227 xnzvc
00:6AE6  53 43  SUBQ.W  #1,D3                    A0=00006ABC A1=00C00000 A2=00007328 A3=00FF2CFE A4=00000100 A5=FFFF80C8 A6=00FF0BF0 A7=00FF0BD6 D0=00000009 D1=00000300 D2=00000006 D3=00000003 D4=0000FFFF D5=000000FF D6=00000004 D7=00004228 xnzvc
00:6AE8  6A F6  BPL     #$F6 [00:6AE0]           A0=00006ABC A1=00C00000 A2=00007328 A3=00FF2CFE A4=00000100 A5=FFFF80C8 A6=00FF0BF0 A7=00FF0BD6 D0=00000009 D1=00000300 D2=00000006 D3=00000002 D4=0000FFFF D5=000000FF D6=00000004 D7=00004228 xnzvc
00:6AE0  61 00  BSR     #$0082 [00:6B64]         A0=00006ABC A1=00C00000 A2=00007328 A3=00FF2CFE A4=00000100 A5=FFFF80C8 A6=00FF0BF0 A7=00FF0BD6 D0=00000009 D1=00000300 D2=00000006 D3=00000002 D4=0000FFFF D5=000000FF D6=00000004 D7=00004228 xnzvc
00:6AE4  52 07  ADDQ.B  #1,D7                    A0=00006ABC A1=00C00000 A2=00007328 A3=00FF2CFE A4=00000100 A5=FFFF80C8 A6=00FF0BF0 A7=00FF0BD6 D0=0000000A D1=00000300 D2=00000006 D3=00000002 D4=0000FFFF D5=000000FF D6=00000004 D7=00004228 xnzvc
00:6AE6  53 43  SUBQ.W  #1,D3                    A0=00006ABC A1=00C00000 A2=00007328 A3=00FF2CFE A4=00000100 A5=FFFF80C8 A6=00FF0BF0 A7=00FF0BD6 D0=0000000A D1=00000300 D2=00000006 D3=00000002 D4=0000FFFF D5=000000FF D6=00000004 D7=00004229 xnzvc
00:6AE8  6A F6  BPL     #$F6 [00:6AE0]           A0=00006ABC A1=00C00000 A2=00007328 A3=00FF2CFE A4=00000100 A5=FFFF80C8 A6=00FF0BF0 A7=00FF0BD6 D0=0000000A D1=00000300 D2=00000006 D3=00000001 D4=0000FFFF D5=000000FF D6=00000004 D7=00004229 xnzvc
00:6AE0  61 00  BSR     #$0082 [00:6B64]         A0=00006ABC A1=00C00000 A2=00007328 A3=00FF2CFE A4=00000100 A5=FFFF80C8 A6=00FF0BF0 A7=00FF0BD6 D0=0000000A D1=00000300 D2=00000006 D3=00000001 D4=0000FFFF D5=000000FF D6=00000004 D7=00004229 xnzvc
00:6AE4  52 07  ADDQ.B  #1,D7                    A0=00006ABC A1=00C00000 A2=00007328 A3=00FF2CFE A4=00000100 A5=FFFF80C8 A6=00FF0BF0 A7=00FF0BD6 D0=0000000B D1=00000300 D2=00000006 D3=00000001 D4=0000FFFF D5=000000FF D6=00000004 D7=00004229 xnzvc
00:6AE6  53 43  SUBQ.W  #1,D3                    A0=00006ABC A1=00C00000 A2=00007328 A3=00FF2CFE A4=00000100 A5=FFFF80C8 A6=00FF0BF0 A7=00FF0BD6 D0=0000000B D1=00000300 D2=00000006 D3=00000001 D4=0000FFFF D5=000000FF D6=00000004 D7=0000422A xnzvc
00:6AE8  6A F6  BPL     #$F6 [00:6AE0]           A0=00006ABC A1=00C00000 A2=00007328 A3=00FF2CFE A4=00000100 A5=FFFF80C8 A6=00FF0BF0 A7=00FF0BD6 D0=0000000B D1=00000300 D2=00000006 D3=00000000 D4=0000FFFF D5=000000FF D6=00000004 D7=0000422A xnZvc
00:6AE0  61 00  BSR     #$0082 [00:6B64]         A0=00006ABC A1=00C00000 A2=00007328 A3=00FF2CFE A4=00000100 A5=FFFF80C8 A6=00FF0BF0 A7=00FF0BD6 D0=0000000B D1=00000300 D2=00000006 D3=00000000 D4=0000FFFF D5=000000FF D6=00000004 D7=0000422A xnZvc
00:6AE4  52 07  ADDQ.B  #1,D7                    A0=00006ABC A1=00C00000 A2=00007328 A3=00FF2CFE A4=00000100 A5=FFFF80C8 A6=00FF0BF0 A7=00FF0BD6 D0=0000000C D1=00000300 D2=00000006 D3=00000000 D4=0000FFFF D5=000000FF D6=00000004 D7=0000422A xnzvc
00:6AE6  53 43  SUBQ.W  #1,D3                    A0=00006ABC A1=00C00000 A2=00007328 A3=00FF2CFE A4=00000100 A5=FFFF80C8 A6=00FF0BF0 A7=00FF0BD6 D0=0000000C D1=00000300 D2=00000006 D3=00000000 D4=0000FFFF D5=000000FF D6=00000004 D7=0000422B xnzvc
00:6AE8  6A F6  BPL     #$F6 [00:6AE0]           A0=00006ABC A1=00C00000 A2=00007328 A3=00FF2CFE A4=00000100 A5=FFFF80C8 A6=00FF0BF0 A7=00FF0BD6 D0=0000000C D1=00000300 D2=00000006 D3=0000FFFF D4=0000FFFF D5=000000FF D6=00000004 D7=0000422B XNzvC
00:6AEA  4E 75  RTS                              A0=00006ABC A1=00C00000 A2=00007328 A3=00FF2CFE A4=00000100 A5=FFFF80C8 A6=00FF0BF0 A7=00FF0BD6 D0=0000000C D1=00000300 D2=00000006 D3=0000FFFF D4=0000FFFF D5=000000FF D6=00000004 D7=0000422B XNzvC
00:6AC6  4E 75  RTS                              A0=00006ABC A1=00C00000 A2=00007328 A3=00FF2CFE A4=00000100 A5=FFFF80C8 A6=00FF0BF0 A7=00FF0BDA D0=0000000C D1=00000300 D2=00000006 D3=0000FFFF D4=0000FFFF D5=000000FF D6=00000004 D7=0000422B XNzvC
00:69D6  60 E0  BRA     #$E0 [00:69B8]           A0=00006ABC A1=00C00000 A2=00007328 A3=00FF2CFE A4=00000100 A5=FFFF80C8 A6=00FF0BF0 A7=00FF0BDE D0=0000000C D1=00000300 D2=00000006 D3=0000FFFF D4=0000FFFF D5=000000FF D6=00000004 D7=0000422B XNzvC
00:69B8  1E 1A  MOVE.B  (A2)+,D7                 A0=00006ABC A1=00C00000 A2=00007328 A3=00FF2CFE A4=00000100 A5=FFFF80C8 A6=00FF0BF0 A7=00FF0BDE D0=0000000C D1=00000300 D2=00000006 D3=0000FFFF D4=0000FFFF D5=000000FF D6=00000004 D7=0000422B XNzvC
00:69BA  0C 07  CMPI.B  #$0C,D7                  A0=00006ABC A1=00C00000 A2=00007329 A3=00FF2CFE A4=00000100 A5=FFFF80C8 A6=00FF0BF0 A7=00FF0BDE D0=0000000C D1=00000300 D2=00000006 D3=0000FFFF D4=0000FFFF D5=000000FF D6=00000004 D7=0000420A Xnzvc
00:69BE  63 06  BLS     #$06 [00:69C6]           A0=00006ABC A1=00C00000 A2=00007329 A3=00FF2CFE A4=00000100 A5=FFFF80C8 A6=00FF0BF0 A7=00FF0BDE D0=0000000C D1=00000300 D2=00000006 D3=0000FFFF D4=0000FFFF D5=000000FF D6=00000004 D7=0000420A XNzvC
00:69C6  70 00  MOVEQ   #$00,D0                  A0=00006ABC A1=00C00000 A2=00007329 A3=00FF2CFE A4=00000100 A5=FFFF80C8 A6=00FF0BF0 A7=00FF0BDE D0=0000000C D1=00000300 D2=00000006 D3=0000FFFF D4=0000FFFF D5=000000FF D6=00000004 D7=0000420A XNzvC
00:69C8  10 07  MOVE.B  D7,D0                    A0=00006ABC A1=00C00000 A2=00007329 A3=00FF2CFE A4=00000100 A5=FFFF80C8 A6=00FF0BF0 A7=00FF0BDE D0=00000000 D1=00000300 D2=00000006 D3=0000FFFF D4=0000FFFF D5=000000FF D6=00000004 D7=0000420A XnZvc
00:69CA  D0 40  ADD.W   D0,D0                    A0=00006ABC A1=00C00000 A2=00007329 A3=00FF2CFE A4=00000100 A5=FFFF80C8 A6=00FF0BF0 A7=00FF0BDE D0=0000000A D1=00000300 D2=00000006 D3=0000FFFF D4=0000FFFF D5=000000FF D6=00000004 D7=0000420A Xnzvc
00:69CC  41 FA  LEA     $000A(PC),A0             A0=00006ABC A1=00C00000 A2=00007329 A3=00FF2CFE A4=00000100 A5=FFFF80C8 A6=00FF0BF0 A7=00FF0BDE D0=00000014 D1=00000300 D2=00000006 D3=0000FFFF D4=0000FFFF D5=000000FF D6=00000004 D7=0000420A xnzvc
00:69D0  D0 F0  ADDA.W  $00(A0,D0),A0            A0=000069D8 A1=00C00000 A2=00007329 A3=00FF2CFE A4=00000100 A5=FFFF80C8 A6=00FF0BF0 A7=00FF0BDE D0=00000014 D1=00000300 D2=00000006 D3=0000FFFF D4=0000FFFF D5=000000FF D6=00000004 D7=0000420A xnzvc
00:69D4  4E 90  JSR     (A0)                     A0=00006B1C A1=00C00000 A2=00007329 A3=00FF2CFE A4=00000100 A5=FFFF80C8 A6=00FF0BF0 A7=00FF0BDE D0=00000014 D1=00000300 D2=00000006 D3=0000FFFF D4=0000FFFF D5=000000FF D6=00000004 D7=0000420A xnzvc
00:6B1C  76 00  MOVEQ   #$00,D3                  A0=00006B1C A1=00C00000 A2=00007329 A3=00FF2CFE A4=00000100 A5=FFFF80C8 A6=00FF0BF0 A7=00FF0BDA D0=00000014 D1=00000300 D2=00000006 D3=0000FFFF D4=0000FFFF D5=000000FF D6=00000004 D7=0000420A xnzvc
00:6B1E  16 1A  MOVE.B  (A2)+,D3                 A0=00006B1C A1=00C00000 A2=00007329 A3=00FF2CFE A4=00000100 A5=FFFF80C8 A6=00FF0BF0 A7=00FF0BDA D0=00000014 D1=00000300 D2=00000006 D3=00000000 D4=0000FFFF D5=000000FF D6=00000004 D7=0000420A xnZvc
00:6B20  48 47  SWAP.W  D7                       A0=00006B1C A1=00C00000 A2=0000732A A3=00FF2CFE A4=00000100 A5=FFFF80C8 A6=00FF0BF0 A7=00FF0BDA D0=00000014 D1=00000300 D2=00000006 D3=0000001A D4=0000FFFF D5=000000FF D6=00000004 D7=0000420A xnzvc
00:6B22  42 47  CLR.W   D7                       A0=00006B1C A1=00C00000 A2=0000732A A3=00FF2CFE A4=00000100 A5=FFFF80C8 A6=00FF0BF0 A7=00FF0BDA D0=00000014 D1=00000300 D2=00000006 D3=0000001A D4=0000FFFF D5=000000FF D6=00000004 D7=420A0000 xnzvc
00:6B6C  1D 6E  MOVE.B  $FFF6(A6),$FFF4(A6)      A0=00006B1C A1=00C00000 A2=0000732A A3=00FF2CFE A4=00000100 A5=FFFF80C8 A6=00FF0BF0 A7=00FF0BD6 D0=0000001F D1=00000300 D2=00000006 D3=00000007 D4=0000FFFF D5=000000FF D6=00000004 D7=420A0000 XNzvC
00:6B72  60 C6  BRA     #$C6 [00:6B3A]           A0=00006B1C A1=00C00000 A2=0000732A A3=00FF2CFE A4=00000100 A5=FFFF80C8 A6=00FF0BF0 A7=00FF0BD6 D0=0000001F D1=00000300 D2=00000006 D3=00000007 D4=0000FFFF D5=000000FF D6=00000004 D7=420A0000 Xnzvc
00:6B3A  30 2E  MOVE.W  $FFFA(A6),D0             A0=00006B1C A1=00C00000 A2=0000732A A3=00FF2CFE A4=00000100 A5=FFFF80C8 A6=00FF0BF0 A7=00FF0BD6 D0=0000001F D1=00000300 D2=00000006 D3=00000007 D4=0000FFFF D5=000000FF D6=00000004 D7=420A0000 Xnzvc
00:6B3E  32 2E  MOVE.W  $FFFC(A6),D1             A0=00006B1C A1=00C00000 A2=0000732A A3=00FF2CFE A4=00000100 A5=FFFF80C8 A6=00FF0BF0 A7=00FF0BD6 D0=00000000 D1=00000300 D2=00000006 D3=00000007 D4=0000FFFF D5=000000FF D6=00000004 D7=420A0000 XnZvc
00:6B42  52 41  ADDQ.W  #1,D1                    A0=00006B1C A1=00C00000 A2=0000732A A3=00FF2CFE A4=00000100 A5=FFFF80C8 A6=00FF0BF0 A7=00FF0BD6 D0=00000000 D1=00000006 D2=00000006 D3=00000007 D4=0000FFFF D5=000000FF D6=00000004 D7=420A0000 Xnzvc
00:6B44  B2 78  CMP.W   ($8A72),D1               A0=00006B1C A1=00C00000 A2=0000732A A3=00FF2CFE A4=00000100 A5=FFFF80C8 A6=00FF0BF0 A7=00FF0BD6 D0=00000000 D1=00000007 D2=00000006 D3=00000007 D4=0000FFFF D5=000000FF D6=00000004 D7=420A0000 xnzvc
00:6B48  65 02  BCS     #$02 [00:6B4C]           A0=00006B1C A1=00C00000 A2=0000732A A3=00FF2CFE A4=00000100 A5=FFFF80C8 A6=00FF0BF0 A7=00FF0BD6 D0=00000000 D1=00000007 D2=00000006 D3=00000007 D4=0000FFFF D5=000000FF D6=00000004 D7=420A0000 xNzvC
00:6B4C  3D 41  MOVE.W  D1,$FFFC(A6)             A0=00006B1C A1=00C00000 A2=0000732A A3=00FF2CFE A4=00000100 A5=FFFF80C8 A6=00FF0BF0 A7=00FF0BD6 D0=00000000 D1=00000007 D2=00000006 D3=00000007 D4=0000FFFF D5=000000FF D6=00000004 D7=420A0000 xNzvC
00:6B50  3D 40  MOVE.W  D0,$FFFE(A6)             A0=00006B1C A1=00C00000 A2=0000732A A3=00FF2CFE A4=00000100 A5=FFFF80C8 A6=00FF0BF0 A7=00FF0BD6 D0=00000000 D1=00000007 D2=00000006 D3=00000007 D4=0000FFFF D5=000000FF D6=00000004 D7=420A0000 xnzvc
00:6B54  61 00  BSR     #$FF46 [00:6A9C]         A0=00006B1C A1=00C00000 A2=0000732A A3=00FF2CFE A4=00000100 A5=FFFF80C8 A6=00FF0BF0 A7=00FF0BD6 D0=00000000 D1=00000007 D2=00000006 D3=00000007 D4=0000FFFF D5=000000FF D6=00000004 D7=420A0000 xnZvc
00:6A9C  4E B8  JSR     ($05CA)                  A0=00006B1C A1=00C00000 A2=0000732A A3=00FF2CFE A4=00000100 A5=FFFF80C8 A6=00FF0BF0 A7=00FF0BD2 D0=00000000 D1=00000007 D2=00000006 D3=00000007 D4=0000FFFF D5=000000FF D6=00000004 D7=420A0000 xnZvc
00:05CA  D0 40  ADD.W   D0,D0                    A0=00006B1C A1=00C00000 A2=0000732A A3=00FF2CFE A4=00000100 A5=FFFF80C8 A6=00FF0BF0 A7=00FF0BCE D0=00000000 D1=00000007 D2=00000006 D3=00000007 D4=0000FFFF D5=000000FF D6=00000004 D7=420A0000 xnZvc
00:05CC  D2 41  ADD.W   D1,D1                    A0=00006B1C A1=00C00000 A2=0000732A A3=00FF2CFE A4=00000100 A5=FFFF80C8 A6=00FF0BF0 A7=00FF0BCE D0=00000000 D1=00000007 D2=00000006 D3=00000007 D4=0000FFFF D5=000000FF D6=00000004 D7=420A0000 xnZvc
00:05CE  14 38  MOVE.B  ($8A8A),D2               A0=00006B1C A1=00C00000 A2=0000732A A3=00FF2CFE A4=00000100 A5=FFFF80C8 A6=00FF0BF0 A7=00FF0BCE D0=00000000 D1=0000000E D2=00000006 D3=00000007 D4=0000FFFF D5=000000FF D6=00000004 D7=420A0000 xnzvc
00:05D2  E5 61  ASL.W   D2,D1                    A0=00006B1C A1=00C00000 A2=0000732A A3=00FF2CFE A4=00000100 A5=FFFF80C8 A6=00FF0BF0 A7=00FF0BCE D0=00000000 D1=0000000E D2=00000006 D3=00000007 D4=0000FFFF D5=000000FF D6=00000004 D7=420A0000 xnzvc
00:05D4  D0 41  ADD.W   D1,D0                    A0=00006B1C A1=00C00000 A2=0000732A A3=00FF2CFE A4=00000100 A5=FFFF80C8 A6=00FF0BF0 A7=00FF0BCE D0=00000000 D1=00000380 D2=00000006 D3=00000007 D4=0000FFFF D5=000000FF D6=00000004 D7=420A0000 xnzvc
00:05D6  4E 75  RTS                              A0=00006B1C A1=00C00000 A2=0000732A A3=00FF2CFE A4=00000100 A5=FFFF80C8 A6=00FF0BF0 A7=00FF0BCE D0=00000380 D1=00000380 D2=00000006 D3=00000007 D4=0000FFFF D5=000000FF D6=00000004 D7=420A0000 xnzvc
00:6AA0  D0 6E  ADD.W   $FFF2(A6),D0             A0=00006B1C A1=00C00000 A2=0000732A A3=00FF2CFE A4=00000100 A5=FFFF80C8 A6=00FF0BF0 A7=00FF0BD2 D0=00000380 D1=00000380 D2=00000006 D3=00000007 D4=0000FFFF D5=000000FF D6=00000004 D7=420A0000 xnzvc
00:6AA4  4E 75  RTS                              A0=00006B1C A1=00C00000 A2=0000732A A3=00FF2CFE A4=00000100 A5=FFFF80C8 A6=00FF0BF0 A7=00FF0BD2 D0=0000C380 D1=00000380 D2=00000006 D3=00000007 D4=0000FFFF D5=000000FF D6=00000004 D7=420A0000 xNzvc
00:6B58  4E B8  JSR     ($05A0)                  A0=00006B1C A1=00C00000 A2=0000732A A3=00FF2CFE A4=00000100 A5=FFFF80C8 A6=00FF0BF0 A7=00FF0BD6 D0=0000C380 D1=00000380 D2=00000006 D3=00000007 D4=0000FFFF D5=000000FF D6=00000004 D7=420A0000 xNzvc
00:05A0  E5 80  ASL.L   #2,D0                    A0=00006B1C A1=00C00000 A2=0000732A A3=00FF2CFE A4=00000100 A5=FFFF80C8 A6=00FF0BF0 A7=00FF0BD2 D0=0000C380 D1=00000380 D2=00000006 D3=00000007 D4=0000FFFF D5=000000FF D6=00000004 D7=420A0000 xNzvc
00:05A2  E4 48  LSR.W   #2,D0                    A0=00006B1C A1=00C00000 A2=0000732A A3=00FF2CFE A4=00000100 A5=FFFF80C8 A6=00FF0BF0 A7=00FF0BD2 D0=00030E00 D1=00000380 D2=00000006 D3=00000007 D4=0000FFFF D5=000000FF D6=00000004 D7=420A0000 xnzvc
00:05A4  00 40  ORI.W   #$4000,D0                A0=00006B1C A1=00C00000 A2=0000732A A3=00FF2CFE A4=00000100 A5=FFFF80C8 A6=00FF0BF0 A7=00FF0BD2 D0=00030380 D1=00000380 D2=00000006 D3=00000007 D4=0000FFFF D5=000000FF D6=00000004 D7=420A0000 xnzvc
00:05A8  48 40  SWAP.W  D0                       A0=00006B1C A1=00C00000 A2=0000732A A3=00FF2CFE A4=00000100 A5=FFFF80C8 A6=00FF0BF0 A7=00FF0BD2 D0=00034380 D1=00000380 D2=00000006 D3=00000007 D4=0000FFFF D5=000000FF D6=00000004 D7=420A0000 xnzvc
00:05AA  02 40  ANDI.W  #$0003,D0                A0=00006B1C A1=00C00000 A2=0000732A A3=00FF2CFE A4=00000100 A5=FFFF80C8 A6=00FF0BF0 A7=00FF0BD2 D0=43800003 D1=00000380 D2=00000006 D3=00000007 D4=0000FFFF D5=000000FF D6=00000004 D7=420A0000 xnzvc
00:05AE  23 C0  MOVE.L  D0,($00C00004)           A0=00006B1C A1=00C00000 A2=0000732A A3=00FF2CFE A4=00000100 A5=FFFF80C8 A6=00FF0BF0 A7=00FF0BD2 D0=43800003 D1=00000380 D2=00000006 D3=00000007 D4=0000FFFF D5=000000FF D6=00000004 D7=420A0000 xnzvc
00:05B4  4E 75  RTS                              A0=00006B1C A1=00C00000 A2=0000732A A3=00FF2CFE A4=00000100 A5=FFFF80C8 A6=00FF0BF0 A7=00FF0BD2 D0=43800003 D1=00000380 D2=00000006 D3=00000007 D4=0000FFFF D5=000000FF D6=00000004 D7=420A0000 xnzvc
00:6B5C  43 F9  LEA     ($00C00000),A1           A0=00006B1C A1=00C00000 A2=0000732A A3=00FF2CFE A4=00000100 A5=FFFF80C8 A6=00FF0BF0 A7=00FF0BD6 D0=43800003 D1=00000380 D2=00000006 D3=00000007 D4=0000FFFF D5=000000FF D6=00000004 D7=420A0000 xnzvc
00:6B62  4E 75  RTS                              A0=00006B1C A1=00C00000 A2=0000732A A3=00FF2CFE A4=00000100 A5=FFFF80C8 A6=00FF0BF0 A7=00FF0BD6 D0=43800003 D1=00000380 D2=00000006 D3=00000007 D4=0000FFFF D5=000000FF D6=00000004 D7=420A0000 xnzvc
00:6B2C  48 47  SWAP.W  D7                       A0=00006B1C A1=00C00000 A2=0000732A A3=00FF2CFE A4=00000100 A5=FFFF80C8 A6=00FF0BF0 A7=00FF0BDA D0=43800007 D1=00000380 D2=00000006 D3=0000FFFF D4=0000FFFF D5=000000FF D6=00000004 D7=420A0000 XNzvC
00:6B2E  4E 75  RTS                              A0=00006B1C A1=00C00000 A2=0000732A A3=00FF2CFE A4=00000100 A5=FFFF80C8 A6=00FF0BF0 A7=00FF0BDA D0=43800007 D1=00000380 D2=00000006 D3=0000FFFF D4=0000FFFF D5=000000FF D6=00000004 D7=0000420A Xnzvc
00:69D6  60 E0  BRA     #$E0 [00:69B8]           A0=00006B1C A1=00C00000 A2=0000732A A3=00FF2CFE A4=00000100 A5=FFFF80C8 A6=00FF0BF0 A7=00FF0BDE D0=43800007 D1=00000380 D2=00000006 D3=0000FFFF D4=0000FFFF D5=000000FF D6=00000004 D7=0000420A Xnzvc
00:69B8  1E 1A  MOVE.B  (A2)+,D7                 A0=00006B1C A1=00C00000 A2=0000732A A3=00FF2CFE A4=00000100 A5=FFFF80C8 A6=00FF0BF0 A7=00FF0BDE D0=43800007 D1=00000380 D2=00000006 D3=0000FFFF D4=0000FFFF D5=000000FF D6=00000004 D7=0000420A Xnzvc
00:69BA  0C 07  CMPI.B  #$0C,D7                  A0=00006B1C A1=00C00000 A2=0000732B A3=00FF2CFE A4=00000100 A5=FFFF80C8 A6=00FF0BF0 A7=00FF0BDE D0=43800007 D1=00000380 D2=00000006 D3=0000FFFF D4=0000FFFF D5=000000FF D6=00000004 D7=00004202 Xnzvc
00:69BE  63 06  BLS     #$06 [00:69C6]           A0=00006B1C A1=00C00000 A2=0000732B A3=00FF2CFE A4=00000100 A5=FFFF80C8 A6=00FF0BF0 A7=00FF0BDE D0=43800007 D1=00000380 D2=00000006 D3=0000FFFF D4=0000FFFF D5=000000FF D6=00000004 D7=00004202 XNzvC
00:69C6  70 00  MOVEQ   #$00,D0                  A0=00006B1C A1=00C00000 A2=0000732B A3=00FF2CFE A4=00000100 A5=FFFF80C8 A6=00FF0BF0 A7=00FF0BDE D0=43800007 D1=00000380 D2=00000006 D3=0000FFFF D4=0000FFFF D5=000000FF D6=00000004 D7=00004202 XNzvC
00:69C8  10 07  MOVE.B  D7,D0                    A0=00006B1C A1=00C00000 A2=0000732B A3=00FF2CFE A4=00000100 A5=FFFF80C8 A6=00FF0BF0 A7=00FF0BDE D0=00000000 D1=00000380 D2=00000006 D3=0000FFFF D4=0000FFFF D5=000000FF D6=00000004 D7=00004202 XnZvc
00:69CA  D0 40  ADD.W   D0,D0                    A0=00006B1C A1=00C00000 A2=0000732B A3=00FF2CFE A4=00000100 A5=FFFF80C8 A6=00FF0BF0 A7=00FF0BDE D0=00000002 D1=00000380 D2=00000006 D3=0000FFFF D4=0000FFFF D5=000000FF D6=00000004 D7=00004202 Xnzvc
00:69CC  41 FA  LEA     $000A(PC),A0             A0=00006B1C A1=00C00000 A2=0000732B A3=00FF2CFE A4=00000100 A5=FFFF80C8 A6=00FF0BF0 A7=00FF0BDE D0=00000004 D1=00000380 D2=00000006 D3=0000FFFF D4=0000FFFF D5=000000FF D6=00000004 D7=00004202 xnzvc
00:69D0  D0 F0  ADDA.W  $00(A0,D0),A0            A0=000069D8 A1=00C00000 A2=0000732B A3=00FF2CFE A4=00000100 A5=FFFF80C8 A6=00FF0BF0 A7=00FF0BDE D0=00000004 D1=00000380 D2=00000006 D3=0000FFFF D4=0000FFFF D5=000000FF D6=00000004 D7=00004202 xnzvc
00:69D4  4E 90  JSR     (A0)                     A0=00006AA6 A1=00C00000 A2=0000732B A3=00FF2CFE A4=00000100 A5=FFFF80C8 A6=00FF0BF0 A7=00FF0BDE D0=00000004 D1=00000380 D2=00000006 D3=0000FFFF D4=0000FFFF D5=000000FF D6=00000004 D7=00004202 xnzvc
00:6AA6  1E 1A  MOVE.B  (A2)+,D7                 A0=00006AA6 A1=00C00000 A2=0000732B A3=00FF2CFE A4=00000100 A5=FFFF80C8 A6=00FF0BF0 A7=00FF0BDA D0=00000004 D1=00000380 D2=00000006 D3=0000FFFF D4=0000FFFF D5=000000FF D6=00000004 D7=00004202 xnzvc
00:6AA8  E1 47  ASL.W   #8,D7                    A0=00006AA6 A1=00C00000 A2=0000732C A3=00FF2CFE A4=00000100 A5=FFFF80C8 A6=00FF0BF0 A7=00FF0BDA D0=00000004 D1=00000380 D2=00000006 D3=0000FFFF D4=0000FFFF D5=000000FF D6=00000004 D7=00004242 xnzvc
00:6AAA  4E 75  RTS                              A0=00006AA6 A1=00C00000 A2=0000732C A3=00FF2CFE A4=00000100 A5=FFFF80C8 A6=00FF0BF0 A7=00FF0BDA D0=00000004 D1=00000380 D2=00000006 D3=0000FFFF D4=0000FFFF D5=000000FF D6=00000004 D7=00004200 xnzVc
00:69D6  60 E0  BRA     #$E0 [00:69B8]           A0=00006AA6 A1=00C00000 A2=0000732C A3=00FF2CFE A4=00000100 A5=FFFF80C8 A6=00FF0BF0 A7=00FF0BDE D0=00000004 D1=00000380 D2=00000006 D3=0000FFFF D4=0000FFFF D5=000000FF D6=00000004 D7=00004200 xnzVc
00:69B8  1E 1A  MOVE.B  (A2)+,D7                 A0=00006AA6 A1=00C00000 A2=0000732C A3=00FF2CFE A4=00000100 A5=FFFF80C8 A6=00FF0BF0 A7=00FF0BDE D0=00000004 D1=00000380 D2=00000006 D3=0000FFFF D4=0000FFFF D5=000000FF D6=00000004 D7=00004200 xnzVc
00:69BA  0C 07  CMPI.B  #$0C,D7                  A0=00006AA6 A1=00C00000 A2=0000732D A3=00FF2CFE A4=00000100 A5=FFFF80C8 A6=00FF0BF0 A7=00FF0BDE D0=00000004 D1=00000380 D2=00000006 D3=0000FFFF D4=0000FFFF D5=000000FF D6=00000004 D7=00004204 xnzvc
00:69BE  63 06  BLS     #$06 [00:69C6]           A0=00006AA6 A1=00C00000 A2=0000732D A3=00FF2CFE A4=00000100 A5=FFFF80C8 A6=00FF0BF0 A7=00FF0BDE D0=00000004 D1=00000380 D2=00000006 D3=0000FFFF D4=0000FFFF D5=000000FF D6=00000004 D7=00004204 xNzvC
00:69C6  70 00  MOVEQ   #$00,D0                  A0=00006AA6 A1=00C00000 A2=0000732D A3=00FF2CFE A4=00000100 A5=FFFF80C8 A6=00FF0BF0 A7=00FF0BDE D0=00000004 D1=00000380 D2=00000006 D3=0000FFFF D4=0000FFFF D5=000000FF D6=00000004 D7=00004204 xNzvC
00:69C8  10 07  MOVE.B  D7,D0                    A0=00006AA6 A1=00C00000 A2=0000732D A3=00FF2CFE A4=00000100 A5=FFFF80C8 A6=00FF0BF0 A7=00FF0BDE D0=00000000 D1=00000380 D2=00000006 D3=0000FFFF D4=0000FFFF D5=000000FF D6=00000004 D7=00004204 xnZvc
00:69CA  D0 40  ADD.W   D0,D0                    A0=00006AA6 A1=00C00000 A2=0000732D A3=00FF2CFE A4=00000100 A5=FFFF80C8 A6=00FF0BF0 A7=00FF0BDE D0=00000004 D1=00000380 D2=00000006 D3=0000FFFF D4=0000FFFF D5=000000FF D6=00000004 D7=00004204 xnzvc
00:69CC  41 FA  LEA     $000A(PC),A0             A0=00006AA6 A1=00C00000 A2=0000732D A3=00FF2CFE A4=00000100 A5=FFFF80C8 A6=00FF0BF0 A7=00FF0BDE D0=00000008 D1=00000380 D2=00000006 D3=0000FFFF D4=0000FFFF D5=000000FF D6=00000004 D7=00004204 xnzvc
00:69D0  D0 F0  ADDA.W  $00(A0,D0),A0            A0=000069D8 A1=00C00000 A2=0000732D A3=00FF2CFE A4=00000100 A5=FFFF80C8 A6=00FF0BF0 A7=00FF0BDE D0=00000008 D1=00000380 D2=00000006 D3=0000FFFF D4=0000FFFF D5=000000FF D6=00000004 D7=00004204 xnzvc
00:69D4  4E 90  JSR     (A0)                     A0=00006ABC A1=00C00000 A2=0000732D A3=00FF2CFE A4=00000100 A5=FFFF80C8 A6=00FF0BF0 A7=00FF0BDE D0=00000008 D1=00000380 D2=00000006 D3=0000FFFF D4=0000FFFF D5=000000FF D6=00000004 D7=00004204 xnzvc
00:6ABC  76 00  MOVEQ   #$00,D3                  A0=00006ABC A1=00C00000 A2=0000732D A3=00FF2CFE A4=00000100 A5=FFFF80C8 A6=00FF0BF0 A7=00FF0BDA D0=00000008 D1=00000380 D2=00000006 D3=0000FFFF D4=0000FFFF D5=000000FF D6=00000004 D7=00004204 xnzvc
00:6ABE  16 1A  MOVE.B  (A2)+,D3                 A0=00006ABC A1=00C00000 A2=0000732D A3=00FF2CFE A4=00000100 A5=FFFF80C8 A6=00FF0BF0 A7=00FF0BDA D0=00000008 D1=00000380 D2=00000006 D3=00000000 D4=0000FFFF D5=000000FF D6=00000004 D7=00004204 xnZvc
00:6AC0  1E 1A  MOVE.B  (A2)+,D7                 A0=00006ABC A1=00C00000 A2=0000732E A3=00FF2CFE A4=00000100 A5=FFFF80C8 A6=00FF0BF0 A7=00FF0BDA D0=00000008 D1=00000380 D2=00000006 D3=00000004 D4=0000FFFF D5=000000FF D6=00000004 D7=00004204 xnzvc
00:6AC2  61 00  BSR     #$001C [00:6AE0]         A0=00006ABC A1=00C00000 A2=0000732F A3=00FF2CFE A4=00000100 A5=FFFF80C8 A6=00FF0BF0 A7=00FF0BDA D0=00000008 D1=00000380 D2=00000006 D3=00000004 D4=0000FFFF D5=000000FF D6=00000004 D7=00004236 xnzvc
00:6AE0  61 00  BSR     #$0082 [00:6B64]         A0=00006ABC A1=00C00000 A2=0000732F A3=00FF2CFE A4=00000100 A5=FFFF80C8 A6=00FF0BF0 A7=00FF0BD6 D0=00000008 D1=00000380 D2=00000006 D3=00000004 D4=0000FFFF D5=000000FF D6=00000004 D7=00004236 xnzvc
00:6AE4  52 07  ADDQ.B  #1,D7                    A0=00006ABC A1=00C00000 A2=0000732F A3=00FF2CFE A4=00000100 A5=FFFF80C8 A6=00FF0BF0 A7=00FF0BD6 D0=00000008 D1=00000380 D2=00000006 D3=00000004 D4=0000FFFF D5=000000FF D6=00000004 D7=00004236 xnzvc
00:6AE6  53 43  SUBQ.W  #1,D3                    A0=00006ABC A1=00C00000 A2=0000732F A3=00FF2CFE A4=00000100 A5=FFFF80C8 A6=00FF0BF0 A7=00FF0BD6 D0=00000008 D1=00000380 D2=00000006 D3=00000004 D4=0000FFFF D5=000000FF D6=00000004 D7=00004237 xnzvc
00:6AE8  6A F6  BPL     #$F6 [00:6AE0]           A0=00006ABC A1=00C00000 A2=0000732F A3=00FF2CFE A4=00000100 A5=FFFF80C8 A6=00FF0BF0 A7=00FF0BD6 D0=00000008 D1=00000380 D2=00000006 D3=00000003 D4=0000FFFF D5=000000FF D6=00000004 D7=00004237 xnzvc
00:6AE0  61 00  BSR     #$0082 [00:6B64]         A0=00006ABC A1=00C00000 A2=0000732F A3=00FF2CFE A4=00000100 A5=FFFF80C8 A6=00FF0BF0 A7=00FF0BD6 D0=00000008 D1=00000380 D2=00000006 D3=00000003 D4=0000FFFF D5=000000FF D6=00000004 D7=00004237 xnzvc
00:6AE4  52 07  ADDQ.B  #1,D7                    A0=00006ABC A1=00C00000 A2=0000732F A3=00FF2CFE A4=00000100 A5=FFFF80C8 A6=00FF0BF0 A7=00FF0BD6 D0=00000009 D1=00000380 D2=00000006 D3=00000003 D4=0000FFFF D5=000000FF D6=00000004 D7=00004237 xnzvc
00:6AE6  53 43  SUBQ.W  #1,D3                    A0=00006ABC A1=00C00000 A2=0000732F A3=00FF2CFE A4=00000100 A5=FFFF80C8 A6=00FF0BF0 A7=00FF0BD6 D0=00000009 D1=00000380 D2=00000006 D3=00000003 D4=0000FFFF D5=000000FF D6=00000004 D7=00004238 xnzvc
00:6AE8  6A F6  BPL     #$F6 [00:6AE0]           A0=00006ABC A1=00C00000 A2=0000732F A3=00FF2CFE A4=00000100 A5=FFFF80C8 A6=00FF0BF0 A7=00FF0BD6 D0=00000009 D1=00000380 D2=00000006 D3=00000002 D4=0000FFFF D5=000000FF D6=00000004 D7=00004238 xnzvc
00:6AE0  61 00  BSR     #$0082 [00:6B64]         A0=00006ABC A1=00C00000 A2=0000732F A3=00FF2CFE A4=00000100 A5=FFFF80C8 A6=00FF0BF0 A7=00FF0BD6 D0=00000009 D1=00000380 D2=00000006 D3=00000002 D4=0000FFFF D5=000000FF D6=00000004 D7=00004238 xnzvc
00:6AE4  52 07  ADDQ.B  #1,D7                    A0=00006ABC A1=00C00000 A2=0000732F A3=00FF2CFE A4=00000100 A5=FFFF80C8 A6=00FF0BF0 A7=00FF0BD6 D0=0000000A D1=00000380 D2=00000006 D3=00000002 D4=0000FFFF D5=000000FF D6=00000004 D7=00004238 xnzvc
00:6AE6  53 43  SUBQ.W  #1,D3                    A0=00006ABC A1=00C00000 A2=0000732F A3=00FF2CFE A4=00000100 A5=FFFF80C8 A6=00FF0BF0 A7=00FF0BD6 D0=0000000A D1=00000380 D2=00000006 D3=00000002 D4=0000FFFF D5=000000FF D6=00000004 D7=00004239 xnzvc
00:6AE8  6A F6  BPL     #$F6 [00:6AE0]           A0=00006ABC A1=00C00000 A2=0000732F A3=00FF2CFE A4=00000100 A5=FFFF80C8 A6=00FF0BF0 A7=00FF0BD6 D0=0000000A D1=00000380 D2=00000006 D3=00000001 D4=0000FFFF D5=000000FF D6=00000004 D7=00004239 xnzvc
00:6AE0  61 00  BSR     #$0082 [00:6B64]         A0=00006ABC A1=00C00000 A2=0000732F A3=00FF2CFE A4=00000100 A5=FFFF80C8 A6=00FF0BF0 A7=00FF0BD6 D0=0000000A D1=00000380 D2=00000006 D3=00000001 D4=0000FFFF D5=000000FF D6=00000004 D7=00004239 xnzvc
00:6AE4  52 07  ADDQ.B  #1,D7                    A0=00006ABC A1=00C00000 A2=0000732F A3=00FF2CFE A4=00000100 A5=FFFF80C8 A6=00FF0BF0 A7=00FF0BD6 D0=0000000B D1=00000380 D2=00000006 D3=00000001 D4=0000FFFF D5=000000FF D6=00000004 D7=00004239 xnzvc
00:6AE6  53 43  SUBQ.W  #1,D3                    A0=00006ABC A1=00C00000 A2=0000732F A3=00FF2CFE A4=00000100 A5=FFFF80C8 A6=00FF0BF0 A7=00FF0BD6 D0=0000000B D1=00000380 D2=00000006 D3=00000001 D4=0000FFFF D5=000000FF D6=00000004 D7=0000423A xnzvc
00:6AE8  6A F6  BPL     #$F6 [00:6AE0]           A0=00006ABC A1=00C00000 A2=0000732F A3=00FF2CFE A4=00000100 A5=FFFF80C8 A6=00FF0BF0 A7=00FF0BD6 D0=0000000B D1=00000380 D2=00000006 D3=00000000 D4=0000FFFF D5=000000FF D6=00000004 D7=0000423A xnZvc
00:6AE0  61 00  BSR     #$0082 [00:6B64]         A0=00006ABC A1=00C00000 A2=0000732F A3=00FF2CFE A4=00000100 A5=FFFF80C8 A6=00FF0BF0 A7=00FF0BD6 D0=0000000B D1=00000380 D2=00000006 D3=00000000 D4=0000FFFF D5=000000FF D6=00000004 D7=0000423A xnZvc
00:6AE4  52 07  ADDQ.B  #1,D7                    A0=00006ABC A1=00C00000 A2=0000732F A3=00FF2CFE A4=00000100 A5=FFFF80C8 A6=00FF0BF0 A7=00FF0BD6 D0=0000000C D1=00000380 D2=00000006 D3=00000000 D4=0000FFFF D5=000000FF D6=00000004 D7=0000423A xnzvc
00:6AE6  53 43  SUBQ.W  #1,D3                    A0=00006ABC A1=00C00000 A2=0000732F A3=00FF2CFE A4=00000100 A5=FFFF80C8 A6=00FF0BF0 A7=00FF0BD6 D0=0000000C D1=00000380 D2=00000006 D3=00000000 D4=0000FFFF D5=000000FF D6=00000004 D7=0000423B xnzvc
00:6AE8  6A F6  BPL     #$F6 [00:6AE0]           A0=00006ABC A1=00C00000 A2=0000732F A3=00FF2CFE A4=00000100 A5=FFFF80C8 A6=00FF0BF0 A7=00FF0BD6 D0=0000000C D1=00000380 D2=00000006 D3=0000FFFF D4=0000FFFF D5=000000FF D6=00000004 D7=0000423B XNzvC
00:6AEA  4E 75  RTS                              A0=00006ABC A1=00C00000 A2=0000732F A3=00FF2CFE A4=00000100 A5=FFFF80C8 A6=00FF0BF0 A7=00FF0BD6 D0=0000000C D1=00000380 D2=00000006 D3=0000FFFF D4=0000FFFF D5=000000FF D6=00000004 D7=0000423B XNzvC
00:6AC6  4E 75  RTS                              A0=00006ABC A1=00C00000 A2=0000732F A3=00FF2CFE A4=00000100 A5=FFFF80C8 A6=00FF0BF0 A7=00FF0BDA D0=0000000C D1=00000380 D2=00000006 D3=0000FFFF D4=0000FFFF D5=000000FF D6=00000004 D7=0000423B XNzvC
00:69D6  60 E0  BRA     #$E0 [00:69B8]           A0=00006ABC A1=00C00000 A2=0000732F A3=00FF2CFE A4=00000100 A5=FFFF80C8 A6=00FF0BF0 A7=00FF0BDE D0=0000000C D1=00000380 D2=00000006 D3=0000FFFF D4=0000FFFF D5=000000FF D6=00000004 D7=0000423B XNzvC
00:69B8  1E 1A  MOVE.B  (A2)+,D7                 A0=00006ABC A1=00C00000 A2=0000732F A3=00FF2CFE A4=00000100 A5=FFFF80C8 A6=00FF0BF0 A7=00FF0BDE D0=0000000C D1=00000380 D2=00000006 D3=0000FFFF D4=0000FFFF D5=000000FF D6=00000004 D7=0000423B XNzvC
00:69BA  0C 07  CMPI.B  #$0C,D7                  A0=00006ABC A1=00C00000 A2=00007330 A3=00FF2CFE A4=00000100 A5=FFFF80C8 A6=00FF0BF0 A7=00FF0BDE D0=0000000C D1=00000380 D2=00000006 D3=0000FFFF D4=0000FFFF D5=000000FF D6=00000004 D7=0000420A Xnzvc
00:69BE  63 06  BLS     #$06 [00:69C6]           A0=00006ABC A1=00C00000 A2=00007330 A3=00FF2CFE A4=00000100 A5=FFFF80C8 A6=00FF0BF0 A7=00FF0BDE D0=0000000C D1=00000380 D2=00000006 D3=0000FFFF D4=0000FFFF D5=000000FF D6=00000004 D7=0000420A XNzvC
00:69C6  70 00  MOVEQ   #$00,D0                  A0=00006ABC A1=00C00000 A2=00007330 A3=00FF2CFE A4=00000100 A5=FFFF80C8 A6=00FF0BF0 A7=00FF0BDE D0=0000000C D1=00000380 D2=00000006 D3=0000FFFF D4=0000FFFF D5=000000FF D6=00000004 D7=0000420A XNzvC
00:69C8  10 07  MOVE.B  D7,D0                    A0=00006ABC A1=00C00000 A2=00007330 A3=00FF2CFE A4=00000100 A5=FFFF80C8 A6=00FF0BF0 A7=00FF0BDE D0=00000000 D1=00000380 D2=00000006 D3=0000FFFF D4=0000FFFF D5=000000FF D6=00000004 D7=0000420A XnZvc
00:69CA  D0 40  ADD.W   D0,D0                    A0=00006ABC A1=00C00000 A2=00007330 A3=00FF2CFE A4=00000100 A5=FFFF80C8 A6=00FF0BF0 A7=00FF0BDE D0=0000000A D1=00000380 D2=00000006 D3=0000FFFF D4=0000FFFF D5=000000FF D6=00000004 D7=0000420A Xnzvc
00:69CC  41 FA  LEA     $000A(PC),A0             A0=00006ABC A1=00C00000 A2=00007330 A3=00FF2CFE A4=00000100 A5=FFFF80C8 A6=00FF0BF0 A7=00FF0BDE D0=00000014 D1=00000380 D2=00000006 D3=0000FFFF D4=0000FFFF D5=000000FF D6=00000004 D7=0000420A xnzvc
00:69D0  D0 F0  ADDA.W  $00(A0,D0),A0            A0=000069D8 A1=00C00000 A2=00007330 A3=00FF2CFE A4=00000100 A5=FFFF80C8 A6=00FF0BF0 A7=00FF0BDE D0=00000014 D1=00000380 D2=00000006 D3=0000FFFF D4=0000FFFF D5=000000FF D6=00000004 D7=0000420A xnzvc
00:69D4  4E 90  JSR     (A0)                     A0=00006B1C A1=00C00000 A2=00007330 A3=00FF2CFE A4=00000100 A5=FFFF80C8 A6=00FF0BF0 A7=00FF0BDE D0=00000014 D1=00000380 D2=00000006 D3=0000FFFF D4=0000FFFF D5=000000FF D6=00000004 D7=0000420A xnzvc
00:6B1C  76 00  MOVEQ   #$00,D3                  A0=00006B1C A1=00C00000 A2=00007330 A3=00FF2CFE A4=00000100 A5=FFFF80C8 A6=00FF0BF0 A7=00FF0BDA D0=00000014 D1=00000380 D2=00000006 D3=0000FFFF D4=0000FFFF D5=000000FF D6=00000004 D7=0000420A xnzvc
00:6B1E  16 1A  MOVE.B  (A2)+,D3                 A0=00006B1C A1=00C00000 A2=00007330 A3=00FF2CFE A4=00000100 A5=FFFF80C8 A6=00FF0BF0 A7=00FF0BDA D0=00000014 D1=00000380 D2=00000006 D3=00000000 D4=0000FFFF D5=000000FF D6=00000004 D7=0000420A xnZvc
00:6B20  48 47  SWAP.W  D7                       A0=00006B1C A1=00C00000 A2=00007331 A3=00FF2CFE A4=00000100 A5=FFFF80C8 A6=00FF0BF0 A7=00FF0BDA D0=00000014 D1=00000380 D2=00000006 D3=00000018 D4=0000FFFF D5=000000FF D6=00000004 D7=0000420A xnzvc
00:6B22  42 47  CLR.W   D7                       A0=00006B1C A1=00C00000 A2=00007331 A3=00FF2CFE A4=00000100 A5=FFFF80C8 A6=00FF0BF0 A7=00FF0BDA D0=00000014 D1=00000380 D2=00000006 D3=00000018 D4=0000FFFF D5=000000FF D6=00000004 D7=420A0000 xnzvc
00:6B6C  1D 6E  MOVE.B  $FFF6(A6),$FFF4(A6)      A0=00006B1C A1=00C00000 A2=00007331 A3=00FF2CFE A4=00000100 A5=FFFF80C8 A6=00FF0BF0 A7=00FF0BD6 D0=0000001F D1=00000380 D2=00000006 D3=00000005 D4=0000FFFF D5=000000FF D6=00000004 D7=420A0000 XNzvC
00:6B72  60 C6  BRA     #$C6 [00:6B3A]           A0=00006B1C A1=00C00000 A2=00007331 A3=00FF2CFE A4=00000100 A5=FFFF80C8 A6=00FF0BF0 A7=00FF0BD6 D0=0000001F D1=00000380 D2=00000006 D3=00000005 D4=0000FFFF D5=000000FF D6=00000004 D7=420A0000 Xnzvc
00:6B3A  30 2E  MOVE.W  $FFFA(A6),D0             A0=00006B1C A1=00C00000 A2=00007331 A3=00FF2CFE A4=00000100 A5=FFFF80C8 A6=00FF0BF0 A7=00FF0BD6 D0=0000001F D1=00000380 D2=00000006 D3=00000005 D4=0000FFFF D5=000000FF D6=00000004 D7=420A0000 Xnzvc
00:6B3E  32 2E  MOVE.W  $FFFC(A6),D1             A0=00006B1C A1=00C00000 A2=00007331 A3=00FF2CFE A4=00000100 A5=FFFF80C8 A6=00FF0BF0 A7=00FF0BD6 D0=00000000 D1=00000380 D2=00000006 D3=00000005 D4=0000FFFF D5=000000FF D6=00000004 D7=420A0000 XnZvc
00:6B42  52 41  ADDQ.W  #1,D1                    A0=00006B1C A1=00C00000 A2=00007331 A3=00FF2CFE A4=00000100 A5=FFFF80C8 A6=00FF0BF0 A7=00FF0BD6 D0=00000000 D1=00000007 D2=00000006 D3=00000005 D4=0000FFFF D5=000000FF D6=00000004 D7=420A0000 Xnzvc
00:6B44  B2 78  CMP.W   ($8A72),D1               A0=00006B1C A1=00C00000 A2=00007331 A3=00FF2CFE A4=00000100 A5=FFFF80C8 A6=00FF0BF0 A7=00FF0BD6 D0=00000000 D1=00000008 D2=00000006 D3=00000005 D4=0000FFFF D5=000000FF D6=00000004 D7=420A0000 xnzvc
00:6B48  65 02  BCS     #$02 [00:6B4C]           A0=00006B1C A1=00C00000 A2=00007331 A3=00FF2CFE A4=00000100 A5=FFFF80C8 A6=00FF0BF0 A7=00FF0BD6 D0=00000000 D1=00000008 D2=00000006 D3=00000005 D4=0000FFFF D5=000000FF D6=00000004 D7=420A0000 xNzvC
00:6B4C  3D 41  MOVE.W  D1,$FFFC(A6)             A0=00006B1C A1=00C00000 A2=00007331 A3=00FF2CFE A4=00000100 A5=FFFF80C8 A6=00FF0BF0 A7=00FF0BD6 D0=00000000 D1=00000008 D2=00000006 D3=00000005 D4=0000FFFF D5=000000FF D6=00000004 D7=420A0000 xNzvC
00:6B50  3D 40  MOVE.W  D0,$FFFE(A6)             A0=00006B1C A1=00C00000 A2=00007331 A3=00FF2CFE A4=00000100 A5=FFFF80C8 A6=00FF0BF0 A7=00FF0BD6 D0=00000000 D1=00000008 D2=00000006 D3=00000005 D4=0000FFFF D5=000000FF D6=00000004 D7=420A0000 xnzvc
00:6B54  61 00  BSR     #$FF46 [00:6A9C]         A0=00006B1C A1=00C00000 A2=00007331 A3=00FF2CFE A4=00000100 A5=FFFF80C8 A6=00FF0BF0 A7=00FF0BD6 D0=00000000 D1=00000008 D2=00000006 D3=00000005 D4=0000FFFF D5=000000FF D6=00000004 D7=420A0000 xnZvc
00:6A9C  4E B8  JSR     ($05CA)                  A0=00006B1C A1=00C00000 A2=00007331 A3=00FF2CFE A4=00000100 A5=FFFF80C8 A6=00FF0BF0 A7=00FF0BD2 D0=00000000 D1=00000008 D2=00000006 D3=00000005 D4=0000FFFF D5=000000FF D6=00000004 D7=420A0000 xnZvc
00:05CA  D0 40  ADD.W   D0,D0                    A0=00006B1C A1=00C00000 A2=00007331 A3=00FF2CFE A4=00000100 A5=FFFF80C8 A6=00FF0BF0 A7=00FF0BCE D0=00000000 D1=00000008 D2=00000006 D3=00000005 D4=0000FFFF D5=000000FF D6=00000004 D7=420A0000 xnZvc
00:05CC  D2 41  ADD.W   D1,D1                    A0=00006B1C A1=00C00000 A2=00007331 A3=00FF2CFE A4=00000100 A5=FFFF80C8 A6=00FF0BF0 A7=00FF0BCE D0=00000000 D1=00000008 D2=00000006 D3=00000005 D4=0000FFFF D5=000000FF D6=00000004 D7=420A0000 xnZvc
00:05CE  14 38  MOVE.B  ($8A8A),D2               A0=00006B1C A1=00C00000 A2=00007331 A3=00FF2CFE A4=00000100 A5=FFFF80C8 A6=00FF0BF0 A7=00FF0BCE D0=00000000 D1=00000010 D2=00000006 D3=00000005 D4=0000FFFF D5=000000FF D6=00000004 D7=420A0000 xnzvc
00:05D2  E5 61  ASL.W   D2,D1                    A0=00006B1C A1=00C00000 A2=00007331 A3=00FF2CFE A4=00000100 A5=FFFF80C8 A6=00FF0BF0 A7=00FF0BCE D0=00000000 D1=00000010 D2=00000006 D3=00000005 D4=0000FFFF D5=000000FF D6=00000004 D7=420A0000 xnzvc
00:05D4  D0 41  ADD.W   D1,D0                    A0=00006B1C A1=00C00000 A2=00007331 A3=00FF2CFE A4=00000100 A5=FFFF80C8 A6=00FF0BF0 A7=00FF0BCE D0=00000000 D1=00000400 D2=00000006 D3=00000005 D4=0000FFFF D5=000000FF D6=00000004 D7=420A0000 xnzvc
00:05D6  4E 75  RTS                              A0=00006B1C A1=00C00000 A2=00007331 A3=00FF2CFE A4=00000100 A5=FFFF80C8 A6=00FF0BF0 A7=00FF0BCE D0=00000400 D1=00000400 D2=00000006 D3=00000005 D4=0000FFFF D5=000000FF D6=00000004 D7=420A0000 xnzvc
00:6AA0  D0 6E  ADD.W   $FFF2(A6),D0             A0=00006B1C A1=00C00000 A2=00007331 A3=00FF2CFE A4=00000100 A5=FFFF80C8 A6=00FF0BF0 A7=00FF0BD2 D0=00000400 D1=00000400 D2=00000006 D3=00000005 D4=0000FFFF D5=000000FF D6=00000004 D7=420A0000 xnzvc
00:6AA4  4E 75  RTS                              A0=00006B1C A1=00C00000 A2=00007331 A3=00FF2CFE A4=00000100 A5=FFFF80C8 A6=00FF0BF0 A7=00FF0BD2 D0=0000C400 D1=00000400 D2=00000006 D3=00000005 D4=0000FFFF D5=000000FF D6=00000004 D7=420A0000 xNzvc
00:6B58  4E B8  JSR     ($05A0)                  A0=00006B1C A1=00C00000 A2=00007331 A3=00FF2CFE A4=00000100 A5=FFFF80C8 A6=00FF0BF0 A7=00FF0BD6 D0=0000C400 D1=00000400 D2=00000006 D3=00000005 D4=0000FFFF D5=000000FF D6=00000004 D7=420A0000 xNzvc
00:05A0  E5 80  ASL.L   #2,D0                    A0=00006B1C A1=00C00000 A2=00007331 A3=00FF2CFE A4=00000100 A5=FFFF80C8 A6=00FF0BF0 A7=00FF0BD2 D0=0000C400 D1=00000400 D2=00000006 D3=00000005 D4=0000FFFF D5=000000FF D6=00000004 D7=420A0000 xNzvc
00:05A2  E4 48  LSR.W   #2,D0                    A0=00006B1C A1=00C00000 A2=00007331 A3=00FF2CFE A4=00000100 A5=FFFF80C8 A6=00FF0BF0 A7=00FF0BD2 D0=00031000 D1=00000400 D2=00000006 D3=00000005 D4=0000FFFF D5=000000FF D6=00000004 D7=420A0000 xnzvc
00:05A4  00 40  ORI.W   #$4000,D0                A0=00006B1C A1=00C00000 A2=00007331 A3=00FF2CFE A4=00000100 A5=FFFF80C8 A6=00FF0BF0 A7=00FF0BD2 D0=00030400 D1=00000400 D2=00000006 D3=00000005 D4=0000FFFF D5=000000FF D6=00000004 D7=420A0000 xnzvc
00:05A8  48 40  SWAP.W  D0                       A0=00006B1C A1=00C00000 A2=00007331 A3=00FF2CFE A4=00000100 A5=FFFF80C8 A6=00FF0BF0 A7=00FF0BD2 D0=00034400 D1=00000400 D2=00000006 D3=00000005 D4=0000FFFF D5=000000FF D6=00000004 D7=420A0000 xnzvc
00:05AA  02 40  ANDI.W  #$0003,D0                A0=00006B1C A1=00C00000 A2=00007331 A3=00FF2CFE A4=00000100 A5=FFFF80C8 A6=00FF0BF0 A7=00FF0BD2 D0=44000003 D1=00000400 D2=00000006 D3=00000005 D4=0000FFFF D5=000000FF D6=00000004 D7=420A0000 xnzvc
00:05AE  23 C0  MOVE.L  D0,($00C00004)           A0=00006B1C A1=00C00000 A2=00007331 A3=00FF2CFE A4=00000100 A5=FFFF80C8 A6=00FF0BF0 A7=00FF0BD2 D0=44000003 D1=00000400 D2=00000006 D3=00000005 D4=0000FFFF D5=000000FF D6=00000004 D7=420A0000 xnzvc
00:05B4  4E 75  RTS                              A0=00006B1C A1=00C00000 A2=00007331 A3=00FF2CFE A4=00000100 A5=FFFF80C8 A6=00FF0BF0 A7=00FF0BD2 D0=44000003 D1=00000400 D2=00000006 D3=00000005 D4=0000FFFF D5=000000FF D6=00000004 D7=420A0000 xnzvc
00:6B5C  43 F9  LEA     ($00C00000),A1           A0=00006B1C A1=00C00000 A2=00007331 A3=00FF2CFE A4=00000100 A5=FFFF80C8 A6=00FF0BF0 A7=00FF0BD6 D0=44000003 D1=00000400 D2=00000006 D3=00000005 D4=0000FFFF D5=000000FF D6=00000004 D7=420A0000 xnzvc
00:6B62  4E 75  RTS                              A0=00006B1C A1=00C00000 A2=00007331 A3=00FF2CFE A4=00000100 A5=FFFF80C8 A6=00FF0BF0 A7=00FF0BD6 D0=44000003 D1=00000400 D2=00000006 D3=00000005 D4=0000FFFF D5=000000FF D6=00000004 D7=420A0000 xnzvc
00:6B2C  48 47  SWAP.W  D7                       A0=00006B1C A1=00C00000 A2=00007331 A3=00FF2CFE A4=00000100 A5=FFFF80C8 A6=00FF0BF0 A7=00FF0BDA D0=44000005 D1=00000400 D2=00000006 D3=0000FFFF D4=0000FFFF D5=000000FF D6=00000004 D7=420A0000 XNzvC
00:6B2E  4E 75  RTS                              A0=00006B1C A1=00C00000 A2=00007331 A3=00FF2CFE A4=00000100 A5=FFFF80C8 A6=00FF0BF0 A7=00FF0BDA D0=44000005 D1=00000400 D2=00000006 D3=0000FFFF D4=0000FFFF D5=000000FF D6=00000004 D7=0000420A Xnzvc
00:69D6  60 E0  BRA     #$E0 [00:69B8]           A0=00006B1C A1=00C00000 A2=00007331 A3=00FF2CFE A4=00000100 A5=FFFF80C8 A6=00FF0BF0 A7=00FF0BDE D0=44000005 D1=00000400 D2=00000006 D3=0000FFFF D4=0000FFFF D5=000000FF D6=00000004 D7=0000420A Xnzvc
00:69B8  1E 1A  MOVE.B  (A2)+,D7                 A0=00006B1C A1=00C00000 A2=00007331 A3=00FF2CFE A4=00000100 A5=FFFF80C8 A6=00FF0BF0 A7=00FF0BDE D0=44000005 D1=00000400 D2=00000006 D3=0000FFFF D4=0000FFFF D5=000000FF D6=00000004 D7=0000420A Xnzvc
00:69BA  0C 07  CMPI.B  #$0C,D7                  A0=00006B1C A1=00C00000 A2=00007332 A3=00FF2CFE A4=00000100 A5=FFFF80C8 A6=00FF0BF0 A7=00FF0BDE D0=44000005 D1=00000400 D2=00000006 D3=0000FFFF D4=0000FFFF D5=000000FF D6=00000004 D7=00004202 Xnzvc
00:69BE  63 06  BLS     #$06 [00:69C6]           A0=00006B1C A1=00C00000 A2=00007332 A3=00FF2CFE A4=00000100 A5=FFFF80C8 A6=00FF0BF0 A7=00FF0BDE D0=44000005 D1=00000400 D2=00000006 D3=0000FFFF D4=0000FFFF D5=000000FF D6=00000004 D7=00004202 XNzvC
00:69C6  70 00  MOVEQ   #$00,D0                  A0=00006B1C A1=00C00000 A2=00007332 A3=00FF2CFE A4=00000100 A5=FFFF80C8 A6=00FF0BF0 A7=00FF0BDE D0=44000005 D1=00000400 D2=00000006 D3=0000FFFF D4=0000FFFF D5=000000FF D6=00000004 D7=00004202 XNzvC
00:69C8  10 07  MOVE.B  D7,D0                    A0=00006B1C A1=00C00000 A2=00007332 A3=00FF2CFE A4=00000100 A5=FFFF80C8 A6=00FF0BF0 A7=00FF0BDE D0=00000000 D1=00000400 D2=00000006 D3=0000FFFF D4=0000FFFF D5=000000FF D6=00000004 D7=00004202 XnZvc
00:69CA  D0 40  ADD.W   D0,D0                    A0=00006B1C A1=00C00000 A2=00007332 A3=00FF2CFE A4=00000100 A5=FFFF80C8 A6=00FF0BF0 A7=00FF0BDE D0=00000002 D1=00000400 D2=00000006 D3=0000FFFF D4=0000FFFF D5=000000FF D6=00000004 D7=00004202 Xnzvc
00:69CC  41 FA  LEA     $000A(PC),A0             A0=00006B1C A1=00C00000 A2=00007332 A3=00FF2CFE A4=00000100 A5=FFFF80C8 A6=00FF0BF0 A7=00FF0BDE D0=00000004 D1=00000400 D2=00000006 D3=0000FFFF D4=0000FFFF D5=000000FF D6=00000004 D7=00004202 xnzvc
00:69D0  D0 F0  ADDA.W  $00(A0,D0),A0            A0=000069D8 A1=00C00000 A2=00007332 A3=00FF2CFE A4=00000100 A5=FFFF80C8 A6=00FF0BF0 A7=00FF0BDE D0=00000004 D1=00000400 D2=00000006 D3=0000FFFF D4=0000FFFF D5=000000FF D6=00000004 D7=00004202 xnzvc
00:69D4  4E 90  JSR     (A0)                     A0=00006AA6 A1=00C00000 A2=00007332 A3=00FF2CFE A4=00000100 A5=FFFF80C8 A6=00FF0BF0 A7=00FF0BDE D0=00000004 D1=00000400 D2=00000006 D3=0000FFFF D4=0000FFFF D5=000000FF D6=00000004 D7=00004202 xnzvc
00:6AA6  1E 1A  MOVE.B  (A2)+,D7                 A0=00006AA6 A1=00C00000 A2=00007332 A3=00FF2CFE A4=00000100 A5=FFFF80C8 A6=00FF0BF0 A7=00FF0BDA D0=00000004 D1=00000400 D2=00000006 D3=0000FFFF D4=0000FFFF D5=000000FF D6=00000004 D7=00004202 xnzvc
00:6AA8  E1 47  ASL.W   #8,D7                    A0=00006AA6 A1=00C00000 A2=00007333 A3=00FF2CFE A4=00000100 A5=FFFF80C8 A6=00FF0BF0 A7=00FF0BDA D0=00000004 D1=00000400 D2=00000006 D3=0000FFFF D4=0000FFFF D5=000000FF D6=00000004 D7=00004242 xnzvc
00:6AAA  4E 75  RTS                              A0=00006AA6 A1=00C00000 A2=00007333 A3=00FF2CFE A4=00000100 A5=FFFF80C8 A6=00FF0BF0 A7=00FF0BDA D0=00000004 D1=00000400 D2=00000006 D3=0000FFFF D4=0000FFFF D5=000000FF D6=00000004 D7=00004200 xnzVc
00:69D6  60 E0  BRA     #$E0 [00:69B8]           A0=00006AA6 A1=00C00000 A2=00007333 A3=00FF2CFE A4=00000100 A5=FFFF80C8 A6=00FF0BF0 A7=00FF0BDE D0=00000004 D1=00000400 D2=00000006 D3=0000FFFF D4=0000FFFF D5=000000FF D6=00000004 D7=00004200 xnzVc
00:69B8  1E 1A  MOVE.B  (A2)+,D7                 A0=00006AA6 A1=00C00000 A2=00007333 A3=00FF2CFE A4=00000100 A5=FFFF80C8 A6=00FF0BF0 A7=00FF0BDE D0=00000004 D1=00000400 D2=00000006 D3=0000FFFF D4=0000FFFF D5=000000FF D6=00000004 D7=00004200 xnzVc
00:69BA  0C 07  CMPI.B  #$0C,D7                  A0=00006AA6 A1=00C00000 A2=00007334 A3=00FF2CFE A4=00000100 A5=FFFF80C8 A6=00FF0BF0 A7=00FF0BDE D0=00000004 D1=00000400 D2=00000006 D3=0000FFFF D4=0000FFFF D5=000000FF D6=00000004 D7=00004204 xnzvc
00:69BE  63 06  BLS     #$06 [00:69C6]           A0=00006AA6 A1=00C00000 A2=00007334 A3=00FF2CFE A4=00000100 A5=FFFF80C8 A6=00FF0BF0 A7=00FF0BDE D0=00000004 D1=00000400 D2=00000006 D3=0000FFFF D4=0000FFFF D5=000000FF D6=00000004 D7=00004204 xNzvC
00:69C6  70 00  MOVEQ   #$00,D0                  A0=00006AA6 A1=00C00000 A2=00007334 A3=00FF2CFE A4=00000100 A5=FFFF80C8 A6=00FF0BF0 A7=00FF0BDE D0=00000004 D1=00000400 D2=00000006 D3=0000FFFF D4=0000FFFF D5=000000FF D6=00000004 D7=00004204 xNzvC
00:69C8  10 07  MOVE.B  D7,D0                    A0=00006AA6 A1=00C00000 A2=00007334 A3=00FF2CFE A4=00000100 A5=FFFF80C8 A6=00FF0BF0 A7=00FF0BDE D0=00000000 D1=00000400 D2=00000006 D3=0000FFFF D4=0000FFFF D5=000000FF D6=00000004 D7=00004204 xnZvc
00:69CA  D0 40  ADD.W   D0,D0                    A0=00006AA6 A1=00C00000 A2=00007334 A3=00FF2CFE A4=00000100 A5=FFFF80C8 A6=00FF0BF0 A7=00FF0BDE D0=00000004 D1=00000400 D2=00000006 D3=0000FFFF D4=0000FFFF D5=000000FF D6=00000004 D7=00004204 xnzvc
00:69CC  41 FA  LEA     $000A(PC),A0             A0=00006AA6 A1=00C00000 A2=00007334 A3=00FF2CFE A4=00000100 A5=FFFF80C8 A6=00FF0BF0 A7=00FF0BDE D0=00000008 D1=00000400 D2=00000006 D3=0000FFFF D4=0000FFFF D5=000000FF D6=00000004 D7=00004204 xnzvc
00:69D0  D0 F0  ADDA.W  $00(A0,D0),A0            A0=000069D8 A1=00C00000 A2=00007334 A3=00FF2CFE A4=00000100 A5=FFFF80C8 A6=00FF0BF0 A7=00FF0BDE D0=00000008 D1=00000400 D2=00000006 D3=0000FFFF D4=0000FFFF D5=000000FF D6=00000004 D7=00004204 xnzvc
00:69D4  4E 90  JSR     (A0)                     A0=00006ABC A1=00C00000 A2=00007334 A3=00FF2CFE A4=00000100 A5=FFFF80C8 A6=00FF0BF0 A7=00FF0BDE D0=00000008 D1=00000400 D2=00000006 D3=0000FFFF D4=0000FFFF D5=000000FF D6=00000004 D7=00004204 xnzvc
00:6ABC  76 00  MOVEQ   #$00,D3                  A0=00006ABC A1=00C00000 A2=00007334 A3=00FF2CFE A4=00000100 A5=FFFF80C8 A6=00FF0BF0 A7=00FF0BDA D0=00000008 D1=00000400 D2=00000006 D3=0000FFFF D4=0000FFFF D5=000000FF D6=00000004 D7=00004204 xnzvc
00:6ABE  16 1A  MOVE.B  (A2)+,D3                 A0=00006ABC A1=00C00000 A2=00007334 A3=00FF2CFE A4=00000100 A5=FFFF80C8 A6=00FF0BF0 A7=00FF0BDA D0=00000008 D1=00000400 D2=00000006 D3=00000000 D4=0000FFFF D5=000000FF D6=00000004 D7=00004204 xnZvc
00:6AC0  1E 1A  MOVE.B  (A2)+,D7                 A0=00006ABC A1=00C00000 A2=00007335 A3=00FF2CFE A4=00000100 A5=FFFF80C8 A6=00FF0BF0 A7=00FF0BDA D0=00000008 D1=00000400 D2=00000006 D3=00000004 D4=0000FFFF D5=000000FF D6=00000004 D7=00004204 xnzvc
00:6AC2  61 00  BSR     #$001C [00:6AE0]         A0=00006ABC A1=00C00000 A2=00007336 A3=00FF2CFE A4=00000100 A5=FFFF80C8 A6=00FF0BF0 A7=00FF0BDA D0=00000008 D1=00000400 D2=00000006 D3=00000004 D4=0000FFFF D5=000000FF D6=00000004 D7=0000422B xnzvc
00:6AE0  61 00  BSR     #$0082 [00:6B64]         A0=00006ABC A1=00C00000 A2=00007336 A3=00FF2CFE A4=00000100 A5=FFFF80C8 A6=00FF0BF0 A7=00FF0BD6 D0=00000008 D1=00000400 D2=00000006 D3=00000004 D4=0000FFFF D5=000000FF D6=00000004 D7=0000422B xnzvc
00:6AE4  52 07  ADDQ.B  #1,D7                    A0=00006ABC A1=00C00000 A2=00007336 A3=00FF2CFE A4=00000100 A5=FFFF80C8 A6=00FF0BF0 A7=00FF0BD6 D0=00000006 D1=00000400 D2=00000006 D3=00000004 D4=0000FFFF D5=000000FF D6=00000004 D7=0000422B xnzvc
00:6AE6  53 43  SUBQ.W  #1,D3                    A0=00006ABC A1=00C00000 A2=00007336 A3=00FF2CFE A4=00000100 A5=FFFF80C8 A6=00FF0BF0 A7=00FF0BD6 D0=00000006 D1=00000400 D2=00000006 D3=00000004 D4=0000FFFF D5=000000FF D6=00000004 D7=0000422C xnzvc
00:6AE8  6A F6  BPL     #$F6 [00:6AE0]           A0=00006ABC A1=00C00000 A2=00007336 A3=00FF2CFE A4=00000100 A5=FFFF80C8 A6=00FF0BF0 A7=00FF0BD6 D0=00000006 D1=00000400 D2=00000006 D3=00000003 D4=0000FFFF D5=000000FF D6=00000004 D7=0000422C xnzvc
00:6AE0  61 00  BSR     #$0082 [00:6B64]         A0=00006ABC A1=00C00000 A2=00007336 A3=00FF2CFE A4=00000100 A5=FFFF80C8 A6=00FF0BF0 A7=00FF0BD6 D0=00000006 D1=00000400 D2=00000006 D3=00000003 D4=0000FFFF D5=000000FF D6=00000004 D7=0000422C xnzvc
00:6AE4  52 07  ADDQ.B  #1,D7                    A0=00006ABC A1=00C00000 A2=00007336 A3=00FF2CFE A4=00000100 A5=FFFF80C8 A6=00FF0BF0 A7=00FF0BD6 D0=00000007 D1=00000400 D2=00000006 D3=00000003 D4=0000FFFF D5=000000FF D6=00000004 D7=0000422C xnzvc
00:6AE6  53 43  SUBQ.W  #1,D3                    A0=00006ABC A1=00C00000 A2=00007336 A3=00FF2CFE A4=00000100 A5=FFFF80C8 A6=00FF0BF0 A7=00FF0BD6 D0=00000007 D1=00000400 D2=00000006 D3=00000003 D4=0000FFFF D5=000000FF D6=00000004 D7=0000422D xnzvc
00:6AE8  6A F6  BPL     #$F6 [00:6AE0]           A0=00006ABC A1=00C00000 A2=00007336 A3=00FF2CFE A4=00000100 A5=FFFF80C8 A6=00FF0BF0 A7=00FF0BD6 D0=00000007 D1=00000400 D2=00000006 D3=00000002 D4=0000FFFF D5=000000FF D6=00000004 D7=0000422D xnzvc
00:6AE0  61 00  BSR     #$0082 [00:6B64]         A0=00006ABC A1=00C00000 A2=00007336 A3=00FF2CFE A4=00000100 A5=FFFF80C8 A6=00FF0BF0 A7=00FF0BD6 D0=00000007 D1=00000400 D2=00000006 D3=00000002 D4=0000FFFF D5=000000FF D6=00000004 D7=0000422D xnzvc
00:6AE4  52 07  ADDQ.B  #1,D7                    A0=00006ABC A1=00C00000 A2=00007336 A3=00FF2CFE A4=00000100 A5=FFFF80C8 A6=00FF0BF0 A7=00FF0BD6 D0=00000008 D1=00000400 D2=00000006 D3=00000002 D4=0000FFFF D5=000000FF D6=00000004 D7=0000422D xnzvc
00:6AE6  53 43  SUBQ.W  #1,D3                    A0=00006ABC A1=00C00000 A2=00007336 A3=00FF2CFE A4=00000100 A5=FFFF80C8 A6=00FF0BF0 A7=00FF0BD6 D0=00000008 D1=00000400 D2=00000006 D3=00000002 D4=0000FFFF D5=000000FF D6=00000004 D7=0000422E xnzvc
00:6AE8  6A F6  BPL     #$F6 [00:6AE0]           A0=00006ABC A1=00C00000 A2=00007336 A3=00FF2CFE A4=00000100 A5=FFFF80C8 A6=00FF0BF0 A7=00FF0BD6 D0=00000008 D1=00000400 D2=00000006 D3=00000001 D4=0000FFFF D5=000000FF D6=00000004 D7=0000422E xnzvc
00:6AE0  61 00  BSR     #$0082 [00:6B64]         A0=00006ABC A1=00C00000 A2=00007336 A3=00FF2CFE A4=00000100 A5=FFFF80C8 A6=00FF0BF0 A7=00FF0BD6 D0=00000008 D1=00000400 D2=00000006 D3=00000001 D4=0000FFFF D5=000000FF D6=00000004 D7=0000422E xnzvc
00:6AE4  52 07  ADDQ.B  #1,D7                    A0=00006ABC A1=00C00000 A2=00007336 A3=00FF2CFE A4=00000100 A5=FFFF80C8 A6=00FF0BF0 A7=00FF0BD6 D0=00000009 D1=00000400 D2=00000006 D3=00000001 D4=0000FFFF D5=000000FF D6=00000004 D7=0000422E xnzvc
00:6AE6  53 43  SUBQ.W  #1,D3                    A0=00006ABC A1=00C00000 A2=00007336 A3=00FF2CFE A4=00000100 A5=FFFF80C8 A6=00FF0BF0 A7=00FF0BD6 D0=00000009 D1=00000400 D2=00000006 D3=00000001 D4=0000FFFF D5=000000FF D6=00000004 D7=0000422F xnzvc
00:6AE8  6A F6  BPL     #$F6 [00:6AE0]           A0=00006ABC A1=00C00000 A2=00007336 A3=00FF2CFE A4=00000100 A5=FFFF80C8 A6=00FF0BF0 A7=00FF0BD6 D0=00000009 D1=00000400 D2=00000006 D3=00000000 D4=0000FFFF D5=000000FF D6=00000004 D7=0000422F xnZvc
00:6AE0  61 00  BSR     #$0082 [00:6B64]         A0=00006ABC A1=00C00000 A2=00007336 A3=00FF2CFE A4=00000100 A5=FFFF80C8 A6=00FF0BF0 A7=00FF0BD6 D0=00000009 D1=00000400 D2=00000006 D3=00000000 D4=0000FFFF D5=000000FF D6=00000004 D7=0000422F xnZvc
00:6AE4  52 07  ADDQ.B  #1,D7                    A0=00006ABC A1=00C00000 A2=00007336 A3=00FF2CFE A4=00000100 A5=FFFF80C8 A6=00FF0BF0 A7=00FF0BD6 D0=0000000A D1=00000400 D2=00000006 D3=00000000 D4=0000FFFF D5=000000FF D6=00000004 D7=0000422F xnzvc
00:6AE6  53 43  SUBQ.W  #1,D3                    A0=00006ABC A1=00C00000 A2=00007336 A3=00FF2CFE A4=00000100 A5=FFFF80C8 A6=00FF0BF0 A7=00FF0BD6 D0=0000000A D1=00000400 D2=00000006 D3=00000000 D4=0000FFFF D5=000000FF D6=00000004 D7=00004230 xnzvc
00:6AE8  6A F6  BPL     #$F6 [00:6AE0]           A0=00006ABC A1=00C00000 A2=00007336 A3=00FF2CFE A4=00000100 A5=FFFF80C8 A6=00FF0BF0 A7=00FF0BD6 D0=0000000A D1=00000400 D2=00000006 D3=0000FFFF D4=0000FFFF D5=000000FF D6=00000004 D7=00004230 XNzvC
00:6AEA  4E 75  RTS                              A0=00006ABC A1=00C00000 A2=00007336 A3=00FF2CFE A4=00000100 A5=FFFF80C8 A6=00FF0BF0 A7=00FF0BD6 D0=0000000A D1=00000400 D2=00000006 D3=0000FFFF D4=0000FFFF D5=000000FF D6=00000004 D7=00004230 XNzvC
00:6AC6  4E 75  RTS                              A0=00006ABC A1=00C00000 A2=00007336 A3=00FF2CFE A4=00000100 A5=FFFF80C8 A6=00FF0BF0 A7=00FF0BDA D0=0000000A D1=00000400 D2=00000006 D3=0000FFFF D4=0000FFFF D5=000000FF D6=00000004 D7=00004230 XNzvC
00:69D6  60 E0  BRA     #$E0 [00:69B8]           A0=00006ABC A1=00C00000 A2=00007336 A3=00FF2CFE A4=00000100 A5=FFFF80C8 A6=00FF0BF0 A7=00FF0BDE D0=0000000A D1=00000400 D2=00000006 D3=0000FFFF D4=0000FFFF D5=000000FF D6=00000004 D7=00004230 XNzvC
00:69B8  1E 1A  MOVE.B  (A2)+,D7                 A0=00006ABC A1=00C00000 A2=00007336 A3=00FF2CFE A4=00000100 A5=FFFF80C8 A6=00FF0BF0 A7=00FF0BDE D0=0000000A D1=00000400 D2=00000006 D3=0000FFFF D4=0000FFFF D5=000000FF D6=00000004 D7=00004230 XNzvC
00:69BA  0C 07  CMPI.B  #$0C,D7                  A0=00006ABC A1=00C00000 A2=00007337 A3=00FF2CFE A4=00000100 A5=FFFF80C8 A6=00FF0BF0 A7=00FF0BDE D0=0000000A D1=00000400 D2=00000006 D3=0000FFFF D4=0000FFFF D5=000000FF D6=00000004 D7=00004204 Xnzvc
00:69BE  63 06  BLS     #$06 [00:69C6]           A0=00006ABC A1=00C00000 A2=00007337 A3=00FF2CFE A4=00000100 A5=FFFF80C8 A6=00FF0BF0 A7=00FF0BDE D0=0000000A D1=00000400 D2=00000006 D3=0000FFFF D4=0000FFFF D5=000000FF D6=00000004 D7=00004204 XNzvC
00:69C6  70 00  MOVEQ   #$00,D0                  A0=00006ABC A1=00C00000 A2=00007337 A3=00FF2CFE A4=00000100 A5=FFFF80C8 A6=00FF0BF0 A7=00FF0BDE D0=0000000A D1=00000400 D2=00000006 D3=0000FFFF D4=0000FFFF D5=000000FF D6=00000004 D7=00004204 XNzvC
00:69C8  10 07  MOVE.B  D7,D0                    A0=00006ABC A1=00C00000 A2=00007337 A3=00FF2CFE A4=00000100 A5=FFFF80C8 A6=00FF0BF0 A7=00FF0BDE D0=00000000 D1=00000400 D2=00000006 D3=0000FFFF D4=0000FFFF D5=000000FF D6=00000004 D7=00004204 XnZvc
00:69CA  D0 40  ADD.W   D0,D0                    A0=00006ABC A1=00C00000 A2=00007337 A3=00FF2CFE A4=00000100 A5=FFFF80C8 A6=00FF0BF0 A7=00FF0BDE D0=00000004 D1=00000400 D2=00000006 D3=0000FFFF D4=0000FFFF D5=000000FF D6=00000004 D7=00004204 Xnzvc
00:69CC  41 FA  LEA     $000A(PC),A0             A0=00006ABC A1=00C00000 A2=00007337 A3=00FF2CFE A4=00000100 A5=FFFF80C8 A6=00FF0BF0 A7=00FF0BDE D0=00000008 D1=00000400 D2=00000006 D3=0000FFFF D4=0000FFFF D5=000000FF D6=00000004 D7=00004204 xnzvc
00:69D0  D0 F0  ADDA.W  $00(A0,D0),A0            A0=000069D8 A1=00C00000 A2=00007337 A3=00FF2CFE A4=00000100 A5=FFFF80C8 A6=00FF0BF0 A7=00FF0BDE D0=00000008 D1=00000400 D2=00000006 D3=0000FFFF D4=0000FFFF D5=000000FF D6=00000004 D7=00004204 xnzvc
00:69D4  4E 90  JSR     (A0)                     A0=00006ABC A1=00C00000 A2=00007337 A3=00FF2CFE A4=00000100 A5=FFFF80C8 A6=00FF0BF0 A7=00FF0BDE D0=00000008 D1=00000400 D2=00000006 D3=0000FFFF D4=0000FFFF D5=000000FF D6=00000004 D7=00004204 xnzvc
00:6ABC  76 00  MOVEQ   #$00,D3                  A0=00006ABC A1=00C00000 A2=00007337 A3=00FF2CFE A4=00000100 A5=FFFF80C8 A6=00FF0BF0 A7=00FF0BDA D0=00000008 D1=00000400 D2=00000006 D3=0000FFFF D4=0000FFFF D5=000000FF D6=00000004 D7=00004204 xnzvc
00:6ABE  16 1A  MOVE.B  (A2)+,D3                 A0=00006ABC A1=00C00000 A2=00007337 A3=00FF2CFE A4=00000100 A5=FFFF80C8 A6=00FF0BF0 A7=00FF0BDA D0=00000008 D1=00000400 D2=00000006 D3=00000000 D4=0000FFFF D5=000000FF D6=00000004 D7=00004204 xnZvc
00:6AC0  1E 1A  MOVE.B  (A2)+,D7                 A0=00006ABC A1=00C00000 A2=00007338 A3=00FF2CFE A4=00000100 A5=FFFF80C8 A6=00FF0BF0 A7=00FF0BDA D0=00000008 D1=00000400 D2=00000006 D3=00000002 D4=0000FFFF D5=000000FF D6=00000004 D7=00004204 xnzvc
00:6AC2  61 00  BSR     #$001C [00:6AE0]         A0=00006ABC A1=00C00000 A2=00007339 A3=00FF2CFE A4=00000100 A5=FFFF80C8 A6=00FF0BF0 A7=00FF0BDA D0=00000008 D1=00000400 D2=00000006 D3=00000002 D4=0000FFFF D5=000000FF D6=00000004 D7=00004240 xnzvc
00:6AE0  61 00  BSR     #$0082 [00:6B64]         A0=00006ABC A1=00C00000 A2=00007339 A3=00FF2CFE A4=00000100 A5=FFFF80C8 A6=00FF0BF0 A7=00FF0BD6 D0=00000008 D1=00000400 D2=00000006 D3=00000002 D4=0000FFFF D5=000000FF D6=00000004 D7=00004240 xnzvc
00:6AE4  52 07  ADDQ.B  #1,D7                    A0=00006ABC A1=00C00000 A2=00007339 A3=00FF2CFE A4=00000100 A5=FFFF80C8 A6=00FF0BF0 A7=00FF0BD6 D0=0000000B D1=00000400 D2=00000006 D3=00000002 D4=0000FFFF D5=000000FF D6=00000004 D7=00004240 xnzvc
00:6AE6  53 43  SUBQ.W  #1,D3                    A0=00006ABC A1=00C00000 A2=00007339 A3=00FF2CFE A4=00000100 A5=FFFF80C8 A6=00FF0BF0 A7=00FF0BD6 D0=0000000B D1=00000400 D2=00000006 D3=00000002 D4=0000FFFF D5=000000FF D6=00000004 D7=00004241 xnzvc
00:6AE8  6A F6  BPL     #$F6 [00:6AE0]           A0=00006ABC A1=00C00000 A2=00007339 A3=00FF2CFE A4=00000100 A5=FFFF80C8 A6=00FF0BF0 A7=00FF0BD6 D0=0000000B D1=00000400 D2=00000006 D3=00000001 D4=0000FFFF D5=000000FF D6=00000004 D7=00004241 xnzvc
00:6AE0  61 00  BSR     #$0082 [00:6B64]         A0=00006ABC A1=00C00000 A2=00007339 A3=00FF2CFE A4=00000100 A5=FFFF80C8 A6=00FF0BF0 A7=00FF0BD6 D0=0000000B D1=00000400 D2=00000006 D3=00000001 D4=0000FFFF D5=000000FF D6=00000004 D7=00004241 xnzvc
00:6AE4  52 07  ADDQ.B  #1,D7                    A0=00006ABC A1=00C00000 A2=00007339 A3=00FF2CFE A4=00000100 A5=FFFF80C8 A6=00FF0BF0 A7=00FF0BD6 D0=0000000C D1=00000400 D2=00000006 D3=00000001 D4=0000FFFF D5=000000FF D6=00000004 D7=00004241 xnzvc
00:6AE6  53 43  SUBQ.W  #1,D3                    A0=00006ABC A1=00C00000 A2=00007339 A3=00FF2CFE A4=00000100 A5=FFFF80C8 A6=00FF0BF0 A7=00FF0BD6 D0=0000000C D1=00000400 D2=00000006 D3=00000001 D4=0000FFFF D5=000000FF D6=00000004 D7=00004242 xnzvc
00:6AE8  6A F6  BPL     #$F6 [00:6AE0]           A0=00006ABC A1=00C00000 A2=00007339 A3=00FF2CFE A4=00000100 A5=FFFF80C8 A6=00FF0BF0 A7=00FF0BD6 D0=0000000C D1=00000400 D2=00000006 D3=00000000 D4=0000FFFF D5=000000FF D6=00000004 D7=00004242 xnZvc
00:6AE0  61 00  BSR     #$0082 [00:6B64]         A0=00006ABC A1=00C00000 A2=00007339 A3=00FF2CFE A4=00000100 A5=FFFF80C8 A6=00FF0BF0 A7=00FF0BD6 D0=0000000C D1=00000400 D2=00000006 D3=00000000 D4=0000FFFF D5=000000FF D6=00000004 D7=00004242 xnZvc
00:6AE4  52 07  ADDQ.B  #1,D7                    A0=00006ABC A1=00C00000 A2=00007339 A3=00FF2CFE A4=00000100 A5=FFFF80C8 A6=00FF0BF0 A7=00FF0BD6 D0=0000000D D1=00000400 D2=00000006 D3=00000000 D4=0000FFFF D5=000000FF D6=00000004 D7=00004242 xnzvc
00:6AE6  53 43  SUBQ.W  #1,D3                    A0=00006ABC A1=00C00000 A2=00007339 A3=00FF2CFE A4=00000100 A5=FFFF80C8 A6=00FF0BF0 A7=00FF0BD6 D0=0000000D D1=00000400 D2=00000006 D3=00000000 D4=0000FFFF D5=000000FF D6=00000004 D7=00004243 xnzvc
00:6AE8  6A F6  BPL     #$F6 [00:6AE0]           A0=00006ABC A1=00C00000 A2=00007339 A3=00FF2CFE A4=00000100 A5=FFFF80C8 A6=00FF0BF0 A7=00FF0BD6 D0=0000000D D1=00000400 D2=00000006 D3=0000FFFF D4=0000FFFF D5=000000FF D6=00000004 D7=00004243 XNzvC
00:6AEA  4E 75  RTS                              A0=00006ABC A1=00C00000 A2=00007339 A3=00FF2CFE A4=00000100 A5=FFFF80C8 A6=00FF0BF0 A7=00FF0BD6 D0=0000000D D1=00000400 D2=00000006 D3=0000FFFF D4=0000FFFF D5=000000FF D6=00000004 D7=00004243 XNzvC
00:6AC6  4E 75  RTS                              A0=00006ABC A1=00C00000 A2=00007339 A3=00FF2CFE A4=00000100 A5=FFFF80C8 A6=00FF0BF0 A7=00FF0BDA D0=0000000D D1=00000400 D2=00000006 D3=0000FFFF D4=0000FFFF D5=000000FF D6=00000004 D7=00004243 XNzvC
00:69D6  60 E0  BRA     #$E0 [00:69B8]           A0=00006ABC A1=00C00000 A2=00007339 A3=00FF2CFE A4=00000100 A5=FFFF80C8 A6=00FF0BF0 A7=00FF0BDE D0=0000000D D1=00000400 D2=00000006 D3=0000FFFF D4=0000FFFF D5=000000FF D6=00000004 D7=00004243 XNzvC
00:69B8  1E 1A  MOVE.B  (A2)+,D7                 A0=00006ABC A1=00C00000 A2=00007339 A3=00FF2CFE A4=00000100 A5=FFFF80C8 A6=00FF0BF0 A7=00FF0BDE D0=0000000D D1=00000400 D2=00000006 D3=0000FFFF D4=0000FFFF D5=000000FF D6=00000004 D7=00004243 XNzvC
00:69BA  0C 07  CMPI.B  #$0C,D7                  A0=00006ABC A1=00C00000 A2=0000733A A3=00FF2CFE A4=00000100 A5=FFFF80C8 A6=00FF0BF0 A7=00FF0BDE D0=0000000D D1=00000400 D2=00000006 D3=0000FFFF D4=0000FFFF D5=000000FF D6=00000004 D7=0000420A Xnzvc
00:69BE  63 06  BLS     #$06 [00:69C6]           A0=00006ABC A1=00C00000 A2=0000733A A3=00FF2CFE A4=00000100 A5=FFFF80C8 A6=00FF0BF0 A7=00FF0BDE D0=0000000D D1=00000400 D2=00000006 D3=0000FFFF D4=0000FFFF D5=000000FF D6=00000004 D7=0000420A XNzvC
00:69C6  70 00  MOVEQ   #$00,D0                  A0=00006ABC A1=00C00000 A2=0000733A A3=00FF2CFE A4=00000100 A5=FFFF80C8 A6=00FF0BF0 A7=00FF0BDE D0=0000000D D1=00000400 D2=00000006 D3=0000FFFF D4=0000FFFF D5=000000FF D6=00000004 D7=0000420A XNzvC
00:69C8  10 07  MOVE.B  D7,D0                    A0=00006ABC A1=00C00000 A2=0000733A A3=00FF2CFE A4=00000100 A5=FFFF80C8 A6=00FF0BF0 A7=00FF0BDE D0=00000000 D1=00000400 D2=00000006 D3=0000FFFF D4=0000FFFF D5=000000FF D6=00000004 D7=0000420A XnZvc
00:69CA  D0 40  ADD.W   D0,D0                    A0=00006ABC A1=00C00000 A2=0000733A A3=00FF2CFE A4=00000100 A5=FFFF80C8 A6=00FF0BF0 A7=00FF0BDE D0=0000000A D1=00000400 D2=00000006 D3=0000FFFF D4=0000FFFF D5=000000FF D6=00000004 D7=0000420A Xnzvc
00:69CC  41 FA  LEA     $000A(PC),A0             A0=00006ABC A1=00C00000 A2=0000733A A3=00FF2CFE A4=00000100 A5=FFFF80C8 A6=00FF0BF0 A7=00FF0BDE D0=00000014 D1=00000400 D2=00000006 D3=0000FFFF D4=0000FFFF D5=000000FF D6=00000004 D7=0000420A xnzvc
00:69D0  D0 F0  ADDA.W  $00(A0,D0),A0            A0=000069D8 A1=00C00000 A2=0000733A A3=00FF2CFE A4=00000100 A5=FFFF80C8 A6=00FF0BF0 A7=00FF0BDE D0=00000014 D1=00000400 D2=00000006 D3=0000FFFF D4=0000FFFF D5=000000FF D6=00000004 D7=0000420A xnzvc
00:69D4  4E 90  JSR     (A0)                     A0=00006B1C A1=00C00000 A2=0000733A A3=00FF2CFE A4=00000100 A5=FFFF80C8 A6=00FF0BF0 A7=00FF0BDE D0=00000014 D1=00000400 D2=00000006 D3=0000FFFF D4=0000FFFF D5=000000FF D6=00000004 D7=0000420A xnzvc
00:6B1C  76 00  MOVEQ   #$00,D3                  A0=00006B1C A1=00C00000 A2=0000733A A3=00FF2CFE A4=00000100 A5=FFFF80C8 A6=00FF0BF0 A7=00FF0BDA D0=00000014 D1=00000400 D2=00000006 D3=0000FFFF D4=0000FFFF D5=000000FF D6=00000004 D7=0000420A xnzvc
00:6B1E  16 1A  MOVE.B  (A2)+,D3                 A0=00006B1C A1=00C00000 A2=0000733A A3=00FF2CFE A4=00000100 A5=FFFF80C8 A6=00FF0BF0 A7=00FF0BDA D0=00000014 D1=00000400 D2=00000006 D3=00000000 D4=0000FFFF D5=000000FF D6=00000004 D7=0000420A xnZvc
00:6B20  48 47  SWAP.W  D7                       A0=00006B1C A1=00C00000 A2=0000733B A3=00FF2CFE A4=00000100 A5=FFFF80C8 A6=00FF0BF0 A7=00FF0BDA D0=00000014 D1=00000400 D2=00000006 D3=00000017 D4=0000FFFF D5=000000FF D6=00000004 D7=0000420A xnzvc
00:6B22  42 47  CLR.W   D7                       A0=00006B1C A1=00C00000 A2=0000733B A3=00FF2CFE A4=00000100 A5=FFFF80C8 A6=00FF0BF0 A7=00FF0BDA D0=00000014 D1=00000400 D2=00000006 D3=00000017 D4=0000FFFF D5=000000FF D6=00000004 D7=420A0000 xnzvc
00:6B6C  1D 6E  MOVE.B  $FFF6(A6),$FFF4(A6)      A0=00006B1C A1=00C00000 A2=0000733B A3=00FF2CFE A4=00000100 A5=FFFF80C8 A6=00FF0BF0 A7=00FF0BD6 D0=0000001F D1=00000400 D2=00000006 D3=00000005 D4=0000FFFF D5=000000FF D6=00000004 D7=420A0000 XNzvC
00:6B72  60 C6  BRA     #$C6 [00:6B3A]           A0=00006B1C A1=00C00000 A2=0000733B A3=00FF2CFE A4=00000100 A5=FFFF80C8 A6=00FF0BF0 A7=00FF0BD6 D0=0000001F D1=00000400 D2=00000006 D3=00000005 D4=0000FFFF D5=000000FF D6=00000004 D7=420A0000 Xnzvc
00:6B3A  30 2E  MOVE.W  $FFFA(A6),D0             A0=00006B1C A1=00C00000 A2=0000733B A3=00FF2CFE A4=00000100 A5=FFFF80C8 A6=00FF0BF0 A7=00FF0BD6 D0=0000001F D1=00000400 D2=00000006 D3=00000005 D4=0000FFFF D5=000000FF D6=00000004 D7=420A0000 Xnzvc
00:6B3E  32 2E  MOVE.W  $FFFC(A6),D1             A0=00006B1C A1=00C00000 A2=0000733B A3=00FF2CFE A4=00000100 A5=FFFF80C8 A6=00FF0BF0 A7=00FF0BD6 D0=00000000 D1=00000400 D2=00000006 D3=00000005 D4=0000FFFF D5=000000FF D6=00000004 D7=420A0000 XnZvc
00:6B42  52 41  ADDQ.W  #1,D1                    A0=00006B1C A1=00C00000 A2=0000733B A3=00FF2CFE A4=00000100 A5=FFFF80C8 A6=00FF0BF0 A7=00FF0BD6 D0=00000000 D1=00000008 D2=00000006 D3=00000005 D4=0000FFFF D5=000000FF D6=00000004 D7=420A0000 Xnzvc
00:6B44  B2 78  CMP.W   ($8A72),D1               A0=00006B1C A1=00C00000 A2=0000733B A3=00FF2CFE A4=00000100 A5=FFFF80C8 A6=00FF0BF0 A7=00FF0BD6 D0=00000000 D1=00000009 D2=00000006 D3=00000005 D4=0000FFFF D5=000000FF D6=00000004 D7=420A0000 xnzvc
00:6B48  65 02  BCS     #$02 [00:6B4C]           A0=00006B1C A1=00C00000 A2=0000733B A3=00FF2CFE A4=00000100 A5=FFFF80C8 A6=00FF0BF0 A7=00FF0BD6 D0=00000000 D1=00000009 D2=00000006 D3=00000005 D4=0000FFFF D5=000000FF D6=00000004 D7=420A0000 xNzvC
00:6B4C  3D 41  MOVE.W  D1,$FFFC(A6)             A0=00006B1C A1=00C00000 A2=0000733B A3=00FF2CFE A4=00000100 A5=FFFF80C8 A6=00FF0BF0 A7=00FF0BD6 D0=00000000 D1=00000009 D2=00000006 D3=00000005 D4=0000FFFF D5=000000FF D6=00000004 D7=420A0000 xNzvC
00:6B50  3D 40  MOVE.W  D0,$FFFE(A6)             A0=00006B1C A1=00C00000 A2=0000733B A3=00FF2CFE A4=00000100 A5=FFFF80C8 A6=00FF0BF0 A7=00FF0BD6 D0=00000000 D1=00000009 D2=00000006 D3=00000005 D4=0000FFFF D5=000000FF D6=00000004 D7=420A0000 xnzvc
00:6B54  61 00  BSR     #$FF46 [00:6A9C]         A0=00006B1C A1=00C00000 A2=0000733B A3=00FF2CFE A4=00000100 A5=FFFF80C8 A6=00FF0BF0 A7=00FF0BD6 D0=00000000 D1=00000009 D2=00000006 D3=00000005 D4=0000FFFF D5=000000FF D6=00000004 D7=420A0000 xnZvc
00:6A9C  4E B8  JSR     ($05CA)                  A0=00006B1C A1=00C00000 A2=0000733B A3=00FF2CFE A4=00000100 A5=FFFF80C8 A6=00FF0BF0 A7=00FF0BD2 D0=00000000 D1=00000009 D2=00000006 D3=00000005 D4=0000FFFF D5=000000FF D6=00000004 D7=420A0000 xnZvc
00:05CA  D0 40  ADD.W   D0,D0                    A0=00006B1C A1=00C00000 A2=0000733B A3=00FF2CFE A4=00000100 A5=FFFF80C8 A6=00FF0BF0 A7=00FF0BCE D0=00000000 D1=00000009 D2=00000006 D3=00000005 D4=0000FFFF D5=000000FF D6=00000004 D7=420A0000 xnZvc
00:05CC  D2 41  ADD.W   D1,D1                    A0=00006B1C A1=00C00000 A2=0000733B A3=00FF2CFE A4=00000100 A5=FFFF80C8 A6=00FF0BF0 A7=00FF0BCE D0=00000000 D1=00000009 D2=00000006 D3=00000005 D4=0000FFFF D5=000000FF D6=00000004 D7=420A0000 xnZvc
00:05CE  14 38  MOVE.B  ($8A8A),D2               A0=00006B1C A1=00C00000 A2=0000733B A3=00FF2CFE A4=00000100 A5=FFFF80C8 A6=00FF0BF0 A7=00FF0BCE D0=00000000 D1=00000012 D2=00000006 D3=00000005 D4=0000FFFF D5=000000FF D6=00000004 D7=420A0000 xnzvc
00:05D2  E5 61  ASL.W   D2,D1                    A0=00006B1C A1=00C00000 A2=0000733B A3=00FF2CFE A4=00000100 A5=FFFF80C8 A6=00FF0BF0 A7=00FF0BCE D0=00000000 D1=00000012 D2=00000006 D3=00000005 D4=0000FFFF D5=000000FF D6=00000004 D7=420A0000 xnzvc
00:05D4  D0 41  ADD.W   D1,D0                    A0=00006B1C A1=00C00000 A2=0000733B A3=00FF2CFE A4=00000100 A5=FFFF80C8 A6=00FF0BF0 A7=00FF0BCE D0=00000000 D1=00000480 D2=00000006 D3=00000005 D4=0000FFFF D5=000000FF D6=00000004 D7=420A0000 xnzvc
00:05D6  4E 75  RTS                              A0=00006B1C A1=00C00000 A2=0000733B A3=00FF2CFE A4=00000100 A5=FFFF80C8 A6=00FF0BF0 A7=00FF0BCE D0=00000480 D1=00000480 D2=00000006 D3=00000005 D4=0000FFFF D5=000000FF D6=00000004 D7=420A0000 xnzvc
00:6AA0  D0 6E  ADD.W   $FFF2(A6),D0             A0=00006B1C A1=00C00000 A2=0000733B A3=00FF2CFE A4=00000100 A5=FFFF80C8 A6=00FF0BF0 A7=00FF0BD2 D0=00000480 D1=00000480 D2=00000006 D3=00000005 D4=0000FFFF D5=000000FF D6=00000004 D7=420A0000 xnzvc
00:6AA4  4E 75  RTS                              A0=00006B1C A1=00C00000 A2=0000733B A3=00FF2CFE A4=00000100 A5=FFFF80C8 A6=00FF0BF0 A7=00FF0BD2 D0=0000C480 D1=00000480 D2=00000006 D3=00000005 D4=0000FFFF D5=000000FF D6=00000004 D7=420A0000 xNzvc
00:6B58  4E B8  JSR     ($05A0)                  A0=00006B1C A1=00C00000 A2=0000733B A3=00FF2CFE A4=00000100 A5=FFFF80C8 A6=00FF0BF0 A7=00FF0BD6 D0=0000C480 D1=00000480 D2=00000006 D3=00000005 D4=0000FFFF D5=000000FF D6=00000004 D7=420A0000 xNzvc
00:05A0  E5 80  ASL.L   #2,D0                    A0=00006B1C A1=00C00000 A2=0000733B A3=00FF2CFE A4=00000100 A5=FFFF80C8 A6=00FF0BF0 A7=00FF0BD2 D0=0000C480 D1=00000480 D2=00000006 D3=00000005 D4=0000FFFF D5=000000FF D6=00000004 D7=420A0000 xNzvc
00:05A2  E4 48  LSR.W   #2,D0                    A0=00006B1C A1=00C00000 A2=0000733B A3=00FF2CFE A4=00000100 A5=FFFF80C8 A6=00FF0BF0 A7=00FF0BD2 D0=00031200 D1=00000480 D2=00000006 D3=00000005 D4=0000FFFF D5=000000FF D6=00000004 D7=420A0000 xnzvc
00:05A4  00 40  ORI.W   #$4000,D0                A0=00006B1C A1=00C00000 A2=0000733B A3=00FF2CFE A4=00000100 A5=FFFF80C8 A6=00FF0BF0 A7=00FF0BD2 D0=00030480 D1=00000480 D2=00000006 D3=00000005 D4=0000FFFF D5=000000FF D6=00000004 D7=420A0000 xnzvc
00:05A8  48 40  SWAP.W  D0                       A0=00006B1C A1=00C00000 A2=0000733B A3=00FF2CFE A4=00000100 A5=FFFF80C8 A6=00FF0BF0 A7=00FF0BD2 D0=00034480 D1=00000480 D2=00000006 D3=00000005 D4=0000FFFF D5=000000FF D6=00000004 D7=420A0000 xnzvc
00:05AA  02 40  ANDI.W  #$0003,D0                A0=00006B1C A1=00C00000 A2=0000733B A3=00FF2CFE A4=00000100 A5=FFFF80C8 A6=00FF0BF0 A7=00FF0BD2 D0=44800003 D1=00000480 D2=00000006 D3=00000005 D4=0000FFFF D5=000000FF D6=00000004 D7=420A0000 xnzvc
00:05AE  23 C0  MOVE.L  D0,($00C00004)           A0=00006B1C A1=00C00000 A2=0000733B A3=00FF2CFE A4=00000100 A5=FFFF80C8 A6=00FF0BF0 A7=00FF0BD2 D0=44800003 D1=00000480 D2=00000006 D3=00000005 D4=0000FFFF D5=000000FF D6=00000004 D7=420A0000 xnzvc
00:05B4  4E 75  RTS                              A0=00006B1C A1=00C00000 A2=0000733B A3=00FF2CFE A4=00000100 A5=FFFF80C8 A6=00FF0BF0 A7=00FF0BD2 D0=44800003 D1=00000480 D2=00000006 D3=00000005 D4=0000FFFF D5=000000FF D6=00000004 D7=420A0000 xnzvc
00:6B5C  43 F9  LEA     ($00C00000),A1           A0=00006B1C A1=00C00000 A2=0000733B A3=00FF2CFE A4=00000100 A5=FFFF80C8 A6=00FF0BF0 A7=00FF0BD6 D0=44800003 D1=00000480 D2=00000006 D3=00000005 D4=0000FFFF D5=000000FF D6=00000004 D7=420A0000 xnzvc
00:6B62  4E 75  RTS                              A0=00006B1C A1=00C00000 A2=0000733B A3=00FF2CFE A4=00000100 A5=FFFF80C8 A6=00FF0BF0 A7=00FF0BD6 D0=44800003 D1=00000480 D2=00000006 D3=00000005 D4=0000FFFF D5=000000FF D6=00000004 D7=420A0000 xnzvc
00:6B2C  48 47  SWAP.W  D7                       A0=00006B1C A1=00C00000 A2=0000733B A3=00FF2CFE A4=00000100 A5=FFFF80C8 A6=00FF0BF0 A7=00FF0BDA D0=44800005 D1=00000480 D2=00000006 D3=0000FFFF D4=0000FFFF D5=000000FF D6=00000004 D7=420A0000 XNzvC
00:6B2E  4E 75  RTS                              A0=00006B1C A1=00C00000 A2=0000733B A3=00FF2CFE A4=00000100 A5=FFFF80C8 A6=00FF0BF0 A7=00FF0BDA D0=44800005 D1=00000480 D2=00000006 D3=0000FFFF D4=0000FFFF D5=000000FF D6=00000004 D7=0000420A Xnzvc
00:69D6  60 E0  BRA     #$E0 [00:69B8]           A0=00006B1C A1=00C00000 A2=0000733B A3=00FF2CFE A4=00000100 A5=FFFF80C8 A6=00FF0BF0 A7=00FF0BDE D0=44800005 D1=00000480 D2=00000006 D3=0000FFFF D4=0000FFFF D5=000000FF D6=00000004 D7=0000420A Xnzvc
00:69B8  1E 1A  MOVE.B  (A2)+,D7                 A0=00006B1C A1=00C00000 A2=0000733B A3=00FF2CFE A4=00000100 A5=FFFF80C8 A6=00FF0BF0 A7=00FF0BDE D0=44800005 D1=00000480 D2=00000006 D3=0000FFFF D4=0000FFFF D5=000000FF D6=00000004 D7=0000420A Xnzvc
00:69BA  0C 07  CMPI.B  #$0C,D7                  A0=00006B1C A1=00C00000 A2=0000733C A3=00FF2CFE A4=00000100 A5=FFFF80C8 A6=00FF0BF0 A7=00FF0BDE D0=44800005 D1=00000480 D2=00000006 D3=0000FFFF D4=0000FFFF D5=000000FF D6=00000004 D7=00004202 Xnzvc
00:69BE  63 06  BLS     #$06 [00:69C6]           A0=00006B1C A1=00C00000 A2=0000733C A3=00FF2CFE A4=00000100 A5=FFFF80C8 A6=00FF0BF0 A7=00FF0BDE D0=44800005 D1=00000480 D2=00000006 D3=0000FFFF D4=0000FFFF D5=000000FF D6=00000004 D7=00004202 XNzvC
00:69C6  70 00  MOVEQ   #$00,D0                  A0=00006B1C A1=00C00000 A2=0000733C A3=00FF2CFE A4=00000100 A5=FFFF80C8 A6=00FF0BF0 A7=00FF0BDE D0=44800005 D1=00000480 D2=00000006 D3=0000FFFF D4=0000FFFF D5=000000FF D6=00000004 D7=00004202 XNzvC
00:69C8  10 07  MOVE.B  D7,D0                    A0=00006B1C A1=00C00000 A2=0000733C A3=00FF2CFE A4=00000100 A5=FFFF80C8 A6=00FF0BF0 A7=00FF0BDE D0=00000000 D1=00000480 D2=00000006 D3=0000FFFF D4=0000FFFF D5=000000FF D6=00000004 D7=00004202 XnZvc
00:69CA  D0 40  ADD.W   D0,D0                    A0=00006B1C A1=00C00000 A2=0000733C A3=00FF2CFE A4=00000100 A5=FFFF80C8 A6=00FF0BF0 A7=00FF0BDE D0=00000002 D1=00000480 D2=00000006 D3=0000FFFF D4=0000FFFF D5=000000FF D6=00000004 D7=00004202 Xnzvc
00:69CC  41 FA  LEA     $000A(PC),A0             A0=00006B1C A1=00C00000 A2=0000733C A3=00FF2CFE A4=00000100 A5=FFFF80C8 A6=00FF0BF0 A7=00FF0BDE D0=00000004 D1=00000480 D2=00000006 D3=0000FFFF D4=0000FFFF D5=000000FF D6=00000004 D7=00004202 xnzvc
00:69D0  D0 F0  ADDA.W  $00(A0,D0),A0            A0=000069D8 A1=00C00000 A2=0000733C A3=00FF2CFE A4=00000100 A5=FFFF80C8 A6=00FF0BF0 A7=00FF0BDE D0=00000004 D1=00000480 D2=00000006 D3=0000FFFF D4=0000FFFF D5=000000FF D6=00000004 D7=00004202 xnzvc
00:69D4  4E 90  JSR     (A0)                     A0=00006AA6 A1=00C00000 A2=0000733C A3=00FF2CFE A4=00000100 A5=FFFF80C8 A6=00FF0BF0 A7=00FF0BDE D0=00000004 D1=00000480 D2=00000006 D3=0000FFFF D4=0000FFFF D5=000000FF D6=00000004 D7=00004202 xnzvc
00:6AA6  1E 1A  MOVE.B  (A2)+,D7                 A0=00006AA6 A1=00C00000 A2=0000733C A3=00FF2CFE A4=00000100 A5=FFFF80C8 A6=00FF0BF0 A7=00FF0BDA D0=00000004 D1=00000480 D2=00000006 D3=0000FFFF D4=0000FFFF D5=000000FF D6=00000004 D7=00004202 xnzvc
00:6AA8  E1 47  ASL.W   #8,D7                    A0=00006AA6 A1=00C00000 A2=0000733D A3=00FF2CFE A4=00000100 A5=FFFF80C8 A6=00FF0BF0 A7=00FF0BDA D0=00000004 D1=00000480 D2=00000006 D3=0000FFFF D4=0000FFFF D5=000000FF D6=00000004 D7=00004242 xnzvc
00:6AAA  4E 75  RTS                              A0=00006AA6 A1=00C00000 A2=0000733D A3=00FF2CFE A4=00000100 A5=FFFF80C8 A6=00FF0BF0 A7=00FF0BDA D0=00000004 D1=00000480 D2=00000006 D3=0000FFFF D4=0000FFFF D5=000000FF D6=00000004 D7=00004200 xnzVc
00:69D6  60 E0  BRA     #$E0 [00:69B8]           A0=00006AA6 A1=00C00000 A2=0000733D A3=00FF2CFE A4=00000100 A5=FFFF80C8 A6=00FF0BF0 A7=00FF0BDE D0=00000004 D1=00000480 D2=00000006 D3=0000FFFF D4=0000FFFF D5=000000FF D6=00000004 D7=00004200 xnzVc
00:69B8  1E 1A  MOVE.B  (A2)+,D7                 A0=00006AA6 A1=00C00000 A2=0000733D A3=00FF2CFE A4=00000100 A5=FFFF80C8 A6=00FF0BF0 A7=00FF0BDE D0=00000004 D1=00000480 D2=00000006 D3=0000FFFF D4=0000FFFF D5=000000FF D6=00000004 D7=00004200 xnzVc
00:69BA  0C 07  CMPI.B  #$0C,D7                  A0=00006AA6 A1=00C00000 A2=0000733E A3=00FF2CFE A4=00000100 A5=FFFF80C8 A6=00FF0BF0 A7=00FF0BDE D0=00000004 D1=00000480 D2=00000006 D3=0000FFFF D4=0000FFFF D5=000000FF D6=00000004 D7=00004204 xnzvc
00:69BE  63 06  BLS     #$06 [00:69C6]           A0=00006AA6 A1=00C00000 A2=0000733E A3=00FF2CFE A4=00000100 A5=FFFF80C8 A6=00FF0BF0 A7=00FF0BDE D0=00000004 D1=00000480 D2=00000006 D3=0000FFFF D4=0000FFFF D5=000000FF D6=00000004 D7=00004204 xNzvC
00:69C6  70 00  MOVEQ   #$00,D0                  A0=00006AA6 A1=00C00000 A2=0000733E A3=00FF2CFE A4=00000100 A5=FFFF80C8 A6=00FF0BF0 A7=00FF0BDE D0=00000004 D1=00000480 D2=00000006 D3=0000FFFF D4=0000FFFF D5=000000FF D6=00000004 D7=00004204 xNzvC
00:69C8  10 07  MOVE.B  D7,D0                    A0=00006AA6 A1=00C00000 A2=0000733E A3=00FF2CFE A4=00000100 A5=FFFF80C8 A6=00FF0BF0 A7=00FF0BDE D0=00000000 D1=00000480 D2=00000006 D3=0000FFFF D4=0000FFFF D5=000000FF D6=00000004 D7=00004204 xnZvc
00:69CA  D0 40  ADD.W   D0,D0                    A0=00006AA6 A1=00C00000 A2=0000733E A3=00FF2CFE A4=00000100 A5=FFFF80C8 A6=00FF0BF0 A7=00FF0BDE D0=00000004 D1=00000480 D2=00000006 D3=0000FFFF D4=0000FFFF D5=000000FF D6=00000004 D7=00004204 xnzvc
00:69CC  41 FA  LEA     $000A(PC),A0             A0=00006AA6 A1=00C00000 A2=0000733E A3=00FF2CFE A4=00000100 A5=FFFF80C8 A6=00FF0BF0 A7=00FF0BDE D0=00000008 D1=00000480 D2=00000006 D3=0000FFFF D4=0000FFFF D5=000000FF D6=00000004 D7=00004204 xnzvc
00:69D0  D0 F0  ADDA.W  $00(A0,D0),A0            A0=000069D8 A1=00C00000 A2=0000733E A3=00FF2CFE A4=00000100 A5=FFFF80C8 A6=00FF0BF0 A7=00FF0BDE D0=00000008 D1=00000480 D2=00000006 D3=0000FFFF D4=0000FFFF D5=000000FF D6=00000004 D7=00004204 xnzvc
00:69D4  4E 90  JSR     (A0)                     A0=00006ABC A1=00C00000 A2=0000733E A3=00FF2CFE A4=00000100 A5=FFFF80C8 A6=00FF0BF0 A7=00FF0BDE D0=00000008 D1=00000480 D2=00000006 D3=0000FFFF D4=0000FFFF D5=000000FF D6=00000004 D7=00004204 xnzvc
00:6ABC  76 00  MOVEQ   #$00,D3                  A0=00006ABC A1=00C00000 A2=0000733E A3=00FF2CFE A4=00000100 A5=FFFF80C8 A6=00FF0BF0 A7=00FF0BDA D0=00000008 D1=00000480 D2=00000006 D3=0000FFFF D4=0000FFFF D5=000000FF D6=00000004 D7=00004204 xnzvc
00:6ABE  16 1A  MOVE.B  (A2)+,D3                 A0=00006ABC A1=00C00000 A2=0000733E A3=00FF2CFE A4=00000100 A5=FFFF80C8 A6=00FF0BF0 A7=00FF0BDA D0=00000008 D1=00000480 D2=00000006 D3=00000000 D4=0000FFFF D5=000000FF D6=00000004 D7=00004204 xnZvc
00:6AC0  1E 1A  MOVE.B  (A2)+,D7                 A0=00006ABC A1=00C00000 A2=0000733F A3=00FF2CFE A4=00000100 A5=FFFF80C8 A6=00FF0BF0 A7=00FF0BDA D0=00000008 D1=00000480 D2=00000006 D3=00000004 D4=0000FFFF D5=000000FF D6=00000004 D7=00004204 xnzvc
00:6AC2  61 00  BSR     #$001C [00:6AE0]         A0=00006ABC A1=00C00000 A2=00007340 A3=00FF2CFE A4=00000100 A5=FFFF80C8 A6=00FF0BF0 A7=00FF0BDA D0=00000008 D1=00000480 D2=00000006 D3=00000004 D4=0000FFFF D5=000000FF D6=00000004 D7=0000423B xnzvc
00:6AE0  61 00  BSR     #$0082 [00:6B64]         A0=00006ABC A1=00C00000 A2=00007340 A3=00FF2CFE A4=00000100 A5=FFFF80C8 A6=00FF0BF0 A7=00FF0BD6 D0=00000008 D1=00000480 D2=00000006 D3=00000004 D4=0000FFFF D5=000000FF D6=00000004 D7=0000423B xnzvc
00:6AE4  52 07  ADDQ.B  #1,D7                    A0=00006ABC A1=00C00000 A2=00007340 A3=00FF2CFE A4=00000100 A5=FFFF80C8 A6=00FF0BF0 A7=00FF0BD6 D0=00000006 D1=00000480 D2=00000006 D3=00000004 D4=0000FFFF D5=000000FF D6=00000004 D7=0000423B xnzvc
00:6AE6  53 43  SUBQ.W  #1,D3                    A0=00006ABC A1=00C00000 A2=00007340 A3=00FF2CFE A4=00000100 A5=FFFF80C8 A6=00FF0BF0 A7=00FF0BD6 D0=00000006 D1=00000480 D2=00000006 D3=00000004 D4=0000FFFF D5=000000FF D6=00000004 D7=0000423C xnzvc
00:6AE8  6A F6  BPL     #$F6 [00:6AE0]           A0=00006ABC A1=00C00000 A2=00007340 A3=00FF2CFE A4=00000100 A5=FFFF80C8 A6=00FF0BF0 A7=00FF0BD6 D0=00000006 D1=00000480 D2=00000006 D3=00000003 D4=0000FFFF D5=000000FF D6=00000004 D7=0000423C xnzvc
00:6AE0  61 00  BSR     #$0082 [00:6B64]         A0=00006ABC A1=00C00000 A2=00007340 A3=00FF2CFE A4=00000100 A5=FFFF80C8 A6=00FF0BF0 A7=00FF0BD6 D0=00000006 D1=00000480 D2=00000006 D3=00000003 D4=0000FFFF D5=000000FF D6=00000004 D7=0000423C xnzvc
00:6AE4  52 07  ADDQ.B  #1,D7                    A0=00006ABC A1=00C00000 A2=00007340 A3=00FF2CFE A4=00000100 A5=FFFF80C8 A6=00FF0BF0 A7=00FF0BD6 D0=00000007 D1=00000480 D2=00000006 D3=00000003 D4=0000FFFF D5=000000FF D6=00000004 D7=0000423C xnzvc
00:6AE6  53 43  SUBQ.W  #1,D3                    A0=00006ABC A1=00C00000 A2=00007340 A3=00FF2CFE A4=00000100 A5=FFFF80C8 A6=00FF0BF0 A7=00FF0BD6 D0=00000007 D1=00000480 D2=00000006 D3=00000003 D4=0000FFFF D5=000000FF D6=00000004 D7=0000423D xnzvc
00:6AE8  6A F6  BPL     #$F6 [00:6AE0]           A0=00006ABC A1=00C00000 A2=00007340 A3=00FF2CFE A4=00000100 A5=FFFF80C8 A6=00FF0BF0 A7=00FF0BD6 D0=00000007 D1=00000480 D2=00000006 D3=00000002 D4=0000FFFF D5=000000FF D6=00000004 D7=0000423D xnzvc
00:6AE0  61 00  BSR     #$0082 [00:6B64]         A0=00006ABC A1=00C00000 A2=00007340 A3=00FF2CFE A4=00000100 A5=FFFF80C8 A6=00FF0BF0 A7=00FF0BD6 D0=00000007 D1=00000480 D2=00000006 D3=00000002 D4=0000FFFF D5=000000FF D6=00000004 D7=0000423D xnzvc
00:6AE4  52 07  ADDQ.B  #1,D7                    A0=00006ABC A1=00C00000 A2=00007340 A3=00FF2CFE A4=00000100 A5=FFFF80C8 A6=00FF0BF0 A7=00FF0BD6 D0=00000008 D1=00000480 D2=00000006 D3=00000002 D4=0000FFFF D5=000000FF D6=00000004 D7=0000423D xnzvc
00:6AE6  53 43  SUBQ.W  #1,D3                    A0=00006ABC A1=00C00000 A2=00007340 A3=00FF2CFE A4=00000100 A5=FFFF80C8 A6=00FF0BF0 A7=00FF0BD6 D0=00000008 D1=00000480 D2=00000006 D3=00000002 D4=0000FFFF D5=000000FF D6=00000004 D7=0000423E xnzvc
00:6AE8  6A F6  BPL     #$F6 [00:6AE0]           A0=00006ABC A1=00C00000 A2=00007340 A3=00FF2CFE A4=00000100 A5=FFFF80C8 A6=00FF0BF0 A7=00FF0BD6 D0=00000008 D1=00000480 D2=00000006 D3=00000001 D4=0000FFFF D5=000000FF D6=00000004 D7=0000423E xnzvc
00:6AE0  61 00  BSR     #$0082 [00:6B64]         A0=00006ABC A1=00C00000 A2=00007340 A3=00FF2CFE A4=00000100 A5=FFFF80C8 A6=00FF0BF0 A7=00FF0BD6 D0=00000008 D1=00000480 D2=00000006 D3=00000001 D4=0000FFFF D5=000000FF D6=00000004 D7=0000423E xnzvc
00:6AE4  52 07  ADDQ.B  #1,D7                    A0=00006ABC A1=00C00000 A2=00007340 A3=00FF2CFE A4=00000100 A5=FFFF80C8 A6=00FF0BF0 A7=00FF0BD6 D0=00000009 D1=00000480 D2=00000006 D3=00000001 D4=0000FFFF D5=000000FF D6=00000004 D7=0000423E xnzvc
00:6AE6  53 43  SUBQ.W  #1,D3                    A0=00006ABC A1=00C00000 A2=00007340 A3=00FF2CFE A4=00000100 A5=FFFF80C8 A6=00FF0BF0 A7=00FF0BD6 D0=00000009 D1=00000480 D2=00000006 D3=00000001 D4=0000FFFF D5=000000FF D6=00000004 D7=0000423F xnzvc
00:6AE8  6A F6  BPL     #$F6 [00:6AE0]           A0=00006ABC A1=00C00000 A2=00007340 A3=00FF2CFE A4=00000100 A5=FFFF80C8 A6=00FF0BF0 A7=00FF0BD6 D0=00000009 D1=00000480 D2=00000006 D3=00000000 D4=0000FFFF D5=000000FF D6=00000004 D7=0000423F xnZvc
00:6AE0  61 00  BSR     #$0082 [00:6B64]         A0=00006ABC A1=00C00000 A2=00007340 A3=00FF2CFE A4=00000100 A5=FFFF80C8 A6=00FF0BF0 A7=00FF0BD6 D0=00000009 D1=00000480 D2=00000006 D3=00000000 D4=0000FFFF D5=000000FF D6=00000004 D7=0000423F xnZvc
00:6AE4  52 07  ADDQ.B  #1,D7                    A0=00006ABC A1=00C00000 A2=00007340 A3=00FF2CFE A4=00000100 A5=FFFF80C8 A6=00FF0BF0 A7=00FF0BD6 D0=0000000A D1=00000480 D2=00000006 D3=00000000 D4=0000FFFF D5=000000FF D6=00000004 D7=0000423F xnzvc
00:6AE6  53 43  SUBQ.W  #1,D3                    A0=00006ABC A1=00C00000 A2=00007340 A3=00FF2CFE A4=00000100 A5=FFFF80C8 A6=00FF0BF0 A7=00FF0BD6 D0=0000000A D1=00000480 D2=00000006 D3=00000000 D4=0000FFFF D5=000000FF D6=00000004 D7=00004240 xnzvc
00:6AE8  6A F6  BPL     #$F6 [00:6AE0]           A0=00006ABC A1=00C00000 A2=00007340 A3=00FF2CFE A4=00000100 A5=FFFF80C8 A6=00FF0BF0 A7=00FF0BD6 D0=0000000A D1=00000480 D2=00000006 D3=0000FFFF D4=0000FFFF D5=000000FF D6=00000004 D7=00004240 XNzvC
00:6AEA  4E 75  RTS                              A0=00006ABC A1=00C00000 A2=00007340 A3=00FF2CFE A4=00000100 A5=FFFF80C8 A6=00FF0BF0 A7=00FF0BD6 D0=0000000A D1=00000480 D2=00000006 D3=0000FFFF D4=0000FFFF D5=000000FF D6=00000004 D7=00004240 XNzvC
00:6AC6  4E 75  RTS                              A0=00006ABC A1=00C00000 A2=00007340 A3=00FF2CFE A4=00000100 A5=FFFF80C8 A6=00FF0BF0 A7=00FF0BDA D0=0000000A D1=00000480 D2=00000006 D3=0000FFFF D4=0000FFFF D5=000000FF D6=00000004 D7=00004240 XNzvC
00:69D6  60 E0  BRA     #$E0 [00:69B8]           A0=00006ABC A1=00C00000 A2=00007340 A3=00FF2CFE A4=00000100 A5=FFFF80C8 A6=00FF0BF0 A7=00FF0BDE D0=0000000A D1=00000480 D2=00000006 D3=0000FFFF D4=0000FFFF D5=000000FF D6=00000004 D7=00004240 XNzvC
00:69B8  1E 1A  MOVE.B  (A2)+,D7                 A0=00006ABC A1=00C00000 A2=00007340 A3=00FF2CFE A4=00000100 A5=FFFF80C8 A6=00FF0BF0 A7=00FF0BDE D0=0000000A D1=00000480 D2=00000006 D3=0000FFFF D4=0000FFFF D5=000000FF D6=00000004 D7=00004240 XNzvC
00:69BA  0C 07  CMPI.B  #$0C,D7                  A0=00006ABC A1=00C00000 A2=00007341 A3=00FF2CFE A4=00000100 A5=FFFF80C8 A6=00FF0BF0 A7=00FF0BDE D0=0000000A D1=00000480 D2=00000006 D3=0000FFFF D4=0000FFFF D5=000000FF D6=00000004 D7=00004204 Xnzvc
00:69BE  63 06  BLS     #$06 [00:69C6]           A0=00006ABC A1=00C00000 A2=00007341 A3=00FF2CFE A4=00000100 A5=FFFF80C8 A6=00FF0BF0 A7=00FF0BDE D0=0000000A D1=00000480 D2=00000006 D3=0000FFFF D4=0000FFFF D5=000000FF D6=00000004 D7=00004204 XNzvC
00:69C6  70 00  MOVEQ   #$00,D0                  A0=00006ABC A1=00C00000 A2=00007341 A3=00FF2CFE A4=00000100 A5=FFFF80C8 A6=00FF0BF0 A7=00FF0BDE D0=0000000A D1=00000480 D2=00000006 D3=0000FFFF D4=0000FFFF D5=000000FF D6=00000004 D7=00004204 XNzvC
00:69C8  10 07  MOVE.B  D7,D0                    A0=00006ABC A1=00C00000 A2=00007341 A3=00FF2CFE A4=00000100 A5=FFFF80C8 A6=00FF0BF0 A7=00FF0BDE D0=00000000 D1=00000480 D2=00000006 D3=0000FFFF D4=0000FFFF D5=000000FF D6=00000004 D7=00004204 XnZvc
00:69CA  D0 40  ADD.W   D0,D0                    A0=00006ABC A1=00C00000 A2=00007341 A3=00FF2CFE A4=00000100 A5=FFFF80C8 A6=00FF0BF0 A7=00FF0BDE D0=00000004 D1=00000480 D2=00000006 D3=0000FFFF D4=0000FFFF D5=000000FF D6=00000004 D7=00004204 Xnzvc
00:69CC  41 FA  LEA     $000A(PC),A0             A0=00006ABC A1=00C00000 A2=00007341 A3=00FF2CFE A4=00000100 A5=FFFF80C8 A6=00FF0BF0 A7=00FF0BDE D0=00000008 D1=00000480 D2=00000006 D3=0000FFFF D4=0000FFFF D5=000000FF D6=00000004 D7=00004204 xnzvc
00:69D0  D0 F0  ADDA.W  $00(A0,D0),A0            A0=000069D8 A1=00C00000 A2=00007341 A3=00FF2CFE A4=00000100 A5=FFFF80C8 A6=00FF0BF0 A7=00FF0BDE D0=00000008 D1=00000480 D2=00000006 D3=0000FFFF D4=0000FFFF D5=000000FF D6=00000004 D7=00004204 xnzvc
00:69D4  4E 90  JSR     (A0)                     A0=00006ABC A1=00C00000 A2=00007341 A3=00FF2CFE A4=00000100 A5=FFFF80C8 A6=00FF0BF0 A7=00FF0BDE D0=00000008 D1=00000480 D2=00000006 D3=0000FFFF D4=0000FFFF D5=000000FF D6=00000004 D7=00004204 xnzvc
00:6ABC  76 00  MOVEQ   #$00,D3                  A0=00006ABC A1=00C00000 A2=00007341 A3=00FF2CFE A4=00000100 A5=FFFF80C8 A6=00FF0BF0 A7=00FF0BDA D0=00000008 D1=00000480 D2=00000006 D3=0000FFFF D4=0000FFFF D5=000000FF D6=00000004 D7=00004204 xnzvc
00:6ABE  16 1A  MOVE.B  (A2)+,D3                 A0=00006ABC A1=00C00000 A2=00007341 A3=00FF2CFE A4=00000100 A5=FFFF80C8 A6=00FF0BF0 A7=00FF0BDA D0=00000008 D1=00000480 D2=00000006 D3=00000000 D4=0000FFFF D5=000000FF D6=00000004 D7=00004204 xnZvc
00:6AC0  1E 1A  MOVE.B  (A2)+,D7                 A0=00006ABC A1=00C00000 A2=00007342 A3=00FF2CFE A4=00000100 A5=FFFF80C8 A6=00FF0BF0 A7=00FF0BDA D0=00000008 D1=00000480 D2=00000006 D3=00000002 D4=0000FFFF D5=000000FF D6=00000004 D7=00004204 xnzvc
00:6AC2  61 00  BSR     #$001C [00:6AE0]         A0=00006ABC A1=00C00000 A2=00007343 A3=00FF2CFE A4=00000100 A5=FFFF80C8 A6=00FF0BF0 A7=00FF0BDA D0=00000008 D1=00000480 D2=00000006 D3=00000002 D4=0000FFFF D5=000000FF D6=00000004 D7=00004250 xnzvc
00:6AE0  61 00  BSR     #$0082 [00:6B64]         A0=00006ABC A1=00C00000 A2=00007343 A3=00FF2CFE A4=00000100 A5=FFFF80C8 A6=00FF0BF0 A7=00FF0BD6 D0=00000008 D1=00000480 D2=00000006 D3=00000002 D4=0000FFFF D5=000000FF D6=00000004 D7=00004250 xnzvc
00:6AE4  52 07  ADDQ.B  #1,D7                    A0=00006ABC A1=00C00000 A2=00007343 A3=00FF2CFE A4=00000100 A5=FFFF80C8 A6=00FF0BF0 A7=00FF0BD6 D0=0000000B D1=00000480 D2=00000006 D3=00000002 D4=0000FFFF D5=000000FF D6=00000004 D7=00004250 xnzvc
00:6AE6  53 43  SUBQ.W  #1,D3                    A0=00006ABC A1=00C00000 A2=00007343 A3=00FF2CFE A4=00000100 A5=FFFF80C8 A6=00FF0BF0 A7=00FF0BD6 D0=0000000B D1=00000480 D2=00000006 D3=00000002 D4=0000FFFF D5=000000FF D6=00000004 D7=00004251 xnzvc
00:6AE8  6A F6  BPL     #$F6 [00:6AE0]           A0=00006ABC A1=00C00000 A2=00007343 A3=00FF2CFE A4=00000100 A5=FFFF80C8 A6=00FF0BF0 A7=00FF0BD6 D0=0000000B D1=00000480 D2=00000006 D3=00000001 D4=0000FFFF D5=000000FF D6=00000004 D7=00004251 xnzvc
00:6AE0  61 00  BSR     #$0082 [00:6B64]         A0=00006ABC A1=00C00000 A2=00007343 A3=00FF2CFE A4=00000100 A5=FFFF80C8 A6=00FF0BF0 A7=00FF0BD6 D0=0000000B D1=00000480 D2=00000006 D3=00000001 D4=0000FFFF D5=000000FF D6=00000004 D7=00004251 xnzvc
00:6AE4  52 07  ADDQ.B  #1,D7                    A0=00006ABC A1=00C00000 A2=00007343 A3=00FF2CFE A4=00000100 A5=FFFF80C8 A6=00FF0BF0 A7=00FF0BD6 D0=0000000C D1=00000480 D2=00000006 D3=00000001 D4=0000FFFF D5=000000FF D6=00000004 D7=00004251 xnzvc
00:6AE6  53 43  SUBQ.W  #1,D3                    A0=00006ABC A1=00C00000 A2=00007343 A3=00FF2CFE A4=00000100 A5=FFFF80C8 A6=00FF0BF0 A7=00FF0BD6 D0=0000000C D1=00000480 D2=00000006 D3=00000001 D4=0000FFFF D5=000000FF D6=00000004 D7=00004252 xnzvc
00:6AE8  6A F6  BPL     #$F6 [00:6AE0]           A0=00006ABC A1=00C00000 A2=00007343 A3=00FF2CFE A4=00000100 A5=FFFF80C8 A6=00FF0BF0 A7=00FF0BD6 D0=0000000C D1=00000480 D2=00000006 D3=00000000 D4=0000FFFF D5=000000FF D6=00000004 D7=00004252 xnZvc
00:6AE0  61 00  BSR     #$0082 [00:6B64]         A0=00006ABC A1=00C00000 A2=00007343 A3=00FF2CFE A4=00000100 A5=FFFF80C8 A6=00FF0BF0 A7=00FF0BD6 D0=0000000C D1=00000480 D2=00000006 D3=00000000 D4=0000FFFF D5=000000FF D6=00000004 D7=00004252 xnZvc
00:6AE4  52 07  ADDQ.B  #1,D7                    A0=00006ABC A1=00C00000 A2=00007343 A3=00FF2CFE A4=00000100 A5=FFFF80C8 A6=00FF0BF0 A7=00FF0BD6 D0=0000000D D1=00000480 D2=00000006 D3=00000000 D4=0000FFFF D5=000000FF D6=00000004 D7=00004252 xnzvc
00:6AE6  53 43  SUBQ.W  #1,D3                    A0=00006ABC A1=00C00000 A2=00007343 A3=00FF2CFE A4=00000100 A5=FFFF80C8 A6=00FF0BF0 A7=00FF0BD6 D0=0000000D D1=00000480 D2=00000006 D3=00000000 D4=0000FFFF D5=000000FF D6=00000004 D7=00004253 xnzvc
00:6AE8  6A F6  BPL     #$F6 [00:6AE0]           A0=00006ABC A1=00C00000 A2=00007343 A3=00FF2CFE A4=00000100 A5=FFFF80C8 A6=00FF0BF0 A7=00FF0BD6 D0=0000000D D1=00000480 D2=00000006 D3=0000FFFF D4=0000FFFF D5=000000FF D6=00000004 D7=00004253 XNzvC
00:6AEA  4E 75  RTS                              A0=00006ABC A1=00C00000 A2=00007343 A3=00FF2CFE A4=00000100 A5=FFFF80C8 A6=00FF0BF0 A7=00FF0BD6 D0=0000000D D1=00000480 D2=00000006 D3=0000FFFF D4=0000FFFF D5=000000FF D6=00000004 D7=00004253 XNzvC
00:6AC6  4E 75  RTS                              A0=00006ABC A1=00C00000 A2=00007343 A3=00FF2CFE A4=00000100 A5=FFFF80C8 A6=00FF0BF0 A7=00FF0BDA D0=0000000D D1=00000480 D2=00000006 D3=0000FFFF D4=0000FFFF D5=000000FF D6=00000004 D7=00004253 XNzvC
00:69D6  60 E0  BRA     #$E0 [00:69B8]           A0=00006ABC A1=00C00000 A2=00007343 A3=00FF2CFE A4=00000100 A5=FFFF80C8 A6=00FF0BF0 A7=00FF0BDE D0=0000000D D1=00000480 D2=00000006 D3=0000FFFF D4=0000FFFF D5=000000FF D6=00000004 D7=00004253 XNzvC
00:69B8  1E 1A  MOVE.B  (A2)+,D7                 A0=00006ABC A1=00C00000 A2=00007343 A3=00FF2CFE A4=00000100 A5=FFFF80C8 A6=00FF0BF0 A7=00FF0BDE D0=0000000D D1=00000480 D2=00000006 D3=0000FFFF D4=0000FFFF D5=000000FF D6=00000004 D7=00004253 XNzvC
00:69BA  0C 07  CMPI.B  #$0C,D7                  A0=00006ABC A1=00C00000 A2=00007344 A3=00FF2CFE A4=00000100 A5=FFFF80C8 A6=00FF0BF0 A7=00FF0BDE D0=0000000D D1=00000480 D2=00000006 D3=0000FFFF D4=0000FFFF D5=000000FF D6=00000004 D7=0000420A Xnzvc
00:69BE  63 06  BLS     #$06 [00:69C6]           A0=00006ABC A1=00C00000 A2=00007344 A3=00FF2CFE A4=00000100 A5=FFFF80C8 A6=00FF0BF0 A7=00FF0BDE D0=0000000D D1=00000480 D2=00000006 D3=0000FFFF D4=0000FFFF D5=000000FF D6=00000004 D7=0000420A XNzvC
00:69C6  70 00  MOVEQ   #$00,D0                  A0=00006ABC A1=00C00000 A2=00007344 A3=00FF2CFE A4=00000100 A5=FFFF80C8 A6=00FF0BF0 A7=00FF0BDE D0=0000000D D1=00000480 D2=00000006 D3=0000FFFF D4=0000FFFF D5=000000FF D6=00000004 D7=0000420A XNzvC
00:69C8  10 07  MOVE.B  D7,D0                    A0=00006ABC A1=00C00000 A2=00007344 A3=00FF2CFE A4=00000100 A5=FFFF80C8 A6=00FF0BF0 A7=00FF0BDE D0=00000000 D1=00000480 D2=00000006 D3=0000FFFF D4=0000FFFF D5=000000FF D6=00000004 D7=0000420A XnZvc
00:69CA  D0 40  ADD.W   D0,D0                    A0=00006ABC A1=00C00000 A2=00007344 A3=00FF2CFE A4=00000100 A5=FFFF80C8 A6=00FF0BF0 A7=00FF0BDE D0=0000000A D1=00000480 D2=00000006 D3=0000FFFF D4=0000FFFF D5=000000FF D6=00000004 D7=0000420A Xnzvc
00:69CC  41 FA  LEA     $000A(PC),A0             A0=00006ABC A1=00C00000 A2=00007344 A3=00FF2CFE A4=00000100 A5=FFFF80C8 A6=00FF0BF0 A7=00FF0BDE D0=00000014 D1=00000480 D2=00000006 D3=0000FFFF D4=0000FFFF D5=000000FF D6=00000004 D7=0000420A xnzvc
00:69D0  D0 F0  ADDA.W  $00(A0,D0),A0            A0=000069D8 A1=00C00000 A2=00007344 A3=00FF2CFE A4=00000100 A5=FFFF80C8 A6=00FF0BF0 A7=00FF0BDE D0=00000014 D1=00000480 D2=00000006 D3=0000FFFF D4=0000FFFF D5=000000FF D6=00000004 D7=0000420A xnzvc
00:69D4  4E 90  JSR     (A0)                     A0=00006B1C A1=00C00000 A2=00007344 A3=00FF2CFE A4=00000100 A5=FFFF80C8 A6=00FF0BF0 A7=00FF0BDE D0=00000014 D1=00000480 D2=00000006 D3=0000FFFF D4=0000FFFF D5=000000FF D6=00000004 D7=0000420A xnzvc
00:6B1C  76 00  MOVEQ   #$00,D3                  A0=00006B1C A1=00C00000 A2=00007344 A3=00FF2CFE A4=00000100 A5=FFFF80C8 A6=00FF0BF0 A7=00FF0BDA D0=00000014 D1=00000480 D2=00000006 D3=0000FFFF D4=0000FFFF D5=000000FF D6=00000004 D7=0000420A xnzvc
00:6B1E  16 1A  MOVE.B  (A2)+,D3                 A0=00006B1C A1=00C00000 A2=00007344 A3=00FF2CFE A4=00000100 A5=FFFF80C8 A6=00FF0BF0 A7=00FF0BDA D0=00000014 D1=00000480 D2=00000006 D3=00000000 D4=0000FFFF D5=000000FF D6=00000004 D7=0000420A xnZvc
00:6B20  48 47  SWAP.W  D7                       A0=00006B1C A1=00C00000 A2=00007345 A3=00FF2CFE A4=00000100 A5=FFFF80C8 A6=00FF0BF0 A7=00FF0BDA D0=00000014 D1=00000480 D2=00000006 D3=00000015 D4=0000FFFF D5=000000FF D6=00000004 D7=0000420A xnzvc
00:6B22  42 47  CLR.W   D7                       A0=00006B1C A1=00C00000 A2=00007345 A3=00FF2CFE A4=00000100 A5=FFFF80C8 A6=00FF0BF0 A7=00FF0BDA D0=00000014 D1=00000480 D2=00000006 D3=00000015 D4=0000FFFF D5=000000FF D6=00000004 D7=420A0000 xnzvc
00:6B6C  1D 6E  MOVE.B  $FFF6(A6),$FFF4(A6)      A0=00006B1C A1=00C00000 A2=00007345 A3=00FF2CFE A4=00000100 A5=FFFF80C8 A6=00FF0BF0 A7=00FF0BD6 D0=0000001F D1=00000480 D2=00000006 D3=00000003 D4=0000FFFF D5=000000FF D6=00000004 D7=420A0000 XNzvC
00:6B72  60 C6  BRA     #$C6 [00:6B3A]           A0=00006B1C A1=00C00000 A2=00007345 A3=00FF2CFE A4=00000100 A5=FFFF80C8 A6=00FF0BF0 A7=00FF0BD6 D0=0000001F D1=00000480 D2=00000006 D3=00000003 D4=0000FFFF D5=000000FF D6=00000004 D7=420A0000 Xnzvc
00:6B3A  30 2E  MOVE.W  $FFFA(A6),D0             A0=00006B1C A1=00C00000 A2=00007345 A3=00FF2CFE A4=00000100 A5=FFFF80C8 A6=00FF0BF0 A7=00FF0BD6 D0=0000001F D1=00000480 D2=00000006 D3=00000003 D4=0000FFFF D5=000000FF D6=00000004 D7=420A0000 Xnzvc
00:6B3E  32 2E  MOVE.W  $FFFC(A6),D1             A0=00006B1C A1=00C00000 A2=00007345 A3=00FF2CFE A4=00000100 A5=FFFF80C8 A6=00FF0BF0 A7=00FF0BD6 D0=00000000 D1=00000480 D2=00000006 D3=00000003 D4=0000FFFF D5=000000FF D6=00000004 D7=420A0000 XnZvc
00:6B42  52 41  ADDQ.W  #1,D1                    A0=00006B1C A1=00C00000 A2=00007345 A3=00FF2CFE A4=00000100 A5=FFFF80C8 A6=00FF0BF0 A7=00FF0BD6 D0=00000000 D1=00000009 D2=00000006 D3=00000003 D4=0000FFFF D5=000000FF D6=00000004 D7=420A0000 Xnzvc
00:6B44  B2 78  CMP.W   ($8A72),D1               A0=00006B1C A1=00C00000 A2=00007345 A3=00FF2CFE A4=00000100 A5=FFFF80C8 A6=00FF0BF0 A7=00FF0BD6 D0=00000000 D1=0000000A D2=00000006 D3=00000003 D4=0000FFFF D5=000000FF D6=00000004 D7=420A0000 xnzvc
00:6B48  65 02  BCS     #$02 [00:6B4C]           A0=00006B1C A1=00C00000 A2=00007345 A3=00FF2CFE A4=00000100 A5=FFFF80C8 A6=00FF0BF0 A7=00FF0BD6 D0=00000000 D1=0000000A D2=00000006 D3=00000003 D4=0000FFFF D5=000000FF D6=00000004 D7=420A0000 xNzvC
00:6B4C  3D 41  MOVE.W  D1,$FFFC(A6)             A0=00006B1C A1=00C00000 A2=00007345 A3=00FF2CFE A4=00000100 A5=FFFF80C8 A6=00FF0BF0 A7=00FF0BD6 D0=00000000 D1=0000000A D2=00000006 D3=00000003 D4=0000FFFF D5=000000FF D6=00000004 D7=420A0000 xNzvC
00:6B50  3D 40  MOVE.W  D0,$FFFE(A6)             A0=00006B1C A1=00C00000 A2=00007345 A3=00FF2CFE A4=00000100 A5=FFFF80C8 A6=00FF0BF0 A7=00FF0BD6 D0=00000000 D1=0000000A D2=00000006 D3=00000003 D4=0000FFFF D5=000000FF D6=00000004 D7=420A0000 xnzvc
00:6B54  61 00  BSR     #$FF46 [00:6A9C]         A0=00006B1C A1=00C00000 A2=00007345 A3=00FF2CFE A4=00000100 A5=FFFF80C8 A6=00FF0BF0 A7=00FF0BD6 D0=00000000 D1=0000000A D2=00000006 D3=00000003 D4=0000FFFF D5=000000FF D6=00000004 D7=420A0000 xnZvc
00:6A9C  4E B8  JSR     ($05CA)                  A0=00006B1C A1=00C00000 A2=00007345 A3=00FF2CFE A4=00000100 A5=FFFF80C8 A6=00FF0BF0 A7=00FF0BD2 D0=00000000 D1=0000000A D2=00000006 D3=00000003 D4=0000FFFF D5=000000FF D6=00000004 D7=420A0000 xnZvc
00:05CA  D0 40  ADD.W   D0,D0                    A0=00006B1C A1=00C00000 A2=00007345 A3=00FF2CFE A4=00000100 A5=FFFF80C8 A6=00FF0BF0 A7=00FF0BCE D0=00000000 D1=0000000A D2=00000006 D3=00000003 D4=0000FFFF D5=000000FF D6=00000004 D7=420A0000 xnZvc
00:05CC  D2 41  ADD.W   D1,D1                    A0=00006B1C A1=00C00000 A2=00007345 A3=00FF2CFE A4=00000100 A5=FFFF80C8 A6=00FF0BF0 A7=00FF0BCE D0=00000000 D1=0000000A D2=00000006 D3=00000003 D4=0000FFFF D5=000000FF D6=00000004 D7=420A0000 xnZvc
00:05CE  14 38  MOVE.B  ($8A8A),D2               A0=00006B1C A1=00C00000 A2=00007345 A3=00FF2CFE A4=00000100 A5=FFFF80C8 A6=00FF0BF0 A7=00FF0BCE D0=00000000 D1=00000014 D2=00000006 D3=00000003 D4=0000FFFF D5=000000FF D6=00000004 D7=420A0000 xnzvc
00:05D2  E5 61  ASL.W   D2,D1                    A0=00006B1C A1=00C00000 A2=00007345 A3=00FF2CFE A4=00000100 A5=FFFF80C8 A6=00FF0BF0 A7=00FF0BCE D0=00000000 D1=00000014 D2=00000006 D3=00000003 D4=0000FFFF D5=000000FF D6=00000004 D7=420A0000 xnzvc
00:05D4  D0 41  ADD.W   D1,D0                    A0=00006B1C A1=00C00000 A2=00007345 A3=00FF2CFE A4=00000100 A5=FFFF80C8 A6=00FF0BF0 A7=00FF0BCE D0=00000000 D1=00000500 D2=00000006 D3=00000003 D4=0000FFFF D5=000000FF D6=00000004 D7=420A0000 xnzvc
00:05D6  4E 75  RTS                              A0=00006B1C A1=00C00000 A2=00007345 A3=00FF2CFE A4=00000100 A5=FFFF80C8 A6=00FF0BF0 A7=00FF0BCE D0=00000500 D1=00000500 D2=00000006 D3=00000003 D4=0000FFFF D5=000000FF D6=00000004 D7=420A0000 xnzvc
00:6AA0  D0 6E  ADD.W   $FFF2(A6),D0             A0=00006B1C A1=00C00000 A2=00007345 A3=00FF2CFE A4=00000100 A5=FFFF80C8 A6=00FF0BF0 A7=00FF0BD2 D0=00000500 D1=00000500 D2=00000006 D3=00000003 D4=0000FFFF D5=000000FF D6=00000004 D7=420A0000 xnzvc
00:6AA4  4E 75  RTS                              A0=00006B1C A1=00C00000 A2=00007345 A3=00FF2CFE A4=00000100 A5=FFFF80C8 A6=00FF0BF0 A7=00FF0BD2 D0=0000C500 D1=00000500 D2=00000006 D3=00000003 D4=0000FFFF D5=000000FF D6=00000004 D7=420A0000 xNzvc
00:6B58  4E B8  JSR     ($05A0)                  A0=00006B1C A1=00C00000 A2=00007345 A3=00FF2CFE A4=00000100 A5=FFFF80C8 A6=00FF0BF0 A7=00FF0BD6 D0=0000C500 D1=00000500 D2=00000006 D3=00000003 D4=0000FFFF D5=000000FF D6=00000004 D7=420A0000 xNzvc
00:05A0  E5 80  ASL.L   #2,D0                    A0=00006B1C A1=00C00000 A2=00007345 A3=00FF2CFE A4=00000100 A5=FFFF80C8 A6=00FF0BF0 A7=00FF0BD2 D0=0000C500 D1=00000500 D2=00000006 D3=00000003 D4=0000FFFF D5=000000FF D6=00000004 D7=420A0000 xNzvc
00:05A2  E4 48  LSR.W   #2,D0                    A0=00006B1C A1=00C00000 A2=00007345 A3=00FF2CFE A4=00000100 A5=FFFF80C8 A6=00FF0BF0 A7=00FF0BD2 D0=00031400 D1=00000500 D2=00000006 D3=00000003 D4=0000FFFF D5=000000FF D6=00000004 D7=420A0000 xnzvc
00:05A4  00 40  ORI.W   #$4000,D0                A0=00006B1C A1=00C00000 A2=00007345 A3=00FF2CFE A4=00000100 A5=FFFF80C8 A6=00FF0BF0 A7=00FF0BD2 D0=00030500 D1=00000500 D2=00000006 D3=00000003 D4=0000FFFF D5=000000FF D6=00000004 D7=420A0000 xnzvc
00:05A8  48 40  SWAP.W  D0                       A0=00006B1C A1=00C00000 A2=00007345 A3=00FF2CFE A4=00000100 A5=FFFF80C8 A6=00FF0BF0 A7=00FF0BD2 D0=00034500 D1=00000500 D2=00000006 D3=00000003 D4=0000FFFF D5=000000FF D6=00000004 D7=420A0000 xnzvc
00:05AA  02 40  ANDI.W  #$0003,D0                A0=00006B1C A1=00C00000 A2=00007345 A3=00FF2CFE A4=00000100 A5=FFFF80C8 A6=00FF0BF0 A7=00FF0BD2 D0=45000003 D1=00000500 D2=00000006 D3=00000003 D4=0000FFFF D5=000000FF D6=00000004 D7=420A0000 xnzvc
00:05AE  23 C0  MOVE.L  D0,($00C00004)           A0=00006B1C A1=00C00000 A2=00007345 A3=00FF2CFE A4=00000100 A5=FFFF80C8 A6=00FF0BF0 A7=00FF0BD2 D0=45000003 D1=00000500 D2=00000006 D3=00000003 D4=0000FFFF D5=000000FF D6=00000004 D7=420A0000 xnzvc
00:05B4  4E 75  RTS                              A0=00006B1C A1=00C00000 A2=00007345 A3=00FF2CFE A4=00000100 A5=FFFF80C8 A6=00FF0BF0 A7=00FF0BD2 D0=45000003 D1=00000500 D2=00000006 D3=00000003 D4=0000FFFF D5=000000FF D6=00000004 D7=420A0000 xnzvc
00:6B5C  43 F9  LEA     ($00C00000),A1           A0=00006B1C A1=00C00000 A2=00007345 A3=00FF2CFE A4=00000100 A5=FFFF80C8 A6=00FF0BF0 A7=00FF0BD6 D0=45000003 D1=00000500 D2=00000006 D3=00000003 D4=0000FFFF D5=000000FF D6=00000004 D7=420A0000 xnzvc
00:6B62  4E 75  RTS                              A0=00006B1C A1=00C00000 A2=00007345 A3=00FF2CFE A4=00000100 A5=FFFF80C8 A6=00FF0BF0 A7=00FF0BD6 D0=45000003 D1=00000500 D2=00000006 D3=00000003 D4=0000FFFF D5=000000FF D6=00000004 D7=420A0000 xnzvc
00:6B2C  48 47  SWAP.W  D7                       A0=00006B1C A1=00C00000 A2=00007345 A3=00FF2CFE A4=00000100 A5=FFFF80C8 A6=00FF0BF0 A7=00FF0BDA D0=45000003 D1=00000500 D2=00000006 D3=0000FFFF D4=0000FFFF D5=000000FF D6=00000004 D7=420A0000 XNzvC
00:6B2E  4E 75  RTS                              A0=00006B1C A1=00C00000 A2=00007345 A3=00FF2CFE A4=00000100 A5=FFFF80C8 A6=00FF0BF0 A7=00FF0BDA D0=45000003 D1=00000500 D2=00000006 D3=0000FFFF D4=0000FFFF D5=000000FF D6=00000004 D7=0000420A Xnzvc
00:69D6  60 E0  BRA     #$E0 [00:69B8]           A0=00006B1C A1=00C00000 A2=00007345 A3=00FF2CFE A4=00000100 A5=FFFF80C8 A6=00FF0BF0 A7=00FF0BDE D0=45000003 D1=00000500 D2=00000006 D3=0000FFFF D4=0000FFFF D5=000000FF D6=00000004 D7=0000420A Xnzvc
00:69B8  1E 1A  MOVE.B  (A2)+,D7                 A0=00006B1C A1=00C00000 A2=00007345 A3=00FF2CFE A4=00000100 A5=FFFF80C8 A6=00FF0BF0 A7=00FF0BDE D0=45000003 D1=00000500 D2=00000006 D3=0000FFFF D4=0000FFFF D5=000000FF D6=00000004 D7=0000420A Xnzvc
00:69BA  0C 07  CMPI.B  #$0C,D7                  A0=00006B1C A1=00C00000 A2=00007346 A3=00FF2CFE A4=00000100 A5=FFFF80C8 A6=00FF0BF0 A7=00FF0BDE D0=45000003 D1=00000500 D2=00000006 D3=0000FFFF D4=0000FFFF D5=000000FF D6=00000004 D7=00004202 Xnzvc
00:69BE  63 06  BLS     #$06 [00:69C6]           A0=00006B1C A1=00C00000 A2=00007346 A3=00FF2CFE A4=00000100 A5=FFFF80C8 A6=00FF0BF0 A7=00FF0BDE D0=45000003 D1=00000500 D2=00000006 D3=0000FFFF D4=0000FFFF D5=000000FF D6=00000004 D7=00004202 XNzvC
00:69C6  70 00  MOVEQ   #$00,D0                  A0=00006B1C A1=00C00000 A2=00007346 A3=00FF2CFE A4=00000100 A5=FFFF80C8 A6=00FF0BF0 A7=00FF0BDE D0=45000003 D1=00000500 D2=00000006 D3=0000FFFF D4=0000FFFF D5=000000FF D6=00000004 D7=00004202 XNzvC
00:69C8  10 07  MOVE.B  D7,D0                    A0=00006B1C A1=00C00000 A2=00007346 A3=00FF2CFE A4=00000100 A5=FFFF80C8 A6=00FF0BF0 A7=00FF0BDE D0=00000000 D1=00000500 D2=00000006 D3=0000FFFF D4=0000FFFF D5=000000FF D6=00000004 D7=00004202 XnZvc
00:69CA  D0 40  ADD.W   D0,D0                    A0=00006B1C A1=00C00000 A2=00007346 A3=00FF2CFE A4=00000100 A5=FFFF80C8 A6=00FF0BF0 A7=00FF0BDE D0=00000002 D1=00000500 D2=00000006 D3=0000FFFF D4=0000FFFF D5=000000FF D6=00000004 D7=00004202 Xnzvc
00:69CC  41 FA  LEA     $000A(PC),A0             A0=00006B1C A1=00C00000 A2=00007346 A3=00FF2CFE A4=00000100 A5=FFFF80C8 A6=00FF0BF0 A7=00FF0BDE D0=00000004 D1=00000500 D2=00000006 D3=0000FFFF D4=0000FFFF D5=000000FF D6=00000004 D7=00004202 xnzvc
00:69D0  D0 F0  ADDA.W  $00(A0,D0),A0            A0=000069D8 A1=00C00000 A2=00007346 A3=00FF2CFE A4=00000100 A5=FFFF80C8 A6=00FF0BF0 A7=00FF0BDE D0=00000004 D1=00000500 D2=00000006 D3=0000FFFF D4=0000FFFF D5=000000FF D6=00000004 D7=00004202 xnzvc
00:69D4  4E 90  JSR     (A0)                     A0=00006AA6 A1=00C00000 A2=00007346 A3=00FF2CFE A4=00000100 A5=FFFF80C8 A6=00FF0BF0 A7=00FF0BDE D0=00000004 D1=00000500 D2=00000006 D3=0000FFFF D4=0000FFFF D5=000000FF D6=00000004 D7=00004202 xnzvc
00:6AA6  1E 1A  MOVE.B  (A2)+,D7                 A0=00006AA6 A1=00C00000 A2=00007346 A3=00FF2CFE A4=00000100 A5=FFFF80C8 A6=00FF0BF0 A7=00FF0BDA D0=00000004 D1=00000500 D2=00000006 D3=0000FFFF D4=0000FFFF D5=000000FF D6=00000004 D7=00004202 xnzvc
00:6AA8  E1 47  ASL.W   #8,D7                    A0=00006AA6 A1=00C00000 A2=00007347 A3=00FF2CFE A4=00000100 A5=FFFF80C8 A6=00FF0BF0 A7=00FF0BDA D0=00000004 D1=00000500 D2=00000006 D3=0000FFFF D4=0000FFFF D5=000000FF D6=00000004 D7=00004242 xnzvc
00:6AAA  4E 75  RTS                              A0=00006AA6 A1=00C00000 A2=00007347 A3=00FF2CFE A4=00000100 A5=FFFF80C8 A6=00FF0BF0 A7=00FF0BDA D0=00000004 D1=00000500 D2=00000006 D3=0000FFFF D4=0000FFFF D5=000000FF D6=00000004 D7=00004200 xnzVc
00:69D6  60 E0  BRA     #$E0 [00:69B8]           A0=00006AA6 A1=00C00000 A2=00007347 A3=00FF2CFE A4=00000100 A5=FFFF80C8 A6=00FF0BF0 A7=00FF0BDE D0=00000004 D1=00000500 D2=00000006 D3=0000FFFF D4=0000FFFF D5=000000FF D6=00000004 D7=00004200 xnzVc
00:69B8  1E 1A  MOVE.B  (A2)+,D7                 A0=00006AA6 A1=00C00000 A2=00007347 A3=00FF2CFE A4=00000100 A5=FFFF80C8 A6=00FF0BF0 A7=00FF0BDE D0=00000004 D1=00000500 D2=00000006 D3=0000FFFF D4=0000FFFF D5=000000FF D6=00000004 D7=00004200 xnzVc
00:69BA  0C 07  CMPI.B  #$0C,D7                  A0=00006AA6 A1=00C00000 A2=00007348 A3=00FF2CFE A4=00000100 A5=FFFF80C8 A6=00FF0BF0 A7=00FF0BDE D0=00000004 D1=00000500 D2=00000006 D3=0000FFFF D4=0000FFFF D5=000000FF D6=00000004 D7=00004204 xnzvc
00:69BE  63 06  BLS     #$06 [00:69C6]           A0=00006AA6 A1=00C00000 A2=00007348 A3=00FF2CFE A4=00000100 A5=FFFF80C8 A6=00FF0BF0 A7=00FF0BDE D0=00000004 D1=00000500 D2=00000006 D3=0000FFFF D4=0000FFFF D5=000000FF D6=00000004 D7=00004204 xNzvC
00:69C6  70 00  MOVEQ   #$00,D0                  A0=00006AA6 A1=00C00000 A2=00007348 A3=00FF2CFE A4=00000100 A5=FFFF80C8 A6=00FF0BF0 A7=00FF0BDE D0=00000004 D1=00000500 D2=00000006 D3=0000FFFF D4=0000FFFF D5=000000FF D6=00000004 D7=00004204 xNzvC
00:69C8  10 07  MOVE.B  D7,D0                    A0=00006AA6 A1=00C00000 A2=00007348 A3=00FF2CFE A4=00000100 A5=FFFF80C8 A6=00FF0BF0 A7=00FF0BDE D0=00000000 D1=00000500 D2=00000006 D3=0000FFFF D4=0000FFFF D5=000000FF D6=00000004 D7=00004204 xnZvc
00:69CA  D0 40  ADD.W   D0,D0                    A0=00006AA6 A1=00C00000 A2=00007348 A3=00FF2CFE A4=00000100 A5=FFFF80C8 A6=00FF0BF0 A7=00FF0BDE D0=00000004 D1=00000500 D2=00000006 D3=0000FFFF D4=0000FFFF D5=000000FF D6=00000004 D7=00004204 xnzvc
00:69CC  41 FA  LEA     $000A(PC),A0             A0=00006AA6 A1=00C00000 A2=00007348 A3=00FF2CFE A4=00000100 A5=FFFF80C8 A6=00FF0BF0 A7=00FF0BDE D0=00000008 D1=00000500 D2=00000006 D3=0000FFFF D4=0000FFFF D5=000000FF D6=00000004 D7=00004204 xnzvc
00:69D0  D0 F0  ADDA.W  $00(A0,D0),A0            A0=000069D8 A1=00C00000 A2=00007348 A3=00FF2CFE A4=00000100 A5=FFFF80C8 A6=00FF0BF0 A7=00FF0BDE D0=00000008 D1=00000500 D2=00000006 D3=0000FFFF D4=0000FFFF D5=000000FF D6=00000004 D7=00004204 xnzvc
00:69D4  4E 90  JSR     (A0)                     A0=00006ABC A1=00C00000 A2=00007348 A3=00FF2CFE A4=00000100 A5=FFFF80C8 A6=00FF0BF0 A7=00FF0BDE D0=00000008 D1=00000500 D2=00000006 D3=0000FFFF D4=0000FFFF D5=000000FF D6=00000004 D7=00004204 xnzvc
00:6ABC  76 00  MOVEQ   #$00,D3                  A0=00006ABC A1=00C00000 A2=00007348 A3=00FF2CFE A4=00000100 A5=FFFF80C8 A6=00FF0BF0 A7=00FF0BDA D0=00000008 D1=00000500 D2=00000006 D3=0000FFFF D4=0000FFFF D5=000000FF D6=00000004 D7=00004204 xnzvc
00:6ABE  16 1A  MOVE.B  (A2)+,D3                 A0=00006ABC A1=00C00000 A2=00007348 A3=00FF2CFE A4=00000100 A5=FFFF80C8 A6=00FF0BF0 A7=00FF0BDA D0=00000008 D1=00000500 D2=00000006 D3=00000000 D4=0000FFFF D5=000000FF D6=00000004 D7=00004204 xnZvc
00:6AC0  1E 1A  MOVE.B  (A2)+,D7                 A0=00006ABC A1=00C00000 A2=00007349 A3=00FF2CFE A4=00000100 A5=FFFF80C8 A6=00FF0BF0 A7=00FF0BDA D0=00000008 D1=00000500 D2=00000006 D3=0000000A D4=0000FFFF D5=000000FF D6=00000004 D7=00004204 xnzvc
00:6AC2  61 00  BSR     #$001C [00:6AE0]         A0=00006ABC A1=00C00000 A2=0000734A A3=00FF2CFE A4=00000100 A5=FFFF80C8 A6=00FF0BF0 A7=00FF0BDA D0=00000008 D1=00000500 D2=00000006 D3=0000000A D4=0000FFFF D5=000000FF D6=00000004 D7=00004243 xnzvc
00:6AE0  61 00  BSR     #$0082 [00:6B64]         A0=00006ABC A1=00C00000 A2=0000734A A3=00FF2CFE A4=00000100 A5=FFFF80C8 A6=00FF0BF0 A7=00FF0BD6 D0=00000008 D1=00000500 D2=00000006 D3=0000000A D4=0000FFFF D5=000000FF D6=00000004 D7=00004243 xnzvc
00:6AE4  52 07  ADDQ.B  #1,D7                    A0=00006ABC A1=00C00000 A2=0000734A A3=00FF2CFE A4=00000100 A5=FFFF80C8 A6=00FF0BF0 A7=00FF0BD6 D0=00000004 D1=00000500 D2=00000006 D3=0000000A D4=0000FFFF D5=000000FF D6=00000004 D7=00004243 xnzvc
00:6AE6  53 43  SUBQ.W  #1,D3                    A0=00006ABC A1=00C00000 A2=0000734A A3=00FF2CFE A4=00000100 A5=FFFF80C8 A6=00FF0BF0 A7=00FF0BD6 D0=00000004 D1=00000500 D2=00000006 D3=0000000A D4=0000FFFF D5=000000FF D6=00000004 D7=00004244 xnzvc
00:6AE8  6A F6  BPL     #$F6 [00:6AE0]           A0=00006ABC A1=00C00000 A2=0000734A A3=00FF2CFE A4=00000100 A5=FFFF80C8 A6=00FF0BF0 A7=00FF0BD6 D0=00000004 D1=00000500 D2=00000006 D3=00000009 D4=0000FFFF D5=000000FF D6=00000004 D7=00004244 xnzvc
00:6AE0  61 00  BSR     #$0082 [00:6B64]         A0=00006ABC A1=00C00000 A2=0000734A A3=00FF2CFE A4=00000100 A5=FFFF80C8 A6=00FF0BF0 A7=00FF0BD6 D0=00000004 D1=00000500 D2=00000006 D3=00000009 D4=0000FFFF D5=000000FF D6=00000004 D7=00004244 xnzvc
00:6AE4  52 07  ADDQ.B  #1,D7                    A0=00006ABC A1=00C00000 A2=0000734A A3=00FF2CFE A4=00000100 A5=FFFF80C8 A6=00FF0BF0 A7=00FF0BD6 D0=00000005 D1=00000500 D2=00000006 D3=00000009 D4=0000FFFF D5=000000FF D6=00000004 D7=00004244 xnzvc
00:6AE6  53 43  SUBQ.W  #1,D3                    A0=00006ABC A1=00C00000 A2=0000734A A3=00FF2CFE A4=00000100 A5=FFFF80C8 A6=00FF0BF0 A7=00FF0BD6 D0=00000005 D1=00000500 D2=00000006 D3=00000009 D4=0000FFFF D5=000000FF D6=00000004 D7=00004245 xnzvc
00:6AE8  6A F6  BPL     #$F6 [00:6AE0]           A0=00006ABC A1=00C00000 A2=0000734A A3=00FF2CFE A4=00000100 A5=FFFF80C8 A6=00FF0BF0 A7=00FF0BD6 D0=00000005 D1=00000500 D2=00000006 D3=00000008 D4=0000FFFF D5=000000FF D6=00000004 D7=00004245 xnzvc
00:6AE0  61 00  BSR     #$0082 [00:6B64]         A0=00006ABC A1=00C00000 A2=0000734A A3=00FF2CFE A4=00000100 A5=FFFF80C8 A6=00FF0BF0 A7=00FF0BD6 D0=00000005 D1=00000500 D2=00000006 D3=00000008 D4=0000FFFF D5=000000FF D6=00000004 D7=00004245 xnzvc
00:6AE4  52 07  ADDQ.B  #1,D7                    A0=00006ABC A1=00C00000 A2=0000734A A3=00FF2CFE A4=00000100 A5=FFFF80C8 A6=00FF0BF0 A7=00FF0BD6 D0=00000006 D1=00000500 D2=00000006 D3=00000008 D4=0000FFFF D5=000000FF D6=00000004 D7=00004245 xnzvc
00:6AE6  53 43  SUBQ.W  #1,D3                    A0=00006ABC A1=00C00000 A2=0000734A A3=00FF2CFE A4=00000100 A5=FFFF80C8 A6=00FF0BF0 A7=00FF0BD6 D0=00000006 D1=00000500 D2=00000006 D3=00000008 D4=0000FFFF D5=000000FF D6=00000004 D7=00004246 xnzvc
00:6AE8  6A F6  BPL     #$F6 [00:6AE0]           A0=00006ABC A1=00C00000 A2=0000734A A3=00FF2CFE A4=00000100 A5=FFFF80C8 A6=00FF0BF0 A7=00FF0BD6 D0=00000006 D1=00000500 D2=00000006 D3=00000007 D4=0000FFFF D5=000000FF D6=00000004 D7=00004246 xnzvc
00:6AE0  61 00  BSR     #$0082 [00:6B64]         A0=00006ABC A1=00C00000 A2=0000734A A3=00FF2CFE A4=00000100 A5=FFFF80C8 A6=00FF0BF0 A7=00FF0BD6 D0=00000006 D1=00000500 D2=00000006 D3=00000007 D4=0000FFFF D5=000000FF D6=00000004 D7=00004246 xnzvc
00:6AE4  52 07  ADDQ.B  #1,D7                    A0=00006ABC A1=00C00000 A2=0000734A A3=00FF2CFE A4=00000100 A5=FFFF80C8 A6=00FF0BF0 A7=00FF0BD6 D0=00000007 D1=00000500 D2=00000006 D3=00000007 D4=0000FFFF D5=000000FF D6=00000004 D7=00004246 xnzvc
00:6AE6  53 43  SUBQ.W  #1,D3                    A0=00006ABC A1=00C00000 A2=0000734A A3=00FF2CFE A4=00000100 A5=FFFF80C8 A6=00FF0BF0 A7=00FF0BD6 D0=00000007 D1=00000500 D2=00000006 D3=00000007 D4=0000FFFF D5=000000FF D6=00000004 D7=00004247 xnzvc
00:6AE8  6A F6  BPL     #$F6 [00:6AE0]           A0=00006ABC A1=00C00000 A2=0000734A A3=00FF2CFE A4=00000100 A5=FFFF80C8 A6=00FF0BF0 A7=00FF0BD6 D0=00000007 D1=00000500 D2=00000006 D3=00000006 D4=0000FFFF D5=000000FF D6=00000004 D7=00004247 xnzvc
00:6AE0  61 00  BSR     #$0082 [00:6B64]         A0=00006ABC A1=00C00000 A2=0000734A A3=00FF2CFE A4=00000100 A5=FFFF80C8 A6=00FF0BF0 A7=00FF0BD6 D0=00000007 D1=00000500 D2=00000006 D3=00000006 D4=0000FFFF D5=000000FF D6=00000004 D7=00004247 xnzvc
00:6AE4  52 07  ADDQ.B  #1,D7                    A0=00006ABC A1=00C00000 A2=0000734A A3=00FF2CFE A4=00000100 A5=FFFF80C8 A6=00FF0BF0 A7=00FF0BD6 D0=00000008 D1=00000500 D2=00000006 D3=00000006 D4=0000FFFF D5=000000FF D6=00000004 D7=00004247 xnzvc
00:6AE6  53 43  SUBQ.W  #1,D3                    A0=00006ABC A1=00C00000 A2=0000734A A3=00FF2CFE A4=00000100 A5=FFFF80C8 A6=00FF0BF0 A7=00FF0BD6 D0=00000008 D1=00000500 D2=00000006 D3=00000006 D4=0000FFFF D5=000000FF D6=00000004 D7=00004248 xnzvc
00:6AE8  6A F6  BPL     #$F6 [00:6AE0]           A0=00006ABC A1=00C00000 A2=0000734A A3=00FF2CFE A4=00000100 A5=FFFF80C8 A6=00FF0BF0 A7=00FF0BD6 D0=00000008 D1=00000500 D2=00000006 D3=00000005 D4=0000FFFF D5=000000FF D6=00000004 D7=00004248 xnzvc
00:6AE0  61 00  BSR     #$0082 [00:6B64]         A0=00006ABC A1=00C00000 A2=0000734A A3=00FF2CFE A4=00000100 A5=FFFF80C8 A6=00FF0BF0 A7=00FF0BD6 D0=00000008 D1=00000500 D2=00000006 D3=00000005 D4=0000FFFF D5=000000FF D6=00000004 D7=00004248 xnzvc
00:6AE4  52 07  ADDQ.B  #1,D7                    A0=00006ABC A1=00C00000 A2=0000734A A3=00FF2CFE A4=00000100 A5=FFFF80C8 A6=00FF0BF0 A7=00FF0BD6 D0=00000009 D1=00000500 D2=00000006 D3=00000005 D4=0000FFFF D5=000000FF D6=00000004 D7=00004248 xnzvc
00:6AE6  53 43  SUBQ.W  #1,D3                    A0=00006ABC A1=00C00000 A2=0000734A A3=00FF2CFE A4=00000100 A5=FFFF80C8 A6=00FF0BF0 A7=00FF0BD6 D0=00000009 D1=00000500 D2=00000006 D3=00000005 D4=0000FFFF D5=000000FF D6=00000004 D7=00004249 xnzvc
00:6AE8  6A F6  BPL     #$F6 [00:6AE0]           A0=00006ABC A1=00C00000 A2=0000734A A3=00FF2CFE A4=00000100 A5=FFFF80C8 A6=00FF0BF0 A7=00FF0BD6 D0=00000009 D1=00000500 D2=00000006 D3=00000004 D4=0000FFFF D5=000000FF D6=00000004 D7=00004249 xnzvc
00:6AE0  61 00  BSR     #$0082 [00:6B64]         A0=00006ABC A1=00C00000 A2=0000734A A3=00FF2CFE A4=00000100 A5=FFFF80C8 A6=00FF0BF0 A7=00FF0BD6 D0=00000009 D1=00000500 D2=00000006 D3=00000004 D4=0000FFFF D5=000000FF D6=00000004 D7=00004249 xnzvc
00:6AE4  52 07  ADDQ.B  #1,D7                    A0=00006ABC A1=00C00000 A2=0000734A A3=00FF2CFE A4=00000100 A5=FFFF80C8 A6=00FF0BF0 A7=00FF0BD6 D0=0000000A D1=00000500 D2=00000006 D3=00000004 D4=0000FFFF D5=000000FF D6=00000004 D7=00004249 xnzvc
00:6AE6  53 43  SUBQ.W  #1,D3                    A0=00006ABC A1=00C00000 A2=0000734A A3=00FF2CFE A4=00000100 A5=FFFF80C8 A6=00FF0BF0 A7=00FF0BD6 D0=0000000A D1=00000500 D2=00000006 D3=00000004 D4=0000FFFF D5=000000FF D6=00000004 D7=0000424A xnzvc
00:6AE8  6A F6  BPL     #$F6 [00:6AE0]           A0=00006ABC A1=00C00000 A2=0000734A A3=00FF2CFE A4=00000100 A5=FFFF80C8 A6=00FF0BF0 A7=00FF0BD6 D0=0000000A D1=00000500 D2=00000006 D3=00000003 D4=0000FFFF D5=000000FF D6=00000004 D7=0000424A xnzvc
00:6AE0  61 00  BSR     #$0082 [00:6B64]         A0=00006ABC A1=00C00000 A2=0000734A A3=00FF2CFE A4=00000100 A5=FFFF80C8 A6=00FF0BF0 A7=00FF0BD6 D0=0000000A D1=00000500 D2=00000006 D3=00000003 D4=0000FFFF D5=000000FF D6=00000004 D7=0000424A xnzvc
00:6AE4  52 07  ADDQ.B  #1,D7                    A0=00006ABC A1=00C00000 A2=0000734A A3=00FF2CFE A4=00000100 A5=FFFF80C8 A6=00FF0BF0 A7=00FF0BD6 D0=0000000B D1=00000500 D2=00000006 D3=00000003 D4=0000FFFF D5=000000FF D6=00000004 D7=0000424A xnzvc
00:6AE6  53 43  SUBQ.W  #1,D3                    A0=00006ABC A1=00C00000 A2=0000734A A3=00FF2CFE A4=00000100 A5=FFFF80C8 A6=00FF0BF0 A7=00FF0BD6 D0=0000000B D1=00000500 D2=00000006 D3=00000003 D4=0000FFFF D5=000000FF D6=00000004 D7=0000424B xnzvc
00:6AE8  6A F6  BPL     #$F6 [00:6AE0]           A0=00006ABC A1=00C00000 A2=0000734A A3=00FF2CFE A4=00000100 A5=FFFF80C8 A6=00FF0BF0 A7=00FF0BD6 D0=0000000B D1=00000500 D2=00000006 D3=00000002 D4=0000FFFF D5=000000FF D6=00000004 D7=0000424B xnzvc
00:6AE0  61 00  BSR     #$0082 [00:6B64]         A0=00006ABC A1=00C00000 A2=0000734A A3=00FF2CFE A4=00000100 A5=FFFF80C8 A6=00FF0BF0 A7=00FF0BD6 D0=0000000B D1=00000500 D2=00000006 D3=00000002 D4=0000FFFF D5=000000FF D6=00000004 D7=0000424B xnzvc
00:6AE4  52 07  ADDQ.B  #1,D7                    A0=00006ABC A1=00C00000 A2=0000734A A3=00FF2CFE A4=00000100 A5=FFFF80C8 A6=00FF0BF0 A7=00FF0BD6 D0=0000000C D1=00000500 D2=00000006 D3=00000002 D4=0000FFFF D5=000000FF D6=00000004 D7=0000424B xnzvc
00:6AE6  53 43  SUBQ.W  #1,D3                    A0=00006ABC A1=00C00000 A2=0000734A A3=00FF2CFE A4=00000100 A5=FFFF80C8 A6=00FF0BF0 A7=00FF0BD6 D0=0000000C D1=00000500 D2=00000006 D3=00000002 D4=0000FFFF D5=000000FF D6=00000004 D7=0000424C xnzvc
00:6AE8  6A F6  BPL     #$F6 [00:6AE0]           A0=00006ABC A1=00C00000 A2=0000734A A3=00FF2CFE A4=00000100 A5=FFFF80C8 A6=00FF0BF0 A7=00FF0BD6 D0=0000000C D1=00000500 D2=00000006 D3=00000001 D4=0000FFFF D5=000000FF D6=00000004 D7=0000424C xnzvc
00:6AE0  61 00  BSR     #$0082 [00:6B64]         A0=00006ABC A1=00C00000 A2=0000734A A3=00FF2CFE A4=00000100 A5=FFFF80C8 A6=00FF0BF0 A7=00FF0BD6 D0=0000000C D1=00000500 D2=00000006 D3=00000001 D4=0000FFFF D5=000000FF D6=00000004 D7=0000424C xnzvc
00:6AE4  52 07  ADDQ.B  #1,D7                    A0=00006ABC A1=00C00000 A2=0000734A A3=00FF2CFE A4=00000100 A5=FFFF80C8 A6=00FF0BF0 A7=00FF0BD6 D0=0000000D D1=00000500 D2=00000006 D3=00000001 D4=0000FFFF D5=000000FF D6=00000004 D7=0000424C xnzvc
00:6AE6  53 43  SUBQ.W  #1,D3                    A0=00006ABC A1=00C00000 A2=0000734A A3=00FF2CFE A4=00000100 A5=FFFF80C8 A6=00FF0BF0 A7=00FF0BD6 D0=0000000D D1=00000500 D2=00000006 D3=00000001 D4=0000FFFF D5=000000FF D6=00000004 D7=0000424D xnzvc
00:6AE8  6A F6  BPL     #$F6 [00:6AE0]           A0=00006ABC A1=00C00000 A2=0000734A A3=00FF2CFE A4=00000100 A5=FFFF80C8 A6=00FF0BF0 A7=00FF0BD6 D0=0000000D D1=00000500 D2=00000006 D3=00000000 D4=0000FFFF D5=000000FF D6=00000004 D7=0000424D xnZvc
00:6AE0  61 00  BSR     #$0082 [00:6B64]         A0=00006ABC A1=00C00000 A2=0000734A A3=00FF2CFE A4=00000100 A5=FFFF80C8 A6=00FF0BF0 A7=00FF0BD6 D0=0000000D D1=00000500 D2=00000006 D3=00000000 D4=0000FFFF D5=000000FF D6=00000004 D7=0000424D xnZvc
00:6AE4  52 07  ADDQ.B  #1,D7                    A0=00006ABC A1=00C00000 A2=0000734A A3=00FF2CFE A4=00000100 A5=FFFF80C8 A6=00FF0BF0 A7=00FF0BD6 D0=0000000E D1=00000500 D2=00000006 D3=00000000 D4=0000FFFF D5=000000FF D6=00000004 D7=0000424D xnzvc
00:6AE6  53 43  SUBQ.W  #1,D3                    A0=00006ABC A1=00C00000 A2=0000734A A3=00FF2CFE A4=00000100 A5=FFFF80C8 A6=00FF0BF0 A7=00FF0BD6 D0=0000000E D1=00000500 D2=00000006 D3=00000000 D4=0000FFFF D5=000000FF D6=00000004 D7=0000424E xnzvc
00:6AE8  6A F6  BPL     #$F6 [00:6AE0]           A0=00006ABC A1=00C00000 A2=0000734A A3=00FF2CFE A4=00000100 A5=FFFF80C8 A6=00FF0BF0 A7=00FF0BD6 D0=0000000E D1=00000500 D2=00000006 D3=0000FFFF D4=0000FFFF D5=000000FF D6=00000004 D7=0000424E XNzvC
00:6AEA  4E 75  RTS                              A0=00006ABC A1=00C00000 A2=0000734A A3=00FF2CFE A4=00000100 A5=FFFF80C8 A6=00FF0BF0 A7=00FF0BD6 D0=0000000E D1=00000500 D2=00000006 D3=0000FFFF D4=0000FFFF D5=000000FF D6=00000004 D7=0000424E XNzvC
00:6AC6  4E 75  RTS                              A0=00006ABC A1=00C00000 A2=0000734A A3=00FF2CFE A4=00000100 A5=FFFF80C8 A6=00FF0BF0 A7=00FF0BDA D0=0000000E D1=00000500 D2=00000006 D3=0000FFFF D4=0000FFFF D5=000000FF D6=00000004 D7=0000424E XNzvC
00:69D6  60 E0  BRA     #$E0 [00:69B8]           A0=00006ABC A1=00C00000 A2=0000734A A3=00FF2CFE A4=00000100 A5=FFFF80C8 A6=00FF0BF0 A7=00FF0BDE D0=0000000E D1=00000500 D2=00000006 D3=0000FFFF D4=0000FFFF D5=000000FF D6=00000004 D7=0000424E XNzvC
00:69B8  1E 1A  MOVE.B  (A2)+,D7                 A0=00006ABC A1=00C00000 A2=0000734A A3=00FF2CFE A4=00000100 A5=FFFF80C8 A6=00FF0BF0 A7=00FF0BDE D0=0000000E D1=00000500 D2=00000006 D3=0000FFFF D4=0000FFFF D5=000000FF D6=00000004 D7=0000424E XNzvC
00:69BA  0C 07  CMPI.B  #$0C,D7                  A0=00006ABC A1=00C00000 A2=0000734B A3=00FF2CFE A4=00000100 A5=FFFF80C8 A6=00FF0BF0 A7=00FF0BDE D0=0000000E D1=00000500 D2=00000006 D3=0000FFFF D4=0000FFFF D5=000000FF D6=00000004 D7=0000420A Xnzvc
00:69BE  63 06  BLS     #$06 [00:69C6]           A0=00006ABC A1=00C00000 A2=0000734B A3=00FF2CFE A4=00000100 A5=FFFF80C8 A6=00FF0BF0 A7=00FF0BDE D0=0000000E D1=00000500 D2=00000006 D3=0000FFFF D4=0000FFFF D5=000000FF D6=00000004 D7=0000420A XNzvC
00:69C6  70 00  MOVEQ   #$00,D0                  A0=00006ABC A1=00C00000 A2=0000734B A3=00FF2CFE A4=00000100 A5=FFFF80C8 A6=00FF0BF0 A7=00FF0BDE D0=0000000E D1=00000500 D2=00000006 D3=0000FFFF D4=0000FFFF D5=000000FF D6=00000004 D7=0000420A XNzvC
00:69C8  10 07  MOVE.B  D7,D0                    A0=00006ABC A1=00C00000 A2=0000734B A3=00FF2CFE A4=00000100 A5=FFFF80C8 A6=00FF0BF0 A7=00FF0BDE D0=00000000 D1=00000500 D2=00000006 D3=0000FFFF D4=0000FFFF D5=000000FF D6=00000004 D7=0000420A XnZvc
00:69CA  D0 40  ADD.W   D0,D0                    A0=00006ABC A1=00C00000 A2=0000734B A3=00FF2CFE A4=00000100 A5=FFFF80C8 A6=00FF0BF0 A7=00FF0BDE D0=0000000A D1=00000500 D2=00000006 D3=0000FFFF D4=0000FFFF D5=000000FF D6=00000004 D7=0000420A Xnzvc
00:69CC  41 FA  LEA     $000A(PC),A0             A0=00006ABC A1=00C00000 A2=0000734B A3=00FF2CFE A4=00000100 A5=FFFF80C8 A6=00FF0BF0 A7=00FF0BDE D0=00000014 D1=00000500 D2=00000006 D3=0000FFFF D4=0000FFFF D5=000000FF D6=00000004 D7=0000420A xnzvc
00:69D0  D0 F0  ADDA.W  $00(A0,D0),A0            A0=000069D8 A1=00C00000 A2=0000734B A3=00FF2CFE A4=00000100 A5=FFFF80C8 A6=00FF0BF0 A7=00FF0BDE D0=00000014 D1=00000500 D2=00000006 D3=0000FFFF D4=0000FFFF D5=000000FF D6=00000004 D7=0000420A xnzvc
00:69D4  4E 90  JSR     (A0)                     A0=00006B1C A1=00C00000 A2=0000734B A3=00FF2CFE A4=00000100 A5=FFFF80C8 A6=00FF0BF0 A7=00FF0BDE D0=00000014 D1=00000500 D2=00000006 D3=0000FFFF D4=0000FFFF D5=000000FF D6=00000004 D7=0000420A xnzvc
00:6B1C  76 00  MOVEQ   #$00,D3                  A0=00006B1C A1=00C00000 A2=0000734B A3=00FF2CFE A4=00000100 A5=FFFF80C8 A6=00FF0BF0 A7=00FF0BDA D0=00000014 D1=00000500 D2=00000006 D3=0000FFFF D4=0000FFFF D5=000000FF D6=00000004 D7=0000420A xnzvc
00:6B1E  16 1A  MOVE.B  (A2)+,D3                 A0=00006B1C A1=00C00000 A2=0000734B A3=00FF2CFE A4=00000100 A5=FFFF80C8 A6=00FF0BF0 A7=00FF0BDA D0=00000014 D1=00000500 D2=00000006 D3=00000000 D4=0000FFFF D5=000000FF D6=00000004 D7=0000420A xnZvc
00:6B20  48 47  SWAP.W  D7                       A0=00006B1C A1=00C00000 A2=0000734C A3=00FF2CFE A4=00000100 A5=FFFF80C8 A6=00FF0BF0 A7=00FF0BDA D0=00000014 D1=00000500 D2=00000006 D3=00000014 D4=0000FFFF D5=000000FF D6=00000004 D7=0000420A xnzvc
00:6B22  42 47  CLR.W   D7                       A0=00006B1C A1=00C00000 A2=0000734C A3=00FF2CFE A4=00000100 A5=FFFF80C8 A6=00FF0BF0 A7=00FF0BDA D0=00000014 D1=00000500 D2=00000006 D3=00000014 D4=0000FFFF D5=000000FF D6=00000004 D7=420A0000 xnzvc
00:6B6C  1D 6E  MOVE.B  $FFF6(A6),$FFF4(A6)      A0=00006B1C A1=00C00000 A2=0000734C A3=00FF2CFE A4=00000100 A5=FFFF80C8 A6=00FF0BF0 A7=00FF0BD6 D0=0000001F D1=00000500 D2=00000006 D3=00000003 D4=0000FFFF D5=000000FF D6=00000004 D7=420A0000 XNzvC
00:6B72  60 C6  BRA     #$C6 [00:6B3A]           A0=00006B1C A1=00C00000 A2=0000734C A3=00FF2CFE A4=00000100 A5=FFFF80C8 A6=00FF0BF0 A7=00FF0BD6 D0=0000001F D1=00000500 D2=00000006 D3=00000003 D4=0000FFFF D5=000000FF D6=00000004 D7=420A0000 Xnzvc
00:6B3A  30 2E  MOVE.W  $FFFA(A6),D0             A0=00006B1C A1=00C00000 A2=0000734C A3=00FF2CFE A4=00000100 A5=FFFF80C8 A6=00FF0BF0 A7=00FF0BD6 D0=0000001F D1=00000500 D2=00000006 D3=00000003 D4=0000FFFF D5=000000FF D6=00000004 D7=420A0000 Xnzvc
00:6B3E  32 2E  MOVE.W  $FFFC(A6),D1             A0=00006B1C A1=00C00000 A2=0000734C A3=00FF2CFE A4=00000100 A5=FFFF80C8 A6=00FF0BF0 A7=00FF0BD6 D0=00000000 D1=00000500 D2=00000006 D3=00000003 D4=0000FFFF D5=000000FF D6=00000004 D7=420A0000 XnZvc
00:6B42  52 41  ADDQ.W  #1,D1                    A0=00006B1C A1=00C00000 A2=0000734C A3=00FF2CFE A4=00000100 A5=FFFF80C8 A6=00FF0BF0 A7=00FF0BD6 D0=00000000 D1=0000000A D2=00000006 D3=00000003 D4=0000FFFF D5=000000FF D6=00000004 D7=420A0000 Xnzvc
00:6B44  B2 78  CMP.W   ($8A72),D1               A0=00006B1C A1=00C00000 A2=0000734C A3=00FF2CFE A4=00000100 A5=FFFF80C8 A6=00FF0BF0 A7=00FF0BD6 D0=00000000 D1=0000000B D2=00000006 D3=00000003 D4=0000FFFF D5=000000FF D6=00000004 D7=420A0000 xnzvc
00:6B48  65 02  BCS     #$02 [00:6B4C]           A0=00006B1C A1=00C00000 A2=0000734C A3=00FF2CFE A4=00000100 A5=FFFF80C8 A6=00FF0BF0 A7=00FF0BD6 D0=00000000 D1=0000000B D2=00000006 D3=00000003 D4=0000FFFF D5=000000FF D6=00000004 D7=420A0000 xNzvC
00:6B4C  3D 41  MOVE.W  D1,$FFFC(A6)             A0=00006B1C A1=00C00000 A2=0000734C A3=00FF2CFE A4=00000100 A5=FFFF80C8 A6=00FF0BF0 A7=00FF0BD6 D0=00000000 D1=0000000B D2=00000006 D3=00000003 D4=0000FFFF D5=000000FF D6=00000004 D7=420A0000 xNzvC
00:6B50  3D 40  MOVE.W  D0,$FFFE(A6)             A0=00006B1C A1=00C00000 A2=0000734C A3=00FF2CFE A4=00000100 A5=FFFF80C8 A6=00FF0BF0 A7=00FF0BD6 D0=00000000 D1=0000000B D2=00000006 D3=00000003 D4=0000FFFF D5=000000FF D6=00000004 D7=420A0000 xnzvc
00:6B54  61 00  BSR     #$FF46 [00:6A9C]         A0=00006B1C A1=00C00000 A2=0000734C A3=00FF2CFE A4=00000100 A5=FFFF80C8 A6=00FF0BF0 A7=00FF0BD6 D0=00000000 D1=0000000B D2=00000006 D3=00000003 D4=0000FFFF D5=000000FF D6=00000004 D7=420A0000 xnZvc
00:6A9C  4E B8  JSR     ($05CA)                  A0=00006B1C A1=00C00000 A2=0000734C A3=00FF2CFE A4=00000100 A5=FFFF80C8 A6=00FF0BF0 A7=00FF0BD2 D0=00000000 D1=0000000B D2=00000006 D3=00000003 D4=0000FFFF D5=000000FF D6=00000004 D7=420A0000 xnZvc
00:05CA  D0 40  ADD.W   D0,D0                    A0=00006B1C A1=00C00000 A2=0000734C A3=00FF2CFE A4=00000100 A5=FFFF80C8 A6=00FF0BF0 A7=00FF0BCE D0=00000000 D1=0000000B D2=00000006 D3=00000003 D4=0000FFFF D5=000000FF D6=00000004 D7=420A0000 xnZvc
00:05CC  D2 41  ADD.W   D1,D1                    A0=00006B1C A1=00C00000 A2=0000734C A3=00FF2CFE A4=00000100 A5=FFFF80C8 A6=00FF0BF0 A7=00FF0BCE D0=00000000 D1=0000000B D2=00000006 D3=00000003 D4=0000FFFF D5=000000FF D6=00000004 D7=420A0000 xnZvc
00:05CE  14 38  MOVE.B  ($8A8A),D2               A0=00006B1C A1=00C00000 A2=0000734C A3=00FF2CFE A4=00000100 A5=FFFF80C8 A6=00FF0BF0 A7=00FF0BCE D0=00000000 D1=00000016 D2=00000006 D3=00000003 D4=0000FFFF D5=000000FF D6=00000004 D7=420A0000 xnzvc
00:05D2  E5 61  ASL.W   D2,D1                    A0=00006B1C A1=00C00000 A2=0000734C A3=00FF2CFE A4=00000100 A5=FFFF80C8 A6=00FF0BF0 A7=00FF0BCE D0=00000000 D1=00000016 D2=00000006 D3=00000003 D4=0000FFFF D5=000000FF D6=00000004 D7=420A0000 xnzvc
00:05D4  D0 41  ADD.W   D1,D0                    A0=00006B1C A1=00C00000 A2=0000734C A3=00FF2CFE A4=00000100 A5=FFFF80C8 A6=00FF0BF0 A7=00FF0BCE D0=00000000 D1=00000580 D2=00000006 D3=00000003 D4=0000FFFF D5=000000FF D6=00000004 D7=420A0000 xnzvc
00:05D6  4E 75  RTS                              A0=00006B1C A1=00C00000 A2=0000734C A3=00FF2CFE A4=00000100 A5=FFFF80C8 A6=00FF0BF0 A7=00FF0BCE D0=00000580 D1=00000580 D2=00000006 D3=00000003 D4=0000FFFF D5=000000FF D6=00000004 D7=420A0000 xnzvc
00:6AA0  D0 6E  ADD.W   $FFF2(A6),D0             A0=00006B1C A1=00C00000 A2=0000734C A3=00FF2CFE A4=00000100 A5=FFFF80C8 A6=00FF0BF0 A7=00FF0BD2 D0=00000580 D1=00000580 D2=00000006 D3=00000003 D4=0000FFFF D5=000000FF D6=00000004 D7=420A0000 xnzvc
00:6AA4  4E 75  RTS                              A0=00006B1C A1=00C00000 A2=0000734C A3=00FF2CFE A4=00000100 A5=FFFF80C8 A6=00FF0BF0 A7=00FF0BD2 D0=0000C580 D1=00000580 D2=00000006 D3=00000003 D4=0000FFFF D5=000000FF D6=00000004 D7=420A0000 xNzvc
00:6B58  4E B8  JSR     ($05A0)                  A0=00006B1C A1=00C00000 A2=0000734C A3=00FF2CFE A4=00000100 A5=FFFF80C8 A6=00FF0BF0 A7=00FF0BD6 D0=0000C580 D1=00000580 D2=00000006 D3=00000003 D4=0000FFFF D5=000000FF D6=00000004 D7=420A0000 xNzvc
00:05A0  E5 80  ASL.L   #2,D0                    A0=00006B1C A1=00C00000 A2=0000734C A3=00FF2CFE A4=00000100 A5=FFFF80C8 A6=00FF0BF0 A7=00FF0BD2 D0=0000C580 D1=00000580 D2=00000006 D3=00000003 D4=0000FFFF D5=000000FF D6=00000004 D7=420A0000 xNzvc
00:05A2  E4 48  LSR.W   #2,D0                    A0=00006B1C A1=00C00000 A2=0000734C A3=00FF2CFE A4=00000100 A5=FFFF80C8 A6=00FF0BF0 A7=00FF0BD2 D0=00031600 D1=00000580 D2=00000006 D3=00000003 D4=0000FFFF D5=000000FF D6=00000004 D7=420A0000 xnzvc
00:05A4  00 40  ORI.W   #$4000,D0                A0=00006B1C A1=00C00000 A2=0000734C A3=00FF2CFE A4=00000100 A5=FFFF80C8 A6=00FF0BF0 A7=00FF0BD2 D0=00030580 D1=00000580 D2=00000006 D3=00000003 D4=0000FFFF D5=000000FF D6=00000004 D7=420A0000 xnzvc
00:05A8  48 40  SWAP.W  D0                       A0=00006B1C A1=00C00000 A2=0000734C A3=00FF2CFE A4=00000100 A5=FFFF80C8 A6=00FF0BF0 A7=00FF0BD2 D0=00034580 D1=00000580 D2=00000006 D3=00000003 D4=0000FFFF D5=000000FF D6=00000004 D7=420A0000 xnzvc
00:05AA  02 40  ANDI.W  #$0003,D0                A0=00006B1C A1=00C00000 A2=0000734C A3=00FF2CFE A4=00000100 A5=FFFF80C8 A6=00FF0BF0 A7=00FF0BD2 D0=45800003 D1=00000580 D2=00000006 D3=00000003 D4=0000FFFF D5=000000FF D6=00000004 D7=420A0000 xnzvc
00:05AE  23 C0  MOVE.L  D0,($00C00004)           A0=00006B1C A1=00C00000 A2=0000734C A3=00FF2CFE A4=00000100 A5=FFFF80C8 A6=00FF0BF0 A7=00FF0BD2 D0=45800003 D1=00000580 D2=00000006 D3=00000003 D4=0000FFFF D5=000000FF D6=00000004 D7=420A0000 xnzvc
00:05B4  4E 75  RTS                              A0=00006B1C A1=00C00000 A2=0000734C A3=00FF2CFE A4=00000100 A5=FFFF80C8 A6=00FF0BF0 A7=00FF0BD2 D0=45800003 D1=00000580 D2=00000006 D3=00000003 D4=0000FFFF D5=000000FF D6=00000004 D7=420A0000 xnzvc
00:6B5C  43 F9  LEA     ($00C00000),A1           A0=00006B1C A1=00C00000 A2=0000734C A3=00FF2CFE A4=00000100 A5=FFFF80C8 A6=00FF0BF0 A7=00FF0BD6 D0=45800003 D1=00000580 D2=00000006 D3=00000003 D4=0000FFFF D5=000000FF D6=00000004 D7=420A0000 xnzvc
00:6B62  4E 75  RTS                              A0=00006B1C A1=00C00000 A2=0000734C A3=00FF2CFE A4=00000100 A5=FFFF80C8 A6=00FF0BF0 A7=00FF0BD6 D0=45800003 D1=00000580 D2=00000006 D3=00000003 D4=0000FFFF D5=000000FF D6=00000004 D7=420A0000 xnzvc
00:6B2C  48 47  SWAP.W  D7                       A0=00006B1C A1=00C00000 A2=0000734C A3=00FF2CFE A4=00000100 A5=FFFF80C8 A6=00FF0BF0 A7=00FF0BDA D0=45800003 D1=00000580 D2=00000006 D3=0000FFFF D4=0000FFFF D5=000000FF D6=00000004 D7=420A0000 XNzvC
00:6B2E  4E 75  RTS                              A0=00006B1C A1=00C00000 A2=0000734C A3=00FF2CFE A4=00000100 A5=FFFF80C8 A6=00FF0BF0 A7=00FF0BDA D0=45800003 D1=00000580 D2=00000006 D3=0000FFFF D4=0000FFFF D5=000000FF D6=00000004 D7=0000420A Xnzvc
00:69D6  60 E0  BRA     #$E0 [00:69B8]           A0=00006B1C A1=00C00000 A2=0000734C A3=00FF2CFE A4=00000100 A5=FFFF80C8 A6=00FF0BF0 A7=00FF0BDE D0=45800003 D1=00000580 D2=00000006 D3=0000FFFF D4=0000FFFF D5=000000FF D6=00000004 D7=0000420A Xnzvc
00:69B8  1E 1A  MOVE.B  (A2)+,D7                 A0=00006B1C A1=00C00000 A2=0000734C A3=00FF2CFE A4=00000100 A5=FFFF80C8 A6=00FF0BF0 A7=00FF0BDE D0=45800003 D1=00000580 D2=00000006 D3=0000FFFF D4=0000FFFF D5=000000FF D6=00000004 D7=0000420A Xnzvc
00:69BA  0C 07  CMPI.B  #$0C,D7                  A0=00006B1C A1=00C00000 A2=0000734D A3=00FF2CFE A4=00000100 A5=FFFF80C8 A6=00FF0BF0 A7=00FF0BDE D0=45800003 D1=00000580 D2=00000006 D3=0000FFFF D4=0000FFFF D5=000000FF D6=00000004 D7=00004202 Xnzvc
00:69BE  63 06  BLS     #$06 [00:69C6]           A0=00006B1C A1=00C00000 A2=0000734D A3=00FF2CFE A4=00000100 A5=FFFF80C8 A6=00FF0BF0 A7=00FF0BDE D0=45800003 D1=00000580 D2=00000006 D3=0000FFFF D4=0000FFFF D5=000000FF D6=00000004 D7=00004202 XNzvC
00:69C6  70 00  MOVEQ   #$00,D0                  A0=00006B1C A1=00C00000 A2=0000734D A3=00FF2CFE A4=00000100 A5=FFFF80C8 A6=00FF0BF0 A7=00FF0BDE D0=45800003 D1=00000580 D2=00000006 D3=0000FFFF D4=0000FFFF D5=000000FF D6=00000004 D7=00004202 XNzvC
00:69C8  10 07  MOVE.B  D7,D0                    A0=00006B1C A1=00C00000 A2=0000734D A3=00FF2CFE A4=00000100 A5=FFFF80C8 A6=00FF0BF0 A7=00FF0BDE D0=00000000 D1=00000580 D2=00000006 D3=0000FFFF D4=0000FFFF D5=000000FF D6=00000004 D7=00004202 XnZvc
00:69CA  D0 40  ADD.W   D0,D0                    A0=00006B1C A1=00C00000 A2=0000734D A3=00FF2CFE A4=00000100 A5=FFFF80C8 A6=00FF0BF0 A7=00FF0BDE D0=00000002 D1=00000580 D2=00000006 D3=0000FFFF D4=0000FFFF D5=000000FF D6=00000004 D7=00004202 Xnzvc
00:69CC  41 FA  LEA     $000A(PC),A0             A0=00006B1C A1=00C00000 A2=0000734D A3=00FF2CFE A4=00000100 A5=FFFF80C8 A6=00FF0BF0 A7=00FF0BDE D0=00000004 D1=00000580 D2=00000006 D3=0000FFFF D4=0000FFFF D5=000000FF D6=00000004 D7=00004202 xnzvc
00:69D0  D0 F0  ADDA.W  $00(A0,D0),A0            A0=000069D8 A1=00C00000 A2=0000734D A3=00FF2CFE A4=00000100 A5=FFFF80C8 A6=00FF0BF0 A7=00FF0BDE D0=00000004 D1=00000580 D2=00000006 D3=0000FFFF D4=0000FFFF D5=000000FF D6=00000004 D7=00004202 xnzvc
00:69D4  4E 90  JSR     (A0)                     A0=00006AA6 A1=00C00000 A2=0000734D A3=00FF2CFE A4=00000100 A5=FFFF80C8 A6=00FF0BF0 A7=00FF0BDE D0=00000004 D1=00000580 D2=00000006 D3=0000FFFF D4=0000FFFF D5=000000FF D6=00000004 D7=00004202 xnzvc
00:6AA6  1E 1A  MOVE.B  (A2)+,D7                 A0=00006AA6 A1=00C00000 A2=0000734D A3=00FF2CFE A4=00000100 A5=FFFF80C8 A6=00FF0BF0 A7=00FF0BDA D0=00000004 D1=00000580 D2=00000006 D3=0000FFFF D4=0000FFFF D5=000000FF D6=00000004 D7=00004202 xnzvc
00:6AA8  E1 47  ASL.W   #8,D7                    A0=00006AA6 A1=00C00000 A2=0000734E A3=00FF2CFE A4=00000100 A5=FFFF80C8 A6=00FF0BF0 A7=00FF0BDA D0=00000004 D1=00000580 D2=00000006 D3=0000FFFF D4=0000FFFF D5=000000FF D6=00000004 D7=00004242 xnzvc
00:6AAA  4E 75  RTS                              A0=00006AA6 A1=00C00000 A2=0000734E A3=00FF2CFE A4=00000100 A5=FFFF80C8 A6=00FF0BF0 A7=00FF0BDA D0=00000004 D1=00000580 D2=00000006 D3=0000FFFF D4=0000FFFF D5=000000FF D6=00000004 D7=00004200 xnzVc
00:69D6  60 E0  BRA     #$E0 [00:69B8]           A0=00006AA6 A1=00C00000 A2=0000734E A3=00FF2CFE A4=00000100 A5=FFFF80C8 A6=00FF0BF0 A7=00FF0BDE D0=00000004 D1=00000580 D2=00000006 D3=0000FFFF D4=0000FFFF D5=000000FF D6=00000004 D7=00004200 xnzVc
00:69B8  1E 1A  MOVE.B  (A2)+,D7                 A0=00006AA6 A1=00C00000 A2=0000734E A3=00FF2CFE A4=00000100 A5=FFFF80C8 A6=00FF0BF0 A7=00FF0BDE D0=00000004 D1=00000580 D2=00000006 D3=0000FFFF D4=0000FFFF D5=000000FF D6=00000004 D7=00004200 xnzVc
00:69BA  0C 07  CMPI.B  #$0C,D7                  A0=00006AA6 A1=00C00000 A2=0000734F A3=00FF2CFE A4=00000100 A5=FFFF80C8 A6=00FF0BF0 A7=00FF0BDE D0=00000004 D1=00000580 D2=00000006 D3=0000FFFF D4=0000FFFF D5=000000FF D6=00000004 D7=00004204 xnzvc
00:69BE  63 06  BLS     #$06 [00:69C6]           A0=00006AA6 A1=00C00000 A2=0000734F A3=00FF2CFE A4=00000100 A5=FFFF80C8 A6=00FF0BF0 A7=00FF0BDE D0=00000004 D1=00000580 D2=00000006 D3=0000FFFF D4=0000FFFF D5=000000FF D6=00000004 D7=00004204 xNzvC
00:69C6  70 00  MOVEQ   #$00,D0                  A0=00006AA6 A1=00C00000 A2=0000734F A3=00FF2CFE A4=00000100 A5=FFFF80C8 A6=00FF0BF0 A7=00FF0BDE D0=00000004 D1=00000580 D2=00000006 D3=0000FFFF D4=0000FFFF D5=000000FF D6=00000004 D7=00004204 xNzvC
00:69C8  10 07  MOVE.B  D7,D0                    A0=00006AA6 A1=00C00000 A2=0000734F A3=00FF2CFE A4=00000100 A5=FFFF80C8 A6=00FF0BF0 A7=00FF0BDE D0=00000000 D1=00000580 D2=00000006 D3=0000FFFF D4=0000FFFF D5=000000FF D6=00000004 D7=00004204 xnZvc
00:69CA  D0 40  ADD.W   D0,D0                    A0=00006AA6 A1=00C00000 A2=0000734F A3=00FF2CFE A4=00000100 A5=FFFF80C8 A6=00FF0BF0 A7=00FF0BDE D0=00000004 D1=00000580 D2=00000006 D3=0000FFFF D4=0000FFFF D5=000000FF D6=00000004 D7=00004204 xnzvc
00:69CC  41 FA  LEA     $000A(PC),A0             A0=00006AA6 A1=00C00000 A2=0000734F A3=00FF2CFE A4=00000100 A5=FFFF80C8 A6=00FF0BF0 A7=00FF0BDE D0=00000008 D1=00000580 D2=00000006 D3=0000FFFF D4=0000FFFF D5=000000FF D6=00000004 D7=00004204 xnzvc
00:69D0  D0 F0  ADDA.W  $00(A0,D0),A0            A0=000069D8 A1=00C00000 A2=0000734F A3=00FF2CFE A4=00000100 A5=FFFF80C8 A6=00FF0BF0 A7=00FF0BDE D0=00000008 D1=00000580 D2=00000006 D3=0000FFFF D4=0000FFFF D5=000000FF D6=00000004 D7=00004204 xnzvc
00:69D4  4E 90  JSR     (A0)                     A0=00006ABC A1=00C00000 A2=0000734F A3=00FF2CFE A4=00000100 A5=FFFF80C8 A6=00FF0BF0 A7=00FF0BDE D0=00000008 D1=00000580 D2=00000006 D3=0000FFFF D4=0000FFFF D5=000000FF D6=00000004 D7=00004204 xnzvc
00:6ABC  76 00  MOVEQ   #$00,D3                  A0=00006ABC A1=00C00000 A2=0000734F A3=00FF2CFE A4=00000100 A5=FFFF80C8 A6=00FF0BF0 A7=00FF0BDA D0=00000008 D1=00000580 D2=00000006 D3=0000FFFF D4=0000FFFF D5=000000FF D6=00000004 D7=00004204 xnzvc
00:6ABE  16 1A  MOVE.B  (A2)+,D3                 A0=00006ABC A1=00C00000 A2=0000734F A3=00FF2CFE A4=00000100 A5=FFFF80C8 A6=00FF0BF0 A7=00FF0BDA D0=00000008 D1=00000580 D2=00000006 D3=00000000 D4=0000FFFF D5=000000FF D6=00000004 D7=00004204 xnZvc
00:6AC0  1E 1A  MOVE.B  (A2)+,D7                 A0=00006ABC A1=00C00000 A2=00007350 A3=00FF2CFE A4=00000100 A5=FFFF80C8 A6=00FF0BF0 A7=00FF0BDA D0=00000008 D1=00000580 D2=00000006 D3=0000000A D4=0000FFFF D5=000000FF D6=00000004 D7=00004204 xnzvc
00:6AC2  61 00  BSR     #$001C [00:6AE0]         A0=00006ABC A1=00C00000 A2=00007351 A3=00FF2CFE A4=00000100 A5=FFFF80C8 A6=00FF0BF0 A7=00FF0BDA D0=00000008 D1=00000580 D2=00000006 D3=0000000A D4=0000FFFF D5=000000FF D6=00000004 D7=00004253 xnzvc
00:6AE0  61 00  BSR     #$0082 [00:6B64]         A0=00006ABC A1=00C00000 A2=00007351 A3=00FF2CFE A4=00000100 A5=FFFF80C8 A6=00FF0BF0 A7=00FF0BD6 D0=00000008 D1=00000580 D2=00000006 D3=0000000A D4=0000FFFF D5=000000FF D6=00000004 D7=00004253 xnzvc
00:6AE4  52 07  ADDQ.B  #1,D7                    A0=00006ABC A1=00C00000 A2=00007351 A3=00FF2CFE A4=00000100 A5=FFFF80C8 A6=00FF0BF0 A7=00FF0BD6 D0=00000004 D1=00000580 D2=00000006 D3=0000000A D4=0000FFFF D5=000000FF D6=00000004 D7=00004253 xnzvc
00:6AE6  53 43  SUBQ.W  #1,D3                    A0=00006ABC A1=00C00000 A2=00007351 A3=00FF2CFE A4=00000100 A5=FFFF80C8 A6=00FF0BF0 A7=00FF0BD6 D0=00000004 D1=00000580 D2=00000006 D3=0000000A D4=0000FFFF D5=000000FF D6=00000004 D7=00004254 xnzvc
00:6AE8  6A F6  BPL     #$F6 [00:6AE0]           A0=00006ABC A1=00C00000 A2=00007351 A3=00FF2CFE A4=00000100 A5=FFFF80C8 A6=00FF0BF0 A7=00FF0BD6 D0=00000004 D1=00000580 D2=00000006 D3=00000009 D4=0000FFFF D5=000000FF D6=00000004 D7=00004254 xnzvc
00:6AE0  61 00  BSR     #$0082 [00:6B64]         A0=00006ABC A1=00C00000 A2=00007351 A3=00FF2CFE A4=00000100 A5=FFFF80C8 A6=00FF0BF0 A7=00FF0BD6 D0=00000004 D1=00000580 D2=00000006 D3=00000009 D4=0000FFFF D5=000000FF D6=00000004 D7=00004254 xnzvc
00:6AE4  52 07  ADDQ.B  #1,D7                    A0=00006ABC A1=00C00000 A2=00007351 A3=00FF2CFE A4=00000100 A5=FFFF80C8 A6=00FF0BF0 A7=00FF0BD6 D0=00000005 D1=00000580 D2=00000006 D3=00000009 D4=0000FFFF D5=000000FF D6=00000004 D7=00004254 xnzvc
00:6AE6  53 43  SUBQ.W  #1,D3                    A0=00006ABC A1=00C00000 A2=00007351 A3=00FF2CFE A4=00000100 A5=FFFF80C8 A6=00FF0BF0 A7=00FF0BD6 D0=00000005 D1=00000580 D2=00000006 D3=00000009 D4=0000FFFF D5=000000FF D6=00000004 D7=00004255 xnzvc
00:6AE8  6A F6  BPL     #$F6 [00:6AE0]           A0=00006ABC A1=00C00000 A2=00007351 A3=00FF2CFE A4=00000100 A5=FFFF80C8 A6=00FF0BF0 A7=00FF0BD6 D0=00000005 D1=00000580 D2=00000006 D3=00000008 D4=0000FFFF D5=000000FF D6=00000004 D7=00004255 xnzvc
00:6AE0  61 00  BSR     #$0082 [00:6B64]         A0=00006ABC A1=00C00000 A2=00007351 A3=00FF2CFE A4=00000100 A5=FFFF80C8 A6=00FF0BF0 A7=00FF0BD6 D0=00000005 D1=00000580 D2=00000006 D3=00000008 D4=0000FFFF D5=000000FF D6=00000004 D7=00004255 xnzvc
00:6AE4  52 07  ADDQ.B  #1,D7                    A0=00006ABC A1=00C00000 A2=00007351 A3=00FF2CFE A4=00000100 A5=FFFF80C8 A6=00FF0BF0 A7=00FF0BD6 D0=00000006 D1=00000580 D2=00000006 D3=00000008 D4=0000FFFF D5=000000FF D6=00000004 D7=00004255 xnzvc
00:6AE6  53 43  SUBQ.W  #1,D3                    A0=00006ABC A1=00C00000 A2=00007351 A3=00FF2CFE A4=00000100 A5=FFFF80C8 A6=00FF0BF0 A7=00FF0BD6 D0=00000006 D1=00000580 D2=00000006 D3=00000008 D4=0000FFFF D5=000000FF D6=00000004 D7=00004256 xnzvc
00:6AE8  6A F6  BPL     #$F6 [00:6AE0]           A0=00006ABC A1=00C00000 A2=00007351 A3=00FF2CFE A4=00000100 A5=FFFF80C8 A6=00FF0BF0 A7=00FF0BD6 D0=00000006 D1=00000580 D2=00000006 D3=00000007 D4=0000FFFF D5=000000FF D6=00000004 D7=00004256 xnzvc
00:6AE0  61 00  BSR     #$0082 [00:6B64]         A0=00006ABC A1=00C00000 A2=00007351 A3=00FF2CFE A4=00000100 A5=FFFF80C8 A6=00FF0BF0 A7=00FF0BD6 D0=00000006 D1=00000580 D2=00000006 D3=00000007 D4=0000FFFF D5=000000FF D6=00000004 D7=00004256 xnzvc
00:6AE4  52 07  ADDQ.B  #1,D7                    A0=00006ABC A1=00C00000 A2=00007351 A3=00FF2CFE A4=00000100 A5=FFFF80C8 A6=00FF0BF0 A7=00FF0BD6 D0=00000007 D1=00000580 D2=00000006 D3=00000007 D4=0000FFFF D5=000000FF D6=00000004 D7=00004256 xnzvc
00:6AE6  53 43  SUBQ.W  #1,D3                    A0=00006ABC A1=00C00000 A2=00007351 A3=00FF2CFE A4=00000100 A5=FFFF80C8 A6=00FF0BF0 A7=00FF0BD6 D0=00000007 D1=00000580 D2=00000006 D3=00000007 D4=0000FFFF D5=000000FF D6=00000004 D7=00004257 xnzvc
00:6AE8  6A F6  BPL     #$F6 [00:6AE0]           A0=00006ABC A1=00C00000 A2=00007351 A3=00FF2CFE A4=00000100 A5=FFFF80C8 A6=00FF0BF0 A7=00FF0BD6 D0=00000007 D1=00000580 D2=00000006 D3=00000006 D4=0000FFFF D5=000000FF D6=00000004 D7=00004257 xnzvc
00:6AE0  61 00  BSR     #$0082 [00:6B64]         A0=00006ABC A1=00C00000 A2=00007351 A3=00FF2CFE A4=00000100 A5=FFFF80C8 A6=00FF0BF0 A7=00FF0BD6 D0=00000007 D1=00000580 D2=00000006 D3=00000006 D4=0000FFFF D5=000000FF D6=00000004 D7=00004257 xnzvc
00:6AE4  52 07  ADDQ.B  #1,D7                    A0=00006ABC A1=00C00000 A2=00007351 A3=00FF2CFE A4=00000100 A5=FFFF80C8 A6=00FF0BF0 A7=00FF0BD6 D0=00000008 D1=00000580 D2=00000006 D3=00000006 D4=0000FFFF D5=000000FF D6=00000004 D7=00004257 xnzvc
00:6AE6  53 43  SUBQ.W  #1,D3                    A0=00006ABC A1=00C00000 A2=00007351 A3=00FF2CFE A4=00000100 A5=FFFF80C8 A6=00FF0BF0 A7=00FF0BD6 D0=00000008 D1=00000580 D2=00000006 D3=00000006 D4=0000FFFF D5=000000FF D6=00000004 D7=00004258 xnzvc
00:6AE8  6A F6  BPL     #$F6 [00:6AE0]           A0=00006ABC A1=00C00000 A2=00007351 A3=00FF2CFE A4=00000100 A5=FFFF80C8 A6=00FF0BF0 A7=00FF0BD6 D0=00000008 D1=00000580 D2=00000006 D3=00000005 D4=0000FFFF D5=000000FF D6=00000004 D7=00004258 xnzvc
00:6AE0  61 00  BSR     #$0082 [00:6B64]         A0=00006ABC A1=00C00000 A2=00007351 A3=00FF2CFE A4=00000100 A5=FFFF80C8 A6=00FF0BF0 A7=00FF0BD6 D0=00000008 D1=00000580 D2=00000006 D3=00000005 D4=0000FFFF D5=000000FF D6=00000004 D7=00004258 xnzvc
00:6AE4  52 07  ADDQ.B  #1,D7                    A0=00006ABC A1=00C00000 A2=00007351 A3=00FF2CFE A4=00000100 A5=FFFF80C8 A6=00FF0BF0 A7=00FF0BD6 D0=00000009 D1=00000580 D2=00000006 D3=00000005 D4=0000FFFF D5=000000FF D6=00000004 D7=00004258 xnzvc
00:6AE6  53 43  SUBQ.W  #1,D3                    A0=00006ABC A1=00C00000 A2=00007351 A3=00FF2CFE A4=00000100 A5=FFFF80C8 A6=00FF0BF0 A7=00FF0BD6 D0=00000009 D1=00000580 D2=00000006 D3=00000005 D4=0000FFFF D5=000000FF D6=00000004 D7=00004259 xnzvc
00:6AE8  6A F6  BPL     #$F6 [00:6AE0]           A0=00006ABC A1=00C00000 A2=00007351 A3=00FF2CFE A4=00000100 A5=FFFF80C8 A6=00FF0BF0 A7=00FF0BD6 D0=00000009 D1=00000580 D2=00000006 D3=00000004 D4=0000FFFF D5=000000FF D6=00000004 D7=00004259 xnzvc
00:6AE0  61 00  BSR     #$0082 [00:6B64]         A0=00006ABC A1=00C00000 A2=00007351 A3=00FF2CFE A4=00000100 A5=FFFF80C8 A6=00FF0BF0 A7=00FF0BD6 D0=00000009 D1=00000580 D2=00000006 D3=00000004 D4=0000FFFF D5=000000FF D6=00000004 D7=00004259 xnzvc
00:6AE4  52 07  ADDQ.B  #1,D7                    A0=00006ABC A1=00C00000 A2=00007351 A3=00FF2CFE A4=00000100 A5=FFFF80C8 A6=00FF0BF0 A7=00FF0BD6 D0=0000000A D1=00000580 D2=00000006 D3=00000004 D4=0000FFFF D5=000000FF D6=00000004 D7=00004259 xnzvc
00:6AE6  53 43  SUBQ.W  #1,D3                    A0=00006ABC A1=00C00000 A2=00007351 A3=00FF2CFE A4=00000100 A5=FFFF80C8 A6=00FF0BF0 A7=00FF0BD6 D0=0000000A D1=00000580 D2=00000006 D3=00000004 D4=0000FFFF D5=000000FF D6=00000004 D7=0000425A xnzvc
00:6AE8  6A F6  BPL     #$F6 [00:6AE0]           A0=00006ABC A1=00C00000 A2=00007351 A3=00FF2CFE A4=00000100 A5=FFFF80C8 A6=00FF0BF0 A7=00FF0BD6 D0=0000000A D1=00000580 D2=00000006 D3=00000003 D4=0000FFFF D5=000000FF D6=00000004 D7=0000425A xnzvc
00:6AE0  61 00  BSR     #$0082 [00:6B64]         A0=00006ABC A1=00C00000 A2=00007351 A3=00FF2CFE A4=00000100 A5=FFFF80C8 A6=00FF0BF0 A7=00FF0BD6 D0=0000000A D1=00000580 D2=00000006 D3=00000003 D4=0000FFFF D5=000000FF D6=00000004 D7=0000425A xnzvc
00:6AE4  52 07  ADDQ.B  #1,D7                    A0=00006ABC A1=00C00000 A2=00007351 A3=00FF2CFE A4=00000100 A5=FFFF80C8 A6=00FF0BF0 A7=00FF0BD6 D0=0000000B D1=00000580 D2=00000006 D3=00000003 D4=0000FFFF D5=000000FF D6=00000004 D7=0000425A xnzvc
00:6AE6  53 43  SUBQ.W  #1,D3                    A0=00006ABC A1=00C00000 A2=00007351 A3=00FF2CFE A4=00000100 A5=FFFF80C8 A6=00FF0BF0 A7=00FF0BD6 D0=0000000B D1=00000580 D2=00000006 D3=00000003 D4=0000FFFF D5=000000FF D6=00000004 D7=0000425B xnzvc
00:6AE8  6A F6  BPL     #$F6 [00:6AE0]           A0=00006ABC A1=00C00000 A2=00007351 A3=00FF2CFE A4=00000100 A5=FFFF80C8 A6=00FF0BF0 A7=00FF0BD6 D0=0000000B D1=00000580 D2=00000006 D3=00000002 D4=0000FFFF D5=000000FF D6=00000004 D7=0000425B xnzvc
00:6AE0  61 00  BSR     #$0082 [00:6B64]         A0=00006ABC A1=00C00000 A2=00007351 A3=00FF2CFE A4=00000100 A5=FFFF80C8 A6=00FF0BF0 A7=00FF0BD6 D0=0000000B D1=00000580 D2=00000006 D3=00000002 D4=0000FFFF D5=000000FF D6=00000004 D7=0000425B xnzvc
00:6AE4  52 07  ADDQ.B  #1,D7                    A0=00006ABC A1=00C00000 A2=00007351 A3=00FF2CFE A4=00000100 A5=FFFF80C8 A6=00FF0BF0 A7=00FF0BD6 D0=0000000C D1=00000580 D2=00000006 D3=00000002 D4=0000FFFF D5=000000FF D6=00000004 D7=0000425B xnzvc
00:6AE6  53 43  SUBQ.W  #1,D3                    A0=00006ABC A1=00C00000 A2=00007351 A3=00FF2CFE A4=00000100 A5=FFFF80C8 A6=00FF0BF0 A7=00FF0BD6 D0=0000000C D1=00000580 D2=00000006 D3=00000002 D4=0000FFFF D5=000000FF D6=00000004 D7=0000425C xnzvc
00:6AE8  6A F6  BPL     #$F6 [00:6AE0]           A0=00006ABC A1=00C00000 A2=00007351 A3=00FF2CFE A4=00000100 A5=FFFF80C8 A6=00FF0BF0 A7=00FF0BD6 D0=0000000C D1=00000580 D2=00000006 D3=00000001 D4=0000FFFF D5=000000FF D6=00000004 D7=0000425C xnzvc
00:6AE0  61 00  BSR     #$0082 [00:6B64]         A0=00006ABC A1=00C00000 A2=00007351 A3=00FF2CFE A4=00000100 A5=FFFF80C8 A6=00FF0BF0 A7=00FF0BD6 D0=0000000C D1=00000580 D2=00000006 D3=00000001 D4=0000FFFF D5=000000FF D6=00000004 D7=0000425C xnzvc
00:6AE4  52 07  ADDQ.B  #1,D7                    A0=00006ABC A1=00C00000 A2=00007351 A3=00FF2CFE A4=00000100 A5=FFFF80C8 A6=00FF0BF0 A7=00FF0BD6 D0=0000000D D1=00000580 D2=00000006 D3=00000001 D4=0000FFFF D5=000000FF D6=00000004 D7=0000425C xnzvc
00:6AE6  53 43  SUBQ.W  #1,D3                    A0=00006ABC A1=00C00000 A2=00007351 A3=00FF2CFE A4=00000100 A5=FFFF80C8 A6=00FF0BF0 A7=00FF0BD6 D0=0000000D D1=00000580 D2=00000006 D3=00000001 D4=0000FFFF D5=000000FF D6=00000004 D7=0000425D xnzvc
00:6AE8  6A F6  BPL     #$F6 [00:6AE0]           A0=00006ABC A1=00C00000 A2=00007351 A3=00FF2CFE A4=00000100 A5=FFFF80C8 A6=00FF0BF0 A7=00FF0BD6 D0=0000000D D1=00000580 D2=00000006 D3=00000000 D4=0000FFFF D5=000000FF D6=00000004 D7=0000425D xnZvc
00:6AE0  61 00  BSR     #$0082 [00:6B64]         A0=00006ABC A1=00C00000 A2=00007351 A3=00FF2CFE A4=00000100 A5=FFFF80C8 A6=00FF0BF0 A7=00FF0BD6 D0=0000000D D1=00000580 D2=00000006 D3=00000000 D4=0000FFFF D5=000000FF D6=00000004 D7=0000425D xnZvc
00:6AE4  52 07  ADDQ.B  #1,D7                    A0=00006ABC A1=00C00000 A2=00007351 A3=00FF2CFE A4=00000100 A5=FFFF80C8 A6=00FF0BF0 A7=00FF0BD6 D0=0000000E D1=00000580 D2=00000006 D3=00000000 D4=0000FFFF D5=000000FF D6=00000004 D7=0000425D xnzvc
00:6AE6  53 43  SUBQ.W  #1,D3                    A0=00006ABC A1=00C00000 A2=00007351 A3=00FF2CFE A4=00000100 A5=FFFF80C8 A6=00FF0BF0 A7=00FF0BD6 D0=0000000E D1=00000580 D2=00000006 D3=00000000 D4=0000FFFF D5=000000FF D6=00000004 D7=0000425E xnzvc
00:6AE8  6A F6  BPL     #$F6 [00:6AE0]           A0=00006ABC A1=00C00000 A2=00007351 A3=00FF2CFE A4=00000100 A5=FFFF80C8 A6=00FF0BF0 A7=00FF0BD6 D0=0000000E D1=00000580 D2=00000006 D3=0000FFFF D4=0000FFFF D5=000000FF D6=00000004 D7=0000425E XNzvC
00:6AEA  4E 75  RTS                              A0=00006ABC A1=00C00000 A2=00007351 A3=00FF2CFE A4=00000100 A5=FFFF80C8 A6=00FF0BF0 A7=00FF0BD6 D0=0000000E D1=00000580 D2=00000006 D3=0000FFFF D4=0000FFFF D5=000000FF D6=00000004 D7=0000425E XNzvC
00:6AC6  4E 75  RTS                              A0=00006ABC A1=00C00000 A2=00007351 A3=00FF2CFE A4=00000100 A5=FFFF80C8 A6=00FF0BF0 A7=00FF0BDA D0=0000000E D1=00000580 D2=00000006 D3=0000FFFF D4=0000FFFF D5=000000FF D6=00000004 D7=0000425E XNzvC
00:69D6  60 E0  BRA     #$E0 [00:69B8]           A0=00006ABC A1=00C00000 A2=00007351 A3=00FF2CFE A4=00000100 A5=FFFF80C8 A6=00FF0BF0 A7=00FF0BDE D0=0000000E D1=00000580 D2=00000006 D3=0000FFFF D4=0000FFFF D5=000000FF D6=00000004 D7=0000425E XNzvC
00:69B8  1E 1A  MOVE.B  (A2)+,D7                 A0=00006ABC A1=00C00000 A2=00007351 A3=00FF2CFE A4=00000100 A5=FFFF80C8 A6=00FF0BF0 A7=00FF0BDE D0=0000000E D1=00000580 D2=00000006 D3=0000FFFF D4=0000FFFF D5=000000FF D6=00000004 D7=0000425E XNzvC
00:69BA  0C 07  CMPI.B  #$0C,D7                  A0=00006ABC A1=00C00000 A2=00007352 A3=00FF2CFE A4=00000100 A5=FFFF80C8 A6=00FF0BF0 A7=00FF0BDE D0=0000000E D1=00000580 D2=00000006 D3=0000FFFF D4=0000FFFF D5=000000FF D6=00000004 D7=0000420A Xnzvc
00:69BE  63 06  BLS     #$06 [00:69C6]           A0=00006ABC A1=00C00000 A2=00007352 A3=00FF2CFE A4=00000100 A5=FFFF80C8 A6=00FF0BF0 A7=00FF0BDE D0=0000000E D1=00000580 D2=00000006 D3=0000FFFF D4=0000FFFF D5=000000FF D6=00000004 D7=0000420A XNzvC
00:69C6  70 00  MOVEQ   #$00,D0                  A0=00006ABC A1=00C00000 A2=00007352 A3=00FF2CFE A4=00000100 A5=FFFF80C8 A6=00FF0BF0 A7=00FF0BDE D0=0000000E D1=00000580 D2=00000006 D3=0000FFFF D4=0000FFFF D5=000000FF D6=00000004 D7=0000420A XNzvC
00:69C8  10 07  MOVE.B  D7,D0                    A0=00006ABC A1=00C00000 A2=00007352 A3=00FF2CFE A4=00000100 A5=FFFF80C8 A6=00FF0BF0 A7=00FF0BDE D0=00000000 D1=00000580 D2=00000006 D3=0000FFFF D4=0000FFFF D5=000000FF D6=00000004 D7=0000420A XnZvc
00:69CA  D0 40  ADD.W   D0,D0                    A0=00006ABC A1=00C00000 A2=00007352 A3=00FF2CFE A4=00000100 A5=FFFF80C8 A6=00FF0BF0 A7=00FF0BDE D0=0000000A D1=00000580 D2=00000006 D3=0000FFFF D4=0000FFFF D5=000000FF D6=00000004 D7=0000420A Xnzvc
00:69CC  41 FA  LEA     $000A(PC),A0             A0=00006ABC A1=00C00000 A2=00007352 A3=00FF2CFE A4=00000100 A5=FFFF80C8 A6=00FF0BF0 A7=00FF0BDE D0=00000014 D1=00000580 D2=00000006 D3=0000FFFF D4=0000FFFF D5=000000FF D6=00000004 D7=0000420A xnzvc
00:69D0  D0 F0  ADDA.W  $00(A0,D0),A0            A0=000069D8 A1=00C00000 A2=00007352 A3=00FF2CFE A4=00000100 A5=FFFF80C8 A6=00FF0BF0 A7=00FF0BDE D0=00000014 D1=00000580 D2=00000006 D3=0000FFFF D4=0000FFFF D5=000000FF D6=00000004 D7=0000420A xnzvc
00:69D4  4E 90  JSR     (A0)                     A0=00006B1C A1=00C00000 A2=00007352 A3=00FF2CFE A4=00000100 A5=FFFF80C8 A6=00FF0BF0 A7=00FF0BDE D0=00000014 D1=00000580 D2=00000006 D3=0000FFFF D4=0000FFFF D5=000000FF D6=00000004 D7=0000420A xnzvc
00:6B1C  76 00  MOVEQ   #$00,D3                  A0=00006B1C A1=00C00000 A2=00007352 A3=00FF2CFE A4=00000100 A5=FFFF80C8 A6=00FF0BF0 A7=00FF0BDA D0=00000014 D1=00000580 D2=00000006 D3=0000FFFF D4=0000FFFF D5=000000FF D6=00000004 D7=0000420A xnzvc
00:6B1E  16 1A  MOVE.B  (A2)+,D3                 A0=00006B1C A1=00C00000 A2=00007352 A3=00FF2CFE A4=00000100 A5=FFFF80C8 A6=00FF0BF0 A7=00FF0BDA D0=00000014 D1=00000580 D2=00000006 D3=00000000 D4=0000FFFF D5=000000FF D6=00000004 D7=0000420A xnZvc
00:6B20  48 47  SWAP.W  D7                       A0=00006B1C A1=00C00000 A2=00007353 A3=00FF2CFE A4=00000100 A5=FFFF80C8 A6=00FF0BF0 A7=00FF0BDA D0=00000014 D1=00000580 D2=00000006 D3=00000015 D4=0000FFFF D5=000000FF D6=00000004 D7=0000420A xnzvc
00:6B22  42 47  CLR.W   D7                       A0=00006B1C A1=00C00000 A2=00007353 A3=00FF2CFE A4=00000100 A5=FFFF80C8 A6=00FF0BF0 A7=00FF0BDA D0=00000014 D1=00000580 D2=00000006 D3=00000015 D4=0000FFFF D5=000000FF D6=00000004 D7=420A0000 xnzvc
00:6B6C  1D 6E  MOVE.B  $FFF6(A6),$FFF4(A6)      A0=00006B1C A1=00C00000 A2=00007353 A3=00FF2CFE A4=00000100 A5=FFFF80C8 A6=00FF0BF0 A7=00FF0BD6 D0=0000001F D1=00000580 D2=00000006 D3=00000004 D4=0000FFFF D5=000000FF D6=00000004 D7=420A0000 XNzvC
00:6B72  60 C6  BRA     #$C6 [00:6B3A]           A0=00006B1C A1=00C00000 A2=00007353 A3=00FF2CFE A4=00000100 A5=FFFF80C8 A6=00FF0BF0 A7=00FF0BD6 D0=0000001F D1=00000580 D2=00000006 D3=00000004 D4=0000FFFF D5=000000FF D6=00000004 D7=420A0000 Xnzvc
00:6B3A  30 2E  MOVE.W  $FFFA(A6),D0             A0=00006B1C A1=00C00000 A2=00007353 A3=00FF2CFE A4=00000100 A5=FFFF80C8 A6=00FF0BF0 A7=00FF0BD6 D0=0000001F D1=00000580 D2=00000006 D3=00000004 D4=0000FFFF D5=000000FF D6=00000004 D7=420A0000 Xnzvc
00:6B3E  32 2E  MOVE.W  $FFFC(A6),D1             A0=00006B1C A1=00C00000 A2=00007353 A3=00FF2CFE A4=00000100 A5=FFFF80C8 A6=00FF0BF0 A7=00FF0BD6 D0=00000000 D1=00000580 D2=00000006 D3=00000004 D4=0000FFFF D5=000000FF D6=00000004 D7=420A0000 XnZvc
00:6B42  52 41  ADDQ.W  #1,D1                    A0=00006B1C A1=00C00000 A2=00007353 A3=00FF2CFE A4=00000100 A5=FFFF80C8 A6=00FF0BF0 A7=00FF0BD6 D0=00000000 D1=0000000B D2=00000006 D3=00000004 D4=0000FFFF D5=000000FF D6=00000004 D7=420A0000 Xnzvc
00:6B44  B2 78  CMP.W   ($8A72),D1               A0=00006B1C A1=00C00000 A2=00007353 A3=00FF2CFE A4=00000100 A5=FFFF80C8 A6=00FF0BF0 A7=00FF0BD6 D0=00000000 D1=0000000C D2=00000006 D3=00000004 D4=0000FFFF D5=000000FF D6=00000004 D7=420A0000 xnzvc
00:6B48  65 02  BCS     #$02 [00:6B4C]           A0=00006B1C A1=00C00000 A2=00007353 A3=00FF2CFE A4=00000100 A5=FFFF80C8 A6=00FF0BF0 A7=00FF0BD6 D0=00000000 D1=0000000C D2=00000006 D3=00000004 D4=0000FFFF D5=000000FF D6=00000004 D7=420A0000 xNzvC
00:6B4C  3D 41  MOVE.W  D1,$FFFC(A6)             A0=00006B1C A1=00C00000 A2=00007353 A3=00FF2CFE A4=00000100 A5=FFFF80C8 A6=00FF0BF0 A7=00FF0BD6 D0=00000000 D1=0000000C D2=00000006 D3=00000004 D4=0000FFFF D5=000000FF D6=00000004 D7=420A0000 xNzvC
00:6B50  3D 40  MOVE.W  D0,$FFFE(A6)             A0=00006B1C A1=00C00000 A2=00007353 A3=00FF2CFE A4=00000100 A5=FFFF80C8 A6=00FF0BF0 A7=00FF0BD6 D0=00000000 D1=0000000C D2=00000006 D3=00000004 D4=0000FFFF D5=000000FF D6=00000004 D7=420A0000 xnzvc
00:6B54  61 00  BSR     #$FF46 [00:6A9C]         A0=00006B1C A1=00C00000 A2=00007353 A3=00FF2CFE A4=00000100 A5=FFFF80C8 A6=00FF0BF0 A7=00FF0BD6 D0=00000000 D1=0000000C D2=00000006 D3=00000004 D4=0000FFFF D5=000000FF D6=00000004 D7=420A0000 xnZvc
00:6A9C  4E B8  JSR     ($05CA)                  A0=00006B1C A1=00C00000 A2=00007353 A3=00FF2CFE A4=00000100 A5=FFFF80C8 A6=00FF0BF0 A7=00FF0BD2 D0=00000000 D1=0000000C D2=00000006 D3=00000004 D4=0000FFFF D5=000000FF D6=00000004 D7=420A0000 xnZvc
00:05CA  D0 40  ADD.W   D0,D0                    A0=00006B1C A1=00C00000 A2=00007353 A3=00FF2CFE A4=00000100 A5=FFFF80C8 A6=00FF0BF0 A7=00FF0BCE D0=00000000 D1=0000000C D2=00000006 D3=00000004 D4=0000FFFF D5=000000FF D6=00000004 D7=420A0000 xnZvc
00:05CC  D2 41  ADD.W   D1,D1                    A0=00006B1C A1=00C00000 A2=00007353 A3=00FF2CFE A4=00000100 A5=FFFF80C8 A6=00FF0BF0 A7=00FF0BCE D0=00000000 D1=0000000C D2=00000006 D3=00000004 D4=0000FFFF D5=000000FF D6=00000004 D7=420A0000 xnZvc
00:05CE  14 38  MOVE.B  ($8A8A),D2               A0=00006B1C A1=00C00000 A2=00007353 A3=00FF2CFE A4=00000100 A5=FFFF80C8 A6=00FF0BF0 A7=00FF0BCE D0=00000000 D1=00000018 D2=00000006 D3=00000004 D4=0000FFFF D5=000000FF D6=00000004 D7=420A0000 xnzvc
00:05D2  E5 61  ASL.W   D2,D1                    A0=00006B1C A1=00C00000 A2=00007353 A3=00FF2CFE A4=00000100 A5=FFFF80C8 A6=00FF0BF0 A7=00FF0BCE D0=00000000 D1=00000018 D2=00000006 D3=00000004 D4=0000FFFF D5=000000FF D6=00000004 D7=420A0000 xnzvc
00:05D4  D0 41  ADD.W   D1,D0                    A0=00006B1C A1=00C00000 A2=00007353 A3=00FF2CFE A4=00000100 A5=FFFF80C8 A6=00FF0BF0 A7=00FF0BCE D0=00000000 D1=00000600 D2=00000006 D3=00000004 D4=0000FFFF D5=000000FF D6=00000004 D7=420A0000 xnzvc
00:05D6  4E 75  RTS                              A0=00006B1C A1=00C00000 A2=00007353 A3=00FF2CFE A4=00000100 A5=FFFF80C8 A6=00FF0BF0 A7=00FF0BCE D0=00000600 D1=00000600 D2=00000006 D3=00000004 D4=0000FFFF D5=000000FF D6=00000004 D7=420A0000 xnzvc
00:6AA0  D0 6E  ADD.W   $FFF2(A6),D0             A0=00006B1C A1=00C00000 A2=00007353 A3=00FF2CFE A4=00000100 A5=FFFF80C8 A6=00FF0BF0 A7=00FF0BD2 D0=00000600 D1=00000600 D2=00000006 D3=00000004 D4=0000FFFF D5=000000FF D6=00000004 D7=420A0000 xnzvc
00:6AA4  4E 75  RTS                              A0=00006B1C A1=00C00000 A2=00007353 A3=00FF2CFE A4=00000100 A5=FFFF80C8 A6=00FF0BF0 A7=00FF0BD2 D0=0000C600 D1=00000600 D2=00000006 D3=00000004 D4=0000FFFF D5=000000FF D6=00000004 D7=420A0000 xNzvc
00:6B58  4E B8  JSR     ($05A0)                  A0=00006B1C A1=00C00000 A2=00007353 A3=00FF2CFE A4=00000100 A5=FFFF80C8 A6=00FF0BF0 A7=00FF0BD6 D0=0000C600 D1=00000600 D2=00000006 D3=00000004 D4=0000FFFF D5=000000FF D6=00000004 D7=420A0000 xNzvc
00:05A0  E5 80  ASL.L   #2,D0                    A0=00006B1C A1=00C00000 A2=00007353 A3=00FF2CFE A4=00000100 A5=FFFF80C8 A6=00FF0BF0 A7=00FF0BD2 D0=0000C600 D1=00000600 D2=00000006 D3=00000004 D4=0000FFFF D5=000000FF D6=00000004 D7=420A0000 xNzvc
00:05A2  E4 48  LSR.W   #2,D0                    A0=00006B1C A1=00C00000 A2=00007353 A3=00FF2CFE A4=00000100 A5=FFFF80C8 A6=00FF0BF0 A7=00FF0BD2 D0=00031800 D1=00000600 D2=00000006 D3=00000004 D4=0000FFFF D5=000000FF D6=00000004 D7=420A0000 xnzvc
00:05A4  00 40  ORI.W   #$4000,D0                A0=00006B1C A1=00C00000 A2=00007353 A3=00FF2CFE A4=00000100 A5=FFFF80C8 A6=00FF0BF0 A7=00FF0BD2 D0=00030600 D1=00000600 D2=00000006 D3=00000004 D4=0000FFFF D5=000000FF D6=00000004 D7=420A0000 xnzvc
00:05A8  48 40  SWAP.W  D0                       A0=00006B1C A1=00C00000 A2=00007353 A3=00FF2CFE A4=00000100 A5=FFFF80C8 A6=00FF0BF0 A7=00FF0BD2 D0=00034600 D1=00000600 D2=00000006 D3=00000004 D4=0000FFFF D5=000000FF D6=00000004 D7=420A0000 xnzvc
00:05AA  02 40  ANDI.W  #$0003,D0                A0=00006B1C A1=00C00000 A2=00007353 A3=00FF2CFE A4=00000100 A5=FFFF80C8 A6=00FF0BF0 A7=00FF0BD2 D0=46000003 D1=00000600 D2=00000006 D3=00000004 D4=0000FFFF D5=000000FF D6=00000004 D7=420A0000 xnzvc
00:05AE  23 C0  MOVE.L  D0,($00C00004)           A0=00006B1C A1=00C00000 A2=00007353 A3=00FF2CFE A4=00000100 A5=FFFF80C8 A6=00FF0BF0 A7=00FF0BD2 D0=46000003 D1=00000600 D2=00000006 D3=00000004 D4=0000FFFF D5=000000FF D6=00000004 D7=420A0000 xnzvc
00:05B4  4E 75  RTS                              A0=00006B1C A1=00C00000 A2=00007353 A3=00FF2CFE A4=00000100 A5=FFFF80C8 A6=00FF0BF0 A7=00FF0BD2 D0=46000003 D1=00000600 D2=00000006 D3=00000004 D4=0000FFFF D5=000000FF D6=00000004 D7=420A0000 xnzvc
00:6B5C  43 F9  LEA     ($00C00000),A1           A0=00006B1C A1=00C00000 A2=00007353 A3=00FF2CFE A4=00000100 A5=FFFF80C8 A6=00FF0BF0 A7=00FF0BD6 D0=46000003 D1=00000600 D2=00000006 D3=00000004 D4=0000FFFF D5=000000FF D6=00000004 D7=420A0000 xnzvc
00:6B62  4E 75  RTS                              A0=00006B1C A1=00C00000 A2=00007353 A3=00FF2CFE A4=00000100 A5=FFFF80C8 A6=00FF0BF0 A7=00FF0BD6 D0=46000003 D1=00000600 D2=00000006 D3=00000004 D4=0000FFFF D5=000000FF D6=00000004 D7=420A0000 xnzvc
00:6B2C  48 47  SWAP.W  D7                       A0=00006B1C A1=00C00000 A2=00007353 A3=00FF2CFE A4=00000100 A5=FFFF80C8 A6=00FF0BF0 A7=00FF0BDA D0=46000004 D1=00000600 D2=00000006 D3=0000FFFF D4=0000FFFF D5=000000FF D6=00000004 D7=420A0000 XNzvC
00:6B2E  4E 75  RTS                              A0=00006B1C A1=00C00000 A2=00007353 A3=00FF2CFE A4=00000100 A5=FFFF80C8 A6=00FF0BF0 A7=00FF0BDA D0=46000004 D1=00000600 D2=00000006 D3=0000FFFF D4=0000FFFF D5=000000FF D6=00000004 D7=0000420A Xnzvc
00:69D6  60 E0  BRA     #$E0 [00:69B8]           A0=00006B1C A1=00C00000 A2=00007353 A3=00FF2CFE A4=00000100 A5=FFFF80C8 A6=00FF0BF0 A7=00FF0BDE D0=46000004 D1=00000600 D2=00000006 D3=0000FFFF D4=0000FFFF D5=000000FF D6=00000004 D7=0000420A Xnzvc
00:69B8  1E 1A  MOVE.B  (A2)+,D7                 A0=00006B1C A1=00C00000 A2=00007353 A3=00FF2CFE A4=00000100 A5=FFFF80C8 A6=00FF0BF0 A7=00FF0BDE D0=46000004 D1=00000600 D2=00000006 D3=0000FFFF D4=0000FFFF D5=000000FF D6=00000004 D7=0000420A Xnzvc
00:69BA  0C 07  CMPI.B  #$0C,D7                  A0=00006B1C A1=00C00000 A2=00007354 A3=00FF2CFE A4=00000100 A5=FFFF80C8 A6=00FF0BF0 A7=00FF0BDE D0=46000004 D1=00000600 D2=00000006 D3=0000FFFF D4=0000FFFF D5=000000FF D6=00000004 D7=00004202 Xnzvc
00:69BE  63 06  BLS     #$06 [00:69C6]           A0=00006B1C A1=00C00000 A2=00007354 A3=00FF2CFE A4=00000100 A5=FFFF80C8 A6=00FF0BF0 A7=00FF0BDE D0=46000004 D1=00000600 D2=00000006 D3=0000FFFF D4=0000FFFF D5=000000FF D6=00000004 D7=00004202 XNzvC
00:69C6  70 00  MOVEQ   #$00,D0                  A0=00006B1C A1=00C00000 A2=00007354 A3=00FF2CFE A4=00000100 A5=FFFF80C8 A6=00FF0BF0 A7=00FF0BDE D0=46000004 D1=00000600 D2=00000006 D3=0000FFFF D4=0000FFFF D5=000000FF D6=00000004 D7=00004202 XNzvC
00:69C8  10 07  MOVE.B  D7,D0                    A0=00006B1C A1=00C00000 A2=00007354 A3=00FF2CFE A4=00000100 A5=FFFF80C8 A6=00FF0BF0 A7=00FF0BDE D0=00000000 D1=00000600 D2=00000006 D3=0000FFFF D4=0000FFFF D5=000000FF D6=00000004 D7=00004202 XnZvc
00:69CA  D0 40  ADD.W   D0,D0                    A0=00006B1C A1=00C00000 A2=00007354 A3=00FF2CFE A4=00000100 A5=FFFF80C8 A6=00FF0BF0 A7=00FF0BDE D0=00000002 D1=00000600 D2=00000006 D3=0000FFFF D4=0000FFFF D5=000000FF D6=00000004 D7=00004202 Xnzvc
00:69CC  41 FA  LEA     $000A(PC),A0             A0=00006B1C A1=00C00000 A2=00007354 A3=00FF2CFE A4=00000100 A5=FFFF80C8 A6=00FF0BF0 A7=00FF0BDE D0=00000004 D1=00000600 D2=00000006 D3=0000FFFF D4=0000FFFF D5=000000FF D6=00000004 D7=00004202 xnzvc
00:69D0  D0 F0  ADDA.W  $00(A0,D0),A0            A0=000069D8 A1=00C00000 A2=00007354 A3=00FF2CFE A4=00000100 A5=FFFF80C8 A6=00FF0BF0 A7=00FF0BDE D0=00000004 D1=00000600 D2=00000006 D3=0000FFFF D4=0000FFFF D5=000000FF D6=00000004 D7=00004202 xnzvc
00:69D4  4E 90  JSR     (A0)                     A0=00006AA6 A1=00C00000 A2=00007354 A3=00FF2CFE A4=00000100 A5=FFFF80C8 A6=00FF0BF0 A7=00FF0BDE D0=00000004 D1=00000600 D2=00000006 D3=0000FFFF D4=0000FFFF D5=000000FF D6=00000004 D7=00004202 xnzvc
00:6AA6  1E 1A  MOVE.B  (A2)+,D7                 A0=00006AA6 A1=00C00000 A2=00007354 A3=00FF2CFE A4=00000100 A5=FFFF80C8 A6=00FF0BF0 A7=00FF0BDA D0=00000004 D1=00000600 D2=00000006 D3=0000FFFF D4=0000FFFF D5=000000FF D6=00000004 D7=00004202 xnzvc
00:6AA8  E1 47  ASL.W   #8,D7                    A0=00006AA6 A1=00C00000 A2=00007355 A3=00FF2CFE A4=00000100 A5=FFFF80C8 A6=00FF0BF0 A7=00FF0BDA D0=00000004 D1=00000600 D2=00000006 D3=0000FFFF D4=0000FFFF D5=000000FF D6=00000004 D7=00004242 xnzvc
00:6AAA  4E 75  RTS                              A0=00006AA6 A1=00C00000 A2=00007355 A3=00FF2CFE A4=00000100 A5=FFFF80C8 A6=00FF0BF0 A7=00FF0BDA D0=00000004 D1=00000600 D2=00000006 D3=0000FFFF D4=0000FFFF D5=000000FF D6=00000004 D7=00004200 xnzVc
00:69D6  60 E0  BRA     #$E0 [00:69B8]           A0=00006AA6 A1=00C00000 A2=00007355 A3=00FF2CFE A4=00000100 A5=FFFF80C8 A6=00FF0BF0 A7=00FF0BDE D0=00000004 D1=00000600 D2=00000006 D3=0000FFFF D4=0000FFFF D5=000000FF D6=00000004 D7=00004200 xnzVc
00:69B8  1E 1A  MOVE.B  (A2)+,D7                 A0=00006AA6 A1=00C00000 A2=00007355 A3=00FF2CFE A4=00000100 A5=FFFF80C8 A6=00FF0BF0 A7=00FF0BDE D0=00000004 D1=00000600 D2=00000006 D3=0000FFFF D4=0000FFFF D5=000000FF D6=00000004 D7=00004200 xnzVc
00:69BA  0C 07  CMPI.B  #$0C,D7                  A0=00006AA6 A1=00C00000 A2=00007356 A3=00FF2CFE A4=00000100 A5=FFFF80C8 A6=00FF0BF0 A7=00FF0BDE D0=00000004 D1=00000600 D2=00000006 D3=0000FFFF D4=0000FFFF D5=000000FF D6=00000004 D7=0000424E xnzvc
00:69BE  63 06  BLS     #$06 [00:69C6]           A0=00006AA6 A1=00C00000 A2=00007356 A3=00FF2CFE A4=00000100 A5=FFFF80C8 A6=00FF0BF0 A7=00FF0BDE D0=00000004 D1=00000600 D2=00000006 D3=0000FFFF D4=0000FFFF D5=000000FF D6=00000004 D7=0000424E xnzvc
00:69C0  61 00  BSR     #$01A2 [00:6B64]         A0=00006AA6 A1=00C00000 A2=00007356 A3=00FF2CFE A4=00000100 A5=FFFF80C8 A6=00FF0BF0 A7=00FF0BDE D0=00000004 D1=00000600 D2=00000006 D3=0000FFFF D4=0000FFFF D5=000000FF D6=00000004 D7=0000424E xnzvc
00:69C4  60 F2  BRA     #$F2 [00:69B8]           A0=00006AA6 A1=00C00000 A2=00007356 A3=00FF2CFE A4=00000100 A5=FFFF80C8 A6=00FF0BF0 A7=00FF0BDE D0=00000005 D1=00000600 D2=00000006 D3=0000FFFF D4=0000FFFF D5=000000FF D6=00000004 D7=0000424E xnzvc
00:69B8  1E 1A  MOVE.B  (A2)+,D7                 A0=00006AA6 A1=00C00000 A2=00007356 A3=00FF2CFE A4=00000100 A5=FFFF80C8 A6=00FF0BF0 A7=00FF0BDE D0=00000005 D1=00000600 D2=00000006 D3=0000FFFF D4=0000FFFF D5=000000FF D6=00000004 D7=0000424E xnzvc
00:69BA  0C 07  CMPI.B  #$0C,D7                  A0=00006AA6 A1=00C00000 A2=00007357 A3=00FF2CFE A4=00000100 A5=FFFF80C8 A6=00FF0BF0 A7=00FF0BDE D0=00000005 D1=00000600 D2=00000006 D3=0000FFFF D4=0000FFFF D5=000000FF D6=00000004 D7=0000424F xnzvc
00:69BE  63 06  BLS     #$06 [00:69C6]           A0=00006AA6 A1=00C00000 A2=00007357 A3=00FF2CFE A4=00000100 A5=FFFF80C8 A6=00FF0BF0 A7=00FF0BDE D0=00000005 D1=00000600 D2=00000006 D3=0000FFFF D4=0000FFFF D5=000000FF D6=00000004 D7=0000424F xnzvc
00:69C0  61 00  BSR     #$01A2 [00:6B64]         A0=00006AA6 A1=00C00000 A2=00007357 A3=00FF2CFE A4=00000100 A5=FFFF80C8 A6=00FF0BF0 A7=00FF0BDE D0=00000005 D1=00000600 D2=00000006 D3=0000FFFF D4=0000FFFF D5=000000FF D6=00000004 D7=0000424F xnzvc
00:69C4  60 F2  BRA     #$F2 [00:69B8]           A0=00006AA6 A1=00C00000 A2=00007357 A3=00FF2CFE A4=00000100 A5=FFFF80C8 A6=00FF0BF0 A7=00FF0BDE D0=00000006 D1=00000600 D2=00000006 D3=0000FFFF D4=0000FFFF D5=000000FF D6=00000004 D7=0000424F xnzvc
00:69B8  1E 1A  MOVE.B  (A2)+,D7                 A0=00006AA6 A1=00C00000 A2=00007357 A3=00FF2CFE A4=00000100 A5=FFFF80C8 A6=00FF0BF0 A7=00FF0BDE D0=00000006 D1=00000600 D2=00000006 D3=0000FFFF D4=0000FFFF D5=000000FF D6=00000004 D7=0000424F xnzvc
00:69BA  0C 07  CMPI.B  #$0C,D7                  A0=00006AA6 A1=00C00000 A2=00007358 A3=00FF2CFE A4=00000100 A5=FFFF80C8 A6=00FF0BF0 A7=00FF0BDE D0=00000006 D1=00000600 D2=00000006 D3=0000FFFF D4=0000FFFF D5=000000FF D6=00000004 D7=00004204 xnzvc
00:69BE  63 06  BLS     #$06 [00:69C6]           A0=00006AA6 A1=00C00000 A2=00007358 A3=00FF2CFE A4=00000100 A5=FFFF80C8 A6=00FF0BF0 A7=00FF0BDE D0=00000006 D1=00000600 D2=00000006 D3=0000FFFF D4=0000FFFF D5=000000FF D6=00000004 D7=00004204 xNzvC
00:69C6  70 00  MOVEQ   #$00,D0                  A0=00006AA6 A1=00C00000 A2=00007358 A3=00FF2CFE A4=00000100 A5=FFFF80C8 A6=00FF0BF0 A7=00FF0BDE D0=00000006 D1=00000600 D2=00000006 D3=0000FFFF D4=0000FFFF D5=000000FF D6=00000004 D7=00004204 xNzvC
00:69C8  10 07  MOVE.B  D7,D0                    A0=00006AA6 A1=00C00000 A2=00007358 A3=00FF2CFE A4=00000100 A5=FFFF80C8 A6=00FF0BF0 A7=00FF0BDE D0=00000000 D1=00000600 D2=00000006 D3=0000FFFF D4=0000FFFF D5=000000FF D6=00000004 D7=00004204 xnZvc
00:69CA  D0 40  ADD.W   D0,D0                    A0=00006AA6 A1=00C00000 A2=00007358 A3=00FF2CFE A4=00000100 A5=FFFF80C8 A6=00FF0BF0 A7=00FF0BDE D0=00000004 D1=00000600 D2=00000006 D3=0000FFFF D4=0000FFFF D5=000000FF D6=00000004 D7=00004204 xnzvc
00:69CC  41 FA  LEA     $000A(PC),A0             A0=00006AA6 A1=00C00000 A2=00007358 A3=00FF2CFE A4=00000100 A5=FFFF80C8 A6=00FF0BF0 A7=00FF0BDE D0=00000008 D1=00000600 D2=00000006 D3=0000FFFF D4=0000FFFF D5=000000FF D6=00000004 D7=00004204 xnzvc
00:69D0  D0 F0  ADDA.W  $00(A0,D0),A0            A0=000069D8 A1=00C00000 A2=00007358 A3=00FF2CFE A4=00000100 A5=FFFF80C8 A6=00FF0BF0 A7=00FF0BDE D0=00000008 D1=00000600 D2=00000006 D3=0000FFFF D4=0000FFFF D5=000000FF D6=00000004 D7=00004204 xnzvc
00:69D4  4E 90  JSR     (A0)                     A0=00006ABC A1=00C00000 A2=00007358 A3=00FF2CFE A4=00000100 A5=FFFF80C8 A6=00FF0BF0 A7=00FF0BDE D0=00000008 D1=00000600 D2=00000006 D3=0000FFFF D4=0000FFFF D5=000000FF D6=00000004 D7=00004204 xnzvc
00:6ABC  76 00  MOVEQ   #$00,D3                  A0=00006ABC A1=00C00000 A2=00007358 A3=00FF2CFE A4=00000100 A5=FFFF80C8 A6=00FF0BF0 A7=00FF0BDA D0=00000008 D1=00000600 D2=00000006 D3=0000FFFF D4=0000FFFF D5=000000FF D6=00000004 D7=00004204 xnzvc
00:6ABE  16 1A  MOVE.B  (A2)+,D3                 A0=00006ABC A1=00C00000 A2=00007358 A3=00FF2CFE A4=00000100 A5=FFFF80C8 A6=00FF0BF0 A7=00FF0BDA D0=00000008 D1=00000600 D2=00000006 D3=00000000 D4=0000FFFF D5=000000FF D6=00000004 D7=00004204 xnZvc
00:6AC0  1E 1A  MOVE.B  (A2)+,D7                 A0=00006ABC A1=00C00000 A2=00007359 A3=00FF2CFE A4=00000100 A5=FFFF80C8 A6=00FF0BF0 A7=00FF0BDA D0=00000008 D1=00000600 D2=00000006 D3=00000007 D4=0000FFFF D5=000000FF D6=00000004 D7=00004204 xnzvc
00:6AC2  61 00  BSR     #$001C [00:6AE0]         A0=00006ABC A1=00C00000 A2=0000735A A3=00FF2CFE A4=00000100 A5=FFFF80C8 A6=00FF0BF0 A7=00FF0BDA D0=00000008 D1=00000600 D2=00000006 D3=00000007 D4=0000FFFF D5=000000FF D6=00000004 D7=00004260 xnzvc
00:6AE0  61 00  BSR     #$0082 [00:6B64]         A0=00006ABC A1=00C00000 A2=0000735A A3=00FF2CFE A4=00000100 A5=FFFF80C8 A6=00FF0BF0 A7=00FF0BD6 D0=00000008 D1=00000600 D2=00000006 D3=00000007 D4=0000FFFF D5=000000FF D6=00000004 D7=00004260 xnzvc
00:6AE4  52 07  ADDQ.B  #1,D7                    A0=00006ABC A1=00C00000 A2=0000735A A3=00FF2CFE A4=00000100 A5=FFFF80C8 A6=00FF0BF0 A7=00FF0BD6 D0=00000007 D1=00000600 D2=00000006 D3=00000007 D4=0000FFFF D5=000000FF D6=00000004 D7=00004260 xnzvc
00:6AE6  53 43  SUBQ.W  #1,D3                    A0=00006ABC A1=00C00000 A2=0000735A A3=00FF2CFE A4=00000100 A5=FFFF80C8 A6=00FF0BF0 A7=00FF0BD6 D0=00000007 D1=00000600 D2=00000006 D3=00000007 D4=0000FFFF D5=000000FF D6=00000004 D7=00004261 xnzvc
00:6AE8  6A F6  BPL     #$F6 [00:6AE0]           A0=00006ABC A1=00C00000 A2=0000735A A3=00FF2CFE A4=00000100 A5=FFFF80C8 A6=00FF0BF0 A7=00FF0BD6 D0=00000007 D1=00000600 D2=00000006 D3=00000006 D4=0000FFFF D5=000000FF D6=00000004 D7=00004261 xnzvc
00:6AE0  61 00  BSR     #$0082 [00:6B64]         A0=00006ABC A1=00C00000 A2=0000735A A3=00FF2CFE A4=00000100 A5=FFFF80C8 A6=00FF0BF0 A7=00FF0BD6 D0=00000007 D1=00000600 D2=00000006 D3=00000006 D4=0000FFFF D5=000000FF D6=00000004 D7=00004261 xnzvc
00:6AE4  52 07  ADDQ.B  #1,D7                    A0=00006ABC A1=00C00000 A2=0000735A A3=00FF2CFE A4=00000100 A5=FFFF80C8 A6=00FF0BF0 A7=00FF0BD6 D0=00000008 D1=00000600 D2=00000006 D3=00000006 D4=0000FFFF D5=000000FF D6=00000004 D7=00004261 xnzvc
00:6AE6  53 43  SUBQ.W  #1,D3                    A0=00006ABC A1=00C00000 A2=0000735A A3=00FF2CFE A4=00000100 A5=FFFF80C8 A6=00FF0BF0 A7=00FF0BD6 D0=00000008 D1=00000600 D2=00000006 D3=00000006 D4=0000FFFF D5=000000FF D6=00000004 D7=00004262 xnzvc
00:6AE8  6A F6  BPL     #$F6 [00:6AE0]           A0=00006ABC A1=00C00000 A2=0000735A A3=00FF2CFE A4=00000100 A5=FFFF80C8 A6=00FF0BF0 A7=00FF0BD6 D0=00000008 D1=00000600 D2=00000006 D3=00000005 D4=0000FFFF D5=000000FF D6=00000004 D7=00004262 xnzvc
00:6AE0  61 00  BSR     #$0082 [00:6B64]         A0=00006ABC A1=00C00000 A2=0000735A A3=00FF2CFE A4=00000100 A5=FFFF80C8 A6=00FF0BF0 A7=00FF0BD6 D0=00000008 D1=00000600 D2=00000006 D3=00000005 D4=0000FFFF D5=000000FF D6=00000004 D7=00004262 xnzvc
00:6AE4  52 07  ADDQ.B  #1,D7                    A0=00006ABC A1=00C00000 A2=0000735A A3=00FF2CFE A4=00000100 A5=FFFF80C8 A6=00FF0BF0 A7=00FF0BD6 D0=00000009 D1=00000600 D2=00000006 D3=00000005 D4=0000FFFF D5=000000FF D6=00000004 D7=00004262 xnzvc
00:6AE6  53 43  SUBQ.W  #1,D3                    A0=00006ABC A1=00C00000 A2=0000735A A3=00FF2CFE A4=00000100 A5=FFFF80C8 A6=00FF0BF0 A7=00FF0BD6 D0=00000009 D1=00000600 D2=00000006 D3=00000005 D4=0000FFFF D5=000000FF D6=00000004 D7=00004263 xnzvc
00:6AE8  6A F6  BPL     #$F6 [00:6AE0]           A0=00006ABC A1=00C00000 A2=0000735A A3=00FF2CFE A4=00000100 A5=FFFF80C8 A6=00FF0BF0 A7=00FF0BD6 D0=00000009 D1=00000600 D2=00000006 D3=00000004 D4=0000FFFF D5=000000FF D6=00000004 D7=00004263 xnzvc
00:6AE0  61 00  BSR     #$0082 [00:6B64]         A0=00006ABC A1=00C00000 A2=0000735A A3=00FF2CFE A4=00000100 A5=FFFF80C8 A6=00FF0BF0 A7=00FF0BD6 D0=00000009 D1=00000600 D2=00000006 D3=00000004 D4=0000FFFF D5=000000FF D6=00000004 D7=00004263 xnzvc
00:6AE4  52 07  ADDQ.B  #1,D7                    A0=00006ABC A1=00C00000 A2=0000735A A3=00FF2CFE A4=00000100 A5=FFFF80C8 A6=00FF0BF0 A7=00FF0BD6 D0=0000000A D1=00000600 D2=00000006 D3=00000004 D4=0000FFFF D5=000000FF D6=00000004 D7=00004263 xnzvc
00:6AE6  53 43  SUBQ.W  #1,D3                    A0=00006ABC A1=00C00000 A2=0000735A A3=00FF2CFE A4=00000100 A5=FFFF80C8 A6=00FF0BF0 A7=00FF0BD6 D0=0000000A D1=00000600 D2=00000006 D3=00000004 D4=0000FFFF D5=000000FF D6=00000004 D7=00004264 xnzvc
00:6AE8  6A F6  BPL     #$F6 [00:6AE0]           A0=00006ABC A1=00C00000 A2=0000735A A3=00FF2CFE A4=00000100 A5=FFFF80C8 A6=00FF0BF0 A7=00FF0BD6 D0=0000000A D1=00000600 D2=00000006 D3=00000003 D4=0000FFFF D5=000000FF D6=00000004 D7=00004264 xnzvc
00:6AEA  4E 75  RTS                              A0=00006ABC A1=00C00000 A2=0000735A A3=00FF2CFE A4=00000100 A5=FFFF80C8 A6=00FF0BF0 A7=00FF0BD6 D0=0000000E D1=00000600 D2=00000006 D3=0000FFFF D4=0000FFFF D5=000000FF D6=00000004 D7=00004268 XNzvC
00:6AC6  4E 75  RTS                              A0=00006ABC A1=00C00000 A2=0000735A A3=00FF2CFE A4=00000100 A5=FFFF80C8 A6=00FF0BF0 A7=00FF0BDA D0=0000000E D1=00000600 D2=00000006 D3=0000FFFF D4=0000FFFF D5=000000FF D6=00000004 D7=00004268 XNzvC
00:69D6  60 E0  BRA     #$E0 [00:69B8]           A0=00006ABC A1=00C00000 A2=0000735A A3=00FF2CFE A4=00000100 A5=FFFF80C8 A6=00FF0BF0 A7=00FF0BDE D0=0000000E D1=00000600 D2=00000006 D3=0000FFFF D4=0000FFFF D5=000000FF D6=00000004 D7=00004268 XNzvC
00:69B8  1E 1A  MOVE.B  (A2)+,D7                 A0=00006ABC A1=00C00000 A2=0000735A A3=00FF2CFE A4=00000100 A5=FFFF80C8 A6=00FF0BF0 A7=00FF0BDE D0=0000000E D1=00000600 D2=00000006 D3=0000FFFF D4=0000FFFF D5=000000FF D6=00000004 D7=00004268 XNzvC
00:69BA  0C 07  CMPI.B  #$0C,D7                  A0=00006ABC A1=00C00000 A2=0000735B A3=00FF2CFE A4=00000100 A5=FFFF80C8 A6=00FF0BF0 A7=00FF0BDE D0=0000000E D1=00000600 D2=00000006 D3=0000FFFF D4=0000FFFF D5=000000FF D6=00000004 D7=0000420A Xnzvc
00:69BE  63 06  BLS     #$06 [00:69C6]           A0=00006ABC A1=00C00000 A2=0000735B A3=00FF2CFE A4=00000100 A5=FFFF80C8 A6=00FF0BF0 A7=00FF0BDE D0=0000000E D1=00000600 D2=00000006 D3=0000FFFF D4=0000FFFF D5=000000FF D6=00000004 D7=0000420A XNzvC
00:69C6  70 00  MOVEQ   #$00,D0                  A0=00006ABC A1=00C00000 A2=0000735B A3=00FF2CFE A4=00000100 A5=FFFF80C8 A6=00FF0BF0 A7=00FF0BDE D0=0000000E D1=00000600 D2=00000006 D3=0000FFFF D4=0000FFFF D5=000000FF D6=00000004 D7=0000420A XNzvC
00:69C8  10 07  MOVE.B  D7,D0                    A0=00006ABC A1=00C00000 A2=0000735B A3=00FF2CFE A4=00000100 A5=FFFF80C8 A6=00FF0BF0 A7=00FF0BDE D0=00000000 D1=00000600 D2=00000006 D3=0000FFFF D4=0000FFFF D5=000000FF D6=00000004 D7=0000420A XnZvc
00:69CA  D0 40  ADD.W   D0,D0                    A0=00006ABC A1=00C00000 A2=0000735B A3=00FF2CFE A4=00000100 A5=FFFF80C8 A6=00FF0BF0 A7=00FF0BDE D0=0000000A D1=00000600 D2=00000006 D3=0000FFFF D4=0000FFFF D5=000000FF D6=00000004 D7=0000420A Xnzvc
00:69CC  41 FA  LEA     $000A(PC),A0             A0=00006ABC A1=00C00000 A2=0000735B A3=00FF2CFE A4=00000100 A5=FFFF80C8 A6=00FF0BF0 A7=00FF0BDE D0=00000014 D1=00000600 D2=00000006 D3=0000FFFF D4=0000FFFF D5=000000FF D6=00000004 D7=0000420A xnzvc
00:69D0  D0 F0  ADDA.W  $00(A0,D0),A0            A0=000069D8 A1=00C00000 A2=0000735B A3=00FF2CFE A4=00000100 A5=FFFF80C8 A6=00FF0BF0 A7=00FF0BDE D0=00000014 D1=00000600 D2=00000006 D3=0000FFFF D4=0000FFFF D5=000000FF D6=00000004 D7=0000420A xnzvc
00:69D4  4E 90  JSR     (A0)                     A0=00006B1C A1=00C00000 A2=0000735B A3=00FF2CFE A4=00000100 A5=FFFF80C8 A6=00FF0BF0 A7=00FF0BDE D0=00000014 D1=00000600 D2=00000006 D3=0000FFFF D4=0000FFFF D5=000000FF D6=00000004 D7=0000420A xnzvc
00:6B1C  76 00  MOVEQ   #$00,D3                  A0=00006B1C A1=00C00000 A2=0000735B A3=00FF2CFE A4=00000100 A5=FFFF80C8 A6=00FF0BF0 A7=00FF0BDA D0=00000014 D1=00000600 D2=00000006 D3=0000FFFF D4=0000FFFF D5=000000FF D6=00000004 D7=0000420A xnzvc
00:6B1E  16 1A  MOVE.B  (A2)+,D3                 A0=00006B1C A1=00C00000 A2=0000735B A3=00FF2CFE A4=00000100 A5=FFFF80C8 A6=00FF0BF0 A7=00FF0BDA D0=00000014 D1=00000600 D2=00000006 D3=00000000 D4=0000FFFF D5=000000FF D6=00000004 D7=0000420A xnZvc
00:6B20  48 47  SWAP.W  D7                       A0=00006B1C A1=00C00000 A2=0000735C A3=00FF2CFE A4=00000100 A5=FFFF80C8 A6=00FF0BF0 A7=00FF0BDA D0=00000014 D1=00000600 D2=00000006 D3=00000015 D4=0000FFFF D5=000000FF D6=00000004 D7=0000420A xnzvc
00:6B22  42 47  CLR.W   D7                       A0=00006B1C A1=00C00000 A2=0000735C A3=00FF2CFE A4=00000100 A5=FFFF80C8 A6=00FF0BF0 A7=00FF0BDA D0=00000014 D1=00000600 D2=00000006 D3=00000015 D4=0000FFFF D5=000000FF D6=00000004 D7=420A0000 xnzvc
00:6B6C  1D 6E  MOVE.B  $FFF6(A6),$FFF4(A6)      A0=00006B1C A1=00C00000 A2=0000735C A3=00FF2CFE A4=00000100 A5=FFFF80C8 A6=00FF0BF0 A7=00FF0BD6 D0=0000001F D1=00000600 D2=00000006 D3=00000004 D4=0000FFFF D5=000000FF D6=00000004 D7=420A0000 XNzvC
00:6B72  60 C6  BRA     #$C6 [00:6B3A]           A0=00006B1C A1=00C00000 A2=0000735C A3=00FF2CFE A4=00000100 A5=FFFF80C8 A6=00FF0BF0 A7=00FF0BD6 D0=0000001F D1=00000600 D2=00000006 D3=00000004 D4=0000FFFF D5=000000FF D6=00000004 D7=420A0000 Xnzvc
00:6B3A  30 2E  MOVE.W  $FFFA(A6),D0             A0=00006B1C A1=00C00000 A2=0000735C A3=00FF2CFE A4=00000100 A5=FFFF80C8 A6=00FF0BF0 A7=00FF0BD6 D0=0000001F D1=00000600 D2=00000006 D3=00000004 D4=0000FFFF D5=000000FF D6=00000004 D7=420A0000 Xnzvc
00:6B3E  32 2E  MOVE.W  $FFFC(A6),D1             A0=00006B1C A1=00C00000 A2=0000735C A3=00FF2CFE A4=00000100 A5=FFFF80C8 A6=00FF0BF0 A7=00FF0BD6 D0=00000000 D1=00000600 D2=00000006 D3=00000004 D4=0000FFFF D5=000000FF D6=00000004 D7=420A0000 XnZvc
00:6B42  52 41  ADDQ.W  #1,D1                    A0=00006B1C A1=00C00000 A2=0000735C A3=00FF2CFE A4=00000100 A5=FFFF80C8 A6=00FF0BF0 A7=00FF0BD6 D0=00000000 D1=0000000C D2=00000006 D3=00000004 D4=0000FFFF D5=000000FF D6=00000004 D7=420A0000 Xnzvc
00:6B44  B2 78  CMP.W   ($8A72),D1               A0=00006B1C A1=00C00000 A2=0000735C A3=00FF2CFE A4=00000100 A5=FFFF80C8 A6=00FF0BF0 A7=00FF0BD6 D0=00000000 D1=0000000D D2=00000006 D3=00000004 D4=0000FFFF D5=000000FF D6=00000004 D7=420A0000 xnzvc
00:6B48  65 02  BCS     #$02 [00:6B4C]           A0=00006B1C A1=00C00000 A2=0000735C A3=00FF2CFE A4=00000100 A5=FFFF80C8 A6=00FF0BF0 A7=00FF0BD6 D0=00000000 D1=0000000D D2=00000006 D3=00000004 D4=0000FFFF D5=000000FF D6=00000004 D7=420A0000 xNzvC
00:6B4C  3D 41  MOVE.W  D1,$FFFC(A6)             A0=00006B1C A1=00C00000 A2=0000735C A3=00FF2CFE A4=00000100 A5=FFFF80C8 A6=00FF0BF0 A7=00FF0BD6 D0=00000000 D1=0000000D D2=00000006 D3=00000004 D4=0000FFFF D5=000000FF D6=00000004 D7=420A0000 xNzvC
00:6B50  3D 40  MOVE.W  D0,$FFFE(A6)             A0=00006B1C A1=00C00000 A2=0000735C A3=00FF2CFE A4=00000100 A5=FFFF80C8 A6=00FF0BF0 A7=00FF0BD6 D0=00000000 D1=0000000D D2=00000006 D3=00000004 D4=0000FFFF D5=000000FF D6=00000004 D7=420A0000 xnzvc
00:6B54  61 00  BSR     #$FF46 [00:6A9C]         A0=00006B1C A1=00C00000 A2=0000735C A3=00FF2CFE A4=00000100 A5=FFFF80C8 A6=00FF0BF0 A7=00FF0BD6 D0=00000000 D1=0000000D D2=00000006 D3=00000004 D4=0000FFFF D5=000000FF D6=00000004 D7=420A0000 xnZvc
00:6A9C  4E B8  JSR     ($05CA)                  A0=00006B1C A1=00C00000 A2=0000735C A3=00FF2CFE A4=00000100 A5=FFFF80C8 A6=00FF0BF0 A7=00FF0BD2 D0=00000000 D1=0000000D D2=00000006 D3=00000004 D4=0000FFFF D5=000000FF D6=00000004 D7=420A0000 xnZvc
00:05CA  D0 40  ADD.W   D0,D0                    A0=00006B1C A1=00C00000 A2=0000735C A3=00FF2CFE A4=00000100 A5=FFFF80C8 A6=00FF0BF0 A7=00FF0BCE D0=00000000 D1=0000000D D2=00000006 D3=00000004 D4=0000FFFF D5=000000FF D6=00000004 D7=420A0000 xnZvc
00:05CC  D2 41  ADD.W   D1,D1                    A0=00006B1C A1=00C00000 A2=0000735C A3=00FF2CFE A4=00000100 A5=FFFF80C8 A6=00FF0BF0 A7=00FF0BCE D0=00000000 D1=0000000D D2=00000006 D3=00000004 D4=0000FFFF D5=000000FF D6=00000004 D7=420A0000 xnZvc
00:05CE  14 38  MOVE.B  ($8A8A),D2               A0=00006B1C A1=00C00000 A2=0000735C A3=00FF2CFE A4=00000100 A5=FFFF80C8 A6=00FF0BF0 A7=00FF0BCE D0=00000000 D1=0000001A D2=00000006 D3=00000004 D4=0000FFFF D5=000000FF D6=00000004 D7=420A0000 xnzvc
00:05D2  E5 61  ASL.W   D2,D1                    A0=00006B1C A1=00C00000 A2=0000735C A3=00FF2CFE A4=00000100 A5=FFFF80C8 A6=00FF0BF0 A7=00FF0BCE D0=00000000 D1=0000001A D2=00000006 D3=00000004 D4=0000FFFF D5=000000FF D6=00000004 D7=420A0000 xnzvc
00:05D4  D0 41  ADD.W   D1,D0                    A0=00006B1C A1=00C00000 A2=0000735C A3=00FF2CFE A4=00000100 A5=FFFF80C8 A6=00FF0BF0 A7=00FF0BCE D0=00000000 D1=00000680 D2=00000006 D3=00000004 D4=0000FFFF D5=000000FF D6=00000004 D7=420A0000 xnzvc
00:05D6  4E 75  RTS                              A0=00006B1C A1=00C00000 A2=0000735C A3=00FF2CFE A4=00000100 A5=FFFF80C8 A6=00FF0BF0 A7=00FF0BCE D0=00000680 D1=00000680 D2=00000006 D3=00000004 D4=0000FFFF D5=000000FF D6=00000004 D7=420A0000 xnzvc
00:6AA0  D0 6E  ADD.W   $FFF2(A6),D0             A0=00006B1C A1=00C00000 A2=0000735C A3=00FF2CFE A4=00000100 A5=FFFF80C8 A6=00FF0BF0 A7=00FF0BD2 D0=00000680 D1=00000680 D2=00000006 D3=00000004 D4=0000FFFF D5=000000FF D6=00000004 D7=420A0000 xnzvc
00:6AA4  4E 75  RTS                              A0=00006B1C A1=00C00000 A2=0000735C A3=00FF2CFE A4=00000100 A5=FFFF80C8 A6=00FF0BF0 A7=00FF0BD2 D0=0000C680 D1=00000680 D2=00000006 D3=00000004 D4=0000FFFF D5=000000FF D6=00000004 D7=420A0000 xNzvc
00:6B58  4E B8  JSR     ($05A0)                  A0=00006B1C A1=00C00000 A2=0000735C A3=00FF2CFE A4=00000100 A5=FFFF80C8 A6=00FF0BF0 A7=00FF0BD6 D0=0000C680 D1=00000680 D2=00000006 D3=00000004 D4=0000FFFF D5=000000FF D6=00000004 D7=420A0000 xNzvc
00:05A0  E5 80  ASL.L   #2,D0                    A0=00006B1C A1=00C00000 A2=0000735C A3=00FF2CFE A4=00000100 A5=FFFF80C8 A6=00FF0BF0 A7=00FF0BD2 D0=0000C680 D1=00000680 D2=00000006 D3=00000004 D4=0000FFFF D5=000000FF D6=00000004 D7=420A0000 xNzvc
00:05A2  E4 48  LSR.W   #2,D0                    A0=00006B1C A1=00C00000 A2=0000735C A3=00FF2CFE A4=00000100 A5=FFFF80C8 A6=00FF0BF0 A7=00FF0BD2 D0=00031A00 D1=00000680 D2=00000006 D3=00000004 D4=0000FFFF D5=000000FF D6=00000004 D7=420A0000 xnzvc
00:05A4  00 40  ORI.W   #$4000,D0                A0=00006B1C A1=00C00000 A2=0000735C A3=00FF2CFE A4=00000100 A5=FFFF80C8 A6=00FF0BF0 A7=00FF0BD2 D0=00030680 D1=00000680 D2=00000006 D3=00000004 D4=0000FFFF D5=000000FF D6=00000004 D7=420A0000 xnzvc
00:05A8  48 40  SWAP.W  D0                       A0=00006B1C A1=00C00000 A2=0000735C A3=00FF2CFE A4=00000100 A5=FFFF80C8 A6=00FF0BF0 A7=00FF0BD2 D0=00034680 D1=00000680 D2=00000006 D3=00000004 D4=0000FFFF D5=000000FF D6=00000004 D7=420A0000 xnzvc
00:05AA  02 40  ANDI.W  #$0003,D0                A0=00006B1C A1=00C00000 A2=0000735C A3=00FF2CFE A4=00000100 A5=FFFF80C8 A6=00FF0BF0 A7=00FF0BD2 D0=46800003 D1=00000680 D2=00000006 D3=00000004 D4=0000FFFF D5=000000FF D6=00000004 D7=420A0000 xnzvc
00:05AE  23 C0  MOVE.L  D0,($00C00004)           A0=00006B1C A1=00C00000 A2=0000735C A3=00FF2CFE A4=00000100 A5=FFFF80C8 A6=00FF0BF0 A7=00FF0BD2 D0=46800003 D1=00000680 D2=00000006 D3=00000004 D4=0000FFFF D5=000000FF D6=00000004 D7=420A0000 xnzvc
00:05B4  4E 75  RTS                              A0=00006B1C A1=00C00000 A2=0000735C A3=00FF2CFE A4=00000100 A5=FFFF80C8 A6=00FF0BF0 A7=00FF0BD2 D0=46800003 D1=00000680 D2=00000006 D3=00000004 D4=0000FFFF D5=000000FF D6=00000004 D7=420A0000 xnzvc
00:6B5C  43 F9  LEA     ($00C00000),A1           A0=00006B1C A1=00C00000 A2=0000735C A3=00FF2CFE A4=00000100 A5=FFFF80C8 A6=00FF0BF0 A7=00FF0BD6 D0=46800003 D1=00000680 D2=00000006 D3=00000004 D4=0000FFFF D5=000000FF D6=00000004 D7=420A0000 xnzvc
00:6B62  4E 75  RTS                              A0=00006B1C A1=00C00000 A2=0000735C A3=00FF2CFE A4=00000100 A5=FFFF80C8 A6=00FF0BF0 A7=00FF0BD6 D0=46800003 D1=00000680 D2=00000006 D3=00000004 D4=0000FFFF D5=000000FF D6=00000004 D7=420A0000 xnzvc
00:6B2C  48 47  SWAP.W  D7                       A0=00006B1C A1=00C00000 A2=0000735C A3=00FF2CFE A4=00000100 A5=FFFF80C8 A6=00FF0BF0 A7=00FF0BDA D0=46800004 D1=00000680 D2=00000006 D3=0000FFFF D4=0000FFFF D5=000000FF D6=00000004 D7=420A0000 XNzvC
00:6B2E  4E 75  RTS                              A0=00006B1C A1=00C00000 A2=0000735C A3=00FF2CFE A4=00000100 A5=FFFF80C8 A6=00FF0BF0 A7=00FF0BDA D0=46800004 D1=00000680 D2=00000006 D3=0000FFFF D4=0000FFFF D5=000000FF D6=00000004 D7=0000420A Xnzvc
00:69D6  60 E0  BRA     #$E0 [00:69B8]           A0=00006B1C A1=00C00000 A2=0000735C A3=00FF2CFE A4=00000100 A5=FFFF80C8 A6=00FF0BF0 A7=00FF0BDE D0=46800004 D1=00000680 D2=00000006 D3=0000FFFF D4=0000FFFF D5=000000FF D6=00000004 D7=0000420A Xnzvc
00:69B8  1E 1A  MOVE.B  (A2)+,D7                 A0=00006B1C A1=00C00000 A2=0000735C A3=00FF2CFE A4=00000100 A5=FFFF80C8 A6=00FF0BF0 A7=00FF0BDE D0=46800004 D1=00000680 D2=00000006 D3=0000FFFF D4=0000FFFF D5=000000FF D6=00000004 D7=0000420A Xnzvc
00:69BA  0C 07  CMPI.B  #$0C,D7                  A0=00006B1C A1=00C00000 A2=0000735D A3=00FF2CFE A4=00000100 A5=FFFF80C8 A6=00FF0BF0 A7=00FF0BDE D0=46800004 D1=00000680 D2=00000006 D3=0000FFFF D4=0000FFFF D5=000000FF D6=00000004 D7=00004202 Xnzvc
00:69BE  63 06  BLS     #$06 [00:69C6]           A0=00006B1C A1=00C00000 A2=0000735D A3=00FF2CFE A4=00000100 A5=FFFF80C8 A6=00FF0BF0 A7=00FF0BDE D0=46800004 D1=00000680 D2=00000006 D3=0000FFFF D4=0000FFFF D5=000000FF D6=00000004 D7=00004202 XNzvC
00:69C6  70 00  MOVEQ   #$00,D0                  A0=00006B1C A1=00C00000 A2=0000735D A3=00FF2CFE A4=00000100 A5=FFFF80C8 A6=00FF0BF0 A7=00FF0BDE D0=46800004 D1=00000680 D2=00000006 D3=0000FFFF D4=0000FFFF D5=000000FF D6=00000004 D7=00004202 XNzvC
00:69C8  10 07  MOVE.B  D7,D0                    A0=00006B1C A1=00C00000 A2=0000735D A3=00FF2CFE A4=00000100 A5=FFFF80C8 A6=00FF0BF0 A7=00FF0BDE D0=00000000 D1=00000680 D2=00000006 D3=0000FFFF D4=0000FFFF D5=000000FF D6=00000004 D7=00004202 XnZvc
00:69CA  D0 40  ADD.W   D0,D0                    A0=00006B1C A1=00C00000 A2=0000735D A3=00FF2CFE A4=00000100 A5=FFFF80C8 A6=00FF0BF0 A7=00FF0BDE D0=00000002 D1=00000680 D2=00000006 D3=0000FFFF D4=0000FFFF D5=000000FF D6=00000004 D7=00004202 Xnzvc
00:69CC  41 FA  LEA     $000A(PC),A0             A0=00006B1C A1=00C00000 A2=0000735D A3=00FF2CFE A4=00000100 A5=FFFF80C8 A6=00FF0BF0 A7=00FF0BDE D0=00000004 D1=00000680 D2=00000006 D3=0000FFFF D4=0000FFFF D5=000000FF D6=00000004 D7=00004202 xnzvc
00:69D0  D0 F0  ADDA.W  $00(A0,D0),A0            A0=000069D8 A1=00C00000 A2=0000735D A3=00FF2CFE A4=00000100 A5=FFFF80C8 A6=00FF0BF0 A7=00FF0BDE D0=00000004 D1=00000680 D2=00000006 D3=0000FFFF D4=0000FFFF D5=000000FF D6=00000004 D7=00004202 xnzvc
00:69D4  4E 90  JSR     (A0)                     A0=00006AA6 A1=00C00000 A2=0000735D A3=00FF2CFE A4=00000100 A5=FFFF80C8 A6=00FF0BF0 A7=00FF0BDE D0=00000004 D1=00000680 D2=00000006 D3=0000FFFF D4=0000FFFF D5=000000FF D6=00000004 D7=00004202 xnzvc
00:6AA6  1E 1A  MOVE.B  (A2)+,D7                 A0=00006AA6 A1=00C00000 A2=0000735D A3=00FF2CFE A4=00000100 A5=FFFF80C8 A6=00FF0BF0 A7=00FF0BDA D0=00000004 D1=00000680 D2=00000006 D3=0000FFFF D4=0000FFFF D5=000000FF D6=00000004 D7=00004202 xnzvc
00:6AA8  E1 47  ASL.W   #8,D7                    A0=00006AA6 A1=00C00000 A2=0000735E A3=00FF2CFE A4=00000100 A5=FFFF80C8 A6=00FF0BF0 A7=00FF0BDA D0=00000004 D1=00000680 D2=00000006 D3=0000FFFF D4=0000FFFF D5=000000FF D6=00000004 D7=00004242 xnzvc
00:6AAA  4E 75  RTS                              A0=00006AA6 A1=00C00000 A2=0000735E A3=00FF2CFE A4=00000100 A5=FFFF80C8 A6=00FF0BF0 A7=00FF0BDA D0=00000004 D1=00000680 D2=00000006 D3=0000FFFF D4=0000FFFF D5=000000FF D6=00000004 D7=00004200 xnzVc
00:69D6  60 E0  BRA     #$E0 [00:69B8]           A0=00006AA6 A1=00C00000 A2=0000735E A3=00FF2CFE A4=00000100 A5=FFFF80C8 A6=00FF0BF0 A7=00FF0BDE D0=00000004 D1=00000680 D2=00000006 D3=0000FFFF D4=0000FFFF D5=000000FF D6=00000004 D7=00004200 xnzVc
00:69B8  1E 1A  MOVE.B  (A2)+,D7                 A0=00006AA6 A1=00C00000 A2=0000735E A3=00FF2CFE A4=00000100 A5=FFFF80C8 A6=00FF0BF0 A7=00FF0BDE D0=00000004 D1=00000680 D2=00000006 D3=0000FFFF D4=0000FFFF D5=000000FF D6=00000004 D7=00004200 xnzVc
00:69BA  0C 07  CMPI.B  #$0C,D7                  A0=00006AA6 A1=00C00000 A2=0000735F A3=00FF2CFE A4=00000100 A5=FFFF80C8 A6=00FF0BF0 A7=00FF0BDE D0=00000004 D1=00000680 D2=00000006 D3=0000FFFF D4=0000FFFF D5=000000FF D6=00000004 D7=0000425E xnzvc
00:69BE  63 06  BLS     #$06 [00:69C6]           A0=00006AA6 A1=00C00000 A2=0000735F A3=00FF2CFE A4=00000100 A5=FFFF80C8 A6=00FF0BF0 A7=00FF0BDE D0=00000004 D1=00000680 D2=00000006 D3=0000FFFF D4=0000FFFF D5=000000FF D6=00000004 D7=0000425E xnzvc
00:69C0  61 00  BSR     #$01A2 [00:6B64]         A0=00006AA6 A1=00C00000 A2=0000735F A3=00FF2CFE A4=00000100 A5=FFFF80C8 A6=00FF0BF0 A7=00FF0BDE D0=00000004 D1=00000680 D2=00000006 D3=0000FFFF D4=0000FFFF D5=000000FF D6=00000004 D7=0000425E xnzvc
00:69C4  60 F2  BRA     #$F2 [00:69B8]           A0=00006AA6 A1=00C00000 A2=0000735F A3=00FF2CFE A4=00000100 A5=FFFF80C8 A6=00FF0BF0 A7=00FF0BDE D0=00000005 D1=00000680 D2=00000006 D3=0000FFFF D4=0000FFFF D5=000000FF D6=00000004 D7=0000425E xnzvc
00:69B8  1E 1A  MOVE.B  (A2)+,D7                 A0=00006AA6 A1=00C00000 A2=0000735F A3=00FF2CFE A4=00000100 A5=FFFF80C8 A6=00FF0BF0 A7=00FF0BDE D0=00000005 D1=00000680 D2=00000006 D3=0000FFFF D4=0000FFFF D5=000000FF D6=00000004 D7=0000425E xnzvc
00:69BA  0C 07  CMPI.B  #$0C,D7                  A0=00006AA6 A1=00C00000 A2=00007360 A3=00FF2CFE A4=00000100 A5=FFFF80C8 A6=00FF0BF0 A7=00FF0BDE D0=00000005 D1=00000680 D2=00000006 D3=0000FFFF D4=0000FFFF D5=000000FF D6=00000004 D7=0000425F xnzvc
00:69BE  63 06  BLS     #$06 [00:69C6]           A0=00006AA6 A1=00C00000 A2=00007360 A3=00FF2CFE A4=00000100 A5=FFFF80C8 A6=00FF0BF0 A7=00FF0BDE D0=00000005 D1=00000680 D2=00000006 D3=0000FFFF D4=0000FFFF D5=000000FF D6=00000004 D7=0000425F xnzvc
00:69C0  61 00  BSR     #$01A2 [00:6B64]         A0=00006AA6 A1=00C00000 A2=00007360 A3=00FF2CFE A4=00000100 A5=FFFF80C8 A6=00FF0BF0 A7=00FF0BDE D0=00000005 D1=00000680 D2=00000006 D3=0000FFFF D4=0000FFFF D5=000000FF D6=00000004 D7=0000425F xnzvc
00:69C4  60 F2  BRA     #$F2 [00:69B8]           A0=00006AA6 A1=00C00000 A2=00007360 A3=00FF2CFE A4=00000100 A5=FFFF80C8 A6=00FF0BF0 A7=00FF0BDE D0=00000006 D1=00000680 D2=00000006 D3=0000FFFF D4=0000FFFF D5=000000FF D6=00000004 D7=0000425F xnzvc
00:69B8  1E 1A  MOVE.B  (A2)+,D7                 A0=00006AA6 A1=00C00000 A2=00007360 A3=00FF2CFE A4=00000100 A5=FFFF80C8 A6=00FF0BF0 A7=00FF0BDE D0=00000006 D1=00000680 D2=00000006 D3=0000FFFF D4=0000FFFF D5=000000FF D6=00000004 D7=0000425F xnzvc
00:69BA  0C 07  CMPI.B  #$0C,D7                  A0=00006AA6 A1=00C00000 A2=00007361 A3=00FF2CFE A4=00000100 A5=FFFF80C8 A6=00FF0BF0 A7=00FF0BDE D0=00000006 D1=00000680 D2=00000006 D3=0000FFFF D4=0000FFFF D5=000000FF D6=00000004 D7=00004204 xnzvc
00:69BE  63 06  BLS     #$06 [00:69C6]           A0=00006AA6 A1=00C00000 A2=00007361 A3=00FF2CFE A4=00000100 A5=FFFF80C8 A6=00FF0BF0 A7=00FF0BDE D0=00000006 D1=00000680 D2=00000006 D3=0000FFFF D4=0000FFFF D5=000000FF D6=00000004 D7=00004204 xNzvC
00:69C6  70 00  MOVEQ   #$00,D0                  A0=00006AA6 A1=00C00000 A2=00007361 A3=00FF2CFE A4=00000100 A5=FFFF80C8 A6=00FF0BF0 A7=00FF0BDE D0=00000006 D1=00000680 D2=00000006 D3=0000FFFF D4=0000FFFF D5=000000FF D6=00000004 D7=00004204 xNzvC
00:69C8  10 07  MOVE.B  D7,D0                    A0=00006AA6 A1=00C00000 A2=00007361 A3=00FF2CFE A4=00000100 A5=FFFF80C8 A6=00FF0BF0 A7=00FF0BDE D0=00000000 D1=00000680 D2=00000006 D3=0000FFFF D4=0000FFFF D5=000000FF D6=00000004 D7=00004204 xnZvc
00:69CA  D0 40  ADD.W   D0,D0                    A0=00006AA6 A1=00C00000 A2=00007361 A3=00FF2CFE A4=00000100 A5=FFFF80C8 A6=00FF0BF0 A7=00FF0BDE D0=00000004 D1=00000680 D2=00000006 D3=0000FFFF D4=0000FFFF D5=000000FF D6=00000004 D7=00004204 xnzvc
00:69CC  41 FA  LEA     $000A(PC),A0             A0=00006AA6 A1=00C00000 A2=00007361 A3=00FF2CFE A4=00000100 A5=FFFF80C8 A6=00FF0BF0 A7=00FF0BDE D0=00000008 D1=00000680 D2=00000006 D3=0000FFFF D4=0000FFFF D5=000000FF D6=00000004 D7=00004204 xnzvc
00:69D0  D0 F0  ADDA.W  $00(A0,D0),A0            A0=000069D8 A1=00C00000 A2=00007361 A3=00FF2CFE A4=00000100 A5=FFFF80C8 A6=00FF0BF0 A7=00FF0BDE D0=00000008 D1=00000680 D2=00000006 D3=0000FFFF D4=0000FFFF D5=000000FF D6=00000004 D7=00004204 xnzvc
00:69D4  4E 90  JSR     (A0)                     A0=00006ABC A1=00C00000 A2=00007361 A3=00FF2CFE A4=00000100 A5=FFFF80C8 A6=00FF0BF0 A7=00FF0BDE D0=00000008 D1=00000680 D2=00000006 D3=0000FFFF D4=0000FFFF D5=000000FF D6=00000004 D7=00004204 xnzvc
00:6ABC  76 00  MOVEQ   #$00,D3                  A0=00006ABC A1=00C00000 A2=00007361 A3=00FF2CFE A4=00000100 A5=FFFF80C8 A6=00FF0BF0 A7=00FF0BDA D0=00000008 D1=00000680 D2=00000006 D3=0000FFFF D4=0000FFFF D5=000000FF D6=00000004 D7=00004204 xnzvc
00:6ABE  16 1A  MOVE.B  (A2)+,D3                 A0=00006ABC A1=00C00000 A2=00007361 A3=00FF2CFE A4=00000100 A5=FFFF80C8 A6=00FF0BF0 A7=00FF0BDA D0=00000008 D1=00000680 D2=00000006 D3=00000000 D4=0000FFFF D5=000000FF D6=00000004 D7=00004204 xnZvc
00:6AC0  1E 1A  MOVE.B  (A2)+,D7                 A0=00006ABC A1=00C00000 A2=00007362 A3=00FF2CFE A4=00000100 A5=FFFF80C8 A6=00FF0BF0 A7=00FF0BDA D0=00000008 D1=00000680 D2=00000006 D3=00000007 D4=0000FFFF D5=000000FF D6=00000004 D7=00004204 xnzvc
00:6AC2  61 00  BSR     #$001C [00:6AE0]         A0=00006ABC A1=00C00000 A2=00007363 A3=00FF2CFE A4=00000100 A5=FFFF80C8 A6=00FF0BF0 A7=00FF0BDA D0=00000008 D1=00000680 D2=00000006 D3=00000007 D4=0000FFFF D5=000000FF D6=00000004 D7=00004270 xnzvc
00:6AEA  4E 75  RTS                              A0=00006ABC A1=00C00000 A2=00007363 A3=00FF2CFE A4=00000100 A5=FFFF80C8 A6=00FF0BF0 A7=00FF0BD6 D0=0000000E D1=00000680 D2=00000006 D3=0000FFFF D4=0000FFFF D5=000000FF D6=00000004 D7=00004278 XNzvC
00:6AC6  4E 75  RTS                              A0=00006ABC A1=00C00000 A2=00007363 A3=00FF2CFE A4=00000100 A5=FFFF80C8 A6=00FF0BF0 A7=00FF0BDA D0=0000000E D1=00000680 D2=00000006 D3=0000FFFF D4=0000FFFF D5=000000FF D6=00000004 D7=00004278 XNzvC
00:69D6  60 E0  BRA     #$E0 [00:69B8]           A0=00006ABC A1=00C00000 A2=00007363 A3=00FF2CFE A4=00000100 A5=FFFF80C8 A6=00FF0BF0 A7=00FF0BDE D0=0000000E D1=00000680 D2=00000006 D3=0000FFFF D4=0000FFFF D5=000000FF D6=00000004 D7=00004278 XNzvC
00:69B8  1E 1A  MOVE.B  (A2)+,D7                 A0=00006ABC A1=00C00000 A2=00007363 A3=00FF2CFE A4=00000100 A5=FFFF80C8 A6=00FF0BF0 A7=00FF0BDE D0=0000000E D1=00000680 D2=00000006 D3=0000FFFF D4=0000FFFF D5=000000FF D6=00000004 D7=00004278 XNzvC
00:69BA  0C 07  CMPI.B  #$0C,D7                  A0=00006ABC A1=00C00000 A2=00007364 A3=00FF2CFE A4=00000100 A5=FFFF80C8 A6=00FF0BF0 A7=00FF0BDE D0=0000000E D1=00000680 D2=00000006 D3=0000FFFF D4=0000FFFF D5=000000FF D6=00000004 D7=0000420A Xnzvc
00:69BE  63 06  BLS     #$06 [00:69C6]           A0=00006ABC A1=00C00000 A2=00007364 A3=00FF2CFE A4=00000100 A5=FFFF80C8 A6=00FF0BF0 A7=00FF0BDE D0=0000000E D1=00000680 D2=00000006 D3=0000FFFF D4=0000FFFF D5=000000FF D6=00000004 D7=0000420A XNzvC
00:69C6  70 00  MOVEQ   #$00,D0                  A0=00006ABC A1=00C00000 A2=00007364 A3=00FF2CFE A4=00000100 A5=FFFF80C8 A6=00FF0BF0 A7=00FF0BDE D0=0000000E D1=00000680 D2=00000006 D3=0000FFFF D4=0000FFFF D5=000000FF D6=00000004 D7=0000420A XNzvC
00:69C8  10 07  MOVE.B  D7,D0                    A0=00006ABC A1=00C00000 A2=00007364 A3=00FF2CFE A4=00000100 A5=FFFF80C8 A6=00FF0BF0 A7=00FF0BDE D0=00000000 D1=00000680 D2=00000006 D3=0000FFFF D4=0000FFFF D5=000000FF D6=00000004 D7=0000420A XnZvc
00:69CA  D0 40  ADD.W   D0,D0                    A0=00006ABC A1=00C00000 A2=00007364 A3=00FF2CFE A4=00000100 A5=FFFF80C8 A6=00FF0BF0 A7=00FF0BDE D0=0000000A D1=00000680 D2=00000006 D3=0000FFFF D4=0000FFFF D5=000000FF D6=00000004 D7=0000420A Xnzvc
00:69CC  41 FA  LEA     $000A(PC),A0             A0=00006ABC A1=00C00000 A2=00007364 A3=00FF2CFE A4=00000100 A5=FFFF80C8 A6=00FF0BF0 A7=00FF0BDE D0=00000014 D1=00000680 D2=00000006 D3=0000FFFF D4=0000FFFF D5=000000FF D6=00000004 D7=0000420A xnzvc
00:69D0  D0 F0  ADDA.W  $00(A0,D0),A0            A0=000069D8 A1=00C00000 A2=00007364 A3=00FF2CFE A4=00000100 A5=FFFF80C8 A6=00FF0BF0 A7=00FF0BDE D0=00000014 D1=00000680 D2=00000006 D3=0000FFFF D4=0000FFFF D5=000000FF D6=00000004 D7=0000420A xnzvc
00:69D4  4E 90  JSR     (A0)                     A0=00006B1C A1=00C00000 A2=00007364 A3=00FF2CFE A4=00000100 A5=FFFF80C8 A6=00FF0BF0 A7=00FF0BDE D0=00000014 D1=00000680 D2=00000006 D3=0000FFFF D4=0000FFFF D5=000000FF D6=00000004 D7=0000420A xnzvc
00:6B1C  76 00  MOVEQ   #$00,D3                  A0=00006B1C A1=00C00000 A2=00007364 A3=00FF2CFE A4=00000100 A5=FFFF80C8 A6=00FF0BF0 A7=00FF0BDA D0=00000014 D1=00000680 D2=00000006 D3=0000FFFF D4=0000FFFF D5=000000FF D6=00000004 D7=0000420A xnzvc
00:6B1E  16 1A  MOVE.B  (A2)+,D3                 A0=00006B1C A1=00C00000 A2=00007364 A3=00FF2CFE A4=00000100 A5=FFFF80C8 A6=00FF0BF0 A7=00FF0BDA D0=00000014 D1=00000680 D2=00000006 D3=00000000 D4=0000FFFF D5=000000FF D6=00000004 D7=0000420A xnZvc
00:6B20  48 47  SWAP.W  D7                       A0=00006B1C A1=00C00000 A2=00007365 A3=00FF2CFE A4=00000100 A5=FFFF80C8 A6=00FF0BF0 A7=00FF0BDA D0=00000014 D1=00000680 D2=00000006 D3=00000016 D4=0000FFFF D5=000000FF D6=00000004 D7=0000420A xnzvc
00:6B22  42 47  CLR.W   D7                       A0=00006B1C A1=00C00000 A2=00007365 A3=00FF2CFE A4=00000100 A5=FFFF80C8 A6=00FF0BF0 A7=00FF0BDA D0=00000014 D1=00000680 D2=00000006 D3=00000016 D4=0000FFFF D5=000000FF D6=00000004 D7=420A0000 xnzvc
00:6B6C  1D 6E  MOVE.B  $FFF6(A6),$FFF4(A6)      A0=00006B1C A1=00C00000 A2=00007365 A3=00FF2CFE A4=00000100 A5=FFFF80C8 A6=00FF0BF0 A7=00FF0BD6 D0=0000001F D1=00000680 D2=00000006 D3=00000005 D4=0000FFFF D5=000000FF D6=00000004 D7=420A0000 XNzvC
00:6B72  60 C6  BRA     #$C6 [00:6B3A]           A0=00006B1C A1=00C00000 A2=00007365 A3=00FF2CFE A4=00000100 A5=FFFF80C8 A6=00FF0BF0 A7=00FF0BD6 D0=0000001F D1=00000680 D2=00000006 D3=00000005 D4=0000FFFF D5=000000FF D6=00000004 D7=420A0000 Xnzvc
00:6B3A  30 2E  MOVE.W  $FFFA(A6),D0             A0=00006B1C A1=00C00000 A2=00007365 A3=00FF2CFE A4=00000100 A5=FFFF80C8 A6=00FF0BF0 A7=00FF0BD6 D0=0000001F D1=00000680 D2=00000006 D3=00000005 D4=0000FFFF D5=000000FF D6=00000004 D7=420A0000 Xnzvc
00:6B3E  32 2E  MOVE.W  $FFFC(A6),D1             A0=00006B1C A1=00C00000 A2=00007365 A3=00FF2CFE A4=00000100 A5=FFFF80C8 A6=00FF0BF0 A7=00FF0BD6 D0=00000000 D1=00000680 D2=00000006 D3=00000005 D4=0000FFFF D5=000000FF D6=00000004 D7=420A0000 XnZvc
00:6B42  52 41  ADDQ.W  #1,D1                    A0=00006B1C A1=00C00000 A2=00007365 A3=00FF2CFE A4=00000100 A5=FFFF80C8 A6=00FF0BF0 A7=00FF0BD6 D0=00000000 D1=0000000D D2=00000006 D3=00000005 D4=0000FFFF D5=000000FF D6=00000004 D7=420A0000 Xnzvc
00:6B44  B2 78  CMP.W   ($8A72),D1               A0=00006B1C A1=00C00000 A2=00007365 A3=00FF2CFE A4=00000100 A5=FFFF80C8 A6=00FF0BF0 A7=00FF0BD6 D0=00000000 D1=0000000E D2=00000006 D3=00000005 D4=0000FFFF D5=000000FF D6=00000004 D7=420A0000 xnzvc
00:6B48  65 02  BCS     #$02 [00:6B4C]           A0=00006B1C A1=00C00000 A2=00007365 A3=00FF2CFE A4=00000100 A5=FFFF80C8 A6=00FF0BF0 A7=00FF0BD6 D0=00000000 D1=0000000E D2=00000006 D3=00000005 D4=0000FFFF D5=000000FF D6=00000004 D7=420A0000 xNzvC
00:6B4C  3D 41  MOVE.W  D1,$FFFC(A6)             A0=00006B1C A1=00C00000 A2=00007365 A3=00FF2CFE A4=00000100 A5=FFFF80C8 A6=00FF0BF0 A7=00FF0BD6 D0=00000000 D1=0000000E D2=00000006 D3=00000005 D4=0000FFFF D5=000000FF D6=00000004 D7=420A0000 xNzvC
00:6B50  3D 40  MOVE.W  D0,$FFFE(A6)             A0=00006B1C A1=00C00000 A2=00007365 A3=00FF2CFE A4=00000100 A5=FFFF80C8 A6=00FF0BF0 A7=00FF0BD6 D0=00000000 D1=0000000E D2=00000006 D3=00000005 D4=0000FFFF D5=000000FF D6=00000004 D7=420A0000 xnzvc
00:6B54  61 00  BSR     #$FF46 [00:6A9C]         A0=00006B1C A1=00C00000 A2=00007365 A3=00FF2CFE A4=00000100 A5=FFFF80C8 A6=00FF0BF0 A7=00FF0BD6 D0=00000000 D1=0000000E D2=00000006 D3=00000005 D4=0000FFFF D5=000000FF D6=00000004 D7=420A0000 xnZvc
00:6A9C  4E B8  JSR     ($05CA)                  A0=00006B1C A1=00C00000 A2=00007365 A3=00FF2CFE A4=00000100 A5=FFFF80C8 A6=00FF0BF0 A7=00FF0BD2 D0=00000000 D1=0000000E D2=00000006 D3=00000005 D4=0000FFFF D5=000000FF D6=00000004 D7=420A0000 xnZvc
00:05CA  D0 40  ADD.W   D0,D0                    A0=00006B1C A1=00C00000 A2=00007365 A3=00FF2CFE A4=00000100 A5=FFFF80C8 A6=00FF0BF0 A7=00FF0BCE D0=00000000 D1=0000000E D2=00000006 D3=00000005 D4=0000FFFF D5=000000FF D6=00000004 D7=420A0000 xnZvc
00:05CC  D2 41  ADD.W   D1,D1                    A0=00006B1C A1=00C00000 A2=00007365 A3=00FF2CFE A4=00000100 A5=FFFF80C8 A6=00FF0BF0 A7=00FF0BCE D0=00000000 D1=0000000E D2=00000006 D3=00000005 D4=0000FFFF D5=000000FF D6=00000004 D7=420A0000 xnZvc
00:05CE  14 38  MOVE.B  ($8A8A),D2               A0=00006B1C A1=00C00000 A2=00007365 A3=00FF2CFE A4=00000100 A5=FFFF80C8 A6=00FF0BF0 A7=00FF0BCE D0=00000000 D1=0000001C D2=00000006 D3=00000005 D4=0000FFFF D5=000000FF D6=00000004 D7=420A0000 xnzvc
00:05D2  E5 61  ASL.W   D2,D1                    A0=00006B1C A1=00C00000 A2=00007365 A3=00FF2CFE A4=00000100 A5=FFFF80C8 A6=00FF0BF0 A7=00FF0BCE D0=00000000 D1=0000001C D2=00000006 D3=00000005 D4=0000FFFF D5=000000FF D6=00000004 D7=420A0000 xnzvc
00:05D4  D0 41  ADD.W   D1,D0                    A0=00006B1C A1=00C00000 A2=00007365 A3=00FF2CFE A4=00000100 A5=FFFF80C8 A6=00FF0BF0 A7=00FF0BCE D0=00000000 D1=00000700 D2=00000006 D3=00000005 D4=0000FFFF D5=000000FF D6=00000004 D7=420A0000 xnzvc
00:05D6  4E 75  RTS                              A0=00006B1C A1=00C00000 A2=00007365 A3=00FF2CFE A4=00000100 A5=FFFF80C8 A6=00FF0BF0 A7=00FF0BCE D0=00000700 D1=00000700 D2=00000006 D3=00000005 D4=0000FFFF D5=000000FF D6=00000004 D7=420A0000 xnzvc
00:6AA0  D0 6E  ADD.W   $FFF2(A6),D0             A0=00006B1C A1=00C00000 A2=00007365 A3=00FF2CFE A4=00000100 A5=FFFF80C8 A6=00FF0BF0 A7=00FF0BD2 D0=00000700 D1=00000700 D2=00000006 D3=00000005 D4=0000FFFF D5=000000FF D6=00000004 D7=420A0000 xnzvc
00:6AA4  4E 75  RTS                              A0=00006B1C A1=00C00000 A2=00007365 A3=00FF2CFE A4=00000100 A5=FFFF80C8 A6=00FF0BF0 A7=00FF0BD2 D0=0000C700 D1=00000700 D2=00000006 D3=00000005 D4=0000FFFF D5=000000FF D6=00000004 D7=420A0000 xNzvc
00:6B58  4E B8  JSR     ($05A0)                  A0=00006B1C A1=00C00000 A2=00007365 A3=00FF2CFE A4=00000100 A5=FFFF80C8 A6=00FF0BF0 A7=00FF0BD6 D0=0000C700 D1=00000700 D2=00000006 D3=00000005 D4=0000FFFF D5=000000FF D6=00000004 D7=420A0000 xNzvc
00:05A0  E5 80  ASL.L   #2,D0                    A0=00006B1C A1=00C00000 A2=00007365 A3=00FF2CFE A4=00000100 A5=FFFF80C8 A6=00FF0BF0 A7=00FF0BD2 D0=0000C700 D1=00000700 D2=00000006 D3=00000005 D4=0000FFFF D5=000000FF D6=00000004 D7=420A0000 xNzvc
00:05A2  E4 48  LSR.W   #2,D0                    A0=00006B1C A1=00C00000 A2=00007365 A3=00FF2CFE A4=00000100 A5=FFFF80C8 A6=00FF0BF0 A7=00FF0BD2 D0=00031C00 D1=00000700 D2=00000006 D3=00000005 D4=0000FFFF D5=000000FF D6=00000004 D7=420A0000 xnzvc
00:05A4  00 40  ORI.W   #$4000,D0                A0=00006B1C A1=00C00000 A2=00007365 A3=00FF2CFE A4=00000100 A5=FFFF80C8 A6=00FF0BF0 A7=00FF0BD2 D0=00030700 D1=00000700 D2=00000006 D3=00000005 D4=0000FFFF D5=000000FF D6=00000004 D7=420A0000 xnzvc
00:05A8  48 40  SWAP.W  D0                       A0=00006B1C A1=00C00000 A2=00007365 A3=00FF2CFE A4=00000100 A5=FFFF80C8 A6=00FF0BF0 A7=00FF0BD2 D0=00034700 D1=00000700 D2=00000006 D3=00000005 D4=0000FFFF D5=000000FF D6=00000004 D7=420A0000 xnzvc
00:05AA  02 40  ANDI.W  #$0003,D0                A0=00006B1C A1=00C00000 A2=00007365 A3=00FF2CFE A4=00000100 A5=FFFF80C8 A6=00FF0BF0 A7=00FF0BD2 D0=47000003 D1=00000700 D2=00000006 D3=00000005 D4=0000FFFF D5=000000FF D6=00000004 D7=420A0000 xnzvc
00:05AE  23 C0  MOVE.L  D0,($00C00004)           A0=00006B1C A1=00C00000 A2=00007365 A3=00FF2CFE A4=00000100 A5=FFFF80C8 A6=00FF0BF0 A7=00FF0BD2 D0=47000003 D1=00000700 D2=00000006 D3=00000005 D4=0000FFFF D5=000000FF D6=00000004 D7=420A0000 xnzvc
00:05B4  4E 75  RTS                              A0=00006B1C A1=00C00000 A2=00007365 A3=00FF2CFE A4=00000100 A5=FFFF80C8 A6=00FF0BF0 A7=00FF0BD2 D0=47000003 D1=00000700 D2=00000006 D3=00000005 D4=0000FFFF D5=000000FF D6=00000004 D7=420A0000 xnzvc
00:6B5C  43 F9  LEA     ($00C00000),A1           A0=00006B1C A1=00C00000 A2=00007365 A3=00FF2CFE A4=00000100 A5=FFFF80C8 A6=00FF0BF0 A7=00FF0BD6 D0=47000003 D1=00000700 D2=00000006 D3=00000005 D4=0000FFFF D5=000000FF D6=00000004 D7=420A0000 xnzvc
00:6B62  4E 75  RTS                              A0=00006B1C A1=00C00000 A2=00007365 A3=00FF2CFE A4=00000100 A5=FFFF80C8 A6=00FF0BF0 A7=00FF0BD6 D0=47000003 D1=00000700 D2=00000006 D3=00000005 D4=0000FFFF D5=000000FF D6=00000004 D7=420A0000 xnzvc
00:6B2C  48 47  SWAP.W  D7                       A0=00006B1C A1=00C00000 A2=00007365 A3=00FF2CFE A4=00000100 A5=FFFF80C8 A6=00FF0BF0 A7=00FF0BDA D0=47000005 D1=00000700 D2=00000006 D3=0000FFFF D4=0000FFFF D5=000000FF D6=00000004 D7=420A0000 XNzvC
00:6B2E  4E 75  RTS                              A0=00006B1C A1=00C00000 A2=00007365 A3=00FF2CFE A4=00000100 A5=FFFF80C8 A6=00FF0BF0 A7=00FF0BDA D0=47000005 D1=00000700 D2=00000006 D3=0000FFFF D4=0000FFFF D5=000000FF D6=00000004 D7=0000420A Xnzvc
00:69D6  60 E0  BRA     #$E0 [00:69B8]           A0=00006B1C A1=00C00000 A2=00007365 A3=00FF2CFE A4=00000100 A5=FFFF80C8 A6=00FF0BF0 A7=00FF0BDE D0=47000005 D1=00000700 D2=00000006 D3=0000FFFF D4=0000FFFF D5=000000FF D6=00000004 D7=0000420A Xnzvc
00:69B8  1E 1A  MOVE.B  (A2)+,D7                 A0=00006B1C A1=00C00000 A2=00007365 A3=00FF2CFE A4=00000100 A5=FFFF80C8 A6=00FF0BF0 A7=00FF0BDE D0=47000005 D1=00000700 D2=00000006 D3=0000FFFF D4=0000FFFF D5=000000FF D6=00000004 D7=0000420A Xnzvc
00:69BA  0C 07  CMPI.B  #$0C,D7                  A0=00006B1C A1=00C00000 A2=00007366 A3=00FF2CFE A4=00000100 A5=FFFF80C8 A6=00FF0BF0 A7=00FF0BDE D0=47000005 D1=00000700 D2=00000006 D3=0000FFFF D4=0000FFFF D5=000000FF D6=00000004 D7=00004202 Xnzvc
00:69BE  63 06  BLS     #$06 [00:69C6]           A0=00006B1C A1=00C00000 A2=00007366 A3=00FF2CFE A4=00000100 A5=FFFF80C8 A6=00FF0BF0 A7=00FF0BDE D0=47000005 D1=00000700 D2=00000006 D3=0000FFFF D4=0000FFFF D5=000000FF D6=00000004 D7=00004202 XNzvC
00:69C6  70 00  MOVEQ   #$00,D0                  A0=00006B1C A1=00C00000 A2=00007366 A3=00FF2CFE A4=00000100 A5=FFFF80C8 A6=00FF0BF0 A7=00FF0BDE D0=47000005 D1=00000700 D2=00000006 D3=0000FFFF D4=0000FFFF D5=000000FF D6=00000004 D7=00004202 XNzvC
00:69C8  10 07  MOVE.B  D7,D0                    A0=00006B1C A1=00C00000 A2=00007366 A3=00FF2CFE A4=00000100 A5=FFFF80C8 A6=00FF0BF0 A7=00FF0BDE D0=00000000 D1=00000700 D2=00000006 D3=0000FFFF D4=0000FFFF D5=000000FF D6=00000004 D7=00004202 XnZvc
00:69CA  D0 40  ADD.W   D0,D0                    A0=00006B1C A1=00C00000 A2=00007366 A3=00FF2CFE A4=00000100 A5=FFFF80C8 A6=00FF0BF0 A7=00FF0BDE D0=00000002 D1=00000700 D2=00000006 D3=0000FFFF D4=0000FFFF D5=000000FF D6=00000004 D7=00004202 Xnzvc
00:69CC  41 FA  LEA     $000A(PC),A0             A0=00006B1C A1=00C00000 A2=00007366 A3=00FF2CFE A4=00000100 A5=FFFF80C8 A6=00FF0BF0 A7=00FF0BDE D0=00000004 D1=00000700 D2=00000006 D3=0000FFFF D4=0000FFFF D5=000000FF D6=00000004 D7=00004202 xnzvc
00:69D0  D0 F0  ADDA.W  $00(A0,D0),A0            A0=000069D8 A1=00C00000 A2=00007366 A3=00FF2CFE A4=00000100 A5=FFFF80C8 A6=00FF0BF0 A7=00FF0BDE D0=00000004 D1=00000700 D2=00000006 D3=0000FFFF D4=0000FFFF D5=000000FF D6=00000004 D7=00004202 xnzvc
00:69D4  4E 90  JSR     (A0)                     A0=00006AA6 A1=00C00000 A2=00007366 A3=00FF2CFE A4=00000100 A5=FFFF80C8 A6=00FF0BF0 A7=00FF0BDE D0=00000004 D1=00000700 D2=00000006 D3=0000FFFF D4=0000FFFF D5=000000FF D6=00000004 D7=00004202 xnzvc
00:6AA6  1E 1A  MOVE.B  (A2)+,D7                 A0=00006AA6 A1=00C00000 A2=00007366 A3=00FF2CFE A4=00000100 A5=FFFF80C8 A6=00FF0BF0 A7=00FF0BDA D0=00000004 D1=00000700 D2=00000006 D3=0000FFFF D4=0000FFFF D5=000000FF D6=00000004 D7=00004202 xnzvc
00:6AA8  E1 47  ASL.W   #8,D7                    A0=00006AA6 A1=00C00000 A2=00007367 A3=00FF2CFE A4=00000100 A5=FFFF80C8 A6=00FF0BF0 A7=00FF0BDA D0=00000004 D1=00000700 D2=00000006 D3=0000FFFF D4=0000FFFF D5=000000FF D6=00000004 D7=00004242 xnzvc
00:6AAA  4E 75  RTS                              A0=00006AA6 A1=00C00000 A2=00007367 A3=00FF2CFE A4=00000100 A5=FFFF80C8 A6=00FF0BF0 A7=00FF0BDA D0=00000004 D1=00000700 D2=00000006 D3=0000FFFF D4=0000FFFF D5=000000FF D6=00000004 D7=00004200 xnzVc
00:69D6  60 E0  BRA     #$E0 [00:69B8]           A0=00006AA6 A1=00C00000 A2=00007367 A3=00FF2CFE A4=00000100 A5=FFFF80C8 A6=00FF0BF0 A7=00FF0BDE D0=00000004 D1=00000700 D2=00000006 D3=0000FFFF D4=0000FFFF D5=000000FF D6=00000004 D7=00004200 xnzVc
00:69B8  1E 1A  MOVE.B  (A2)+,D7                 A0=00006AA6 A1=00C00000 A2=00007367 A3=00FF2CFE A4=00000100 A5=FFFF80C8 A6=00FF0BF0 A7=00FF0BDE D0=00000004 D1=00000700 D2=00000006 D3=0000FFFF D4=0000FFFF D5=000000FF D6=00000004 D7=00004200 xnzVc
00:69BA  0C 07  CMPI.B  #$0C,D7                  A0=00006AA6 A1=00C00000 A2=00007368 A3=00FF2CFE A4=00000100 A5=FFFF80C8 A6=00FF0BF0 A7=00FF0BDE D0=00000004 D1=00000700 D2=00000006 D3=0000FFFF D4=0000FFFF D5=000000FF D6=00000004 D7=00004204 xnzvc
00:69BE  63 06  BLS     #$06 [00:69C6]           A0=00006AA6 A1=00C00000 A2=00007368 A3=00FF2CFE A4=00000100 A5=FFFF80C8 A6=00FF0BF0 A7=00FF0BDE D0=00000004 D1=00000700 D2=00000006 D3=0000FFFF D4=0000FFFF D5=000000FF D6=00000004 D7=00004204 xNzvC
00:69C6  70 00  MOVEQ   #$00,D0                  A0=00006AA6 A1=00C00000 A2=00007368 A3=00FF2CFE A4=00000100 A5=FFFF80C8 A6=00FF0BF0 A7=00FF0BDE D0=00000004 D1=00000700 D2=00000006 D3=0000FFFF D4=0000FFFF D5=000000FF D6=00000004 D7=00004204 xNzvC
00:69C8  10 07  MOVE.B  D7,D0                    A0=00006AA6 A1=00C00000 A2=00007368 A3=00FF2CFE A4=00000100 A5=FFFF80C8 A6=00FF0BF0 A7=00FF0BDE D0=00000000 D1=00000700 D2=00000006 D3=0000FFFF D4=0000FFFF D5=000000FF D6=00000004 D7=00004204 xnZvc
00:69CA  D0 40  ADD.W   D0,D0                    A0=00006AA6 A1=00C00000 A2=00007368 A3=00FF2CFE A4=00000100 A5=FFFF80C8 A6=00FF0BF0 A7=00FF0BDE D0=00000004 D1=00000700 D2=00000006 D3=0000FFFF D4=0000FFFF D5=000000FF D6=00000004 D7=00004204 xnzvc
00:69CC  41 FA  LEA     $000A(PC),A0             A0=00006AA6 A1=00C00000 A2=00007368 A3=00FF2CFE A4=00000100 A5=FFFF80C8 A6=00FF0BF0 A7=00FF0BDE D0=00000008 D1=00000700 D2=00000006 D3=0000FFFF D4=0000FFFF D5=000000FF D6=00000004 D7=00004204 xnzvc
00:69D0  D0 F0  ADDA.W  $00(A0,D0),A0            A0=000069D8 A1=00C00000 A2=00007368 A3=00FF2CFE A4=00000100 A5=FFFF80C8 A6=00FF0BF0 A7=00FF0BDE D0=00000008 D1=00000700 D2=00000006 D3=0000FFFF D4=0000FFFF D5=000000FF D6=00000004 D7=00004204 xnzvc
00:69D4  4E 90  JSR     (A0)                     A0=00006ABC A1=00C00000 A2=00007368 A3=00FF2CFE A4=00000100 A5=FFFF80C8 A6=00FF0BF0 A7=00FF0BDE D0=00000008 D1=00000700 D2=00000006 D3=0000FFFF D4=0000FFFF D5=000000FF D6=00000004 D7=00004204 xnzvc
00:6ABC  76 00  MOVEQ   #$00,D3                  A0=00006ABC A1=00C00000 A2=00007368 A3=00FF2CFE A4=00000100 A5=FFFF80C8 A6=00FF0BF0 A7=00FF0BDA D0=00000008 D1=00000700 D2=00000006 D3=0000FFFF D4=0000FFFF D5=000000FF D6=00000004 D7=00004204 xnzvc
00:6ABE  16 1A  MOVE.B  (A2)+,D3                 A0=00006ABC A1=00C00000 A2=00007368 A3=00FF2CFE A4=00000100 A5=FFFF80C8 A6=00FF0BF0 A7=00FF0BDA D0=00000008 D1=00000700 D2=00000006 D3=00000000 D4=0000FFFF D5=000000FF D6=00000004 D7=00004204 xnZvc
00:6AC0  1E 1A  MOVE.B  (A2)+,D7                 A0=00006ABC A1=00C00000 A2=00007369 A3=00FF2CFE A4=00000100 A5=FFFF80C8 A6=00FF0BF0 A7=00FF0BDA D0=00000008 D1=00000700 D2=00000006 D3=00000006 D4=0000FFFF D5=000000FF D6=00000004 D7=00004204 xnzvc
00:6AC2  61 00  BSR     #$001C [00:6AE0]         A0=00006ABC A1=00C00000 A2=0000736A A3=00FF2CFE A4=00000100 A5=FFFF80C8 A6=00FF0BF0 A7=00FF0BDA D0=00000008 D1=00000700 D2=00000006 D3=00000006 D4=0000FFFF D5=000000FF D6=00000004 D7=00004268 xnzvc
00:6AEA  4E 75  RTS                              A0=00006ABC A1=00C00000 A2=0000736A A3=00FF2CFE A4=00000100 A5=FFFF80C8 A6=00FF0BF0 A7=00FF0BD6 D0=0000000C D1=00000700 D2=00000006 D3=0000FFFF D4=0000FFFF D5=000000FF D6=00000004 D7=0000426F XNzvC
00:6AC6  4E 75  RTS                              A0=00006ABC A1=00C00000 A2=0000736A A3=00FF2CFE A4=00000100 A5=FFFF80C8 A6=00FF0BF0 A7=00FF0BDA D0=0000000C D1=00000700 D2=00000006 D3=0000FFFF D4=0000FFFF D5=000000FF D6=00000004 D7=0000426F XNzvC
00:69D6  60 E0  BRA     #$E0 [00:69B8]           A0=00006ABC A1=00C00000 A2=0000736A A3=00FF2CFE A4=00000100 A5=FFFF80C8 A6=00FF0BF0 A7=00FF0BDE D0=0000000C D1=00000700 D2=00000006 D3=0000FFFF D4=0000FFFF D5=000000FF D6=00000004 D7=0000426F XNzvC
00:69B8  1E 1A  MOVE.B  (A2)+,D7                 A0=00006ABC A1=00C00000 A2=0000736A A3=00FF2CFE A4=00000100 A5=FFFF80C8 A6=00FF0BF0 A7=00FF0BDE D0=0000000C D1=00000700 D2=00000006 D3=0000FFFF D4=0000FFFF D5=000000FF D6=00000004 D7=0000426F XNzvC
00:69BA  0C 07  CMPI.B  #$0C,D7                  A0=00006ABC A1=00C00000 A2=0000736B A3=00FF2CFE A4=00000100 A5=FFFF80C8 A6=00FF0BF0 A7=00FF0BDE D0=0000000C D1=00000700 D2=00000006 D3=0000FFFF D4=0000FFFF D5=000000FF D6=00000004 D7=0000420A Xnzvc
00:69BE  63 06  BLS     #$06 [00:69C6]           A0=00006ABC A1=00C00000 A2=0000736B A3=00FF2CFE A4=00000100 A5=FFFF80C8 A6=00FF0BF0 A7=00FF0BDE D0=0000000C D1=00000700 D2=00000006 D3=0000FFFF D4=0000FFFF D5=000000FF D6=00000004 D7=0000420A XNzvC
00:69C6  70 00  MOVEQ   #$00,D0                  A0=00006ABC A1=00C00000 A2=0000736B A3=00FF2CFE A4=00000100 A5=FFFF80C8 A6=00FF0BF0 A7=00FF0BDE D0=0000000C D1=00000700 D2=00000006 D3=0000FFFF D4=0000FFFF D5=000000FF D6=00000004 D7=0000420A XNzvC
00:69C8  10 07  MOVE.B  D7,D0                    A0=00006ABC A1=00C00000 A2=0000736B A3=00FF2CFE A4=00000100 A5=FFFF80C8 A6=00FF0BF0 A7=00FF0BDE D0=00000000 D1=00000700 D2=00000006 D3=0000FFFF D4=0000FFFF D5=000000FF D6=00000004 D7=0000420A XnZvc
00:69CA  D0 40  ADD.W   D0,D0                    A0=00006ABC A1=00C00000 A2=0000736B A3=00FF2CFE A4=00000100 A5=FFFF80C8 A6=00FF0BF0 A7=00FF0BDE D0=0000000A D1=00000700 D2=00000006 D3=0000FFFF D4=0000FFFF D5=000000FF D6=00000004 D7=0000420A Xnzvc
00:69CC  41 FA  LEA     $000A(PC),A0             A0=00006ABC A1=00C00000 A2=0000736B A3=00FF2CFE A4=00000100 A5=FFFF80C8 A6=00FF0BF0 A7=00FF0BDE D0=00000014 D1=00000700 D2=00000006 D3=0000FFFF D4=0000FFFF D5=000000FF D6=00000004 D7=0000420A xnzvc
00:69D0  D0 F0  ADDA.W  $00(A0,D0),A0            A0=000069D8 A1=00C00000 A2=0000736B A3=00FF2CFE A4=00000100 A5=FFFF80C8 A6=00FF0BF0 A7=00FF0BDE D0=00000014 D1=00000700 D2=00000006 D3=0000FFFF D4=0000FFFF D5=000000FF D6=00000004 D7=0000420A xnzvc
00:69D4  4E 90  JSR     (A0)                     A0=00006B1C A1=00C00000 A2=0000736B A3=00FF2CFE A4=00000100 A5=FFFF80C8 A6=00FF0BF0 A7=00FF0BDE D0=00000014 D1=00000700 D2=00000006 D3=0000FFFF D4=0000FFFF D5=000000FF D6=00000004 D7=0000420A xnzvc
00:6B1C  76 00  MOVEQ   #$00,D3                  A0=00006B1C A1=00C00000 A2=0000736B A3=00FF2CFE A4=00000100 A5=FFFF80C8 A6=00FF0BF0 A7=00FF0BDA D0=00000014 D1=00000700 D2=00000006 D3=0000FFFF D4=0000FFFF D5=000000FF D6=00000004 D7=0000420A xnzvc
00:6B1E  16 1A  MOVE.B  (A2)+,D3                 A0=00006B1C A1=00C00000 A2=0000736B A3=00FF2CFE A4=00000100 A5=FFFF80C8 A6=00FF0BF0 A7=00FF0BDA D0=00000014 D1=00000700 D2=00000006 D3=00000000 D4=0000FFFF D5=000000FF D6=00000004 D7=0000420A xnZvc
00:6B20  48 47  SWAP.W  D7                       A0=00006B1C A1=00C00000 A2=0000736C A3=00FF2CFE A4=00000100 A5=FFFF80C8 A6=00FF0BF0 A7=00FF0BDA D0=00000014 D1=00000700 D2=00000006 D3=00000018 D4=0000FFFF D5=000000FF D6=00000004 D7=0000420A xnzvc
00:6B22  42 47  CLR.W   D7                       A0=00006B1C A1=00C00000 A2=0000736C A3=00FF2CFE A4=00000100 A5=FFFF80C8 A6=00FF0BF0 A7=00FF0BDA D0=00000014 D1=00000700 D2=00000006 D3=00000018 D4=0000FFFF D5=000000FF D6=00000004 D7=420A0000 xnzvc
00:6B6C  1D 6E  MOVE.B  $FFF6(A6),$FFF4(A6)      A0=00006B1C A1=00C00000 A2=0000736C A3=00FF2CFE A4=00000100 A5=FFFF80C8 A6=00FF0BF0 A7=00FF0BD6 D0=0000001F D1=00000700 D2=00000006 D3=00000005 D4=0000FFFF D5=000000FF D6=00000004 D7=420A0000 XNzvC
00:6B72  60 C6  BRA     #$C6 [00:6B3A]           A0=00006B1C A1=00C00000 A2=0000736C A3=00FF2CFE A4=00000100 A5=FFFF80C8 A6=00FF0BF0 A7=00FF0BD6 D0=0000001F D1=00000700 D2=00000006 D3=00000005 D4=0000FFFF D5=000000FF D6=00000004 D7=420A0000 Xnzvc
00:6B3A  30 2E  MOVE.W  $FFFA(A6),D0             A0=00006B1C A1=00C00000 A2=0000736C A3=00FF2CFE A4=00000100 A5=FFFF80C8 A6=00FF0BF0 A7=00FF0BD6 D0=0000001F D1=00000700 D2=00000006 D3=00000005 D4=0000FFFF D5=000000FF D6=00000004 D7=420A0000 Xnzvc
00:6B3E  32 2E  MOVE.W  $FFFC(A6),D1             A0=00006B1C A1=00C00000 A2=0000736C A3=00FF2CFE A4=00000100 A5=FFFF80C8 A6=00FF0BF0 A7=00FF0BD6 D0=00000000 D1=00000700 D2=00000006 D3=00000005 D4=0000FFFF D5=000000FF D6=00000004 D7=420A0000 XnZvc
00:6B42  52 41  ADDQ.W  #1,D1                    A0=00006B1C A1=00C00000 A2=0000736C A3=00FF2CFE A4=00000100 A5=FFFF80C8 A6=00FF0BF0 A7=00FF0BD6 D0=00000000 D1=0000000E D2=00000006 D3=00000005 D4=0000FFFF D5=000000FF D6=00000004 D7=420A0000 Xnzvc
00:6B44  B2 78  CMP.W   ($8A72),D1               A0=00006B1C A1=00C00000 A2=0000736C A3=00FF2CFE A4=00000100 A5=FFFF80C8 A6=00FF0BF0 A7=00FF0BD6 D0=00000000 D1=0000000F D2=00000006 D3=00000005 D4=0000FFFF D5=000000FF D6=00000004 D7=420A0000 xnzvc
00:6B48  65 02  BCS     #$02 [00:6B4C]           A0=00006B1C A1=00C00000 A2=0000736C A3=00FF2CFE A4=00000100 A5=FFFF80C8 A6=00FF0BF0 A7=00FF0BD6 D0=00000000 D1=0000000F D2=00000006 D3=00000005 D4=0000FFFF D5=000000FF D6=00000004 D7=420A0000 xNzvC
00:6B4C  3D 41  MOVE.W  D1,$FFFC(A6)             A0=00006B1C A1=00C00000 A2=0000736C A3=00FF2CFE A4=00000100 A5=FFFF80C8 A6=00FF0BF0 A7=00FF0BD6 D0=00000000 D1=0000000F D2=00000006 D3=00000005 D4=0000FFFF D5=000000FF D6=00000004 D7=420A0000 xNzvC
00:6B50  3D 40  MOVE.W  D0,$FFFE(A6)             A0=00006B1C A1=00C00000 A2=0000736C A3=00FF2CFE A4=00000100 A5=FFFF80C8 A6=00FF0BF0 A7=00FF0BD6 D0=00000000 D1=0000000F D2=00000006 D3=00000005 D4=0000FFFF D5=000000FF D6=00000004 D7=420A0000 xnzvc
00:6B54  61 00  BSR     #$FF46 [00:6A9C]         A0=00006B1C A1=00C00000 A2=0000736C A3=00FF2CFE A4=00000100 A5=FFFF80C8 A6=00FF0BF0 A7=00FF0BD6 D0=00000000 D1=0000000F D2=00000006 D3=00000005 D4=0000FFFF D5=000000FF D6=00000004 D7=420A0000 xnZvc
00:6A9C  4E B8  JSR     ($05CA)                  A0=00006B1C A1=00C00000 A2=0000736C A3=00FF2CFE A4=00000100 A5=FFFF80C8 A6=00FF0BF0 A7=00FF0BD2 D0=00000000 D1=0000000F D2=00000006 D3=00000005 D4=0000FFFF D5=000000FF D6=00000004 D7=420A0000 xnZvc
00:05CA  D0 40  ADD.W   D0,D0                    A0=00006B1C A1=00C00000 A2=0000736C A3=00FF2CFE A4=00000100 A5=FFFF80C8 A6=00FF0BF0 A7=00FF0BCE D0=00000000 D1=0000000F D2=00000006 D3=00000005 D4=0000FFFF D5=000000FF D6=00000004 D7=420A0000 xnZvc
00:05CC  D2 41  ADD.W   D1,D1                    A0=00006B1C A1=00C00000 A2=0000736C A3=00FF2CFE A4=00000100 A5=FFFF80C8 A6=00FF0BF0 A7=00FF0BCE D0=00000000 D1=0000000F D2=00000006 D3=00000005 D4=0000FFFF D5=000000FF D6=00000004 D7=420A0000 xnZvc
00:05CE  14 38  MOVE.B  ($8A8A),D2               A0=00006B1C A1=00C00000 A2=0000736C A3=00FF2CFE A4=00000100 A5=FFFF80C8 A6=00FF0BF0 A7=00FF0BCE D0=00000000 D1=0000001E D2=00000006 D3=00000005 D4=0000FFFF D5=000000FF D6=00000004 D7=420A0000 xnzvc
00:05D2  E5 61  ASL.W   D2,D1                    A0=00006B1C A1=00C00000 A2=0000736C A3=00FF2CFE A4=00000100 A5=FFFF80C8 A6=00FF0BF0 A7=00FF0BCE D0=00000000 D1=0000001E D2=00000006 D3=00000005 D4=0000FFFF D5=000000FF D6=00000004 D7=420A0000 xnzvc
00:05D4  D0 41  ADD.W   D1,D0                    A0=00006B1C A1=00C00000 A2=0000736C A3=00FF2CFE A4=00000100 A5=FFFF80C8 A6=00FF0BF0 A7=00FF0BCE D0=00000000 D1=00000780 D2=00000006 D3=00000005 D4=0000FFFF D5=000000FF D6=00000004 D7=420A0000 xnzvc
00:05D6  4E 75  RTS                              A0=00006B1C A1=00C00000 A2=0000736C A3=00FF2CFE A4=00000100 A5=FFFF80C8 A6=00FF0BF0 A7=00FF0BCE D0=00000780 D1=00000780 D2=00000006 D3=00000005 D4=0000FFFF D5=000000FF D6=00000004 D7=420A0000 xnzvc
00:6AA0  D0 6E  ADD.W   $FFF2(A6),D0             A0=00006B1C A1=00C00000 A2=0000736C A3=00FF2CFE A4=00000100 A5=FFFF80C8 A6=00FF0BF0 A7=00FF0BD2 D0=00000780 D1=00000780 D2=00000006 D3=00000005 D4=0000FFFF D5=000000FF D6=00000004 D7=420A0000 xnzvc
00:6AA4  4E 75  RTS                              A0=00006B1C A1=00C00000 A2=0000736C A3=00FF2CFE A4=00000100 A5=FFFF80C8 A6=00FF0BF0 A7=00FF0BD2 D0=0000C780 D1=00000780 D2=00000006 D3=00000005 D4=0000FFFF D5=000000FF D6=00000004 D7=420A0000 xNzvc
00:6B58  4E B8  JSR     ($05A0)                  A0=00006B1C A1=00C00000 A2=0000736C A3=00FF2CFE A4=00000100 A5=FFFF80C8 A6=00FF0BF0 A7=00FF0BD6 D0=0000C780 D1=00000780 D2=00000006 D3=00000005 D4=0000FFFF D5=000000FF D6=00000004 D7=420A0000 xNzvc
00:05A0  E5 80  ASL.L   #2,D0                    A0=00006B1C A1=00C00000 A2=0000736C A3=00FF2CFE A4=00000100 A5=FFFF80C8 A6=00FF0BF0 A7=00FF0BD2 D0=0000C780 D1=00000780 D2=00000006 D3=00000005 D4=0000FFFF D5=000000FF D6=00000004 D7=420A0000 xNzvc
00:05A2  E4 48  LSR.W   #2,D0                    A0=00006B1C A1=00C00000 A2=0000736C A3=00FF2CFE A4=00000100 A5=FFFF80C8 A6=00FF0BF0 A7=00FF0BD2 D0=00031E00 D1=00000780 D2=00000006 D3=00000005 D4=0000FFFF D5=000000FF D6=00000004 D7=420A0000 xnzvc
00:05A4  00 40  ORI.W   #$4000,D0                A0=00006B1C A1=00C00000 A2=0000736C A3=00FF2CFE A4=00000100 A5=FFFF80C8 A6=00FF0BF0 A7=00FF0BD2 D0=00030780 D1=00000780 D2=00000006 D3=00000005 D4=0000FFFF D5=000000FF D6=00000004 D7=420A0000 xnzvc
00:05A8  48 40  SWAP.W  D0                       A0=00006B1C A1=00C00000 A2=0000736C A3=00FF2CFE A4=00000100 A5=FFFF80C8 A6=00FF0BF0 A7=00FF0BD2 D0=00034780 D1=00000780 D2=00000006 D3=00000005 D4=0000FFFF D5=000000FF D6=00000004 D7=420A0000 xnzvc
00:05AA  02 40  ANDI.W  #$0003,D0                A0=00006B1C A1=00C00000 A2=0000736C A3=00FF2CFE A4=00000100 A5=FFFF80C8 A6=00FF0BF0 A7=00FF0BD2 D0=47800003 D1=00000780 D2=00000006 D3=00000005 D4=0000FFFF D5=000000FF D6=00000004 D7=420A0000 xnzvc
00:05AE  23 C0  MOVE.L  D0,($00C00004)           A0=00006B1C A1=00C00000 A2=0000736C A3=00FF2CFE A4=00000100 A5=FFFF80C8 A6=00FF0BF0 A7=00FF0BD2 D0=47800003 D1=00000780 D2=00000006 D3=00000005 D4=0000FFFF D5=000000FF D6=00000004 D7=420A0000 xnzvc
00:05B4  4E 75  RTS                              A0=00006B1C A1=00C00000 A2=0000736C A3=00FF2CFE A4=00000100 A5=FFFF80C8 A6=00FF0BF0 A7=00FF0BD2 D0=47800003 D1=00000780 D2=00000006 D3=00000005 D4=0000FFFF D5=000000FF D6=00000004 D7=420A0000 xnzvc
00:6B5C  43 F9  LEA     ($00C00000),A1           A0=00006B1C A1=00C00000 A2=0000736C A3=00FF2CFE A4=00000100 A5=FFFF80C8 A6=00FF0BF0 A7=00FF0BD6 D0=47800003 D1=00000780 D2=00000006 D3=00000005 D4=0000FFFF D5=000000FF D6=00000004 D7=420A0000 xnzvc
00:6B62  4E 75  RTS                              A0=00006B1C A1=00C00000 A2=0000736C A3=00FF2CFE A4=00000100 A5=FFFF80C8 A6=00FF0BF0 A7=00FF0BD6 D0=47800003 D1=00000780 D2=00000006 D3=00000005 D4=0000FFFF D5=000000FF D6=00000004 D7=420A0000 xnzvc
00:6B2C  48 47  SWAP.W  D7                       A0=00006B1C A1=00C00000 A2=0000736C A3=00FF2CFE A4=00000100 A5=FFFF80C8 A6=00FF0BF0 A7=00FF0BDA D0=47800005 D1=00000780 D2=00000006 D3=0000FFFF D4=0000FFFF D5=000000FF D6=00000004 D7=420A0000 XNzvC
00:6B2E  4E 75  RTS                              A0=00006B1C A1=00C00000 A2=0000736C A3=00FF2CFE A4=00000100 A5=FFFF80C8 A6=00FF0BF0 A7=00FF0BDA D0=47800005 D1=00000780 D2=00000006 D3=0000FFFF D4=0000FFFF D5=000000FF D6=00000004 D7=0000420A Xnzvc
00:69D6  60 E0  BRA     #$E0 [00:69B8]           A0=00006B1C A1=00C00000 A2=0000736C A3=00FF2CFE A4=00000100 A5=FFFF80C8 A6=00FF0BF0 A7=00FF0BDE D0=47800005 D1=00000780 D2=00000006 D3=0000FFFF D4=0000FFFF D5=000000FF D6=00000004 D7=0000420A Xnzvc
00:69B8  1E 1A  MOVE.B  (A2)+,D7                 A0=00006B1C A1=00C00000 A2=0000736C A3=00FF2CFE A4=00000100 A5=FFFF80C8 A6=00FF0BF0 A7=00FF0BDE D0=47800005 D1=00000780 D2=00000006 D3=0000FFFF D4=0000FFFF D5=000000FF D6=00000004 D7=0000420A Xnzvc
00:69BA  0C 07  CMPI.B  #$0C,D7                  A0=00006B1C A1=00C00000 A2=0000736D A3=00FF2CFE A4=00000100 A5=FFFF80C8 A6=00FF0BF0 A7=00FF0BDE D0=47800005 D1=00000780 D2=00000006 D3=0000FFFF D4=0000FFFF D5=000000FF D6=00000004 D7=00004202 Xnzvc
00:69BE  63 06  BLS     #$06 [00:69C6]           A0=00006B1C A1=00C00000 A2=0000736D A3=00FF2CFE A4=00000100 A5=FFFF80C8 A6=00FF0BF0 A7=00FF0BDE D0=47800005 D1=00000780 D2=00000006 D3=0000FFFF D4=0000FFFF D5=000000FF D6=00000004 D7=00004202 XNzvC
00:69C6  70 00  MOVEQ   #$00,D0                  A0=00006B1C A1=00C00000 A2=0000736D A3=00FF2CFE A4=00000100 A5=FFFF80C8 A6=00FF0BF0 A7=00FF0BDE D0=47800005 D1=00000780 D2=00000006 D3=0000FFFF D4=0000FFFF D5=000000FF D6=00000004 D7=00004202 XNzvC
00:69C8  10 07  MOVE.B  D7,D0                    A0=00006B1C A1=00C00000 A2=0000736D A3=00FF2CFE A4=00000100 A5=FFFF80C8 A6=00FF0BF0 A7=00FF0BDE D0=00000000 D1=00000780 D2=00000006 D3=0000FFFF D4=0000FFFF D5=000000FF D6=00000004 D7=00004202 XnZvc
00:69CA  D0 40  ADD.W   D0,D0                    A0=00006B1C A1=00C00000 A2=0000736D A3=00FF2CFE A4=00000100 A5=FFFF80C8 A6=00FF0BF0 A7=00FF0BDE D0=00000002 D1=00000780 D2=00000006 D3=0000FFFF D4=0000FFFF D5=000000FF D6=00000004 D7=00004202 Xnzvc
00:69CC  41 FA  LEA     $000A(PC),A0             A0=00006B1C A1=00C00000 A2=0000736D A3=00FF2CFE A4=00000100 A5=FFFF80C8 A6=00FF0BF0 A7=00FF0BDE D0=00000004 D1=00000780 D2=00000006 D3=0000FFFF D4=0000FFFF D5=000000FF D6=00000004 D7=00004202 xnzvc
00:69D0  D0 F0  ADDA.W  $00(A0,D0),A0            A0=000069D8 A1=00C00000 A2=0000736D A3=00FF2CFE A4=00000100 A5=FFFF80C8 A6=00FF0BF0 A7=00FF0BDE D0=00000004 D1=00000780 D2=00000006 D3=0000FFFF D4=0000FFFF D5=000000FF D6=00000004 D7=00004202 xnzvc
00:69D4  4E 90  JSR     (A0)                     A0=00006AA6 A1=00C00000 A2=0000736D A3=00FF2CFE A4=00000100 A5=FFFF80C8 A6=00FF0BF0 A7=00FF0BDE D0=00000004 D1=00000780 D2=00000006 D3=0000FFFF D4=0000FFFF D5=000000FF D6=00000004 D7=00004202 xnzvc
00:6AA6  1E 1A  MOVE.B  (A2)+,D7                 A0=00006AA6 A1=00C00000 A2=0000736D A3=00FF2CFE A4=00000100 A5=FFFF80C8 A6=00FF0BF0 A7=00FF0BDA D0=00000004 D1=00000780 D2=00000006 D3=0000FFFF D4=0000FFFF D5=000000FF D6=00000004 D7=00004202 xnzvc
00:6AA8  E1 47  ASL.W   #8,D7                    A0=00006AA6 A1=00C00000 A2=0000736E A3=00FF2CFE A4=00000100 A5=FFFF80C8 A6=00FF0BF0 A7=00FF0BDA D0=00000004 D1=00000780 D2=00000006 D3=0000FFFF D4=0000FFFF D5=000000FF D6=00000004 D7=00004242 xnzvc
00:6AAA  4E 75  RTS                              A0=00006AA6 A1=00C00000 A2=0000736E A3=00FF2CFE A4=00000100 A5=FFFF80C8 A6=00FF0BF0 A7=00FF0BDA D0=00000004 D1=00000780 D2=00000006 D3=0000FFFF D4=0000FFFF D5=000000FF D6=00000004 D7=00004200 xnzVc
00:69D6  60 E0  BRA     #$E0 [00:69B8]           A0=00006AA6 A1=00C00000 A2=0000736E A3=00FF2CFE A4=00000100 A5=FFFF80C8 A6=00FF0BF0 A7=00FF0BDE D0=00000004 D1=00000780 D2=00000006 D3=0000FFFF D4=0000FFFF D5=000000FF D6=00000004 D7=00004200 xnzVc
00:69B8  1E 1A  MOVE.B  (A2)+,D7                 A0=00006AA6 A1=00C00000 A2=0000736E A3=00FF2CFE A4=00000100 A5=FFFF80C8 A6=00FF0BF0 A7=00FF0BDE D0=00000004 D1=00000780 D2=00000006 D3=0000FFFF D4=0000FFFF D5=000000FF D6=00000004 D7=00004200 xnzVc
00:69BA  0C 07  CMPI.B  #$0C,D7                  A0=00006AA6 A1=00C00000 A2=0000736F A3=00FF2CFE A4=00000100 A5=FFFF80C8 A6=00FF0BF0 A7=00FF0BDE D0=00000004 D1=00000780 D2=00000006 D3=0000FFFF D4=0000FFFF D5=000000FF D6=00000004 D7=00004204 xnzvc
00:69BE  63 06  BLS     #$06 [00:69C6]           A0=00006AA6 A1=00C00000 A2=0000736F A3=00FF2CFE A4=00000100 A5=FFFF80C8 A6=00FF0BF0 A7=00FF0BDE D0=00000004 D1=00000780 D2=00000006 D3=0000FFFF D4=0000FFFF D5=000000FF D6=00000004 D7=00004204 xNzvC
00:69C6  70 00  MOVEQ   #$00,D0                  A0=00006AA6 A1=00C00000 A2=0000736F A3=00FF2CFE A4=00000100 A5=FFFF80C8 A6=00FF0BF0 A7=00FF0BDE D0=00000004 D1=00000780 D2=00000006 D3=0000FFFF D4=0000FFFF D5=000000FF D6=00000004 D7=00004204 xNzvC
00:69C8  10 07  MOVE.B  D7,D0                    A0=00006AA6 A1=00C00000 A2=0000736F A3=00FF2CFE A4=00000100 A5=FFFF80C8 A6=00FF0BF0 A7=00FF0BDE D0=00000000 D1=00000780 D2=00000006 D3=0000FFFF D4=0000FFFF D5=000000FF D6=00000004 D7=00004204 xnZvc
00:69CA  D0 40  ADD.W   D0,D0                    A0=00006AA6 A1=00C00000 A2=0000736F A3=00FF2CFE A4=00000100 A5=FFFF80C8 A6=00FF0BF0 A7=00FF0BDE D0=00000004 D1=00000780 D2=00000006 D3=0000FFFF D4=0000FFFF D5=000000FF D6=00000004 D7=00004204 xnzvc
00:69CC  41 FA  LEA     $000A(PC),A0             A0=00006AA6 A1=00C00000 A2=0000736F A3=00FF2CFE A4=00000100 A5=FFFF80C8 A6=00FF0BF0 A7=00FF0BDE D0=00000008 D1=00000780 D2=00000006 D3=0000FFFF D4=0000FFFF D5=000000FF D6=00000004 D7=00004204 xnzvc
00:69D0  D0 F0  ADDA.W  $00(A0,D0),A0            A0=000069D8 A1=00C00000 A2=0000736F A3=00FF2CFE A4=00000100 A5=FFFF80C8 A6=00FF0BF0 A7=00FF0BDE D0=00000008 D1=00000780 D2=00000006 D3=0000FFFF D4=0000FFFF D5=000000FF D6=00000004 D7=00004204 xnzvc
00:69D4  4E 90  JSR     (A0)                     A0=00006ABC A1=00C00000 A2=0000736F A3=00FF2CFE A4=00000100 A5=FFFF80C8 A6=00FF0BF0 A7=00FF0BDE D0=00000008 D1=00000780 D2=00000006 D3=0000FFFF D4=0000FFFF D5=000000FF D6=00000004 D7=00004204 xnzvc
00:6ABC  76 00  MOVEQ   #$00,D3                  A0=00006ABC A1=00C00000 A2=0000736F A3=00FF2CFE A4=00000100 A5=FFFF80C8 A6=00FF0BF0 A7=00FF0BDA D0=00000008 D1=00000780 D2=00000006 D3=0000FFFF D4=0000FFFF D5=000000FF D6=00000004 D7=00004204 xnzvc
00:6ABE  16 1A  MOVE.B  (A2)+,D3                 A0=00006ABC A1=00C00000 A2=0000736F A3=00FF2CFE A4=00000100 A5=FFFF80C8 A6=00FF0BF0 A7=00FF0BDA D0=00000008 D1=00000780 D2=00000006 D3=00000000 D4=0000FFFF D5=000000FF D6=00000004 D7=00004204 xnZvc
00:6AC0  1E 1A  MOVE.B  (A2)+,D7                 A0=00006ABC A1=00C00000 A2=00007370 A3=00FF2CFE A4=00000100 A5=FFFF80C8 A6=00FF0BF0 A7=00FF0BDA D0=00000008 D1=00000780 D2=00000006 D3=00000006 D4=0000FFFF D5=000000FF D6=00000004 D7=00004204 xnzvc
00:6AC2  61 00  BSR     #$001C [00:6AE0]         A0=00006ABC A1=00C00000 A2=00007371 A3=00FF2CFE A4=00000100 A5=FFFF80C8 A6=00FF0BF0 A7=00FF0BDA D0=00000008 D1=00000780 D2=00000006 D3=00000006 D4=0000FFFF D5=000000FF D6=00000004 D7=00004278 xnzvc
00:6AEA  4E 75  RTS                              A0=00006ABC A1=00C00000 A2=00007371 A3=00FF2CFE A4=00000100 A5=FFFF80C8 A6=00FF0BF0 A7=00FF0BD6 D0=0000000C D1=00000780 D2=00000006 D3=0000FFFF D4=0000FFFF D5=000000FF D6=00000004 D7=0000427F XNzvC
00:6AC6  4E 75  RTS                              A0=00006ABC A1=00C00000 A2=00007371 A3=00FF2CFE A4=00000100 A5=FFFF80C8 A6=00FF0BF0 A7=00FF0BDA D0=0000000C D1=00000780 D2=00000006 D3=0000FFFF D4=0000FFFF D5=000000FF D6=00000004 D7=0000427F XNzvC
00:69D6  60 E0  BRA     #$E0 [00:69B8]           A0=00006ABC A1=00C00000 A2=00007371 A3=00FF2CFE A4=00000100 A5=FFFF80C8 A6=00FF0BF0 A7=00FF0BDE D0=0000000C D1=00000780 D2=00000006 D3=0000FFFF D4=0000FFFF D5=000000FF D6=00000004 D7=0000427F XNzvC
00:69B8  1E 1A  MOVE.B  (A2)+,D7                 A0=00006ABC A1=00C00000 A2=00007371 A3=00FF2CFE A4=00000100 A5=FFFF80C8 A6=00FF0BF0 A7=00FF0BDE D0=0000000C D1=00000780 D2=00000006 D3=0000FFFF D4=0000FFFF D5=000000FF D6=00000004 D7=0000427F XNzvC
00:69BA  0C 07  CMPI.B  #$0C,D7                  A0=00006ABC A1=00C00000 A2=00007372 A3=00FF2CFE A4=00000100 A5=FFFF80C8 A6=00FF0BF0 A7=00FF0BDE D0=0000000C D1=00000780 D2=00000006 D3=0000FFFF D4=0000FFFF D5=000000FF D6=00000004 D7=0000420A Xnzvc
00:69BE  63 06  BLS     #$06 [00:69C6]           A0=00006ABC A1=00C00000 A2=00007372 A3=00FF2CFE A4=00000100 A5=FFFF80C8 A6=00FF0BF0 A7=00FF0BDE D0=0000000C D1=00000780 D2=00000006 D3=0000FFFF D4=0000FFFF D5=000000FF D6=00000004 D7=0000420A XNzvC
00:69C6  70 00  MOVEQ   #$00,D0                  A0=00006ABC A1=00C00000 A2=00007372 A3=00FF2CFE A4=00000100 A5=FFFF80C8 A6=00FF0BF0 A7=00FF0BDE D0=0000000C D1=00000780 D2=00000006 D3=0000FFFF D4=0000FFFF D5=000000FF D6=00000004 D7=0000420A XNzvC
00:69C8  10 07  MOVE.B  D7,D0                    A0=00006ABC A1=00C00000 A2=00007372 A3=00FF2CFE A4=00000100 A5=FFFF80C8 A6=00FF0BF0 A7=00FF0BDE D0=00000000 D1=00000780 D2=00000006 D3=0000FFFF D4=0000FFFF D5=000000FF D6=00000004 D7=0000420A XnZvc
00:69CA  D0 40  ADD.W   D0,D0                    A0=00006ABC A1=00C00000 A2=00007372 A3=00FF2CFE A4=00000100 A5=FFFF80C8 A6=00FF0BF0 A7=00FF0BDE D0=0000000A D1=00000780 D2=00000006 D3=0000FFFF D4=0000FFFF D5=000000FF D6=00000004 D7=0000420A Xnzvc
00:69CC  41 FA  LEA     $000A(PC),A0             A0=00006ABC A1=00C00000 A2=00007372 A3=00FF2CFE A4=00000100 A5=FFFF80C8 A6=00FF0BF0 A7=00FF0BDE D0=00000014 D1=00000780 D2=00000006 D3=0000FFFF D4=0000FFFF D5=000000FF D6=00000004 D7=0000420A xnzvc
00:69D0  D0 F0  ADDA.W  $00(A0,D0),A0            A0=000069D8 A1=00C00000 A2=00007372 A3=00FF2CFE A4=00000100 A5=FFFF80C8 A6=00FF0BF0 A7=00FF0BDE D0=00000014 D1=00000780 D2=00000006 D3=0000FFFF D4=0000FFFF D5=000000FF D6=00000004 D7=0000420A xnzvc
00:69D4  4E 90  JSR     (A0)                     A0=00006B1C A1=00C00000 A2=00007372 A3=00FF2CFE A4=00000100 A5=FFFF80C8 A6=00FF0BF0 A7=00FF0BDE D0=00000014 D1=00000780 D2=00000006 D3=0000FFFF D4=0000FFFF D5=000000FF D6=00000004 D7=0000420A xnzvc
00:6B1C  76 00  MOVEQ   #$00,D3                  A0=00006B1C A1=00C00000 A2=00007372 A3=00FF2CFE A4=00000100 A5=FFFF80C8 A6=00FF0BF0 A7=00FF0BDA D0=00000014 D1=00000780 D2=00000006 D3=0000FFFF D4=0000FFFF D5=000000FF D6=00000004 D7=0000420A xnzvc
00:6B1E  16 1A  MOVE.B  (A2)+,D3                 A0=00006B1C A1=00C00000 A2=00007372 A3=00FF2CFE A4=00000100 A5=FFFF80C8 A6=00FF0BF0 A7=00FF0BDA D0=00000014 D1=00000780 D2=00000006 D3=00000000 D4=0000FFFF D5=000000FF D6=00000004 D7=0000420A xnZvc
00:6B20  48 47  SWAP.W  D7                       A0=00006B1C A1=00C00000 A2=00007373 A3=00FF2CFE A4=00000100 A5=FFFF80C8 A6=00FF0BF0 A7=00FF0BDA D0=00000014 D1=00000780 D2=00000006 D3=00000018 D4=0000FFFF D5=000000FF D6=00000004 D7=0000420A xnzvc
00:6B22  42 47  CLR.W   D7                       A0=00006B1C A1=00C00000 A2=00007373 A3=00FF2CFE A4=00000100 A5=FFFF80C8 A6=00FF0BF0 A7=00FF0BDA D0=00000014 D1=00000780 D2=00000006 D3=00000018 D4=0000FFFF D5=000000FF D6=00000004 D7=420A0000 xnzvc
00:6B6C  1D 6E  MOVE.B  $FFF6(A6),$FFF4(A6)      A0=00006B1C A1=00C00000 A2=00007373 A3=00FF2CFE A4=00000100 A5=FFFF80C8 A6=00FF0BF0 A7=00FF0BD6 D0=0000001F D1=00000780 D2=00000006 D3=00000005 D4=0000FFFF D5=000000FF D6=00000004 D7=420A0000 XNzvC
00:6B72  60 C6  BRA     #$C6 [00:6B3A]           A0=00006B1C A1=00C00000 A2=00007373 A3=00FF2CFE A4=00000100 A5=FFFF80C8 A6=00FF0BF0 A7=00FF0BD6 D0=0000001F D1=00000780 D2=00000006 D3=00000005 D4=0000FFFF D5=000000FF D6=00000004 D7=420A0000 Xnzvc
00:6B3A  30 2E  MOVE.W  $FFFA(A6),D0             A0=00006B1C A1=00C00000 A2=00007373 A3=00FF2CFE A4=00000100 A5=FFFF80C8 A6=00FF0BF0 A7=00FF0BD6 D0=0000001F D1=00000780 D2=00000006 D3=00000005 D4=0000FFFF D5=000000FF D6=00000004 D7=420A0000 Xnzvc
00:6B3E  32 2E  MOVE.W  $FFFC(A6),D1             A0=00006B1C A1=00C00000 A2=00007373 A3=00FF2CFE A4=00000100 A5=FFFF80C8 A6=00FF0BF0 A7=00FF0BD6 D0=00000000 D1=00000780 D2=00000006 D3=00000005 D4=0000FFFF D5=000000FF D6=00000004 D7=420A0000 XnZvc
00:6B42  52 41  ADDQ.W  #1,D1                    A0=00006B1C A1=00C00000 A2=00007373 A3=00FF2CFE A4=00000100 A5=FFFF80C8 A6=00FF0BF0 A7=00FF0BD6 D0=00000000 D1=0000000F D2=00000006 D3=00000005 D4=0000FFFF D5=000000FF D6=00000004 D7=420A0000 Xnzvc
00:6B44  B2 78  CMP.W   ($8A72),D1               A0=00006B1C A1=00C00000 A2=00007373 A3=00FF2CFE A4=00000100 A5=FFFF80C8 A6=00FF0BF0 A7=00FF0BD6 D0=00000000 D1=00000010 D2=00000006 D3=00000005 D4=0000FFFF D5=000000FF D6=00000004 D7=420A0000 xnzvc
00:6B48  65 02  BCS     #$02 [00:6B4C]           A0=00006B1C A1=00C00000 A2=00007373 A3=00FF2CFE A4=00000100 A5=FFFF80C8 A6=00FF0BF0 A7=00FF0BD6 D0=00000000 D1=00000010 D2=00000006 D3=00000005 D4=0000FFFF D5=000000FF D6=00000004 D7=420A0000 xNzvC
00:6B4C  3D 41  MOVE.W  D1,$FFFC(A6)             A0=00006B1C A1=00C00000 A2=00007373 A3=00FF2CFE A4=00000100 A5=FFFF80C8 A6=00FF0BF0 A7=00FF0BD6 D0=00000000 D1=00000010 D2=00000006 D3=00000005 D4=0000FFFF D5=000000FF D6=00000004 D7=420A0000 xNzvC
00:6B50  3D 40  MOVE.W  D0,$FFFE(A6)             A0=00006B1C A1=00C00000 A2=00007373 A3=00FF2CFE A4=00000100 A5=FFFF80C8 A6=00FF0BF0 A7=00FF0BD6 D0=00000000 D1=00000010 D2=00000006 D3=00000005 D4=0000FFFF D5=000000FF D6=00000004 D7=420A0000 xnzvc
00:6B54  61 00  BSR     #$FF46 [00:6A9C]         A0=00006B1C A1=00C00000 A2=00007373 A3=00FF2CFE A4=00000100 A5=FFFF80C8 A6=00FF0BF0 A7=00FF0BD6 D0=00000000 D1=00000010 D2=00000006 D3=00000005 D4=0000FFFF D5=000000FF D6=00000004 D7=420A0000 xnZvc
00:6A9C  4E B8  JSR     ($05CA)                  A0=00006B1C A1=00C00000 A2=00007373 A3=00FF2CFE A4=00000100 A5=FFFF80C8 A6=00FF0BF0 A7=00FF0BD2 D0=00000000 D1=00000010 D2=00000006 D3=00000005 D4=0000FFFF D5=000000FF D6=00000004 D7=420A0000 xnZvc
00:05CA  D0 40  ADD.W   D0,D0                    A0=00006B1C A1=00C00000 A2=00007373 A3=00FF2CFE A4=00000100 A5=FFFF80C8 A6=00FF0BF0 A7=00FF0BCE D0=00000000 D1=00000010 D2=00000006 D3=00000005 D4=0000FFFF D5=000000FF D6=00000004 D7=420A0000 xnZvc
00:05CC  D2 41  ADD.W   D1,D1                    A0=00006B1C A1=00C00000 A2=00007373 A3=00FF2CFE A4=00000100 A5=FFFF80C8 A6=00FF0BF0 A7=00FF0BCE D0=00000000 D1=00000010 D2=00000006 D3=00000005 D4=0000FFFF D5=000000FF D6=00000004 D7=420A0000 xnZvc
00:05CE  14 38  MOVE.B  ($8A8A),D2               A0=00006B1C A1=00C00000 A2=00007373 A3=00FF2CFE A4=00000100 A5=FFFF80C8 A6=00FF0BF0 A7=00FF0BCE D0=00000000 D1=00000020 D2=00000006 D3=00000005 D4=0000FFFF D5=000000FF D6=00000004 D7=420A0000 xnzvc
00:05D2  E5 61  ASL.W   D2,D1                    A0=00006B1C A1=00C00000 A2=00007373 A3=00FF2CFE A4=00000100 A5=FFFF80C8 A6=00FF0BF0 A7=00FF0BCE D0=00000000 D1=00000020 D2=00000006 D3=00000005 D4=0000FFFF D5=000000FF D6=00000004 D7=420A0000 xnzvc
00:05D4  D0 41  ADD.W   D1,D0                    A0=00006B1C A1=00C00000 A2=00007373 A3=00FF2CFE A4=00000100 A5=FFFF80C8 A6=00FF0BF0 A7=00FF0BCE D0=00000000 D1=00000800 D2=00000006 D3=00000005 D4=0000FFFF D5=000000FF D6=00000004 D7=420A0000 xnzvc
00:05D6  4E 75  RTS                              A0=00006B1C A1=00C00000 A2=00007373 A3=00FF2CFE A4=00000100 A5=FFFF80C8 A6=00FF0BF0 A7=00FF0BCE D0=00000800 D1=00000800 D2=00000006 D3=00000005 D4=0000FFFF D5=000000FF D6=00000004 D7=420A0000 xnzvc
00:6AA0  D0 6E  ADD.W   $FFF2(A6),D0             A0=00006B1C A1=00C00000 A2=00007373 A3=00FF2CFE A4=00000100 A5=FFFF80C8 A6=00FF0BF0 A7=00FF0BD2 D0=00000800 D1=00000800 D2=00000006 D3=00000005 D4=0000FFFF D5=000000FF D6=00000004 D7=420A0000 xnzvc
00:6AA4  4E 75  RTS                              A0=00006B1C A1=00C00000 A2=00007373 A3=00FF2CFE A4=00000100 A5=FFFF80C8 A6=00FF0BF0 A7=00FF0BD2 D0=0000C800 D1=00000800 D2=00000006 D3=00000005 D4=0000FFFF D5=000000FF D6=00000004 D7=420A0000 xNzvc
00:6B58  4E B8  JSR     ($05A0)                  A0=00006B1C A1=00C00000 A2=00007373 A3=00FF2CFE A4=00000100 A5=FFFF80C8 A6=00FF0BF0 A7=00FF0BD6 D0=0000C800 D1=00000800 D2=00000006 D3=00000005 D4=0000FFFF D5=000000FF D6=00000004 D7=420A0000 xNzvc
00:05A0  E5 80  ASL.L   #2,D0                    A0=00006B1C A1=00C00000 A2=00007373 A3=00FF2CFE A4=00000100 A5=FFFF80C8 A6=00FF0BF0 A7=00FF0BD2 D0=0000C800 D1=00000800 D2=00000006 D3=00000005 D4=0000FFFF D5=000000FF D6=00000004 D7=420A0000 xNzvc
00:05A2  E4 48  LSR.W   #2,D0                    A0=00006B1C A1=00C00000 A2=00007373 A3=00FF2CFE A4=00000100 A5=FFFF80C8 A6=00FF0BF0 A7=00FF0BD2 D0=00032000 D1=00000800 D2=00000006 D3=00000005 D4=0000FFFF D5=000000FF D6=00000004 D7=420A0000 xnzvc
00:05A4  00 40  ORI.W   #$4000,D0                A0=00006B1C A1=00C00000 A2=00007373 A3=00FF2CFE A4=00000100 A5=FFFF80C8 A6=00FF0BF0 A7=00FF0BD2 D0=00030800 D1=00000800 D2=00000006 D3=00000005 D4=0000FFFF D5=000000FF D6=00000004 D7=420A0000 xnzvc
00:05A8  48 40  SWAP.W  D0                       A0=00006B1C A1=00C00000 A2=00007373 A3=00FF2CFE A4=00000100 A5=FFFF80C8 A6=00FF0BF0 A7=00FF0BD2 D0=00034800 D1=00000800 D2=00000006 D3=00000005 D4=0000FFFF D5=000000FF D6=00000004 D7=420A0000 xnzvc
00:05AA  02 40  ANDI.W  #$0003,D0                A0=00006B1C A1=00C00000 A2=00007373 A3=00FF2CFE A4=00000100 A5=FFFF80C8 A6=00FF0BF0 A7=00FF0BD2 D0=48000003 D1=00000800 D2=00000006 D3=00000005 D4=0000FFFF D5=000000FF D6=00000004 D7=420A0000 xnzvc
00:05AE  23 C0  MOVE.L  D0,($00C00004)           A0=00006B1C A1=00C00000 A2=00007373 A3=00FF2CFE A4=00000100 A5=FFFF80C8 A6=00FF0BF0 A7=00FF0BD2 D0=48000003 D1=00000800 D2=00000006 D3=00000005 D4=0000FFFF D5=000000FF D6=00000004 D7=420A0000 xnzvc
00:05B4  4E 75  RTS                              A0=00006B1C A1=00C00000 A2=00007373 A3=00FF2CFE A4=00000100 A5=FFFF80C8 A6=00FF0BF0 A7=00FF0BD2 D0=48000003 D1=00000800 D2=00000006 D3=00000005 D4=0000FFFF D5=000000FF D6=00000004 D7=420A0000 xnzvc
00:6B5C  43 F9  LEA     ($00C00000),A1           A0=00006B1C A1=00C00000 A2=00007373 A3=00FF2CFE A4=00000100 A5=FFFF80C8 A6=00FF0BF0 A7=00FF0BD6 D0=48000003 D1=00000800 D2=00000006 D3=00000005 D4=0000FFFF D5=000000FF D6=00000004 D7=420A0000 xnzvc
00:6B62  4E 75  RTS                              A0=00006B1C A1=00C00000 A2=00007373 A3=00FF2CFE A4=00000100 A5=FFFF80C8 A6=00FF0BF0 A7=00FF0BD6 D0=48000003 D1=00000800 D2=00000006 D3=00000005 D4=0000FFFF D5=000000FF D6=00000004 D7=420A0000 xnzvc
00:6B2C  48 47  SWAP.W  D7                       A0=00006B1C A1=00C00000 A2=00007373 A3=00FF2CFE A4=00000100 A5=FFFF80C8 A6=00FF0BF0 A7=00FF0BDA D0=48000005 D1=00000800 D2=00000006 D3=0000FFFF D4=0000FFFF D5=000000FF D6=00000004 D7=420A0000 XNzvC
00:6B2E  4E 75  RTS                              A0=00006B1C A1=00C00000 A2=00007373 A3=00FF2CFE A4=00000100 A5=FFFF80C8 A6=00FF0BF0 A7=00FF0BDA D0=48000005 D1=00000800 D2=00000006 D3=0000FFFF D4=0000FFFF D5=000000FF D6=00000004 D7=0000420A Xnzvc
00:69D6  60 E0  BRA     #$E0 [00:69B8]           A0=00006B1C A1=00C00000 A2=00007373 A3=00FF2CFE A4=00000100 A5=FFFF80C8 A6=00FF0BF0 A7=00FF0BDE D0=48000005 D1=00000800 D2=00000006 D3=0000FFFF D4=0000FFFF D5=000000FF D6=00000004 D7=0000420A Xnzvc
00:69B8  1E 1A  MOVE.B  (A2)+,D7                 A0=00006B1C A1=00C00000 A2=00007373 A3=00FF2CFE A4=00000100 A5=FFFF80C8 A6=00FF0BF0 A7=00FF0BDE D0=48000005 D1=00000800 D2=00000006 D3=0000FFFF D4=0000FFFF D5=000000FF D6=00000004 D7=0000420A Xnzvc
00:69BA  0C 07  CMPI.B  #$0C,D7                  A0=00006B1C A1=00C00000 A2=00007374 A3=00FF2CFE A4=00000100 A5=FFFF80C8 A6=00FF0BF0 A7=00FF0BDE D0=48000005 D1=00000800 D2=00000006 D3=0000FFFF D4=0000FFFF D5=000000FF D6=00000004 D7=00004202 Xnzvc
00:69BE  63 06  BLS     #$06 [00:69C6]           A0=00006B1C A1=00C00000 A2=00007374 A3=00FF2CFE A4=00000100 A5=FFFF80C8 A6=00FF0BF0 A7=00FF0BDE D0=48000005 D1=00000800 D2=00000006 D3=0000FFFF D4=0000FFFF D5=000000FF D6=00000004 D7=00004202 XNzvC
00:69C6  70 00  MOVEQ   #$00,D0                  A0=00006B1C A1=00C00000 A2=00007374 A3=00FF2CFE A4=00000100 A5=FFFF80C8 A6=00FF0BF0 A7=00FF0BDE D0=48000005 D1=00000800 D2=00000006 D3=0000FFFF D4=0000FFFF D5=000000FF D6=00000004 D7=00004202 XNzvC
00:69C8  10 07  MOVE.B  D7,D0                    A0=00006B1C A1=00C00000 A2=00007374 A3=00FF2CFE A4=00000100 A5=FFFF80C8 A6=00FF0BF0 A7=00FF0BDE D0=00000000 D1=00000800 D2=00000006 D3=0000FFFF D4=0000FFFF D5=000000FF D6=00000004 D7=00004202 XnZvc
00:69CA  D0 40  ADD.W   D0,D0                    A0=00006B1C A1=00C00000 A2=00007374 A3=00FF2CFE A4=00000100 A5=FFFF80C8 A6=00FF0BF0 A7=00FF0BDE D0=00000002 D1=00000800 D2=00000006 D3=0000FFFF D4=0000FFFF D5=000000FF D6=00000004 D7=00004202 Xnzvc
00:69CC  41 FA  LEA     $000A(PC),A0             A0=00006B1C A1=00C00000 A2=00007374 A3=00FF2CFE A4=00000100 A5=FFFF80C8 A6=00FF0BF0 A7=00FF0BDE D0=00000004 D1=00000800 D2=00000006 D3=0000FFFF D4=0000FFFF D5=000000FF D6=00000004 D7=00004202 xnzvc
00:69D0  D0 F0  ADDA.W  $00(A0,D0),A0            A0=000069D8 A1=00C00000 A2=00007374 A3=00FF2CFE A4=00000100 A5=FFFF80C8 A6=00FF0BF0 A7=00FF0BDE D0=00000004 D1=00000800 D2=00000006 D3=0000FFFF D4=0000FFFF D5=000000FF D6=00000004 D7=00004202 xnzvc
00:69D4  4E 90  JSR     (A0)                     A0=00006AA6 A1=00C00000 A2=00007374 A3=00FF2CFE A4=00000100 A5=FFFF80C8 A6=00FF0BF0 A7=00FF0BDE D0=00000004 D1=00000800 D2=00000006 D3=0000FFFF D4=0000FFFF D5=000000FF D6=00000004 D7=00004202 xnzvc
00:6AA6  1E 1A  MOVE.B  (A2)+,D7                 A0=00006AA6 A1=00C00000 A2=00007374 A3=00FF2CFE A4=00000100 A5=FFFF80C8 A6=00FF0BF0 A7=00FF0BDA D0=00000004 D1=00000800 D2=00000006 D3=0000FFFF D4=0000FFFF D5=000000FF D6=00000004 D7=00004202 xnzvc
00:6AA8  E1 47  ASL.W   #8,D7                    A0=00006AA6 A1=00C00000 A2=00007375 A3=00FF2CFE A4=00000100 A5=FFFF80C8 A6=00FF0BF0 A7=00FF0BDA D0=00000004 D1=00000800 D2=00000006 D3=0000FFFF D4=0000FFFF D5=000000FF D6=00000004 D7=00004242 xnzvc
00:6AAA  4E 75  RTS                              A0=00006AA6 A1=00C00000 A2=00007375 A3=00FF2CFE A4=00000100 A5=FFFF80C8 A6=00FF0BF0 A7=00FF0BDA D0=00000004 D1=00000800 D2=00000006 D3=0000FFFF D4=0000FFFF D5=000000FF D6=00000004 D7=00004200 xnzVc
00:69D6  60 E0  BRA     #$E0 [00:69B8]           A0=00006AA6 A1=00C00000 A2=00007375 A3=00FF2CFE A4=00000100 A5=FFFF80C8 A6=00FF0BF0 A7=00FF0BDE D0=00000004 D1=00000800 D2=00000006 D3=0000FFFF D4=0000FFFF D5=000000FF D6=00000004 D7=00004200 xnzVc
00:69B8  1E 1A  MOVE.B  (A2)+,D7                 A0=00006AA6 A1=00C00000 A2=00007375 A3=00FF2CFE A4=00000100 A5=FFFF80C8 A6=00FF0BF0 A7=00FF0BDE D0=00000004 D1=00000800 D2=00000006 D3=0000FFFF D4=0000FFFF D5=000000FF D6=00000004 D7=00004200 xnzVc
00:69BA  0C 07  CMPI.B  #$0C,D7                  A0=00006AA6 A1=00C00000 A2=00007376 A3=00FF2CFE A4=00000100 A5=FFFF80C8 A6=00FF0BF0 A7=00FF0BDE D0=00000004 D1=00000800 D2=00000006 D3=0000FFFF D4=0000FFFF D5=000000FF D6=00000004 D7=0000426F xnzvc
00:69BE  63 06  BLS     #$06 [00:69C6]           A0=00006AA6 A1=00C00000 A2=00007376 A3=00FF2CFE A4=00000100 A5=FFFF80C8 A6=00FF0BF0 A7=00FF0BDE D0=00000004 D1=00000800 D2=00000006 D3=0000FFFF D4=0000FFFF D5=000000FF D6=00000004 D7=0000426F xnzvc
00:69C0  61 00  BSR     #$01A2 [00:6B64]         A0=00006AA6 A1=00C00000 A2=00007376 A3=00FF2CFE A4=00000100 A5=FFFF80C8 A6=00FF0BF0 A7=00FF0BDE D0=00000004 D1=00000800 D2=00000006 D3=0000FFFF D4=0000FFFF D5=000000FF D6=00000004 D7=0000426F xnzvc
00:69C4  60 F2  BRA     #$F2 [00:69B8]           A0=00006AA6 A1=00C00000 A2=00007376 A3=00FF2CFE A4=00000100 A5=FFFF80C8 A6=00FF0BF0 A7=00FF0BDE D0=00000006 D1=00000800 D2=00000006 D3=0000FFFF D4=0000FFFF D5=000000FF D6=00000004 D7=0000426F xnzvc
00:69B8  1E 1A  MOVE.B  (A2)+,D7                 A0=00006AA6 A1=00C00000 A2=00007376 A3=00FF2CFE A4=00000100 A5=FFFF80C8 A6=00FF0BF0 A7=00FF0BDE D0=00000006 D1=00000800 D2=00000006 D3=0000FFFF D4=0000FFFF D5=000000FF D6=00000004 D7=0000426F xnzvc
00:69BA  0C 07  CMPI.B  #$0C,D7                  A0=00006AA6 A1=00C00000 A2=00007377 A3=00FF2CFE A4=00000100 A5=FFFF80C8 A6=00FF0BF0 A7=00FF0BDE D0=00000006 D1=00000800 D2=00000006 D3=0000FFFF D4=0000FFFF D5=000000FF D6=00000004 D7=00004204 xnzvc
00:69BE  63 06  BLS     #$06 [00:69C6]           A0=00006AA6 A1=00C00000 A2=00007377 A3=00FF2CFE A4=00000100 A5=FFFF80C8 A6=00FF0BF0 A7=00FF0BDE D0=00000006 D1=00000800 D2=00000006 D3=0000FFFF D4=0000FFFF D5=000000FF D6=00000004 D7=00004204 xNzvC
00:69C6  70 00  MOVEQ   #$00,D0                  A0=00006AA6 A1=00C00000 A2=00007377 A3=00FF2CFE A4=00000100 A5=FFFF80C8 A6=00FF0BF0 A7=00FF0BDE D0=00000006 D1=00000800 D2=00000006 D3=0000FFFF D4=0000FFFF D5=000000FF D6=00000004 D7=00004204 xNzvC
00:69C8  10 07  MOVE.B  D7,D0                    A0=00006AA6 A1=00C00000 A2=00007377 A3=00FF2CFE A4=00000100 A5=FFFF80C8 A6=00FF0BF0 A7=00FF0BDE D0=00000000 D1=00000800 D2=00000006 D3=0000FFFF D4=0000FFFF D5=000000FF D6=00000004 D7=00004204 xnZvc
00:69CA  D0 40  ADD.W   D0,D0                    A0=00006AA6 A1=00C00000 A2=00007377 A3=00FF2CFE A4=00000100 A5=FFFF80C8 A6=00FF0BF0 A7=00FF0BDE D0=00000004 D1=00000800 D2=00000006 D3=0000FFFF D4=0000FFFF D5=000000FF D6=00000004 D7=00004204 xnzvc
00:69CC  41 FA  LEA     $000A(PC),A0             A0=00006AA6 A1=00C00000 A2=00007377 A3=00FF2CFE A4=00000100 A5=FFFF80C8 A6=00FF0BF0 A7=00FF0BDE D0=00000008 D1=00000800 D2=00000006 D3=0000FFFF D4=0000FFFF D5=000000FF D6=00000004 D7=00004204 xnzvc
00:69D0  D0 F0  ADDA.W  $00(A0,D0),A0            A0=000069D8 A1=00C00000 A2=00007377 A3=00FF2CFE A4=00000100 A5=FFFF80C8 A6=00FF0BF0 A7=00FF0BDE D0=00000008 D1=00000800 D2=00000006 D3=0000FFFF D4=0000FFFF D5=000000FF D6=00000004 D7=00004204 xnzvc
00:69D4  4E 90  JSR     (A0)                     A0=00006ABC A1=00C00000 A2=00007377 A3=00FF2CFE A4=00000100 A5=FFFF80C8 A6=00FF0BF0 A7=00FF0BDE D0=00000008 D1=00000800 D2=00000006 D3=0000FFFF D4=0000FFFF D5=000000FF D6=00000004 D7=00004204 xnzvc
00:6ABC  76 00  MOVEQ   #$00,D3                  A0=00006ABC A1=00C00000 A2=00007377 A3=00FF2CFE A4=00000100 A5=FFFF80C8 A6=00FF0BF0 A7=00FF0BDA D0=00000008 D1=00000800 D2=00000006 D3=0000FFFF D4=0000FFFF D5=000000FF D6=00000004 D7=00004204 xnzvc
00:6ABE  16 1A  MOVE.B  (A2)+,D3                 A0=00006ABC A1=00C00000 A2=00007377 A3=00FF2CFE A4=00000100 A5=FFFF80C8 A6=00FF0BF0 A7=00FF0BDA D0=00000008 D1=00000800 D2=00000006 D3=00000000 D4=0000FFFF D5=000000FF D6=00000004 D7=00004204 xnZvc
00:6AC0  1E 1A  MOVE.B  (A2)+,D7                 A0=00006ABC A1=00C00000 A2=00007378 A3=00FF2CFE A4=00000100 A5=FFFF80C8 A6=00FF0BF0 A7=00FF0BDA D0=00000008 D1=00000800 D2=00000006 D3=00000005 D4=0000FFFF D5=000000FF D6=00000004 D7=00004204 xnzvc
00:6AC2  61 00  BSR     #$001C [00:6AE0]         A0=00006ABC A1=00C00000 A2=00007379 A3=00FF2CFE A4=00000100 A5=FFFF80C8 A6=00FF0BF0 A7=00FF0BDA D0=00000008 D1=00000800 D2=00000006 D3=00000005 D4=0000FFFF D5=000000FF D6=00000004 D7=00004280 xNzvc
00:6AEA  4E 75  RTS                              A0=00006ABC A1=00C00000 A2=00007379 A3=00FF2CFE A4=00000100 A5=FFFF80C8 A6=00FF0BF0 A7=00FF0BD6 D0=0000000C D1=00000800 D2=00000006 D3=0000FFFF D4=0000FFFF D5=000000FF D6=00000004 D7=00004286 XNzvC
00:6AC6  4E 75  RTS                              A0=00006ABC A1=00C00000 A2=00007379 A3=00FF2CFE A4=00000100 A5=FFFF80C8 A6=00FF0BF0 A7=00FF0BDA D0=0000000C D1=00000800 D2=00000006 D3=0000FFFF D4=0000FFFF D5=000000FF D6=00000004 D7=00004286 XNzvC
00:69D6  60 E0  BRA     #$E0 [00:69B8]           A0=00006ABC A1=00C00000 A2=00007379 A3=00FF2CFE A4=00000100 A5=FFFF80C8 A6=00FF0BF0 A7=00FF0BDE D0=0000000C D1=00000800 D2=00000006 D3=0000FFFF D4=0000FFFF D5=000000FF D6=00000004 D7=00004286 XNzvC
00:69B8  1E 1A  MOVE.B  (A2)+,D7                 A0=00006ABC A1=00C00000 A2=00007379 A3=00FF2CFE A4=00000100 A5=FFFF80C8 A6=00FF0BF0 A7=00FF0BDE D0=0000000C D1=00000800 D2=00000006 D3=0000FFFF D4=0000FFFF D5=000000FF D6=00000004 D7=00004286 XNzvC
00:69BA  0C 07  CMPI.B  #$0C,D7                  A0=00006ABC A1=00C00000 A2=0000737A A3=00FF2CFE A4=00000100 A5=FFFF80C8 A6=00FF0BF0 A7=00FF0BDE D0=0000000C D1=00000800 D2=00000006 D3=0000FFFF D4=0000FFFF D5=000000FF D6=00000004 D7=0000420A Xnzvc
00:69BE  63 06  BLS     #$06 [00:69C6]           A0=00006ABC A1=00C00000 A2=0000737A A3=00FF2CFE A4=00000100 A5=FFFF80C8 A6=00FF0BF0 A7=00FF0BDE D0=0000000C D1=00000800 D2=00000006 D3=0000FFFF D4=0000FFFF D5=000000FF D6=00000004 D7=0000420A XNzvC
00:69C6  70 00  MOVEQ   #$00,D0                  A0=00006ABC A1=00C00000 A2=0000737A A3=00FF2CFE A4=00000100 A5=FFFF80C8 A6=00FF0BF0 A7=00FF0BDE D0=0000000C D1=00000800 D2=00000006 D3=0000FFFF D4=0000FFFF D5=000000FF D6=00000004 D7=0000420A XNzvC
00:69C8  10 07  MOVE.B  D7,D0                    A0=00006ABC A1=00C00000 A2=0000737A A3=00FF2CFE A4=00000100 A5=FFFF80C8 A6=00FF0BF0 A7=00FF0BDE D0=00000000 D1=00000800 D2=00000006 D3=0000FFFF D4=0000FFFF D5=000000FF D6=00000004 D7=0000420A XnZvc
00:69CA  D0 40  ADD.W   D0,D0                    A0=00006ABC A1=00C00000 A2=0000737A A3=00FF2CFE A4=00000100 A5=FFFF80C8 A6=00FF0BF0 A7=00FF0BDE D0=0000000A D1=00000800 D2=00000006 D3=0000FFFF D4=0000FFFF D5=000000FF D6=00000004 D7=0000420A Xnzvc
00:69CC  41 FA  LEA     $000A(PC),A0             A0=00006ABC A1=00C00000 A2=0000737A A3=00FF2CFE A4=00000100 A5=FFFF80C8 A6=00FF0BF0 A7=00FF0BDE D0=00000014 D1=00000800 D2=00000006 D3=0000FFFF D4=0000FFFF D5=000000FF D6=00000004 D7=0000420A xnzvc
00:69D0  D0 F0  ADDA.W  $00(A0,D0),A0            A0=000069D8 A1=00C00000 A2=0000737A A3=00FF2CFE A4=00000100 A5=FFFF80C8 A6=00FF0BF0 A7=00FF0BDE D0=00000014 D1=00000800 D2=00000006 D3=0000FFFF D4=0000FFFF D5=000000FF D6=00000004 D7=0000420A xnzvc
00:69D4  4E 90  JSR     (A0)                     A0=00006B1C A1=00C00000 A2=0000737A A3=00FF2CFE A4=00000100 A5=FFFF80C8 A6=00FF0BF0 A7=00FF0BDE D0=00000014 D1=00000800 D2=00000006 D3=0000FFFF D4=0000FFFF D5=000000FF D6=00000004 D7=0000420A xnzvc
00:6B1C  76 00  MOVEQ   #$00,D3                  A0=00006B1C A1=00C00000 A2=0000737A A3=00FF2CFE A4=00000100 A5=FFFF80C8 A6=00FF0BF0 A7=00FF0BDA D0=00000014 D1=00000800 D2=00000006 D3=0000FFFF D4=0000FFFF D5=000000FF D6=00000004 D7=0000420A xnzvc
00:6B1E  16 1A  MOVE.B  (A2)+,D3                 A0=00006B1C A1=00C00000 A2=0000737A A3=00FF2CFE A4=00000100 A5=FFFF80C8 A6=00FF0BF0 A7=00FF0BDA D0=00000014 D1=00000800 D2=00000006 D3=00000000 D4=0000FFFF D5=000000FF D6=00000004 D7=0000420A xnZvc
00:6B20  48 47  SWAP.W  D7                       A0=00006B1C A1=00C00000 A2=0000737B A3=00FF2CFE A4=00000100 A5=FFFF80C8 A6=00FF0BF0 A7=00FF0BDA D0=00000014 D1=00000800 D2=00000006 D3=00000018 D4=0000FFFF D5=000000FF D6=00000004 D7=0000420A xnzvc
00:6B22  42 47  CLR.W   D7                       A0=00006B1C A1=00C00000 A2=0000737B A3=00FF2CFE A4=00000100 A5=FFFF80C8 A6=00FF0BF0 A7=00FF0BDA D0=00000014 D1=00000800 D2=00000006 D3=00000018 D4=0000FFFF D5=000000FF D6=00000004 D7=420A0000 xnzvc
00:6B6C  1D 6E  MOVE.B  $FFF6(A6),$FFF4(A6)      A0=00006B1C A1=00C00000 A2=0000737B A3=00FF2CFE A4=00000100 A5=FFFF80C8 A6=00FF0BF0 A7=00FF0BD6 D0=0000001F D1=00000800 D2=00000006 D3=00000005 D4=0000FFFF D5=000000FF D6=00000004 D7=420A0000 XNzvC
00:6B72  60 C6  BRA     #$C6 [00:6B3A]           A0=00006B1C A1=00C00000 A2=0000737B A3=00FF2CFE A4=00000100 A5=FFFF80C8 A6=00FF0BF0 A7=00FF0BD6 D0=0000001F D1=00000800 D2=00000006 D3=00000005 D4=0000FFFF D5=000000FF D6=00000004 D7=420A0000 Xnzvc
00:6B3A  30 2E  MOVE.W  $FFFA(A6),D0             A0=00006B1C A1=00C00000 A2=0000737B A3=00FF2CFE A4=00000100 A5=FFFF80C8 A6=00FF0BF0 A7=00FF0BD6 D0=0000001F D1=00000800 D2=00000006 D3=00000005 D4=0000FFFF D5=000000FF D6=00000004 D7=420A0000 Xnzvc
00:6B3E  32 2E  MOVE.W  $FFFC(A6),D1             A0=00006B1C A1=00C00000 A2=0000737B A3=00FF2CFE A4=00000100 A5=FFFF80C8 A6=00FF0BF0 A7=00FF0BD6 D0=00000000 D1=00000800 D2=00000006 D3=00000005 D4=0000FFFF D5=000000FF D6=00000004 D7=420A0000 XnZvc
00:6B42  52 41  ADDQ.W  #1,D1                    A0=00006B1C A1=00C00000 A2=0000737B A3=00FF2CFE A4=00000100 A5=FFFF80C8 A6=00FF0BF0 A7=00FF0BD6 D0=00000000 D1=00000010 D2=00000006 D3=00000005 D4=0000FFFF D5=000000FF D6=00000004 D7=420A0000 Xnzvc
00:6B44  B2 78  CMP.W   ($8A72),D1               A0=00006B1C A1=00C00000 A2=0000737B A3=00FF2CFE A4=00000100 A5=FFFF80C8 A6=00FF0BF0 A7=00FF0BD6 D0=00000000 D1=00000011 D2=00000006 D3=00000005 D4=0000FFFF D5=000000FF D6=00000004 D7=420A0000 xnzvc
00:6B48  65 02  BCS     #$02 [00:6B4C]           A0=00006B1C A1=00C00000 A2=0000737B A3=00FF2CFE A4=00000100 A5=FFFF80C8 A6=00FF0BF0 A7=00FF0BD6 D0=00000000 D1=00000011 D2=00000006 D3=00000005 D4=0000FFFF D5=000000FF D6=00000004 D7=420A0000 xNzvC
00:6B4C  3D 41  MOVE.W  D1,$FFFC(A6)             A0=00006B1C A1=00C00000 A2=0000737B A3=00FF2CFE A4=00000100 A5=FFFF80C8 A6=00FF0BF0 A7=00FF0BD6 D0=00000000 D1=00000011 D2=00000006 D3=00000005 D4=0000FFFF D5=000000FF D6=00000004 D7=420A0000 xNzvC
00:6B50  3D 40  MOVE.W  D0,$FFFE(A6)             A0=00006B1C A1=00C00000 A2=0000737B A3=00FF2CFE A4=00000100 A5=FFFF80C8 A6=00FF0BF0 A7=00FF0BD6 D0=00000000 D1=00000011 D2=00000006 D3=00000005 D4=0000FFFF D5=000000FF D6=00000004 D7=420A0000 xnzvc
00:6B54  61 00  BSR     #$FF46 [00:6A9C]         A0=00006B1C A1=00C00000 A2=0000737B A3=00FF2CFE A4=00000100 A5=FFFF80C8 A6=00FF0BF0 A7=00FF0BD6 D0=00000000 D1=00000011 D2=00000006 D3=00000005 D4=0000FFFF D5=000000FF D6=00000004 D7=420A0000 xnZvc
00:6A9C  4E B8  JSR     ($05CA)                  A0=00006B1C A1=00C00000 A2=0000737B A3=00FF2CFE A4=00000100 A5=FFFF80C8 A6=00FF0BF0 A7=00FF0BD2 D0=00000000 D1=00000011 D2=00000006 D3=00000005 D4=0000FFFF D5=000000FF D6=00000004 D7=420A0000 xnZvc
00:05CA  D0 40  ADD.W   D0,D0                    A0=00006B1C A1=00C00000 A2=0000737B A3=00FF2CFE A4=00000100 A5=FFFF80C8 A6=00FF0BF0 A7=00FF0BCE D0=00000000 D1=00000011 D2=00000006 D3=00000005 D4=0000FFFF D5=000000FF D6=00000004 D7=420A0000 xnZvc
00:05CC  D2 41  ADD.W   D1,D1                    A0=00006B1C A1=00C00000 A2=0000737B A3=00FF2CFE A4=00000100 A5=FFFF80C8 A6=00FF0BF0 A7=00FF0BCE D0=00000000 D1=00000011 D2=00000006 D3=00000005 D4=0000FFFF D5=000000FF D6=00000004 D7=420A0000 xnZvc
00:05CE  14 38  MOVE.B  ($8A8A),D2               A0=00006B1C A1=00C00000 A2=0000737B A3=00FF2CFE A4=00000100 A5=FFFF80C8 A6=00FF0BF0 A7=00FF0BCE D0=00000000 D1=00000022 D2=00000006 D3=00000005 D4=0000FFFF D5=000000FF D6=00000004 D7=420A0000 xnzvc
00:05D2  E5 61  ASL.W   D2,D1                    A0=00006B1C A1=00C00000 A2=0000737B A3=00FF2CFE A4=00000100 A5=FFFF80C8 A6=00FF0BF0 A7=00FF0BCE D0=00000000 D1=00000022 D2=00000006 D3=00000005 D4=0000FFFF D5=000000FF D6=00000004 D7=420A0000 xnzvc
00:05D4  D0 41  ADD.W   D1,D0                    A0=00006B1C A1=00C00000 A2=0000737B A3=00FF2CFE A4=00000100 A5=FFFF80C8 A6=00FF0BF0 A7=00FF0BCE D0=00000000 D1=00000880 D2=00000006 D3=00000005 D4=0000FFFF D5=000000FF D6=00000004 D7=420A0000 xnzvc
00:05D6  4E 75  RTS                              A0=00006B1C A1=00C00000 A2=0000737B A3=00FF2CFE A4=00000100 A5=FFFF80C8 A6=00FF0BF0 A7=00FF0BCE D0=00000880 D1=00000880 D2=00000006 D3=00000005 D4=0000FFFF D5=000000FF D6=00000004 D7=420A0000 xnzvc
00:6AA0  D0 6E  ADD.W   $FFF2(A6),D0             A0=00006B1C A1=00C00000 A2=0000737B A3=00FF2CFE A4=00000100 A5=FFFF80C8 A6=00FF0BF0 A7=00FF0BD2 D0=00000880 D1=00000880 D2=00000006 D3=00000005 D4=0000FFFF D5=000000FF D6=00000004 D7=420A0000 xnzvc
00:6AA4  4E 75  RTS                              A0=00006B1C A1=00C00000 A2=0000737B A3=00FF2CFE A4=00000100 A5=FFFF80C8 A6=00FF0BF0 A7=00FF0BD2 D0=0000C880 D1=00000880 D2=00000006 D3=00000005 D4=0000FFFF D5=000000FF D6=00000004 D7=420A0000 xNzvc
00:6B58  4E B8  JSR     ($05A0)                  A0=00006B1C A1=00C00000 A2=0000737B A3=00FF2CFE A4=00000100 A5=FFFF80C8 A6=00FF0BF0 A7=00FF0BD6 D0=0000C880 D1=00000880 D2=00000006 D3=00000005 D4=0000FFFF D5=000000FF D6=00000004 D7=420A0000 xNzvc
00:05A0  E5 80  ASL.L   #2,D0                    A0=00006B1C A1=00C00000 A2=0000737B A3=00FF2CFE A4=00000100 A5=FFFF80C8 A6=00FF0BF0 A7=00FF0BD2 D0=0000C880 D1=00000880 D2=00000006 D3=00000005 D4=0000FFFF D5=000000FF D6=00000004 D7=420A0000 xNzvc
00:05A2  E4 48  LSR.W   #2,D0                    A0=00006B1C A1=00C00000 A2=0000737B A3=00FF2CFE A4=00000100 A5=FFFF80C8 A6=00FF0BF0 A7=00FF0BD2 D0=00032200 D1=00000880 D2=00000006 D3=00000005 D4=0000FFFF D5=000000FF D6=00000004 D7=420A0000 xnzvc
00:05A4  00 40  ORI.W   #$4000,D0                A0=00006B1C A1=00C00000 A2=0000737B A3=00FF2CFE A4=00000100 A5=FFFF80C8 A6=00FF0BF0 A7=00FF0BD2 D0=00030880 D1=00000880 D2=00000006 D3=00000005 D4=0000FFFF D5=000000FF D6=00000004 D7=420A0000 xnzvc
00:05A8  48 40  SWAP.W  D0                       A0=00006B1C A1=00C00000 A2=0000737B A3=00FF2CFE A4=00000100 A5=FFFF80C8 A6=00FF0BF0 A7=00FF0BD2 D0=00034880 D1=00000880 D2=00000006 D3=00000005 D4=0000FFFF D5=000000FF D6=00000004 D7=420A0000 xnzvc
00:05AA  02 40  ANDI.W  #$0003,D0                A0=00006B1C A1=00C00000 A2=0000737B A3=00FF2CFE A4=00000100 A5=FFFF80C8 A6=00FF0BF0 A7=00FF0BD2 D0=48800003 D1=00000880 D2=00000006 D3=00000005 D4=0000FFFF D5=000000FF D6=00000004 D7=420A0000 xnzvc
00:05AE  23 C0  MOVE.L  D0,($00C00004)           A0=00006B1C A1=00C00000 A2=0000737B A3=00FF2CFE A4=00000100 A5=FFFF80C8 A6=00FF0BF0 A7=00FF0BD2 D0=48800003 D1=00000880 D2=00000006 D3=00000005 D4=0000FFFF D5=000000FF D6=00000004 D7=420A0000 xnzvc
00:05B4  4E 75  RTS                              A0=00006B1C A1=00C00000 A2=0000737B A3=00FF2CFE A4=00000100 A5=FFFF80C8 A6=00FF0BF0 A7=00FF0BD2 D0=48800003 D1=00000880 D2=00000006 D3=00000005 D4=0000FFFF D5=000000FF D6=00000004 D7=420A0000 xnzvc
00:6B5C  43 F9  LEA     ($00C00000),A1           A0=00006B1C A1=00C00000 A2=0000737B A3=00FF2CFE A4=00000100 A5=FFFF80C8 A6=00FF0BF0 A7=00FF0BD6 D0=48800003 D1=00000880 D2=00000006 D3=00000005 D4=0000FFFF D5=000000FF D6=00000004 D7=420A0000 xnzvc
00:6B62  4E 75  RTS                              A0=00006B1C A1=00C00000 A2=0000737B A3=00FF2CFE A4=00000100 A5=FFFF80C8 A6=00FF0BF0 A7=00FF0BD6 D0=48800003 D1=00000880 D2=00000006 D3=00000005 D4=0000FFFF D5=000000FF D6=00000004 D7=420A0000 xnzvc
00:6B2C  48 47  SWAP.W  D7                       A0=00006B1C A1=00C00000 A2=0000737B A3=00FF2CFE A4=00000100 A5=FFFF80C8 A6=00FF0BF0 A7=00FF0BDA D0=48800005 D1=00000880 D2=00000006 D3=0000FFFF D4=0000FFFF D5=000000FF D6=00000004 D7=420A0000 XNzvC
00:6B2E  4E 75  RTS                              A0=00006B1C A1=00C00000 A2=0000737B A3=00FF2CFE A4=00000100 A5=FFFF80C8 A6=00FF0BF0 A7=00FF0BDA D0=48800005 D1=00000880 D2=00000006 D3=0000FFFF D4=0000FFFF D5=000000FF D6=00000004 D7=0000420A Xnzvc
00:69D6  60 E0  BRA     #$E0 [00:69B8]           A0=00006B1C A1=00C00000 A2=0000737B A3=00FF2CFE A4=00000100 A5=FFFF80C8 A6=00FF0BF0 A7=00FF0BDE D0=48800005 D1=00000880 D2=00000006 D3=0000FFFF D4=0000FFFF D5=000000FF D6=00000004 D7=0000420A Xnzvc
00:69B8  1E 1A  MOVE.B  (A2)+,D7                 A0=00006B1C A1=00C00000 A2=0000737B A3=00FF2CFE A4=00000100 A5=FFFF80C8 A6=00FF0BF0 A7=00FF0BDE D0=48800005 D1=00000880 D2=00000006 D3=0000FFFF D4=0000FFFF D5=000000FF D6=00000004 D7=0000420A Xnzvc
00:69BA  0C 07  CMPI.B  #$0C,D7                  A0=00006B1C A1=00C00000 A2=0000737C A3=00FF2CFE A4=00000100 A5=FFFF80C8 A6=00FF0BF0 A7=00FF0BDE D0=48800005 D1=00000880 D2=00000006 D3=0000FFFF D4=0000FFFF D5=000000FF D6=00000004 D7=00004202 Xnzvc
00:69BE  63 06  BLS     #$06 [00:69C6]           A0=00006B1C A1=00C00000 A2=0000737C A3=00FF2CFE A4=00000100 A5=FFFF80C8 A6=00FF0BF0 A7=00FF0BDE D0=48800005 D1=00000880 D2=00000006 D3=0000FFFF D4=0000FFFF D5=000000FF D6=00000004 D7=00004202 XNzvC
00:69C6  70 00  MOVEQ   #$00,D0                  A0=00006B1C A1=00C00000 A2=0000737C A3=00FF2CFE A4=00000100 A5=FFFF80C8 A6=00FF0BF0 A7=00FF0BDE D0=48800005 D1=00000880 D2=00000006 D3=0000FFFF D4=0000FFFF D5=000000FF D6=00000004 D7=00004202 XNzvC
00:69C8  10 07  MOVE.B  D7,D0                    A0=00006B1C A1=00C00000 A2=0000737C A3=00FF2CFE A4=00000100 A5=FFFF80C8 A6=00FF0BF0 A7=00FF0BDE D0=00000000 D1=00000880 D2=00000006 D3=0000FFFF D4=0000FFFF D5=000000FF D6=00000004 D7=00004202 XnZvc
00:69CA  D0 40  ADD.W   D0,D0                    A0=00006B1C A1=00C00000 A2=0000737C A3=00FF2CFE A4=00000100 A5=FFFF80C8 A6=00FF0BF0 A7=00FF0BDE D0=00000002 D1=00000880 D2=00000006 D3=0000FFFF D4=0000FFFF D5=000000FF D6=00000004 D7=00004202 Xnzvc
00:69CC  41 FA  LEA     $000A(PC),A0             A0=00006B1C A1=00C00000 A2=0000737C A3=00FF2CFE A4=00000100 A5=FFFF80C8 A6=00FF0BF0 A7=00FF0BDE D0=00000004 D1=00000880 D2=00000006 D3=0000FFFF D4=0000FFFF D5=000000FF D6=00000004 D7=00004202 xnzvc
00:69D0  D0 F0  ADDA.W  $00(A0,D0),A0            A0=000069D8 A1=00C00000 A2=0000737C A3=00FF2CFE A4=00000100 A5=FFFF80C8 A6=00FF0BF0 A7=00FF0BDE D0=00000004 D1=00000880 D2=00000006 D3=0000FFFF D4=0000FFFF D5=000000FF D6=00000004 D7=00004202 xnzvc
00:69D4  4E 90  JSR     (A0)                     A0=00006AA6 A1=00C00000 A2=0000737C A3=00FF2CFE A4=00000100 A5=FFFF80C8 A6=00FF0BF0 A7=00FF0BDE D0=00000004 D1=00000880 D2=00000006 D3=0000FFFF D4=0000FFFF D5=000000FF D6=00000004 D7=00004202 xnzvc
00:6AA6  1E 1A  MOVE.B  (A2)+,D7                 A0=00006AA6 A1=00C00000 A2=0000737C A3=00FF2CFE A4=00000100 A5=FFFF80C8 A6=00FF0BF0 A7=00FF0BDA D0=00000004 D1=00000880 D2=00000006 D3=0000FFFF D4=0000FFFF D5=000000FF D6=00000004 D7=00004202 xnzvc
00:6AA8  E1 47  ASL.W   #8,D7                    A0=00006AA6 A1=00C00000 A2=0000737D A3=00FF2CFE A4=00000100 A5=FFFF80C8 A6=00FF0BF0 A7=00FF0BDA D0=00000004 D1=00000880 D2=00000006 D3=0000FFFF D4=0000FFFF D5=000000FF D6=00000004 D7=00004242 xnzvc
00:6AAA  4E 75  RTS                              A0=00006AA6 A1=00C00000 A2=0000737D A3=00FF2CFE A4=00000100 A5=FFFF80C8 A6=00FF0BF0 A7=00FF0BDA D0=00000004 D1=00000880 D2=00000006 D3=0000FFFF D4=0000FFFF D5=000000FF D6=00000004 D7=00004200 xnzVc
00:69D6  60 E0  BRA     #$E0 [00:69B8]           A0=00006AA6 A1=00C00000 A2=0000737D A3=00FF2CFE A4=00000100 A5=FFFF80C8 A6=00FF0BF0 A7=00FF0BDE D0=00000004 D1=00000880 D2=00000006 D3=0000FFFF D4=0000FFFF D5=000000FF D6=00000004 D7=00004200 xnzVc
00:69B8  1E 1A  MOVE.B  (A2)+,D7                 A0=00006AA6 A1=00C00000 A2=0000737D A3=00FF2CFE A4=00000100 A5=FFFF80C8 A6=00FF0BF0 A7=00FF0BDE D0=00000004 D1=00000880 D2=00000006 D3=0000FFFF D4=0000FFFF D5=000000FF D6=00000004 D7=00004200 xnzVc
00:69BA  0C 07  CMPI.B  #$0C,D7                  A0=00006AA6 A1=00C00000 A2=0000737E A3=00FF2CFE A4=00000100 A5=FFFF80C8 A6=00FF0BF0 A7=00FF0BDE D0=00000004 D1=00000880 D2=00000006 D3=0000FFFF D4=0000FFFF D5=000000FF D6=00000004 D7=0000427F xnzvc
00:69BE  63 06  BLS     #$06 [00:69C6]           A0=00006AA6 A1=00C00000 A2=0000737E A3=00FF2CFE A4=00000100 A5=FFFF80C8 A6=00FF0BF0 A7=00FF0BDE D0=00000004 D1=00000880 D2=00000006 D3=0000FFFF D4=0000FFFF D5=000000FF D6=00000004 D7=0000427F xnzvc
00:69C0  61 00  BSR     #$01A2 [00:6B64]         A0=00006AA6 A1=00C00000 A2=0000737E A3=00FF2CFE A4=00000100 A5=FFFF80C8 A6=00FF0BF0 A7=00FF0BDE D0=00000004 D1=00000880 D2=00000006 D3=0000FFFF D4=0000FFFF D5=000000FF D6=00000004 D7=0000427F xnzvc
00:69C4  60 F2  BRA     #$F2 [00:69B8]           A0=00006AA6 A1=00C00000 A2=0000737E A3=00FF2CFE A4=00000100 A5=FFFF80C8 A6=00FF0BF0 A7=00FF0BDE D0=00000006 D1=00000880 D2=00000006 D3=0000FFFF D4=0000FFFF D5=000000FF D6=00000004 D7=0000427F xnzvc
00:69B8  1E 1A  MOVE.B  (A2)+,D7                 A0=00006AA6 A1=00C00000 A2=0000737E A3=00FF2CFE A4=00000100 A5=FFFF80C8 A6=00FF0BF0 A7=00FF0BDE D0=00000006 D1=00000880 D2=00000006 D3=0000FFFF D4=0000FFFF D5=000000FF D6=00000004 D7=0000427F xnzvc
00:69BA  0C 07  CMPI.B  #$0C,D7                  A0=00006AA6 A1=00C00000 A2=0000737F A3=00FF2CFE A4=00000100 A5=FFFF80C8 A6=00FF0BF0 A7=00FF0BDE D0=00000006 D1=00000880 D2=00000006 D3=0000FFFF D4=0000FFFF D5=000000FF D6=00000004 D7=00004204 xnzvc
00:69BE  63 06  BLS     #$06 [00:69C6]           A0=00006AA6 A1=00C00000 A2=0000737F A3=00FF2CFE A4=00000100 A5=FFFF80C8 A6=00FF0BF0 A7=00FF0BDE D0=00000006 D1=00000880 D2=00000006 D3=0000FFFF D4=0000FFFF D5=000000FF D6=00000004 D7=00004204 xNzvC
00:69C6  70 00  MOVEQ   #$00,D0                  A0=00006AA6 A1=00C00000 A2=0000737F A3=00FF2CFE A4=00000100 A5=FFFF80C8 A6=00FF0BF0 A7=00FF0BDE D0=00000006 D1=00000880 D2=00000006 D3=0000FFFF D4=0000FFFF D5=000000FF D6=00000004 D7=00004204 xNzvC
00:69C8  10 07  MOVE.B  D7,D0                    A0=00006AA6 A1=00C00000 A2=0000737F A3=00FF2CFE A4=00000100 A5=FFFF80C8 A6=00FF0BF0 A7=00FF0BDE D0=00000000 D1=00000880 D2=00000006 D3=0000FFFF D4=0000FFFF D5=000000FF D6=00000004 D7=00004204 xnZvc
00:69CA  D0 40  ADD.W   D0,D0                    A0=00006AA6 A1=00C00000 A2=0000737F A3=00FF2CFE A4=00000100 A5=FFFF80C8 A6=00FF0BF0 A7=00FF0BDE D0=00000004 D1=00000880 D2=00000006 D3=0000FFFF D4=0000FFFF D5=000000FF D6=00000004 D7=00004204 xnzvc
00:69CC  41 FA  LEA     $000A(PC),A0             A0=00006AA6 A1=00C00000 A2=0000737F A3=00FF2CFE A4=00000100 A5=FFFF80C8 A6=00FF0BF0 A7=00FF0BDE D0=00000008 D1=00000880 D2=00000006 D3=0000FFFF D4=0000FFFF D5=000000FF D6=00000004 D7=00004204 xnzvc
00:69D0  D0 F0  ADDA.W  $00(A0,D0),A0            A0=000069D8 A1=00C00000 A2=0000737F A3=00FF2CFE A4=00000100 A5=FFFF80C8 A6=00FF0BF0 A7=00FF0BDE D0=00000008 D1=00000880 D2=00000006 D3=0000FFFF D4=0000FFFF D5=000000FF D6=00000004 D7=00004204 xnzvc
00:69D4  4E 90  JSR     (A0)                     A0=00006ABC A1=00C00000 A2=0000737F A3=00FF2CFE A4=00000100 A5=FFFF80C8 A6=00FF0BF0 A7=00FF0BDE D0=00000008 D1=00000880 D2=00000006 D3=0000FFFF D4=0000FFFF D5=000000FF D6=00000004 D7=00004204 xnzvc
00:6ABC  76 00  MOVEQ   #$00,D3                  A0=00006ABC A1=00C00000 A2=0000737F A3=00FF2CFE A4=00000100 A5=FFFF80C8 A6=00FF0BF0 A7=00FF0BDA D0=00000008 D1=00000880 D2=00000006 D3=0000FFFF D4=0000FFFF D5=000000FF D6=00000004 D7=00004204 xnzvc
00:6ABE  16 1A  MOVE.B  (A2)+,D3                 A0=00006ABC A1=00C00000 A2=0000737F A3=00FF2CFE A4=00000100 A5=FFFF80C8 A6=00FF0BF0 A7=00FF0BDA D0=00000008 D1=00000880 D2=00000006 D3=00000000 D4=0000FFFF D5=000000FF D6=00000004 D7=00004204 xnZvc
00:6AC0  1E 1A  MOVE.B  (A2)+,D7                 A0=00006ABC A1=00C00000 A2=00007380 A3=00FF2CFE A4=00000100 A5=FFFF80C8 A6=00FF0BF0 A7=00FF0BDA D0=00000008 D1=00000880 D2=00000006 D3=00000005 D4=0000FFFF D5=000000FF D6=00000004 D7=00004204 xnzvc
00:6AC2  61 00  BSR     #$001C [00:6AE0]         A0=00006ABC A1=00C00000 A2=00007381 A3=00FF2CFE A4=00000100 A5=FFFF80C8 A6=00FF0BF0 A7=00FF0BDA D0=00000008 D1=00000880 D2=00000006 D3=00000005 D4=0000FFFF D5=000000FF D6=00000004 D7=00004290 xNzvc
00:6AEA  4E 75  RTS                              A0=00006ABC A1=00C00000 A2=00007381 A3=00FF2CFE A4=00000100 A5=FFFF80C8 A6=00FF0BF0 A7=00FF0BD6 D0=0000000C D1=00000880 D2=00000006 D3=0000FFFF D4=0000FFFF D5=000000FF D6=00000004 D7=00004296 XNzvC
00:6AC6  4E 75  RTS                              A0=00006ABC A1=00C00000 A2=00007381 A3=00FF2CFE A4=00000100 A5=FFFF80C8 A6=00FF0BF0 A7=00FF0BDA D0=0000000C D1=00000880 D2=00000006 D3=0000FFFF D4=0000FFFF D5=000000FF D6=00000004 D7=00004296 XNzvC
00:69D6  60 E0  BRA     #$E0 [00:69B8]           A0=00006ABC A1=00C00000 A2=00007381 A3=00FF2CFE A4=00000100 A5=FFFF80C8 A6=00FF0BF0 A7=00FF0BDE D0=0000000C D1=00000880 D2=00000006 D3=0000FFFF D4=0000FFFF D5=000000FF D6=00000004 D7=00004296 XNzvC
00:69B8  1E 1A  MOVE.B  (A2)+,D7                 A0=00006ABC A1=00C00000 A2=00007381 A3=00FF2CFE A4=00000100 A5=FFFF80C8 A6=00FF0BF0 A7=00FF0BDE D0=0000000C D1=00000880 D2=00000006 D3=0000FFFF D4=0000FFFF D5=000000FF D6=00000004 D7=00004296 XNzvC
00:69BA  0C 07  CMPI.B  #$0C,D7                  A0=00006ABC A1=00C00000 A2=00007382 A3=00FF2CFE A4=00000100 A5=FFFF80C8 A6=00FF0BF0 A7=00FF0BDE D0=0000000C D1=00000880 D2=00000006 D3=0000FFFF D4=0000FFFF D5=000000FF D6=00000004 D7=0000420A Xnzvc
00:69BE  63 06  BLS     #$06 [00:69C6]           A0=00006ABC A1=00C00000 A2=00007382 A3=00FF2CFE A4=00000100 A5=FFFF80C8 A6=00FF0BF0 A7=00FF0BDE D0=0000000C D1=00000880 D2=00000006 D3=0000FFFF D4=0000FFFF D5=000000FF D6=00000004 D7=0000420A XNzvC
00:69C6  70 00  MOVEQ   #$00,D0                  A0=00006ABC A1=00C00000 A2=00007382 A3=00FF2CFE A4=00000100 A5=FFFF80C8 A6=00FF0BF0 A7=00FF0BDE D0=0000000C D1=00000880 D2=00000006 D3=0000FFFF D4=0000FFFF D5=000000FF D6=00000004 D7=0000420A XNzvC
00:69C8  10 07  MOVE.B  D7,D0                    A0=00006ABC A1=00C00000 A2=00007382 A3=00FF2CFE A4=00000100 A5=FFFF80C8 A6=00FF0BF0 A7=00FF0BDE D0=00000000 D1=00000880 D2=00000006 D3=0000FFFF D4=0000FFFF D5=000000FF D6=00000004 D7=0000420A XnZvc
00:69CA  D0 40  ADD.W   D0,D0                    A0=00006ABC A1=00C00000 A2=00007382 A3=00FF2CFE A4=00000100 A5=FFFF80C8 A6=00FF0BF0 A7=00FF0BDE D0=0000000A D1=00000880 D2=00000006 D3=0000FFFF D4=0000FFFF D5=000000FF D6=00000004 D7=0000420A Xnzvc
00:69CC  41 FA  LEA     $000A(PC),A0             A0=00006ABC A1=00C00000 A2=00007382 A3=00FF2CFE A4=00000100 A5=FFFF80C8 A6=00FF0BF0 A7=00FF0BDE D0=00000014 D1=00000880 D2=00000006 D3=0000FFFF D4=0000FFFF D5=000000FF D6=00000004 D7=0000420A xnzvc
00:69D0  D0 F0  ADDA.W  $00(A0,D0),A0            A0=000069D8 A1=00C00000 A2=00007382 A3=00FF2CFE A4=00000100 A5=FFFF80C8 A6=00FF0BF0 A7=00FF0BDE D0=00000014 D1=00000880 D2=00000006 D3=0000FFFF D4=0000FFFF D5=000000FF D6=00000004 D7=0000420A xnzvc
00:69D4  4E 90  JSR     (A0)                     A0=00006B1C A1=00C00000 A2=00007382 A3=00FF2CFE A4=00000100 A5=FFFF80C8 A6=00FF0BF0 A7=00FF0BDE D0=00000014 D1=00000880 D2=00000006 D3=0000FFFF D4=0000FFFF D5=000000FF D6=00000004 D7=0000420A xnzvc
00:6B1C  76 00  MOVEQ   #$00,D3                  A0=00006B1C A1=00C00000 A2=00007382 A3=00FF2CFE A4=00000100 A5=FFFF80C8 A6=00FF0BF0 A7=00FF0BDA D0=00000014 D1=00000880 D2=00000006 D3=0000FFFF D4=0000FFFF D5=000000FF D6=00000004 D7=0000420A xnzvc
00:6B1E  16 1A  MOVE.B  (A2)+,D3                 A0=00006B1C A1=00C00000 A2=00007382 A3=00FF2CFE A4=00000100 A5=FFFF80C8 A6=00FF0BF0 A7=00FF0BDA D0=00000014 D1=00000880 D2=00000006 D3=00000000 D4=0000FFFF D5=000000FF D6=00000004 D7=0000420A xnZvc
00:6B20  48 47  SWAP.W  D7                       A0=00006B1C A1=00C00000 A2=00007383 A3=00FF2CFE A4=00000100 A5=FFFF80C8 A6=00FF0BF0 A7=00FF0BDA D0=00000014 D1=00000880 D2=00000006 D3=00000016 D4=0000FFFF D5=000000FF D6=00000004 D7=0000420A xnzvc
00:6B22  42 47  CLR.W   D7                       A0=00006B1C A1=00C00000 A2=00007383 A3=00FF2CFE A4=00000100 A5=FFFF80C8 A6=00FF0BF0 A7=00FF0BDA D0=00000014 D1=00000880 D2=00000006 D3=00000016 D4=0000FFFF D5=000000FF D6=00000004 D7=420A0000 xnzvc
00:6B6C  1D 6E  MOVE.B  $FFF6(A6),$FFF4(A6)      A0=00006B1C A1=00C00000 A2=00007383 A3=00FF2CFE A4=00000100 A5=FFFF80C8 A6=00FF0BF0 A7=00FF0BD6 D0=0000001F D1=00000880 D2=00000006 D3=00000003 D4=0000FFFF D5=000000FF D6=00000004 D7=420A0000 XNzvC
00:6B72  60 C6  BRA     #$C6 [00:6B3A]           A0=00006B1C A1=00C00000 A2=00007383 A3=00FF2CFE A4=00000100 A5=FFFF80C8 A6=00FF0BF0 A7=00FF0BD6 D0=0000001F D1=00000880 D2=00000006 D3=00000003 D4=0000FFFF D5=000000FF D6=00000004 D7=420A0000 Xnzvc
00:6B3A  30 2E  MOVE.W  $FFFA(A6),D0             A0=00006B1C A1=00C00000 A2=00007383 A3=00FF2CFE A4=00000100 A5=FFFF80C8 A6=00FF0BF0 A7=00FF0BD6 D0=0000001F D1=00000880 D2=00000006 D3=00000003 D4=0000FFFF D5=000000FF D6=00000004 D7=420A0000 Xnzvc
00:6B3E  32 2E  MOVE.W  $FFFC(A6),D1             A0=00006B1C A1=00C00000 A2=00007383 A3=00FF2CFE A4=00000100 A5=FFFF80C8 A6=00FF0BF0 A7=00FF0BD6 D0=00000000 D1=00000880 D2=00000006 D3=00000003 D4=0000FFFF D5=000000FF D6=00000004 D7=420A0000 XnZvc
00:6B42  52 41  ADDQ.W  #1,D1                    A0=00006B1C A1=00C00000 A2=00007383 A3=00FF2CFE A4=00000100 A5=FFFF80C8 A6=00FF0BF0 A7=00FF0BD6 D0=00000000 D1=00000011 D2=00000006 D3=00000003 D4=0000FFFF D5=000000FF D6=00000004 D7=420A0000 Xnzvc
00:6B44  B2 78  CMP.W   ($8A72),D1               A0=00006B1C A1=00C00000 A2=00007383 A3=00FF2CFE A4=00000100 A5=FFFF80C8 A6=00FF0BF0 A7=00FF0BD6 D0=00000000 D1=00000012 D2=00000006 D3=00000003 D4=0000FFFF D5=000000FF D6=00000004 D7=420A0000 xnzvc
00:6B48  65 02  BCS     #$02 [00:6B4C]           A0=00006B1C A1=00C00000 A2=00007383 A3=00FF2CFE A4=00000100 A5=FFFF80C8 A6=00FF0BF0 A7=00FF0BD6 D0=00000000 D1=00000012 D2=00000006 D3=00000003 D4=0000FFFF D5=000000FF D6=00000004 D7=420A0000 xNzvC
00:6B4C  3D 41  MOVE.W  D1,$FFFC(A6)             A0=00006B1C A1=00C00000 A2=00007383 A3=00FF2CFE A4=00000100 A5=FFFF80C8 A6=00FF0BF0 A7=00FF0BD6 D0=00000000 D1=00000012 D2=00000006 D3=00000003 D4=0000FFFF D5=000000FF D6=00000004 D7=420A0000 xNzvC
00:6B50  3D 40  MOVE.W  D0,$FFFE(A6)             A0=00006B1C A1=00C00000 A2=00007383 A3=00FF2CFE A4=00000100 A5=FFFF80C8 A6=00FF0BF0 A7=00FF0BD6 D0=00000000 D1=00000012 D2=00000006 D3=00000003 D4=0000FFFF D5=000000FF D6=00000004 D7=420A0000 xnzvc
00:6B54  61 00  BSR     #$FF46 [00:6A9C]         A0=00006B1C A1=00C00000 A2=00007383 A3=00FF2CFE A4=00000100 A5=FFFF80C8 A6=00FF0BF0 A7=00FF0BD6 D0=00000000 D1=00000012 D2=00000006 D3=00000003 D4=0000FFFF D5=000000FF D6=00000004 D7=420A0000 xnZvc
00:6A9C  4E B8  JSR     ($05CA)                  A0=00006B1C A1=00C00000 A2=00007383 A3=00FF2CFE A4=00000100 A5=FFFF80C8 A6=00FF0BF0 A7=00FF0BD2 D0=00000000 D1=00000012 D2=00000006 D3=00000003 D4=0000FFFF D5=000000FF D6=00000004 D7=420A0000 xnZvc
00:05CA  D0 40  ADD.W   D0,D0                    A0=00006B1C A1=00C00000 A2=00007383 A3=00FF2CFE A4=00000100 A5=FFFF80C8 A6=00FF0BF0 A7=00FF0BCE D0=00000000 D1=00000012 D2=00000006 D3=00000003 D4=0000FFFF D5=000000FF D6=00000004 D7=420A0000 xnZvc
00:05CC  D2 41  ADD.W   D1,D1                    A0=00006B1C A1=00C00000 A2=00007383 A3=00FF2CFE A4=00000100 A5=FFFF80C8 A6=00FF0BF0 A7=00FF0BCE D0=00000000 D1=00000012 D2=00000006 D3=00000003 D4=0000FFFF D5=000000FF D6=00000004 D7=420A0000 xnZvc
00:05CE  14 38  MOVE.B  ($8A8A),D2               A0=00006B1C A1=00C00000 A2=00007383 A3=00FF2CFE A4=00000100 A5=FFFF80C8 A6=00FF0BF0 A7=00FF0BCE D0=00000000 D1=00000024 D2=00000006 D3=00000003 D4=0000FFFF D5=000000FF D6=00000004 D7=420A0000 xnzvc
00:05D2  E5 61  ASL.W   D2,D1                    A0=00006B1C A1=00C00000 A2=00007383 A3=00FF2CFE A4=00000100 A5=FFFF80C8 A6=00FF0BF0 A7=00FF0BCE D0=00000000 D1=00000024 D2=00000006 D3=00000003 D4=0000FFFF D5=000000FF D6=00000004 D7=420A0000 xnzvc
00:05D4  D0 41  ADD.W   D1,D0                    A0=00006B1C A1=00C00000 A2=00007383 A3=00FF2CFE A4=00000100 A5=FFFF80C8 A6=00FF0BF0 A7=00FF0BCE D0=00000000 D1=00000900 D2=00000006 D3=00000003 D4=0000FFFF D5=000000FF D6=00000004 D7=420A0000 xnzvc
00:05D6  4E 75  RTS                              A0=00006B1C A1=00C00000 A2=00007383 A3=00FF2CFE A4=00000100 A5=FFFF80C8 A6=00FF0BF0 A7=00FF0BCE D0=00000900 D1=00000900 D2=00000006 D3=00000003 D4=0000FFFF D5=000000FF D6=00000004 D7=420A0000 xnzvc
00:6AA0  D0 6E  ADD.W   $FFF2(A6),D0             A0=00006B1C A1=00C00000 A2=00007383 A3=00FF2CFE A4=00000100 A5=FFFF80C8 A6=00FF0BF0 A7=00FF0BD2 D0=00000900 D1=00000900 D2=00000006 D3=00000003 D4=0000FFFF D5=000000FF D6=00000004 D7=420A0000 xnzvc
00:6AA4  4E 75  RTS                              A0=00006B1C A1=00C00000 A2=00007383 A3=00FF2CFE A4=00000100 A5=FFFF80C8 A6=00FF0BF0 A7=00FF0BD2 D0=0000C900 D1=00000900 D2=00000006 D3=00000003 D4=0000FFFF D5=000000FF D6=00000004 D7=420A0000 xNzvc
00:6B58  4E B8  JSR     ($05A0)                  A0=00006B1C A1=00C00000 A2=00007383 A3=00FF2CFE A4=00000100 A5=FFFF80C8 A6=00FF0BF0 A7=00FF0BD6 D0=0000C900 D1=00000900 D2=00000006 D3=00000003 D4=0000FFFF D5=000000FF D6=00000004 D7=420A0000 xNzvc
00:05A0  E5 80  ASL.L   #2,D0                    A0=00006B1C A1=00C00000 A2=00007383 A3=00FF2CFE A4=00000100 A5=FFFF80C8 A6=00FF0BF0 A7=00FF0BD2 D0=0000C900 D1=00000900 D2=00000006 D3=00000003 D4=0000FFFF D5=000000FF D6=00000004 D7=420A0000 xNzvc
00:05A2  E4 48  LSR.W   #2,D0                    A0=00006B1C A1=00C00000 A2=00007383 A3=00FF2CFE A4=00000100 A5=FFFF80C8 A6=00FF0BF0 A7=00FF0BD2 D0=00032400 D1=00000900 D2=00000006 D3=00000003 D4=0000FFFF D5=000000FF D6=00000004 D7=420A0000 xnzvc
00:05A4  00 40  ORI.W   #$4000,D0                A0=00006B1C A1=00C00000 A2=00007383 A3=00FF2CFE A4=00000100 A5=FFFF80C8 A6=00FF0BF0 A7=00FF0BD2 D0=00030900 D1=00000900 D2=00000006 D3=00000003 D4=0000FFFF D5=000000FF D6=00000004 D7=420A0000 xnzvc
00:05A8  48 40  SWAP.W  D0                       A0=00006B1C A1=00C00000 A2=00007383 A3=00FF2CFE A4=00000100 A5=FFFF80C8 A6=00FF0BF0 A7=00FF0BD2 D0=00034900 D1=00000900 D2=00000006 D3=00000003 D4=0000FFFF D5=000000FF D6=00000004 D7=420A0000 xnzvc
00:05AA  02 40  ANDI.W  #$0003,D0                A0=00006B1C A1=00C00000 A2=00007383 A3=00FF2CFE A4=00000100 A5=FFFF80C8 A6=00FF0BF0 A7=00FF0BD2 D0=49000003 D1=00000900 D2=00000006 D3=00000003 D4=0000FFFF D5=000000FF D6=00000004 D7=420A0000 xnzvc
00:05AE  23 C0  MOVE.L  D0,($00C00004)           A0=00006B1C A1=00C00000 A2=00007383 A3=00FF2CFE A4=00000100 A5=FFFF80C8 A6=00FF0BF0 A7=00FF0BD2 D0=49000003 D1=00000900 D2=00000006 D3=00000003 D4=0000FFFF D5=000000FF D6=00000004 D7=420A0000 xnzvc
00:05B4  4E 75  RTS                              A0=00006B1C A1=00C00000 A2=00007383 A3=00FF2CFE A4=00000100 A5=FFFF80C8 A6=00FF0BF0 A7=00FF0BD2 D0=49000003 D1=00000900 D2=00000006 D3=00000003 D4=0000FFFF D5=000000FF D6=00000004 D7=420A0000 xnzvc
00:6B5C  43 F9  LEA     ($00C00000),A1           A0=00006B1C A1=00C00000 A2=00007383 A3=00FF2CFE A4=00000100 A5=FFFF80C8 A6=00FF0BF0 A7=00FF0BD6 D0=49000003 D1=00000900 D2=00000006 D3=00000003 D4=0000FFFF D5=000000FF D6=00000004 D7=420A0000 xnzvc
00:6B62  4E 75  RTS                              A0=00006B1C A1=00C00000 A2=00007383 A3=00FF2CFE A4=00000100 A5=FFFF80C8 A6=00FF0BF0 A7=00FF0BD6 D0=49000003 D1=00000900 D2=00000006 D3=00000003 D4=0000FFFF D5=000000FF D6=00000004 D7=420A0000 xnzvc
00:6B2C  48 47  SWAP.W  D7                       A0=00006B1C A1=00C00000 A2=00007383 A3=00FF2CFE A4=00000100 A5=FFFF80C8 A6=00FF0BF0 A7=00FF0BDA D0=49000003 D1=00000900 D2=00000006 D3=0000FFFF D4=0000FFFF D5=000000FF D6=00000004 D7=420A0000 XNzvC
00:6B2E  4E 75  RTS                              A0=00006B1C A1=00C00000 A2=00007383 A3=00FF2CFE A4=00000100 A5=FFFF80C8 A6=00FF0BF0 A7=00FF0BDA D0=49000003 D1=00000900 D2=00000006 D3=0000FFFF D4=0000FFFF D5=000000FF D6=00000004 D7=0000420A Xnzvc
00:69D6  60 E0  BRA     #$E0 [00:69B8]           A0=00006B1C A1=00C00000 A2=00007383 A3=00FF2CFE A4=00000100 A5=FFFF80C8 A6=00FF0BF0 A7=00FF0BDE D0=49000003 D1=00000900 D2=00000006 D3=0000FFFF D4=0000FFFF D5=000000FF D6=00000004 D7=0000420A Xnzvc
00:69B8  1E 1A  MOVE.B  (A2)+,D7                 A0=00006B1C A1=00C00000 A2=00007383 A3=00FF2CFE A4=00000100 A5=FFFF80C8 A6=00FF0BF0 A7=00FF0BDE D0=49000003 D1=00000900 D2=00000006 D3=0000FFFF D4=0000FFFF D5=000000FF D6=00000004 D7=0000420A Xnzvc
00:69BA  0C 07  CMPI.B  #$0C,D7                  A0=00006B1C A1=00C00000 A2=00007384 A3=00FF2CFE A4=00000100 A5=FFFF80C8 A6=00FF0BF0 A7=00FF0BDE D0=49000003 D1=00000900 D2=00000006 D3=0000FFFF D4=0000FFFF D5=000000FF D6=00000004 D7=00004202 Xnzvc
00:69BE  63 06  BLS     #$06 [00:69C6]           A0=00006B1C A1=00C00000 A2=00007384 A3=00FF2CFE A4=00000100 A5=FFFF80C8 A6=00FF0BF0 A7=00FF0BDE D0=49000003 D1=00000900 D2=00000006 D3=0000FFFF D4=0000FFFF D5=000000FF D6=00000004 D7=00004202 XNzvC
00:69C6  70 00  MOVEQ   #$00,D0                  A0=00006B1C A1=00C00000 A2=00007384 A3=00FF2CFE A4=00000100 A5=FFFF80C8 A6=00FF0BF0 A7=00FF0BDE D0=49000003 D1=00000900 D2=00000006 D3=0000FFFF D4=0000FFFF D5=000000FF D6=00000004 D7=00004202 XNzvC
00:69C8  10 07  MOVE.B  D7,D0                    A0=00006B1C A1=00C00000 A2=00007384 A3=00FF2CFE A4=00000100 A5=FFFF80C8 A6=00FF0BF0 A7=00FF0BDE D0=00000000 D1=00000900 D2=00000006 D3=0000FFFF D4=0000FFFF D5=000000FF D6=00000004 D7=00004202 XnZvc
00:69CA  D0 40  ADD.W   D0,D0                    A0=00006B1C A1=00C00000 A2=00007384 A3=00FF2CFE A4=00000100 A5=FFFF80C8 A6=00FF0BF0 A7=00FF0BDE D0=00000002 D1=00000900 D2=00000006 D3=0000FFFF D4=0000FFFF D5=000000FF D6=00000004 D7=00004202 Xnzvc
00:69CC  41 FA  LEA     $000A(PC),A0             A0=00006B1C A1=00C00000 A2=00007384 A3=00FF2CFE A4=00000100 A5=FFFF80C8 A6=00FF0BF0 A7=00FF0BDE D0=00000004 D1=00000900 D2=00000006 D3=0000FFFF D4=0000FFFF D5=000000FF D6=00000004 D7=00004202 xnzvc
00:69D0  D0 F0  ADDA.W  $00(A0,D0),A0            A0=000069D8 A1=00C00000 A2=00007384 A3=00FF2CFE A4=00000100 A5=FFFF80C8 A6=00FF0BF0 A7=00FF0BDE D0=00000004 D1=00000900 D2=00000006 D3=0000FFFF D4=0000FFFF D5=000000FF D6=00000004 D7=00004202 xnzvc
00:69D4  4E 90  JSR     (A0)                     A0=00006AA6 A1=00C00000 A2=00007384 A3=00FF2CFE A4=00000100 A5=FFFF80C8 A6=00FF0BF0 A7=00FF0BDE D0=00000004 D1=00000900 D2=00000006 D3=0000FFFF D4=0000FFFF D5=000000FF D6=00000004 D7=00004202 xnzvc
00:6AA6  1E 1A  MOVE.B  (A2)+,D7                 A0=00006AA6 A1=00C00000 A2=00007384 A3=00FF2CFE A4=00000100 A5=FFFF80C8 A6=00FF0BF0 A7=00FF0BDA D0=00000004 D1=00000900 D2=00000006 D3=0000FFFF D4=0000FFFF D5=000000FF D6=00000004 D7=00004202 xnzvc
00:6AA8  E1 47  ASL.W   #8,D7                    A0=00006AA6 A1=00C00000 A2=00007385 A3=00FF2CFE A4=00000100 A5=FFFF80C8 A6=00FF0BF0 A7=00FF0BDA D0=00000004 D1=00000900 D2=00000006 D3=0000FFFF D4=0000FFFF D5=000000FF D6=00000004 D7=00004242 xnzvc
00:6AAA  4E 75  RTS                              A0=00006AA6 A1=00C00000 A2=00007385 A3=00FF2CFE A4=00000100 A5=FFFF80C8 A6=00FF0BF0 A7=00FF0BDA D0=00000004 D1=00000900 D2=00000006 D3=0000FFFF D4=0000FFFF D5=000000FF D6=00000004 D7=00004200 xnzVc
00:69D6  60 E0  BRA     #$E0 [00:69B8]           A0=00006AA6 A1=00C00000 A2=00007385 A3=00FF2CFE A4=00000100 A5=FFFF80C8 A6=00FF0BF0 A7=00FF0BDE D0=00000004 D1=00000900 D2=00000006 D3=0000FFFF D4=0000FFFF D5=000000FF D6=00000004 D7=00004200 xnzVc
00:69B8  1E 1A  MOVE.B  (A2)+,D7                 A0=00006AA6 A1=00C00000 A2=00007385 A3=00FF2CFE A4=00000100 A5=FFFF80C8 A6=00FF0BF0 A7=00FF0BDE D0=00000004 D1=00000900 D2=00000006 D3=0000FFFF D4=0000FFFF D5=000000FF D6=00000004 D7=00004200 xnzVc
00:69BA  0C 07  CMPI.B  #$0C,D7                  A0=00006AA6 A1=00C00000 A2=00007386 A3=00FF2CFE A4=00000100 A5=FFFF80C8 A6=00FF0BF0 A7=00FF0BDE D0=00000004 D1=00000900 D2=00000006 D3=0000FFFF D4=0000FFFF D5=000000FF D6=00000004 D7=00004204 xnzvc
00:69BE  63 06  BLS     #$06 [00:69C6]           A0=00006AA6 A1=00C00000 A2=00007386 A3=00FF2CFE A4=00000100 A5=FFFF80C8 A6=00FF0BF0 A7=00FF0BDE D0=00000004 D1=00000900 D2=00000006 D3=0000FFFF D4=0000FFFF D5=000000FF D6=00000004 D7=00004204 xNzvC
00:69C6  70 00  MOVEQ   #$00,D0                  A0=00006AA6 A1=00C00000 A2=00007386 A3=00FF2CFE A4=00000100 A5=FFFF80C8 A6=00FF0BF0 A7=00FF0BDE D0=00000004 D1=00000900 D2=00000006 D3=0000FFFF D4=0000FFFF D5=000000FF D6=00000004 D7=00004204 xNzvC
00:69C8  10 07  MOVE.B  D7,D0                    A0=00006AA6 A1=00C00000 A2=00007386 A3=00FF2CFE A4=00000100 A5=FFFF80C8 A6=00FF0BF0 A7=00FF0BDE D0=00000000 D1=00000900 D2=00000006 D3=0000FFFF D4=0000FFFF D5=000000FF D6=00000004 D7=00004204 xnZvc
00:69CA  D0 40  ADD.W   D0,D0                    A0=00006AA6 A1=00C00000 A2=00007386 A3=00FF2CFE A4=00000100 A5=FFFF80C8 A6=00FF0BF0 A7=00FF0BDE D0=00000004 D1=00000900 D2=00000006 D3=0000FFFF D4=0000FFFF D5=000000FF D6=00000004 D7=00004204 xnzvc
00:69CC  41 FA  LEA     $000A(PC),A0             A0=00006AA6 A1=00C00000 A2=00007386 A3=00FF2CFE A4=00000100 A5=FFFF80C8 A6=00FF0BF0 A7=00FF0BDE D0=00000008 D1=00000900 D2=00000006 D3=0000FFFF D4=0000FFFF D5=000000FF D6=00000004 D7=00004204 xnzvc
00:69D0  D0 F0  ADDA.W  $00(A0,D0),A0            A0=000069D8 A1=00C00000 A2=00007386 A3=00FF2CFE A4=00000100 A5=FFFF80C8 A6=00FF0BF0 A7=00FF0BDE D0=00000008 D1=00000900 D2=00000006 D3=0000FFFF D4=0000FFFF D5=000000FF D6=00000004 D7=00004204 xnzvc
00:69D4  4E 90  JSR     (A0)                     A0=00006ABC A1=00C00000 A2=00007386 A3=00FF2CFE A4=00000100 A5=FFFF80C8 A6=00FF0BF0 A7=00FF0BDE D0=00000008 D1=00000900 D2=00000006 D3=0000FFFF D4=0000FFFF D5=000000FF D6=00000004 D7=00004204 xnzvc
00:6ABC  76 00  MOVEQ   #$00,D3                  A0=00006ABC A1=00C00000 A2=00007386 A3=00FF2CFE A4=00000100 A5=FFFF80C8 A6=00FF0BF0 A7=00FF0BDA D0=00000008 D1=00000900 D2=00000006 D3=0000FFFF D4=0000FFFF D5=000000FF D6=00000004 D7=00004204 xnzvc
00:6ABE  16 1A  MOVE.B  (A2)+,D3                 A0=00006ABC A1=00C00000 A2=00007386 A3=00FF2CFE A4=00000100 A5=FFFF80C8 A6=00FF0BF0 A7=00FF0BDA D0=00000008 D1=00000900 D2=00000006 D3=00000000 D4=0000FFFF D5=000000FF D6=00000004 D7=00004204 xnZvc
00:6AC0  1E 1A  MOVE.B  (A2)+,D7                 A0=00006ABC A1=00C00000 A2=00007387 A3=00FF2CFE A4=00000100 A5=FFFF80C8 A6=00FF0BF0 A7=00FF0BDA D0=00000008 D1=00000900 D2=00000006 D3=00000009 D4=0000FFFF D5=000000FF D6=00000004 D7=00004204 xnzvc
00:6AC2  61 00  BSR     #$001C [00:6AE0]         A0=00006ABC A1=00C00000 A2=00007388 A3=00FF2CFE A4=00000100 A5=FFFF80C8 A6=00FF0BF0 A7=00FF0BDA D0=00000008 D1=00000900 D2=00000006 D3=00000009 D4=0000FFFF D5=000000FF D6=00000004 D7=00004286 xNzvc
00:6AEA  4E 75  RTS                              A0=00006ABC A1=00C00000 A2=00007388 A3=00FF2CFE A4=00000100 A5=FFFF80C8 A6=00FF0BF0 A7=00FF0BD6 D0=0000000D D1=00000900 D2=00000006 D3=0000FFFF D4=0000FFFF D5=000000FF D6=00000004 D7=00004290 XNzvC
00:6AC6  4E 75  RTS                              A0=00006ABC A1=00C00000 A2=00007388 A3=00FF2CFE A4=00000100 A5=FFFF80C8 A6=00FF0BF0 A7=00FF0BDA D0=0000000D D1=00000900 D2=00000006 D3=0000FFFF D4=0000FFFF D5=000000FF D6=00000004 D7=00004290 XNzvC
00:69D6  60 E0  BRA     #$E0 [00:69B8]           A0=00006ABC A1=00C00000 A2=00007388 A3=00FF2CFE A4=00000100 A5=FFFF80C8 A6=00FF0BF0 A7=00FF0BDE D0=0000000D D1=00000900 D2=00000006 D3=0000FFFF D4=0000FFFF D5=000000FF D6=00000004 D7=00004290 XNzvC
00:69B8  1E 1A  MOVE.B  (A2)+,D7                 A0=00006ABC A1=00C00000 A2=00007388 A3=00FF2CFE A4=00000100 A5=FFFF80C8 A6=00FF0BF0 A7=00FF0BDE D0=0000000D D1=00000900 D2=00000006 D3=0000FFFF D4=0000FFFF D5=000000FF D6=00000004 D7=00004290 XNzvC
00:69BA  0C 07  CMPI.B  #$0C,D7                  A0=00006ABC A1=00C00000 A2=00007389 A3=00FF2CFE A4=00000100 A5=FFFF80C8 A6=00FF0BF0 A7=00FF0BDE D0=0000000D D1=00000900 D2=00000006 D3=0000FFFF D4=0000FFFF D5=000000FF D6=00000004 D7=0000420A Xnzvc
00:69BE  63 06  BLS     #$06 [00:69C6]           A0=00006ABC A1=00C00000 A2=00007389 A3=00FF2CFE A4=00000100 A5=FFFF80C8 A6=00FF0BF0 A7=00FF0BDE D0=0000000D D1=00000900 D2=00000006 D3=0000FFFF D4=0000FFFF D5=000000FF D6=00000004 D7=0000420A XNzvC
00:69C6  70 00  MOVEQ   #$00,D0                  A0=00006ABC A1=00C00000 A2=00007389 A3=00FF2CFE A4=00000100 A5=FFFF80C8 A6=00FF0BF0 A7=00FF0BDE D0=0000000D D1=00000900 D2=00000006 D3=0000FFFF D4=0000FFFF D5=000000FF D6=00000004 D7=0000420A XNzvC
00:69C8  10 07  MOVE.B  D7,D0                    A0=00006ABC A1=00C00000 A2=00007389 A3=00FF2CFE A4=00000100 A5=FFFF80C8 A6=00FF0BF0 A7=00FF0BDE D0=00000000 D1=00000900 D2=00000006 D3=0000FFFF D4=0000FFFF D5=000000FF D6=00000004 D7=0000420A XnZvc
00:69CA  D0 40  ADD.W   D0,D0                    A0=00006ABC A1=00C00000 A2=00007389 A3=00FF2CFE A4=00000100 A5=FFFF80C8 A6=00FF0BF0 A7=00FF0BDE D0=0000000A D1=00000900 D2=00000006 D3=0000FFFF D4=0000FFFF D5=000000FF D6=00000004 D7=0000420A Xnzvc
00:69CC  41 FA  LEA     $000A(PC),A0             A0=00006ABC A1=00C00000 A2=00007389 A3=00FF2CFE A4=00000100 A5=FFFF80C8 A6=00FF0BF0 A7=00FF0BDE D0=00000014 D1=00000900 D2=00000006 D3=0000FFFF D4=0000FFFF D5=000000FF D6=00000004 D7=0000420A xnzvc
00:69D0  D0 F0  ADDA.W  $00(A0,D0),A0            A0=000069D8 A1=00C00000 A2=00007389 A3=00FF2CFE A4=00000100 A5=FFFF80C8 A6=00FF0BF0 A7=00FF0BDE D0=00000014 D1=00000900 D2=00000006 D3=0000FFFF D4=0000FFFF D5=000000FF D6=00000004 D7=0000420A xnzvc
00:69D4  4E 90  JSR     (A0)                     A0=00006B1C A1=00C00000 A2=00007389 A3=00FF2CFE A4=00000100 A5=FFFF80C8 A6=00FF0BF0 A7=00FF0BDE D0=00000014 D1=00000900 D2=00000006 D3=0000FFFF D4=0000FFFF D5=000000FF D6=00000004 D7=0000420A xnzvc
00:6B1C  76 00  MOVEQ   #$00,D3                  A0=00006B1C A1=00C00000 A2=00007389 A3=00FF2CFE A4=00000100 A5=FFFF80C8 A6=00FF0BF0 A7=00FF0BDA D0=00000014 D1=00000900 D2=00000006 D3=0000FFFF D4=0000FFFF D5=000000FF D6=00000004 D7=0000420A xnzvc
00:6B1E  16 1A  MOVE.B  (A2)+,D3                 A0=00006B1C A1=00C00000 A2=00007389 A3=00FF2CFE A4=00000100 A5=FFFF80C8 A6=00FF0BF0 A7=00FF0BDA D0=00000014 D1=00000900 D2=00000006 D3=00000000 D4=0000FFFF D5=000000FF D6=00000004 D7=0000420A xnZvc
00:6B20  48 47  SWAP.W  D7                       A0=00006B1C A1=00C00000 A2=0000738A A3=00FF2CFE A4=00000100 A5=FFFF80C8 A6=00FF0BF0 A7=00FF0BDA D0=00000014 D1=00000900 D2=00000006 D3=00000015 D4=0000FFFF D5=000000FF D6=00000004 D7=0000420A xnzvc
00:6B22  42 47  CLR.W   D7                       A0=00006B1C A1=00C00000 A2=0000738A A3=00FF2CFE A4=00000100 A5=FFFF80C8 A6=00FF0BF0 A7=00FF0BDA D0=00000014 D1=00000900 D2=00000006 D3=00000015 D4=0000FFFF D5=000000FF D6=00000004 D7=420A0000 xnzvc
00:6B6C  1D 6E  MOVE.B  $FFF6(A6),$FFF4(A6)      A0=00006B1C A1=00C00000 A2=0000738A A3=00FF2CFE A4=00000100 A5=FFFF80C8 A6=00FF0BF0 A7=00FF0BD6 D0=0000001F D1=00000900 D2=00000006 D3=00000003 D4=0000FFFF D5=000000FF D6=00000004 D7=420A0000 XNzvC
00:6B72  60 C6  BRA     #$C6 [00:6B3A]           A0=00006B1C A1=00C00000 A2=0000738A A3=00FF2CFE A4=00000100 A5=FFFF80C8 A6=00FF0BF0 A7=00FF0BD6 D0=0000001F D1=00000900 D2=00000006 D3=00000003 D4=0000FFFF D5=000000FF D6=00000004 D7=420A0000 Xnzvc
00:6B3A  30 2E  MOVE.W  $FFFA(A6),D0             A0=00006B1C A1=00C00000 A2=0000738A A3=00FF2CFE A4=00000100 A5=FFFF80C8 A6=00FF0BF0 A7=00FF0BD6 D0=0000001F D1=00000900 D2=00000006 D3=00000003 D4=0000FFFF D5=000000FF D6=00000004 D7=420A0000 Xnzvc
00:6B3E  32 2E  MOVE.W  $FFFC(A6),D1             A0=00006B1C A1=00C00000 A2=0000738A A3=00FF2CFE A4=00000100 A5=FFFF80C8 A6=00FF0BF0 A7=00FF0BD6 D0=00000000 D1=00000900 D2=00000006 D3=00000003 D4=0000FFFF D5=000000FF D6=00000004 D7=420A0000 XnZvc
00:6B42  52 41  ADDQ.W  #1,D1                    A0=00006B1C A1=00C00000 A2=0000738A A3=00FF2CFE A4=00000100 A5=FFFF80C8 A6=00FF0BF0 A7=00FF0BD6 D0=00000000 D1=00000012 D2=00000006 D3=00000003 D4=0000FFFF D5=000000FF D6=00000004 D7=420A0000 Xnzvc
00:6B44  B2 78  CMP.W   ($8A72),D1               A0=00006B1C A1=00C00000 A2=0000738A A3=00FF2CFE A4=00000100 A5=FFFF80C8 A6=00FF0BF0 A7=00FF0BD6 D0=00000000 D1=00000013 D2=00000006 D3=00000003 D4=0000FFFF D5=000000FF D6=00000004 D7=420A0000 xnzvc
00:6B48  65 02  BCS     #$02 [00:6B4C]           A0=00006B1C A1=00C00000 A2=0000738A A3=00FF2CFE A4=00000100 A5=FFFF80C8 A6=00FF0BF0 A7=00FF0BD6 D0=00000000 D1=00000013 D2=00000006 D3=00000003 D4=0000FFFF D5=000000FF D6=00000004 D7=420A0000 xNzvC
00:6B4C  3D 41  MOVE.W  D1,$FFFC(A6)             A0=00006B1C A1=00C00000 A2=0000738A A3=00FF2CFE A4=00000100 A5=FFFF80C8 A6=00FF0BF0 A7=00FF0BD6 D0=00000000 D1=00000013 D2=00000006 D3=00000003 D4=0000FFFF D5=000000FF D6=00000004 D7=420A0000 xNzvC
00:6B50  3D 40  MOVE.W  D0,$FFFE(A6)             A0=00006B1C A1=00C00000 A2=0000738A A3=00FF2CFE A4=00000100 A5=FFFF80C8 A6=00FF0BF0 A7=00FF0BD6 D0=00000000 D1=00000013 D2=00000006 D3=00000003 D4=0000FFFF D5=000000FF D6=00000004 D7=420A0000 xnzvc
00:6B54  61 00  BSR     #$FF46 [00:6A9C]         A0=00006B1C A1=00C00000 A2=0000738A A3=00FF2CFE A4=00000100 A5=FFFF80C8 A6=00FF0BF0 A7=00FF0BD6 D0=00000000 D1=00000013 D2=00000006 D3=00000003 D4=0000FFFF D5=000000FF D6=00000004 D7=420A0000 xnZvc
00:6A9C  4E B8  JSR     ($05CA)                  A0=00006B1C A1=00C00000 A2=0000738A A3=00FF2CFE A4=00000100 A5=FFFF80C8 A6=00FF0BF0 A7=00FF0BD2 D0=00000000 D1=00000013 D2=00000006 D3=00000003 D4=0000FFFF D5=000000FF D6=00000004 D7=420A0000 xnZvc
00:05CA  D0 40  ADD.W   D0,D0                    A0=00006B1C A1=00C00000 A2=0000738A A3=00FF2CFE A4=00000100 A5=FFFF80C8 A6=00FF0BF0 A7=00FF0BCE D0=00000000 D1=00000013 D2=00000006 D3=00000003 D4=0000FFFF D5=000000FF D6=00000004 D7=420A0000 xnZvc
00:05CC  D2 41  ADD.W   D1,D1                    A0=00006B1C A1=00C00000 A2=0000738A A3=00FF2CFE A4=00000100 A5=FFFF80C8 A6=00FF0BF0 A7=00FF0BCE D0=00000000 D1=00000013 D2=00000006 D3=00000003 D4=0000FFFF D5=000000FF D6=00000004 D7=420A0000 xnZvc
00:05CE  14 38  MOVE.B  ($8A8A),D2               A0=00006B1C A1=00C00000 A2=0000738A A3=00FF2CFE A4=00000100 A5=FFFF80C8 A6=00FF0BF0 A7=00FF0BCE D0=00000000 D1=00000026 D2=00000006 D3=00000003 D4=0000FFFF D5=000000FF D6=00000004 D7=420A0000 xnzvc
00:05D2  E5 61  ASL.W   D2,D1                    A0=00006B1C A1=00C00000 A2=0000738A A3=00FF2CFE A4=00000100 A5=FFFF80C8 A6=00FF0BF0 A7=00FF0BCE D0=00000000 D1=00000026 D2=00000006 D3=00000003 D4=0000FFFF D5=000000FF D6=00000004 D7=420A0000 xnzvc
00:05D4  D0 41  ADD.W   D1,D0                    A0=00006B1C A1=00C00000 A2=0000738A A3=00FF2CFE A4=00000100 A5=FFFF80C8 A6=00FF0BF0 A7=00FF0BCE D0=00000000 D1=00000980 D2=00000006 D3=00000003 D4=0000FFFF D5=000000FF D6=00000004 D7=420A0000 xnzvc
00:05D6  4E 75  RTS                              A0=00006B1C A1=00C00000 A2=0000738A A3=00FF2CFE A4=00000100 A5=FFFF80C8 A6=00FF0BF0 A7=00FF0BCE D0=00000980 D1=00000980 D2=00000006 D3=00000003 D4=0000FFFF D5=000000FF D6=00000004 D7=420A0000 xnzvc
00:6AA0  D0 6E  ADD.W   $FFF2(A6),D0             A0=00006B1C A1=00C00000 A2=0000738A A3=00FF2CFE A4=00000100 A5=FFFF80C8 A6=00FF0BF0 A7=00FF0BD2 D0=00000980 D1=00000980 D2=00000006 D3=00000003 D4=0000FFFF D5=000000FF D6=00000004 D7=420A0000 xnzvc
00:6AA4  4E 75  RTS                              A0=00006B1C A1=00C00000 A2=0000738A A3=00FF2CFE A4=00000100 A5=FFFF80C8 A6=00FF0BF0 A7=00FF0BD2 D0=0000C980 D1=00000980 D2=00000006 D3=00000003 D4=0000FFFF D5=000000FF D6=00000004 D7=420A0000 xNzvc
00:6B58  4E B8  JSR     ($05A0)                  A0=00006B1C A1=00C00000 A2=0000738A A3=00FF2CFE A4=00000100 A5=FFFF80C8 A6=00FF0BF0 A7=00FF0BD6 D0=0000C980 D1=00000980 D2=00000006 D3=00000003 D4=0000FFFF D5=000000FF D6=00000004 D7=420A0000 xNzvc
00:05A0  E5 80  ASL.L   #2,D0                    A0=00006B1C A1=00C00000 A2=0000738A A3=00FF2CFE A4=00000100 A5=FFFF80C8 A6=00FF0BF0 A7=00FF0BD2 D0=0000C980 D1=00000980 D2=00000006 D3=00000003 D4=0000FFFF D5=000000FF D6=00000004 D7=420A0000 xNzvc
00:05A2  E4 48  LSR.W   #2,D0                    A0=00006B1C A1=00C00000 A2=0000738A A3=00FF2CFE A4=00000100 A5=FFFF80C8 A6=00FF0BF0 A7=00FF0BD2 D0=00032600 D1=00000980 D2=00000006 D3=00000003 D4=0000FFFF D5=000000FF D6=00000004 D7=420A0000 xnzvc
00:05A4  00 40  ORI.W   #$4000,D0                A0=00006B1C A1=00C00000 A2=0000738A A3=00FF2CFE A4=00000100 A5=FFFF80C8 A6=00FF0BF0 A7=00FF0BD2 D0=00030980 D1=00000980 D2=00000006 D3=00000003 D4=0000FFFF D5=000000FF D6=00000004 D7=420A0000 xnzvc
00:05A8  48 40  SWAP.W  D0                       A0=00006B1C A1=00C00000 A2=0000738A A3=00FF2CFE A4=00000100 A5=FFFF80C8 A6=00FF0BF0 A7=00FF0BD2 D0=00034980 D1=00000980 D2=00000006 D3=00000003 D4=0000FFFF D5=000000FF D6=00000004 D7=420A0000 xnzvc
00:05AA  02 40  ANDI.W  #$0003,D0                A0=00006B1C A1=00C00000 A2=0000738A A3=00FF2CFE A4=00000100 A5=FFFF80C8 A6=00FF0BF0 A7=00FF0BD2 D0=49800003 D1=00000980 D2=00000006 D3=00000003 D4=0000FFFF D5=000000FF D6=00000004 D7=420A0000 xnzvc
00:05AE  23 C0  MOVE.L  D0,($00C00004)           A0=00006B1C A1=00C00000 A2=0000738A A3=00FF2CFE A4=00000100 A5=FFFF80C8 A6=00FF0BF0 A7=00FF0BD2 D0=49800003 D1=00000980 D2=00000006 D3=00000003 D4=0000FFFF D5=000000FF D6=00000004 D7=420A0000 xnzvc
00:05B4  4E 75  RTS                              A0=00006B1C A1=00C00000 A2=0000738A A3=00FF2CFE A4=00000100 A5=FFFF80C8 A6=00FF0BF0 A7=00FF0BD2 D0=49800003 D1=00000980 D2=00000006 D3=00000003 D4=0000FFFF D5=000000FF D6=00000004 D7=420A0000 xnzvc
00:6B5C  43 F9  LEA     ($00C00000),A1           A0=00006B1C A1=00C00000 A2=0000738A A3=00FF2CFE A4=00000100 A5=FFFF80C8 A6=00FF0BF0 A7=00FF0BD6 D0=49800003 D1=00000980 D2=00000006 D3=00000003 D4=0000FFFF D5=000000FF D6=00000004 D7=420A0000 xnzvc
00:6B62  4E 75  RTS                              A0=00006B1C A1=00C00000 A2=0000738A A3=00FF2CFE A4=00000100 A5=FFFF80C8 A6=00FF0BF0 A7=00FF0BD6 D0=49800003 D1=00000980 D2=00000006 D3=00000003 D4=0000FFFF D5=000000FF D6=00000004 D7=420A0000 xnzvc
00:6B2C  48 47  SWAP.W  D7                       A0=00006B1C A1=00C00000 A2=0000738A A3=00FF2CFE A4=00000100 A5=FFFF80C8 A6=00FF0BF0 A7=00FF0BDA D0=49800003 D1=00000980 D2=00000006 D3=0000FFFF D4=0000FFFF D5=000000FF D6=00000004 D7=420A0000 XNzvC
00:6B2E  4E 75  RTS                              A0=00006B1C A1=00C00000 A2=0000738A A3=00FF2CFE A4=00000100 A5=FFFF80C8 A6=00FF0BF0 A7=00FF0BDA D0=49800003 D1=00000980 D2=00000006 D3=0000FFFF D4=0000FFFF D5=000000FF D6=00000004 D7=0000420A Xnzvc
00:69D6  60 E0  BRA     #$E0 [00:69B8]           A0=00006B1C A1=00C00000 A2=0000738A A3=00FF2CFE A4=00000100 A5=FFFF80C8 A6=00FF0BF0 A7=00FF0BDE D0=49800003 D1=00000980 D2=00000006 D3=0000FFFF D4=0000FFFF D5=000000FF D6=00000004 D7=0000420A Xnzvc
00:69B8  1E 1A  MOVE.B  (A2)+,D7                 A0=00006B1C A1=00C00000 A2=0000738A A3=00FF2CFE A4=00000100 A5=FFFF80C8 A6=00FF0BF0 A7=00FF0BDE D0=49800003 D1=00000980 D2=00000006 D3=0000FFFF D4=0000FFFF D5=000000FF D6=00000004 D7=0000420A Xnzvc
00:69BA  0C 07  CMPI.B  #$0C,D7                  A0=00006B1C A1=00C00000 A2=0000738B A3=00FF2CFE A4=00000100 A5=FFFF80C8 A6=00FF0BF0 A7=00FF0BDE D0=49800003 D1=00000980 D2=00000006 D3=0000FFFF D4=0000FFFF D5=000000FF D6=00000004 D7=00004202 Xnzvc
00:69BE  63 06  BLS     #$06 [00:69C6]           A0=00006B1C A1=00C00000 A2=0000738B A3=00FF2CFE A4=00000100 A5=FFFF80C8 A6=00FF0BF0 A7=00FF0BDE D0=49800003 D1=00000980 D2=00000006 D3=0000FFFF D4=0000FFFF D5=000000FF D6=00000004 D7=00004202 XNzvC
00:69C6  70 00  MOVEQ   #$00,D0                  A0=00006B1C A1=00C00000 A2=0000738B A3=00FF2CFE A4=00000100 A5=FFFF80C8 A6=00FF0BF0 A7=00FF0BDE D0=49800003 D1=00000980 D2=00000006 D3=0000FFFF D4=0000FFFF D5=000000FF D6=00000004 D7=00004202 XNzvC
00:69C8  10 07  MOVE.B  D7,D0                    A0=00006B1C A1=00C00000 A2=0000738B A3=00FF2CFE A4=00000100 A5=FFFF80C8 A6=00FF0BF0 A7=00FF0BDE D0=00000000 D1=00000980 D2=00000006 D3=0000FFFF D4=0000FFFF D5=000000FF D6=00000004 D7=00004202 XnZvc
00:69CA  D0 40  ADD.W   D0,D0                    A0=00006B1C A1=00C00000 A2=0000738B A3=00FF2CFE A4=00000100 A5=FFFF80C8 A6=00FF0BF0 A7=00FF0BDE D0=00000002 D1=00000980 D2=00000006 D3=0000FFFF D4=0000FFFF D5=000000FF D6=00000004 D7=00004202 Xnzvc
00:69CC  41 FA  LEA     $000A(PC),A0             A0=00006B1C A1=00C00000 A2=0000738B A3=00FF2CFE A4=00000100 A5=FFFF80C8 A6=00FF0BF0 A7=00FF0BDE D0=00000004 D1=00000980 D2=00000006 D3=0000FFFF D4=0000FFFF D5=000000FF D6=00000004 D7=00004202 xnzvc
00:69D0  D0 F0  ADDA.W  $00(A0,D0),A0            A0=000069D8 A1=00C00000 A2=0000738B A3=00FF2CFE A4=00000100 A5=FFFF80C8 A6=00FF0BF0 A7=00FF0BDE D0=00000004 D1=00000980 D2=00000006 D3=0000FFFF D4=0000FFFF D5=000000FF D6=00000004 D7=00004202 xnzvc
00:69D4  4E 90  JSR     (A0)                     A0=00006AA6 A1=00C00000 A2=0000738B A3=00FF2CFE A4=00000100 A5=FFFF80C8 A6=00FF0BF0 A7=00FF0BDE D0=00000004 D1=00000980 D2=00000006 D3=0000FFFF D4=0000FFFF D5=000000FF D6=00000004 D7=00004202 xnzvc
00:6AA6  1E 1A  MOVE.B  (A2)+,D7                 A0=00006AA6 A1=00C00000 A2=0000738B A3=00FF2CFE A4=00000100 A5=FFFF80C8 A6=00FF0BF0 A7=00FF0BDA D0=00000004 D1=00000980 D2=00000006 D3=0000FFFF D4=0000FFFF D5=000000FF D6=00000004 D7=00004202 xnzvc
00:6AA8  E1 47  ASL.W   #8,D7                    A0=00006AA6 A1=00C00000 A2=0000738C A3=00FF2CFE A4=00000100 A5=FFFF80C8 A6=00FF0BF0 A7=00FF0BDA D0=00000004 D1=00000980 D2=00000006 D3=0000FFFF D4=0000FFFF D5=000000FF D6=00000004 D7=00004242 xnzvc
00:6AAA  4E 75  RTS                              A0=00006AA6 A1=00C00000 A2=0000738C A3=00FF2CFE A4=00000100 A5=FFFF80C8 A6=00FF0BF0 A7=00FF0BDA D0=00000004 D1=00000980 D2=00000006 D3=0000FFFF D4=0000FFFF D5=000000FF D6=00000004 D7=00004200 xnzVc
00:69D6  60 E0  BRA     #$E0 [00:69B8]           A0=00006AA6 A1=00C00000 A2=0000738C A3=00FF2CFE A4=00000100 A5=FFFF80C8 A6=00FF0BF0 A7=00FF0BDE D0=00000004 D1=00000980 D2=00000006 D3=0000FFFF D4=0000FFFF D5=000000FF D6=00000004 D7=00004200 xnzVc
00:69B8  1E 1A  MOVE.B  (A2)+,D7                 A0=00006AA6 A1=00C00000 A2=0000738C A3=00FF2CFE A4=00000100 A5=FFFF80C8 A6=00FF0BF0 A7=00FF0BDE D0=00000004 D1=00000980 D2=00000006 D3=0000FFFF D4=0000FFFF D5=000000FF D6=00000004 D7=00004200 xnzVc
00:69BA  0C 07  CMPI.B  #$0C,D7                  A0=00006AA6 A1=00C00000 A2=0000738D A3=00FF2CFE A4=00000100 A5=FFFF80C8 A6=00FF0BF0 A7=00FF0BDE D0=00000004 D1=00000980 D2=00000006 D3=0000FFFF D4=0000FFFF D5=000000FF D6=00000004 D7=00004204 xnzvc
00:69BE  63 06  BLS     #$06 [00:69C6]           A0=00006AA6 A1=00C00000 A2=0000738D A3=00FF2CFE A4=00000100 A5=FFFF80C8 A6=00FF0BF0 A7=00FF0BDE D0=00000004 D1=00000980 D2=00000006 D3=0000FFFF D4=0000FFFF D5=000000FF D6=00000004 D7=00004204 xNzvC
00:69C6  70 00  MOVEQ   #$00,D0                  A0=00006AA6 A1=00C00000 A2=0000738D A3=00FF2CFE A4=00000100 A5=FFFF80C8 A6=00FF0BF0 A7=00FF0BDE D0=00000004 D1=00000980 D2=00000006 D3=0000FFFF D4=0000FFFF D5=000000FF D6=00000004 D7=00004204 xNzvC
00:69C8  10 07  MOVE.B  D7,D0                    A0=00006AA6 A1=00C00000 A2=0000738D A3=00FF2CFE A4=00000100 A5=FFFF80C8 A6=00FF0BF0 A7=00FF0BDE D0=00000000 D1=00000980 D2=00000006 D3=0000FFFF D4=0000FFFF D5=000000FF D6=00000004 D7=00004204 xnZvc
00:69CA  D0 40  ADD.W   D0,D0                    A0=00006AA6 A1=00C00000 A2=0000738D A3=00FF2CFE A4=00000100 A5=FFFF80C8 A6=00FF0BF0 A7=00FF0BDE D0=00000004 D1=00000980 D2=00000006 D3=0000FFFF D4=0000FFFF D5=000000FF D6=00000004 D7=00004204 xnzvc
00:69CC  41 FA  LEA     $000A(PC),A0             A0=00006AA6 A1=00C00000 A2=0000738D A3=00FF2CFE A4=00000100 A5=FFFF80C8 A6=00FF0BF0 A7=00FF0BDE D0=00000008 D1=00000980 D2=00000006 D3=0000FFFF D4=0000FFFF D5=000000FF D6=00000004 D7=00004204 xnzvc
00:69D0  D0 F0  ADDA.W  $00(A0,D0),A0            A0=000069D8 A1=00C00000 A2=0000738D A3=00FF2CFE A4=00000100 A5=FFFF80C8 A6=00FF0BF0 A7=00FF0BDE D0=00000008 D1=00000980 D2=00000006 D3=0000FFFF D4=0000FFFF D5=000000FF D6=00000004 D7=00004204 xnzvc
00:69D4  4E 90  JSR     (A0)                     A0=00006ABC A1=00C00000 A2=0000738D A3=00FF2CFE A4=00000100 A5=FFFF80C8 A6=00FF0BF0 A7=00FF0BDE D0=00000008 D1=00000980 D2=00000006 D3=0000FFFF D4=0000FFFF D5=000000FF D6=00000004 D7=00004204 xnzvc
00:6ABC  76 00  MOVEQ   #$00,D3                  A0=00006ABC A1=00C00000 A2=0000738D A3=00FF2CFE A4=00000100 A5=FFFF80C8 A6=00FF0BF0 A7=00FF0BDA D0=00000008 D1=00000980 D2=00000006 D3=0000FFFF D4=0000FFFF D5=000000FF D6=00000004 D7=00004204 xnzvc
00:6ABE  16 1A  MOVE.B  (A2)+,D3                 A0=00006ABC A1=00C00000 A2=0000738D A3=00FF2CFE A4=00000100 A5=FFFF80C8 A6=00FF0BF0 A7=00FF0BDA D0=00000008 D1=00000980 D2=00000006 D3=00000000 D4=0000FFFF D5=000000FF D6=00000004 D7=00004204 xnZvc
00:6AC0  1E 1A  MOVE.B  (A2)+,D7                 A0=00006ABC A1=00C00000 A2=0000738E A3=00FF2CFE A4=00000100 A5=FFFF80C8 A6=00FF0BF0 A7=00FF0BDA D0=00000008 D1=00000980 D2=00000006 D3=00000009 D4=0000FFFF D5=000000FF D6=00000004 D7=00004204 xnzvc
00:6AC2  61 00  BSR     #$001C [00:6AE0]         A0=00006ABC A1=00C00000 A2=0000738F A3=00FF2CFE A4=00000100 A5=FFFF80C8 A6=00FF0BF0 A7=00FF0BDA D0=00000008 D1=00000980 D2=00000006 D3=00000009 D4=0000FFFF D5=000000FF D6=00000004 D7=00004296 xNzvc
00:6AEA  4E 75  RTS                              A0=00006ABC A1=00C00000 A2=0000738F A3=00FF2CFE A4=00000100 A5=FFFF80C8 A6=00FF0BF0 A7=00FF0BD6 D0=0000000D D1=00000980 D2=00000006 D3=0000FFFF D4=0000FFFF D5=000000FF D6=00000004 D7=000042A0 XNzvC
00:6AC6  4E 75  RTS                              A0=00006ABC A1=00C00000 A2=0000738F A3=00FF2CFE A4=00000100 A5=FFFF80C8 A6=00FF0BF0 A7=00FF0BDA D0=0000000D D1=00000980 D2=00000006 D3=0000FFFF D4=0000FFFF D5=000000FF D6=00000004 D7=000042A0 XNzvC
00:69D6  60 E0  BRA     #$E0 [00:69B8]           A0=00006ABC A1=00C00000 A2=0000738F A3=00FF2CFE A4=00000100 A5=FFFF80C8 A6=00FF0BF0 A7=00FF0BDE D0=0000000D D1=00000980 D2=00000006 D3=0000FFFF D4=0000FFFF D5=000000FF D6=00000004 D7=000042A0 XNzvC
00:69C6  70 00  MOVEQ   #$00,D0                  A0=00006ABC A1=00C00000 A2=00007390 A3=00FF2CFE A4=00000100 A5=FFFF80C8 A6=00FF0BF0 A7=00FF0BDE D0=0000000D D1=00000980 D2=00000006 D3=0000FFFF D4=0000FFFF D5=000000FF D6=00000004 D7=0000420A XNzvC
00:69C8  10 07  MOVE.B  D7,D0                    A0=00006ABC A1=00C00000 A2=00007390 A3=00FF2CFE A4=00000100 A5=FFFF80C8 A6=00FF0BF0 A7=00FF0BDE D0=00000000 D1=00000980 D2=00000006 D3=0000FFFF D4=0000FFFF D5=000000FF D6=00000004 D7=0000420A XnZvc
00:69CA  D0 40  ADD.W   D0,D0                    A0=00006ABC A1=00C00000 A2=00007390 A3=00FF2CFE A4=00000100 A5=FFFF80C8 A6=00FF0BF0 A7=00FF0BDE D0=0000000A D1=00000980 D2=00000006 D3=0000FFFF D4=0000FFFF D5=000000FF D6=00000004 D7=0000420A Xnzvc
00:69CC  41 FA  LEA     $000A(PC),A0             A0=00006ABC A1=00C00000 A2=00007390 A3=00FF2CFE A4=00000100 A5=FFFF80C8 A6=00FF0BF0 A7=00FF0BDE D0=00000014 D1=00000980 D2=00000006 D3=0000FFFF D4=0000FFFF D5=000000FF D6=00000004 D7=0000420A xnzvc
00:69D0  D0 F0  ADDA.W  $00(A0,D0),A0            A0=000069D8 A1=00C00000 A2=00007390 A3=00FF2CFE A4=00000100 A5=FFFF80C8 A6=00FF0BF0 A7=00FF0BDE D0=00000014 D1=00000980 D2=00000006 D3=0000FFFF D4=0000FFFF D5=000000FF D6=00000004 D7=0000420A xnzvc
00:69D4  4E 90  JSR     (A0)                     A0=00006B1C A1=00C00000 A2=00007390 A3=00FF2CFE A4=00000100 A5=FFFF80C8 A6=00FF0BF0 A7=00FF0BDE D0=00000014 D1=00000980 D2=00000006 D3=0000FFFF D4=0000FFFF D5=000000FF D6=00000004 D7=0000420A xnzvc
00:6B1C  76 00  MOVEQ   #$00,D3                  A0=00006B1C A1=00C00000 A2=00007390 A3=00FF2CFE A4=00000100 A5=FFFF80C8 A6=00FF0BF0 A7=00FF0BDA D0=00000014 D1=00000980 D2=00000006 D3=0000FFFF D4=0000FFFF D5=000000FF D6=00000004 D7=0000420A xnzvc
00:6B1E  16 1A  MOVE.B  (A2)+,D3                 A0=00006B1C A1=00C00000 A2=00007390 A3=00FF2CFE A4=00000100 A5=FFFF80C8 A6=00FF0BF0 A7=00FF0BDA D0=00000014 D1=00000980 D2=00000006 D3=00000000 D4=0000FFFF D5=000000FF D6=00000004 D7=0000420A xnZvc
00:6B20  48 47  SWAP.W  D7                       A0=00006B1C A1=00C00000 A2=00007391 A3=00FF2CFE A4=00000100 A5=FFFF80C8 A6=00FF0BF0 A7=00FF0BDA D0=00000014 D1=00000980 D2=00000006 D3=00000014 D4=0000FFFF D5=000000FF D6=00000004 D7=0000420A xnzvc
00:6B22  42 47  CLR.W   D7                       A0=00006B1C A1=00C00000 A2=00007391 A3=00FF2CFE A4=00000100 A5=FFFF80C8 A6=00FF0BF0 A7=00FF0BDA D0=00000014 D1=00000980 D2=00000006 D3=00000014 D4=0000FFFF D5=000000FF D6=00000004 D7=420A0000 xnzvc
00:6B6C  1D 6E  MOVE.B  $FFF6(A6),$FFF4(A6)      A0=00006B1C A1=00C00000 A2=00007391 A3=00FF2CFE A4=00000100 A5=FFFF80C8 A6=00FF0BF0 A7=00FF0BD6 D0=0000001F D1=00000980 D2=00000006 D3=00000002 D4=0000FFFF D5=000000FF D6=00000004 D7=420A0000 XNzvC
00:6B72  60 C6  BRA     #$C6 [00:6B3A]           A0=00006B1C A1=00C00000 A2=00007391 A3=00FF2CFE A4=00000100 A5=FFFF80C8 A6=00FF0BF0 A7=00FF0BD6 D0=0000001F D1=00000980 D2=00000006 D3=00000002 D4=0000FFFF D5=000000FF D6=00000004 D7=420A0000 Xnzvc
00:6B3A  30 2E  MOVE.W  $FFFA(A6),D0             A0=00006B1C A1=00C00000 A2=00007391 A3=00FF2CFE A4=00000100 A5=FFFF80C8 A6=00FF0BF0 A7=00FF0BD6 D0=0000001F D1=00000980 D2=00000006 D3=00000002 D4=0000FFFF D5=000000FF D6=00000004 D7=420A0000 Xnzvc
00:6B3E  32 2E  MOVE.W  $FFFC(A6),D1             A0=00006B1C A1=00C00000 A2=00007391 A3=00FF2CFE A4=00000100 A5=FFFF80C8 A6=00FF0BF0 A7=00FF0BD6 D0=00000000 D1=00000980 D2=00000006 D3=00000002 D4=0000FFFF D5=000000FF D6=00000004 D7=420A0000 XnZvc
00:6B42  52 41  ADDQ.W  #1,D1                    A0=00006B1C A1=00C00000 A2=00007391 A3=00FF2CFE A4=00000100 A5=FFFF80C8 A6=00FF0BF0 A7=00FF0BD6 D0=00000000 D1=00000013 D2=00000006 D3=00000002 D4=0000FFFF D5=000000FF D6=00000004 D7=420A0000 Xnzvc
00:6B44  B2 78  CMP.W   ($8A72),D1               A0=00006B1C A1=00C00000 A2=00007391 A3=00FF2CFE A4=00000100 A5=FFFF80C8 A6=00FF0BF0 A7=00FF0BD6 D0=00000000 D1=00000014 D2=00000006 D3=00000002 D4=0000FFFF D5=000000FF D6=00000004 D7=420A0000 xnzvc
00:6B48  65 02  BCS     #$02 [00:6B4C]           A0=00006B1C A1=00C00000 A2=00007391 A3=00FF2CFE A4=00000100 A5=FFFF80C8 A6=00FF0BF0 A7=00FF0BD6 D0=00000000 D1=00000014 D2=00000006 D3=00000002 D4=0000FFFF D5=000000FF D6=00000004 D7=420A0000 xNzvC
00:6B4C  3D 41  MOVE.W  D1,$FFFC(A6)             A0=00006B1C A1=00C00000 A2=00007391 A3=00FF2CFE A4=00000100 A5=FFFF80C8 A6=00FF0BF0 A7=00FF0BD6 D0=00000000 D1=00000014 D2=00000006 D3=00000002 D4=0000FFFF D5=000000FF D6=00000004 D7=420A0000 xNzvC
00:6B50  3D 40  MOVE.W  D0,$FFFE(A6)             A0=00006B1C A1=00C00000 A2=00007391 A3=00FF2CFE A4=00000100 A5=FFFF80C8 A6=00FF0BF0 A7=00FF0BD6 D0=00000000 D1=00000014 D2=00000006 D3=00000002 D4=0000FFFF D5=000000FF D6=00000004 D7=420A0000 xnzvc
00:6B54  61 00  BSR     #$FF46 [00:6A9C]         A0=00006B1C A1=00C00000 A2=00007391 A3=00FF2CFE A4=00000100 A5=FFFF80C8 A6=00FF0BF0 A7=00FF0BD6 D0=00000000 D1=00000014 D2=00000006 D3=00000002 D4=0000FFFF D5=000000FF D6=00000004 D7=420A0000 xnZvc
00:6A9C  4E B8  JSR     ($05CA)                  A0=00006B1C A1=00C00000 A2=00007391 A3=00FF2CFE A4=00000100 A5=FFFF80C8 A6=00FF0BF0 A7=00FF0BD2 D0=00000000 D1=00000014 D2=00000006 D3=00000002 D4=0000FFFF D5=000000FF D6=00000004 D7=420A0000 xnZvc
00:05CA  D0 40  ADD.W   D0,D0                    A0=00006B1C A1=00C00000 A2=00007391 A3=00FF2CFE A4=00000100 A5=FFFF80C8 A6=00FF0BF0 A7=00FF0BCE D0=00000000 D1=00000014 D2=00000006 D3=00000002 D4=0000FFFF D5=000000FF D6=00000004 D7=420A0000 xnZvc
00:05CC  D2 41  ADD.W   D1,D1                    A0=00006B1C A1=00C00000 A2=00007391 A3=00FF2CFE A4=00000100 A5=FFFF80C8 A6=00FF0BF0 A7=00FF0BCE D0=00000000 D1=00000014 D2=00000006 D3=00000002 D4=0000FFFF D5=000000FF D6=00000004 D7=420A0000 xnZvc
00:05CE  14 38  MOVE.B  ($8A8A),D2               A0=00006B1C A1=00C00000 A2=00007391 A3=00FF2CFE A4=00000100 A5=FFFF80C8 A6=00FF0BF0 A7=00FF0BCE D0=00000000 D1=00000028 D2=00000006 D3=00000002 D4=0000FFFF D5=000000FF D6=00000004 D7=420A0000 xnzvc
00:05D2  E5 61  ASL.W   D2,D1                    A0=00006B1C A1=00C00000 A2=00007391 A3=00FF2CFE A4=00000100 A5=FFFF80C8 A6=00FF0BF0 A7=00FF0BCE D0=00000000 D1=00000028 D2=00000006 D3=00000002 D4=0000FFFF D5=000000FF D6=00000004 D7=420A0000 xnzvc
00:05D4  D0 41  ADD.W   D1,D0                    A0=00006B1C A1=00C00000 A2=00007391 A3=00FF2CFE A4=00000100 A5=FFFF80C8 A6=00FF0BF0 A7=00FF0BCE D0=00000000 D1=00000A00 D2=00000006 D3=00000002 D4=0000FFFF D5=000000FF D6=00000004 D7=420A0000 xnzvc
00:05D6  4E 75  RTS                              A0=00006B1C A1=00C00000 A2=00007391 A3=00FF2CFE A4=00000100 A5=FFFF80C8 A6=00FF0BF0 A7=00FF0BCE D0=00000A00 D1=00000A00 D2=00000006 D3=00000002 D4=0000FFFF D5=000000FF D6=00000004 D7=420A0000 xnzvc
00:6AA0  D0 6E  ADD.W   $FFF2(A6),D0             A0=00006B1C A1=00C00000 A2=00007391 A3=00FF2CFE A4=00000100 A5=FFFF80C8 A6=00FF0BF0 A7=00FF0BD2 D0=00000A00 D1=00000A00 D2=00000006 D3=00000002 D4=0000FFFF D5=000000FF D6=00000004 D7=420A0000 xnzvc
00:6AA4  4E 75  RTS                              A0=00006B1C A1=00C00000 A2=00007391 A3=00FF2CFE A4=00000100 A5=FFFF80C8 A6=00FF0BF0 A7=00FF0BD2 D0=0000CA00 D1=00000A00 D2=00000006 D3=00000002 D4=0000FFFF D5=000000FF D6=00000004 D7=420A0000 xNzvc
00:6B58  4E B8  JSR     ($05A0)                  A0=00006B1C A1=00C00000 A2=00007391 A3=00FF2CFE A4=00000100 A5=FFFF80C8 A6=00FF0BF0 A7=00FF0BD6 D0=0000CA00 D1=00000A00 D2=00000006 D3=00000002 D4=0000FFFF D5=000000FF D6=00000004 D7=420A0000 xNzvc
00:05A0  E5 80  ASL.L   #2,D0                    A0=00006B1C A1=00C00000 A2=00007391 A3=00FF2CFE A4=00000100 A5=FFFF80C8 A6=00FF0BF0 A7=00FF0BD2 D0=0000CA00 D1=00000A00 D2=00000006 D3=00000002 D4=0000FFFF D5=000000FF D6=00000004 D7=420A0000 xNzvc
00:05A2  E4 48  LSR.W   #2,D0                    A0=00006B1C A1=00C00000 A2=00007391 A3=00FF2CFE A4=00000100 A5=FFFF80C8 A6=00FF0BF0 A7=00FF0BD2 D0=00032800 D1=00000A00 D2=00000006 D3=00000002 D4=0000FFFF D5=000000FF D6=00000004 D7=420A0000 xnzvc
00:05A4  00 40  ORI.W   #$4000,D0                A0=00006B1C A1=00C00000 A2=00007391 A3=00FF2CFE A4=00000100 A5=FFFF80C8 A6=00FF0BF0 A7=00FF0BD2 D0=00030A00 D1=00000A00 D2=00000006 D3=00000002 D4=0000FFFF D5=000000FF D6=00000004 D7=420A0000 xnzvc
00:05A8  48 40  SWAP.W  D0                       A0=00006B1C A1=00C00000 A2=00007391 A3=00FF2CFE A4=00000100 A5=FFFF80C8 A6=00FF0BF0 A7=00FF0BD2 D0=00034A00 D1=00000A00 D2=00000006 D3=00000002 D4=0000FFFF D5=000000FF D6=00000004 D7=420A0000 xnzvc
00:05AA  02 40  ANDI.W  #$0003,D0                A0=00006B1C A1=00C00000 A2=00007391 A3=00FF2CFE A4=00000100 A5=FFFF80C8 A6=00FF0BF0 A7=00FF0BD2 D0=4A000003 D1=00000A00 D2=00000006 D3=00000002 D4=0000FFFF D5=000000FF D6=00000004 D7=420A0000 xnzvc
00:05AE  23 C0  MOVE.L  D0,($00C00004)           A0=00006B1C A1=00C00000 A2=00007391 A3=00FF2CFE A4=00000100 A5=FFFF80C8 A6=00FF0BF0 A7=00FF0BD2 D0=4A000003 D1=00000A00 D2=00000006 D3=00000002 D4=0000FFFF D5=000000FF D6=00000004 D7=420A0000 xnzvc
00:05B4  4E 75  RTS                              A0=00006B1C A1=00C00000 A2=00007391 A3=00FF2CFE A4=00000100 A5=FFFF80C8 A6=00FF0BF0 A7=00FF0BD2 D0=4A000003 D1=00000A00 D2=00000006 D3=00000002 D4=0000FFFF D5=000000FF D6=00000004 D7=420A0000 xnzvc
00:6B5C  43 F9  LEA     ($00C00000),A1           A0=00006B1C A1=00C00000 A2=00007391 A3=00FF2CFE A4=00000100 A5=FFFF80C8 A6=00FF0BF0 A7=00FF0BD6 D0=4A000003 D1=00000A00 D2=00000006 D3=00000002 D4=0000FFFF D5=000000FF D6=00000004 D7=420A0000 xnzvc
00:6B62  4E 75  RTS                              A0=00006B1C A1=00C00000 A2=00007391 A3=00FF2CFE A4=00000100 A5=FFFF80C8 A6=00FF0BF0 A7=00FF0BD6 D0=4A000003 D1=00000A00 D2=00000006 D3=00000002 D4=0000FFFF D5=000000FF D6=00000004 D7=420A0000 xnzvc
00:6B2C  48 47  SWAP.W  D7                       A0=00006B1C A1=00C00000 A2=00007391 A3=00FF2CFE A4=00000100 A5=FFFF80C8 A6=00FF0BF0 A7=00FF0BDA D0=4A000002 D1=00000A00 D2=00000006 D3=0000FFFF D4=0000FFFF D5=000000FF D6=00000004 D7=420A0000 XNzvC
00:6B2E  4E 75  RTS                              A0=00006B1C A1=00C00000 A2=00007391 A3=00FF2CFE A4=00000100 A5=FFFF80C8 A6=00FF0BF0 A7=00FF0BDA D0=4A000002 D1=00000A00 D2=00000006 D3=0000FFFF D4=0000FFFF D5=000000FF D6=00000004 D7=0000420A Xnzvc
00:69D6  60 E0  BRA     #$E0 [00:69B8]           A0=00006B1C A1=00C00000 A2=00007391 A3=00FF2CFE A4=00000100 A5=FFFF80C8 A6=00FF0BF0 A7=00FF0BDE D0=4A000002 D1=00000A00 D2=00000006 D3=0000FFFF D4=0000FFFF D5=000000FF D6=00000004 D7=0000420A Xnzvc
00:69C6  70 00  MOVEQ   #$00,D0                  A0=00006B1C A1=00C00000 A2=00007392 A3=00FF2CFE A4=00000100 A5=FFFF80C8 A6=00FF0BF0 A7=00FF0BDE D0=4A000002 D1=00000A00 D2=00000006 D3=0000FFFF D4=0000FFFF D5=000000FF D6=00000004 D7=00004202 XNzvC
00:69C8  10 07  MOVE.B  D7,D0                    A0=00006B1C A1=00C00000 A2=00007392 A3=00FF2CFE A4=00000100 A5=FFFF80C8 A6=00FF0BF0 A7=00FF0BDE D0=00000000 D1=00000A00 D2=00000006 D3=0000FFFF D4=0000FFFF D5=000000FF D6=00000004 D7=00004202 XnZvc
00:69CA  D0 40  ADD.W   D0,D0                    A0=00006B1C A1=00C00000 A2=00007392 A3=00FF2CFE A4=00000100 A5=FFFF80C8 A6=00FF0BF0 A7=00FF0BDE D0=00000002 D1=00000A00 D2=00000006 D3=0000FFFF D4=0000FFFF D5=000000FF D6=00000004 D7=00004202 Xnzvc
00:69CC  41 FA  LEA     $000A(PC),A0             A0=00006B1C A1=00C00000 A2=00007392 A3=00FF2CFE A4=00000100 A5=FFFF80C8 A6=00FF0BF0 A7=00FF0BDE D0=00000004 D1=00000A00 D2=00000006 D3=0000FFFF D4=0000FFFF D5=000000FF D6=00000004 D7=00004202 xnzvc
00:69D0  D0 F0  ADDA.W  $00(A0,D0),A0            A0=000069D8 A1=00C00000 A2=00007392 A3=00FF2CFE A4=00000100 A5=FFFF80C8 A6=00FF0BF0 A7=00FF0BDE D0=00000004 D1=00000A00 D2=00000006 D3=0000FFFF D4=0000FFFF D5=000000FF D6=00000004 D7=00004202 xnzvc
00:69D4  4E 90  JSR     (A0)                     A0=00006AA6 A1=00C00000 A2=00007392 A3=00FF2CFE A4=00000100 A5=FFFF80C8 A6=00FF0BF0 A7=00FF0BDE D0=00000004 D1=00000A00 D2=00000006 D3=0000FFFF D4=0000FFFF D5=000000FF D6=00000004 D7=00004202 xnzvc
00:6AA6  1E 1A  MOVE.B  (A2)+,D7                 A0=00006AA6 A1=00C00000 A2=00007392 A3=00FF2CFE A4=00000100 A5=FFFF80C8 A6=00FF0BF0 A7=00FF0BDA D0=00000004 D1=00000A00 D2=00000006 D3=0000FFFF D4=0000FFFF D5=000000FF D6=00000004 D7=00004202 xnzvc
00:6AA8  E1 47  ASL.W   #8,D7                    A0=00006AA6 A1=00C00000 A2=00007393 A3=00FF2CFE A4=00000100 A5=FFFF80C8 A6=00FF0BF0 A7=00FF0BDA D0=00000004 D1=00000A00 D2=00000006 D3=0000FFFF D4=0000FFFF D5=000000FF D6=00000004 D7=00004242 xnzvc
00:6AAA  4E 75  RTS                              A0=00006AA6 A1=00C00000 A2=00007393 A3=00FF2CFE A4=00000100 A5=FFFF80C8 A6=00FF0BF0 A7=00FF0BDA D0=00000004 D1=00000A00 D2=00000006 D3=0000FFFF D4=0000FFFF D5=000000FF D6=00000004 D7=00004200 xnzVc
00:69D6  60 E0  BRA     #$E0 [00:69B8]           A0=00006AA6 A1=00C00000 A2=00007393 A3=00FF2CFE A4=00000100 A5=FFFF80C8 A6=00FF0BF0 A7=00FF0BDE D0=00000004 D1=00000A00 D2=00000006 D3=0000FFFF D4=0000FFFF D5=000000FF D6=00000004 D7=00004200 xnzVc
00:69C6  70 00  MOVEQ   #$00,D0                  A0=00006AA6 A1=00C00000 A2=00007394 A3=00FF2CFE A4=00000100 A5=FFFF80C8 A6=00FF0BF0 A7=00FF0BDE D0=00000004 D1=00000A00 D2=00000006 D3=0000FFFF D4=0000FFFF D5=000000FF D6=00000004 D7=00004204 xNzvC
00:69C8  10 07  MOVE.B  D7,D0                    A0=00006AA6 A1=00C00000 A2=00007394 A3=00FF2CFE A4=00000100 A5=FFFF80C8 A6=00FF0BF0 A7=00FF0BDE D0=00000000 D1=00000A00 D2=00000006 D3=0000FFFF D4=0000FFFF D5=000000FF D6=00000004 D7=00004204 xnZvc
00:69CA  D0 40  ADD.W   D0,D0                    A0=00006AA6 A1=00C00000 A2=00007394 A3=00FF2CFE A4=00000100 A5=FFFF80C8 A6=00FF0BF0 A7=00FF0BDE D0=00000004 D1=00000A00 D2=00000006 D3=0000FFFF D4=0000FFFF D5=000000FF D6=00000004 D7=00004204 xnzvc
00:69CC  41 FA  LEA     $000A(PC),A0             A0=00006AA6 A1=00C00000 A2=00007394 A3=00FF2CFE A4=00000100 A5=FFFF80C8 A6=00FF0BF0 A7=00FF0BDE D0=00000008 D1=00000A00 D2=00000006 D3=0000FFFF D4=0000FFFF D5=000000FF D6=00000004 D7=00004204 xnzvc
00:69D0  D0 F0  ADDA.W  $00(A0,D0),A0            A0=000069D8 A1=00C00000 A2=00007394 A3=00FF2CFE A4=00000100 A5=FFFF80C8 A6=00FF0BF0 A7=00FF0BDE D0=00000008 D1=00000A00 D2=00000006 D3=0000FFFF D4=0000FFFF D5=000000FF D6=00000004 D7=00004204 xnzvc
00:69D4  4E 90  JSR     (A0)                     A0=00006ABC A1=00C00000 A2=00007394 A3=00FF2CFE A4=00000100 A5=FFFF80C8 A6=00FF0BF0 A7=00FF0BDE D0=00000008 D1=00000A00 D2=00000006 D3=0000FFFF D4=0000FFFF D5=000000FF D6=00000004 D7=00004204 xnzvc
00:6ABC  76 00  MOVEQ   #$00,D3                  A0=00006ABC A1=00C00000 A2=00007394 A3=00FF2CFE A4=00000100 A5=FFFF80C8 A6=00FF0BF0 A7=00FF0BDA D0=00000008 D1=00000A00 D2=00000006 D3=0000FFFF D4=0000FFFF D5=000000FF D6=00000004 D7=00004204 xnzvc
00:6ABE  16 1A  MOVE.B  (A2)+,D3                 A0=00006ABC A1=00C00000 A2=00007394 A3=00FF2CFE A4=00000100 A5=FFFF80C8 A6=00FF0BF0 A7=00FF0BDA D0=00000008 D1=00000A00 D2=00000006 D3=00000000 D4=0000FFFF D5=000000FF D6=00000004 D7=00004204 xnZvc
00:6AC0  1E 1A  MOVE.B  (A2)+,D7                 A0=00006ABC A1=00C00000 A2=00007395 A3=00FF2CFE A4=00000100 A5=FFFF80C8 A6=00FF0BF0 A7=00FF0BDA D0=00000008 D1=00000A00 D2=00000006 D3=00000005 D4=0000FFFF D5=000000FF D6=00000004 D7=00004204 xnzvc
00:6AC2  61 00  BSR     #$001C [00:6AE0]         A0=00006ABC A1=00C00000 A2=00007396 A3=00FF2CFE A4=00000100 A5=FFFF80C8 A6=00FF0BF0 A7=00FF0BDA D0=00000008 D1=00000A00 D2=00000006 D3=00000005 D4=0000FFFF D5=000000FF D6=00000004 D7=000042A0 xNzvc
00:6AEA  4E 75  RTS                              A0=00006ABC A1=00C00000 A2=00007396 A3=00FF2CFE A4=00000100 A5=FFFF80C8 A6=00FF0BF0 A7=00FF0BD6 D0=00000008 D1=00000A00 D2=00000006 D3=0000FFFF D4=0000FFFF D5=000000FF D6=00000004 D7=000042A6 XNzvC
00:6AC6  4E 75  RTS                              A0=00006ABC A1=00C00000 A2=00007396 A3=00FF2CFE A4=00000100 A5=FFFF80C8 A6=00FF0BF0 A7=00FF0BDA D0=00000008 D1=00000A00 D2=00000006 D3=0000FFFF D4=0000FFFF D5=000000FF D6=00000004 D7=000042A6 XNzvC
00:69D6  60 E0  BRA     #$E0 [00:69B8]           A0=00006ABC A1=00C00000 A2=00007396 A3=00FF2CFE A4=00000100 A5=FFFF80C8 A6=00FF0BF0 A7=00FF0BDE D0=00000008 D1=00000A00 D2=00000006 D3=0000FFFF D4=0000FFFF D5=000000FF D6=00000004 D7=000042A6 XNzvC
00:69C6  70 00  MOVEQ   #$00,D0                  A0=00006ABC A1=00C00000 A2=00007397 A3=00FF2CFE A4=00000100 A5=FFFF80C8 A6=00FF0BF0 A7=00FF0BDE D0=00000008 D1=00000A00 D2=00000006 D3=0000FFFF D4=0000FFFF D5=000000FF D6=00000004 D7=0000420A XNzvC
00:69C8  10 07  MOVE.B  D7,D0                    A0=00006ABC A1=00C00000 A2=00007397 A3=00FF2CFE A4=00000100 A5=FFFF80C8 A6=00FF0BF0 A7=00FF0BDE D0=00000000 D1=00000A00 D2=00000006 D3=0000FFFF D4=0000FFFF D5=000000FF D6=00000004 D7=0000420A XnZvc
00:69CA  D0 40  ADD.W   D0,D0                    A0=00006ABC A1=00C00000 A2=00007397 A3=00FF2CFE A4=00000100 A5=FFFF80C8 A6=00FF0BF0 A7=00FF0BDE D0=0000000A D1=00000A00 D2=00000006 D3=0000FFFF D4=0000FFFF D5=000000FF D6=00000004 D7=0000420A Xnzvc
00:69CC  41 FA  LEA     $000A(PC),A0             A0=00006ABC A1=00C00000 A2=00007397 A3=00FF2CFE A4=00000100 A5=FFFF80C8 A6=00FF0BF0 A7=00FF0BDE D0=00000014 D1=00000A00 D2=00000006 D3=0000FFFF D4=0000FFFF D5=000000FF D6=00000004 D7=0000420A xnzvc
00:69D0  D0 F0  ADDA.W  $00(A0,D0),A0            A0=000069D8 A1=00C00000 A2=00007397 A3=00FF2CFE A4=00000100 A5=FFFF80C8 A6=00FF0BF0 A7=00FF0BDE D0=00000014 D1=00000A00 D2=00000006 D3=0000FFFF D4=0000FFFF D5=000000FF D6=00000004 D7=0000420A xnzvc
00:69D4  4E 90  JSR     (A0)                     A0=00006B1C A1=00C00000 A2=00007397 A3=00FF2CFE A4=00000100 A5=FFFF80C8 A6=00FF0BF0 A7=00FF0BDE D0=00000014 D1=00000A00 D2=00000006 D3=0000FFFF D4=0000FFFF D5=000000FF D6=00000004 D7=0000420A xnzvc
00:6B1C  76 00  MOVEQ   #$00,D3                  A0=00006B1C A1=00C00000 A2=00007397 A3=00FF2CFE A4=00000100 A5=FFFF80C8 A6=00FF0BF0 A7=00FF0BDA D0=00000014 D1=00000A00 D2=00000006 D3=0000FFFF D4=0000FFFF D5=000000FF D6=00000004 D7=0000420A xnzvc
00:6B1E  16 1A  MOVE.B  (A2)+,D3                 A0=00006B1C A1=00C00000 A2=00007397 A3=00FF2CFE A4=00000100 A5=FFFF80C8 A6=00FF0BF0 A7=00FF0BDA D0=00000014 D1=00000A00 D2=00000006 D3=00000000 D4=0000FFFF D5=000000FF D6=00000004 D7=0000420A xnZvc
00:6B20  48 47  SWAP.W  D7                       A0=00006B1C A1=00C00000 A2=00007398 A3=00FF2CFE A4=00000100 A5=FFFF80C8 A6=00FF0BF0 A7=00FF0BDA D0=00000014 D1=00000A00 D2=00000006 D3=00000000 D4=0000FFFF D5=000000FF D6=00000004 D7=0000420A xnZvc
00:6B22  42 47  CLR.W   D7                       A0=00006B1C A1=00C00000 A2=00007398 A3=00FF2CFE A4=00000100 A5=FFFF80C8 A6=00FF0BF0 A7=00FF0BDA D0=00000014 D1=00000A00 D2=00000006 D3=00000000 D4=0000FFFF D5=000000FF D6=00000004 D7=420A0000 xnzvc
00:6B2C  48 47  SWAP.W  D7                       A0=00006B1C A1=00C00000 A2=00007398 A3=00FF2CFE A4=00000100 A5=FFFF80C8 A6=00FF0BF0 A7=00FF0BDA D0=00000009 D1=00000A00 D2=00000006 D3=0000FFFF D4=0000FFFF D5=000000FF D6=00000004 D7=420A0000 XNzvC
00:6B2E  4E 75  RTS                              A0=00006B1C A1=00C00000 A2=00007398 A3=00FF2CFE A4=00000100 A5=FFFF80C8 A6=00FF0BF0 A7=00FF0BDA D0=00000009 D1=00000A00 D2=00000006 D3=0000FFFF D4=0000FFFF D5=000000FF D6=00000004 D7=0000420A Xnzvc
00:69D6  60 E0  BRA     #$E0 [00:69B8]           A0=00006B1C A1=00C00000 A2=00007398 A3=00FF2CFE A4=00000100 A5=FFFF80C8 A6=00FF0BF0 A7=00FF0BDE D0=00000009 D1=00000A00 D2=00000006 D3=0000FFFF D4=0000FFFF D5=000000FF D6=00000004 D7=0000420A Xnzvc
00:69C6  70 00  MOVEQ   #$00,D0                  A0=00006B1C A1=00C00000 A2=00007399 A3=00FF2CFE A4=00000100 A5=FFFF80C8 A6=00FF0BF0 A7=00FF0BDE D0=00000009 D1=00000A00 D2=00000006 D3=0000FFFF D4=0000FFFF D5=000000FF D6=00000004 D7=00004202 XNzvC
00:69C8  10 07  MOVE.B  D7,D0                    A0=00006B1C A1=00C00000 A2=00007399 A3=00FF2CFE A4=00000100 A5=FFFF80C8 A6=00FF0BF0 A7=00FF0BDE D0=00000000 D1=00000A00 D2=00000006 D3=0000FFFF D4=0000FFFF D5=000000FF D6=00000004 D7=00004202 XnZvc
00:69CA  D0 40  ADD.W   D0,D0                    A0=00006B1C A1=00C00000 A2=00007399 A3=00FF2CFE A4=00000100 A5=FFFF80C8 A6=00FF0BF0 A7=00FF0BDE D0=00000002 D1=00000A00 D2=00000006 D3=0000FFFF D4=0000FFFF D5=000000FF D6=00000004 D7=00004202 Xnzvc
00:69CC  41 FA  LEA     $000A(PC),A0             A0=00006B1C A1=00C00000 A2=00007399 A3=00FF2CFE A4=00000100 A5=FFFF80C8 A6=00FF0BF0 A7=00FF0BDE D0=00000004 D1=00000A00 D2=00000006 D3=0000FFFF D4=0000FFFF D5=000000FF D6=00000004 D7=00004202 xnzvc
00:69D0  D0 F0  ADDA.W  $00(A0,D0),A0            A0=000069D8 A1=00C00000 A2=00007399 A3=00FF2CFE A4=00000100 A5=FFFF80C8 A6=00FF0BF0 A7=00FF0BDE D0=00000004 D1=00000A00 D2=00000006 D3=0000FFFF D4=0000FFFF D5=000000FF D6=00000004 D7=00004202 xnzvc
00:69D4  4E 90  JSR     (A0)                     A0=00006AA6 A1=00C00000 A2=00007399 A3=00FF2CFE A4=00000100 A5=FFFF80C8 A6=00FF0BF0 A7=00FF0BDE D0=00000004 D1=00000A00 D2=00000006 D3=0000FFFF D4=0000FFFF D5=000000FF D6=00000004 D7=00004202 xnzvc
00:6AA6  1E 1A  MOVE.B  (A2)+,D7                 A0=00006AA6 A1=00C00000 A2=00007399 A3=00FF2CFE A4=00000100 A5=FFFF80C8 A6=00FF0BF0 A7=00FF0BDA D0=00000004 D1=00000A00 D2=00000006 D3=0000FFFF D4=0000FFFF D5=000000FF D6=00000004 D7=00004202 xnzvc
00:6AA8  E1 47  ASL.W   #8,D7                    A0=00006AA6 A1=00C00000 A2=0000739A A3=00FF2CFE A4=00000100 A5=FFFF80C8 A6=00FF0BF0 A7=00FF0BDA D0=00000004 D1=00000A00 D2=00000006 D3=0000FFFF D4=0000FFFF D5=000000FF D6=00000004 D7=00004242 xnzvc
00:6AAA  4E 75  RTS                              A0=00006AA6 A1=00C00000 A2=0000739A A3=00FF2CFE A4=00000100 A5=FFFF80C8 A6=00FF0BF0 A7=00FF0BDA D0=00000004 D1=00000A00 D2=00000006 D3=0000FFFF D4=0000FFFF D5=000000FF D6=00000004 D7=00004200 xnzVc
00:69D6  60 E0  BRA     #$E0 [00:69B8]           A0=00006AA6 A1=00C00000 A2=0000739A A3=00FF2CFE A4=00000100 A5=FFFF80C8 A6=00FF0BF0 A7=00FF0BDE D0=00000004 D1=00000A00 D2=00000006 D3=0000FFFF D4=0000FFFF D5=000000FF D6=00000004 D7=00004200 xnzVc
00:69C6  70 00  MOVEQ   #$00,D0                  A0=00006AA6 A1=00C00000 A2=0000739B A3=00FF2CFE A4=00000100 A5=FFFF80C8 A6=00FF0BF0 A7=00FF0BDE D0=00000004 D1=00000A00 D2=00000006 D3=0000FFFF D4=0000FFFF D5=000000FF D6=00000004 D7=00004204 xNzvC
00:69C8  10 07  MOVE.B  D7,D0                    A0=00006AA6 A1=00C00000 A2=0000739B A3=00FF2CFE A4=00000100 A5=FFFF80C8 A6=00FF0BF0 A7=00FF0BDE D0=00000000 D1=00000A00 D2=00000006 D3=0000FFFF D4=0000FFFF D5=000000FF D6=00000004 D7=00004204 xnZvc
00:69CA  D0 40  ADD.W   D0,D0                    A0=00006AA6 A1=00C00000 A2=0000739B A3=00FF2CFE A4=00000100 A5=FFFF80C8 A6=00FF0BF0 A7=00FF0BDE D0=00000004 D1=00000A00 D2=00000006 D3=0000FFFF D4=0000FFFF D5=000000FF D6=00000004 D7=00004204 xnzvc
00:69CC  41 FA  LEA     $000A(PC),A0             A0=00006AA6 A1=00C00000 A2=0000739B A3=00FF2CFE A4=00000100 A5=FFFF80C8 A6=00FF0BF0 A7=00FF0BDE D0=00000008 D1=00000A00 D2=00000006 D3=0000FFFF D4=0000FFFF D5=000000FF D6=00000004 D7=00004204 xnzvc
00:69D0  D0 F0  ADDA.W  $00(A0,D0),A0            A0=000069D8 A1=00C00000 A2=0000739B A3=00FF2CFE A4=00000100 A5=FFFF80C8 A6=00FF0BF0 A7=00FF0BDE D0=00000008 D1=00000A00 D2=00000006 D3=0000FFFF D4=0000FFFF D5=000000FF D6=00000004 D7=00004204 xnzvc
00:69D4  4E 90  JSR     (A0)                     A0=00006ABC A1=00C00000 A2=0000739B A3=00FF2CFE A4=00000100 A5=FFFF80C8 A6=00FF0BF0 A7=00FF0BDE D0=00000008 D1=00000A00 D2=00000006 D3=0000FFFF D4=0000FFFF D5=000000FF D6=00000004 D7=00004204 xnzvc
00:6ABC  76 00  MOVEQ   #$00,D3                  A0=00006ABC A1=00C00000 A2=0000739B A3=00FF2CFE A4=00000100 A5=FFFF80C8 A6=00FF0BF0 A7=00FF0BDA D0=00000008 D1=00000A00 D2=00000006 D3=0000FFFF D4=0000FFFF D5=000000FF D6=00000004 D7=00004204 xnzvc
00:6ABE  16 1A  MOVE.B  (A2)+,D3                 A0=00006ABC A1=00C00000 A2=0000739B A3=00FF2CFE A4=00000100 A5=FFFF80C8 A6=00FF0BF0 A7=00FF0BDA D0=00000008 D1=00000A00 D2=00000006 D3=00000000 D4=0000FFFF D5=000000FF D6=00000004 D7=00004204 xnZvc
00:6AC0  1E 1A  MOVE.B  (A2)+,D7                 A0=00006ABC A1=00C00000 A2=0000739C A3=00FF2CFE A4=00000100 A5=FFFF80C8 A6=00FF0BF0 A7=00FF0BDA D0=00000008 D1=00000A00 D2=00000006 D3=00000003 D4=0000FFFF D5=000000FF D6=00000004 D7=00004204 xnzvc
00:6AC2  61 00  BSR     #$001C [00:6AE0]         A0=00006ABC A1=00C00000 A2=0000739D A3=00FF2CFE A4=00000100 A5=FFFF80C8 A6=00FF0BF0 A7=00FF0BDA D0=00000008 D1=00000A00 D2=00000006 D3=00000003 D4=0000FFFF D5=000000FF D6=00000004 D7=000042A6 xNzvc
00:6AEA  4E 75  RTS                              A0=00006ABC A1=00C00000 A2=0000739D A3=00FF2CFE A4=00000100 A5=FFFF80C8 A6=00FF0BF0 A7=00FF0BD6 D0=0000000D D1=00000A00 D2=00000006 D3=0000FFFF D4=0000FFFF D5=000000FF D6=00000004 D7=000042AA XNzvC
00:6AC6  4E 75  RTS                              A0=00006ABC A1=00C00000 A2=0000739D A3=00FF2CFE A4=00000100 A5=FFFF80C8 A6=00FF0BF0 A7=00FF0BDA D0=0000000D D1=00000A00 D2=00000006 D3=0000FFFF D4=0000FFFF D5=000000FF D6=00000004 D7=000042AA XNzvC
00:69D6  60 E0  BRA     #$E0 [00:69B8]           A0=00006ABC A1=00C00000 A2=0000739D A3=00FF2CFE A4=00000100 A5=FFFF80C8 A6=00FF0BF0 A7=00FF0BDE D0=0000000D D1=00000A00 D2=00000006 D3=0000FFFF D4=0000FFFF D5=000000FF D6=00000004 D7=000042AA XNzvC
00:6B1C  76 00  MOVEQ   #$00,D3                  A0=00006B1C A1=00C00000 A2=0000739E A3=00FF2CFE A4=00000100 A5=FFFF80C8 A6=00FF0BF0 A7=00FF0BDA D0=00000014 D1=00000A00 D2=00000006 D3=0000FFFF D4=0000FFFF D5=000000FF D6=00000004 D7=0000420A xnzvc
00:6B1E  16 1A  MOVE.B  (A2)+,D3                 A0=00006B1C A1=00C00000 A2=0000739E A3=00FF2CFE A4=00000100 A5=FFFF80C8 A6=00FF0BF0 A7=00FF0BDA D0=00000014 D1=00000A00 D2=00000006 D3=00000000 D4=0000FFFF D5=000000FF D6=00000004 D7=0000420A xnZvc
00:6B20  48 47  SWAP.W  D7                       A0=00006B1C A1=00C00000 A2=0000739F A3=00FF2CFE A4=00000100 A5=FFFF80C8 A6=00FF0BF0 A7=00FF0BDA D0=00000014 D1=00000A00 D2=00000006 D3=00000014 D4=0000FFFF D5=000000FF D6=00000004 D7=0000420A xnzvc
00:6B22  42 47  CLR.W   D7                       A0=00006B1C A1=00C00000 A2=0000739F A3=00FF2CFE A4=00000100 A5=FFFF80C8 A6=00FF0BF0 A7=00FF0BDA D0=00000014 D1=00000A00 D2=00000006 D3=00000014 D4=0000FFFF D5=000000FF D6=00000004 D7=420A0000 xnzvc
00:6B6C  1D 6E  MOVE.B  $FFF6(A6),$FFF4(A6)      A0=00006B1C A1=00C00000 A2=0000739F A3=00FF2CFE A4=00000100 A5=FFFF80C8 A6=00FF0BF0 A7=00FF0BD6 D0=0000001F D1=00000A00 D2=00000006 D3=00000002 D4=0000FFFF D5=000000FF D6=00000004 D7=420A0000 XNzvC
00:6B72  60 C6  BRA     #$C6 [00:6B3A]           A0=00006B1C A1=00C00000 A2=0000739F A3=00FF2CFE A4=00000100 A5=FFFF80C8 A6=00FF0BF0 A7=00FF0BD6 D0=0000001F D1=00000A00 D2=00000006 D3=00000002 D4=0000FFFF D5=000000FF D6=00000004 D7=420A0000 Xnzvc
00:6B3A  30 2E  MOVE.W  $FFFA(A6),D0             A0=00006B1C A1=00C00000 A2=0000739F A3=00FF2CFE A4=00000100 A5=FFFF80C8 A6=00FF0BF0 A7=00FF0BD6 D0=0000001F D1=00000A00 D2=00000006 D3=00000002 D4=0000FFFF D5=000000FF D6=00000004 D7=420A0000 Xnzvc
00:6B3E  32 2E  MOVE.W  $FFFC(A6),D1             A0=00006B1C A1=00C00000 A2=0000739F A3=00FF2CFE A4=00000100 A5=FFFF80C8 A6=00FF0BF0 A7=00FF0BD6 D0=00000000 D1=00000A00 D2=00000006 D3=00000002 D4=0000FFFF D5=000000FF D6=00000004 D7=420A0000 XnZvc
00:6B42  52 41  ADDQ.W  #1,D1                    A0=00006B1C A1=00C00000 A2=0000739F A3=00FF2CFE A4=00000100 A5=FFFF80C8 A6=00FF0BF0 A7=00FF0BD6 D0=00000000 D1=00000014 D2=00000006 D3=00000002 D4=0000FFFF D5=000000FF D6=00000004 D7=420A0000 Xnzvc
00:6B44  B2 78  CMP.W   ($8A72),D1               A0=00006B1C A1=00C00000 A2=0000739F A3=00FF2CFE A4=00000100 A5=FFFF80C8 A6=00FF0BF0 A7=00FF0BD6 D0=00000000 D1=00000015 D2=00000006 D3=00000002 D4=0000FFFF D5=000000FF D6=00000004 D7=420A0000 xnzvc
00:6B48  65 02  BCS     #$02 [00:6B4C]           A0=00006B1C A1=00C00000 A2=0000739F A3=00FF2CFE A4=00000100 A5=FFFF80C8 A6=00FF0BF0 A7=00FF0BD6 D0=00000000 D1=00000015 D2=00000006 D3=00000002 D4=0000FFFF D5=000000FF D6=00000004 D7=420A0000 xNzvC
00:6B4C  3D 41  MOVE.W  D1,$FFFC(A6)             A0=00006B1C A1=00C00000 A2=0000739F A3=00FF2CFE A4=00000100 A5=FFFF80C8 A6=00FF0BF0 A7=00FF0BD6 D0=00000000 D1=00000015 D2=00000006 D3=00000002 D4=0000FFFF D5=000000FF D6=00000004 D7=420A0000 xNzvC
00:6B50  3D 40  MOVE.W  D0,$FFFE(A6)             A0=00006B1C A1=00C00000 A2=0000739F A3=00FF2CFE A4=00000100 A5=FFFF80C8 A6=00FF0BF0 A7=00FF0BD6 D0=00000000 D1=00000015 D2=00000006 D3=00000002 D4=0000FFFF D5=000000FF D6=00000004 D7=420A0000 xnzvc
00:6B54  61 00  BSR     #$FF46 [00:6A9C]         A0=00006B1C A1=00C00000 A2=0000739F A3=00FF2CFE A4=00000100 A5=FFFF80C8 A6=00FF0BF0 A7=00FF0BD6 D0=00000000 D1=00000015 D2=00000006 D3=00000002 D4=0000FFFF D5=000000FF D6=00000004 D7=420A0000 xnZvc
00:6A9C  4E B8  JSR     ($05CA)                  A0=00006B1C A1=00C00000 A2=0000739F A3=00FF2CFE A4=00000100 A5=FFFF80C8 A6=00FF0BF0 A7=00FF0BD2 D0=00000000 D1=00000015 D2=00000006 D3=00000002 D4=0000FFFF D5=000000FF D6=00000004 D7=420A0000 xnZvc
00:05CA  D0 40  ADD.W   D0,D0                    A0=00006B1C A1=00C00000 A2=0000739F A3=00FF2CFE A4=00000100 A5=FFFF80C8 A6=00FF0BF0 A7=00FF0BCE D0=00000000 D1=00000015 D2=00000006 D3=00000002 D4=0000FFFF D5=000000FF D6=00000004 D7=420A0000 xnZvc
00:05CC  D2 41  ADD.W   D1,D1                    A0=00006B1C A1=00C00000 A2=0000739F A3=00FF2CFE A4=00000100 A5=FFFF80C8 A6=00FF0BF0 A7=00FF0BCE D0=00000000 D1=00000015 D2=00000006 D3=00000002 D4=0000FFFF D5=000000FF D6=00000004 D7=420A0000 xnZvc
00:05CE  14 38  MOVE.B  ($8A8A),D2               A0=00006B1C A1=00C00000 A2=0000739F A3=00FF2CFE A4=00000100 A5=FFFF80C8 A6=00FF0BF0 A7=00FF0BCE D0=00000000 D1=0000002A D2=00000006 D3=00000002 D4=0000FFFF D5=000000FF D6=00000004 D7=420A0000 xnzvc
00:05D2  E5 61  ASL.W   D2,D1                    A0=00006B1C A1=00C00000 A2=0000739F A3=00FF2CFE A4=00000100 A5=FFFF80C8 A6=00FF0BF0 A7=00FF0BCE D0=00000000 D1=0000002A D2=00000006 D3=00000002 D4=0000FFFF D5=000000FF D6=00000004 D7=420A0000 xnzvc
00:05D4  D0 41  ADD.W   D1,D0                    A0=00006B1C A1=00C00000 A2=0000739F A3=00FF2CFE A4=00000100 A5=FFFF80C8 A6=00FF0BF0 A7=00FF0BCE D0=00000000 D1=00000A80 D2=00000006 D3=00000002 D4=0000FFFF D5=000000FF D6=00000004 D7=420A0000 xnzvc
00:05D6  4E 75  RTS                              A0=00006B1C A1=00C00000 A2=0000739F A3=00FF2CFE A4=00000100 A5=FFFF80C8 A6=00FF0BF0 A7=00FF0BCE D0=00000A80 D1=00000A80 D2=00000006 D3=00000002 D4=0000FFFF D5=000000FF D6=00000004 D7=420A0000 xnzvc
00:6AA0  D0 6E  ADD.W   $FFF2(A6),D0             A0=00006B1C A1=00C00000 A2=0000739F A3=00FF2CFE A4=00000100 A5=FFFF80C8 A6=00FF0BF0 A7=00FF0BD2 D0=00000A80 D1=00000A80 D2=00000006 D3=00000002 D4=0000FFFF D5=000000FF D6=00000004 D7=420A0000 xnzvc
00:6AA4  4E 75  RTS                              A0=00006B1C A1=00C00000 A2=0000739F A3=00FF2CFE A4=00000100 A5=FFFF80C8 A6=00FF0BF0 A7=00FF0BD2 D0=0000CA80 D1=00000A80 D2=00000006 D3=00000002 D4=0000FFFF D5=000000FF D6=00000004 D7=420A0000 xNzvc
00:6B58  4E B8  JSR     ($05A0)                  A0=00006B1C A1=00C00000 A2=0000739F A3=00FF2CFE A4=00000100 A5=FFFF80C8 A6=00FF0BF0 A7=00FF0BD6 D0=0000CA80 D1=00000A80 D2=00000006 D3=00000002 D4=0000FFFF D5=000000FF D6=00000004 D7=420A0000 xNzvc
00:05A0  E5 80  ASL.L   #2,D0                    A0=00006B1C A1=00C00000 A2=0000739F A3=00FF2CFE A4=00000100 A5=FFFF80C8 A6=00FF0BF0 A7=00FF0BD2 D0=0000CA80 D1=00000A80 D2=00000006 D3=00000002 D4=0000FFFF D5=000000FF D6=00000004 D7=420A0000 xNzvc
00:05A2  E4 48  LSR.W   #2,D0                    A0=00006B1C A1=00C00000 A2=0000739F A3=00FF2CFE A4=00000100 A5=FFFF80C8 A6=00FF0BF0 A7=00FF0BD2 D0=00032A00 D1=00000A80 D2=00000006 D3=00000002 D4=0000FFFF D5=000000FF D6=00000004 D7=420A0000 xnzvc
00:05A4  00 40  ORI.W   #$4000,D0                A0=00006B1C A1=00C00000 A2=0000739F A3=00FF2CFE A4=00000100 A5=FFFF80C8 A6=00FF0BF0 A7=00FF0BD2 D0=00030A80 D1=00000A80 D2=00000006 D3=00000002 D4=0000FFFF D5=000000FF D6=00000004 D7=420A0000 xnzvc
00:05A8  48 40  SWAP.W  D0                       A0=00006B1C A1=00C00000 A2=0000739F A3=00FF2CFE A4=00000100 A5=FFFF80C8 A6=00FF0BF0 A7=00FF0BD2 D0=00034A80 D1=00000A80 D2=00000006 D3=00000002 D4=0000FFFF D5=000000FF D6=00000004 D7=420A0000 xnzvc
00:05AA  02 40  ANDI.W  #$0003,D0                A0=00006B1C A1=00C00000 A2=0000739F A3=00FF2CFE A4=00000100 A5=FFFF80C8 A6=00FF0BF0 A7=00FF0BD2 D0=4A800003 D1=00000A80 D2=00000006 D3=00000002 D4=0000FFFF D5=000000FF D6=00000004 D7=420A0000 xnzvc
00:05AE  23 C0  MOVE.L  D0,($00C00004)           A0=00006B1C A1=00C00000 A2=0000739F A3=00FF2CFE A4=00000100 A5=FFFF80C8 A6=00FF0BF0 A7=00FF0BD2 D0=4A800003 D1=00000A80 D2=00000006 D3=00000002 D4=0000FFFF D5=000000FF D6=00000004 D7=420A0000 xnzvc
00:05B4  4E 75  RTS                              A0=00006B1C A1=00C00000 A2=0000739F A3=00FF2CFE A4=00000100 A5=FFFF80C8 A6=00FF0BF0 A7=00FF0BD2 D0=4A800003 D1=00000A80 D2=00000006 D3=00000002 D4=0000FFFF D5=000000FF D6=00000004 D7=420A0000 xnzvc
00:6B5C  43 F9  LEA     ($00C00000),A1           A0=00006B1C A1=00C00000 A2=0000739F A3=00FF2CFE A4=00000100 A5=FFFF80C8 A6=00FF0BF0 A7=00FF0BD6 D0=4A800003 D1=00000A80 D2=00000006 D3=00000002 D4=0000FFFF D5=000000FF D6=00000004 D7=420A0000 xnzvc
00:6B62  4E 75  RTS                              A0=00006B1C A1=00C00000 A2=0000739F A3=00FF2CFE A4=00000100 A5=FFFF80C8 A6=00FF0BF0 A7=00FF0BD6 D0=4A800003 D1=00000A80 D2=00000006 D3=00000002 D4=0000FFFF D5=000000FF D6=00000004 D7=420A0000 xnzvc
00:6B2C  48 47  SWAP.W  D7                       A0=00006B1C A1=00C00000 A2=0000739F A3=00FF2CFE A4=00000100 A5=FFFF80C8 A6=00FF0BF0 A7=00FF0BDA D0=4A800002 D1=00000A80 D2=00000006 D3=0000FFFF D4=0000FFFF D5=000000FF D6=00000004 D7=420A0000 XNzvC
00:6B2E  4E 75  RTS                              A0=00006B1C A1=00C00000 A2=0000739F A3=00FF2CFE A4=00000100 A5=FFFF80C8 A6=00FF0BF0 A7=00FF0BDA D0=4A800002 D1=00000A80 D2=00000006 D3=0000FFFF D4=0000FFFF D5=000000FF D6=00000004 D7=0000420A Xnzvc
00:6AA6  1E 1A  MOVE.B  (A2)+,D7                 A0=00006AA6 A1=00C00000 A2=000073A0 A3=00FF2CFE A4=00000100 A5=FFFF80C8 A6=00FF0BF0 A7=00FF0BDA D0=00000004 D1=00000A80 D2=00000006 D3=0000FFFF D4=0000FFFF D5=000000FF D6=00000004 D7=00004202 xnzvc
00:6AA8  E1 47  ASL.W   #8,D7                    A0=00006AA6 A1=00C00000 A2=000073A1 A3=00FF2CFE A4=00000100 A5=FFFF80C8 A6=00FF0BF0 A7=00FF0BDA D0=00000004 D1=00000A80 D2=00000006 D3=0000FFFF D4=0000FFFF D5=000000FF D6=00000004 D7=00004242 xnzvc
00:6AAA  4E 75  RTS                              A0=00006AA6 A1=00C00000 A2=000073A1 A3=00FF2CFE A4=00000100 A5=FFFF80C8 A6=00FF0BF0 A7=00FF0BDA D0=00000004 D1=00000A80 D2=00000006 D3=0000FFFF D4=0000FFFF D5=000000FF D6=00000004 D7=00004200 xnzVc
00:6ABC  76 00  MOVEQ   #$00,D3                  A0=00006ABC A1=00C00000 A2=000073A2 A3=00FF2CFE A4=00000100 A5=FFFF80C8 A6=00FF0BF0 A7=00FF0BDA D0=00000008 D1=00000A80 D2=00000006 D3=0000FFFF D4=0000FFFF D5=000000FF D6=00000004 D7=00004204 xnzvc
00:6ABE  16 1A  MOVE.B  (A2)+,D3                 A0=00006ABC A1=00C00000 A2=000073A2 A3=00FF2CFE A4=00000100 A5=FFFF80C8 A6=00FF0BF0 A7=00FF0BDA D0=00000008 D1=00000A80 D2=00000006 D3=00000000 D4=0000FFFF D5=000000FF D6=00000004 D7=00004204 xnZvc
00:6AC0  1E 1A  MOVE.B  (A2)+,D7                 A0=00006ABC A1=00C00000 A2=000073A3 A3=00FF2CFE A4=00000100 A5=FFFF80C8 A6=00FF0BF0 A7=00FF0BDA D0=00000008 D1=00000A80 D2=00000006 D3=00000005 D4=0000FFFF D5=000000FF D6=00000004 D7=00004204 xnzvc
00:6AC2  61 00  BSR     #$001C [00:6AE0]         A0=00006ABC A1=00C00000 A2=000073A4 A3=00FF2CFE A4=00000100 A5=FFFF80C8 A6=00FF0BF0 A7=00FF0BDA D0=00000008 D1=00000A80 D2=00000006 D3=00000005 D4=0000FFFF D5=000000FF D6=00000004 D7=000042B0 xNzvc
00:4B5C  52 39  ADDQ.B  #1,($FFFF8A49)           A0=00006ABC A1=00C00000 A2=000073A4 A3=00FF2CFE A4=00000100 A5=FFFF80C8 A6=00FF0BF0 A7=00FF0BCC D0=00000007 D1=00000A80 D2=00000006 D3=00000001 D4=0000FFFF D5=000000FF D6=00000004 D7=000042B4 xnzvc
00:4B62  00 38  ORI.B   #$01,($8006)             A0=00006ABC A1=00C00000 A2=000073A4 A3=00FF2CFE A4=00000100 A5=FFFF80C8 A6=00FF0BF0 A7=00FF0BCC D0=00000007 D1=00000A80 D2=00000006 D3=00000001 D4=0000FFFF D5=000000FF D6=00000004 D7=000042B4 xnzvc
00:4B68  4E 73  RTE                              A0=00006ABC A1=00C00000 A2=000073A4 A3=00FF2CFE A4=00000100 A5=FFFF80C8 A6=00FF0BF0 A7=00FF0BCC D0=00000007 D1=00000A80 D2=00000006 D3=00000001 D4=0000FFFF D5=000000FF D6=00000004 D7=000042B4 xnzvc
00:6AEA  4E 75  RTS                              A0=00006ABC A1=00C00000 A2=000073A4 A3=00FF2CFE A4=00000100 A5=FFFF80C8 A6=00FF0BF0 A7=00FF0BD6 D0=00000008 D1=00000A80 D2=00000006 D3=0000FFFF D4=0000FFFF D5=000000FF D6=00000004 D7=000042B6 XNzvC
00:6AC6  4E 75  RTS                              A0=00006ABC A1=00C00000 A2=000073A4 A3=00FF2CFE A4=00000100 A5=FFFF80C8 A6=00FF0BF0 A7=00FF0BDA D0=00000008 D1=00000A80 D2=00000006 D3=0000FFFF D4=0000FFFF D5=000000FF D6=00000004 D7=000042B6 XNzvC
00:6B1C  76 00  MOVEQ   #$00,D3                  A0=00006B1C A1=00C00000 A2=000073A5 A3=00FF2CFE A4=00000100 A5=FFFF80C8 A6=00FF0BF0 A7=00FF0BDA D0=00000014 D1=00000A80 D2=00000006 D3=0000FFFF D4=0000FFFF D5=000000FF D6=00000004 D7=0000420A xnzvc
00:6B1E  16 1A  MOVE.B  (A2)+,D3                 A0=00006B1C A1=00C00000 A2=000073A5 A3=00FF2CFE A4=00000100 A5=FFFF80C8 A6=00FF0BF0 A7=00FF0BDA D0=00000014 D1=00000A80 D2=00000006 D3=00000000 D4=0000FFFF D5=000000FF D6=00000004 D7=0000420A xnZvc
00:6B20  48 47  SWAP.W  D7                       A0=00006B1C A1=00C00000 A2=000073A6 A3=00FF2CFE A4=00000100 A5=FFFF80C8 A6=00FF0BF0 A7=00FF0BDA D0=00000014 D1=00000A80 D2=00000006 D3=00000000 D4=0000FFFF D5=000000FF D6=00000004 D7=0000420A xnZvc
00:6B22  42 47  CLR.W   D7                       A0=00006B1C A1=00C00000 A2=000073A6 A3=00FF2CFE A4=00000100 A5=FFFF80C8 A6=00FF0BF0 A7=00FF0BDA D0=00000014 D1=00000A80 D2=00000006 D3=00000000 D4=0000FFFF D5=000000FF D6=00000004 D7=420A0000 xnzvc
00:6B2C  48 47  SWAP.W  D7                       A0=00006B1C A1=00C00000 A2=000073A6 A3=00FF2CFE A4=00000100 A5=FFFF80C8 A6=00FF0BF0 A7=00FF0BDA D0=00000009 D1=00000A80 D2=00000006 D3=0000FFFF D4=0000FFFF D5=000000FF D6=00000004 D7=420A0000 XNzvC
00:6B2E  4E 75  RTS                              A0=00006B1C A1=00C00000 A2=000073A6 A3=00FF2CFE A4=00000100 A5=FFFF80C8 A6=00FF0BF0 A7=00FF0BDA D0=00000009 D1=00000A80 D2=00000006 D3=0000FFFF D4=0000FFFF D5=000000FF D6=00000004 D7=0000420A Xnzvc
00:6AA6  1E 1A  MOVE.B  (A2)+,D7                 A0=00006AA6 A1=00C00000 A2=000073A7 A3=00FF2CFE A4=00000100 A5=FFFF80C8 A6=00FF0BF0 A7=00FF0BDA D0=00000004 D1=00000A80 D2=00000006 D3=0000FFFF D4=0000FFFF D5=000000FF D6=00000004 D7=00004202 xnzvc
00:6AA8  E1 47  ASL.W   #8,D7                    A0=00006AA6 A1=00C00000 A2=000073A8 A3=00FF2CFE A4=00000100 A5=FFFF80C8 A6=00FF0BF0 A7=00FF0BDA D0=00000004 D1=00000A80 D2=00000006 D3=0000FFFF D4=0000FFFF D5=000000FF D6=00000004 D7=00004242 xnzvc
00:6AAA  4E 75  RTS                              A0=00006AA6 A1=00C00000 A2=000073A8 A3=00FF2CFE A4=00000100 A5=FFFF80C8 A6=00FF0BF0 A7=00FF0BDA D0=00000004 D1=00000A80 D2=00000006 D3=0000FFFF D4=0000FFFF D5=000000FF D6=00000004 D7=00004200 xnzVc
00:6ABC  76 00  MOVEQ   #$00,D3                  A0=00006ABC A1=00C00000 A2=000073A9 A3=00FF2CFE A4=00000100 A5=FFFF80C8 A6=00FF0BF0 A7=00FF0BDA D0=00000008 D1=00000A80 D2=00000006 D3=0000FFFF D4=0000FFFF D5=000000FF D6=00000004 D7=00004204 xnzvc
00:6ABE  16 1A  MOVE.B  (A2)+,D3                 A0=00006ABC A1=00C00000 A2=000073A9 A3=00FF2CFE A4=00000100 A5=FFFF80C8 A6=00FF0BF0 A7=00FF0BDA D0=00000008 D1=00000A80 D2=00000006 D3=00000000 D4=0000FFFF D5=000000FF D6=00000004 D7=00004204 xnZvc
00:6AC0  1E 1A  MOVE.B  (A2)+,D7                 A0=00006ABC A1=00C00000 A2=000073AA A3=00FF2CFE A4=00000100 A5=FFFF80C8 A6=00FF0BF0 A7=00FF0BDA D0=00000008 D1=00000A80 D2=00000006 D3=00000003 D4=0000FFFF D5=000000FF D6=00000004 D7=00004204 xnzvc
00:6AC2  61 00  BSR     #$001C [00:6AE0]         A0=00006ABC A1=00C00000 A2=000073AB A3=00FF2CFE A4=00000100 A5=FFFF80C8 A6=00FF0BF0 A7=00FF0BDA D0=00000008 D1=00000A80 D2=00000006 D3=00000003 D4=0000FFFF D5=000000FF D6=00000004 D7=000042B6 xNzvc
00:6AEA  4E 75  RTS                              A0=00006ABC A1=00C00000 A2=000073AB A3=00FF2CFE A4=00000100 A5=FFFF80C8 A6=00FF0BF0 A7=00FF0BD6 D0=0000000D D1=00000A80 D2=00000006 D3=0000FFFF D4=0000FFFF D5=000000FF D6=00000004 D7=000042BA XNzvC
00:6AC6  4E 75  RTS                              A0=00006ABC A1=00C00000 A2=000073AB A3=00FF2CFE A4=00000100 A5=FFFF80C8 A6=00FF0BF0 A7=00FF0BDA D0=0000000D D1=00000A80 D2=00000006 D3=0000FFFF D4=0000FFFF D5=000000FF D6=00000004 D7=000042BA XNzvC
00:6B1C  76 00  MOVEQ   #$00,D3                  A0=00006B1C A1=00C00000 A2=000073AC A3=00FF2CFE A4=00000100 A5=FFFF80C8 A6=00FF0BF0 A7=00FF0BDA D0=00000014 D1=00000A80 D2=00000006 D3=0000FFFF D4=0000FFFF D5=000000FF D6=00000004 D7=0000420A xnzvc
00:6B1E  16 1A  MOVE.B  (A2)+,D3                 A0=00006B1C A1=00C00000 A2=000073AC A3=00FF2CFE A4=00000100 A5=FFFF80C8 A6=00FF0BF0 A7=00FF0BDA D0=00000014 D1=00000A80 D2=00000006 D3=00000000 D4=0000FFFF D5=000000FF D6=00000004 D7=0000420A xnZvc
00:6B20  48 47  SWAP.W  D7                       A0=00006B1C A1=00C00000 A2=000073AD A3=00FF2CFE A4=00000100 A5=FFFF80C8 A6=00FF0BF0 A7=00FF0BDA D0=00000014 D1=00000A80 D2=00000006 D3=00000014 D4=0000FFFF D5=000000FF D6=00000004 D7=0000420A xnzvc
00:6B22  42 47  CLR.W   D7                       A0=00006B1C A1=00C00000 A2=000073AD A3=00FF2CFE A4=00000100 A5=FFFF80C8 A6=00FF0BF0 A7=00FF0BDA D0=00000014 D1=00000A80 D2=00000006 D3=00000014 D4=0000FFFF D5=000000FF D6=00000004 D7=420A0000 xnzvc
00:6B6C  1D 6E  MOVE.B  $FFF6(A6),$FFF4(A6)      A0=00006B1C A1=00C00000 A2=000073AD A3=00FF2CFE A4=00000100 A5=FFFF80C8 A6=00FF0BF0 A7=00FF0BD6 D0=0000001F D1=00000A80 D2=00000006 D3=00000002 D4=0000FFFF D5=000000FF D6=00000004 D7=420A0000 XNzvC
00:6B72  60 C6  BRA     #$C6 [00:6B3A]           A0=00006B1C A1=00C00000 A2=000073AD A3=00FF2CFE A4=00000100 A5=FFFF80C8 A6=00FF0BF0 A7=00FF0BD6 D0=0000001F D1=00000A80 D2=00000006 D3=00000002 D4=0000FFFF D5=000000FF D6=00000004 D7=420A0000 Xnzvc
00:6B3A  30 2E  MOVE.W  $FFFA(A6),D0             A0=00006B1C A1=00C00000 A2=000073AD A3=00FF2CFE A4=00000100 A5=FFFF80C8 A6=00FF0BF0 A7=00FF0BD6 D0=0000001F D1=00000A80 D2=00000006 D3=00000002 D4=0000FFFF D5=000000FF D6=00000004 D7=420A0000 Xnzvc
00:6B3E  32 2E  MOVE.W  $FFFC(A6),D1             A0=00006B1C A1=00C00000 A2=000073AD A3=00FF2CFE A4=00000100 A5=FFFF80C8 A6=00FF0BF0 A7=00FF0BD6 D0=00000000 D1=00000A80 D2=00000006 D3=00000002 D4=0000FFFF D5=000000FF D6=00000004 D7=420A0000 XnZvc
00:6B42  52 41  ADDQ.W  #1,D1                    A0=00006B1C A1=00C00000 A2=000073AD A3=00FF2CFE A4=00000100 A5=FFFF80C8 A6=00FF0BF0 A7=00FF0BD6 D0=00000000 D1=00000015 D2=00000006 D3=00000002 D4=0000FFFF D5=000000FF D6=00000004 D7=420A0000 Xnzvc
00:6B44  B2 78  CMP.W   ($8A72),D1               A0=00006B1C A1=00C00000 A2=000073AD A3=00FF2CFE A4=00000100 A5=FFFF80C8 A6=00FF0BF0 A7=00FF0BD6 D0=00000000 D1=00000016 D2=00000006 D3=00000002 D4=0000FFFF D5=000000FF D6=00000004 D7=420A0000 xnzvc
00:6B48  65 02  BCS     #$02 [00:6B4C]           A0=00006B1C A1=00C00000 A2=000073AD A3=00FF2CFE A4=00000100 A5=FFFF80C8 A6=00FF0BF0 A7=00FF0BD6 D0=00000000 D1=00000016 D2=00000006 D3=00000002 D4=0000FFFF D5=000000FF D6=00000004 D7=420A0000 xNzvC
00:6B4C  3D 41  MOVE.W  D1,$FFFC(A6)             A0=00006B1C A1=00C00000 A2=000073AD A3=00FF2CFE A4=00000100 A5=FFFF80C8 A6=00FF0BF0 A7=00FF0BD6 D0=00000000 D1=00000016 D2=00000006 D3=00000002 D4=0000FFFF D5=000000FF D6=00000004 D7=420A0000 xNzvC
00:6B50  3D 40  MOVE.W  D0,$FFFE(A6)             A0=00006B1C A1=00C00000 A2=000073AD A3=00FF2CFE A4=00000100 A5=FFFF80C8 A6=00FF0BF0 A7=00FF0BD6 D0=00000000 D1=00000016 D2=00000006 D3=00000002 D4=0000FFFF D5=000000FF D6=00000004 D7=420A0000 xnzvc
00:6B54  61 00  BSR     #$FF46 [00:6A9C]         A0=00006B1C A1=00C00000 A2=000073AD A3=00FF2CFE A4=00000100 A5=FFFF80C8 A6=00FF0BF0 A7=00FF0BD6 D0=00000000 D1=00000016 D2=00000006 D3=00000002 D4=0000FFFF D5=000000FF D6=00000004 D7=420A0000 xnZvc
00:6A9C  4E B8  JSR     ($05CA)                  A0=00006B1C A1=00C00000 A2=000073AD A3=00FF2CFE A4=00000100 A5=FFFF80C8 A6=00FF0BF0 A7=00FF0BD2 D0=00000000 D1=00000016 D2=00000006 D3=00000002 D4=0000FFFF D5=000000FF D6=00000004 D7=420A0000 xnZvc
00:05CA  D0 40  ADD.W   D0,D0                    A0=00006B1C A1=00C00000 A2=000073AD A3=00FF2CFE A4=00000100 A5=FFFF80C8 A6=00FF0BF0 A7=00FF0BCE D0=00000000 D1=00000016 D2=00000006 D3=00000002 D4=0000FFFF D5=000000FF D6=00000004 D7=420A0000 xnZvc
00:05CC  D2 41  ADD.W   D1,D1                    A0=00006B1C A1=00C00000 A2=000073AD A3=00FF2CFE A4=00000100 A5=FFFF80C8 A6=00FF0BF0 A7=00FF0BCE D0=00000000 D1=00000016 D2=00000006 D3=00000002 D4=0000FFFF D5=000000FF D6=00000004 D7=420A0000 xnZvc
00:05CE  14 38  MOVE.B  ($8A8A),D2               A0=00006B1C A1=00C00000 A2=000073AD A3=00FF2CFE A4=00000100 A5=FFFF80C8 A6=00FF0BF0 A7=00FF0BCE D0=00000000 D1=0000002C D2=00000006 D3=00000002 D4=0000FFFF D5=000000FF D6=00000004 D7=420A0000 xnzvc
00:05D2  E5 61  ASL.W   D2,D1                    A0=00006B1C A1=00C00000 A2=000073AD A3=00FF2CFE A4=00000100 A5=FFFF80C8 A6=00FF0BF0 A7=00FF0BCE D0=00000000 D1=0000002C D2=00000006 D3=00000002 D4=0000FFFF D5=000000FF D6=00000004 D7=420A0000 xnzvc
00:05D4  D0 41  ADD.W   D1,D0                    A0=00006B1C A1=00C00000 A2=000073AD A3=00FF2CFE A4=00000100 A5=FFFF80C8 A6=00FF0BF0 A7=00FF0BCE D0=00000000 D1=00000B00 D2=00000006 D3=00000002 D4=0000FFFF D5=000000FF D6=00000004 D7=420A0000 xnzvc
00:05D6  4E 75  RTS                              A0=00006B1C A1=00C00000 A2=000073AD A3=00FF2CFE A4=00000100 A5=FFFF80C8 A6=00FF0BF0 A7=00FF0BCE D0=00000B00 D1=00000B00 D2=00000006 D3=00000002 D4=0000FFFF D5=000000FF D6=00000004 D7=420A0000 xnzvc
00:6AA0  D0 6E  ADD.W   $FFF2(A6),D0             A0=00006B1C A1=00C00000 A2=000073AD A3=00FF2CFE A4=00000100 A5=FFFF80C8 A6=00FF0BF0 A7=00FF0BD2 D0=00000B00 D1=00000B00 D2=00000006 D3=00000002 D4=0000FFFF D5=000000FF D6=00000004 D7=420A0000 xnzvc
00:6AA4  4E 75  RTS                              A0=00006B1C A1=00C00000 A2=000073AD A3=00FF2CFE A4=00000100 A5=FFFF80C8 A6=00FF0BF0 A7=00FF0BD2 D0=0000CB00 D1=00000B00 D2=00000006 D3=00000002 D4=0000FFFF D5=000000FF D6=00000004 D7=420A0000 xNzvc
00:6B58  4E B8  JSR     ($05A0)                  A0=00006B1C A1=00C00000 A2=000073AD A3=00FF2CFE A4=00000100 A5=FFFF80C8 A6=00FF0BF0 A7=00FF0BD6 D0=0000CB00 D1=00000B00 D2=00000006 D3=00000002 D4=0000FFFF D5=000000FF D6=00000004 D7=420A0000 xNzvc
00:05A0  E5 80  ASL.L   #2,D0                    A0=00006B1C A1=00C00000 A2=000073AD A3=00FF2CFE A4=00000100 A5=FFFF80C8 A6=00FF0BF0 A7=00FF0BD2 D0=0000CB00 D1=00000B00 D2=00000006 D3=00000002 D4=0000FFFF D5=000000FF D6=00000004 D7=420A0000 xNzvc
00:05A2  E4 48  LSR.W   #2,D0                    A0=00006B1C A1=00C00000 A2=000073AD A3=00FF2CFE A4=00000100 A5=FFFF80C8 A6=00FF0BF0 A7=00FF0BD2 D0=00032C00 D1=00000B00 D2=00000006 D3=00000002 D4=0000FFFF D5=000000FF D6=00000004 D7=420A0000 xnzvc
00:05A4  00 40  ORI.W   #$4000,D0                A0=00006B1C A1=00C00000 A2=000073AD A3=00FF2CFE A4=00000100 A5=FFFF80C8 A6=00FF0BF0 A7=00FF0BD2 D0=00030B00 D1=00000B00 D2=00000006 D3=00000002 D4=0000FFFF D5=000000FF D6=00000004 D7=420A0000 xnzvc
00:05A8  48 40  SWAP.W  D0                       A0=00006B1C A1=00C00000 A2=000073AD A3=00FF2CFE A4=00000100 A5=FFFF80C8 A6=00FF0BF0 A7=00FF0BD2 D0=00034B00 D1=00000B00 D2=00000006 D3=00000002 D4=0000FFFF D5=000000FF D6=00000004 D7=420A0000 xnzvc
00:05AA  02 40  ANDI.W  #$0003,D0                A0=00006B1C A1=00C00000 A2=000073AD A3=00FF2CFE A4=00000100 A5=FFFF80C8 A6=00FF0BF0 A7=00FF0BD2 D0=4B000003 D1=00000B00 D2=00000006 D3=00000002 D4=0000FFFF D5=000000FF D6=00000004 D7=420A0000 xnzvc
00:05AE  23 C0  MOVE.L  D0,($00C00004)           A0=00006B1C A1=00C00000 A2=000073AD A3=00FF2CFE A4=00000100 A5=FFFF80C8 A6=00FF0BF0 A7=00FF0BD2 D0=4B000003 D1=00000B00 D2=00000006 D3=00000002 D4=0000FFFF D5=000000FF D6=00000004 D7=420A0000 xnzvc
00:05B4  4E 75  RTS                              A0=00006B1C A1=00C00000 A2=000073AD A3=00FF2CFE A4=00000100 A5=FFFF80C8 A6=00FF0BF0 A7=00FF0BD2 D0=4B000003 D1=00000B00 D2=00000006 D3=00000002 D4=0000FFFF D5=000000FF D6=00000004 D7=420A0000 xnzvc
00:6B5C  43 F9  LEA     ($00C00000),A1           A0=00006B1C A1=00C00000 A2=000073AD A3=00FF2CFE A4=00000100 A5=FFFF80C8 A6=00FF0BF0 A7=00FF0BD6 D0=4B000003 D1=00000B00 D2=00000006 D3=00000002 D4=0000FFFF D5=000000FF D6=00000004 D7=420A0000 xnzvc
00:6B62  4E 75  RTS                              A0=00006B1C A1=00C00000 A2=000073AD A3=00FF2CFE A4=00000100 A5=FFFF80C8 A6=00FF0BF0 A7=00FF0BD6 D0=4B000003 D1=00000B00 D2=00000006 D3=00000002 D4=0000FFFF D5=000000FF D6=00000004 D7=420A0000 xnzvc
00:6B2C  48 47  SWAP.W  D7                       A0=00006B1C A1=00C00000 A2=000073AD A3=00FF2CFE A4=00000100 A5=FFFF80C8 A6=00FF0BF0 A7=00FF0BDA D0=4B000002 D1=00000B00 D2=00000006 D3=0000FFFF D4=0000FFFF D5=000000FF D6=00000004 D7=420A0000 XNzvC
00:6B2E  4E 75  RTS                              A0=00006B1C A1=00C00000 A2=000073AD A3=00FF2CFE A4=00000100 A5=FFFF80C8 A6=00FF0BF0 A7=00FF0BDA D0=4B000002 D1=00000B00 D2=00000006 D3=0000FFFF D4=0000FFFF D5=000000FF D6=00000004 D7=0000420A Xnzvc
00:6AA6  1E 1A  MOVE.B  (A2)+,D7                 A0=00006AA6 A1=00C00000 A2=000073AE A3=00FF2CFE A4=00000100 A5=FFFF80C8 A6=00FF0BF0 A7=00FF0BDA D0=00000004 D1=00000B00 D2=00000006 D3=0000FFFF D4=0000FFFF D5=000000FF D6=00000004 D7=00004202 xnzvc
00:6AA8  E1 47  ASL.W   #8,D7                    A0=00006AA6 A1=00C00000 A2=000073AF A3=00FF2CFE A4=00000100 A5=FFFF80C8 A6=00FF0BF0 A7=00FF0BDA D0=00000004 D1=00000B00 D2=00000006 D3=0000FFFF D4=0000FFFF D5=000000FF D6=00000004 D7=00004242 xnzvc
00:6AAA  4E 75  RTS                              A0=00006AA6 A1=00C00000 A2=000073AF A3=00FF2CFE A4=00000100 A5=FFFF80C8 A6=00FF0BF0 A7=00FF0BDA D0=00000004 D1=00000B00 D2=00000006 D3=0000FFFF D4=0000FFFF D5=000000FF D6=00000004 D7=00004200 xnzVc
00:6ABC  76 00  MOVEQ   #$00,D3                  A0=00006ABC A1=00C00000 A2=000073B0 A3=00FF2CFE A4=00000100 A5=FFFF80C8 A6=00FF0BF0 A7=00FF0BDA D0=00000008 D1=00000B00 D2=00000006 D3=0000FFFF D4=0000FFFF D5=000000FF D6=00000004 D7=00004204 xnzvc
00:6ABE  16 1A  MOVE.B  (A2)+,D3                 A0=00006ABC A1=00C00000 A2=000073B0 A3=00FF2CFE A4=00000100 A5=FFFF80C8 A6=00FF0BF0 A7=00FF0BDA D0=00000008 D1=00000B00 D2=00000006 D3=00000000 D4=0000FFFF D5=000000FF D6=00000004 D7=00004204 xnZvc
00:6AC0  1E 1A  MOVE.B  (A2)+,D7                 A0=00006ABC A1=00C00000 A2=000073B1 A3=00FF2CFE A4=00000100 A5=FFFF80C8 A6=00FF0BF0 A7=00FF0BDA D0=00000008 D1=00000B00 D2=00000006 D3=00000004 D4=0000FFFF D5=000000FF D6=00000004 D7=00004204 xnzvc
00:6AC2  61 00  BSR     #$001C [00:6AE0]         A0=00006ABC A1=00C00000 A2=000073B2 A3=00FF2CFE A4=00000100 A5=FFFF80C8 A6=00FF0BF0 A7=00FF0BDA D0=00000008 D1=00000B00 D2=00000006 D3=00000004 D4=0000FFFF D5=000000FF D6=00000004 D7=000042AA xNzvc
00:6AEA  4E 75  RTS                              A0=00006ABC A1=00C00000 A2=000073B2 A3=00FF2CFE A4=00000100 A5=FFFF80C8 A6=00FF0BF0 A7=00FF0BD6 D0=00000007 D1=00000B00 D2=00000006 D3=0000FFFF D4=0000FFFF D5=000000FF D6=00000004 D7=000042AF XNzvC
00:6AC6  4E 75  RTS                              A0=00006ABC A1=00C00000 A2=000073B2 A3=00FF2CFE A4=00000100 A5=FFFF80C8 A6=00FF0BF0 A7=00FF0BDA D0=00000007 D1=00000B00 D2=00000006 D3=0000FFFF D4=0000FFFF D5=000000FF D6=00000004 D7=000042AF XNzvC
00:6B1C  76 00  MOVEQ   #$00,D3                  A0=00006B1C A1=00C00000 A2=000073B3 A3=00FF2CFE A4=00000100 A5=FFFF80C8 A6=00FF0BF0 A7=00FF0BDA D0=00000014 D1=00000B00 D2=00000006 D3=0000FFFF D4=0000FFFF D5=000000FF D6=00000004 D7=0000420A xnzvc
00:6B1E  16 1A  MOVE.B  (A2)+,D3                 A0=00006B1C A1=00C00000 A2=000073B3 A3=00FF2CFE A4=00000100 A5=FFFF80C8 A6=00FF0BF0 A7=00FF0BDA D0=00000014 D1=00000B00 D2=00000006 D3=00000000 D4=0000FFFF D5=000000FF D6=00000004 D7=0000420A xnZvc
00:6B20  48 47  SWAP.W  D7                       A0=00006B1C A1=00C00000 A2=000073B4 A3=00FF2CFE A4=00000100 A5=FFFF80C8 A6=00FF0BF0 A7=00FF0BDA D0=00000014 D1=00000B00 D2=00000006 D3=00000002 D4=0000FFFF D5=000000FF D6=00000004 D7=0000420A xnzvc
00:6B22  42 47  CLR.W   D7                       A0=00006B1C A1=00C00000 A2=000073B4 A3=00FF2CFE A4=00000100 A5=FFFF80C8 A6=00FF0BF0 A7=00FF0BDA D0=00000014 D1=00000B00 D2=00000006 D3=00000002 D4=0000FFFF D5=000000FF D6=00000004 D7=420A0000 xnzvc
00:6B2C  48 47  SWAP.W  D7                       A0=00006B1C A1=00C00000 A2=000073B4 A3=00FF2CFE A4=00000100 A5=FFFF80C8 A6=00FF0BF0 A7=00FF0BDA D0=0000000A D1=00000B00 D2=00000006 D3=0000FFFF D4=0000FFFF D5=000000FF D6=00000004 D7=420A0000 XNzvC
00:6B2E  4E 75  RTS                              A0=00006B1C A1=00C00000 A2=000073B4 A3=00FF2CFE A4=00000100 A5=FFFF80C8 A6=00FF0BF0 A7=00FF0BDA D0=0000000A D1=00000B00 D2=00000006 D3=0000FFFF D4=0000FFFF D5=000000FF D6=00000004 D7=0000420A Xnzvc
00:6AA6  1E 1A  MOVE.B  (A2)+,D7                 A0=00006AA6 A1=00C00000 A2=000073B5 A3=00FF2CFE A4=00000100 A5=FFFF80C8 A6=00FF0BF0 A7=00FF0BDA D0=00000004 D1=00000B00 D2=00000006 D3=0000FFFF D4=0000FFFF D5=000000FF D6=00000004 D7=00004202 xnzvc
00:6AA8  E1 47  ASL.W   #8,D7                    A0=00006AA6 A1=00C00000 A2=000073B6 A3=00FF2CFE A4=00000100 A5=FFFF80C8 A6=00FF0BF0 A7=00FF0BDA D0=00000004 D1=00000B00 D2=00000006 D3=0000FFFF D4=0000FFFF D5=000000FF D6=00000004 D7=00004242 xnzvc
00:6AAA  4E 75  RTS                              A0=00006AA6 A1=00C00000 A2=000073B6 A3=00FF2CFE A4=00000100 A5=FFFF80C8 A6=00FF0BF0 A7=00FF0BDA D0=00000004 D1=00000B00 D2=00000006 D3=0000FFFF D4=0000FFFF D5=000000FF D6=00000004 D7=00004200 xnzVc
00:69C0  61 00  BSR     #$01A2 [00:6B64]         A0=00006AA6 A1=00C00000 A2=000073B7 A3=00FF2CFE A4=00000100 A5=FFFF80C8 A6=00FF0BF0 A7=00FF0BDE D0=00000004 D1=00000B00 D2=00000006 D3=0000FFFF D4=0000FFFF D5=000000FF D6=00000004 D7=000042AF xNzvc
00:69C4  60 F2  BRA     #$F2 [00:69B8]           A0=00006AA6 A1=00C00000 A2=000073B7 A3=00FF2CFE A4=00000100 A5=FFFF80C8 A6=00FF0BF0 A7=00FF0BDE D0=0000000B D1=00000B00 D2=00000006 D3=0000FFFF D4=0000FFFF D5=000000FF D6=00000004 D7=000042AF xnzvc
00:6ABC  76 00  MOVEQ   #$00,D3                  A0=00006ABC A1=00C00000 A2=000073B8 A3=00FF2CFE A4=00000100 A5=FFFF80C8 A6=00FF0BF0 A7=00FF0BDA D0=00000008 D1=00000B00 D2=00000006 D3=0000FFFF D4=0000FFFF D5=000000FF D6=00000004 D7=00004204 xnzvc
00:6ABE  16 1A  MOVE.B  (A2)+,D3                 A0=00006ABC A1=00C00000 A2=000073B8 A3=00FF2CFE A4=00000100 A5=FFFF80C8 A6=00FF0BF0 A7=00FF0BDA D0=00000008 D1=00000B00 D2=00000006 D3=00000000 D4=0000FFFF D5=000000FF D6=00000004 D7=00004204 xnZvc
00:6AC0  1E 1A  MOVE.B  (A2)+,D7                 A0=00006ABC A1=00C00000 A2=000073B9 A3=00FF2CFE A4=00000100 A5=FFFF80C8 A6=00FF0BF0 A7=00FF0BDA D0=00000008 D1=00000B00 D2=00000006 D3=00000002 D4=0000FFFF D5=000000FF D6=00000004 D7=00004204 xnzvc
00:6AC2  61 00  BSR     #$001C [00:6AE0]         A0=00006ABC A1=00C00000 A2=000073BA A3=00FF2CFE A4=00000100 A5=FFFF80C8 A6=00FF0BF0 A7=00FF0BDA D0=00000008 D1=00000B00 D2=00000006 D3=00000002 D4=0000FFFF D5=000000FF D6=00000004 D7=000042C0 xNzvc
00:6AEA  4E 75  RTS                              A0=00006ABC A1=00C00000 A2=000073BA A3=00FF2CFE A4=00000100 A5=FFFF80C8 A6=00FF0BF0 A7=00FF0BD6 D0=0000000E D1=00000B00 D2=00000006 D3=0000FFFF D4=0000FFFF D5=000000FF D6=00000004 D7=000042C3 XNzvC
00:6AC6  4E 75  RTS                              A0=00006ABC A1=00C00000 A2=000073BA A3=00FF2CFE A4=00000100 A5=FFFF80C8 A6=00FF0BF0 A7=00FF0BDA D0=0000000E D1=00000B00 D2=00000006 D3=0000FFFF D4=0000FFFF D5=000000FF D6=00000004 D7=000042C3 XNzvC
00:6B1C  76 00  MOVEQ   #$00,D3                  A0=00006B1C A1=00C00000 A2=000073BB A3=00FF2CFE A4=00000100 A5=FFFF80C8 A6=00FF0BF0 A7=00FF0BDA D0=00000014 D1=00000B00 D2=00000006 D3=0000FFFF D4=0000FFFF D5=000000FF D6=00000004 D7=0000420A xnzvc
00:6B1E  16 1A  MOVE.B  (A2)+,D3                 A0=00006B1C A1=00C00000 A2=000073BB A3=00FF2CFE A4=00000100 A5=FFFF80C8 A6=00FF0BF0 A7=00FF0BDA D0=00000014 D1=00000B00 D2=00000006 D3=00000000 D4=0000FFFF D5=000000FF D6=00000004 D7=0000420A xnZvc
00:6B20  48 47  SWAP.W  D7                       A0=00006B1C A1=00C00000 A2=000073BC A3=00FF2CFE A4=00000100 A5=FFFF80C8 A6=00FF0BF0 A7=00FF0BDA D0=00000014 D1=00000B00 D2=00000006 D3=00000013 D4=0000FFFF D5=000000FF D6=00000004 D7=0000420A xnzvc
00:6B22  42 47  CLR.W   D7                       A0=00006B1C A1=00C00000 A2=000073BC A3=00FF2CFE A4=00000100 A5=FFFF80C8 A6=00FF0BF0 A7=00FF0BDA D0=00000014 D1=00000B00 D2=00000006 D3=00000013 D4=0000FFFF D5=000000FF D6=00000004 D7=420A0000 xnzvc
00:6B6C  1D 6E  MOVE.B  $FFF6(A6),$FFF4(A6)      A0=00006B1C A1=00C00000 A2=000073BC A3=00FF2CFE A4=00000100 A5=FFFF80C8 A6=00FF0BF0 A7=00FF0BD6 D0=0000001F D1=00000B00 D2=00000006 D3=00000002 D4=0000FFFF D5=000000FF D6=00000004 D7=420A0000 XNzvC
00:6B72  60 C6  BRA     #$C6 [00:6B3A]           A0=00006B1C A1=00C00000 A2=000073BC A3=00FF2CFE A4=00000100 A5=FFFF80C8 A6=00FF0BF0 A7=00FF0BD6 D0=0000001F D1=00000B00 D2=00000006 D3=00000002 D4=0000FFFF D5=000000FF D6=00000004 D7=420A0000 Xnzvc
00:6B3A  30 2E  MOVE.W  $FFFA(A6),D0             A0=00006B1C A1=00C00000 A2=000073BC A3=00FF2CFE A4=00000100 A5=FFFF80C8 A6=00FF0BF0 A7=00FF0BD6 D0=0000001F D1=00000B00 D2=00000006 D3=00000002 D4=0000FFFF D5=000000FF D6=00000004 D7=420A0000 Xnzvc
00:6B3E  32 2E  MOVE.W  $FFFC(A6),D1             A0=00006B1C A1=00C00000 A2=000073BC A3=00FF2CFE A4=00000100 A5=FFFF80C8 A6=00FF0BF0 A7=00FF0BD6 D0=00000000 D1=00000B00 D2=00000006 D3=00000002 D4=0000FFFF D5=000000FF D6=00000004 D7=420A0000 XnZvc
00:6B42  52 41  ADDQ.W  #1,D1                    A0=00006B1C A1=00C00000 A2=000073BC A3=00FF2CFE A4=00000100 A5=FFFF80C8 A6=00FF0BF0 A7=00FF0BD6 D0=00000000 D1=00000016 D2=00000006 D3=00000002 D4=0000FFFF D5=000000FF D6=00000004 D7=420A0000 Xnzvc
00:6B44  B2 78  CMP.W   ($8A72),D1               A0=00006B1C A1=00C00000 A2=000073BC A3=00FF2CFE A4=00000100 A5=FFFF80C8 A6=00FF0BF0 A7=00FF0BD6 D0=00000000 D1=00000017 D2=00000006 D3=00000002 D4=0000FFFF D5=000000FF D6=00000004 D7=420A0000 xnzvc
00:6B48  65 02  BCS     #$02 [00:6B4C]           A0=00006B1C A1=00C00000 A2=000073BC A3=00FF2CFE A4=00000100 A5=FFFF80C8 A6=00FF0BF0 A7=00FF0BD6 D0=00000000 D1=00000017 D2=00000006 D3=00000002 D4=0000FFFF D5=000000FF D6=00000004 D7=420A0000 xNzvC
00:6B4C  3D 41  MOVE.W  D1,$FFFC(A6)             A0=00006B1C A1=00C00000 A2=000073BC A3=00FF2CFE A4=00000100 A5=FFFF80C8 A6=00FF0BF0 A7=00FF0BD6 D0=00000000 D1=00000017 D2=00000006 D3=00000002 D4=0000FFFF D5=000000FF D6=00000004 D7=420A0000 xNzvC
00:6B50  3D 40  MOVE.W  D0,$FFFE(A6)             A0=00006B1C A1=00C00000 A2=000073BC A3=00FF2CFE A4=00000100 A5=FFFF80C8 A6=00FF0BF0 A7=00FF0BD6 D0=00000000 D1=00000017 D2=00000006 D3=00000002 D4=0000FFFF D5=000000FF D6=00000004 D7=420A0000 xnzvc
00:6B54  61 00  BSR     #$FF46 [00:6A9C]         A0=00006B1C A1=00C00000 A2=000073BC A3=00FF2CFE A4=00000100 A5=FFFF80C8 A6=00FF0BF0 A7=00FF0BD6 D0=00000000 D1=00000017 D2=00000006 D3=00000002 D4=0000FFFF D5=000000FF D6=00000004 D7=420A0000 xnZvc
00:6A9C  4E B8  JSR     ($05CA)                  A0=00006B1C A1=00C00000 A2=000073BC A3=00FF2CFE A4=00000100 A5=FFFF80C8 A6=00FF0BF0 A7=00FF0BD2 D0=00000000 D1=00000017 D2=00000006 D3=00000002 D4=0000FFFF D5=000000FF D6=00000004 D7=420A0000 xnZvc
00:05CA  D0 40  ADD.W   D0,D0                    A0=00006B1C A1=00C00000 A2=000073BC A3=00FF2CFE A4=00000100 A5=FFFF80C8 A6=00FF0BF0 A7=00FF0BCE D0=00000000 D1=00000017 D2=00000006 D3=00000002 D4=0000FFFF D5=000000FF D6=00000004 D7=420A0000 xnZvc
00:05CC  D2 41  ADD.W   D1,D1                    A0=00006B1C A1=00C00000 A2=000073BC A3=00FF2CFE A4=00000100 A5=FFFF80C8 A6=00FF0BF0 A7=00FF0BCE D0=00000000 D1=00000017 D2=00000006 D3=00000002 D4=0000FFFF D5=000000FF D6=00000004 D7=420A0000 xnZvc
00:05CE  14 38  MOVE.B  ($8A8A),D2               A0=00006B1C A1=00C00000 A2=000073BC A3=00FF2CFE A4=00000100 A5=FFFF80C8 A6=00FF0BF0 A7=00FF0BCE D0=00000000 D1=0000002E D2=00000006 D3=00000002 D4=0000FFFF D5=000000FF D6=00000004 D7=420A0000 xnzvc
00:05D2  E5 61  ASL.W   D2,D1                    A0=00006B1C A1=00C00000 A2=000073BC A3=00FF2CFE A4=00000100 A5=FFFF80C8 A6=00FF0BF0 A7=00FF0BCE D0=00000000 D1=0000002E D2=00000006 D3=00000002 D4=0000FFFF D5=000000FF D6=00000004 D7=420A0000 xnzvc
00:05D4  D0 41  ADD.W   D1,D0                    A0=00006B1C A1=00C00000 A2=000073BC A3=00FF2CFE A4=00000100 A5=FFFF80C8 A6=00FF0BF0 A7=00FF0BCE D0=00000000 D1=00000B80 D2=00000006 D3=00000002 D4=0000FFFF D5=000000FF D6=00000004 D7=420A0000 xnzvc
00:05D6  4E 75  RTS                              A0=00006B1C A1=00C00000 A2=000073BC A3=00FF2CFE A4=00000100 A5=FFFF80C8 A6=00FF0BF0 A7=00FF0BCE D0=00000B80 D1=00000B80 D2=00000006 D3=00000002 D4=0000FFFF D5=000000FF D6=00000004 D7=420A0000 xnzvc
00:6AA0  D0 6E  ADD.W   $FFF2(A6),D0             A0=00006B1C A1=00C00000 A2=000073BC A3=00FF2CFE A4=00000100 A5=FFFF80C8 A6=00FF0BF0 A7=00FF0BD2 D0=00000B80 D1=00000B80 D2=00000006 D3=00000002 D4=0000FFFF D5=000000FF D6=00000004 D7=420A0000 xnzvc
00:6AA4  4E 75  RTS                              A0=00006B1C A1=00C00000 A2=000073BC A3=00FF2CFE A4=00000100 A5=FFFF80C8 A6=00FF0BF0 A7=00FF0BD2 D0=0000CB80 D1=00000B80 D2=00000006 D3=00000002 D4=0000FFFF D5=000000FF D6=00000004 D7=420A0000 xNzvc
00:6B58  4E B8  JSR     ($05A0)                  A0=00006B1C A1=00C00000 A2=000073BC A3=00FF2CFE A4=00000100 A5=FFFF80C8 A6=00FF0BF0 A7=00FF0BD6 D0=0000CB80 D1=00000B80 D2=00000006 D3=00000002 D4=0000FFFF D5=000000FF D6=00000004 D7=420A0000 xNzvc
00:05A0  E5 80  ASL.L   #2,D0                    A0=00006B1C A1=00C00000 A2=000073BC A3=00FF2CFE A4=00000100 A5=FFFF80C8 A6=00FF0BF0 A7=00FF0BD2 D0=0000CB80 D1=00000B80 D2=00000006 D3=00000002 D4=0000FFFF D5=000000FF D6=00000004 D7=420A0000 xNzvc
00:05A2  E4 48  LSR.W   #2,D0                    A0=00006B1C A1=00C00000 A2=000073BC A3=00FF2CFE A4=00000100 A5=FFFF80C8 A6=00FF0BF0 A7=00FF0BD2 D0=00032E00 D1=00000B80 D2=00000006 D3=00000002 D4=0000FFFF D5=000000FF D6=00000004 D7=420A0000 xnzvc
00:05A4  00 40  ORI.W   #$4000,D0                A0=00006B1C A1=00C00000 A2=000073BC A3=00FF2CFE A4=00000100 A5=FFFF80C8 A6=00FF0BF0 A7=00FF0BD2 D0=00030B80 D1=00000B80 D2=00000006 D3=00000002 D4=0000FFFF D5=000000FF D6=00000004 D7=420A0000 xnzvc
00:05A8  48 40  SWAP.W  D0                       A0=00006B1C A1=00C00000 A2=000073BC A3=00FF2CFE A4=00000100 A5=FFFF80C8 A6=00FF0BF0 A7=00FF0BD2 D0=00034B80 D1=00000B80 D2=00000006 D3=00000002 D4=0000FFFF D5=000000FF D6=00000004 D7=420A0000 xnzvc
00:05AA  02 40  ANDI.W  #$0003,D0                A0=00006B1C A1=00C00000 A2=000073BC A3=00FF2CFE A4=00000100 A5=FFFF80C8 A6=00FF0BF0 A7=00FF0BD2 D0=4B800003 D1=00000B80 D2=00000006 D3=00000002 D4=0000FFFF D5=000000FF D6=00000004 D7=420A0000 xnzvc
00:05AE  23 C0  MOVE.L  D0,($00C00004)           A0=00006B1C A1=00C00000 A2=000073BC A3=00FF2CFE A4=00000100 A5=FFFF80C8 A6=00FF0BF0 A7=00FF0BD2 D0=4B800003 D1=00000B80 D2=00000006 D3=00000002 D4=0000FFFF D5=000000FF D6=00000004 D7=420A0000 xnzvc
00:05B4  4E 75  RTS                              A0=00006B1C A1=00C00000 A2=000073BC A3=00FF2CFE A4=00000100 A5=FFFF80C8 A6=00FF0BF0 A7=00FF0BD2 D0=4B800003 D1=00000B80 D2=00000006 D3=00000002 D4=0000FFFF D5=000000FF D6=00000004 D7=420A0000 xnzvc
00:6B5C  43 F9  LEA     ($00C00000),A1           A0=00006B1C A1=00C00000 A2=000073BC A3=00FF2CFE A4=00000100 A5=FFFF80C8 A6=00FF0BF0 A7=00FF0BD6 D0=4B800003 D1=00000B80 D2=00000006 D3=00000002 D4=0000FFFF D5=000000FF D6=00000004 D7=420A0000 xnzvc
00:6B62  4E 75  RTS                              A0=00006B1C A1=00C00000 A2=000073BC A3=00FF2CFE A4=00000100 A5=FFFF80C8 A6=00FF0BF0 A7=00FF0BD6 D0=4B800003 D1=00000B80 D2=00000006 D3=00000002 D4=0000FFFF D5=000000FF D6=00000004 D7=420A0000 xnzvc
00:6B2C  48 47  SWAP.W  D7                       A0=00006B1C A1=00C00000 A2=000073BC A3=00FF2CFE A4=00000100 A5=FFFF80C8 A6=00FF0BF0 A7=00FF0BDA D0=4B800002 D1=00000B80 D2=00000006 D3=0000FFFF D4=0000FFFF D5=000000FF D6=00000004 D7=420A0000 XNzvC
00:6B2E  4E 75  RTS                              A0=00006B1C A1=00C00000 A2=000073BC A3=00FF2CFE A4=00000100 A5=FFFF80C8 A6=00FF0BF0 A7=00FF0BDA D0=4B800002 D1=00000B80 D2=00000006 D3=0000FFFF D4=0000FFFF D5=000000FF D6=00000004 D7=0000420A Xnzvc
00:6AA6  1E 1A  MOVE.B  (A2)+,D7                 A0=00006AA6 A1=00C00000 A2=000073BD A3=00FF2CFE A4=00000100 A5=FFFF80C8 A6=00FF0BF0 A7=00FF0BDA D0=00000004 D1=00000B80 D2=00000006 D3=0000FFFF D4=0000FFFF D5=000000FF D6=00000004 D7=00004202 xnzvc
00:6AA8  E1 47  ASL.W   #8,D7                    A0=00006AA6 A1=00C00000 A2=000073BE A3=00FF2CFE A4=00000100 A5=FFFF80C8 A6=00FF0BF0 A7=00FF0BDA D0=00000004 D1=00000B80 D2=00000006 D3=0000FFFF D4=0000FFFF D5=000000FF D6=00000004 D7=00004242 xnzvc
00:6AAA  4E 75  RTS                              A0=00006AA6 A1=00C00000 A2=000073BE A3=00FF2CFE A4=00000100 A5=FFFF80C8 A6=00FF0BF0 A7=00FF0BDA D0=00000004 D1=00000B80 D2=00000006 D3=0000FFFF D4=0000FFFF D5=000000FF D6=00000004 D7=00004200 xnzVc
00:6ABC  76 00  MOVEQ   #$00,D3                  A0=00006ABC A1=00C00000 A2=000073BF A3=00FF2CFE A4=00000100 A5=FFFF80C8 A6=00FF0BF0 A7=00FF0BDA D0=00000008 D1=00000B80 D2=00000006 D3=0000FFFF D4=0000FFFF D5=000000FF D6=00000004 D7=00004204 xnzvc
00:6ABE  16 1A  MOVE.B  (A2)+,D3                 A0=00006ABC A1=00C00000 A2=000073BF A3=00FF2CFE A4=00000100 A5=FFFF80C8 A6=00FF0BF0 A7=00FF0BDA D0=00000008 D1=00000B80 D2=00000006 D3=00000000 D4=0000FFFF D5=000000FF D6=00000004 D7=00004204 xnZvc
00:6AC0  1E 1A  MOVE.B  (A2)+,D7                 A0=00006ABC A1=00C00000 A2=000073C0 A3=00FF2CFE A4=00000100 A5=FFFF80C8 A6=00FF0BF0 A7=00FF0BDA D0=00000008 D1=00000B80 D2=00000006 D3=00000004 D4=0000FFFF D5=000000FF D6=00000004 D7=00004204 xnzvc
00:6AC2  61 00  BSR     #$001C [00:6AE0]         A0=00006ABC A1=00C00000 A2=000073C1 A3=00FF2CFE A4=00000100 A5=FFFF80C8 A6=00FF0BF0 A7=00FF0BDA D0=00000008 D1=00000B80 D2=00000006 D3=00000004 D4=0000FFFF D5=000000FF D6=00000004 D7=000042BA xNzvc
00:6AEA  4E 75  RTS                              A0=00006ABC A1=00C00000 A2=000073C1 A3=00FF2CFE A4=00000100 A5=FFFF80C8 A6=00FF0BF0 A7=00FF0BD6 D0=00000007 D1=00000B80 D2=00000006 D3=0000FFFF D4=0000FFFF D5=000000FF D6=00000004 D7=000042BF XNzvC
00:6AC6  4E 75  RTS                              A0=00006ABC A1=00C00000 A2=000073C1 A3=00FF2CFE A4=00000100 A5=FFFF80C8 A6=00FF0BF0 A7=00FF0BDA D0=00000007 D1=00000B80 D2=00000006 D3=0000FFFF D4=0000FFFF D5=000000FF D6=00000004 D7=000042BF XNzvC
00:6B1C  76 00  MOVEQ   #$00,D3                  A0=00006B1C A1=00C00000 A2=000073C2 A3=00FF2CFE A4=00000100 A5=FFFF80C8 A6=00FF0BF0 A7=00FF0BDA D0=00000014 D1=00000B80 D2=00000006 D3=0000FFFF D4=0000FFFF D5=000000FF D6=00000004 D7=0000420A xnzvc
00:6B1E  16 1A  MOVE.B  (A2)+,D3                 A0=00006B1C A1=00C00000 A2=000073C2 A3=00FF2CFE A4=00000100 A5=FFFF80C8 A6=00FF0BF0 A7=00FF0BDA D0=00000014 D1=00000B80 D2=00000006 D3=00000000 D4=0000FFFF D5=000000FF D6=00000004 D7=0000420A xnZvc
00:6B20  48 47  SWAP.W  D7                       A0=00006B1C A1=00C00000 A2=000073C3 A3=00FF2CFE A4=00000100 A5=FFFF80C8 A6=00FF0BF0 A7=00FF0BDA D0=00000014 D1=00000B80 D2=00000006 D3=00000002 D4=0000FFFF D5=000000FF D6=00000004 D7=0000420A xnzvc
00:6B22  42 47  CLR.W   D7                       A0=00006B1C A1=00C00000 A2=000073C3 A3=00FF2CFE A4=00000100 A5=FFFF80C8 A6=00FF0BF0 A7=00FF0BDA D0=00000014 D1=00000B80 D2=00000006 D3=00000002 D4=0000FFFF D5=000000FF D6=00000004 D7=420A0000 xnzvc
00:6B2C  48 47  SWAP.W  D7                       A0=00006B1C A1=00C00000 A2=000073C3 A3=00FF2CFE A4=00000100 A5=FFFF80C8 A6=00FF0BF0 A7=00FF0BDA D0=0000000A D1=00000B80 D2=00000006 D3=0000FFFF D4=0000FFFF D5=000000FF D6=00000004 D7=420A0000 XNzvC
00:6B2E  4E 75  RTS                              A0=00006B1C A1=00C00000 A2=000073C3 A3=00FF2CFE A4=00000100 A5=FFFF80C8 A6=00FF0BF0 A7=00FF0BDA D0=0000000A D1=00000B80 D2=00000006 D3=0000FFFF D4=0000FFFF D5=000000FF D6=00000004 D7=0000420A Xnzvc
00:6AA6  1E 1A  MOVE.B  (A2)+,D7                 A0=00006AA6 A1=00C00000 A2=000073C4 A3=00FF2CFE A4=00000100 A5=FFFF80C8 A6=00FF0BF0 A7=00FF0BDA D0=00000004 D1=00000B80 D2=00000006 D3=0000FFFF D4=0000FFFF D5=000000FF D6=00000004 D7=00004202 xnzvc
00:6AA8  E1 47  ASL.W   #8,D7                    A0=00006AA6 A1=00C00000 A2=000073C5 A3=00FF2CFE A4=00000100 A5=FFFF80C8 A6=00FF0BF0 A7=00FF0BDA D0=00000004 D1=00000B80 D2=00000006 D3=0000FFFF D4=0000FFFF D5=000000FF D6=00000004 D7=00004242 xnzvc
00:6AAA  4E 75  RTS                              A0=00006AA6 A1=00C00000 A2=000073C5 A3=00FF2CFE A4=00000100 A5=FFFF80C8 A6=00FF0BF0 A7=00FF0BDA D0=00000004 D1=00000B80 D2=00000006 D3=0000FFFF D4=0000FFFF D5=000000FF D6=00000004 D7=00004200 xnzVc
00:69C0  61 00  BSR     #$01A2 [00:6B64]         A0=00006AA6 A1=00C00000 A2=000073C6 A3=00FF2CFE A4=00000100 A5=FFFF80C8 A6=00FF0BF0 A7=00FF0BDE D0=00000004 D1=00000B80 D2=00000006 D3=0000FFFF D4=0000FFFF D5=000000FF D6=00000004 D7=000042BF xNzvc
00:69C4  60 F2  BRA     #$F2 [00:69B8]           A0=00006AA6 A1=00C00000 A2=000073C6 A3=00FF2CFE A4=00000100 A5=FFFF80C8 A6=00FF0BF0 A7=00FF0BDE D0=0000000B D1=00000B80 D2=00000006 D3=0000FFFF D4=0000FFFF D5=000000FF D6=00000004 D7=000042BF xnzvc
00:6ABC  76 00  MOVEQ   #$00,D3                  A0=00006ABC A1=00C00000 A2=000073C7 A3=00FF2CFE A4=00000100 A5=FFFF80C8 A6=00FF0BF0 A7=00FF0BDA D0=00000008 D1=00000B80 D2=00000006 D3=0000FFFF D4=0000FFFF D5=000000FF D6=00000004 D7=00004204 xnzvc
00:6ABE  16 1A  MOVE.B  (A2)+,D3                 A0=00006ABC A1=00C00000 A2=000073C7 A3=00FF2CFE A4=00000100 A5=FFFF80C8 A6=00FF0BF0 A7=00FF0BDA D0=00000008 D1=00000B80 D2=00000006 D3=00000000 D4=0000FFFF D5=000000FF D6=00000004 D7=00004204 xnZvc
00:6AC0  1E 1A  MOVE.B  (A2)+,D7                 A0=00006ABC A1=00C00000 A2=000073C8 A3=00FF2CFE A4=00000100 A5=FFFF80C8 A6=00FF0BF0 A7=00FF0BDA D0=00000008 D1=00000B80 D2=00000006 D3=00000002 D4=0000FFFF D5=000000FF D6=00000004 D7=00004204 xnzvc
00:6AC2  61 00  BSR     #$001C [00:6AE0]         A0=00006ABC A1=00C00000 A2=000073C9 A3=00FF2CFE A4=00000100 A5=FFFF80C8 A6=00FF0BF0 A7=00FF0BDA D0=00000008 D1=00000B80 D2=00000006 D3=00000002 D4=0000FFFF D5=000000FF D6=00000004 D7=000042D0 xNzvc
00:6AEA  4E 75  RTS                              A0=00006ABC A1=00C00000 A2=000073C9 A3=00FF2CFE A4=00000100 A5=FFFF80C8 A6=00FF0BF0 A7=00FF0BD6 D0=0000000E D1=00000B80 D2=00000006 D3=0000FFFF D4=0000FFFF D5=000000FF D6=00000004 D7=000042D3 XNzvC
00:6AC6  4E 75  RTS                              A0=00006ABC A1=00C00000 A2=000073C9 A3=00FF2CFE A4=00000100 A5=FFFF80C8 A6=00FF0BF0 A7=00FF0BDA D0=0000000E D1=00000B80 D2=00000006 D3=0000FFFF D4=0000FFFF D5=000000FF D6=00000004 D7=000042D3 XNzvC
00:6B1C  76 00  MOVEQ   #$00,D3                  A0=00006B1C A1=00C00000 A2=000073CA A3=00FF2CFE A4=00000100 A5=FFFF80C8 A6=00FF0BF0 A7=00FF0BDA D0=00000014 D1=00000B80 D2=00000006 D3=0000FFFF D4=0000FFFF D5=000000FF D6=00000004 D7=0000420A xnzvc
00:6B1E  16 1A  MOVE.B  (A2)+,D3                 A0=00006B1C A1=00C00000 A2=000073CA A3=00FF2CFE A4=00000100 A5=FFFF80C8 A6=00FF0BF0 A7=00FF0BDA D0=00000014 D1=00000B80 D2=00000006 D3=00000000 D4=0000FFFF D5=000000FF D6=00000004 D7=0000420A xnZvc
00:6B20  48 47  SWAP.W  D7                       A0=00006B1C A1=00C00000 A2=000073CB A3=00FF2CFE A4=00000100 A5=FFFF80C8 A6=00FF0BF0 A7=00FF0BDA D0=00000014 D1=00000B80 D2=00000006 D3=00000091 D4=0000FFFF D5=000000FF D6=00000004 D7=0000420A xNzvc
00:6B22  42 47  CLR.W   D7                       A0=00006B1C A1=00C00000 A2=000073CB A3=00FF2CFE A4=00000100 A5=FFFF80C8 A6=00FF0BF0 A7=00FF0BDA D0=00000014 D1=00000B80 D2=00000006 D3=00000091 D4=0000FFFF D5=000000FF D6=00000004 D7=420A0000 xnzvc
00:6B6C  1D 6E  MOVE.B  $FFF6(A6),$FFF4(A6)      A0=00006B1C A1=00C00000 A2=000073CB A3=00FF2CFE A4=00000100 A5=FFFF80C8 A6=00FF0BF0 A7=00FF0BD6 D0=0000001F D1=00000B80 D2=00000006 D3=00000080 D4=0000FFFF D5=000000FF D6=00000004 D7=420A0000 XNzvC
00:6B72  60 C6  BRA     #$C6 [00:6B3A]           A0=00006B1C A1=00C00000 A2=000073CB A3=00FF2CFE A4=00000100 A5=FFFF80C8 A6=00FF0BF0 A7=00FF0BD6 D0=0000001F D1=00000B80 D2=00000006 D3=00000080 D4=0000FFFF D5=000000FF D6=00000004 D7=420A0000 Xnzvc
00:6B3A  30 2E  MOVE.W  $FFFA(A6),D0             A0=00006B1C A1=00C00000 A2=000073CB A3=00FF2CFE A4=00000100 A5=FFFF80C8 A6=00FF0BF0 A7=00FF0BD6 D0=0000001F D1=00000B80 D2=00000006 D3=00000080 D4=0000FFFF D5=000000FF D6=00000004 D7=420A0000 Xnzvc
00:6B3E  32 2E  MOVE.W  $FFFC(A6),D1             A0=00006B1C A1=00C00000 A2=000073CB A3=00FF2CFE A4=00000100 A5=FFFF80C8 A6=00FF0BF0 A7=00FF0BD6 D0=00000000 D1=00000B80 D2=00000006 D3=00000080 D4=0000FFFF D5=000000FF D6=00000004 D7=420A0000 XnZvc
00:6B42  52 41  ADDQ.W  #1,D1                    A0=00006B1C A1=00C00000 A2=000073CB A3=00FF2CFE A4=00000100 A5=FFFF80C8 A6=00FF0BF0 A7=00FF0BD6 D0=00000000 D1=00000017 D2=00000006 D3=00000080 D4=0000FFFF D5=000000FF D6=00000004 D7=420A0000 Xnzvc
00:6B44  B2 78  CMP.W   ($8A72),D1               A0=00006B1C A1=00C00000 A2=000073CB A3=00FF2CFE A4=00000100 A5=FFFF80C8 A6=00FF0BF0 A7=00FF0BD6 D0=00000000 D1=00000018 D2=00000006 D3=00000080 D4=0000FFFF D5=000000FF D6=00000004 D7=420A0000 xnzvc
00:6B48  65 02  BCS     #$02 [00:6B4C]           A0=00006B1C A1=00C00000 A2=000073CB A3=00FF2CFE A4=00000100 A5=FFFF80C8 A6=00FF0BF0 A7=00FF0BD6 D0=00000000 D1=00000018 D2=00000006 D3=00000080 D4=0000FFFF D5=000000FF D6=00000004 D7=420A0000 xNzvC
00:6B4C  3D 41  MOVE.W  D1,$FFFC(A6)             A0=00006B1C A1=00C00000 A2=000073CB A3=00FF2CFE A4=00000100 A5=FFFF80C8 A6=00FF0BF0 A7=00FF0BD6 D0=00000000 D1=00000018 D2=00000006 D3=00000080 D4=0000FFFF D5=000000FF D6=00000004 D7=420A0000 xNzvC
00:6B50  3D 40  MOVE.W  D0,$FFFE(A6)             A0=00006B1C A1=00C00000 A2=000073CB A3=00FF2CFE A4=00000100 A5=FFFF80C8 A6=00FF0BF0 A7=00FF0BD6 D0=00000000 D1=00000018 D2=00000006 D3=00000080 D4=0000FFFF D5=000000FF D6=00000004 D7=420A0000 xnzvc
00:6B54  61 00  BSR     #$FF46 [00:6A9C]         A0=00006B1C A1=00C00000 A2=000073CB A3=00FF2CFE A4=00000100 A5=FFFF80C8 A6=00FF0BF0 A7=00FF0BD6 D0=00000000 D1=00000018 D2=00000006 D3=00000080 D4=0000FFFF D5=000000FF D6=00000004 D7=420A0000 xnZvc
00:6A9C  4E B8  JSR     ($05CA)                  A0=00006B1C A1=00C00000 A2=000073CB A3=00FF2CFE A4=00000100 A5=FFFF80C8 A6=00FF0BF0 A7=00FF0BD2 D0=00000000 D1=00000018 D2=00000006 D3=00000080 D4=0000FFFF D5=000000FF D6=00000004 D7=420A0000 xnZvc
00:05CA  D0 40  ADD.W   D0,D0                    A0=00006B1C A1=00C00000 A2=000073CB A3=00FF2CFE A4=00000100 A5=FFFF80C8 A6=00FF0BF0 A7=00FF0BCE D0=00000000 D1=00000018 D2=00000006 D3=00000080 D4=0000FFFF D5=000000FF D6=00000004 D7=420A0000 xnZvc
00:05CC  D2 41  ADD.W   D1,D1                    A0=00006B1C A1=00C00000 A2=000073CB A3=00FF2CFE A4=00000100 A5=FFFF80C8 A6=00FF0BF0 A7=00FF0BCE D0=00000000 D1=00000018 D2=00000006 D3=00000080 D4=0000FFFF D5=000000FF D6=00000004 D7=420A0000 xnZvc
00:05CE  14 38  MOVE.B  ($8A8A),D2               A0=00006B1C A1=00C00000 A2=000073CB A3=00FF2CFE A4=00000100 A5=FFFF80C8 A6=00FF0BF0 A7=00FF0BCE D0=00000000 D1=00000030 D2=00000006 D3=00000080 D4=0000FFFF D5=000000FF D6=00000004 D7=420A0000 xnzvc
00:05D2  E5 61  ASL.W   D2,D1                    A0=00006B1C A1=00C00000 A2=000073CB A3=00FF2CFE A4=00000100 A5=FFFF80C8 A6=00FF0BF0 A7=00FF0BCE D0=00000000 D1=00000030 D2=00000006 D3=00000080 D4=0000FFFF D5=000000FF D6=00000004 D7=420A0000 xnzvc
00:05D4  D0 41  ADD.W   D1,D0                    A0=00006B1C A1=00C00000 A2=000073CB A3=00FF2CFE A4=00000100 A5=FFFF80C8 A6=00FF0BF0 A7=00FF0BCE D0=00000000 D1=00000C00 D2=00000006 D3=00000080 D4=0000FFFF D5=000000FF D6=00000004 D7=420A0000 xnzvc
00:05D6  4E 75  RTS                              A0=00006B1C A1=00C00000 A2=000073CB A3=00FF2CFE A4=00000100 A5=FFFF80C8 A6=00FF0BF0 A7=00FF0BCE D0=00000C00 D1=00000C00 D2=00000006 D3=00000080 D4=0000FFFF D5=000000FF D6=00000004 D7=420A0000 xnzvc
00:6AA0  D0 6E  ADD.W   $FFF2(A6),D0             A0=00006B1C A1=00C00000 A2=000073CB A3=00FF2CFE A4=00000100 A5=FFFF80C8 A6=00FF0BF0 A7=00FF0BD2 D0=00000C00 D1=00000C00 D2=00000006 D3=00000080 D4=0000FFFF D5=000000FF D6=00000004 D7=420A0000 xnzvc
00:6AA4  4E 75  RTS                              A0=00006B1C A1=00C00000 A2=000073CB A3=00FF2CFE A4=00000100 A5=FFFF80C8 A6=00FF0BF0 A7=00FF0BD2 D0=0000CC00 D1=00000C00 D2=00000006 D3=00000080 D4=0000FFFF D5=000000FF D6=00000004 D7=420A0000 xNzvc
00:6B58  4E B8  JSR     ($05A0)                  A0=00006B1C A1=00C00000 A2=000073CB A3=00FF2CFE A4=00000100 A5=FFFF80C8 A6=00FF0BF0 A7=00FF0BD6 D0=0000CC00 D1=00000C00 D2=00000006 D3=00000080 D4=0000FFFF D5=000000FF D6=00000004 D7=420A0000 xNzvc
00:05A0  E5 80  ASL.L   #2,D0                    A0=00006B1C A1=00C00000 A2=000073CB A3=00FF2CFE A4=00000100 A5=FFFF80C8 A6=00FF0BF0 A7=00FF0BD2 D0=0000CC00 D1=00000C00 D2=00000006 D3=00000080 D4=0000FFFF D5=000000FF D6=00000004 D7=420A0000 xNzvc
00:05A2  E4 48  LSR.W   #2,D0                    A0=00006B1C A1=00C00000 A2=000073CB A3=00FF2CFE A4=00000100 A5=FFFF80C8 A6=00FF0BF0 A7=00FF0BD2 D0=00033000 D1=00000C00 D2=00000006 D3=00000080 D4=0000FFFF D5=000000FF D6=00000004 D7=420A0000 xnzvc
00:05A4  00 40  ORI.W   #$4000,D0                A0=00006B1C A1=00C00000 A2=000073CB A3=00FF2CFE A4=00000100 A5=FFFF80C8 A6=00FF0BF0 A7=00FF0BD2 D0=00030C00 D1=00000C00 D2=00000006 D3=00000080 D4=0000FFFF D5=000000FF D6=00000004 D7=420A0000 xnzvc
00:05A8  48 40  SWAP.W  D0                       A0=00006B1C A1=00C00000 A2=000073CB A3=00FF2CFE A4=00000100 A5=FFFF80C8 A6=00FF0BF0 A7=00FF0BD2 D0=00034C00 D1=00000C00 D2=00000006 D3=00000080 D4=0000FFFF D5=000000FF D6=00000004 D7=420A0000 xnzvc
00:05AA  02 40  ANDI.W  #$0003,D0                A0=00006B1C A1=00C00000 A2=000073CB A3=00FF2CFE A4=00000100 A5=FFFF80C8 A6=00FF0BF0 A7=00FF0BD2 D0=4C000003 D1=00000C00 D2=00000006 D3=00000080 D4=0000FFFF D5=000000FF D6=00000004 D7=420A0000 xnzvc
00:05AE  23 C0  MOVE.L  D0,($00C00004)           A0=00006B1C A1=00C00000 A2=000073CB A3=00FF2CFE A4=00000100 A5=FFFF80C8 A6=00FF0BF0 A7=00FF0BD2 D0=4C000003 D1=00000C00 D2=00000006 D3=00000080 D4=0000FFFF D5=000000FF D6=00000004 D7=420A0000 xnzvc
00:05B4  4E 75  RTS                              A0=00006B1C A1=00C00000 A2=000073CB A3=00FF2CFE A4=00000100 A5=FFFF80C8 A6=00FF0BF0 A7=00FF0BD2 D0=4C000003 D1=00000C00 D2=00000006 D3=00000080 D4=0000FFFF D5=000000FF D6=00000004 D7=420A0000 xnzvc
00:6B5C  43 F9  LEA     ($00C00000),A1           A0=00006B1C A1=00C00000 A2=000073CB A3=00FF2CFE A4=00000100 A5=FFFF80C8 A6=00FF0BF0 A7=00FF0BD6 D0=4C000003 D1=00000C00 D2=00000006 D3=00000080 D4=0000FFFF D5=000000FF D6=00000004 D7=420A0000 xnzvc
00:6B62  4E 75  RTS                              A0=00006B1C A1=00C00000 A2=000073CB A3=00FF2CFE A4=00000100 A5=FFFF80C8 A6=00FF0BF0 A7=00FF0BD6 D0=4C000003 D1=00000C00 D2=00000006 D3=00000080 D4=0000FFFF D5=000000FF D6=00000004 D7=420A0000 xnzvc
00:6B6C  1D 6E  MOVE.B  $FFF6(A6),$FFF4(A6)      A0=00006B1C A1=00C00000 A2=000073CB A3=00FF2CFE A4=00000100 A5=FFFF80C8 A6=00FF0BF0 A7=00FF0BD6 D0=4C00001F D1=00000C00 D2=00000006 D3=00000060 D4=0000FFFF D5=000000FF D6=00000004 D7=420A0000 XNzvC
00:6B72  60 C6  BRA     #$C6 [00:6B3A]           A0=00006B1C A1=00C00000 A2=000073CB A3=00FF2CFE A4=00000100 A5=FFFF80C8 A6=00FF0BF0 A7=00FF0BD6 D0=4C00001F D1=00000C00 D2=00000006 D3=00000060 D4=0000FFFF D5=000000FF D6=00000004 D7=420A0000 Xnzvc
00:6B3A  30 2E  MOVE.W  $FFFA(A6),D0             A0=00006B1C A1=00C00000 A2=000073CB A3=00FF2CFE A4=00000100 A5=FFFF80C8 A6=00FF0BF0 A7=00FF0BD6 D0=4C00001F D1=00000C00 D2=00000006 D3=00000060 D4=0000FFFF D5=000000FF D6=00000004 D7=420A0000 Xnzvc
00:6B3E  32 2E  MOVE.W  $FFFC(A6),D1             A0=00006B1C A1=00C00000 A2=000073CB A3=00FF2CFE A4=00000100 A5=FFFF80C8 A6=00FF0BF0 A7=00FF0BD6 D0=4C000000 D1=00000C00 D2=00000006 D3=00000060 D4=0000FFFF D5=000000FF D6=00000004 D7=420A0000 XnZvc
00:6B42  52 41  ADDQ.W  #1,D1                    A0=00006B1C A1=00C00000 A2=000073CB A3=00FF2CFE A4=00000100 A5=FFFF80C8 A6=00FF0BF0 A7=00FF0BD6 D0=4C000000 D1=00000018 D2=00000006 D3=00000060 D4=0000FFFF D5=000000FF D6=00000004 D7=420A0000 Xnzvc
00:6B44  B2 78  CMP.W   ($8A72),D1               A0=00006B1C A1=00C00000 A2=000073CB A3=00FF2CFE A4=00000100 A5=FFFF80C8 A6=00FF0BF0 A7=00FF0BD6 D0=4C000000 D1=00000019 D2=00000006 D3=00000060 D4=0000FFFF D5=000000FF D6=00000004 D7=420A0000 xnzvc
00:6B48  65 02  BCS     #$02 [00:6B4C]           A0=00006B1C A1=00C00000 A2=000073CB A3=00FF2CFE A4=00000100 A5=FFFF80C8 A6=00FF0BF0 A7=00FF0BD6 D0=4C000000 D1=00000019 D2=00000006 D3=00000060 D4=0000FFFF D5=000000FF D6=00000004 D7=420A0000 xNzvC
00:6B4C  3D 41  MOVE.W  D1,$FFFC(A6)             A0=00006B1C A1=00C00000 A2=000073CB A3=00FF2CFE A4=00000100 A5=FFFF80C8 A6=00FF0BF0 A7=00FF0BD6 D0=4C000000 D1=00000019 D2=00000006 D3=00000060 D4=0000FFFF D5=000000FF D6=00000004 D7=420A0000 xNzvC
00:6B50  3D 40  MOVE.W  D0,$FFFE(A6)             A0=00006B1C A1=00C00000 A2=000073CB A3=00FF2CFE A4=00000100 A5=FFFF80C8 A6=00FF0BF0 A7=00FF0BD6 D0=4C000000 D1=00000019 D2=00000006 D3=00000060 D4=0000FFFF D5=000000FF D6=00000004 D7=420A0000 xnzvc
00:6B54  61 00  BSR     #$FF46 [00:6A9C]         A0=00006B1C A1=00C00000 A2=000073CB A3=00FF2CFE A4=00000100 A5=FFFF80C8 A6=00FF0BF0 A7=00FF0BD6 D0=4C000000 D1=00000019 D2=00000006 D3=00000060 D4=0000FFFF D5=000000FF D6=00000004 D7=420A0000 xnZvc
00:6A9C  4E B8  JSR     ($05CA)                  A0=00006B1C A1=00C00000 A2=000073CB A3=00FF2CFE A4=00000100 A5=FFFF80C8 A6=00FF0BF0 A7=00FF0BD2 D0=4C000000 D1=00000019 D2=00000006 D3=00000060 D4=0000FFFF D5=000000FF D6=00000004 D7=420A0000 xnZvc
00:05CA  D0 40  ADD.W   D0,D0                    A0=00006B1C A1=00C00000 A2=000073CB A3=00FF2CFE A4=00000100 A5=FFFF80C8 A6=00FF0BF0 A7=00FF0BCE D0=4C000000 D1=00000019 D2=00000006 D3=00000060 D4=0000FFFF D5=000000FF D6=00000004 D7=420A0000 xnZvc
00:05CC  D2 41  ADD.W   D1,D1                    A0=00006B1C A1=00C00000 A2=000073CB A3=00FF2CFE A4=00000100 A5=FFFF80C8 A6=00FF0BF0 A7=00FF0BCE D0=4C000000 D1=00000019 D2=00000006 D3=00000060 D4=0000FFFF D5=000000FF D6=00000004 D7=420A0000 xnZvc
00:05CE  14 38  MOVE.B  ($8A8A),D2               A0=00006B1C A1=00C00000 A2=000073CB A3=00FF2CFE A4=00000100 A5=FFFF80C8 A6=00FF0BF0 A7=00FF0BCE D0=4C000000 D1=00000032 D2=00000006 D3=00000060 D4=0000FFFF D5=000000FF D6=00000004 D7=420A0000 xnzvc
00:05D2  E5 61  ASL.W   D2,D1                    A0=00006B1C A1=00C00000 A2=000073CB A3=00FF2CFE A4=00000100 A5=FFFF80C8 A6=00FF0BF0 A7=00FF0BCE D0=4C000000 D1=00000032 D2=00000006 D3=00000060 D4=0000FFFF D5=000000FF D6=00000004 D7=420A0000 xnzvc
00:05D4  D0 41  ADD.W   D1,D0                    A0=00006B1C A1=00C00000 A2=000073CB A3=00FF2CFE A4=00000100 A5=FFFF80C8 A6=00FF0BF0 A7=00FF0BCE D0=4C000000 D1=00000C80 D2=00000006 D3=00000060 D4=0000FFFF D5=000000FF D6=00000004 D7=420A0000 xnzvc
00:05D6  4E 75  RTS                              A0=00006B1C A1=00C00000 A2=000073CB A3=00FF2CFE A4=00000100 A5=FFFF80C8 A6=00FF0BF0 A7=00FF0BCE D0=4C000C80 D1=00000C80 D2=00000006 D3=00000060 D4=0000FFFF D5=000000FF D6=00000004 D7=420A0000 xnzvc
00:6AA0  D0 6E  ADD.W   $FFF2(A6),D0             A0=00006B1C A1=00C00000 A2=000073CB A3=00FF2CFE A4=00000100 A5=FFFF80C8 A6=00FF0BF0 A7=00FF0BD2 D0=4C000C80 D1=00000C80 D2=00000006 D3=00000060 D4=0000FFFF D5=000000FF D6=00000004 D7=420A0000 xnzvc
00:6AA4  4E 75  RTS                              A0=00006B1C A1=00C00000 A2=000073CB A3=00FF2CFE A4=00000100 A5=FFFF80C8 A6=00FF0BF0 A7=00FF0BD2 D0=4C00CC80 D1=00000C80 D2=00000006 D3=00000060 D4=0000FFFF D5=000000FF D6=00000004 D7=420A0000 xNzvc
00:6B58  4E B8  JSR     ($05A0)                  A0=00006B1C A1=00C00000 A2=000073CB A3=00FF2CFE A4=00000100 A5=FFFF80C8 A6=00FF0BF0 A7=00FF0BD6 D0=4C00CC80 D1=00000C80 D2=00000006 D3=00000060 D4=0000FFFF D5=000000FF D6=00000004 D7=420A0000 xNzvc
00:05A0  E5 80  ASL.L   #2,D0                    A0=00006B1C A1=00C00000 A2=000073CB A3=00FF2CFE A4=00000100 A5=FFFF80C8 A6=00FF0BF0 A7=00FF0BD2 D0=4C00CC80 D1=00000C80 D2=00000006 D3=00000060 D4=0000FFFF D5=000000FF D6=00000004 D7=420A0000 xNzvc
00:05A2  E4 48  LSR.W   #2,D0                    A0=00006B1C A1=00C00000 A2=000073CB A3=00FF2CFE A4=00000100 A5=FFFF80C8 A6=00FF0BF0 A7=00FF0BD2 D0=30033200 D1=00000C80 D2=00000006 D3=00000060 D4=0000FFFF D5=000000FF D6=00000004 D7=420A0000 XnzVC
00:05A4  00 40  ORI.W   #$4000,D0                A0=00006B1C A1=00C00000 A2=000073CB A3=00FF2CFE A4=00000100 A5=FFFF80C8 A6=00FF0BF0 A7=00FF0BD2 D0=30030C80 D1=00000C80 D2=00000006 D3=00000060 D4=0000FFFF D5=000000FF D6=00000004 D7=420A0000 xnzvc
00:05A8  48 40  SWAP.W  D0                       A0=00006B1C A1=00C00000 A2=000073CB A3=00FF2CFE A4=00000100 A5=FFFF80C8 A6=00FF0BF0 A7=00FF0BD2 D0=30034C80 D1=00000C80 D2=00000006 D3=00000060 D4=0000FFFF D5=000000FF D6=00000004 D7=420A0000 xnzvc
00:05AA  02 40  ANDI.W  #$0003,D0                A0=00006B1C A1=00C00000 A2=000073CB A3=00FF2CFE A4=00000100 A5=FFFF80C8 A6=00FF0BF0 A7=00FF0BD2 D0=4C803003 D1=00000C80 D2=00000006 D3=00000060 D4=0000FFFF D5=000000FF D6=00000004 D7=420A0000 xnzvc
00:05AE  23 C0  MOVE.L  D0,($00C00004)           A0=00006B1C A1=00C00000 A2=000073CB A3=00FF2CFE A4=00000100 A5=FFFF80C8 A6=00FF0BF0 A7=00FF0BD2 D0=4C800003 D1=00000C80 D2=00000006 D3=00000060 D4=0000FFFF D5=000000FF D6=00000004 D7=420A0000 xnzvc
00:05B4  4E 75  RTS                              A0=00006B1C A1=00C00000 A2=000073CB A3=00FF2CFE A4=00000100 A5=FFFF80C8 A6=00FF0BF0 A7=00FF0BD2 D0=4C800003 D1=00000C80 D2=00000006 D3=00000060 D4=0000FFFF D5=000000FF D6=00000004 D7=420A0000 xnzvc
00:6B5C  43 F9  LEA     ($00C00000),A1           A0=00006B1C A1=00C00000 A2=000073CB A3=00FF2CFE A4=00000100 A5=FFFF80C8 A6=00FF0BF0 A7=00FF0BD6 D0=4C800003 D1=00000C80 D2=00000006 D3=00000060 D4=0000FFFF D5=000000FF D6=00000004 D7=420A0000 xnzvc
00:6B62  4E 75  RTS                              A0=00006B1C A1=00C00000 A2=000073CB A3=00FF2CFE A4=00000100 A5=FFFF80C8 A6=00FF0BF0 A7=00FF0BD6 D0=4C800003 D1=00000C80 D2=00000006 D3=00000060 D4=0000FFFF D5=000000FF D6=00000004 D7=420A0000 xnzvc
00:6B6C  1D 6E  MOVE.B  $FFF6(A6),$FFF4(A6)      A0=00006B1C A1=00C00000 A2=000073CB A3=00FF2CFE A4=00000100 A5=FFFF80C8 A6=00FF0BF0 A7=00FF0BD6 D0=4C80001F D1=00000C80 D2=00000006 D3=00000040 D4=0000FFFF D5=000000FF D6=00000004 D7=420A0000 XNzvC
00:6B72  60 C6  BRA     #$C6 [00:6B3A]           A0=00006B1C A1=00C00000 A2=000073CB A3=00FF2CFE A4=00000100 A5=FFFF80C8 A6=00FF0BF0 A7=00FF0BD6 D0=4C80001F D1=00000C80 D2=00000006 D3=00000040 D4=0000FFFF D5=000000FF D6=00000004 D7=420A0000 Xnzvc
00:6B3A  30 2E  MOVE.W  $FFFA(A6),D0             A0=00006B1C A1=00C00000 A2=000073CB A3=00FF2CFE A4=00000100 A5=FFFF80C8 A6=00FF0BF0 A7=00FF0BD6 D0=4C80001F D1=00000C80 D2=00000006 D3=00000040 D4=0000FFFF D5=000000FF D6=00000004 D7=420A0000 Xnzvc
00:6B3E  32 2E  MOVE.W  $FFFC(A6),D1             A0=00006B1C A1=00C00000 A2=000073CB A3=00FF2CFE A4=00000100 A5=FFFF80C8 A6=00FF0BF0 A7=00FF0BD6 D0=4C800000 D1=00000C80 D2=00000006 D3=00000040 D4=0000FFFF D5=000000FF D6=00000004 D7=420A0000 XnZvc
00:6B42  52 41  ADDQ.W  #1,D1                    A0=00006B1C A1=00C00000 A2=000073CB A3=00FF2CFE A4=00000100 A5=FFFF80C8 A6=00FF0BF0 A7=00FF0BD6 D0=4C800000 D1=00000019 D2=00000006 D3=00000040 D4=0000FFFF D5=000000FF D6=00000004 D7=420A0000 Xnzvc
00:6B44  B2 78  CMP.W   ($8A72),D1               A0=00006B1C A1=00C00000 A2=000073CB A3=00FF2CFE A4=00000100 A5=FFFF80C8 A6=00FF0BF0 A7=00FF0BD6 D0=4C800000 D1=0000001A D2=00000006 D3=00000040 D4=0000FFFF D5=000000FF D6=00000004 D7=420A0000 xnzvc
00:6B48  65 02  BCS     #$02 [00:6B4C]           A0=00006B1C A1=00C00000 A2=000073CB A3=00FF2CFE A4=00000100 A5=FFFF80C8 A6=00FF0BF0 A7=00FF0BD6 D0=4C800000 D1=0000001A D2=00000006 D3=00000040 D4=0000FFFF D5=000000FF D6=00000004 D7=420A0000 xNzvC
00:6B4C  3D 41  MOVE.W  D1,$FFFC(A6)             A0=00006B1C A1=00C00000 A2=000073CB A3=00FF2CFE A4=00000100 A5=FFFF80C8 A6=00FF0BF0 A7=00FF0BD6 D0=4C800000 D1=0000001A D2=00000006 D3=00000040 D4=0000FFFF D5=000000FF D6=00000004 D7=420A0000 xNzvC
00:6B50  3D 40  MOVE.W  D0,$FFFE(A6)             A0=00006B1C A1=00C00000 A2=000073CB A3=00FF2CFE A4=00000100 A5=FFFF80C8 A6=00FF0BF0 A7=00FF0BD6 D0=4C800000 D1=0000001A D2=00000006 D3=00000040 D4=0000FFFF D5=000000FF D6=00000004 D7=420A0000 xnzvc
00:6B54  61 00  BSR     #$FF46 [00:6A9C]         A0=00006B1C A1=00C00000 A2=000073CB A3=00FF2CFE A4=00000100 A5=FFFF80C8 A6=00FF0BF0 A7=00FF0BD6 D0=4C800000 D1=0000001A D2=00000006 D3=00000040 D4=0000FFFF D5=000000FF D6=00000004 D7=420A0000 xnZvc
00:6A9C  4E B8  JSR     ($05CA)                  A0=00006B1C A1=00C00000 A2=000073CB A3=00FF2CFE A4=00000100 A5=FFFF80C8 A6=00FF0BF0 A7=00FF0BD2 D0=4C800000 D1=0000001A D2=00000006 D3=00000040 D4=0000FFFF D5=000000FF D6=00000004 D7=420A0000 xnZvc
00:05CA  D0 40  ADD.W   D0,D0                    A0=00006B1C A1=00C00000 A2=000073CB A3=00FF2CFE A4=00000100 A5=FFFF80C8 A6=00FF0BF0 A7=00FF0BCE D0=4C800000 D1=0000001A D2=00000006 D3=00000040 D4=0000FFFF D5=000000FF D6=00000004 D7=420A0000 xnZvc
00:05CC  D2 41  ADD.W   D1,D1                    A0=00006B1C A1=00C00000 A2=000073CB A3=00FF2CFE A4=00000100 A5=FFFF80C8 A6=00FF0BF0 A7=00FF0BCE D0=4C800000 D1=0000001A D2=00000006 D3=00000040 D4=0000FFFF D5=000000FF D6=00000004 D7=420A0000 xnZvc
00:05CE  14 38  MOVE.B  ($8A8A),D2               A0=00006B1C A1=00C00000 A2=000073CB A3=00FF2CFE A4=00000100 A5=FFFF80C8 A6=00FF0BF0 A7=00FF0BCE D0=4C800000 D1=00000034 D2=00000006 D3=00000040 D4=0000FFFF D5=000000FF D6=00000004 D7=420A0000 xnzvc
00:05D2  E5 61  ASL.W   D2,D1                    A0=00006B1C A1=00C00000 A2=000073CB A3=00FF2CFE A4=00000100 A5=FFFF80C8 A6=00FF0BF0 A7=00FF0BCE D0=4C800000 D1=00000034 D2=00000006 D3=00000040 D4=0000FFFF D5=000000FF D6=00000004 D7=420A0000 xnzvc
00:05D4  D0 41  ADD.W   D1,D0                    A0=00006B1C A1=00C00000 A2=000073CB A3=00FF2CFE A4=00000100 A5=FFFF80C8 A6=00FF0BF0 A7=00FF0BCE D0=4C800000 D1=00000D00 D2=00000006 D3=00000040 D4=0000FFFF D5=000000FF D6=00000004 D7=420A0000 xnzvc
00:05D6  4E 75  RTS                              A0=00006B1C A1=00C00000 A2=000073CB A3=00FF2CFE A4=00000100 A5=FFFF80C8 A6=00FF0BF0 A7=00FF0BCE D0=4C800D00 D1=00000D00 D2=00000006 D3=00000040 D4=0000FFFF D5=000000FF D6=00000004 D7=420A0000 xnzvc
00:6AA0  D0 6E  ADD.W   $FFF2(A6),D0             A0=00006B1C A1=00C00000 A2=000073CB A3=00FF2CFE A4=00000100 A5=FFFF80C8 A6=00FF0BF0 A7=00FF0BD2 D0=4C800D00 D1=00000D00 D2=00000006 D3=00000040 D4=0000FFFF D5=000000FF D6=00000004 D7=420A0000 xnzvc
00:6AA4  4E 75  RTS                              A0=00006B1C A1=00C00000 A2=000073CB A3=00FF2CFE A4=00000100 A5=FFFF80C8 A6=00FF0BF0 A7=00FF0BD2 D0=4C80CD00 D1=00000D00 D2=00000006 D3=00000040 D4=0000FFFF D5=000000FF D6=00000004 D7=420A0000 xNzvc
00:6B58  4E B8  JSR     ($05A0)                  A0=00006B1C A1=00C00000 A2=000073CB A3=00FF2CFE A4=00000100 A5=FFFF80C8 A6=00FF0BF0 A7=00FF0BD6 D0=4C80CD00 D1=00000D00 D2=00000006 D3=00000040 D4=0000FFFF D5=000000FF D6=00000004 D7=420A0000 xNzvc
00:05A0  E5 80  ASL.L   #2,D0                    A0=00006B1C A1=00C00000 A2=000073CB A3=00FF2CFE A4=00000100 A5=FFFF80C8 A6=00FF0BF0 A7=00FF0BD2 D0=4C80CD00 D1=00000D00 D2=00000006 D3=00000040 D4=0000FFFF D5=000000FF D6=00000004 D7=420A0000 xNzvc
00:05A2  E4 48  LSR.W   #2,D0                    A0=00006B1C A1=00C00000 A2=000073CB A3=00FF2CFE A4=00000100 A5=FFFF80C8 A6=00FF0BF0 A7=00FF0BD2 D0=32033400 D1=00000D00 D2=00000006 D3=00000040 D4=0000FFFF D5=000000FF D6=00000004 D7=420A0000 XnzVC
00:05A4  00 40  ORI.W   #$4000,D0                A0=00006B1C A1=00C00000 A2=000073CB A3=00FF2CFE A4=00000100 A5=FFFF80C8 A6=00FF0BF0 A7=00FF0BD2 D0=32030D00 D1=00000D00 D2=00000006 D3=00000040 D4=0000FFFF D5=000000FF D6=00000004 D7=420A0000 xnzvc
00:05A8  48 40  SWAP.W  D0                       A0=00006B1C A1=00C00000 A2=000073CB A3=00FF2CFE A4=00000100 A5=FFFF80C8 A6=00FF0BF0 A7=00FF0BD2 D0=32034D00 D1=00000D00 D2=00000006 D3=00000040 D4=0000FFFF D5=000000FF D6=00000004 D7=420A0000 xnzvc
00:05AA  02 40  ANDI.W  #$0003,D0                A0=00006B1C A1=00C00000 A2=000073CB A3=00FF2CFE A4=00000100 A5=FFFF80C8 A6=00FF0BF0 A7=00FF0BD2 D0=4D003203 D1=00000D00 D2=00000006 D3=00000040 D4=0000FFFF D5=000000FF D6=00000004 D7=420A0000 xnzvc
00:05AE  23 C0  MOVE.L  D0,($00C00004)           A0=00006B1C A1=00C00000 A2=000073CB A3=00FF2CFE A4=00000100 A5=FFFF80C8 A6=00FF0BF0 A7=00FF0BD2 D0=4D000003 D1=00000D00 D2=00000006 D3=00000040 D4=0000FFFF D5=000000FF D6=00000004 D7=420A0000 xnzvc
00:05B4  4E 75  RTS                              A0=00006B1C A1=00C00000 A2=000073CB A3=00FF2CFE A4=00000100 A5=FFFF80C8 A6=00FF0BF0 A7=00FF0BD2 D0=4D000003 D1=00000D00 D2=00000006 D3=00000040 D4=0000FFFF D5=000000FF D6=00000004 D7=420A0000 xnzvc
00:6B5C  43 F9  LEA     ($00C00000),A1           A0=00006B1C A1=00C00000 A2=000073CB A3=00FF2CFE A4=00000100 A5=FFFF80C8 A6=00FF0BF0 A7=00FF0BD6 D0=4D000003 D1=00000D00 D2=00000006 D3=00000040 D4=0000FFFF D5=000000FF D6=00000004 D7=420A0000 xnzvc
00:6B62  4E 75  RTS                              A0=00006B1C A1=00C00000 A2=000073CB A3=00FF2CFE A4=00000100 A5=FFFF80C8 A6=00FF0BF0 A7=00FF0BD6 D0=4D000003 D1=00000D00 D2=00000006 D3=00000040 D4=0000FFFF D5=000000FF D6=00000004 D7=420A0000 xnzvc
00:6B6C  1D 6E  MOVE.B  $FFF6(A6),$FFF4(A6)      A0=00006B1C A1=00C00000 A2=000073CB A3=00FF2CFE A4=00000100 A5=FFFF80C8 A6=00FF0BF0 A7=00FF0BD6 D0=4D00001F D1=00000D00 D2=00000006 D3=00000020 D4=0000FFFF D5=000000FF D6=00000004 D7=420A0000 XNzvC
00:6B72  60 C6  BRA     #$C6 [00:6B3A]           A0=00006B1C A1=00C00000 A2=000073CB A3=00FF2CFE A4=00000100 A5=FFFF80C8 A6=00FF0BF0 A7=00FF0BD6 D0=4D00001F D1=00000D00 D2=00000006 D3=00000020 D4=0000FFFF D5=000000FF D6=00000004 D7=420A0000 Xnzvc
00:6B3A  30 2E  MOVE.W  $FFFA(A6),D0             A0=00006B1C A1=00C00000 A2=000073CB A3=00FF2CFE A4=00000100 A5=FFFF80C8 A6=00FF0BF0 A7=00FF0BD6 D0=4D00001F D1=00000D00 D2=00000006 D3=00000020 D4=0000FFFF D5=000000FF D6=00000004 D7=420A0000 Xnzvc
00:6B3E  32 2E  MOVE.W  $FFFC(A6),D1             A0=00006B1C A1=00C00000 A2=000073CB A3=00FF2CFE A4=00000100 A5=FFFF80C8 A6=00FF0BF0 A7=00FF0BD6 D0=4D000000 D1=00000D00 D2=00000006 D3=00000020 D4=0000FFFF D5=000000FF D6=00000004 D7=420A0000 XnZvc
00:6B42  52 41  ADDQ.W  #1,D1                    A0=00006B1C A1=00C00000 A2=000073CB A3=00FF2CFE A4=00000100 A5=FFFF80C8 A6=00FF0BF0 A7=00FF0BD6 D0=4D000000 D1=0000001A D2=00000006 D3=00000020 D4=0000FFFF D5=000000FF D6=00000004 D7=420A0000 Xnzvc
00:6B44  B2 78  CMP.W   ($8A72),D1               A0=00006B1C A1=00C00000 A2=000073CB A3=00FF2CFE A4=00000100 A5=FFFF80C8 A6=00FF0BF0 A7=00FF0BD6 D0=4D000000 D1=0000001B D2=00000006 D3=00000020 D4=0000FFFF D5=000000FF D6=00000004 D7=420A0000 xnzvc
00:6B48  65 02  BCS     #$02 [00:6B4C]           A0=00006B1C A1=00C00000 A2=000073CB A3=00FF2CFE A4=00000100 A5=FFFF80C8 A6=00FF0BF0 A7=00FF0BD6 D0=4D000000 D1=0000001B D2=00000006 D3=00000020 D4=0000FFFF D5=000000FF D6=00000004 D7=420A0000 xNzvC
00:6B4C  3D 41  MOVE.W  D1,$FFFC(A6)             A0=00006B1C A1=00C00000 A2=000073CB A3=00FF2CFE A4=00000100 A5=FFFF80C8 A6=00FF0BF0 A7=00FF0BD6 D0=4D000000 D1=0000001B D2=00000006 D3=00000020 D4=0000FFFF D5=000000FF D6=00000004 D7=420A0000 xNzvC
00:6B50  3D 40  MOVE.W  D0,$FFFE(A6)             A0=00006B1C A1=00C00000 A2=000073CB A3=00FF2CFE A4=00000100 A5=FFFF80C8 A6=00FF0BF0 A7=00FF0BD6 D0=4D000000 D1=0000001B D2=00000006 D3=00000020 D4=0000FFFF D5=000000FF D6=00000004 D7=420A0000 xnzvc
00:6B54  61 00  BSR     #$FF46 [00:6A9C]         A0=00006B1C A1=00C00000 A2=000073CB A3=00FF2CFE A4=00000100 A5=FFFF80C8 A6=00FF0BF0 A7=00FF0BD6 D0=4D000000 D1=0000001B D2=00000006 D3=00000020 D4=0000FFFF D5=000000FF D6=00000004 D7=420A0000 xnZvc
00:6A9C  4E B8  JSR     ($05CA)                  A0=00006B1C A1=00C00000 A2=000073CB A3=00FF2CFE A4=00000100 A5=FFFF80C8 A6=00FF0BF0 A7=00FF0BD2 D0=4D000000 D1=0000001B D2=00000006 D3=00000020 D4=0000FFFF D5=000000FF D6=00000004 D7=420A0000 xnZvc
00:05CA  D0 40  ADD.W   D0,D0                    A0=00006B1C A1=00C00000 A2=000073CB A3=00FF2CFE A4=00000100 A5=FFFF80C8 A6=00FF0BF0 A7=00FF0BCE D0=4D000000 D1=0000001B D2=00000006 D3=00000020 D4=0000FFFF D5=000000FF D6=00000004 D7=420A0000 xnZvc
00:05CC  D2 41  ADD.W   D1,D1                    A0=00006B1C A1=00C00000 A2=000073CB A3=00FF2CFE A4=00000100 A5=FFFF80C8 A6=00FF0BF0 A7=00FF0BCE D0=4D000000 D1=0000001B D2=00000006 D3=00000020 D4=0000FFFF D5=000000FF D6=00000004 D7=420A0000 xnZvc
00:05CE  14 38  MOVE.B  ($8A8A),D2               A0=00006B1C A1=00C00000 A2=000073CB A3=00FF2CFE A4=00000100 A5=FFFF80C8 A6=00FF0BF0 A7=00FF0BCE D0=4D000000 D1=00000036 D2=00000006 D3=00000020 D4=0000FFFF D5=000000FF D6=00000004 D7=420A0000 xnzvc
00:05D2  E5 61  ASL.W   D2,D1                    A0=00006B1C A1=00C00000 A2=000073CB A3=00FF2CFE A4=00000100 A5=FFFF80C8 A6=00FF0BF0 A7=00FF0BCE D0=4D000000 D1=00000036 D2=00000006 D3=00000020 D4=0000FFFF D5=000000FF D6=00000004 D7=420A0000 xnzvc
00:05D4  D0 41  ADD.W   D1,D0                    A0=00006B1C A1=00C00000 A2=000073CB A3=00FF2CFE A4=00000100 A5=FFFF80C8 A6=00FF0BF0 A7=00FF0BCE D0=4D000000 D1=00000D80 D2=00000006 D3=00000020 D4=0000FFFF D5=000000FF D6=00000004 D7=420A0000 xnzvc
00:05D6  4E 75  RTS                              A0=00006B1C A1=00C00000 A2=000073CB A3=00FF2CFE A4=00000100 A5=FFFF80C8 A6=00FF0BF0 A7=00FF0BCE D0=4D000D80 D1=00000D80 D2=00000006 D3=00000020 D4=0000FFFF D5=000000FF D6=00000004 D7=420A0000 xnzvc
00:6AA0  D0 6E  ADD.W   $FFF2(A6),D0             A0=00006B1C A1=00C00000 A2=000073CB A3=00FF2CFE A4=00000100 A5=FFFF80C8 A6=00FF0BF0 A7=00FF0BD2 D0=4D000D80 D1=00000D80 D2=00000006 D3=00000020 D4=0000FFFF D5=000000FF D6=00000004 D7=420A0000 xnzvc
00:6AA4  4E 75  RTS                              A0=00006B1C A1=00C00000 A2=000073CB A3=00FF2CFE A4=00000100 A5=FFFF80C8 A6=00FF0BF0 A7=00FF0BD2 D0=4D00CD80 D1=00000D80 D2=00000006 D3=00000020 D4=0000FFFF D5=000000FF D6=00000004 D7=420A0000 xNzvc
00:6B58  4E B8  JSR     ($05A0)                  A0=00006B1C A1=00C00000 A2=000073CB A3=00FF2CFE A4=00000100 A5=FFFF80C8 A6=00FF0BF0 A7=00FF0BD6 D0=4D00CD80 D1=00000D80 D2=00000006 D3=00000020 D4=0000FFFF D5=000000FF D6=00000004 D7=420A0000 xNzvc
00:05A0  E5 80  ASL.L   #2,D0                    A0=00006B1C A1=00C00000 A2=000073CB A3=00FF2CFE A4=00000100 A5=FFFF80C8 A6=00FF0BF0 A7=00FF0BD2 D0=4D00CD80 D1=00000D80 D2=00000006 D3=00000020 D4=0000FFFF D5=000000FF D6=00000004 D7=420A0000 xNzvc
00:05A2  E4 48  LSR.W   #2,D0                    A0=00006B1C A1=00C00000 A2=000073CB A3=00FF2CFE A4=00000100 A5=FFFF80C8 A6=00FF0BF0 A7=00FF0BD2 D0=34033600 D1=00000D80 D2=00000006 D3=00000020 D4=0000FFFF D5=000000FF D6=00000004 D7=420A0000 XnzVC
00:05A4  00 40  ORI.W   #$4000,D0                A0=00006B1C A1=00C00000 A2=000073CB A3=00FF2CFE A4=00000100 A5=FFFF80C8 A6=00FF0BF0 A7=00FF0BD2 D0=34030D80 D1=00000D80 D2=00000006 D3=00000020 D4=0000FFFF D5=000000FF D6=00000004 D7=420A0000 xnzvc
00:05A8  48 40  SWAP.W  D0                       A0=00006B1C A1=00C00000 A2=000073CB A3=00FF2CFE A4=00000100 A5=FFFF80C8 A6=00FF0BF0 A7=00FF0BD2 D0=34034D80 D1=00000D80 D2=00000006 D3=00000020 D4=0000FFFF D5=000000FF D6=00000004 D7=420A0000 xnzvc
00:05AA  02 40  ANDI.W  #$0003,D0                A0=00006B1C A1=00C00000 A2=000073CB A3=00FF2CFE A4=00000100 A5=FFFF80C8 A6=00FF0BF0 A7=00FF0BD2 D0=4D803403 D1=00000D80 D2=00000006 D3=00000020 D4=0000FFFF D5=000000FF D6=00000004 D7=420A0000 xnzvc
00:05AE  23 C0  MOVE.L  D0,($00C00004)           A0=00006B1C A1=00C00000 A2=000073CB A3=00FF2CFE A4=00000100 A5=FFFF80C8 A6=00FF0BF0 A7=00FF0BD2 D0=4D800003 D1=00000D80 D2=00000006 D3=00000020 D4=0000FFFF D5=000000FF D6=00000004 D7=420A0000 xnzvc
00:05B4  4E 75  RTS                              A0=00006B1C A1=00C00000 A2=000073CB A3=00FF2CFE A4=00000100 A5=FFFF80C8 A6=00FF0BF0 A7=00FF0BD2 D0=4D800003 D1=00000D80 D2=00000006 D3=00000020 D4=0000FFFF D5=000000FF D6=00000004 D7=420A0000 xnzvc
00:6B5C  43 F9  LEA     ($00C00000),A1           A0=00006B1C A1=00C00000 A2=000073CB A3=00FF2CFE A4=00000100 A5=FFFF80C8 A6=00FF0BF0 A7=00FF0BD6 D0=4D800003 D1=00000D80 D2=00000006 D3=00000020 D4=0000FFFF D5=000000FF D6=00000004 D7=420A0000 xnzvc
00:6B62  4E 75  RTS                              A0=00006B1C A1=00C00000 A2=000073CB A3=00FF2CFE A4=00000100 A5=FFFF80C8 A6=00FF0BF0 A7=00FF0BD6 D0=4D800003 D1=00000D80 D2=00000006 D3=00000020 D4=0000FFFF D5=000000FF D6=00000004 D7=420A0000 xnzvc
00:6B6C  1D 6E  MOVE.B  $FFF6(A6),$FFF4(A6)      A0=00006B1C A1=00C00000 A2=000073CB A3=00FF2CFE A4=00000100 A5=FFFF80C8 A6=00FF0BF0 A7=00FF0BD6 D0=4D80001F D1=00000D80 D2=00000006 D3=00000000 D4=0000FFFF D5=000000FF D6=00000004 D7=420A0000 XNzvC
00:6B72  60 C6  BRA     #$C6 [00:6B3A]           A0=00006B1C A1=00C00000 A2=000073CB A3=00FF2CFE A4=00000100 A5=FFFF80C8 A6=00FF0BF0 A7=00FF0BD6 D0=4D80001F D1=00000D80 D2=00000006 D3=00000000 D4=0000FFFF D5=000000FF D6=00000004 D7=420A0000 Xnzvc
00:6B3A  30 2E  MOVE.W  $FFFA(A6),D0             A0=00006B1C A1=00C00000 A2=000073CB A3=00FF2CFE A4=00000100 A5=FFFF80C8 A6=00FF0BF0 A7=00FF0BD6 D0=4D80001F D1=00000D80 D2=00000006 D3=00000000 D4=0000FFFF D5=000000FF D6=00000004 D7=420A0000 Xnzvc
00:6B3E  32 2E  MOVE.W  $FFFC(A6),D1             A0=00006B1C A1=00C00000 A2=000073CB A3=00FF2CFE A4=00000100 A5=FFFF80C8 A6=00FF0BF0 A7=00FF0BD6 D0=4D800000 D1=00000D80 D2=00000006 D3=00000000 D4=0000FFFF D5=000000FF D6=00000004 D7=420A0000 XnZvc
00:6B42  52 41  ADDQ.W  #1,D1                    A0=00006B1C A1=00C00000 A2=000073CB A3=00FF2CFE A4=00000100 A5=FFFF80C8 A6=00FF0BF0 A7=00FF0BD6 D0=4D800000 D1=0000001B D2=00000006 D3=00000000 D4=0000FFFF D5=000000FF D6=00000004 D7=420A0000 Xnzvc
00:6B44  B2 78  CMP.W   ($8A72),D1               A0=00006B1C A1=00C00000 A2=000073CB A3=00FF2CFE A4=00000100 A5=FFFF80C8 A6=00FF0BF0 A7=00FF0BD6 D0=4D800000 D1=0000001C D2=00000006 D3=00000000 D4=0000FFFF D5=000000FF D6=00000004 D7=420A0000 xnzvc
00:6B48  65 02  BCS     #$02 [00:6B4C]           A0=00006B1C A1=00C00000 A2=000073CB A3=00FF2CFE A4=00000100 A5=FFFF80C8 A6=00FF0BF0 A7=00FF0BD6 D0=4D800000 D1=0000001C D2=00000006 D3=00000000 D4=0000FFFF D5=000000FF D6=00000004 D7=420A0000 xNzvC
00:6B4C  3D 41  MOVE.W  D1,$FFFC(A6)             A0=00006B1C A1=00C00000 A2=000073CB A3=00FF2CFE A4=00000100 A5=FFFF80C8 A6=00FF0BF0 A7=00FF0BD6 D0=4D800000 D1=0000001C D2=00000006 D3=00000000 D4=0000FFFF D5=000000FF D6=00000004 D7=420A0000 xNzvC
00:6B50  3D 40  MOVE.W  D0,$FFFE(A6)             A0=00006B1C A1=00C00000 A2=000073CB A3=00FF2CFE A4=00000100 A5=FFFF80C8 A6=00FF0BF0 A7=00FF0BD6 D0=4D800000 D1=0000001C D2=00000006 D3=00000000 D4=0000FFFF D5=000000FF D6=00000004 D7=420A0000 xnzvc
00:6B54  61 00  BSR     #$FF46 [00:6A9C]         A0=00006B1C A1=00C00000 A2=000073CB A3=00FF2CFE A4=00000100 A5=FFFF80C8 A6=00FF0BF0 A7=00FF0BD6 D0=4D800000 D1=0000001C D2=00000006 D3=00000000 D4=0000FFFF D5=000000FF D6=00000004 D7=420A0000 xnZvc
00:6A9C  4E B8  JSR     ($05CA)                  A0=00006B1C A1=00C00000 A2=000073CB A3=00FF2CFE A4=00000100 A5=FFFF80C8 A6=00FF0BF0 A7=00FF0BD2 D0=4D800000 D1=0000001C D2=00000006 D3=00000000 D4=0000FFFF D5=000000FF D6=00000004 D7=420A0000 xnZvc
00:05CA  D0 40  ADD.W   D0,D0                    A0=00006B1C A1=00C00000 A2=000073CB A3=00FF2CFE A4=00000100 A5=FFFF80C8 A6=00FF0BF0 A7=00FF0BCE D0=4D800000 D1=0000001C D2=00000006 D3=00000000 D4=0000FFFF D5=000000FF D6=00000004 D7=420A0000 xnZvc
00:05CC  D2 41  ADD.W   D1,D1                    A0=00006B1C A1=00C00000 A2=000073CB A3=00FF2CFE A4=00000100 A5=FFFF80C8 A6=00FF0BF0 A7=00FF0BCE D0=4D800000 D1=0000001C D2=00000006 D3=00000000 D4=0000FFFF D5=000000FF D6=00000004 D7=420A0000 xnZvc
00:05CE  14 38  MOVE.B  ($8A8A),D2               A0=00006B1C A1=00C00000 A2=000073CB A3=00FF2CFE A4=00000100 A5=FFFF80C8 A6=00FF0BF0 A7=00FF0BCE D0=4D800000 D1=00000038 D2=00000006 D3=00000000 D4=0000FFFF D5=000000FF D6=00000004 D7=420A0000 xnzvc
00:05D2  E5 61  ASL.W   D2,D1                    A0=00006B1C A1=00C00000 A2=000073CB A3=00FF2CFE A4=00000100 A5=FFFF80C8 A6=00FF0BF0 A7=00FF0BCE D0=4D800000 D1=00000038 D2=00000006 D3=00000000 D4=0000FFFF D5=000000FF D6=00000004 D7=420A0000 xnzvc
00:05D4  D0 41  ADD.W   D1,D0                    A0=00006B1C A1=00C00000 A2=000073CB A3=00FF2CFE A4=00000100 A5=FFFF80C8 A6=00FF0BF0 A7=00FF0BCE D0=4D800000 D1=00000E00 D2=00000006 D3=00000000 D4=0000FFFF D5=000000FF D6=00000004 D7=420A0000 xnzvc
00:05D6  4E 75  RTS                              A0=00006B1C A1=00C00000 A2=000073CB A3=00FF2CFE A4=00000100 A5=FFFF80C8 A6=00FF0BF0 A7=00FF0BCE D0=4D800E00 D1=00000E00 D2=00000006 D3=00000000 D4=0000FFFF D5=000000FF D6=00000004 D7=420A0000 xnzvc
00:6AA0  D0 6E  ADD.W   $FFF2(A6),D0             A0=00006B1C A1=00C00000 A2=000073CB A3=00FF2CFE A4=00000100 A5=FFFF80C8 A6=00FF0BF0 A7=00FF0BD2 D0=4D800E00 D1=00000E00 D2=00000006 D3=00000000 D4=0000FFFF D5=000000FF D6=00000004 D7=420A0000 xnzvc
00:6AA4  4E 75  RTS                              A0=00006B1C A1=00C00000 A2=000073CB A3=00FF2CFE A4=00000100 A5=FFFF80C8 A6=00FF0BF0 A7=00FF0BD2 D0=4D80CE00 D1=00000E00 D2=00000006 D3=00000000 D4=0000FFFF D5=000000FF D6=00000004 D7=420A0000 xNzvc
00:6B58  4E B8  JSR     ($05A0)                  A0=00006B1C A1=00C00000 A2=000073CB A3=00FF2CFE A4=00000100 A5=FFFF80C8 A6=00FF0BF0 A7=00FF0BD6 D0=4D80CE00 D1=00000E00 D2=00000006 D3=00000000 D4=0000FFFF D5=000000FF D6=00000004 D7=420A0000 xNzvc
00:05A0  E5 80  ASL.L   #2,D0                    A0=00006B1C A1=00C00000 A2=000073CB A3=00FF2CFE A4=00000100 A5=FFFF80C8 A6=00FF0BF0 A7=00FF0BD2 D0=4D80CE00 D1=00000E00 D2=00000006 D3=00000000 D4=0000FFFF D5=000000FF D6=00000004 D7=420A0000 xNzvc
00:05A2  E4 48  LSR.W   #2,D0                    A0=00006B1C A1=00C00000 A2=000073CB A3=00FF2CFE A4=00000100 A5=FFFF80C8 A6=00FF0BF0 A7=00FF0BD2 D0=36033800 D1=00000E00 D2=00000006 D3=00000000 D4=0000FFFF D5=000000FF D6=00000004 D7=420A0000 XnzVC
00:05A4  00 40  ORI.W   #$4000,D0                A0=00006B1C A1=00C00000 A2=000073CB A3=00FF2CFE A4=00000100 A5=FFFF80C8 A6=00FF0BF0 A7=00FF0BD2 D0=36030E00 D1=00000E00 D2=00000006 D3=00000000 D4=0000FFFF D5=000000FF D6=00000004 D7=420A0000 xnzvc
00:05A8  48 40  SWAP.W  D0                       A0=00006B1C A1=00C00000 A2=000073CB A3=00FF2CFE A4=00000100 A5=FFFF80C8 A6=00FF0BF0 A7=00FF0BD2 D0=36034E00 D1=00000E00 D2=00000006 D3=00000000 D4=0000FFFF D5=000000FF D6=00000004 D7=420A0000 xnzvc
00:05AA  02 40  ANDI.W  #$0003,D0                A0=00006B1C A1=00C00000 A2=000073CB A3=00FF2CFE A4=00000100 A5=FFFF80C8 A6=00FF0BF0 A7=00FF0BD2 D0=4E003603 D1=00000E00 D2=00000006 D3=00000000 D4=0000FFFF D5=000000FF D6=00000004 D7=420A0000 xnzvc
00:05AE  23 C0  MOVE.L  D0,($00C00004)           A0=00006B1C A1=00C00000 A2=000073CB A3=00FF2CFE A4=00000100 A5=FFFF80C8 A6=00FF0BF0 A7=00FF0BD2 D0=4E000003 D1=00000E00 D2=00000006 D3=00000000 D4=0000FFFF D5=000000FF D6=00000004 D7=420A0000 xnzvc
00:05B4  4E 75  RTS                              A0=00006B1C A1=00C00000 A2=000073CB A3=00FF2CFE A4=00000100 A5=FFFF80C8 A6=00FF0BF0 A7=00FF0BD2 D0=4E000003 D1=00000E00 D2=00000006 D3=00000000 D4=0000FFFF D5=000000FF D6=00000004 D7=420A0000 xnzvc
00:6B5C  43 F9  LEA     ($00C00000),A1           A0=00006B1C A1=00C00000 A2=000073CB A3=00FF2CFE A4=00000100 A5=FFFF80C8 A6=00FF0BF0 A7=00FF0BD6 D0=4E000003 D1=00000E00 D2=00000006 D3=00000000 D4=0000FFFF D5=000000FF D6=00000004 D7=420A0000 xnzvc
00:6B62  4E 75  RTS                              A0=00006B1C A1=00C00000 A2=000073CB A3=00FF2CFE A4=00000100 A5=FFFF80C8 A6=00FF0BF0 A7=00FF0BD6 D0=4E000003 D1=00000E00 D2=00000006 D3=00000000 D4=0000FFFF D5=000000FF D6=00000004 D7=420A0000 xnzvc
00:6B2C  48 47  SWAP.W  D7                       A0=00006B1C A1=00C00000 A2=000073CB A3=00FF2CFE A4=00000100 A5=FFFF80C8 A6=00FF0BF0 A7=00FF0BDA D0=4E000003 D1=00000E00 D2=00000006 D3=0000FFFF D4=0000FFFF D5=000000FF D6=00000004 D7=420A0000 XNzvC
00:6B2E  4E 75  RTS                              A0=00006B1C A1=00C00000 A2=000073CB A3=00FF2CFE A4=00000100 A5=FFFF80C8 A6=00FF0BF0 A7=00FF0BDA D0=4E000003 D1=00000E00 D2=00000006 D3=0000FFFF D4=0000FFFF D5=000000FF D6=00000004 D7=0000420A Xnzvc
00:6A5A  4E 5E  ULNK    A6                       A0=00006A5A A1=00C00000 A2=000073CC A3=00FF2CFE A4=00000100 A5=FFFF80C8 A6=00FF0BF0 A7=00FF0BDA D0=00000000 D1=00000E00 D2=00000006 D3=0000FFFF D4=0000FFFF D5=000000FF D6=00000004 D7=00004200 xnZvc
00:6A5C  4E 75  RTS                              A0=00006A5A A1=00C00000 A2=000073CC A3=00FF2CFE A4=00000100 A5=FFFF80C8 A6=00000000 A7=00FF0BF4 D0=00000000 D1=00000E00 D2=00000006 D3=0000FFFF D4=0000FFFF D5=000000FF D6=00000004 D7=00004200 xnZvc
00:70F4  45 FA  LEA     $02D6(PC),A2             A0=00006A5A A1=00C00000 A2=000073CC A3=00FF2CFE A4=00000100 A5=FFFF80C8 A6=00000000 A7=00FF0BF8 D0=00000000 D1=00000E00 D2=00000006 D3=0000FFFF D4=0000FFFF D5=000000FF D6=00000004 D7=00004200 xnZvc
00:70F8  11 FC  MOVE.B  #$03,($8C76)             A0=00006A5A A1=00C00000 A2=000073CC A3=00FF2CFE A4=00000100 A5=FFFF80C8 A6=00000000 A7=00FF0BF8 D0=00000000 D1=00000E00 D2=00000006 D3=0000FFFF D4=0000FFFF D5=000000FF D6=00000004 D7=00004200 xnZvc


00:70FE  61 00  BSR     #$F8AE [00:69AE]         A0=00006A5A A1=00C00000 A2=000073CC A3=00FF2CFE A4=00000100 A5=FFFF80C8 A6=00000000 A7=00FF0BF8 D0=00000000 D1=00000E00 D2=00000006 D3=0000FFFF D4=0000FFFF D5=000000FF D6=00000004 D7=00004200 xnzvc
00:69AE  4E 56  LINK    A6,#$FFEE                A0=00006A5A A1=00C00000 A2=000073CC A3=00FF2CFE A4=00000100 A5=FFFF80C8 A6=00000000 A7=00FF0BF4 D0=00000000 D1=00000E00 D2=00000006 D3=0000FFFF D4=0000FFFF D5=000000FF D6=00000004 D7=00004200 xnzvc
00:69B2  61 00  BSR     #$003E [00:69F2]         A0=00006A5A A1=00C00000 A2=000073CC A3=00FF2CFE A4=00000100 A5=FFFF80C8 A6=00FF0BF0 A7=00FF0BDE D0=00000000 D1=00000E00 D2=00000006 D3=0000FFFF D4=0000FFFF D5=000000FF D6=00000004 D7=00004200 xnzvc
00:69F2  70 00  MOVEQ   #$00,D0                  A0=00006A5A A1=00C00000 A2=000073CC A3=00FF2CFE A4=00000100 A5=FFFF80C8 A6=00FF0BF0 A7=00FF0BDA D0=00000000 D1=00000E00 D2=00000006 D3=0000FFFF D4=0000FFFF D5=000000FF D6=00000004 D7=00004200 xnzvc
00:69F4  3D 40  MOVE.W  D0,$FFF0(A6)             A0=00006A5A A1=00C00000 A2=000073CC A3=00FF2CFE A4=00000100 A5=FFFF80C8 A6=00FF0BF0 A7=00FF0BDA D0=00000000 D1=00000E00 D2=00000006 D3=0000FFFF D4=0000FFFF D5=000000FF D6=00000004 D7=00004200 xnZvc
00:69F8  3D 40  MOVE.W  D0,$FFEE(A6)             A0=00006A5A A1=00C00000 A2=000073CC A3=00FF2CFE A4=00000100 A5=FFFF80C8 A6=00FF0BF0 A7=00FF0BDA D0=00000000 D1=00000E00 D2=00000006 D3=0000FFFF D4=0000FFFF D5=000000FF D6=00000004 D7=00004200 xnZvc
00:69FC  4A 38  TST.B   ($8C76)                  A0=00006A5A A1=00C00000 A2=000073CC A3=00FF2CFE A4=00000100 A5=FFFF80C8 A6=00FF0BF0 A7=00FF0BDA D0=00000000 D1=00000E00 D2=00000006 D3=0000FFFF D4=0000FFFF D5=000000FF D6=00000004 D7=00004200 xnZvc
00:6A00  6A 08  BPL     #$08 [00:6A0A]           A0=00006A5A A1=00C00000 A2=000073CC A3=00FF2CFE A4=00000100 A5=FFFF80C8 A6=00FF0BF0 A7=00FF0BDA D0=00000000 D1=00000E00 D2=00000006 D3=0000FFFF D4=0000FFFF D5=000000FF D6=00000004 D7=00004200 xnzvc
00:6A0A  30 38  MOVE.W  ($8A62),D0               A0=00006A5A A1=00C00000 A2=000073CC A3=00FF2CFE A4=00000100 A5=FFFF80C8 A6=00FF0BF0 A7=00FF0BDA D0=00000000 D1=00000E00 D2=00000006 D3=0000FFFF D4=0000FFFF D5=000000FF D6=00000004 D7=00004200 xnzvc
00:6A0E  32 39  MOVE.W  ($00FF2400),D1           A0=00006A5A A1=00C00000 A2=000073CC A3=00FF2CFE A4=00000100 A5=FFFF80C8 A6=00FF0BF0 A7=00FF0BDA D0=0000C000 D1=00000E00 D2=00000006 D3=0000FFFF D4=0000FFFF D5=000000FF D6=00000004 D7=00004200 xNzvc
00:6A14  34 39  MOVE.W  ($FFFF8A8C),D2           A0=00006A5A A1=00C00000 A2=000073CC A3=00FF2CFE A4=00000100 A5=FFFF80C8 A6=00FF0BF0 A7=00FF0BDA D0=0000C000 D1=00000000 D2=00000006 D3=0000FFFF D4=0000FFFF D5=000000FF D6=00000004 D7=00004200 xnZvc
00:6A1A  08 38  BTST    #0,($8C76)               A0=00006A5A A1=00C00000 A2=000073CC A3=00FF2CFE A4=00000100 A5=FFFF80C8 A6=00FF0BF0 A7=00FF0BDA D0=0000C000 D1=00000000 D2=00000000 D3=0000FFFF D4=0000FFFF D5=000000FF D6=00000004 D7=00004200 xnZvc
00:6A20  67 10  BEQ     #$10 [00:6A32]           A0=00006A5A A1=00C00000 A2=000073CC A3=00FF2CFE A4=00000100 A5=FFFF80C8 A6=00FF0BF0 A7=00FF0BDA D0=0000C000 D1=00000000 D2=00000000 D3=0000FFFF D4=0000FFFF D5=000000FF D6=00000004 D7=00004200 xnzvc
00:6A22  30 38  MOVE.W  ($8A64),D0               A0=00006A5A A1=00C00000 A2=000073CC A3=00FF2CFE A4=00000100 A5=FFFF80C8 A6=00FF0BF0 A7=00FF0BDA D0=0000C000 D1=00000000 D2=00000000 D3=0000FFFF D4=0000FFFF D5=000000FF D6=00000004 D7=00004200 xnzvc
00:6A26  32 39  MOVE.W  ($00FF2600),D1           A0=00006A5A A1=00C00000 A2=000073CC A3=00FF2CFE A4=00000100 A5=FFFF80C8 A6=00FF0BF0 A7=00FF0BDA D0=0000E000 D1=00000000 D2=00000000 D3=0000FFFF D4=0000FFFF D5=000000FF D6=00000004 D7=00004200 xNzvc
00:6A2C  34 39  MOVE.W  ($FFFF8AB4),D2           A0=00006A5A A1=00C00000 A2=000073CC A3=00FF2CFE A4=00000100 A5=FFFF80C8 A6=00FF0BF0 A7=00FF0BDA D0=0000E000 D1=00000000 D2=00000000 D3=0000FFFF D4=0000FFFF D5=000000FF D6=00000004 D7=00004200 xnZvc
00:6A32  3D 40  MOVE.W  D0,$FFF2(A6)             A0=00006A5A A1=00C00000 A2=000073CC A3=00FF2CFE A4=00000100 A5=FFFF80C8 A6=00FF0BF0 A7=00FF0BDA D0=0000E000 D1=00000000 D2=00000000 D3=0000FFFF D4=0000FFFF D5=000000FF D6=00000004 D7=00004200 xnZvc
00:6A36  08 38  BTST    #1,($8C76)               A0=00006A5A A1=00C00000 A2=000073CC A3=00FF2CFE A4=00000100 A5=FFFF80C8 A6=00FF0BF0 A7=00FF0BDA D0=0000E000 D1=00000000 D2=00000000 D3=0000FFFF D4=0000FFFF D5=000000FF D6=00000004 D7=00004200 xNzvc
00:6A3C  67 1A  BEQ     #$1A [00:6A58]           A0=00006A5A A1=00C00000 A2=000073CC A3=00FF2CFE A4=00000100 A5=FFFF80C8 A6=00FF0BF0 A7=00FF0BDA D0=0000E000 D1=00000000 D2=00000000 D3=0000FFFF D4=0000FFFF D5=000000FF D6=00000004 D7=00004200 xNzvc
00:6A3E  44 41  NEG.W   D1                       A0=00006A5A A1=00C00000 A2=000073CC A3=00FF2CFE A4=00000100 A5=FFFF80C8 A6=00FF0BF0 A7=00FF0BDA D0=0000E000 D1=00000000 D2=00000000 D3=0000FFFF D4=0000FFFF D5=000000FF D6=00000004 D7=00004200 xNzvc
00:6A40  58 41  ADDQ.W  #4,D1                    A0=00006A5A A1=00C00000 A2=000073CC A3=00FF2CFE A4=00000100 A5=FFFF80C8 A6=00FF0BF0 A7=00FF0BDA D0=0000E000 D1=00000000 D2=00000000 D3=0000FFFF D4=0000FFFF D5=000000FF D6=00000004 D7=00004200 xnZvc
00:6A42  C2 78  AND.W   ($8A88),D1               A0=00006A5A A1=00C00000 A2=000073CC A3=00FF2CFE A4=00000100 A5=FFFF80C8 A6=00FF0BF0 A7=00FF0BDA D0=0000E000 D1=00000004 D2=00000000 D3=0000FFFF D4=0000FFFF D5=000000FF D6=00000004 D7=00004200 xnzvc
00:6A46  E6 49  LSR.W   #3,D1                    A0=00006A5A A1=00C00000 A2=000073CC A3=00FF2CFE A4=00000100 A5=FFFF80C8 A6=00FF0BF0 A7=00FF0BDA D0=0000E000 D1=00000004 D2=00000000 D3=0000FFFF D4=0000FFFF D5=000000FF D6=00000004 D7=00004200 xnzvc
00:6A48  58 42  ADDQ.W  #4,D2                    A0=00006A5A A1=00C00000 A2=000073CC A3=00FF2CFE A4=00000100 A5=FFFF80C8 A6=00FF0BF0 A7=00FF0BDA D0=0000E000 D1=00000000 D2=00000000 D3=0000FFFF D4=0000FFFF D5=000000FF D6=00000004 D7=00004200 XnZvC
00:6A4A  C4 78  AND.W   ($8A86),D2               A0=00006A5A A1=00C00000 A2=000073CC A3=00FF2CFE A4=00000100 A5=FFFF80C8 A6=00FF0BF0 A7=00FF0BDA D0=0000E000 D1=00000000 D2=00000004 D3=0000FFFF D4=0000FFFF D5=000000FF D6=00000004 D7=00004200 xnzvc
00:6A4E  E6 4A  LSR.W   #3,D2                    A0=00006A5A A1=00C00000 A2=000073CC A3=00FF2CFE A4=00000100 A5=FFFF80C8 A6=00FF0BF0 A7=00FF0BDA D0=0000E000 D1=00000000 D2=00000004 D3=0000FFFF D4=0000FFFF D5=000000FF D6=00000004 D7=00004200 xnzvc
00:6A50  3D 41  MOVE.W  D1,$FFF0(A6)             A0=00006A5A A1=00C00000 A2=000073CC A3=00FF2CFE A4=00000100 A5=FFFF80C8 A6=00FF0BF0 A7=00FF0BDA D0=0000E000 D1=00000000 D2=00000000 D3=0000FFFF D4=0000FFFF D5=000000FF D6=00000004 D7=00004200 XnZvC
00:6A54  3D 42  MOVE.W  D2,$FFEE(A6)             A0=00006A5A A1=00C00000 A2=000073CC A3=00FF2CFE A4=00000100 A5=FFFF80C8 A6=00FF0BF0 A7=00FF0BDA D0=0000E000 D1=00000000 D2=00000000 D3=0000FFFF D4=0000FFFF D5=000000FF D6=00000004 D7=00004200 XnZvc
00:6A58  4E 75  RTS                              A0=00006A5A A1=00C00000 A2=000073CC A3=00FF2CFE A4=00000100 A5=FFFF80C8 A6=00FF0BF0 A7=00FF0BDA D0=0000E000 D1=00000000 D2=00000000 D3=0000FFFF D4=0000FFFF D5=000000FF D6=00000004 D7=00004200 XnZvc
00:69B6  7E 00  MOVEQ   #$00,D7                  A0=00006A5A A1=00C00000 A2=000073CC A3=00FF2CFE A4=00000100 A5=FFFF80C8 A6=00FF0BF0 A7=00FF0BDE D0=0000E000 D1=00000000 D2=00000000 D3=0000FFFF D4=0000FFFF D5=000000FF D6=00000004 D7=00004200 XnZvc
00:6A5E  70 00  MOVEQ   #$00,D0                  A0=00006A5E A1=00C00000 A2=000073CD A3=00FF2CFE A4=00000100 A5=FFFF80C8 A6=00FF0BF0 A7=00FF0BDA D0=00000002 D1=00000000 D2=00000000 D3=0000FFFF D4=0000FFFF D5=000000FF D6=00000004 D7=00000001 xnzvc
00:6A60  10 1A  MOVE.B  (A2)+,D0                 A0=00006A5E A1=00C00000 A2=000073CD A3=00FF2CFE A4=00000100 A5=FFFF80C8 A6=00FF0BF0 A7=00FF0BDA D0=00000000 D1=00000000 D2=00000000 D3=0000FFFF D4=0000FFFF D5=000000FF D6=00000004 D7=00000001 xnZvc
00:6A62  D0 6E  ADD.W   $FFF0(A6),D0             A0=00006A5E A1=00C00000 A2=000073CE A3=00FF2CFE A4=00000100 A5=FFFF80C8 A6=00FF0BF0 A7=00FF0BDA D0=00000000 D1=00000000 D2=00000000 D3=0000FFFF D4=0000FFFF D5=000000FF D6=00000004 D7=00000001 xnZvc
00:6A66  32 38  MOVE.W  ($8A70),D1               A0=00006A5E A1=00C00000 A2=000073CE A3=00FF2CFE A4=00000100 A5=FFFF80C8 A6=00FF0BF0 A7=00FF0BDA D0=00000000 D1=00000000 D2=00000000 D3=0000FFFF D4=0000FFFF D5=000000FF D6=00000004 D7=00000001 xnZvc
00:6A6A  53 41  SUBQ.W  #1,D1                    A0=00006A5E A1=00C00000 A2=000073CE A3=00FF2CFE A4=00000100 A5=FFFF80C8 A6=00FF0BF0 A7=00FF0BDA D0=00000000 D1=00000040 D2=00000000 D3=0000FFFF D4=0000FFFF D5=000000FF D6=00000004 D7=00000001 xnzvc
00:6A6C  C0 41  AND.W   D1,D0                    A0=00006A5E A1=00C00000 A2=000073CE A3=00FF2CFE A4=00000100 A5=FFFF80C8 A6=00FF0BF0 A7=00FF0BDA D0=00000000 D1=0000003F D2=00000000 D3=0000FFFF D4=0000FFFF D5=000000FF D6=00000004 D7=00000001 xnzvc
00:6A6E  3D 40  MOVE.W  D0,$FFFA(A6)             A0=00006A5E A1=00C00000 A2=000073CE A3=00FF2CFE A4=00000100 A5=FFFF80C8 A6=00FF0BF0 A7=00FF0BDA D0=00000000 D1=0000003F D2=00000000 D3=0000FFFF D4=0000FFFF D5=000000FF D6=00000004 D7=00000001 xnZvc
00:6A72  3D 40  MOVE.W  D0,$FFFE(A6)             A0=00006A5E A1=00C00000 A2=000073CE A3=00FF2CFE A4=00000100 A5=FFFF80C8 A6=00FF0BF0 A7=00FF0BDA D0=00000000 D1=0000003F D2=00000000 D3=0000FFFF D4=0000FFFF D5=000000FF D6=00000004 D7=00000001 xnZvc
00:6A76  72 00  MOVEQ   #$00,D1                  A0=00006A5E A1=00C00000 A2=000073CE A3=00FF2CFE A4=00000100 A5=FFFF80C8 A6=00FF0BF0 A7=00FF0BDA D0=00000000 D1=0000003F D2=00000000 D3=0000FFFF D4=0000FFFF D5=000000FF D6=00000004 D7=00000001 xnZvc
00:6A78  12 1A  MOVE.B  (A2)+,D1                 A0=00006A5E A1=00C00000 A2=000073CE A3=00FF2CFE A4=00000100 A5=FFFF80C8 A6=00FF0BF0 A7=00FF0BDA D0=00000000 D1=00000000 D2=00000000 D3=0000FFFF D4=0000FFFF D5=000000FF D6=00000004 D7=00000001 xnZvc
00:6A7A  D2 6E  ADD.W   $FFEE(A6),D1             A0=00006A5E A1=00C00000 A2=000073CF A3=00FF2CFE A4=00000100 A5=FFFF80C8 A6=00FF0BF0 A7=00FF0BDA D0=00000000 D1=00000000 D2=00000000 D3=0000FFFF D4=0000FFFF D5=000000FF D6=00000004 D7=00000001 xnZvc
00:6A7E  34 38  MOVE.W  ($8A72),D2               A0=00006A5E A1=00C00000 A2=000073CF A3=00FF2CFE A4=00000100 A5=FFFF80C8 A6=00FF0BF0 A7=00FF0BDA D0=00000000 D1=00000000 D2=00000000 D3=0000FFFF D4=0000FFFF D5=000000FF D6=00000004 D7=00000001 xnZvc
00:6A82  53 42  SUBQ.W  #1,D2                    A0=00006A5E A1=00C00000 A2=000073CF A3=00FF2CFE A4=00000100 A5=FFFF80C8 A6=00FF0BF0 A7=00FF0BDA D0=00000000 D1=00000000 D2=00000020 D3=0000FFFF D4=0000FFFF D5=000000FF D6=00000004 D7=00000001 xnzvc
00:6A84  C2 42  AND.W   D2,D1                    A0=00006A5E A1=00C00000 A2=000073CF A3=00FF2CFE A4=00000100 A5=FFFF80C8 A6=00FF0BF0 A7=00FF0BDA D0=00000000 D1=00000000 D2=0000001F D3=0000FFFF D4=0000FFFF D5=000000FF D6=00000004 D7=00000001 xnzvc
00:6A86  3D 41  MOVE.W  D1,$FFF8(A6)             A0=00006A5E A1=00C00000 A2=000073CF A3=00FF2CFE A4=00000100 A5=FFFF80C8 A6=00FF0BF0 A7=00FF0BDA D0=00000000 D1=00000000 D2=0000001F D3=0000FFFF D4=0000FFFF D5=000000FF D6=00000004 D7=00000001 xnZvc
00:6A8A  3D 41  MOVE.W  D1,$FFFC(A6)             A0=00006A5E A1=00C00000 A2=000073CF A3=00FF2CFE A4=00000100 A5=FFFF80C8 A6=00FF0BF0 A7=00FF0BDA D0=00000000 D1=00000000 D2=0000001F D3=0000FFFF D4=0000FFFF D5=000000FF D6=00000004 D7=00000001 xnZvc
00:6A8E  61 0C  BSR     #$0C [00:6A9C]           A0=00006A5E A1=00C00000 A2=000073CF A3=00FF2CFE A4=00000100 A5=FFFF80C8 A6=00FF0BF0 A7=00FF0BDA D0=00000000 D1=00000000 D2=0000001F D3=0000FFFF D4=0000FFFF D5=000000FF D6=00000004 D7=00000001 xnZvc
00:6A9C  4E B8  JSR     ($05CA)                  A0=00006A5E A1=00C00000 A2=000073CF A3=00FF2CFE A4=00000100 A5=FFFF80C8 A6=00FF0BF0 A7=00FF0BD6 D0=00000000 D1=00000000 D2=0000001F D3=0000FFFF D4=0000FFFF D5=000000FF D6=00000004 D7=00000001 xnZvc
00:05CA  D0 40  ADD.W   D0,D0                    A0=00006A5E A1=00C00000 A2=000073CF A3=00FF2CFE A4=00000100 A5=FFFF80C8 A6=00FF0BF0 A7=00FF0BD2 D0=00000000 D1=00000000 D2=0000001F D3=0000FFFF D4=0000FFFF D5=000000FF D6=00000004 D7=00000001 xnZvc
00:05CC  D2 41  ADD.W   D1,D1                    A0=00006A5E A1=00C00000 A2=000073CF A3=00FF2CFE A4=00000100 A5=FFFF80C8 A6=00FF0BF0 A7=00FF0BD2 D0=00000000 D1=00000000 D2=0000001F D3=0000FFFF D4=0000FFFF D5=000000FF D6=00000004 D7=00000001 xnZvc
00:05CE  14 38  MOVE.B  ($8A8A),D2               A0=00006A5E A1=00C00000 A2=000073CF A3=00FF2CFE A4=00000100 A5=FFFF80C8 A6=00FF0BF0 A7=00FF0BD2 D0=00000000 D1=00000000 D2=0000001F D3=0000FFFF D4=0000FFFF D5=000000FF D6=00000004 D7=00000001 xnZvc
00:05D2  E5 61  ASL.W   D2,D1                    A0=00006A5E A1=00C00000 A2=000073CF A3=00FF2CFE A4=00000100 A5=FFFF80C8 A6=00FF0BF0 A7=00FF0BD2 D0=00000000 D1=00000000 D2=00000006 D3=0000FFFF D4=0000FFFF D5=000000FF D6=00000004 D7=00000001 xnzvc
00:05D4  D0 41  ADD.W   D1,D0                    A0=00006A5E A1=00C00000 A2=000073CF A3=00FF2CFE A4=00000100 A5=FFFF80C8 A6=00FF0BF0 A7=00FF0BD2 D0=00000000 D1=00000000 D2=00000006 D3=0000FFFF D4=0000FFFF D5=000000FF D6=00000004 D7=00000001 xnZvc
00:05D6  4E 75  RTS                              A0=00006A5E A1=00C00000 A2=000073CF A3=00FF2CFE A4=00000100 A5=FFFF80C8 A6=00FF0BF0 A7=00FF0BD2 D0=00000000 D1=00000000 D2=00000006 D3=0000FFFF D4=0000FFFF D5=000000FF D6=00000004 D7=00000001 xnZvc
00:6AA0  D0 6E  ADD.W   $FFF2(A6),D0             A0=00006A5E A1=00C00000 A2=000073CF A3=00FF2CFE A4=00000100 A5=FFFF80C8 A6=00FF0BF0 A7=00FF0BD6 D0=00000000 D1=00000000 D2=00000006 D3=0000FFFF D4=0000FFFF D5=000000FF D6=00000004 D7=00000001 xnZvc
00:6AA4  4E 75  RTS                              A0=00006A5E A1=00C00000 A2=000073CF A3=00FF2CFE A4=00000100 A5=FFFF80C8 A6=00FF0BF0 A7=00FF0BD6 D0=0000E000 D1=00000000 D2=00000006 D3=0000FFFF D4=0000FFFF D5=000000FF D6=00000004 D7=00000001 xNzvc
00:6A90  4E B8  JSR     ($05A0)                  A0=00006A5E A1=00C00000 A2=000073CF A3=00FF2CFE A4=00000100 A5=FFFF80C8 A6=00FF0BF0 A7=00FF0BDA D0=0000E000 D1=00000000 D2=00000006 D3=0000FFFF D4=0000FFFF D5=000000FF D6=00000004 D7=00000001 xNzvc
00:05A0  E5 80  ASL.L   #2,D0                    A0=00006A5E A1=00C00000 A2=000073CF A3=00FF2CFE A4=00000100 A5=FFFF80C8 A6=00FF0BF0 A7=00FF0BD6 D0=0000E000 D1=00000000 D2=00000006 D3=0000FFFF D4=0000FFFF D5=000000FF D6=00000004 D7=00000001 xNzvc
00:05A2  E4 48  LSR.W   #2,D0                    A0=00006A5E A1=00C00000 A2=000073CF A3=00FF2CFE A4=00000100 A5=FFFF80C8 A6=00FF0BF0 A7=00FF0BD6 D0=00038000 D1=00000000 D2=00000006 D3=0000FFFF D4=0000FFFF D5=000000FF D6=00000004 D7=00000001 xnzvc
00:05A4  00 40  ORI.W   #$4000,D0                A0=00006A5E A1=00C00000 A2=000073CF A3=00FF2CFE A4=00000100 A5=FFFF80C8 A6=00FF0BF0 A7=00FF0BD6 D0=00032000 D1=00000000 D2=00000006 D3=0000FFFF D4=0000FFFF D5=000000FF D6=00000004 D7=00000001 xnzvc
00:05A8  48 40  SWAP.W  D0                       A0=00006A5E A1=00C00000 A2=000073CF A3=00FF2CFE A4=00000100 A5=FFFF80C8 A6=00FF0BF0 A7=00FF0BD6 D0=00036000 D1=00000000 D2=00000006 D3=0000FFFF D4=0000FFFF D5=000000FF D6=00000004 D7=00000001 xnzvc
00:05AA  02 40  ANDI.W  #$0003,D0                A0=00006A5E A1=00C00000 A2=000073CF A3=00FF2CFE A4=00000100 A5=FFFF80C8 A6=00FF0BF0 A7=00FF0BD6 D0=60000003 D1=00000000 D2=00000006 D3=0000FFFF D4=0000FFFF D5=000000FF D6=00000004 D7=00000001 xnzvc
00:05AE  23 C0  MOVE.L  D0,($00C00004)           A0=00006A5E A1=00C00000 A2=000073CF A3=00FF2CFE A4=00000100 A5=FFFF80C8 A6=00FF0BF0 A7=00FF0BD6 D0=60000003 D1=00000000 D2=00000006 D3=0000FFFF D4=0000FFFF D5=000000FF D6=00000004 D7=00000001 xnzvc
00:05B4  4E 75  RTS                              A0=00006A5E A1=00C00000 A2=000073CF A3=00FF2CFE A4=00000100 A5=FFFF80C8 A6=00FF0BF0 A7=00FF0BD6 D0=60000003 D1=00000000 D2=00000006 D3=0000FFFF D4=0000FFFF D5=000000FF D6=00000004 D7=00000001 xnzvc
00:6A94  43 F9  LEA     ($00C00000),A1           A0=00006A5E A1=00C00000 A2=000073CF A3=00FF2CFE A4=00000100 A5=FFFF80C8 A6=00FF0BF0 A7=00FF0BDA D0=60000003 D1=00000000 D2=00000006 D3=0000FFFF D4=0000FFFF D5=000000FF D6=00000004 D7=00000001 xnzvc
00:6A9A  4E 75  RTS                              A0=00006A5E A1=00C00000 A2=000073CF A3=00FF2CFE A4=00000100 A5=FFFF80C8 A6=00FF0BF0 A7=00FF0BDA D0=60000003 D1=00000000 D2=00000006 D3=0000FFFF D4=0000FFFF D5=000000FF D6=00000004 D7=00000001 xnzvc
00:6B10  10 1A  MOVE.B  (A2)+,D0                 A0=00006B10 A1=00C00000 A2=000073D0 A3=00FF2CFE A4=00000100 A5=FFFF80C8 A6=00FF0BF0 A7=00FF0BDA D0=00000012 D1=00000000 D2=00000006 D3=0000FFFF D4=0000FFFF D5=000000FF D6=00000004 D7=00000009 xnzvc
00:6B12  1D 40  MOVE.B  D0,$FFF6(A6)             A0=00006B10 A1=00C00000 A2=000073D1 A3=00FF2CFE A4=00000100 A5=FFFF80C8 A6=00FF0BF0 A7=00FF0BDA D0=0000001F D1=00000000 D2=00000006 D3=0000FFFF D4=0000FFFF D5=000000FF D6=00000004 D7=00000009 xnzvc
00:6B16  1D 40  MOVE.B  D0,$FFF4(A6)             A0=00006B10 A1=00C00000 A2=000073D1 A3=00FF2CFE A4=00000100 A5=FFFF80C8 A6=00FF0BF0 A7=00FF0BDA D0=0000001F D1=00000000 D2=00000006 D3=0000FFFF D4=0000FFFF D5=000000FF D6=00000004 D7=00000009 xnzvc
00:6B1A  4E 75  RTS                              A0=00006B10 A1=00C00000 A2=000073D1 A3=00FF2CFE A4=00000100 A5=FFFF80C8 A6=00FF0BF0 A7=00FF0BDA D0=0000001F D1=00000000 D2=00000006 D3=0000FFFF D4=0000FFFF D5=000000FF D6=00000004 D7=00000009 xnzvc
00:6B1C  76 00  MOVEQ   #$00,D3                  A0=00006B1C A1=00C00000 A2=000073D2 A3=00FF2CFE A4=00000100 A5=FFFF80C8 A6=00FF0BF0 A7=00FF0BDA D0=00000014 D1=00000000 D2=00000006 D3=0000FFFF D4=0000FFFF D5=000000FF D6=00000004 D7=0000000A xnzvc
00:6B1E  16 1A  MOVE.B  (A2)+,D3                 A0=00006B1C A1=00C00000 A2=000073D2 A3=00FF2CFE A4=00000100 A5=FFFF80C8 A6=00FF0BF0 A7=00FF0BDA D0=00000014 D1=00000000 D2=00000006 D3=00000000 D4=0000FFFF D5=000000FF D6=00000004 D7=0000000A xnZvc
00:6B20  48 47  SWAP.W  D7                       A0=00006B1C A1=00C00000 A2=000073D3 A3=00FF2CFE A4=00000100 A5=FFFF80C8 A6=00FF0BF0 A7=00FF0BDA D0=00000014 D1=00000000 D2=00000006 D3=000000BF D4=0000FFFF D5=000000FF D6=00000004 D7=0000000A xNzvc
00:6B22  42 47  CLR.W   D7                       A0=00006B1C A1=00C00000 A2=000073D3 A3=00FF2CFE A4=00000100 A5=FFFF80C8 A6=00FF0BF0 A7=00FF0BDA D0=00000014 D1=00000000 D2=00000006 D3=000000BF D4=0000FFFF D5=000000FF D6=00000004 D7=000A0000 xnzvc
00:6B6C  1D 6E  MOVE.B  $FFF6(A6),$FFF4(A6)      A0=00006B1C A1=00C00000 A2=000073D3 A3=00FF2CFE A4=00000100 A5=FFFF80C8 A6=00FF0BF0 A7=00FF0BD6 D0=0000001F D1=00000000 D2=00000006 D3=000000A0 D4=0000FFFF D5=000000FF D6=00000004 D7=000A0000 XNzvC
00:6B72  60 C6  BRA     #$C6 [00:6B3A]           A0=00006B1C A1=00C00000 A2=000073D3 A3=00FF2CFE A4=00000100 A5=FFFF80C8 A6=00FF0BF0 A7=00FF0BD6 D0=0000001F D1=00000000 D2=00000006 D3=000000A0 D4=0000FFFF D5=000000FF D6=00000004 D7=000A0000 Xnzvc
00:6B3A  30 2E  MOVE.W  $FFFA(A6),D0             A0=00006B1C A1=00C00000 A2=000073D3 A3=00FF2CFE A4=00000100 A5=FFFF80C8 A6=00FF0BF0 A7=00FF0BD6 D0=0000001F D1=00000000 D2=00000006 D3=000000A0 D4=0000FFFF D5=000000FF D6=00000004 D7=000A0000 Xnzvc
00:6B3E  32 2E  MOVE.W  $FFFC(A6),D1             A0=00006B1C A1=00C00000 A2=000073D3 A3=00FF2CFE A4=00000100 A5=FFFF80C8 A6=00FF0BF0 A7=00FF0BD6 D0=00000000 D1=00000000 D2=00000006 D3=000000A0 D4=0000FFFF D5=000000FF D6=00000004 D7=000A0000 XnZvc
00:6B42  52 41  ADDQ.W  #1,D1                    A0=00006B1C A1=00C00000 A2=000073D3 A3=00FF2CFE A4=00000100 A5=FFFF80C8 A6=00FF0BF0 A7=00FF0BD6 D0=00000000 D1=00000000 D2=00000006 D3=000000A0 D4=0000FFFF D5=000000FF D6=00000004 D7=000A0000 XnZvc
00:6B44  B2 78  CMP.W   ($8A72),D1               A0=00006B1C A1=00C00000 A2=000073D3 A3=00FF2CFE A4=00000100 A5=FFFF80C8 A6=00FF0BF0 A7=00FF0BD6 D0=00000000 D1=00000001 D2=00000006 D3=000000A0 D4=0000FFFF D5=000000FF D6=00000004 D7=000A0000 xnzvc
00:6B48  65 02  BCS     #$02 [00:6B4C]           A0=00006B1C A1=00C00000 A2=000073D3 A3=00FF2CFE A4=00000100 A5=FFFF80C8 A6=00FF0BF0 A7=00FF0BD6 D0=00000000 D1=00000001 D2=00000006 D3=000000A0 D4=0000FFFF D5=000000FF D6=00000004 D7=000A0000 xNzvC
00:6B4C  3D 41  MOVE.W  D1,$FFFC(A6)             A0=00006B1C A1=00C00000 A2=000073D3 A3=00FF2CFE A4=00000100 A5=FFFF80C8 A6=00FF0BF0 A7=00FF0BD6 D0=00000000 D1=00000001 D2=00000006 D3=000000A0 D4=0000FFFF D5=000000FF D6=00000004 D7=000A0000 xNzvC
00:6B50  3D 40  MOVE.W  D0,$FFFE(A6)             A0=00006B1C A1=00C00000 A2=000073D3 A3=00FF2CFE A4=00000100 A5=FFFF80C8 A6=00FF0BF0 A7=00FF0BD6 D0=00000000 D1=00000001 D2=00000006 D3=000000A0 D4=0000FFFF D5=000000FF D6=00000004 D7=000A0000 xnzvc
00:6B54  61 00  BSR     #$FF46 [00:6A9C]         A0=00006B1C A1=00C00000 A2=000073D3 A3=00FF2CFE A4=00000100 A5=FFFF80C8 A6=00FF0BF0 A7=00FF0BD6 D0=00000000 D1=00000001 D2=00000006 D3=000000A0 D4=0000FFFF D5=000000FF D6=00000004 D7=000A0000 xnZvc
00:6A9C  4E B8  JSR     ($05CA)                  A0=00006B1C A1=00C00000 A2=000073D3 A3=00FF2CFE A4=00000100 A5=FFFF80C8 A6=00FF0BF0 A7=00FF0BD2 D0=00000000 D1=00000001 D2=00000006 D3=000000A0 D4=0000FFFF D5=000000FF D6=00000004 D7=000A0000 xnZvc
00:05CA  D0 40  ADD.W   D0,D0                    A0=00006B1C A1=00C00000 A2=000073D3 A3=00FF2CFE A4=00000100 A5=FFFF80C8 A6=00FF0BF0 A7=00FF0BCE D0=00000000 D1=00000001 D2=00000006 D3=000000A0 D4=0000FFFF D5=000000FF D6=00000004 D7=000A0000 xnZvc
00:05CC  D2 41  ADD.W   D1,D1                    A0=00006B1C A1=00C00000 A2=000073D3 A3=00FF2CFE A4=00000100 A5=FFFF80C8 A6=00FF0BF0 A7=00FF0BCE D0=00000000 D1=00000001 D2=00000006 D3=000000A0 D4=0000FFFF D5=000000FF D6=00000004 D7=000A0000 xnZvc
00:05CE  14 38  MOVE.B  ($8A8A),D2               A0=00006B1C A1=00C00000 A2=000073D3 A3=00FF2CFE A4=00000100 A5=FFFF80C8 A6=00FF0BF0 A7=00FF0BCE D0=00000000 D1=00000002 D2=00000006 D3=000000A0 D4=0000FFFF D5=000000FF D6=00000004 D7=000A0000 xnzvc
00:05D2  E5 61  ASL.W   D2,D1                    A0=00006B1C A1=00C00000 A2=000073D3 A3=00FF2CFE A4=00000100 A5=FFFF80C8 A6=00FF0BF0 A7=00FF0BCE D0=00000000 D1=00000002 D2=00000006 D3=000000A0 D4=0000FFFF D5=000000FF D6=00000004 D7=000A0000 xnzvc
00:05D4  D0 41  ADD.W   D1,D0                    A0=00006B1C A1=00C00000 A2=000073D3 A3=00FF2CFE A4=00000100 A5=FFFF80C8 A6=00FF0BF0 A7=00FF0BCE D0=00000000 D1=00000080 D2=00000006 D3=000000A0 D4=0000FFFF D5=000000FF D6=00000004 D7=000A0000 xnzvc
00:05D6  4E 75  RTS                              A0=00006B1C A1=00C00000 A2=000073D3 A3=00FF2CFE A4=00000100 A5=FFFF80C8 A6=00FF0BF0 A7=00FF0BCE D0=00000080 D1=00000080 D2=00000006 D3=000000A0 D4=0000FFFF D5=000000FF D6=00000004 D7=000A0000 xnzvc
00:6AA0  D0 6E  ADD.W   $FFF2(A6),D0             A0=00006B1C A1=00C00000 A2=000073D3 A3=00FF2CFE A4=00000100 A5=FFFF80C8 A6=00FF0BF0 A7=00FF0BD2 D0=00000080 D1=00000080 D2=00000006 D3=000000A0 D4=0000FFFF D5=000000FF D6=00000004 D7=000A0000 xnzvc
00:6AA4  4E 75  RTS                              A0=00006B1C A1=00C00000 A2=000073D3 A3=00FF2CFE A4=00000100 A5=FFFF80C8 A6=00FF0BF0 A7=00FF0BD2 D0=0000E080 D1=00000080 D2=00000006 D3=000000A0 D4=0000FFFF D5=000000FF D6=00000004 D7=000A0000 xNzvc
00:6B58  4E B8  JSR     ($05A0)                  A0=00006B1C A1=00C00000 A2=000073D3 A3=00FF2CFE A4=00000100 A5=FFFF80C8 A6=00FF0BF0 A7=00FF0BD6 D0=0000E080 D1=00000080 D2=00000006 D3=000000A0 D4=0000FFFF D5=000000FF D6=00000004 D7=000A0000 xNzvc
00:05A0  E5 80  ASL.L   #2,D0                    A0=00006B1C A1=00C00000 A2=000073D3 A3=00FF2CFE A4=00000100 A5=FFFF80C8 A6=00FF0BF0 A7=00FF0BD2 D0=0000E080 D1=00000080 D2=00000006 D3=000000A0 D4=0000FFFF D5=000000FF D6=00000004 D7=000A0000 xNzvc
00:05A2  E4 48  LSR.W   #2,D0                    A0=00006B1C A1=00C00000 A2=000073D3 A3=00FF2CFE A4=00000100 A5=FFFF80C8 A6=00FF0BF0 A7=00FF0BD2 D0=00038200 D1=00000080 D2=00000006 D3=000000A0 D4=0000FFFF D5=000000FF D6=00000004 D7=000A0000 xnzvc
00:05A4  00 40  ORI.W   #$4000,D0                A0=00006B1C A1=00C00000 A2=000073D3 A3=00FF2CFE A4=00000100 A5=FFFF80C8 A6=00FF0BF0 A7=00FF0BD2 D0=00032080 D1=00000080 D2=00000006 D3=000000A0 D4=0000FFFF D5=000000FF D6=00000004 D7=000A0000 xnzvc
00:05A8  48 40  SWAP.W  D0                       A0=00006B1C A1=00C00000 A2=000073D3 A3=00FF2CFE A4=00000100 A5=FFFF80C8 A6=00FF0BF0 A7=00FF0BD2 D0=00036080 D1=00000080 D2=00000006 D3=000000A0 D4=0000FFFF D5=000000FF D6=00000004 D7=000A0000 xnzvc
00:05AA  02 40  ANDI.W  #$0003,D0                A0=00006B1C A1=00C00000 A2=000073D3 A3=00FF2CFE A4=00000100 A5=FFFF80C8 A6=00FF0BF0 A7=00FF0BD2 D0=60800003 D1=00000080 D2=00000006 D3=000000A0 D4=0000FFFF D5=000000FF D6=00000004 D7=000A0000 xnzvc
00:05AE  23 C0  MOVE.L  D0,($00C00004)           A0=00006B1C A1=00C00000 A2=000073D3 A3=00FF2CFE A4=00000100 A5=FFFF80C8 A6=00FF0BF0 A7=00FF0BD2 D0=60800003 D1=00000080 D2=00000006 D3=000000A0 D4=0000FFFF D5=000000FF D6=00000004 D7=000A0000 xnzvc
00:05B4  4E 75  RTS                              A0=00006B1C A1=00C00000 A2=000073D3 A3=00FF2CFE A4=00000100 A5=FFFF80C8 A6=00FF0BF0 A7=00FF0BD2 D0=60800003 D1=00000080 D2=00000006 D3=000000A0 D4=0000FFFF D5=000000FF D6=00000004 D7=000A0000 xnzvc
00:6B5C  43 F9  LEA     ($00C00000),A1           A0=00006B1C A1=00C00000 A2=000073D3 A3=00FF2CFE A4=00000100 A5=FFFF80C8 A6=00FF0BF0 A7=00FF0BD6 D0=60800003 D1=00000080 D2=00000006 D3=000000A0 D4=0000FFFF D5=000000FF D6=00000004 D7=000A0000 xnzvc
00:6B62  4E 75  RTS                              A0=00006B1C A1=00C00000 A2=000073D3 A3=00FF2CFE A4=00000100 A5=FFFF80C8 A6=00FF0BF0 A7=00FF0BD6 D0=60800003 D1=00000080 D2=00000006 D3=000000A0 D4=0000FFFF D5=000000FF D6=00000004 D7=000A0000 xnzvc
00:6B6C  1D 6E  MOVE.B  $FFF6(A6),$FFF4(A6)      A0=00006B1C A1=00C00000 A2=000073D3 A3=00FF2CFE A4=00000100 A5=FFFF80C8 A6=00FF0BF0 A7=00FF0BD6 D0=6080001F D1=00000080 D2=00000006 D3=00000080 D4=0000FFFF D5=000000FF D6=00000004 D7=000A0000 XNzvC
00:6B72  60 C6  BRA     #$C6 [00:6B3A]           A0=00006B1C A1=00C00000 A2=000073D3 A3=00FF2CFE A4=00000100 A5=FFFF80C8 A6=00FF0BF0 A7=00FF0BD6 D0=6080001F D1=00000080 D2=00000006 D3=00000080 D4=0000FFFF D5=000000FF D6=00000004 D7=000A0000 Xnzvc
00:6B3A  30 2E  MOVE.W  $FFFA(A6),D0             A0=00006B1C A1=00C00000 A2=000073D3 A3=00FF2CFE A4=00000100 A5=FFFF80C8 A6=00FF0BF0 A7=00FF0BD6 D0=6080001F D1=00000080 D2=00000006 D3=00000080 D4=0000FFFF D5=000000FF D6=00000004 D7=000A0000 Xnzvc
00:6B3E  32 2E  MOVE.W  $FFFC(A6),D1             A0=00006B1C A1=00C00000 A2=000073D3 A3=00FF2CFE A4=00000100 A5=FFFF80C8 A6=00FF0BF0 A7=00FF0BD6 D0=60800000 D1=00000080 D2=00000006 D3=00000080 D4=0000FFFF D5=000000FF D6=00000004 D7=000A0000 XnZvc
00:6B42  52 41  ADDQ.W  #1,D1                    A0=00006B1C A1=00C00000 A2=000073D3 A3=00FF2CFE A4=00000100 A5=FFFF80C8 A6=00FF0BF0 A7=00FF0BD6 D0=60800000 D1=00000001 D2=00000006 D3=00000080 D4=0000FFFF D5=000000FF D6=00000004 D7=000A0000 Xnzvc
00:6B44  B2 78  CMP.W   ($8A72),D1               A0=00006B1C A1=00C00000 A2=000073D3 A3=00FF2CFE A4=00000100 A5=FFFF80C8 A6=00FF0BF0 A7=00FF0BD6 D0=60800000 D1=00000002 D2=00000006 D3=00000080 D4=0000FFFF D5=000000FF D6=00000004 D7=000A0000 xnzvc
00:6B48  65 02  BCS     #$02 [00:6B4C]           A0=00006B1C A1=00C00000 A2=000073D3 A3=00FF2CFE A4=00000100 A5=FFFF80C8 A6=00FF0BF0 A7=00FF0BD6 D0=60800000 D1=00000002 D2=00000006 D3=00000080 D4=0000FFFF D5=000000FF D6=00000004 D7=000A0000 xNzvC
00:6B4C  3D 41  MOVE.W  D1,$FFFC(A6)             A0=00006B1C A1=00C00000 A2=000073D3 A3=00FF2CFE A4=00000100 A5=FFFF80C8 A6=00FF0BF0 A7=00FF0BD6 D0=60800000 D1=00000002 D2=00000006 D3=00000080 D4=0000FFFF D5=000000FF D6=00000004 D7=000A0000 xNzvC
00:6B50  3D 40  MOVE.W  D0,$FFFE(A6)             A0=00006B1C A1=00C00000 A2=000073D3 A3=00FF2CFE A4=00000100 A5=FFFF80C8 A6=00FF0BF0 A7=00FF0BD6 D0=60800000 D1=00000002 D2=00000006 D3=00000080 D4=0000FFFF D5=000000FF D6=00000004 D7=000A0000 xnzvc
00:6B54  61 00  BSR     #$FF46 [00:6A9C]         A0=00006B1C A1=00C00000 A2=000073D3 A3=00FF2CFE A4=00000100 A5=FFFF80C8 A6=00FF0BF0 A7=00FF0BD6 D0=60800000 D1=00000002 D2=00000006 D3=00000080 D4=0000FFFF D5=000000FF D6=00000004 D7=000A0000 xnZvc
00:6A9C  4E B8  JSR     ($05CA)                  A0=00006B1C A1=00C00000 A2=000073D3 A3=00FF2CFE A4=00000100 A5=FFFF80C8 A6=00FF0BF0 A7=00FF0BD2 D0=60800000 D1=00000002 D2=00000006 D3=00000080 D4=0000FFFF D5=000000FF D6=00000004 D7=000A0000 xnZvc
00:05CA  D0 40  ADD.W   D0,D0                    A0=00006B1C A1=00C00000 A2=000073D3 A3=00FF2CFE A4=00000100 A5=FFFF80C8 A6=00FF0BF0 A7=00FF0BCE D0=60800000 D1=00000002 D2=00000006 D3=00000080 D4=0000FFFF D5=000000FF D6=00000004 D7=000A0000 xnZvc
00:05CC  D2 41  ADD.W   D1,D1                    A0=00006B1C A1=00C00000 A2=000073D3 A3=00FF2CFE A4=00000100 A5=FFFF80C8 A6=00FF0BF0 A7=00FF0BCE D0=60800000 D1=00000002 D2=00000006 D3=00000080 D4=0000FFFF D5=000000FF D6=00000004 D7=000A0000 xnZvc
00:05CE  14 38  MOVE.B  ($8A8A),D2               A0=00006B1C A1=00C00000 A2=000073D3 A3=00FF2CFE A4=00000100 A5=FFFF80C8 A6=00FF0BF0 A7=00FF0BCE D0=60800000 D1=00000004 D2=00000006 D3=00000080 D4=0000FFFF D5=000000FF D6=00000004 D7=000A0000 xnzvc
00:05D2  E5 61  ASL.W   D2,D1                    A0=00006B1C A1=00C00000 A2=000073D3 A3=00FF2CFE A4=00000100 A5=FFFF80C8 A6=00FF0BF0 A7=00FF0BCE D0=60800000 D1=00000004 D2=00000006 D3=00000080 D4=0000FFFF D5=000000FF D6=00000004 D7=000A0000 xnzvc
00:05D4  D0 41  ADD.W   D1,D0                    A0=00006B1C A1=00C00000 A2=000073D3 A3=00FF2CFE A4=00000100 A5=FFFF80C8 A6=00FF0BF0 A7=00FF0BCE D0=60800000 D1=00000100 D2=00000006 D3=00000080 D4=0000FFFF D5=000000FF D6=00000004 D7=000A0000 xnzvc
00:05D6  4E 75  RTS                              A0=00006B1C A1=00C00000 A2=000073D3 A3=00FF2CFE A4=00000100 A5=FFFF80C8 A6=00FF0BF0 A7=00FF0BCE D0=60800100 D1=00000100 D2=00000006 D3=00000080 D4=0000FFFF D5=000000FF D6=00000004 D7=000A0000 xnzvc
00:6AA0  D0 6E  ADD.W   $FFF2(A6),D0             A0=00006B1C A1=00C00000 A2=000073D3 A3=00FF2CFE A4=00000100 A5=FFFF80C8 A6=00FF0BF0 A7=00FF0BD2 D0=60800100 D1=00000100 D2=00000006 D3=00000080 D4=0000FFFF D5=000000FF D6=00000004 D7=000A0000 xnzvc
00:6AA4  4E 75  RTS                              A0=00006B1C A1=00C00000 A2=000073D3 A3=00FF2CFE A4=00000100 A5=FFFF80C8 A6=00FF0BF0 A7=00FF0BD2 D0=6080E100 D1=00000100 D2=00000006 D3=00000080 D4=0000FFFF D5=000000FF D6=00000004 D7=000A0000 xNzvc
00:6B58  4E B8  JSR     ($05A0)                  A0=00006B1C A1=00C00000 A2=000073D3 A3=00FF2CFE A4=00000100 A5=FFFF80C8 A6=00FF0BF0 A7=00FF0BD6 D0=6080E100 D1=00000100 D2=00000006 D3=00000080 D4=0000FFFF D5=000000FF D6=00000004 D7=000A0000 xNzvc
00:05A0  E5 80  ASL.L   #2,D0                    A0=00006B1C A1=00C00000 A2=000073D3 A3=00FF2CFE A4=00000100 A5=FFFF80C8 A6=00FF0BF0 A7=00FF0BD2 D0=6080E100 D1=00000100 D2=00000006 D3=00000080 D4=0000FFFF D5=000000FF D6=00000004 D7=000A0000 xNzvc
00:05A2  E4 48  LSR.W   #2,D0                    A0=00006B1C A1=00C00000 A2=000073D3 A3=00FF2CFE A4=00000100 A5=FFFF80C8 A6=00FF0BF0 A7=00FF0BD2 D0=82038400 D1=00000100 D2=00000006 D3=00000080 D4=0000FFFF D5=000000FF D6=00000004 D7=000A0000 XNzVC
00:05A4  00 40  ORI.W   #$4000,D0                A0=00006B1C A1=00C00000 A2=000073D3 A3=00FF2CFE A4=00000100 A5=FFFF80C8 A6=00FF0BF0 A7=00FF0BD2 D0=82032100 D1=00000100 D2=00000006 D3=00000080 D4=0000FFFF D5=000000FF D6=00000004 D7=000A0000 xnzvc
00:05A8  48 40  SWAP.W  D0                       A0=00006B1C A1=00C00000 A2=000073D3 A3=00FF2CFE A4=00000100 A5=FFFF80C8 A6=00FF0BF0 A7=00FF0BD2 D0=82036100 D1=00000100 D2=00000006 D3=00000080 D4=0000FFFF D5=000000FF D6=00000004 D7=000A0000 xnzvc
00:05AA  02 40  ANDI.W  #$0003,D0                A0=00006B1C A1=00C00000 A2=000073D3 A3=00FF2CFE A4=00000100 A5=FFFF80C8 A6=00FF0BF0 A7=00FF0BD2 D0=61008203 D1=00000100 D2=00000006 D3=00000080 D4=0000FFFF D5=000000FF D6=00000004 D7=000A0000 xnzvc
00:05AE  23 C0  MOVE.L  D0,($00C00004)           A0=00006B1C A1=00C00000 A2=000073D3 A3=00FF2CFE A4=00000100 A5=FFFF80C8 A6=00FF0BF0 A7=00FF0BD2 D0=61000003 D1=00000100 D2=00000006 D3=00000080 D4=0000FFFF D5=000000FF D6=00000004 D7=000A0000 xnzvc
00:05B4  4E 75  RTS                              A0=00006B1C A1=00C00000 A2=000073D3 A3=00FF2CFE A4=00000100 A5=FFFF80C8 A6=00FF0BF0 A7=00FF0BD2 D0=61000003 D1=00000100 D2=00000006 D3=00000080 D4=0000FFFF D5=000000FF D6=00000004 D7=000A0000 xnzvc
00:6B5C  43 F9  LEA     ($00C00000),A1           A0=00006B1C A1=00C00000 A2=000073D3 A3=00FF2CFE A4=00000100 A5=FFFF80C8 A6=00FF0BF0 A7=00FF0BD6 D0=61000003 D1=00000100 D2=00000006 D3=00000080 D4=0000FFFF D5=000000FF D6=00000004 D7=000A0000 xnzvc
00:6B62  4E 75  RTS                              A0=00006B1C A1=00C00000 A2=000073D3 A3=00FF2CFE A4=00000100 A5=FFFF80C8 A6=00FF0BF0 A7=00FF0BD6 D0=61000003 D1=00000100 D2=00000006 D3=00000080 D4=0000FFFF D5=000000FF D6=00000004 D7=000A0000 xnzvc
00:6B6C  1D 6E  MOVE.B  $FFF6(A6),$FFF4(A6)      A0=00006B1C A1=00C00000 A2=000073D3 A3=00FF2CFE A4=00000100 A5=FFFF80C8 A6=00FF0BF0 A7=00FF0BD6 D0=6100001F D1=00000100 D2=00000006 D3=00000060 D4=0000FFFF D5=000000FF D6=00000004 D7=000A0000 XNzvC
00:6B72  60 C6  BRA     #$C6 [00:6B3A]           A0=00006B1C A1=00C00000 A2=000073D3 A3=00FF2CFE A4=00000100 A5=FFFF80C8 A6=00FF0BF0 A7=00FF0BD6 D0=6100001F D1=00000100 D2=00000006 D3=00000060 D4=0000FFFF D5=000000FF D6=00000004 D7=000A0000 Xnzvc
00:6B3A  30 2E  MOVE.W  $FFFA(A6),D0             A0=00006B1C A1=00C00000 A2=000073D3 A3=00FF2CFE A4=00000100 A5=FFFF80C8 A6=00FF0BF0 A7=00FF0BD6 D0=6100001F D1=00000100 D2=00000006 D3=00000060 D4=0000FFFF D5=000000FF D6=00000004 D7=000A0000 Xnzvc
00:6B3E  32 2E  MOVE.W  $FFFC(A6),D1             A0=00006B1C A1=00C00000 A2=000073D3 A3=00FF2CFE A4=00000100 A5=FFFF80C8 A6=00FF0BF0 A7=00FF0BD6 D0=61000000 D1=00000100 D2=00000006 D3=00000060 D4=0000FFFF D5=000000FF D6=00000004 D7=000A0000 XnZvc
00:6B42  52 41  ADDQ.W  #1,D1                    A0=00006B1C A1=00C00000 A2=000073D3 A3=00FF2CFE A4=00000100 A5=FFFF80C8 A6=00FF0BF0 A7=00FF0BD6 D0=61000000 D1=00000002 D2=00000006 D3=00000060 D4=0000FFFF D5=000000FF D6=00000004 D7=000A0000 Xnzvc
00:6B44  B2 78  CMP.W   ($8A72),D1               A0=00006B1C A1=00C00000 A2=000073D3 A3=00FF2CFE A4=00000100 A5=FFFF80C8 A6=00FF0BF0 A7=00FF0BD6 D0=61000000 D1=00000003 D2=00000006 D3=00000060 D4=0000FFFF D5=000000FF D6=00000004 D7=000A0000 xnzvc
00:6B48  65 02  BCS     #$02 [00:6B4C]           A0=00006B1C A1=00C00000 A2=000073D3 A3=00FF2CFE A4=00000100 A5=FFFF80C8 A6=00FF0BF0 A7=00FF0BD6 D0=61000000 D1=00000003 D2=00000006 D3=00000060 D4=0000FFFF D5=000000FF D6=00000004 D7=000A0000 xNzvC
00:6B4C  3D 41  MOVE.W  D1,$FFFC(A6)             A0=00006B1C A1=00C00000 A2=000073D3 A3=00FF2CFE A4=00000100 A5=FFFF80C8 A6=00FF0BF0 A7=00FF0BD6 D0=61000000 D1=00000003 D2=00000006 D3=00000060 D4=0000FFFF D5=000000FF D6=00000004 D7=000A0000 xNzvC
00:6B50  3D 40  MOVE.W  D0,$FFFE(A6)             A0=00006B1C A1=00C00000 A2=000073D3 A3=00FF2CFE A4=00000100 A5=FFFF80C8 A6=00FF0BF0 A7=00FF0BD6 D0=61000000 D1=00000003 D2=00000006 D3=00000060 D4=0000FFFF D5=000000FF D6=00000004 D7=000A0000 xnzvc
00:6B54  61 00  BSR     #$FF46 [00:6A9C]         A0=00006B1C A1=00C00000 A2=000073D3 A3=00FF2CFE A4=00000100 A5=FFFF80C8 A6=00FF0BF0 A7=00FF0BD6 D0=61000000 D1=00000003 D2=00000006 D3=00000060 D4=0000FFFF D5=000000FF D6=00000004 D7=000A0000 xnZvc
00:6A9C  4E B8  JSR     ($05CA)                  A0=00006B1C A1=00C00000 A2=000073D3 A3=00FF2CFE A4=00000100 A5=FFFF80C8 A6=00FF0BF0 A7=00FF0BD2 D0=61000000 D1=00000003 D2=00000006 D3=00000060 D4=0000FFFF D5=000000FF D6=00000004 D7=000A0000 xnZvc
00:05CA  D0 40  ADD.W   D0,D0                    A0=00006B1C A1=00C00000 A2=000073D3 A3=00FF2CFE A4=00000100 A5=FFFF80C8 A6=00FF0BF0 A7=00FF0BCE D0=61000000 D1=00000003 D2=00000006 D3=00000060 D4=0000FFFF D5=000000FF D6=00000004 D7=000A0000 xnZvc
00:05CC  D2 41  ADD.W   D1,D1                    A0=00006B1C A1=00C00000 A2=000073D3 A3=00FF2CFE A4=00000100 A5=FFFF80C8 A6=00FF0BF0 A7=00FF0BCE D0=61000000 D1=00000003 D2=00000006 D3=00000060 D4=0000FFFF D5=000000FF D6=00000004 D7=000A0000 xnZvc
00:05CE  14 38  MOVE.B  ($8A8A),D2               A0=00006B1C A1=00C00000 A2=000073D3 A3=00FF2CFE A4=00000100 A5=FFFF80C8 A6=00FF0BF0 A7=00FF0BCE D0=61000000 D1=00000006 D2=00000006 D3=00000060 D4=0000FFFF D5=000000FF D6=00000004 D7=000A0000 xnzvc
00:05D2  E5 61  ASL.W   D2,D1                    A0=00006B1C A1=00C00000 A2=000073D3 A3=00FF2CFE A4=00000100 A5=FFFF80C8 A6=00FF0BF0 A7=00FF0BCE D0=61000000 D1=00000006 D2=00000006 D3=00000060 D4=0000FFFF D5=000000FF D6=00000004 D7=000A0000 xnzvc
00:05D4  D0 41  ADD.W   D1,D0                    A0=00006B1C A1=00C00000 A2=000073D3 A3=00FF2CFE A4=00000100 A5=FFFF80C8 A6=00FF0BF0 A7=00FF0BCE D0=61000000 D1=00000180 D2=00000006 D3=00000060 D4=0000FFFF D5=000000FF D6=00000004 D7=000A0000 xnzvc
00:05D6  4E 75  RTS                              A0=00006B1C A1=00C00000 A2=000073D3 A3=00FF2CFE A4=00000100 A5=FFFF80C8 A6=00FF0BF0 A7=00FF0BCE D0=61000180 D1=00000180 D2=00000006 D3=00000060 D4=0000FFFF D5=000000FF D6=00000004 D7=000A0000 xnzvc
00:6AA0  D0 6E  ADD.W   $FFF2(A6),D0             A0=00006B1C A1=00C00000 A2=000073D3 A3=00FF2CFE A4=00000100 A5=FFFF80C8 A6=00FF0BF0 A7=00FF0BD2 D0=61000180 D1=00000180 D2=00000006 D3=00000060 D4=0000FFFF D5=000000FF D6=00000004 D7=000A0000 xnzvc
00:6AA4  4E 75  RTS                              A0=00006B1C A1=00C00000 A2=000073D3 A3=00FF2CFE A4=00000100 A5=FFFF80C8 A6=00FF0BF0 A7=00FF0BD2 D0=6100E180 D1=00000180 D2=00000006 D3=00000060 D4=0000FFFF D5=000000FF D6=00000004 D7=000A0000 xNzvc
00:6B58  4E B8  JSR     ($05A0)                  A0=00006B1C A1=00C00000 A2=000073D3 A3=00FF2CFE A4=00000100 A5=FFFF80C8 A6=00FF0BF0 A7=00FF0BD6 D0=6100E180 D1=00000180 D2=00000006 D3=00000060 D4=0000FFFF D5=000000FF D6=00000004 D7=000A0000 xNzvc
00:05A0  E5 80  ASL.L   #2,D0                    A0=00006B1C A1=00C00000 A2=000073D3 A3=00FF2CFE A4=00000100 A5=FFFF80C8 A6=00FF0BF0 A7=00FF0BD2 D0=6100E180 D1=00000180 D2=00000006 D3=00000060 D4=0000FFFF D5=000000FF D6=00000004 D7=000A0000 xNzvc
00:05A2  E4 48  LSR.W   #2,D0                    A0=00006B1C A1=00C00000 A2=000073D3 A3=00FF2CFE A4=00000100 A5=FFFF80C8 A6=00FF0BF0 A7=00FF0BD2 D0=84038600 D1=00000180 D2=00000006 D3=00000060 D4=0000FFFF D5=000000FF D6=00000004 D7=000A0000 XNzVC
00:05A4  00 40  ORI.W   #$4000,D0                A0=00006B1C A1=00C00000 A2=000073D3 A3=00FF2CFE A4=00000100 A5=FFFF80C8 A6=00FF0BF0 A7=00FF0BD2 D0=84032180 D1=00000180 D2=00000006 D3=00000060 D4=0000FFFF D5=000000FF D6=00000004 D7=000A0000 xnzvc
00:05A8  48 40  SWAP.W  D0                       A0=00006B1C A1=00C00000 A2=000073D3 A3=00FF2CFE A4=00000100 A5=FFFF80C8 A6=00FF0BF0 A7=00FF0BD2 D0=84036180 D1=00000180 D2=00000006 D3=00000060 D4=0000FFFF D5=000000FF D6=00000004 D7=000A0000 xnzvc
00:05AA  02 40  ANDI.W  #$0003,D0                A0=00006B1C A1=00C00000 A2=000073D3 A3=00FF2CFE A4=00000100 A5=FFFF80C8 A6=00FF0BF0 A7=00FF0BD2 D0=61808403 D1=00000180 D2=00000006 D3=00000060 D4=0000FFFF D5=000000FF D6=00000004 D7=000A0000 xnzvc
00:05AE  23 C0  MOVE.L  D0,($00C00004)           A0=00006B1C A1=00C00000 A2=000073D3 A3=00FF2CFE A4=00000100 A5=FFFF80C8 A6=00FF0BF0 A7=00FF0BD2 D0=61800003 D1=00000180 D2=00000006 D3=00000060 D4=0000FFFF D5=000000FF D6=00000004 D7=000A0000 xnzvc
00:05B4  4E 75  RTS                              A0=00006B1C A1=00C00000 A2=000073D3 A3=00FF2CFE A4=00000100 A5=FFFF80C8 A6=00FF0BF0 A7=00FF0BD2 D0=61800003 D1=00000180 D2=00000006 D3=00000060 D4=0000FFFF D5=000000FF D6=00000004 D7=000A0000 xnzvc
00:6B5C  43 F9  LEA     ($00C00000),A1           A0=00006B1C A1=00C00000 A2=000073D3 A3=00FF2CFE A4=00000100 A5=FFFF80C8 A6=00FF0BF0 A7=00FF0BD6 D0=61800003 D1=00000180 D2=00000006 D3=00000060 D4=0000FFFF D5=000000FF D6=00000004 D7=000A0000 xnzvc
00:6B62  4E 75  RTS                              A0=00006B1C A1=00C00000 A2=000073D3 A3=00FF2CFE A4=00000100 A5=FFFF80C8 A6=00FF0BF0 A7=00FF0BD6 D0=61800003 D1=00000180 D2=00000006 D3=00000060 D4=0000FFFF D5=000000FF D6=00000004 D7=000A0000 xnzvc
00:6B6C  1D 6E  MOVE.B  $FFF6(A6),$FFF4(A6)      A0=00006B1C A1=00C00000 A2=000073D3 A3=00FF2CFE A4=00000100 A5=FFFF80C8 A6=00FF0BF0 A7=00FF0BD6 D0=6180001F D1=00000180 D2=00000006 D3=00000040 D4=0000FFFF D5=000000FF D6=00000004 D7=000A0000 XNzvC
00:6B72  60 C6  BRA     #$C6 [00:6B3A]           A0=00006B1C A1=00C00000 A2=000073D3 A3=00FF2CFE A4=00000100 A5=FFFF80C8 A6=00FF0BF0 A7=00FF0BD6 D0=6180001F D1=00000180 D2=00000006 D3=00000040 D4=0000FFFF D5=000000FF D6=00000004 D7=000A0000 Xnzvc
00:6B3A  30 2E  MOVE.W  $FFFA(A6),D0             A0=00006B1C A1=00C00000 A2=000073D3 A3=00FF2CFE A4=00000100 A5=FFFF80C8 A6=00FF0BF0 A7=00FF0BD6 D0=6180001F D1=00000180 D2=00000006 D3=00000040 D4=0000FFFF D5=000000FF D6=00000004 D7=000A0000 Xnzvc
00:6B3E  32 2E  MOVE.W  $FFFC(A6),D1             A0=00006B1C A1=00C00000 A2=000073D3 A3=00FF2CFE A4=00000100 A5=FFFF80C8 A6=00FF0BF0 A7=00FF0BD6 D0=61800000 D1=00000180 D2=00000006 D3=00000040 D4=0000FFFF D5=000000FF D6=00000004 D7=000A0000 XnZvc
00:6B42  52 41  ADDQ.W  #1,D1                    A0=00006B1C A1=00C00000 A2=000073D3 A3=00FF2CFE A4=00000100 A5=FFFF80C8 A6=00FF0BF0 A7=00FF0BD6 D0=61800000 D1=00000003 D2=00000006 D3=00000040 D4=0000FFFF D5=000000FF D6=00000004 D7=000A0000 Xnzvc
00:6B44  B2 78  CMP.W   ($8A72),D1               A0=00006B1C A1=00C00000 A2=000073D3 A3=00FF2CFE A4=00000100 A5=FFFF80C8 A6=00FF0BF0 A7=00FF0BD6 D0=61800000 D1=00000004 D2=00000006 D3=00000040 D4=0000FFFF D5=000000FF D6=00000004 D7=000A0000 xnzvc
00:6B48  65 02  BCS     #$02 [00:6B4C]           A0=00006B1C A1=00C00000 A2=000073D3 A3=00FF2CFE A4=00000100 A5=FFFF80C8 A6=00FF0BF0 A7=00FF0BD6 D0=61800000 D1=00000004 D2=00000006 D3=00000040 D4=0000FFFF D5=000000FF D6=00000004 D7=000A0000 xNzvC
00:6B4C  3D 41  MOVE.W  D1,$FFFC(A6)             A0=00006B1C A1=00C00000 A2=000073D3 A3=00FF2CFE A4=00000100 A5=FFFF80C8 A6=00FF0BF0 A7=00FF0BD6 D0=61800000 D1=00000004 D2=00000006 D3=00000040 D4=0000FFFF D5=000000FF D6=00000004 D7=000A0000 xNzvC
00:6B50  3D 40  MOVE.W  D0,$FFFE(A6)             A0=00006B1C A1=00C00000 A2=000073D3 A3=00FF2CFE A4=00000100 A5=FFFF80C8 A6=00FF0BF0 A7=00FF0BD6 D0=61800000 D1=00000004 D2=00000006 D3=00000040 D4=0000FFFF D5=000000FF D6=00000004 D7=000A0000 xnzvc
00:6B54  61 00  BSR     #$FF46 [00:6A9C]         A0=00006B1C A1=00C00000 A2=000073D3 A3=00FF2CFE A4=00000100 A5=FFFF80C8 A6=00FF0BF0 A7=00FF0BD6 D0=61800000 D1=00000004 D2=00000006 D3=00000040 D4=0000FFFF D5=000000FF D6=00000004 D7=000A0000 xnZvc
00:6A9C  4E B8  JSR     ($05CA)                  A0=00006B1C A1=00C00000 A2=000073D3 A3=00FF2CFE A4=00000100 A5=FFFF80C8 A6=00FF0BF0 A7=00FF0BD2 D0=61800000 D1=00000004 D2=00000006 D3=00000040 D4=0000FFFF D5=000000FF D6=00000004 D7=000A0000 xnZvc
00:05CA  D0 40  ADD.W   D0,D0                    A0=00006B1C A1=00C00000 A2=000073D3 A3=00FF2CFE A4=00000100 A5=FFFF80C8 A6=00FF0BF0 A7=00FF0BCE D0=61800000 D1=00000004 D2=00000006 D3=00000040 D4=0000FFFF D5=000000FF D6=00000004 D7=000A0000 xnZvc
00:05CC  D2 41  ADD.W   D1,D1                    A0=00006B1C A1=00C00000 A2=000073D3 A3=00FF2CFE A4=00000100 A5=FFFF80C8 A6=00FF0BF0 A7=00FF0BCE D0=61800000 D1=00000004 D2=00000006 D3=00000040 D4=0000FFFF D5=000000FF D6=00000004 D7=000A0000 xnZvc
00:05CE  14 38  MOVE.B  ($8A8A),D2               A0=00006B1C A1=00C00000 A2=000073D3 A3=00FF2CFE A4=00000100 A5=FFFF80C8 A6=00FF0BF0 A7=00FF0BCE D0=61800000 D1=00000008 D2=00000006 D3=00000040 D4=0000FFFF D5=000000FF D6=00000004 D7=000A0000 xnzvc
00:05D2  E5 61  ASL.W   D2,D1                    A0=00006B1C A1=00C00000 A2=000073D3 A3=00FF2CFE A4=00000100 A5=FFFF80C8 A6=00FF0BF0 A7=00FF0BCE D0=61800000 D1=00000008 D2=00000006 D3=00000040 D4=0000FFFF D5=000000FF D6=00000004 D7=000A0000 xnzvc
00:05D4  D0 41  ADD.W   D1,D0                    A0=00006B1C A1=00C00000 A2=000073D3 A3=00FF2CFE A4=00000100 A5=FFFF80C8 A6=00FF0BF0 A7=00FF0BCE D0=61800000 D1=00000200 D2=00000006 D3=00000040 D4=0000FFFF D5=000000FF D6=00000004 D7=000A0000 xnzvc
00:05D6  4E 75  RTS                              A0=00006B1C A1=00C00000 A2=000073D3 A3=00FF2CFE A4=00000100 A5=FFFF80C8 A6=00FF0BF0 A7=00FF0BCE D0=61800200 D1=00000200 D2=00000006 D3=00000040 D4=0000FFFF D5=000000FF D6=00000004 D7=000A0000 xnzvc
00:6AA0  D0 6E  ADD.W   $FFF2(A6),D0             A0=00006B1C A1=00C00000 A2=000073D3 A3=00FF2CFE A4=00000100 A5=FFFF80C8 A6=00FF0BF0 A7=00FF0BD2 D0=61800200 D1=00000200 D2=00000006 D3=00000040 D4=0000FFFF D5=000000FF D6=00000004 D7=000A0000 xnzvc
00:6AA4  4E 75  RTS                              A0=00006B1C A1=00C00000 A2=000073D3 A3=00FF2CFE A4=00000100 A5=FFFF80C8 A6=00FF0BF0 A7=00FF0BD2 D0=6180E200 D1=00000200 D2=00000006 D3=00000040 D4=0000FFFF D5=000000FF D6=00000004 D7=000A0000 xNzvc
00:6B58  4E B8  JSR     ($05A0)                  A0=00006B1C A1=00C00000 A2=000073D3 A3=00FF2CFE A4=00000100 A5=FFFF80C8 A6=00FF0BF0 A7=00FF0BD6 D0=6180E200 D1=00000200 D2=00000006 D3=00000040 D4=0000FFFF D5=000000FF D6=00000004 D7=000A0000 xNzvc
00:05A0  E5 80  ASL.L   #2,D0                    A0=00006B1C A1=00C00000 A2=000073D3 A3=00FF2CFE A4=00000100 A5=FFFF80C8 A6=00FF0BF0 A7=00FF0BD2 D0=6180E200 D1=00000200 D2=00000006 D3=00000040 D4=0000FFFF D5=000000FF D6=00000004 D7=000A0000 xNzvc
00:05A2  E4 48  LSR.W   #2,D0                    A0=00006B1C A1=00C00000 A2=000073D3 A3=00FF2CFE A4=00000100 A5=FFFF80C8 A6=00FF0BF0 A7=00FF0BD2 D0=86038800 D1=00000200 D2=00000006 D3=00000040 D4=0000FFFF D5=000000FF D6=00000004 D7=000A0000 XNzVC
00:05A4  00 40  ORI.W   #$4000,D0                A0=00006B1C A1=00C00000 A2=000073D3 A3=00FF2CFE A4=00000100 A5=FFFF80C8 A6=00FF0BF0 A7=00FF0BD2 D0=86032200 D1=00000200 D2=00000006 D3=00000040 D4=0000FFFF D5=000000FF D6=00000004 D7=000A0000 xnzvc
00:05A8  48 40  SWAP.W  D0                       A0=00006B1C A1=00C00000 A2=000073D3 A3=00FF2CFE A4=00000100 A5=FFFF80C8 A6=00FF0BF0 A7=00FF0BD2 D0=86036200 D1=00000200 D2=00000006 D3=00000040 D4=0000FFFF D5=000000FF D6=00000004 D7=000A0000 xnzvc
00:05AA  02 40  ANDI.W  #$0003,D0                A0=00006B1C A1=00C00000 A2=000073D3 A3=00FF2CFE A4=00000100 A5=FFFF80C8 A6=00FF0BF0 A7=00FF0BD2 D0=62008603 D1=00000200 D2=00000006 D3=00000040 D4=0000FFFF D5=000000FF D6=00000004 D7=000A0000 xnzvc
00:05AE  23 C0  MOVE.L  D0,($00C00004)           A0=00006B1C A1=00C00000 A2=000073D3 A3=00FF2CFE A4=00000100 A5=FFFF80C8 A6=00FF0BF0 A7=00FF0BD2 D0=62000003 D1=00000200 D2=00000006 D3=00000040 D4=0000FFFF D5=000000FF D6=00000004 D7=000A0000 xnzvc
00:05B4  4E 75  RTS                              A0=00006B1C A1=00C00000 A2=000073D3 A3=00FF2CFE A4=00000100 A5=FFFF80C8 A6=00FF0BF0 A7=00FF0BD2 D0=62000003 D1=00000200 D2=00000006 D3=00000040 D4=0000FFFF D5=000000FF D6=00000004 D7=000A0000 xnzvc
00:6B5C  43 F9  LEA     ($00C00000),A1           A0=00006B1C A1=00C00000 A2=000073D3 A3=00FF2CFE A4=00000100 A5=FFFF80C8 A6=00FF0BF0 A7=00FF0BD6 D0=62000003 D1=00000200 D2=00000006 D3=00000040 D4=0000FFFF D5=000000FF D6=00000004 D7=000A0000 xnzvc
00:6B62  4E 75  RTS                              A0=00006B1C A1=00C00000 A2=000073D3 A3=00FF2CFE A4=00000100 A5=FFFF80C8 A6=00FF0BF0 A7=00FF0BD6 D0=62000003 D1=00000200 D2=00000006 D3=00000040 D4=0000FFFF D5=000000FF D6=00000004 D7=000A0000 xnzvc
00:6B6C  1D 6E  MOVE.B  $FFF6(A6),$FFF4(A6)      A0=00006B1C A1=00C00000 A2=000073D3 A3=00FF2CFE A4=00000100 A5=FFFF80C8 A6=00FF0BF0 A7=00FF0BD6 D0=6200001F D1=00000200 D2=00000006 D3=00000020 D4=0000FFFF D5=000000FF D6=00000004 D7=000A0000 XNzvC
00:6B72  60 C6  BRA     #$C6 [00:6B3A]           A0=00006B1C A1=00C00000 A2=000073D3 A3=00FF2CFE A4=00000100 A5=FFFF80C8 A6=00FF0BF0 A7=00FF0BD6 D0=6200001F D1=00000200 D2=00000006 D3=00000020 D4=0000FFFF D5=000000FF D6=00000004 D7=000A0000 Xnzvc
00:6B3A  30 2E  MOVE.W  $FFFA(A6),D0             A0=00006B1C A1=00C00000 A2=000073D3 A3=00FF2CFE A4=00000100 A5=FFFF80C8 A6=00FF0BF0 A7=00FF0BD6 D0=6200001F D1=00000200 D2=00000006 D3=00000020 D4=0000FFFF D5=000000FF D6=00000004 D7=000A0000 Xnzvc
00:6B3E  32 2E  MOVE.W  $FFFC(A6),D1             A0=00006B1C A1=00C00000 A2=000073D3 A3=00FF2CFE A4=00000100 A5=FFFF80C8 A6=00FF0BF0 A7=00FF0BD6 D0=62000000 D1=00000200 D2=00000006 D3=00000020 D4=0000FFFF D5=000000FF D6=00000004 D7=000A0000 XnZvc
00:6B42  52 41  ADDQ.W  #1,D1                    A0=00006B1C A1=00C00000 A2=000073D3 A3=00FF2CFE A4=00000100 A5=FFFF80C8 A6=00FF0BF0 A7=00FF0BD6 D0=62000000 D1=00000004 D2=00000006 D3=00000020 D4=0000FFFF D5=000000FF D6=00000004 D7=000A0000 Xnzvc
00:6B44  B2 78  CMP.W   ($8A72),D1               A0=00006B1C A1=00C00000 A2=000073D3 A3=00FF2CFE A4=00000100 A5=FFFF80C8 A6=00FF0BF0 A7=00FF0BD6 D0=62000000 D1=00000005 D2=00000006 D3=00000020 D4=0000FFFF D5=000000FF D6=00000004 D7=000A0000 xnzvc
00:6B48  65 02  BCS     #$02 [00:6B4C]           A0=00006B1C A1=00C00000 A2=000073D3 A3=00FF2CFE A4=00000100 A5=FFFF80C8 A6=00FF0BF0 A7=00FF0BD6 D0=62000000 D1=00000005 D2=00000006 D3=00000020 D4=0000FFFF D5=000000FF D6=00000004 D7=000A0000 xNzvC
00:6B4C  3D 41  MOVE.W  D1,$FFFC(A6)             A0=00006B1C A1=00C00000 A2=000073D3 A3=00FF2CFE A4=00000100 A5=FFFF80C8 A6=00FF0BF0 A7=00FF0BD6 D0=62000000 D1=00000005 D2=00000006 D3=00000020 D4=0000FFFF D5=000000FF D6=00000004 D7=000A0000 xNzvC
00:6B50  3D 40  MOVE.W  D0,$FFFE(A6)             A0=00006B1C A1=00C00000 A2=000073D3 A3=00FF2CFE A4=00000100 A5=FFFF80C8 A6=00FF0BF0 A7=00FF0BD6 D0=62000000 D1=00000005 D2=00000006 D3=00000020 D4=0000FFFF D5=000000FF D6=00000004 D7=000A0000 xnzvc
00:6B54  61 00  BSR     #$FF46 [00:6A9C]         A0=00006B1C A1=00C00000 A2=000073D3 A3=00FF2CFE A4=00000100 A5=FFFF80C8 A6=00FF0BF0 A7=00FF0BD6 D0=62000000 D1=00000005 D2=00000006 D3=00000020 D4=0000FFFF D5=000000FF D6=00000004 D7=000A0000 xnZvc
00:6A9C  4E B8  JSR     ($05CA)                  A0=00006B1C A1=00C00000 A2=000073D3 A3=00FF2CFE A4=00000100 A5=FFFF80C8 A6=00FF0BF0 A7=00FF0BD2 D0=62000000 D1=00000005 D2=00000006 D3=00000020 D4=0000FFFF D5=000000FF D6=00000004 D7=000A0000 xnZvc
00:05CA  D0 40  ADD.W   D0,D0                    A0=00006B1C A1=00C00000 A2=000073D3 A3=00FF2CFE A4=00000100 A5=FFFF80C8 A6=00FF0BF0 A7=00FF0BCE D0=62000000 D1=00000005 D2=00000006 D3=00000020 D4=0000FFFF D5=000000FF D6=00000004 D7=000A0000 xnZvc
00:05CC  D2 41  ADD.W   D1,D1                    A0=00006B1C A1=00C00000 A2=000073D3 A3=00FF2CFE A4=00000100 A5=FFFF80C8 A6=00FF0BF0 A7=00FF0BCE D0=62000000 D1=00000005 D2=00000006 D3=00000020 D4=0000FFFF D5=000000FF D6=00000004 D7=000A0000 xnZvc
00:05CE  14 38  MOVE.B  ($8A8A),D2               A0=00006B1C A1=00C00000 A2=000073D3 A3=00FF2CFE A4=00000100 A5=FFFF80C8 A6=00FF0BF0 A7=00FF0BCE D0=62000000 D1=0000000A D2=00000006 D3=00000020 D4=0000FFFF D5=000000FF D6=00000004 D7=000A0000 xnzvc
00:05D2  E5 61  ASL.W   D2,D1                    A0=00006B1C A1=00C00000 A2=000073D3 A3=00FF2CFE A4=00000100 A5=FFFF80C8 A6=00FF0BF0 A7=00FF0BCE D0=62000000 D1=0000000A D2=00000006 D3=00000020 D4=0000FFFF D5=000000FF D6=00000004 D7=000A0000 xnzvc
00:05D4  D0 41  ADD.W   D1,D0                    A0=00006B1C A1=00C00000 A2=000073D3 A3=00FF2CFE A4=00000100 A5=FFFF80C8 A6=00FF0BF0 A7=00FF0BCE D0=62000000 D1=00000280 D2=00000006 D3=00000020 D4=0000FFFF D5=000000FF D6=00000004 D7=000A0000 xnzvc
00:05D6  4E 75  RTS                              A0=00006B1C A1=00C00000 A2=000073D3 A3=00FF2CFE A4=00000100 A5=FFFF80C8 A6=00FF0BF0 A7=00FF0BCE D0=62000280 D1=00000280 D2=00000006 D3=00000020 D4=0000FFFF D5=000000FF D6=00000004 D7=000A0000 xnzvc
00:6AA0  D0 6E  ADD.W   $FFF2(A6),D0             A0=00006B1C A1=00C00000 A2=000073D3 A3=00FF2CFE A4=00000100 A5=FFFF80C8 A6=00FF0BF0 A7=00FF0BD2 D0=62000280 D1=00000280 D2=00000006 D3=00000020 D4=0000FFFF D5=000000FF D6=00000004 D7=000A0000 xnzvc
00:6AA4  4E 75  RTS                              A0=00006B1C A1=00C00000 A2=000073D3 A3=00FF2CFE A4=00000100 A5=FFFF80C8 A6=00FF0BF0 A7=00FF0BD2 D0=6200E280 D1=00000280 D2=00000006 D3=00000020 D4=0000FFFF D5=000000FF D6=00000004 D7=000A0000 xNzvc
00:6B58  4E B8  JSR     ($05A0)                  A0=00006B1C A1=00C00000 A2=000073D3 A3=00FF2CFE A4=00000100 A5=FFFF80C8 A6=00FF0BF0 A7=00FF0BD6 D0=6200E280 D1=00000280 D2=00000006 D3=00000020 D4=0000FFFF D5=000000FF D6=00000004 D7=000A0000 xNzvc
00:05A0  E5 80  ASL.L   #2,D0                    A0=00006B1C A1=00C00000 A2=000073D3 A3=00FF2CFE A4=00000100 A5=FFFF80C8 A6=00FF0BF0 A7=00FF0BD2 D0=6200E280 D1=00000280 D2=00000006 D3=00000020 D4=0000FFFF D5=000000FF D6=00000004 D7=000A0000 xNzvc
00:05A2  E4 48  LSR.W   #2,D0                    A0=00006B1C A1=00C00000 A2=000073D3 A3=00FF2CFE A4=00000100 A5=FFFF80C8 A6=00FF0BF0 A7=00FF0BD2 D0=88038A00 D1=00000280 D2=00000006 D3=00000020 D4=0000FFFF D5=000000FF D6=00000004 D7=000A0000 XNzVC
00:05A4  00 40  ORI.W   #$4000,D0                A0=00006B1C A1=00C00000 A2=000073D3 A3=00FF2CFE A4=00000100 A5=FFFF80C8 A6=00FF0BF0 A7=00FF0BD2 D0=88032280 D1=00000280 D2=00000006 D3=00000020 D4=0000FFFF D5=000000FF D6=00000004 D7=000A0000 xnzvc
00:05A8  48 40  SWAP.W  D0                       A0=00006B1C A1=00C00000 A2=000073D3 A3=00FF2CFE A4=00000100 A5=FFFF80C8 A6=00FF0BF0 A7=00FF0BD2 D0=88036280 D1=00000280 D2=00000006 D3=00000020 D4=0000FFFF D5=000000FF D6=00000004 D7=000A0000 xnzvc
00:05AA  02 40  ANDI.W  #$0003,D0                A0=00006B1C A1=00C00000 A2=000073D3 A3=00FF2CFE A4=00000100 A5=FFFF80C8 A6=00FF0BF0 A7=00FF0BD2 D0=62808803 D1=00000280 D2=00000006 D3=00000020 D4=0000FFFF D5=000000FF D6=00000004 D7=000A0000 xnzvc
00:05AE  23 C0  MOVE.L  D0,($00C00004)           A0=00006B1C A1=00C00000 A2=000073D3 A3=00FF2CFE A4=00000100 A5=FFFF80C8 A6=00FF0BF0 A7=00FF0BD2 D0=62800003 D1=00000280 D2=00000006 D3=00000020 D4=0000FFFF D5=000000FF D6=00000004 D7=000A0000 xnzvc
00:05B4  4E 75  RTS                              A0=00006B1C A1=00C00000 A2=000073D3 A3=00FF2CFE A4=00000100 A5=FFFF80C8 A6=00FF0BF0 A7=00FF0BD2 D0=62800003 D1=00000280 D2=00000006 D3=00000020 D4=0000FFFF D5=000000FF D6=00000004 D7=000A0000 xnzvc
00:6B5C  43 F9  LEA     ($00C00000),A1           A0=00006B1C A1=00C00000 A2=000073D3 A3=00FF2CFE A4=00000100 A5=FFFF80C8 A6=00FF0BF0 A7=00FF0BD6 D0=62800003 D1=00000280 D2=00000006 D3=00000020 D4=0000FFFF D5=000000FF D6=00000004 D7=000A0000 xnzvc
00:6B62  4E 75  RTS                              A0=00006B1C A1=00C00000 A2=000073D3 A3=00FF2CFE A4=00000100 A5=FFFF80C8 A6=00FF0BF0 A7=00FF0BD6 D0=62800003 D1=00000280 D2=00000006 D3=00000020 D4=0000FFFF D5=000000FF D6=00000004 D7=000A0000 xnzvc
00:6B6C  1D 6E  MOVE.B  $FFF6(A6),$FFF4(A6)      A0=00006B1C A1=00C00000 A2=000073D3 A3=00FF2CFE A4=00000100 A5=FFFF80C8 A6=00FF0BF0 A7=00FF0BD6 D0=6280001F D1=00000280 D2=00000006 D3=00000000 D4=0000FFFF D5=000000FF D6=00000004 D7=000A0000 XNzvC
00:6B72  60 C6  BRA     #$C6 [00:6B3A]           A0=00006B1C A1=00C00000 A2=000073D3 A3=00FF2CFE A4=00000100 A5=FFFF80C8 A6=00FF0BF0 A7=00FF0BD6 D0=6280001F D1=00000280 D2=00000006 D3=00000000 D4=0000FFFF D5=000000FF D6=00000004 D7=000A0000 Xnzvc
00:6B3A  30 2E  MOVE.W  $FFFA(A6),D0             A0=00006B1C A1=00C00000 A2=000073D3 A3=00FF2CFE A4=00000100 A5=FFFF80C8 A6=00FF0BF0 A7=00FF0BD6 D0=6280001F D1=00000280 D2=00000006 D3=00000000 D4=0000FFFF D5=000000FF D6=00000004 D7=000A0000 Xnzvc
00:6B3E  32 2E  MOVE.W  $FFFC(A6),D1             A0=00006B1C A1=00C00000 A2=000073D3 A3=00FF2CFE A4=00000100 A5=FFFF80C8 A6=00FF0BF0 A7=00FF0BD6 D0=62800000 D1=00000280 D2=00000006 D3=00000000 D4=0000FFFF D5=000000FF D6=00000004 D7=000A0000 XnZvc
00:6B42  52 41  ADDQ.W  #1,D1                    A0=00006B1C A1=00C00000 A2=000073D3 A3=00FF2CFE A4=00000100 A5=FFFF80C8 A6=00FF0BF0 A7=00FF0BD6 D0=62800000 D1=00000005 D2=00000006 D3=00000000 D4=0000FFFF D5=000000FF D6=00000004 D7=000A0000 Xnzvc
00:6B44  B2 78  CMP.W   ($8A72),D1               A0=00006B1C A1=00C00000 A2=000073D3 A3=00FF2CFE A4=00000100 A5=FFFF80C8 A6=00FF0BF0 A7=00FF0BD6 D0=62800000 D1=00000006 D2=00000006 D3=00000000 D4=0000FFFF D5=000000FF D6=00000004 D7=000A0000 xnzvc
00:6B48  65 02  BCS     #$02 [00:6B4C]           A0=00006B1C A1=00C00000 A2=000073D3 A3=00FF2CFE A4=00000100 A5=FFFF80C8 A6=00FF0BF0 A7=00FF0BD6 D0=62800000 D1=00000006 D2=00000006 D3=00000000 D4=0000FFFF D5=000000FF D6=00000004 D7=000A0000 xNzvC
00:6B4C  3D 41  MOVE.W  D1,$FFFC(A6)             A0=00006B1C A1=00C00000 A2=000073D3 A3=00FF2CFE A4=00000100 A5=FFFF80C8 A6=00FF0BF0 A7=00FF0BD6 D0=62800000 D1=00000006 D2=00000006 D3=00000000 D4=0000FFFF D5=000000FF D6=00000004 D7=000A0000 xNzvC
00:6B50  3D 40  MOVE.W  D0,$FFFE(A6)             A0=00006B1C A1=00C00000 A2=000073D3 A3=00FF2CFE A4=00000100 A5=FFFF80C8 A6=00FF0BF0 A7=00FF0BD6 D0=62800000 D1=00000006 D2=00000006 D3=00000000 D4=0000FFFF D5=000000FF D6=00000004 D7=000A0000 xnzvc
00:6B54  61 00  BSR     #$FF46 [00:6A9C]         A0=00006B1C A1=00C00000 A2=000073D3 A3=00FF2CFE A4=00000100 A5=FFFF80C8 A6=00FF0BF0 A7=00FF0BD6 D0=62800000 D1=00000006 D2=00000006 D3=00000000 D4=0000FFFF D5=000000FF D6=00000004 D7=000A0000 xnZvc
00:6A9C  4E B8  JSR     ($05CA)                  A0=00006B1C A1=00C00000 A2=000073D3 A3=00FF2CFE A4=00000100 A5=FFFF80C8 A6=00FF0BF0 A7=00FF0BD2 D0=62800000 D1=00000006 D2=00000006 D3=00000000 D4=0000FFFF D5=000000FF D6=00000004 D7=000A0000 xnZvc
00:05CA  D0 40  ADD.W   D0,D0                    A0=00006B1C A1=00C00000 A2=000073D3 A3=00FF2CFE A4=00000100 A5=FFFF80C8 A6=00FF0BF0 A7=00FF0BCE D0=62800000 D1=00000006 D2=00000006 D3=00000000 D4=0000FFFF D5=000000FF D6=00000004 D7=000A0000 xnZvc
00:05CC  D2 41  ADD.W   D1,D1                    A0=00006B1C A1=00C00000 A2=000073D3 A3=00FF2CFE A4=00000100 A5=FFFF80C8 A6=00FF0BF0 A7=00FF0BCE D0=62800000 D1=00000006 D2=00000006 D3=00000000 D4=0000FFFF D5=000000FF D6=00000004 D7=000A0000 xnZvc
00:05CE  14 38  MOVE.B  ($8A8A),D2               A0=00006B1C A1=00C00000 A2=000073D3 A3=00FF2CFE A4=00000100 A5=FFFF80C8 A6=00FF0BF0 A7=00FF0BCE D0=62800000 D1=0000000C D2=00000006 D3=00000000 D4=0000FFFF D5=000000FF D6=00000004 D7=000A0000 xnzvc
00:05D2  E5 61  ASL.W   D2,D1                    A0=00006B1C A1=00C00000 A2=000073D3 A3=00FF2CFE A4=00000100 A5=FFFF80C8 A6=00FF0BF0 A7=00FF0BCE D0=62800000 D1=0000000C D2=00000006 D3=00000000 D4=0000FFFF D5=000000FF D6=00000004 D7=000A0000 xnzvc
00:05D4  D0 41  ADD.W   D1,D0                    A0=00006B1C A1=00C00000 A2=000073D3 A3=00FF2CFE A4=00000100 A5=FFFF80C8 A6=00FF0BF0 A7=00FF0BCE D0=62800000 D1=00000300 D2=00000006 D3=00000000 D4=0000FFFF D5=000000FF D6=00000004 D7=000A0000 xnzvc
00:05D6  4E 75  RTS                              A0=00006B1C A1=00C00000 A2=000073D3 A3=00FF2CFE A4=00000100 A5=FFFF80C8 A6=00FF0BF0 A7=00FF0BCE D0=62800300 D1=00000300 D2=00000006 D3=00000000 D4=0000FFFF D5=000000FF D6=00000004 D7=000A0000 xnzvc
00:6AA0  D0 6E  ADD.W   $FFF2(A6),D0             A0=00006B1C A1=00C00000 A2=000073D3 A3=00FF2CFE A4=00000100 A5=FFFF80C8 A6=00FF0BF0 A7=00FF0BD2 D0=62800300 D1=00000300 D2=00000006 D3=00000000 D4=0000FFFF D5=000000FF D6=00000004 D7=000A0000 xnzvc
00:6AA4  4E 75  RTS                              A0=00006B1C A1=00C00000 A2=000073D3 A3=00FF2CFE A4=00000100 A5=FFFF80C8 A6=00FF0BF0 A7=00FF0BD2 D0=6280E300 D1=00000300 D2=00000006 D3=00000000 D4=0000FFFF D5=000000FF D6=00000004 D7=000A0000 xNzvc
00:6B58  4E B8  JSR     ($05A0)                  A0=00006B1C A1=00C00000 A2=000073D3 A3=00FF2CFE A4=00000100 A5=FFFF80C8 A6=00FF0BF0 A7=00FF0BD6 D0=6280E300 D1=00000300 D2=00000006 D3=00000000 D4=0000FFFF D5=000000FF D6=00000004 D7=000A0000 xNzvc
00:05A0  E5 80  ASL.L   #2,D0                    A0=00006B1C A1=00C00000 A2=000073D3 A3=00FF2CFE A4=00000100 A5=FFFF80C8 A6=00FF0BF0 A7=00FF0BD2 D0=6280E300 D1=00000300 D2=00000006 D3=00000000 D4=0000FFFF D5=000000FF D6=00000004 D7=000A0000 xNzvc
00:05A2  E4 48  LSR.W   #2,D0                    A0=00006B1C A1=00C00000 A2=000073D3 A3=00FF2CFE A4=00000100 A5=FFFF80C8 A6=00FF0BF0 A7=00FF0BD2 D0=8A038C00 D1=00000300 D2=00000006 D3=00000000 D4=0000FFFF D5=000000FF D6=00000004 D7=000A0000 XNzVC
00:05A4  00 40  ORI.W   #$4000,D0                A0=00006B1C A1=00C00000 A2=000073D3 A3=00FF2CFE A4=00000100 A5=FFFF80C8 A6=00FF0BF0 A7=00FF0BD2 D0=8A032300 D1=00000300 D2=00000006 D3=00000000 D4=0000FFFF D5=000000FF D6=00000004 D7=000A0000 xnzvc
00:05A8  48 40  SWAP.W  D0                       A0=00006B1C A1=00C00000 A2=000073D3 A3=00FF2CFE A4=00000100 A5=FFFF80C8 A6=00FF0BF0 A7=00FF0BD2 D0=8A036300 D1=00000300 D2=00000006 D3=00000000 D4=0000FFFF D5=000000FF D6=00000004 D7=000A0000 xnzvc
00:05AA  02 40  ANDI.W  #$0003,D0                A0=00006B1C A1=00C00000 A2=000073D3 A3=00FF2CFE A4=00000100 A5=FFFF80C8 A6=00FF0BF0 A7=00FF0BD2 D0=63008A03 D1=00000300 D2=00000006 D3=00000000 D4=0000FFFF D5=000000FF D6=00000004 D7=000A0000 xnzvc
00:05AE  23 C0  MOVE.L  D0,($00C00004)           A0=00006B1C A1=00C00000 A2=000073D3 A3=00FF2CFE A4=00000100 A5=FFFF80C8 A6=00FF0BF0 A7=00FF0BD2 D0=63000003 D1=00000300 D2=00000006 D3=00000000 D4=0000FFFF D5=000000FF D6=00000004 D7=000A0000 xnzvc
00:05B4  4E 75  RTS                              A0=00006B1C A1=00C00000 A2=000073D3 A3=00FF2CFE A4=00000100 A5=FFFF80C8 A6=00FF0BF0 A7=00FF0BD2 D0=63000003 D1=00000300 D2=00000006 D3=00000000 D4=0000FFFF D5=000000FF D6=00000004 D7=000A0000 xnzvc
00:6B5C  43 F9  LEA     ($00C00000),A1           A0=00006B1C A1=00C00000 A2=000073D3 A3=00FF2CFE A4=00000100 A5=FFFF80C8 A6=00FF0BF0 A7=00FF0BD6 D0=63000003 D1=00000300 D2=00000006 D3=00000000 D4=0000FFFF D5=000000FF D6=00000004 D7=000A0000 xnzvc
00:6B62  4E 75  RTS                              A0=00006B1C A1=00C00000 A2=000073D3 A3=00FF2CFE A4=00000100 A5=FFFF80C8 A6=00FF0BF0 A7=00FF0BD6 D0=63000003 D1=00000300 D2=00000006 D3=00000000 D4=0000FFFF D5=000000FF D6=00000004 D7=000A0000 xnzvc
00:6B2C  48 47  SWAP.W  D7                       A0=00006B1C A1=00C00000 A2=000073D3 A3=00FF2CFE A4=00000100 A5=FFFF80C8 A6=00FF0BF0 A7=00FF0BDA D0=63000003 D1=00000300 D2=00000006 D3=0000FFFF D4=0000FFFF D5=000000FF D6=00000004 D7=000A0000 XNzvC
00:6B2E  4E 75  RTS                              A0=00006B1C A1=00C00000 A2=000073D3 A3=00FF2CFE A4=00000100 A5=FFFF80C8 A6=00FF0BF0 A7=00FF0BDA D0=63000003 D1=00000300 D2=00000006 D3=0000FFFF D4=0000FFFF D5=000000FF D6=00000004 D7=0000000A Xnzvc
00:6AA6  1E 1A  MOVE.B  (A2)+,D7                 A0=00006AA6 A1=00C00000 A2=000073D4 A3=00FF2CFE A4=00000100 A5=FFFF80C8 A6=00FF0BF0 A7=00FF0BDA D0=00000004 D1=00000300 D2=00000006 D3=0000FFFF D4=0000FFFF D5=000000FF D6=00000004 D7=00000002 xnzvc
00:6AA8  E1 47  ASL.W   #8,D7                    A0=00006AA6 A1=00C00000 A2=000073D5 A3=00FF2CFE A4=00000100 A5=FFFF80C8 A6=00FF0BF0 A7=00FF0BDA D0=00000004 D1=00000300 D2=00000006 D3=0000FFFF D4=0000FFFF D5=000000FF D6=00000004 D7=00000001 xnzvc
00:6AAA  4E 75  RTS                              A0=00006AA6 A1=00C00000 A2=000073D5 A3=00FF2CFE A4=00000100 A5=FFFF80C8 A6=00FF0BF0 A7=00FF0BDA D0=00000004 D1=00000300 D2=00000006 D3=0000FFFF D4=0000FFFF D5=000000FF D6=00000004 D7=00000100 xnzvc
00:6AAC  76 00  MOVEQ   #$00,D3                  A0=00006AAC A1=00C00000 A2=000073D6 A3=00FF2CFE A4=00000100 A5=FFFF80C8 A6=00FF0BF0 A7=00FF0BDA D0=00000006 D1=00000300 D2=00000006 D3=0000FFFF D4=0000FFFF D5=000000FF D6=00000004 D7=00000103 xnzvc
00:6AAE  16 1A  MOVE.B  (A2)+,D3                 A0=00006AAC A1=00C00000 A2=000073D6 A3=00FF2CFE A4=00000100 A5=FFFF80C8 A6=00FF0BF0 A7=00FF0BDA D0=00000006 D1=00000300 D2=00000006 D3=00000000 D4=0000FFFF D5=000000FF D6=00000004 D7=00000103 xnZvc
00:6AB0  1E 1A  MOVE.B  (A2)+,D7                 A0=00006AAC A1=00C00000 A2=000073D7 A3=00FF2CFE A4=00000100 A5=FFFF80C8 A6=00FF0BF0 A7=00FF0BDA D0=00000006 D1=00000300 D2=00000006 D3=0000000B D4=0000FFFF D5=000000FF D6=00000004 D7=00000103 xnzvc
00:6AB2  61 00  BSR     #$00B0 [00:6B64]         A0=00006AAC A1=00C00000 A2=000073D8 A3=00FF2CFE A4=00000100 A5=FFFF80C8 A6=00FF0BF0 A7=00FF0BDA D0=00000006 D1=00000300 D2=00000006 D3=0000000B D4=0000FFFF D5=000000FF D6=00000004 D7=000001DC xNzvc
00:6AB6  53 43  SUBQ.W  #1,D3                    A0=00006AAC A1=00C00000 A2=000073D8 A3=00FF2CFE A4=00000100 A5=FFFF80C8 A6=00FF0BF0 A7=00FF0BDA D0=00000001 D1=00000300 D2=00000006 D3=0000000B D4=0000FFFF D5=000000FF D6=00000004 D7=000001DC xnzvc
00:6AB8  6A F8  BPL     #$F8 [00:6AB2]           A0=00006AAC A1=00C00000 A2=000073D8 A3=00FF2CFE A4=00000100 A5=FFFF80C8 A6=00FF0BF0 A7=00FF0BDA D0=00000001 D1=00000300 D2=00000006 D3=0000000A D4=0000FFFF D5=000000FF D6=00000004 D7=000001DC xnzvc
00:6AB2  61 00  BSR     #$00B0 [00:6B64]         A0=00006AAC A1=00C00000 A2=000073D8 A3=00FF2CFE A4=00000100 A5=FFFF80C8 A6=00FF0BF0 A7=00FF0BDA D0=00000001 D1=00000300 D2=00000006 D3=0000000A D4=0000FFFF D5=000000FF D6=00000004 D7=000001DC xnzvc
00:6AB6  53 43  SUBQ.W  #1,D3                    A0=00006AAC A1=00C00000 A2=000073D8 A3=00FF2CFE A4=00000100 A5=FFFF80C8 A6=00FF0BF0 A7=00FF0BDA D0=00000002 D1=00000300 D2=00000006 D3=0000000A D4=0000FFFF D5=000000FF D6=00000004 D7=000001DC xnzvc
00:6AB8  6A F8  BPL     #$F8 [00:6AB2]           A0=00006AAC A1=00C00000 A2=000073D8 A3=00FF2CFE A4=00000100 A5=FFFF80C8 A6=00FF0BF0 A7=00FF0BDA D0=00000002 D1=00000300 D2=00000006 D3=00000009 D4=0000FFFF D5=000000FF D6=00000004 D7=000001DC xnzvc
00:6AB2  61 00  BSR     #$00B0 [00:6B64]         A0=00006AAC A1=00C00000 A2=000073D8 A3=00FF2CFE A4=00000100 A5=FFFF80C8 A6=00FF0BF0 A7=00FF0BDA D0=00000002 D1=00000300 D2=00000006 D3=00000009 D4=0000FFFF D5=000000FF D6=00000004 D7=000001DC xnzvc
00:6AB6  53 43  SUBQ.W  #1,D3                    A0=00006AAC A1=00C00000 A2=000073D8 A3=00FF2CFE A4=00000100 A5=FFFF80C8 A6=00FF0BF0 A7=00FF0BDA D0=00000003 D1=00000300 D2=00000006 D3=00000009 D4=0000FFFF D5=000000FF D6=00000004 D7=000001DC xnzvc
00:6AB8  6A F8  BPL     #$F8 [00:6AB2]           A0=00006AAC A1=00C00000 A2=000073D8 A3=00FF2CFE A4=00000100 A5=FFFF80C8 A6=00FF0BF0 A7=00FF0BDA D0=00000003 D1=00000300 D2=00000006 D3=00000008 D4=0000FFFF D5=000000FF D6=00000004 D7=000001DC xnzvc
00:6AB2  61 00  BSR     #$00B0 [00:6B64]         A0=00006AAC A1=00C00000 A2=000073D8 A3=00FF2CFE A4=00000100 A5=FFFF80C8 A6=00FF0BF0 A7=00FF0BDA D0=00000003 D1=00000300 D2=00000006 D3=00000008 D4=0000FFFF D5=000000FF D6=00000004 D7=000001DC xnzvc
00:6AB6  53 43  SUBQ.W  #1,D3                    A0=00006AAC A1=00C00000 A2=000073D8 A3=00FF2CFE A4=00000100 A5=FFFF80C8 A6=00FF0BF0 A7=00FF0BDA D0=00000004 D1=00000300 D2=00000006 D3=00000008 D4=0000FFFF D5=000000FF D6=00000004 D7=000001DC xnzvc
00:6AB8  6A F8  BPL     #$F8 [00:6AB2]           A0=00006AAC A1=00C00000 A2=000073D8 A3=00FF2CFE A4=00000100 A5=FFFF80C8 A6=00FF0BF0 A7=00FF0BDA D0=00000004 D1=00000300 D2=00000006 D3=00000007 D4=0000FFFF D5=000000FF D6=00000004 D7=000001DC xnzvc
00:6AB2  61 00  BSR     #$00B0 [00:6B64]         A0=00006AAC A1=00C00000 A2=000073D8 A3=00FF2CFE A4=00000100 A5=FFFF80C8 A6=00FF0BF0 A7=00FF0BDA D0=00000004 D1=00000300 D2=00000006 D3=00000007 D4=0000FFFF D5=000000FF D6=00000004 D7=000001DC xnzvc
00:6AB6  53 43  SUBQ.W  #1,D3                    A0=00006AAC A1=00C00000 A2=000073D8 A3=00FF2CFE A4=00000100 A5=FFFF80C8 A6=00FF0BF0 A7=00FF0BDA D0=00000005 D1=00000300 D2=00000006 D3=00000007 D4=0000FFFF D5=000000FF D6=00000004 D7=000001DC xnzvc
00:6AB8  6A F8  BPL     #$F8 [00:6AB2]           A0=00006AAC A1=00C00000 A2=000073D8 A3=00FF2CFE A4=00000100 A5=FFFF80C8 A6=00FF0BF0 A7=00FF0BDA D0=00000005 D1=00000300 D2=00000006 D3=00000006 D4=0000FFFF D5=000000FF D6=00000004 D7=000001DC xnzvc
00:6AB2  61 00  BSR     #$00B0 [00:6B64]         A0=00006AAC A1=00C00000 A2=000073D8 A3=00FF2CFE A4=00000100 A5=FFFF80C8 A6=00FF0BF0 A7=00FF0BDA D0=00000005 D1=00000300 D2=00000006 D3=00000006 D4=0000FFFF D5=000000FF D6=00000004 D7=000001DC xnzvc
00:6AB6  53 43  SUBQ.W  #1,D3                    A0=00006AAC A1=00C00000 A2=000073D8 A3=00FF2CFE A4=00000100 A5=FFFF80C8 A6=00FF0BF0 A7=00FF0BDA D0=00000006 D1=00000300 D2=00000006 D3=00000006 D4=0000FFFF D5=000000FF D6=00000004 D7=000001DC xnzvc
00:6AB8  6A F8  BPL     #$F8 [00:6AB2]           A0=00006AAC A1=00C00000 A2=000073D8 A3=00FF2CFE A4=00000100 A5=FFFF80C8 A6=00FF0BF0 A7=00FF0BDA D0=00000006 D1=00000300 D2=00000006 D3=00000005 D4=0000FFFF D5=000000FF D6=00000004 D7=000001DC xnzvc
00:6AB2  61 00  BSR     #$00B0 [00:6B64]         A0=00006AAC A1=00C00000 A2=000073D8 A3=00FF2CFE A4=00000100 A5=FFFF80C8 A6=00FF0BF0 A7=00FF0BDA D0=00000006 D1=00000300 D2=00000006 D3=00000005 D4=0000FFFF D5=000000FF D6=00000004 D7=000001DC xnzvc
00:6AB6  53 43  SUBQ.W  #1,D3                    A0=00006AAC A1=00C00000 A2=000073D8 A3=00FF2CFE A4=00000100 A5=FFFF80C8 A6=00FF0BF0 A7=00FF0BDA D0=00000007 D1=00000300 D2=00000006 D3=00000005 D4=0000FFFF D5=000000FF D6=00000004 D7=000001DC xnzvc
00:6AB8  6A F8  BPL     #$F8 [00:6AB2]           A0=00006AAC A1=00C00000 A2=000073D8 A3=00FF2CFE A4=00000100 A5=FFFF80C8 A6=00FF0BF0 A7=00FF0BDA D0=00000007 D1=00000300 D2=00000006 D3=00000004 D4=0000FFFF D5=000000FF D6=00000004 D7=000001DC xnzvc
00:6AB2  61 00  BSR     #$00B0 [00:6B64]         A0=00006AAC A1=00C00000 A2=000073D8 A3=00FF2CFE A4=00000100 A5=FFFF80C8 A6=00FF0BF0 A7=00FF0BDA D0=00000007 D1=00000300 D2=00000006 D3=00000004 D4=0000FFFF D5=000000FF D6=00000004 D7=000001DC xnzvc
00:6AB6  53 43  SUBQ.W  #1,D3                    A0=00006AAC A1=00C00000 A2=000073D8 A3=00FF2CFE A4=00000100 A5=FFFF80C8 A6=00FF0BF0 A7=00FF0BDA D0=00000008 D1=00000300 D2=00000006 D3=00000004 D4=0000FFFF D5=000000FF D6=00000004 D7=000001DC xnzvc
00:6AB8  6A F8  BPL     #$F8 [00:6AB2]           A0=00006AAC A1=00C00000 A2=000073D8 A3=00FF2CFE A4=00000100 A5=FFFF80C8 A6=00FF0BF0 A7=00FF0BDA D0=00000008 D1=00000300 D2=00000006 D3=00000003 D4=0000FFFF D5=000000FF D6=00000004 D7=000001DC xnzvc
00:6AB2  61 00  BSR     #$00B0 [00:6B64]         A0=00006AAC A1=00C00000 A2=000073D8 A3=00FF2CFE A4=00000100 A5=FFFF80C8 A6=00FF0BF0 A7=00FF0BDA D0=00000008 D1=00000300 D2=00000006 D3=00000003 D4=0000FFFF D5=000000FF D6=00000004 D7=000001DC xnzvc
00:6AB6  53 43  SUBQ.W  #1,D3                    A0=00006AAC A1=00C00000 A2=000073D8 A3=00FF2CFE A4=00000100 A5=FFFF80C8 A6=00FF0BF0 A7=00FF0BDA D0=00000009 D1=00000300 D2=00000006 D3=00000003 D4=0000FFFF D5=000000FF D6=00000004 D7=000001DC xnzvc
00:6AB8  6A F8  BPL     #$F8 [00:6AB2]           A0=00006AAC A1=00C00000 A2=000073D8 A3=00FF2CFE A4=00000100 A5=FFFF80C8 A6=00FF0BF0 A7=00FF0BDA D0=00000009 D1=00000300 D2=00000006 D3=00000002 D4=0000FFFF D5=000000FF D6=00000004 D7=000001DC xnzvc
00:6AB2  61 00  BSR     #$00B0 [00:6B64]         A0=00006AAC A1=00C00000 A2=000073D8 A3=00FF2CFE A4=00000100 A5=FFFF80C8 A6=00FF0BF0 A7=00FF0BDA D0=00000009 D1=00000300 D2=00000006 D3=00000002 D4=0000FFFF D5=000000FF D6=00000004 D7=000001DC xnzvc
00:6AB6  53 43  SUBQ.W  #1,D3                    A0=00006AAC A1=00C00000 A2=000073D8 A3=00FF2CFE A4=00000100 A5=FFFF80C8 A6=00FF0BF0 A7=00FF0BDA D0=0000000A D1=00000300 D2=00000006 D3=00000002 D4=0000FFFF D5=000000FF D6=00000004 D7=000001DC xnzvc
00:6AB8  6A F8  BPL     #$F8 [00:6AB2]           A0=00006AAC A1=00C00000 A2=000073D8 A3=00FF2CFE A4=00000100 A5=FFFF80C8 A6=00FF0BF0 A7=00FF0BDA D0=0000000A D1=00000300 D2=00000006 D3=00000001 D4=0000FFFF D5=000000FF D6=00000004 D7=000001DC xnzvc
00:6AB2  61 00  BSR     #$00B0 [00:6B64]         A0=00006AAC A1=00C00000 A2=000073D8 A3=00FF2CFE A4=00000100 A5=FFFF80C8 A6=00FF0BF0 A7=00FF0BDA D0=0000000A D1=00000300 D2=00000006 D3=00000001 D4=0000FFFF D5=000000FF D6=00000004 D7=000001DC xnzvc
00:6AB6  53 43  SUBQ.W  #1,D3                    A0=00006AAC A1=00C00000 A2=000073D8 A3=00FF2CFE A4=00000100 A5=FFFF80C8 A6=00FF0BF0 A7=00FF0BDA D0=0000000B D1=00000300 D2=00000006 D3=00000001 D4=0000FFFF D5=000000FF D6=00000004 D7=000001DC xnzvc
00:6AB8  6A F8  BPL     #$F8 [00:6AB2]           A0=00006AAC A1=00C00000 A2=000073D8 A3=00FF2CFE A4=00000100 A5=FFFF80C8 A6=00FF0BF0 A7=00FF0BDA D0=0000000B D1=00000300 D2=00000006 D3=00000000 D4=0000FFFF D5=000000FF D6=00000004 D7=000001DC xnZvc
00:6AB2  61 00  BSR     #$00B0 [00:6B64]         A0=00006AAC A1=00C00000 A2=000073D8 A3=00FF2CFE A4=00000100 A5=FFFF80C8 A6=00FF0BF0 A7=00FF0BDA D0=0000000B D1=00000300 D2=00000006 D3=00000000 D4=0000FFFF D5=000000FF D6=00000004 D7=000001DC xnZvc
00:6AB6  53 43  SUBQ.W  #1,D3                    A0=00006AAC A1=00C00000 A2=000073D8 A3=00FF2CFE A4=00000100 A5=FFFF80C8 A6=00FF0BF0 A7=00FF0BDA D0=0000000C D1=00000300 D2=00000006 D3=00000000 D4=0000FFFF D5=000000FF D6=00000004 D7=000001DC xnzvc
00:6AB8  6A F8  BPL     #$F8 [00:6AB2]           A0=00006AAC A1=00C00000 A2=000073D8 A3=00FF2CFE A4=00000100 A5=FFFF80C8 A6=00FF0BF0 A7=00FF0BDA D0=0000000C D1=00000300 D2=00000006 D3=0000FFFF D4=0000FFFF D5=000000FF D6=00000004 D7=000001DC XNzvC
00:6ABA  4E 75  RTS                              A0=00006AAC A1=00C00000 A2=000073D8 A3=00FF2CFE A4=00000100 A5=FFFF80C8 A6=00FF0BF0 A7=00FF0BDA D0=0000000C D1=00000300 D2=00000006 D3=0000FFFF D4=0000FFFF D5=000000FF D6=00000004 D7=000001DC XNzvC
00:69C0  61 00  BSR     #$01A2 [00:6B64]         A0=00006AAC A1=00C00000 A2=000073D9 A3=00FF2CFE A4=00000100 A5=FFFF80C8 A6=00FF0BF0 A7=00FF0BDE D0=0000000C D1=00000300 D2=00000006 D3=0000FFFF D4=0000FFFF D5=000000FF D6=00000004 D7=000001A0 XNzvc
00:69C4  60 F2  BRA     #$F2 [00:69B8]           A0=00006AAC A1=00C00000 A2=000073D9 A3=00FF2CFE A4=00000100 A5=FFFF80C8 A6=00FF0BF0 A7=00FF0BDE D0=0000000D D1=00000300 D2=00000006 D3=0000FFFF D4=0000FFFF D5=000000FF D6=00000004 D7=000001A0 xnzvc
00:69C0  61 00  BSR     #$01A2 [00:6B64]         A0=00006AAC A1=00C00000 A2=000073DA A3=00FF2CFE A4=00000100 A5=FFFF80C8 A6=00FF0BF0 A7=00FF0BDE D0=0000000D D1=00000300 D2=00000006 D3=0000FFFF D4=0000FFFF D5=000000FF D6=00000004 D7=000001A1 xNzvc
00:69C4  60 F2  BRA     #$F2 [00:69B8]           A0=00006AAC A1=00C00000 A2=000073DA A3=00FF2CFE A4=00000100 A5=FFFF80C8 A6=00FF0BF0 A7=00FF0BDE D0=0000000E D1=00000300 D2=00000006 D3=0000FFFF D4=0000FFFF D5=000000FF D6=00000004 D7=000001A1 xnzvc
00:6AA6  1E 1A  MOVE.B  (A2)+,D7                 A0=00006AA6 A1=00C00000 A2=000073DB A3=00FF2CFE A4=00000100 A5=FFFF80C8 A6=00FF0BF0 A7=00FF0BDA D0=00000004 D1=00000300 D2=00000006 D3=0000FFFF D4=0000FFFF D5=000000FF D6=00000004 D7=00000102 xnzvc
00:6AA8  E1 47  ASL.W   #8,D7                    A0=00006AA6 A1=00C00000 A2=000073DC A3=00FF2CFE A4=00000100 A5=FFFF80C8 A6=00FF0BF0 A7=00FF0BDA D0=00000004 D1=00000300 D2=00000006 D3=0000FFFF D4=0000FFFF D5=000000FF D6=00000004 D7=00000121 xnzvc
00:6AAA  4E 75  RTS                              A0=00006AA6 A1=00C00000 A2=000073DC A3=00FF2CFE A4=00000100 A5=FFFF80C8 A6=00FF0BF0 A7=00FF0BDA D0=00000004 D1=00000300 D2=00000006 D3=0000FFFF D4=0000FFFF D5=000000FF D6=00000004 D7=00002100 XnzVC
00:69C0  61 00  BSR     #$01A2 [00:6B64]         A0=00006AA6 A1=00C00000 A2=000073DD A3=00FF2CFE A4=00000100 A5=FFFF80C8 A6=00FF0BF0 A7=00FF0BDE D0=00000004 D1=00000300 D2=00000006 D3=0000FFFF D4=0000FFFF D5=000000FF D6=00000004 D7=000021A2 XNzvc
00:69C4  60 F2  BRA     #$F2 [00:69B8]           A0=00006AA6 A1=00C00000 A2=000073DD A3=00FF2CFE A4=00000100 A5=FFFF80C8 A6=00FF0BF0 A7=00FF0BDE D0=0000000F D1=00000300 D2=00000006 D3=0000FFFF D4=0000FFFF D5=000000FF D6=00000004 D7=000021A2 xnzvc
00:69C0  61 00  BSR     #$01A2 [00:6B64]         A0=00006AA6 A1=00C00000 A2=000073DE A3=00FF2CFE A4=00000100 A5=FFFF80C8 A6=00FF0BF0 A7=00FF0BDE D0=0000000F D1=00000300 D2=00000006 D3=0000FFFF D4=0000FFFF D5=000000FF D6=00000004 D7=000021A3 xNzvc
00:69C4  60 F2  BRA     #$F2 [00:69B8]           A0=00006AA6 A1=00C00000 A2=000073DE A3=00FF2CFE A4=00000100 A5=FFFF80C8 A6=00FF0BF0 A7=00FF0BDE D0=00000010 D1=00000300 D2=00000006 D3=0000FFFF D4=0000FFFF D5=000000FF D6=00000004 D7=000021A3 xnzvc
00:6AA6  1E 1A  MOVE.B  (A2)+,D7                 A0=00006AA6 A1=00C00000 A2=000073DF A3=00FF2CFE A4=00000100 A5=FFFF80C8 A6=00FF0BF0 A7=00FF0BDA D0=00000004 D1=00000300 D2=00000006 D3=0000FFFF D4=0000FFFF D5=000000FF D6=00000004 D7=00002102 xnzvc
00:6AA8  E1 47  ASL.W   #8,D7                    A0=00006AA6 A1=00C00000 A2=000073E0 A3=00FF2CFE A4=00000100 A5=FFFF80C8 A6=00FF0BF0 A7=00FF0BDA D0=00000004 D1=00000300 D2=00000006 D3=0000FFFF D4=0000FFFF D5=000000FF D6=00000004 D7=00002122 xnzvc
00:6AAA  4E 75  RTS                              A0=00006AA6 A1=00C00000 A2=000073E0 A3=00FF2CFE A4=00000100 A5=FFFF80C8 A6=00FF0BF0 A7=00FF0BDA D0=00000004 D1=00000300 D2=00000006 D3=0000FFFF D4=0000FFFF D5=000000FF D6=00000004 D7=00002200 XnzVC
00:69C0  61 00  BSR     #$01A2 [00:6B64]         A0=00006AA6 A1=00C00000 A2=000073E1 A3=00FF2CFE A4=00000100 A5=FFFF80C8 A6=00FF0BF0 A7=00FF0BDE D0=00000004 D1=00000300 D2=00000006 D3=0000FFFF D4=0000FFFF D5=000000FF D6=00000004 D7=00002220 Xnzvc
00:69C4  60 F2  BRA     #$F2 [00:69B8]           A0=00006AA6 A1=00C00000 A2=000073E1 A3=00FF2CFE A4=00000100 A5=FFFF80C8 A6=00FF0BF0 A7=00FF0BDE D0=00000011 D1=00000300 D2=00000006 D3=0000FFFF D4=0000FFFF D5=000000FF D6=00000004 D7=00002220 xnzvc
00:6B1C  76 00  MOVEQ   #$00,D3                  A0=00006B1C A1=00C00000 A2=000073E2 A3=00FF2CFE A4=00000100 A5=FFFF80C8 A6=00FF0BF0 A7=00FF0BDA D0=00000014 D1=00000300 D2=00000006 D3=0000FFFF D4=0000FFFF D5=000000FF D6=00000004 D7=0000220A xnzvc
00:6B1E  16 1A  MOVE.B  (A2)+,D3                 A0=00006B1C A1=00C00000 A2=000073E2 A3=00FF2CFE A4=00000100 A5=FFFF80C8 A6=00FF0BF0 A7=00FF0BDA D0=00000014 D1=00000300 D2=00000006 D3=00000000 D4=0000FFFF D5=000000FF D6=00000004 D7=0000220A xnZvc
00:6B20  48 47  SWAP.W  D7                       A0=00006B1C A1=00C00000 A2=000073E3 A3=00FF2CFE A4=00000100 A5=FFFF80C8 A6=00FF0BF0 A7=00FF0BDA D0=00000014 D1=00000300 D2=00000006 D3=00000002 D4=0000FFFF D5=000000FF D6=00000004 D7=0000220A xnzvc
00:6B22  42 47  CLR.W   D7                       A0=00006B1C A1=00C00000 A2=000073E3 A3=00FF2CFE A4=00000100 A5=FFFF80C8 A6=00FF0BF0 A7=00FF0BDA D0=00000014 D1=00000300 D2=00000006 D3=00000002 D4=0000FFFF D5=000000FF D6=00000004 D7=220A0000 xnzvc
00:6B2C  48 47  SWAP.W  D7                       A0=00006B1C A1=00C00000 A2=000073E3 A3=00FF2CFE A4=00000100 A5=FFFF80C8 A6=00FF0BF0 A7=00FF0BDA D0=00000014 D1=00000300 D2=00000006 D3=0000FFFF D4=0000FFFF D5=000000FF D6=00000004 D7=220A0000 XNzvC
00:6B2E  4E 75  RTS                              A0=00006B1C A1=00C00000 A2=000073E3 A3=00FF2CFE A4=00000100 A5=FFFF80C8 A6=00FF0BF0 A7=00FF0BDA D0=00000014 D1=00000300 D2=00000006 D3=0000FFFF D4=0000FFFF D5=000000FF D6=00000004 D7=0000220A Xnzvc
00:6AA6  1E 1A  MOVE.B  (A2)+,D7                 A0=00006AA6 A1=00C00000 A2=000073E4 A3=00FF2CFE A4=00000100 A5=FFFF80C8 A6=00FF0BF0 A7=00FF0BDA D0=00000004 D1=00000300 D2=00000006 D3=0000FFFF D4=0000FFFF D5=000000FF D6=00000004 D7=00002202 xnzvc
00:6AA8  E1 47  ASL.W   #8,D7                    A0=00006AA6 A1=00C00000 A2=000073E5 A3=00FF2CFE A4=00000100 A5=FFFF80C8 A6=00FF0BF0 A7=00FF0BDA D0=00000004 D1=00000300 D2=00000006 D3=0000FFFF D4=0000FFFF D5=000000FF D6=00000004 D7=00002222 xnzvc
00:6AAA  4E 75  RTS                              A0=00006AA6 A1=00C00000 A2=000073E5 A3=00FF2CFE A4=00000100 A5=FFFF80C8 A6=00FF0BF0 A7=00FF0BDA D0=00000004 D1=00000300 D2=00000006 D3=0000FFFF D4=0000FFFF D5=000000FF D6=00000004 D7=00002200 xnzVc
00:6B06  1E 1A  MOVE.B  (A2)+,D7                 A0=00006B06 A1=00C00000 A2=000073E6 A3=00FF2CFE A4=00000100 A5=FFFF80C8 A6=00FF0BF0 A7=00FF0BDA D0=0000000E D1=00000300 D2=00000006 D3=0000FFFF D4=0000FFFF D5=000000FF D6=00000004 D7=00002207 xnzvc
00:6B08  61 00  BSR     #$005A [00:6B64]         A0=00006B06 A1=00C00000 A2=000073E7 A3=00FF2CFE A4=00000100 A5=FFFF80C8 A6=00FF0BF0 A7=00FF0BDA D0=0000000E D1=00000300 D2=00000006 D3=0000FFFF D4=0000FFFF D5=000000FF D6=00000004 D7=0000220E xnzvc
00:6B0C  4E 75  RTS                              A0=00006B06 A1=00C00000 A2=000073E7 A3=00FF2CFE A4=00000100 A5=FFFF80C8 A6=00FF0BF0 A7=00FF0BDA D0=00000015 D1=00000300 D2=00000006 D3=0000FFFF D4=0000FFFF D5=000000FF D6=00000004 D7=0000220E xnzvc
00:6B06  1E 1A  MOVE.B  (A2)+,D7                 A0=00006B06 A1=00C00000 A2=000073E8 A3=00FF2CFE A4=00000100 A5=FFFF80C8 A6=00FF0BF0 A7=00FF0BDA D0=0000000E D1=00000300 D2=00000006 D3=0000FFFF D4=0000FFFF D5=000000FF D6=00000004 D7=00002207 xnzvc
00:6B08  61 00  BSR     #$005A [00:6B64]         A0=00006B06 A1=00C00000 A2=000073E9 A3=00FF2CFE A4=00000100 A5=FFFF80C8 A6=00FF0BF0 A7=00FF0BDA D0=0000000E D1=00000300 D2=00000006 D3=0000FFFF D4=0000FFFF D5=000000FF D6=00000004 D7=0000220F xnzvc
00:6B0C  4E 75  RTS                              A0=00006B06 A1=00C00000 A2=000073E9 A3=00FF2CFE A4=00000100 A5=FFFF80C8 A6=00FF0BF0 A7=00FF0BDA D0=00000016 D1=00000300 D2=00000006 D3=0000FFFF D4=0000FFFF D5=000000FF D6=00000004 D7=0000220F xnzvc
00:6B1C  76 00  MOVEQ   #$00,D3                  A0=00006B1C A1=00C00000 A2=000073EA A3=00FF2CFE A4=00000100 A5=FFFF80C8 A6=00FF0BF0 A7=00FF0BDA D0=00000014 D1=00000300 D2=00000006 D3=0000FFFF D4=0000FFFF D5=000000FF D6=00000004 D7=0000220A xnzvc
00:6B1E  16 1A  MOVE.B  (A2)+,D3                 A0=00006B1C A1=00C00000 A2=000073EA A3=00FF2CFE A4=00000100 A5=FFFF80C8 A6=00FF0BF0 A7=00FF0BDA D0=00000014 D1=00000300 D2=00000006 D3=00000000 D4=0000FFFF D5=000000FF D6=00000004 D7=0000220A xnZvc
00:6B20  48 47  SWAP.W  D7                       A0=00006B1C A1=00C00000 A2=000073EB A3=00FF2CFE A4=00000100 A5=FFFF80C8 A6=00FF0BF0 A7=00FF0BDA D0=00000014 D1=00000300 D2=00000006 D3=00000009 D4=0000FFFF D5=000000FF D6=00000004 D7=0000220A xnzvc
00:6B22  42 47  CLR.W   D7                       A0=00006B1C A1=00C00000 A2=000073EB A3=00FF2CFE A4=00000100 A5=FFFF80C8 A6=00FF0BF0 A7=00FF0BDA D0=00000014 D1=00000300 D2=00000006 D3=00000009 D4=0000FFFF D5=000000FF D6=00000004 D7=220A0000 xnzvc
00:6B6C  1D 6E  MOVE.B  $FFF6(A6),$FFF4(A6)      A0=00006B1C A1=00C00000 A2=000073EB A3=00FF2CFE A4=00000100 A5=FFFF80C8 A6=00FF0BF0 A7=00FF0BD6 D0=0000001F D1=00000300 D2=00000006 D3=00000000 D4=0000FFFF D5=000000FF D6=00000004 D7=220A0000 XNzvC
00:6B72  60 C6  BRA     #$C6 [00:6B3A]           A0=00006B1C A1=00C00000 A2=000073EB A3=00FF2CFE A4=00000100 A5=FFFF80C8 A6=00FF0BF0 A7=00FF0BD6 D0=0000001F D1=00000300 D2=00000006 D3=00000000 D4=0000FFFF D5=000000FF D6=00000004 D7=220A0000 Xnzvc
00:6B3A  30 2E  MOVE.W  $FFFA(A6),D0             A0=00006B1C A1=00C00000 A2=000073EB A3=00FF2CFE A4=00000100 A5=FFFF80C8 A6=00FF0BF0 A7=00FF0BD6 D0=0000001F D1=00000300 D2=00000006 D3=00000000 D4=0000FFFF D5=000000FF D6=00000004 D7=220A0000 Xnzvc
00:6B3E  32 2E  MOVE.W  $FFFC(A6),D1             A0=00006B1C A1=00C00000 A2=000073EB A3=00FF2CFE A4=00000100 A5=FFFF80C8 A6=00FF0BF0 A7=00FF0BD6 D0=00000000 D1=00000300 D2=00000006 D3=00000000 D4=0000FFFF D5=000000FF D6=00000004 D7=220A0000 XnZvc
00:6B42  52 41  ADDQ.W  #1,D1                    A0=00006B1C A1=00C00000 A2=000073EB A3=00FF2CFE A4=00000100 A5=FFFF80C8 A6=00FF0BF0 A7=00FF0BD6 D0=00000000 D1=00000006 D2=00000006 D3=00000000 D4=0000FFFF D5=000000FF D6=00000004 D7=220A0000 Xnzvc
00:6B44  B2 78  CMP.W   ($8A72),D1               A0=00006B1C A1=00C00000 A2=000073EB A3=00FF2CFE A4=00000100 A5=FFFF80C8 A6=00FF0BF0 A7=00FF0BD6 D0=00000000 D1=00000007 D2=00000006 D3=00000000 D4=0000FFFF D5=000000FF D6=00000004 D7=220A0000 xnzvc
00:6B48  65 02  BCS     #$02 [00:6B4C]           A0=00006B1C A1=00C00000 A2=000073EB A3=00FF2CFE A4=00000100 A5=FFFF80C8 A6=00FF0BF0 A7=00FF0BD6 D0=00000000 D1=00000007 D2=00000006 D3=00000000 D4=0000FFFF D5=000000FF D6=00000004 D7=220A0000 xNzvC
00:6B4C  3D 41  MOVE.W  D1,$FFFC(A6)             A0=00006B1C A1=00C00000 A2=000073EB A3=00FF2CFE A4=00000100 A5=FFFF80C8 A6=00FF0BF0 A7=00FF0BD6 D0=00000000 D1=00000007 D2=00000006 D3=00000000 D4=0000FFFF D5=000000FF D6=00000004 D7=220A0000 xNzvC
00:6B50  3D 40  MOVE.W  D0,$FFFE(A6)             A0=00006B1C A1=00C00000 A2=000073EB A3=00FF2CFE A4=00000100 A5=FFFF80C8 A6=00FF0BF0 A7=00FF0BD6 D0=00000000 D1=00000007 D2=00000006 D3=00000000 D4=0000FFFF D5=000000FF D6=00000004 D7=220A0000 xnzvc
00:6B54  61 00  BSR     #$FF46 [00:6A9C]         A0=00006B1C A1=00C00000 A2=000073EB A3=00FF2CFE A4=00000100 A5=FFFF80C8 A6=00FF0BF0 A7=00FF0BD6 D0=00000000 D1=00000007 D2=00000006 D3=00000000 D4=0000FFFF D5=000000FF D6=00000004 D7=220A0000 xnZvc
00:6A9C  4E B8  JSR     ($05CA)                  A0=00006B1C A1=00C00000 A2=000073EB A3=00FF2CFE A4=00000100 A5=FFFF80C8 A6=00FF0BF0 A7=00FF0BD2 D0=00000000 D1=00000007 D2=00000006 D3=00000000 D4=0000FFFF D5=000000FF D6=00000004 D7=220A0000 xnZvc
00:05CA  D0 40  ADD.W   D0,D0                    A0=00006B1C A1=00C00000 A2=000073EB A3=00FF2CFE A4=00000100 A5=FFFF80C8 A6=00FF0BF0 A7=00FF0BCE D0=00000000 D1=00000007 D2=00000006 D3=00000000 D4=0000FFFF D5=000000FF D6=00000004 D7=220A0000 xnZvc
00:05CC  D2 41  ADD.W   D1,D1                    A0=00006B1C A1=00C00000 A2=000073EB A3=00FF2CFE A4=00000100 A5=FFFF80C8 A6=00FF0BF0 A7=00FF0BCE D0=00000000 D1=00000007 D2=00000006 D3=00000000 D4=0000FFFF D5=000000FF D6=00000004 D7=220A0000 xnZvc
00:05CE  14 38  MOVE.B  ($8A8A),D2               A0=00006B1C A1=00C00000 A2=000073EB A3=00FF2CFE A4=00000100 A5=FFFF80C8 A6=00FF0BF0 A7=00FF0BCE D0=00000000 D1=0000000E D2=00000006 D3=00000000 D4=0000FFFF D5=000000FF D6=00000004 D7=220A0000 xnzvc
00:05D2  E5 61  ASL.W   D2,D1                    A0=00006B1C A1=00C00000 A2=000073EB A3=00FF2CFE A4=00000100 A5=FFFF80C8 A6=00FF0BF0 A7=00FF0BCE D0=00000000 D1=0000000E D2=00000006 D3=00000000 D4=0000FFFF D5=000000FF D6=00000004 D7=220A0000 xnzvc
00:05D4  D0 41  ADD.W   D1,D0                    A0=00006B1C A1=00C00000 A2=000073EB A3=00FF2CFE A4=00000100 A5=FFFF80C8 A6=00FF0BF0 A7=00FF0BCE D0=00000000 D1=00000380 D2=00000006 D3=00000000 D4=0000FFFF D5=000000FF D6=00000004 D7=220A0000 xnzvc
00:05D6  4E 75  RTS                              A0=00006B1C A1=00C00000 A2=000073EB A3=00FF2CFE A4=00000100 A5=FFFF80C8 A6=00FF0BF0 A7=00FF0BCE D0=00000380 D1=00000380 D2=00000006 D3=00000000 D4=0000FFFF D5=000000FF D6=00000004 D7=220A0000 xnzvc
00:6AA0  D0 6E  ADD.W   $FFF2(A6),D0             A0=00006B1C A1=00C00000 A2=000073EB A3=00FF2CFE A4=00000100 A5=FFFF80C8 A6=00FF0BF0 A7=00FF0BD2 D0=00000380 D1=00000380 D2=00000006 D3=00000000 D4=0000FFFF D5=000000FF D6=00000004 D7=220A0000 xnzvc
00:6AA4  4E 75  RTS                              A0=00006B1C A1=00C00000 A2=000073EB A3=00FF2CFE A4=00000100 A5=FFFF80C8 A6=00FF0BF0 A7=00FF0BD2 D0=0000E380 D1=00000380 D2=00000006 D3=00000000 D4=0000FFFF D5=000000FF D6=00000004 D7=220A0000 xNzvc
00:6B58  4E B8  JSR     ($05A0)                  A0=00006B1C A1=00C00000 A2=000073EB A3=00FF2CFE A4=00000100 A5=FFFF80C8 A6=00FF0BF0 A7=00FF0BD6 D0=0000E380 D1=00000380 D2=00000006 D3=00000000 D4=0000FFFF D5=000000FF D6=00000004 D7=220A0000 xNzvc
00:05A0  E5 80  ASL.L   #2,D0                    A0=00006B1C A1=00C00000 A2=000073EB A3=00FF2CFE A4=00000100 A5=FFFF80C8 A6=00FF0BF0 A7=00FF0BD2 D0=0000E380 D1=00000380 D2=00000006 D3=00000000 D4=0000FFFF D5=000000FF D6=00000004 D7=220A0000 xNzvc
00:05A2  E4 48  LSR.W   #2,D0                    A0=00006B1C A1=00C00000 A2=000073EB A3=00FF2CFE A4=00000100 A5=FFFF80C8 A6=00FF0BF0 A7=00FF0BD2 D0=00038E00 D1=00000380 D2=00000006 D3=00000000 D4=0000FFFF D5=000000FF D6=00000004 D7=220A0000 xnzvc
00:05A4  00 40  ORI.W   #$4000,D0                A0=00006B1C A1=00C00000 A2=000073EB A3=00FF2CFE A4=00000100 A5=FFFF80C8 A6=00FF0BF0 A7=00FF0BD2 D0=00032380 D1=00000380 D2=00000006 D3=00000000 D4=0000FFFF D5=000000FF D6=00000004 D7=220A0000 xnzvc
00:05A8  48 40  SWAP.W  D0                       A0=00006B1C A1=00C00000 A2=000073EB A3=00FF2CFE A4=00000100 A5=FFFF80C8 A6=00FF0BF0 A7=00FF0BD2 D0=00036380 D1=00000380 D2=00000006 D3=00000000 D4=0000FFFF D5=000000FF D6=00000004 D7=220A0000 xnzvc
00:05AA  02 40  ANDI.W  #$0003,D0                A0=00006B1C A1=00C00000 A2=000073EB A3=00FF2CFE A4=00000100 A5=FFFF80C8 A6=00FF0BF0 A7=00FF0BD2 D0=63800003 D1=00000380 D2=00000006 D3=00000000 D4=0000FFFF D5=000000FF D6=00000004 D7=220A0000 xnzvc
00:05AE  23 C0  MOVE.L  D0,($00C00004)           A0=00006B1C A1=00C00000 A2=000073EB A3=00FF2CFE A4=00000100 A5=FFFF80C8 A6=00FF0BF0 A7=00FF0BD2 D0=63800003 D1=00000380 D2=00000006 D3=00000000 D4=0000FFFF D5=000000FF D6=00000004 D7=220A0000 xnzvc
00:05B4  4E 75  RTS                              A0=00006B1C A1=00C00000 A2=000073EB A3=00FF2CFE A4=00000100 A5=FFFF80C8 A6=00FF0BF0 A7=00FF0BD2 D0=63800003 D1=00000380 D2=00000006 D3=00000000 D4=0000FFFF D5=000000FF D6=00000004 D7=220A0000 xnzvc
00:6B5C  43 F9  LEA     ($00C00000),A1           A0=00006B1C A1=00C00000 A2=000073EB A3=00FF2CFE A4=00000100 A5=FFFF80C8 A6=00FF0BF0 A7=00FF0BD6 D0=63800003 D1=00000380 D2=00000006 D3=00000000 D4=0000FFFF D5=000000FF D6=00000004 D7=220A0000 xnzvc
00:6B62  4E 75  RTS                              A0=00006B1C A1=00C00000 A2=000073EB A3=00FF2CFE A4=00000100 A5=FFFF80C8 A6=00FF0BF0 A7=00FF0BD6 D0=63800003 D1=00000380 D2=00000006 D3=00000000 D4=0000FFFF D5=000000FF D6=00000004 D7=220A0000 xnzvc
00:6B2C  48 47  SWAP.W  D7                       A0=00006B1C A1=00C00000 A2=000073EB A3=00FF2CFE A4=00000100 A5=FFFF80C8 A6=00FF0BF0 A7=00FF0BDA D0=63800003 D1=00000380 D2=00000006 D3=0000FFFF D4=0000FFFF D5=000000FF D6=00000004 D7=220A0000 XNzvC
00:6B2E  4E 75  RTS                              A0=00006B1C A1=00C00000 A2=000073EB A3=00FF2CFE A4=00000100 A5=FFFF80C8 A6=00FF0BF0 A7=00FF0BDA D0=63800003 D1=00000380 D2=00000006 D3=0000FFFF D4=0000FFFF D5=000000FF D6=00000004 D7=0000220A Xnzvc
00:6AA6  1E 1A  MOVE.B  (A2)+,D7                 A0=00006AA6 A1=00C00000 A2=000073EC A3=00FF2CFE A4=00000100 A5=FFFF80C8 A6=00FF0BF0 A7=00FF0BDA D0=00000004 D1=00000380 D2=00000006 D3=0000FFFF D4=0000FFFF D5=000000FF D6=00000004 D7=00002202 xnzvc
00:6AA8  E1 47  ASL.W   #8,D7                    A0=00006AA6 A1=00C00000 A2=000073ED A3=00FF2CFE A4=00000100 A5=FFFF80C8 A6=00FF0BF0 A7=00FF0BDA D0=00000004 D1=00000380 D2=00000006 D3=0000FFFF D4=0000FFFF D5=000000FF D6=00000004 D7=00002201 xnzvc
00:6AAA  4E 75  RTS                              A0=00006AA6 A1=00C00000 A2=000073ED A3=00FF2CFE A4=00000100 A5=FFFF80C8 A6=00FF0BF0 A7=00FF0BDA D0=00000004 D1=00000380 D2=00000006 D3=0000FFFF D4=0000FFFF D5=000000FF D6=00000004 D7=00000100 xnzVc
00:6AAC  76 00  MOVEQ   #$00,D3                  A0=00006AAC A1=00C00000 A2=000073EE A3=00FF2CFE A4=00000100 A5=FFFF80C8 A6=00FF0BF0 A7=00FF0BDA D0=00000006 D1=00000380 D2=00000006 D3=0000FFFF D4=0000FFFF D5=000000FF D6=00000004 D7=00000103 xnzvc
00:6AAE  16 1A  MOVE.B  (A2)+,D3                 A0=00006AAC A1=00C00000 A2=000073EE A3=00FF2CFE A4=00000100 A5=FFFF80C8 A6=00FF0BF0 A7=00FF0BDA D0=00000006 D1=00000380 D2=00000006 D3=00000000 D4=0000FFFF D5=000000FF D6=00000004 D7=00000103 xnZvc
00:6AB0  1E 1A  MOVE.B  (A2)+,D7                 A0=00006AAC A1=00C00000 A2=000073EF A3=00FF2CFE A4=00000100 A5=FFFF80C8 A6=00FF0BF0 A7=00FF0BDA D0=00000006 D1=00000380 D2=00000006 D3=0000000B D4=0000FFFF D5=000000FF D6=00000004 D7=00000103 xnzvc
00:6AB2  61 00  BSR     #$00B0 [00:6B64]         A0=00006AAC A1=00C00000 A2=000073F0 A3=00FF2CFE A4=00000100 A5=FFFF80C8 A6=00FF0BF0 A7=00FF0BDA D0=00000006 D1=00000380 D2=00000006 D3=0000000B D4=0000FFFF D5=000000FF D6=00000004 D7=000001DC xNzvc
00:6AB6  53 43  SUBQ.W  #1,D3                    A0=00006AAC A1=00C00000 A2=000073F0 A3=00FF2CFE A4=00000100 A5=FFFF80C8 A6=00FF0BF0 A7=00FF0BDA D0=00000001 D1=00000380 D2=00000006 D3=0000000B D4=0000FFFF D5=000000FF D6=00000004 D7=000001DC xnzvc
00:6AB8  6A F8  BPL     #$F8 [00:6AB2]           A0=00006AAC A1=00C00000 A2=000073F0 A3=00FF2CFE A4=00000100 A5=FFFF80C8 A6=00FF0BF0 A7=00FF0BDA D0=00000001 D1=00000380 D2=00000006 D3=0000000A D4=0000FFFF D5=000000FF D6=00000004 D7=000001DC xnzvc
00:6AB2  61 00  BSR     #$00B0 [00:6B64]         A0=00006AAC A1=00C00000 A2=000073F0 A3=00FF2CFE A4=00000100 A5=FFFF80C8 A6=00FF0BF0 A7=00FF0BDA D0=00000001 D1=00000380 D2=00000006 D3=0000000A D4=0000FFFF D5=000000FF D6=00000004 D7=000001DC xnzvc
00:6AB6  53 43  SUBQ.W  #1,D3                    A0=00006AAC A1=00C00000 A2=000073F0 A3=00FF2CFE A4=00000100 A5=FFFF80C8 A6=00FF0BF0 A7=00FF0BDA D0=00000002 D1=00000380 D2=00000006 D3=0000000A D4=0000FFFF D5=000000FF D6=00000004 D7=000001DC xnzvc
00:6AB8  6A F8  BPL     #$F8 [00:6AB2]           A0=00006AAC A1=00C00000 A2=000073F0 A3=00FF2CFE A4=00000100 A5=FFFF80C8 A6=00FF0BF0 A7=00FF0BDA D0=00000002 D1=00000380 D2=00000006 D3=00000009 D4=0000FFFF D5=000000FF D6=00000004 D7=000001DC xnzvc
00:6AB2  61 00  BSR     #$00B0 [00:6B64]         A0=00006AAC A1=00C00000 A2=000073F0 A3=00FF2CFE A4=00000100 A5=FFFF80C8 A6=00FF0BF0 A7=00FF0BDA D0=00000002 D1=00000380 D2=00000006 D3=00000009 D4=0000FFFF D5=000000FF D6=00000004 D7=000001DC xnzvc
00:6AB6  53 43  SUBQ.W  #1,D3                    A0=00006AAC A1=00C00000 A2=000073F0 A3=00FF2CFE A4=00000100 A5=FFFF80C8 A6=00FF0BF0 A7=00FF0BDA D0=00000003 D1=00000380 D2=00000006 D3=00000009 D4=0000FFFF D5=000000FF D6=00000004 D7=000001DC xnzvc
00:6AB8  6A F8  BPL     #$F8 [00:6AB2]           A0=00006AAC A1=00C00000 A2=000073F0 A3=00FF2CFE A4=00000100 A5=FFFF80C8 A6=00FF0BF0 A7=00FF0BDA D0=00000003 D1=00000380 D2=00000006 D3=00000008 D4=0000FFFF D5=000000FF D6=00000004 D7=000001DC xnzvc
00:6AB2  61 00  BSR     #$00B0 [00:6B64]         A0=00006AAC A1=00C00000 A2=000073F0 A3=00FF2CFE A4=00000100 A5=FFFF80C8 A6=00FF0BF0 A7=00FF0BDA D0=00000003 D1=00000380 D2=00000006 D3=00000008 D4=0000FFFF D5=000000FF D6=00000004 D7=000001DC xnzvc
00:6AB6  53 43  SUBQ.W  #1,D3                    A0=00006AAC A1=00C00000 A2=000073F0 A3=00FF2CFE A4=00000100 A5=FFFF80C8 A6=00FF0BF0 A7=00FF0BDA D0=00000004 D1=00000380 D2=00000006 D3=00000008 D4=0000FFFF D5=000000FF D6=00000004 D7=000001DC xnzvc
00:6AB8  6A F8  BPL     #$F8 [00:6AB2]           A0=00006AAC A1=00C00000 A2=000073F0 A3=00FF2CFE A4=00000100 A5=FFFF80C8 A6=00FF0BF0 A7=00FF0BDA D0=00000004 D1=00000380 D2=00000006 D3=00000007 D4=0000FFFF D5=000000FF D6=00000004 D7=000001DC xnzvc
00:6AB2  61 00  BSR     #$00B0 [00:6B64]         A0=00006AAC A1=00C00000 A2=000073F0 A3=00FF2CFE A4=00000100 A5=FFFF80C8 A6=00FF0BF0 A7=00FF0BDA D0=00000004 D1=00000380 D2=00000006 D3=00000007 D4=0000FFFF D5=000000FF D6=00000004 D7=000001DC xnzvc
00:6AB6  53 43  SUBQ.W  #1,D3                    A0=00006AAC A1=00C00000 A2=000073F0 A3=00FF2CFE A4=00000100 A5=FFFF80C8 A6=00FF0BF0 A7=00FF0BDA D0=00000005 D1=00000380 D2=00000006 D3=00000007 D4=0000FFFF D5=000000FF D6=00000004 D7=000001DC xnzvc
00:6AB8  6A F8  BPL     #$F8 [00:6AB2]           A0=00006AAC A1=00C00000 A2=000073F0 A3=00FF2CFE A4=00000100 A5=FFFF80C8 A6=00FF0BF0 A7=00FF0BDA D0=00000005 D1=00000380 D2=00000006 D3=00000006 D4=0000FFFF D5=000000FF D6=00000004 D7=000001DC xnzvc
00:6AB2  61 00  BSR     #$00B0 [00:6B64]         A0=00006AAC A1=00C00000 A2=000073F0 A3=00FF2CFE A4=00000100 A5=FFFF80C8 A6=00FF0BF0 A7=00FF0BDA D0=00000005 D1=00000380 D2=00000006 D3=00000006 D4=0000FFFF D5=000000FF D6=00000004 D7=000001DC xnzvc
00:6AB6  53 43  SUBQ.W  #1,D3                    A0=00006AAC A1=00C00000 A2=000073F0 A3=00FF2CFE A4=00000100 A5=FFFF80C8 A6=00FF0BF0 A7=00FF0BDA D0=00000006 D1=00000380 D2=00000006 D3=00000006 D4=0000FFFF D5=000000FF D6=00000004 D7=000001DC xnzvc
00:6AB8  6A F8  BPL     #$F8 [00:6AB2]           A0=00006AAC A1=00C00000 A2=000073F0 A3=00FF2CFE A4=00000100 A5=FFFF80C8 A6=00FF0BF0 A7=00FF0BDA D0=00000006 D1=00000380 D2=00000006 D3=00000005 D4=0000FFFF D5=000000FF D6=00000004 D7=000001DC xnzvc
00:6AB2  61 00  BSR     #$00B0 [00:6B64]         A0=00006AAC A1=00C00000 A2=000073F0 A3=00FF2CFE A4=00000100 A5=FFFF80C8 A6=00FF0BF0 A7=00FF0BDA D0=00000006 D1=00000380 D2=00000006 D3=00000005 D4=0000FFFF D5=000000FF D6=00000004 D7=000001DC xnzvc
00:6AB6  53 43  SUBQ.W  #1,D3                    A0=00006AAC A1=00C00000 A2=000073F0 A3=00FF2CFE A4=00000100 A5=FFFF80C8 A6=00FF0BF0 A7=00FF0BDA D0=00000007 D1=00000380 D2=00000006 D3=00000005 D4=0000FFFF D5=000000FF D6=00000004 D7=000001DC xnzvc
00:6AB8  6A F8  BPL     #$F8 [00:6AB2]           A0=00006AAC A1=00C00000 A2=000073F0 A3=00FF2CFE A4=00000100 A5=FFFF80C8 A6=00FF0BF0 A7=00FF0BDA D0=00000007 D1=00000380 D2=00000006 D3=00000004 D4=0000FFFF D5=000000FF D6=00000004 D7=000001DC xnzvc
00:6AB2  61 00  BSR     #$00B0 [00:6B64]         A0=00006AAC A1=00C00000 A2=000073F0 A3=00FF2CFE A4=00000100 A5=FFFF80C8 A6=00FF0BF0 A7=00FF0BDA D0=00000007 D1=00000380 D2=00000006 D3=00000004 D4=0000FFFF D5=000000FF D6=00000004 D7=000001DC xnzvc
00:6AB6  53 43  SUBQ.W  #1,D3                    A0=00006AAC A1=00C00000 A2=000073F0 A3=00FF2CFE A4=00000100 A5=FFFF80C8 A6=00FF0BF0 A7=00FF0BDA D0=00000008 D1=00000380 D2=00000006 D3=00000004 D4=0000FFFF D5=000000FF D6=00000004 D7=000001DC xnzvc
00:6AB8  6A F8  BPL     #$F8 [00:6AB2]           A0=00006AAC A1=00C00000 A2=000073F0 A3=00FF2CFE A4=00000100 A5=FFFF80C8 A6=00FF0BF0 A7=00FF0BDA D0=00000008 D1=00000380 D2=00000006 D3=00000003 D4=0000FFFF D5=000000FF D6=00000004 D7=000001DC xnzvc
00:6AB2  61 00  BSR     #$00B0 [00:6B64]         A0=00006AAC A1=00C00000 A2=000073F0 A3=00FF2CFE A4=00000100 A5=FFFF80C8 A6=00FF0BF0 A7=00FF0BDA D0=00000008 D1=00000380 D2=00000006 D3=00000003 D4=0000FFFF D5=000000FF D6=00000004 D7=000001DC xnzvc
00:6AB6  53 43  SUBQ.W  #1,D3                    A0=00006AAC A1=00C00000 A2=000073F0 A3=00FF2CFE A4=00000100 A5=FFFF80C8 A6=00FF0BF0 A7=00FF0BDA D0=00000009 D1=00000380 D2=00000006 D3=00000003 D4=0000FFFF D5=000000FF D6=00000004 D7=000001DC xnzvc
00:6AB8  6A F8  BPL     #$F8 [00:6AB2]           A0=00006AAC A1=00C00000 A2=000073F0 A3=00FF2CFE A4=00000100 A5=FFFF80C8 A6=00FF0BF0 A7=00FF0BDA D0=00000009 D1=00000380 D2=00000006 D3=00000002 D4=0000FFFF D5=000000FF D6=00000004 D7=000001DC xnzvc
00:6AB2  61 00  BSR     #$00B0 [00:6B64]         A0=00006AAC A1=00C00000 A2=000073F0 A3=00FF2CFE A4=00000100 A5=FFFF80C8 A6=00FF0BF0 A7=00FF0BDA D0=00000009 D1=00000380 D2=00000006 D3=00000002 D4=0000FFFF D5=000000FF D6=00000004 D7=000001DC xnzvc
00:6AB6  53 43  SUBQ.W  #1,D3                    A0=00006AAC A1=00C00000 A2=000073F0 A3=00FF2CFE A4=00000100 A5=FFFF80C8 A6=00FF0BF0 A7=00FF0BDA D0=0000000A D1=00000380 D2=00000006 D3=00000002 D4=0000FFFF D5=000000FF D6=00000004 D7=000001DC xnzvc
00:6AB8  6A F8  BPL     #$F8 [00:6AB2]           A0=00006AAC A1=00C00000 A2=000073F0 A3=00FF2CFE A4=00000100 A5=FFFF80C8 A6=00FF0BF0 A7=00FF0BDA D0=0000000A D1=00000380 D2=00000006 D3=00000001 D4=0000FFFF D5=000000FF D6=00000004 D7=000001DC xnzvc
00:6AB2  61 00  BSR     #$00B0 [00:6B64]         A0=00006AAC A1=00C00000 A2=000073F0 A3=00FF2CFE A4=00000100 A5=FFFF80C8 A6=00FF0BF0 A7=00FF0BDA D0=0000000A D1=00000380 D2=00000006 D3=00000001 D4=0000FFFF D5=000000FF D6=00000004 D7=000001DC xnzvc
00:6AB6  53 43  SUBQ.W  #1,D3                    A0=00006AAC A1=00C00000 A2=000073F0 A3=00FF2CFE A4=00000100 A5=FFFF80C8 A6=00FF0BF0 A7=00FF0BDA D0=0000000B D1=00000380 D2=00000006 D3=00000001 D4=0000FFFF D5=000000FF D6=00000004 D7=000001DC xnzvc
00:6AB8  6A F8  BPL     #$F8 [00:6AB2]           A0=00006AAC A1=00C00000 A2=000073F0 A3=00FF2CFE A4=00000100 A5=FFFF80C8 A6=00FF0BF0 A7=00FF0BDA D0=0000000B D1=00000380 D2=00000006 D3=00000000 D4=0000FFFF D5=000000FF D6=00000004 D7=000001DC xnZvc
00:6AB2  61 00  BSR     #$00B0 [00:6B64]         A0=00006AAC A1=00C00000 A2=000073F0 A3=00FF2CFE A4=00000100 A5=FFFF80C8 A6=00FF0BF0 A7=00FF0BDA D0=0000000B D1=00000380 D2=00000006 D3=00000000 D4=0000FFFF D5=000000FF D6=00000004 D7=000001DC xnZvc
00:6AB6  53 43  SUBQ.W  #1,D3                    A0=00006AAC A1=00C00000 A2=000073F0 A3=00FF2CFE A4=00000100 A5=FFFF80C8 A6=00FF0BF0 A7=00FF0BDA D0=0000000C D1=00000380 D2=00000006 D3=00000000 D4=0000FFFF D5=000000FF D6=00000004 D7=000001DC xnzvc
00:6AB8  6A F8  BPL     #$F8 [00:6AB2]           A0=00006AAC A1=00C00000 A2=000073F0 A3=00FF2CFE A4=00000100 A5=FFFF80C8 A6=00FF0BF0 A7=00FF0BDA D0=0000000C D1=00000380 D2=00000006 D3=0000FFFF D4=0000FFFF D5=000000FF D6=00000004 D7=000001DC XNzvC
00:6ABA  4E 75  RTS                              A0=00006AAC A1=00C00000 A2=000073F0 A3=00FF2CFE A4=00000100 A5=FFFF80C8 A6=00FF0BF0 A7=00FF0BDA D0=0000000C D1=00000380 D2=00000006 D3=0000FFFF D4=0000FFFF D5=000000FF D6=00000004 D7=000001DC XNzvC
00:69C0  61 00  BSR     #$01A2 [00:6B64]         A0=00006AAC A1=00C00000 A2=000073F1 A3=00FF2CFE A4=00000100 A5=FFFF80C8 A6=00FF0BF0 A7=00FF0BDE D0=0000000C D1=00000380 D2=00000006 D3=0000FFFF D4=0000FFFF D5=000000FF D6=00000004 D7=000001B0 XNzvc
00:69C4  60 F2  BRA     #$F2 [00:69B8]           A0=00006AAC A1=00C00000 A2=000073F1 A3=00FF2CFE A4=00000100 A5=FFFF80C8 A6=00FF0BF0 A7=00FF0BDE D0=0000000D D1=00000380 D2=00000006 D3=0000FFFF D4=0000FFFF D5=000000FF D6=00000004 D7=000001B0 xnzvc
00:69C0  61 00  BSR     #$01A2 [00:6B64]         A0=00006AAC A1=00C00000 A2=000073F2 A3=00FF2CFE A4=00000100 A5=FFFF80C8 A6=00FF0BF0 A7=00FF0BDE D0=0000000D D1=00000380 D2=00000006 D3=0000FFFF D4=0000FFFF D5=000000FF D6=00000004 D7=000001B1 xNzvc
00:69C4  60 F2  BRA     #$F2 [00:69B8]           A0=00006AAC A1=00C00000 A2=000073F2 A3=00FF2CFE A4=00000100 A5=FFFF80C8 A6=00FF0BF0 A7=00FF0BDE D0=0000000E D1=00000380 D2=00000006 D3=0000FFFF D4=0000FFFF D5=000000FF D6=00000004 D7=000001B1 xnzvc
00:6AA6  1E 1A  MOVE.B  (A2)+,D7                 A0=00006AA6 A1=00C00000 A2=000073F3 A3=00FF2CFE A4=00000100 A5=FFFF80C8 A6=00FF0BF0 A7=00FF0BDA D0=00000004 D1=00000380 D2=00000006 D3=0000FFFF D4=0000FFFF D5=000000FF D6=00000004 D7=00000102 xnzvc
00:6AA8  E1 47  ASL.W   #8,D7                    A0=00006AA6 A1=00C00000 A2=000073F4 A3=00FF2CFE A4=00000100 A5=FFFF80C8 A6=00FF0BF0 A7=00FF0BDA D0=00000004 D1=00000380 D2=00000006 D3=0000FFFF D4=0000FFFF D5=000000FF D6=00000004 D7=00000121 xnzvc
00:6AAA  4E 75  RTS                              A0=00006AA6 A1=00C00000 A2=000073F4 A3=00FF2CFE A4=00000100 A5=FFFF80C8 A6=00FF0BF0 A7=00FF0BDA D0=00000004 D1=00000380 D2=00000006 D3=0000FFFF D4=0000FFFF D5=000000FF D6=00000004 D7=00002100 XnzVC
00:69C0  61 00  BSR     #$01A2 [00:6B64]         A0=00006AA6 A1=00C00000 A2=000073F5 A3=00FF2CFE A4=00000100 A5=FFFF80C8 A6=00FF0BF0 A7=00FF0BDE D0=00000004 D1=00000380 D2=00000006 D3=0000FFFF D4=0000FFFF D5=000000FF D6=00000004 D7=000021B2 XNzvc
00:69C4  60 F2  BRA     #$F2 [00:69B8]           A0=00006AA6 A1=00C00000 A2=000073F5 A3=00FF2CFE A4=00000100 A5=FFFF80C8 A6=00FF0BF0 A7=00FF0BDE D0=0000000F D1=00000380 D2=00000006 D3=0000FFFF D4=0000FFFF D5=000000FF D6=00000004 D7=000021B2 xnzvc
00:69C0  61 00  BSR     #$01A2 [00:6B64]         A0=00006AA6 A1=00C00000 A2=000073F6 A3=00FF2CFE A4=00000100 A5=FFFF80C8 A6=00FF0BF0 A7=00FF0BDE D0=0000000F D1=00000380 D2=00000006 D3=0000FFFF D4=0000FFFF D5=000000FF D6=00000004 D7=000021B3 xNzvc
00:69C4  60 F2  BRA     #$F2 [00:69B8]           A0=00006AA6 A1=00C00000 A2=000073F6 A3=00FF2CFE A4=00000100 A5=FFFF80C8 A6=00FF0BF0 A7=00FF0BDE D0=00000010 D1=00000380 D2=00000006 D3=0000FFFF D4=0000FFFF D5=000000FF D6=00000004 D7=000021B3 xnzvc
00:6AA6  1E 1A  MOVE.B  (A2)+,D7                 A0=00006AA6 A1=00C00000 A2=000073F7 A3=00FF2CFE A4=00000100 A5=FFFF80C8 A6=00FF0BF0 A7=00FF0BDA D0=00000004 D1=00000380 D2=00000006 D3=0000FFFF D4=0000FFFF D5=000000FF D6=00000004 D7=00002102 xnzvc
00:6AA8  E1 47  ASL.W   #8,D7                    A0=00006AA6 A1=00C00000 A2=000073F8 A3=00FF2CFE A4=00000100 A5=FFFF80C8 A6=00FF0BF0 A7=00FF0BDA D0=00000004 D1=00000380 D2=00000006 D3=0000FFFF D4=0000FFFF D5=000000FF D6=00000004 D7=00002122 xnzvc
00:6AAA  4E 75  RTS                              A0=00006AA6 A1=00C00000 A2=000073F8 A3=00FF2CFE A4=00000100 A5=FFFF80C8 A6=00FF0BF0 A7=00FF0BDA D0=00000004 D1=00000380 D2=00000006 D3=0000FFFF D4=0000FFFF D5=000000FF D6=00000004 D7=00002200 XnzVC
00:6ABC  76 00  MOVEQ   #$00,D3                  A0=00006ABC A1=00C00000 A2=000073F9 A3=00FF2CFE A4=00000100 A5=FFFF80C8 A6=00FF0BF0 A7=00FF0BDA D0=00000008 D1=00000380 D2=00000006 D3=0000FFFF D4=0000FFFF D5=000000FF D6=00000004 D7=00002204 xnzvc
00:6ABE  16 1A  MOVE.B  (A2)+,D3                 A0=00006ABC A1=00C00000 A2=000073F9 A3=00FF2CFE A4=00000100 A5=FFFF80C8 A6=00FF0BF0 A7=00FF0BDA D0=00000008 D1=00000380 D2=00000006 D3=00000000 D4=0000FFFF D5=000000FF D6=00000004 D7=00002204 xnZvc
00:6AC0  1E 1A  MOVE.B  (A2)+,D7                 A0=00006ABC A1=00C00000 A2=000073FA A3=00FF2CFE A4=00000100 A5=FFFF80C8 A6=00FF0BF0 A7=00FF0BDA D0=00000008 D1=00000380 D2=00000006 D3=00000003 D4=0000FFFF D5=000000FF D6=00000004 D7=00002204 xnzvc
00:6AC2  61 00  BSR     #$001C [00:6AE0]         A0=00006ABC A1=00C00000 A2=000073FB A3=00FF2CFE A4=00000100 A5=FFFF80C8 A6=00FF0BF0 A7=00FF0BDA D0=00000008 D1=00000380 D2=00000006 D3=00000003 D4=0000FFFF D5=000000FF D6=00000004 D7=0000220A xnzvc
00:6AEA  4E 75  RTS                              A0=00006ABC A1=00C00000 A2=000073FB A3=00FF2CFE A4=00000100 A5=FFFF80C8 A6=00FF0BF0 A7=00FF0BD6 D0=00000014 D1=00000380 D2=00000006 D3=0000FFFF D4=0000FFFF D5=000000FF D6=00000004 D7=0000220E XNzvC
00:6AC6  4E 75  RTS                              A0=00006ABC A1=00C00000 A2=000073FB A3=00FF2CFE A4=00000100 A5=FFFF80C8 A6=00FF0BF0 A7=00FF0BDA D0=00000014 D1=00000380 D2=00000006 D3=0000FFFF D4=0000FFFF D5=000000FF D6=00000004 D7=0000220E XNzvC
00:69C0  61 00  BSR     #$01A2 [00:6B64]         A0=00006ABC A1=00C00000 A2=000073FC A3=00FF2CFE A4=00000100 A5=FFFF80C8 A6=00FF0BF0 A7=00FF0BDE D0=00000014 D1=00000380 D2=00000006 D3=0000FFFF D4=0000FFFF D5=000000FF D6=00000004 D7=0000221E Xnzvc
00:69C4  60 F2  BRA     #$F2 [00:69B8]           A0=00006ABC A1=00C00000 A2=000073FC A3=00FF2CFE A4=00000100 A5=FFFF80C8 A6=00FF0BF0 A7=00FF0BDE D0=00000015 D1=00000380 D2=00000006 D3=0000FFFF D4=0000FFFF D5=000000FF D6=00000004 D7=0000221E xnzvc
00:69C0  61 00  BSR     #$01A2 [00:6B64]         A0=00006ABC A1=00C00000 A2=000073FD A3=00FF2CFE A4=00000100 A5=FFFF80C8 A6=00FF0BF0 A7=00FF0BDE D0=00000015 D1=00000380 D2=00000006 D3=0000FFFF D4=0000FFFF D5=000000FF D6=00000004 D7=0000221F xnzvc
00:69C4  60 F2  BRA     #$F2 [00:69B8]           A0=00006ABC A1=00C00000 A2=000073FD A3=00FF2CFE A4=00000100 A5=FFFF80C8 A6=00FF0BF0 A7=00FF0BDE D0=00000016 D1=00000380 D2=00000006 D3=0000FFFF D4=0000FFFF D5=000000FF D6=00000004 D7=0000221F xnzvc
00:6B1C  76 00  MOVEQ   #$00,D3                  A0=00006B1C A1=00C00000 A2=000073FE A3=00FF2CFE A4=00000100 A5=FFFF80C8 A6=00FF0BF0 A7=00FF0BDA D0=00000014 D1=00000380 D2=00000006 D3=0000FFFF D4=0000FFFF D5=000000FF D6=00000004 D7=0000220A xnzvc
00:6B1E  16 1A  MOVE.B  (A2)+,D3                 A0=00006B1C A1=00C00000 A2=000073FE A3=00FF2CFE A4=00000100 A5=FFFF80C8 A6=00FF0BF0 A7=00FF0BDA D0=00000014 D1=00000380 D2=00000006 D3=00000000 D4=0000FFFF D5=000000FF D6=00000004 D7=0000220A xnZvc
00:6B20  48 47  SWAP.W  D7                       A0=00006B1C A1=00C00000 A2=000073FF A3=00FF2CFE A4=00000100 A5=FFFF80C8 A6=00FF0BF0 A7=00FF0BDA D0=00000014 D1=00000380 D2=00000006 D3=00000009 D4=0000FFFF D5=000000FF D6=00000004 D7=0000220A xnzvc
00:6B22  42 47  CLR.W   D7                       A0=00006B1C A1=00C00000 A2=000073FF A3=00FF2CFE A4=00000100 A5=FFFF80C8 A6=00FF0BF0 A7=00FF0BDA D0=00000014 D1=00000380 D2=00000006 D3=00000009 D4=0000FFFF D5=000000FF D6=00000004 D7=220A0000 xnzvc
00:6B6C  1D 6E  MOVE.B  $FFF6(A6),$FFF4(A6)      A0=00006B1C A1=00C00000 A2=000073FF A3=00FF2CFE A4=00000100 A5=FFFF80C8 A6=00FF0BF0 A7=00FF0BD6 D0=0000001F D1=00000380 D2=00000006 D3=00000000 D4=0000FFFF D5=000000FF D6=00000004 D7=220A0000 XNzvC
00:6B72  60 C6  BRA     #$C6 [00:6B3A]           A0=00006B1C A1=00C00000 A2=000073FF A3=00FF2CFE A4=00000100 A5=FFFF80C8 A6=00FF0BF0 A7=00FF0BD6 D0=0000001F D1=00000380 D2=00000006 D3=00000000 D4=0000FFFF D5=000000FF D6=00000004 D7=220A0000 Xnzvc
00:6B3A  30 2E  MOVE.W  $FFFA(A6),D0             A0=00006B1C A1=00C00000 A2=000073FF A3=00FF2CFE A4=00000100 A5=FFFF80C8 A6=00FF0BF0 A7=00FF0BD6 D0=0000001F D1=00000380 D2=00000006 D3=00000000 D4=0000FFFF D5=000000FF D6=00000004 D7=220A0000 Xnzvc
00:6B3E  32 2E  MOVE.W  $FFFC(A6),D1             A0=00006B1C A1=00C00000 A2=000073FF A3=00FF2CFE A4=00000100 A5=FFFF80C8 A6=00FF0BF0 A7=00FF0BD6 D0=00000000 D1=00000380 D2=00000006 D3=00000000 D4=0000FFFF D5=000000FF D6=00000004 D7=220A0000 XnZvc
00:6B42  52 41  ADDQ.W  #1,D1                    A0=00006B1C A1=00C00000 A2=000073FF A3=00FF2CFE A4=00000100 A5=FFFF80C8 A6=00FF0BF0 A7=00FF0BD6 D0=00000000 D1=00000007 D2=00000006 D3=00000000 D4=0000FFFF D5=000000FF D6=00000004 D7=220A0000 Xnzvc
00:6B44  B2 78  CMP.W   ($8A72),D1               A0=00006B1C A1=00C00000 A2=000073FF A3=00FF2CFE A4=00000100 A5=FFFF80C8 A6=00FF0BF0 A7=00FF0BD6 D0=00000000 D1=00000008 D2=00000006 D3=00000000 D4=0000FFFF D5=000000FF D6=00000004 D7=220A0000 xnzvc
00:6B48  65 02  BCS     #$02 [00:6B4C]           A0=00006B1C A1=00C00000 A2=000073FF A3=00FF2CFE A4=00000100 A5=FFFF80C8 A6=00FF0BF0 A7=00FF0BD6 D0=00000000 D1=00000008 D2=00000006 D3=00000000 D4=0000FFFF D5=000000FF D6=00000004 D7=220A0000 xNzvC
00:6B4C  3D 41  MOVE.W  D1,$FFFC(A6)             A0=00006B1C A1=00C00000 A2=000073FF A3=00FF2CFE A4=00000100 A5=FFFF80C8 A6=00FF0BF0 A7=00FF0BD6 D0=00000000 D1=00000008 D2=00000006 D3=00000000 D4=0000FFFF D5=000000FF D6=00000004 D7=220A0000 xNzvC
00:6B50  3D 40  MOVE.W  D0,$FFFE(A6)             A0=00006B1C A1=00C00000 A2=000073FF A3=00FF2CFE A4=00000100 A5=FFFF80C8 A6=00FF0BF0 A7=00FF0BD6 D0=00000000 D1=00000008 D2=00000006 D3=00000000 D4=0000FFFF D5=000000FF D6=00000004 D7=220A0000 xnzvc
00:6B54  61 00  BSR     #$FF46 [00:6A9C]         A0=00006B1C A1=00C00000 A2=000073FF A3=00FF2CFE A4=00000100 A5=FFFF80C8 A6=00FF0BF0 A7=00FF0BD6 D0=00000000 D1=00000008 D2=00000006 D3=00000000 D4=0000FFFF D5=000000FF D6=00000004 D7=220A0000 xnZvc
00:6A9C  4E B8  JSR     ($05CA)                  A0=00006B1C A1=00C00000 A2=000073FF A3=00FF2CFE A4=00000100 A5=FFFF80C8 A6=00FF0BF0 A7=00FF0BD2 D0=00000000 D1=00000008 D2=00000006 D3=00000000 D4=0000FFFF D5=000000FF D6=00000004 D7=220A0000 xnZvc
00:05CA  D0 40  ADD.W   D0,D0                    A0=00006B1C A1=00C00000 A2=000073FF A3=00FF2CFE A4=00000100 A5=FFFF80C8 A6=00FF0BF0 A7=00FF0BCE D0=00000000 D1=00000008 D2=00000006 D3=00000000 D4=0000FFFF D5=000000FF D6=00000004 D7=220A0000 xnZvc
00:05CC  D2 41  ADD.W   D1,D1                    A0=00006B1C A1=00C00000 A2=000073FF A3=00FF2CFE A4=00000100 A5=FFFF80C8 A6=00FF0BF0 A7=00FF0BCE D0=00000000 D1=00000008 D2=00000006 D3=00000000 D4=0000FFFF D5=000000FF D6=00000004 D7=220A0000 xnZvc
00:05CE  14 38  MOVE.B  ($8A8A),D2               A0=00006B1C A1=00C00000 A2=000073FF A3=00FF2CFE A4=00000100 A5=FFFF80C8 A6=00FF0BF0 A7=00FF0BCE D0=00000000 D1=00000010 D2=00000006 D3=00000000 D4=0000FFFF D5=000000FF D6=00000004 D7=220A0000 xnzvc
00:05D2  E5 61  ASL.W   D2,D1                    A0=00006B1C A1=00C00000 A2=000073FF A3=00FF2CFE A4=00000100 A5=FFFF80C8 A6=00FF0BF0 A7=00FF0BCE D0=00000000 D1=00000010 D2=00000006 D3=00000000 D4=0000FFFF D5=000000FF D6=00000004 D7=220A0000 xnzvc
00:05D4  D0 41  ADD.W   D1,D0                    A0=00006B1C A1=00C00000 A2=000073FF A3=00FF2CFE A4=00000100 A5=FFFF80C8 A6=00FF0BF0 A7=00FF0BCE D0=00000000 D1=00000400 D2=00000006 D3=00000000 D4=0000FFFF D5=000000FF D6=00000004 D7=220A0000 xnzvc
00:05D6  4E 75  RTS                              A0=00006B1C A1=00C00000 A2=000073FF A3=00FF2CFE A4=00000100 A5=FFFF80C8 A6=00FF0BF0 A7=00FF0BCE D0=00000400 D1=00000400 D2=00000006 D3=00000000 D4=0000FFFF D5=000000FF D6=00000004 D7=220A0000 xnzvc
00:6AA0  D0 6E  ADD.W   $FFF2(A6),D0             A0=00006B1C A1=00C00000 A2=000073FF A3=00FF2CFE A4=00000100 A5=FFFF80C8 A6=00FF0BF0 A7=00FF0BD2 D0=00000400 D1=00000400 D2=00000006 D3=00000000 D4=0000FFFF D5=000000FF D6=00000004 D7=220A0000 xnzvc
00:6AA4  4E 75  RTS                              A0=00006B1C A1=00C00000 A2=000073FF A3=00FF2CFE A4=00000100 A5=FFFF80C8 A6=00FF0BF0 A7=00FF0BD2 D0=0000E400 D1=00000400 D2=00000006 D3=00000000 D4=0000FFFF D5=000000FF D6=00000004 D7=220A0000 xNzvc
00:6B58  4E B8  JSR     ($05A0)                  A0=00006B1C A1=00C00000 A2=000073FF A3=00FF2CFE A4=00000100 A5=FFFF80C8 A6=00FF0BF0 A7=00FF0BD6 D0=0000E400 D1=00000400 D2=00000006 D3=00000000 D4=0000FFFF D5=000000FF D6=00000004 D7=220A0000 xNzvc
00:05A0  E5 80  ASL.L   #2,D0                    A0=00006B1C A1=00C00000 A2=000073FF A3=00FF2CFE A4=00000100 A5=FFFF80C8 A6=00FF0BF0 A7=00FF0BD2 D0=0000E400 D1=00000400 D2=00000006 D3=00000000 D4=0000FFFF D5=000000FF D6=00000004 D7=220A0000 xNzvc
00:05A2  E4 48  LSR.W   #2,D0                    A0=00006B1C A1=00C00000 A2=000073FF A3=00FF2CFE A4=00000100 A5=FFFF80C8 A6=00FF0BF0 A7=00FF0BD2 D0=00039000 D1=00000400 D2=00000006 D3=00000000 D4=0000FFFF D5=000000FF D6=00000004 D7=220A0000 xnzvc
00:05A4  00 40  ORI.W   #$4000,D0                A0=00006B1C A1=00C00000 A2=000073FF A3=00FF2CFE A4=00000100 A5=FFFF80C8 A6=00FF0BF0 A7=00FF0BD2 D0=00032400 D1=00000400 D2=00000006 D3=00000000 D4=0000FFFF D5=000000FF D6=00000004 D7=220A0000 xnzvc
00:05A8  48 40  SWAP.W  D0                       A0=00006B1C A1=00C00000 A2=000073FF A3=00FF2CFE A4=00000100 A5=FFFF80C8 A6=00FF0BF0 A7=00FF0BD2 D0=00036400 D1=00000400 D2=00000006 D3=00000000 D4=0000FFFF D5=000000FF D6=00000004 D7=220A0000 xnzvc
00:05AA  02 40  ANDI.W  #$0003,D0                A0=00006B1C A1=00C00000 A2=000073FF A3=00FF2CFE A4=00000100 A5=FFFF80C8 A6=00FF0BF0 A7=00FF0BD2 D0=64000003 D1=00000400 D2=00000006 D3=00000000 D4=0000FFFF D5=000000FF D6=00000004 D7=220A0000 xnzvc
00:05AE  23 C0  MOVE.L  D0,($00C00004)           A0=00006B1C A1=00C00000 A2=000073FF A3=00FF2CFE A4=00000100 A5=FFFF80C8 A6=00FF0BF0 A7=00FF0BD2 D0=64000003 D1=00000400 D2=00000006 D3=00000000 D4=0000FFFF D5=000000FF D6=00000004 D7=220A0000 xnzvc
00:05B4  4E 75  RTS                              A0=00006B1C A1=00C00000 A2=000073FF A3=00FF2CFE A4=00000100 A5=FFFF80C8 A6=00FF0BF0 A7=00FF0BD2 D0=64000003 D1=00000400 D2=00000006 D3=00000000 D4=0000FFFF D5=000000FF D6=00000004 D7=220A0000 xnzvc
00:6B5C  43 F9  LEA     ($00C00000),A1           A0=00006B1C A1=00C00000 A2=000073FF A3=00FF2CFE A4=00000100 A5=FFFF80C8 A6=00FF0BF0 A7=00FF0BD6 D0=64000003 D1=00000400 D2=00000006 D3=00000000 D4=0000FFFF D5=000000FF D6=00000004 D7=220A0000 xnzvc
00:6B62  4E 75  RTS                              A0=00006B1C A1=00C00000 A2=000073FF A3=00FF2CFE A4=00000100 A5=FFFF80C8 A6=00FF0BF0 A7=00FF0BD6 D0=64000003 D1=00000400 D2=00000006 D3=00000000 D4=0000FFFF D5=000000FF D6=00000004 D7=220A0000 xnzvc
00:6B2C  48 47  SWAP.W  D7                       A0=00006B1C A1=00C00000 A2=000073FF A3=00FF2CFE A4=00000100 A5=FFFF80C8 A6=00FF0BF0 A7=00FF0BDA D0=64000003 D1=00000400 D2=00000006 D3=0000FFFF D4=0000FFFF D5=000000FF D6=00000004 D7=220A0000 XNzvC
00:6B2E  4E 75  RTS                              A0=00006B1C A1=00C00000 A2=000073FF A3=00FF2CFE A4=00000100 A5=FFFF80C8 A6=00FF0BF0 A7=00FF0BDA D0=64000003 D1=00000400 D2=00000006 D3=0000FFFF D4=0000FFFF D5=000000FF D6=00000004 D7=0000220A Xnzvc
00:6AA6  1E 1A  MOVE.B  (A2)+,D7                 A0=00006AA6 A1=00C00000 A2=00007400 A3=00FF2CFE A4=00000100 A5=FFFF80C8 A6=00FF0BF0 A7=00FF0BDA D0=00000004 D1=00000400 D2=00000006 D3=0000FFFF D4=0000FFFF D5=000000FF D6=00000004 D7=00002202 xnzvc
00:6AA8  E1 47  ASL.W   #8,D7                    A0=00006AA6 A1=00C00000 A2=00007401 A3=00FF2CFE A4=00000100 A5=FFFF80C8 A6=00FF0BF0 A7=00FF0BDA D0=00000004 D1=00000400 D2=00000006 D3=0000FFFF D4=0000FFFF D5=000000FF D6=00000004 D7=00002201 xnzvc
00:6AAA  4E 75  RTS                              A0=00006AA6 A1=00C00000 A2=00007401 A3=00FF2CFE A4=00000100 A5=FFFF80C8 A6=00FF0BF0 A7=00FF0BDA D0=00000004 D1=00000400 D2=00000006 D3=0000FFFF D4=0000FFFF D5=000000FF D6=00000004 D7=00000100 xnzVc
00:6AAC  76 00  MOVEQ   #$00,D3                  A0=00006AAC A1=00C00000 A2=00007402 A3=00FF2CFE A4=00000100 A5=FFFF80C8 A6=00FF0BF0 A7=00FF0BDA D0=00000006 D1=00000400 D2=00000006 D3=0000FFFF D4=0000FFFF D5=000000FF D6=00000004 D7=00000103 xnzvc
00:6AAE  16 1A  MOVE.B  (A2)+,D3                 A0=00006AAC A1=00C00000 A2=00007402 A3=00FF2CFE A4=00000100 A5=FFFF80C8 A6=00FF0BF0 A7=00FF0BDA D0=00000006 D1=00000400 D2=00000006 D3=00000000 D4=0000FFFF D5=000000FF D6=00000004 D7=00000103 xnZvc
00:6AB0  1E 1A  MOVE.B  (A2)+,D7                 A0=00006AAC A1=00C00000 A2=00007403 A3=00FF2CFE A4=00000100 A5=FFFF80C8 A6=00FF0BF0 A7=00FF0BDA D0=00000006 D1=00000400 D2=00000006 D3=0000000B D4=0000FFFF D5=000000FF D6=00000004 D7=00000103 xnzvc
00:6AB2  61 00  BSR     #$00B0 [00:6B64]         A0=00006AAC A1=00C00000 A2=00007404 A3=00FF2CFE A4=00000100 A5=FFFF80C8 A6=00FF0BF0 A7=00FF0BDA D0=00000006 D1=00000400 D2=00000006 D3=0000000B D4=0000FFFF D5=000000FF D6=00000004 D7=000001DC xNzvc
00:6AB6  53 43  SUBQ.W  #1,D3                    A0=00006AAC A1=00C00000 A2=00007404 A3=00FF2CFE A4=00000100 A5=FFFF80C8 A6=00FF0BF0 A7=00FF0BDA D0=00000001 D1=00000400 D2=00000006 D3=0000000B D4=0000FFFF D5=000000FF D6=00000004 D7=000001DC xnzvc
00:6AB8  6A F8  BPL     #$F8 [00:6AB2]           A0=00006AAC A1=00C00000 A2=00007404 A3=00FF2CFE A4=00000100 A5=FFFF80C8 A6=00FF0BF0 A7=00FF0BDA D0=00000001 D1=00000400 D2=00000006 D3=0000000A D4=0000FFFF D5=000000FF D6=00000004 D7=000001DC xnzvc
00:6AB2  61 00  BSR     #$00B0 [00:6B64]         A0=00006AAC A1=00C00000 A2=00007404 A3=00FF2CFE A4=00000100 A5=FFFF80C8 A6=00FF0BF0 A7=00FF0BDA D0=00000001 D1=00000400 D2=00000006 D3=0000000A D4=0000FFFF D5=000000FF D6=00000004 D7=000001DC xnzvc
00:6AB6  53 43  SUBQ.W  #1,D3                    A0=00006AAC A1=00C00000 A2=00007404 A3=00FF2CFE A4=00000100 A5=FFFF80C8 A6=00FF0BF0 A7=00FF0BDA D0=00000002 D1=00000400 D2=00000006 D3=0000000A D4=0000FFFF D5=000000FF D6=00000004 D7=000001DC xnzvc
00:6AB8  6A F8  BPL     #$F8 [00:6AB2]           A0=00006AAC A1=00C00000 A2=00007404 A3=00FF2CFE A4=00000100 A5=FFFF80C8 A6=00FF0BF0 A7=00FF0BDA D0=00000002 D1=00000400 D2=00000006 D3=00000009 D4=0000FFFF D5=000000FF D6=00000004 D7=000001DC xnzvc
00:6AB2  61 00  BSR     #$00B0 [00:6B64]         A0=00006AAC A1=00C00000 A2=00007404 A3=00FF2CFE A4=00000100 A5=FFFF80C8 A6=00FF0BF0 A7=00FF0BDA D0=00000002 D1=00000400 D2=00000006 D3=00000009 D4=0000FFFF D5=000000FF D6=00000004 D7=000001DC xnzvc
00:6AB6  53 43  SUBQ.W  #1,D3                    A0=00006AAC A1=00C00000 A2=00007404 A3=00FF2CFE A4=00000100 A5=FFFF80C8 A6=00FF0BF0 A7=00FF0BDA D0=00000003 D1=00000400 D2=00000006 D3=00000009 D4=0000FFFF D5=000000FF D6=00000004 D7=000001DC xnzvc
00:6AB8  6A F8  BPL     #$F8 [00:6AB2]           A0=00006AAC A1=00C00000 A2=00007404 A3=00FF2CFE A4=00000100 A5=FFFF80C8 A6=00FF0BF0 A7=00FF0BDA D0=00000003 D1=00000400 D2=00000006 D3=00000008 D4=0000FFFF D5=000000FF D6=00000004 D7=000001DC xnzvc
00:6AB2  61 00  BSR     #$00B0 [00:6B64]         A0=00006AAC A1=00C00000 A2=00007404 A3=00FF2CFE A4=00000100 A5=FFFF80C8 A6=00FF0BF0 A7=00FF0BDA D0=00000003 D1=00000400 D2=00000006 D3=00000008 D4=0000FFFF D5=000000FF D6=00000004 D7=000001DC xnzvc
00:6AB6  53 43  SUBQ.W  #1,D3                    A0=00006AAC A1=00C00000 A2=00007404 A3=00FF2CFE A4=00000100 A5=FFFF80C8 A6=00FF0BF0 A7=00FF0BDA D0=00000004 D1=00000400 D2=00000006 D3=00000008 D4=0000FFFF D5=000000FF D6=00000004 D7=000001DC xnzvc
00:6AB8  6A F8  BPL     #$F8 [00:6AB2]           A0=00006AAC A1=00C00000 A2=00007404 A3=00FF2CFE A4=00000100 A5=FFFF80C8 A6=00FF0BF0 A7=00FF0BDA D0=00000004 D1=00000400 D2=00000006 D3=00000007 D4=0000FFFF D5=000000FF D6=00000004 D7=000001DC xnzvc
00:6AB2  61 00  BSR     #$00B0 [00:6B64]         A0=00006AAC A1=00C00000 A2=00007404 A3=00FF2CFE A4=00000100 A5=FFFF80C8 A6=00FF0BF0 A7=00FF0BDA D0=00000004 D1=00000400 D2=00000006 D3=00000007 D4=0000FFFF D5=000000FF D6=00000004 D7=000001DC xnzvc
00:6AB6  53 43  SUBQ.W  #1,D3                    A0=00006AAC A1=00C00000 A2=00007404 A3=00FF2CFE A4=00000100 A5=FFFF80C8 A6=00FF0BF0 A7=00FF0BDA D0=00000005 D1=00000400 D2=00000006 D3=00000007 D4=0000FFFF D5=000000FF D6=00000004 D7=000001DC xnzvc
00:6AB8  6A F8  BPL     #$F8 [00:6AB2]           A0=00006AAC A1=00C00000 A2=00007404 A3=00FF2CFE A4=00000100 A5=FFFF80C8 A6=00FF0BF0 A7=00FF0BDA D0=00000005 D1=00000400 D2=00000006 D3=00000006 D4=0000FFFF D5=000000FF D6=00000004 D7=000001DC xnzvc
00:6AB2  61 00  BSR     #$00B0 [00:6B64]         A0=00006AAC A1=00C00000 A2=00007404 A3=00FF2CFE A4=00000100 A5=FFFF80C8 A6=00FF0BF0 A7=00FF0BDA D0=00000005 D1=00000400 D2=00000006 D3=00000006 D4=0000FFFF D5=000000FF D6=00000004 D7=000001DC xnzvc
00:6AB6  53 43  SUBQ.W  #1,D3                    A0=00006AAC A1=00C00000 A2=00007404 A3=00FF2CFE A4=00000100 A5=FFFF80C8 A6=00FF0BF0 A7=00FF0BDA D0=00000006 D1=00000400 D2=00000006 D3=00000006 D4=0000FFFF D5=000000FF D6=00000004 D7=000001DC xnzvc
00:6AB8  6A F8  BPL     #$F8 [00:6AB2]           A0=00006AAC A1=00C00000 A2=00007404 A3=00FF2CFE A4=00000100 A5=FFFF80C8 A6=00FF0BF0 A7=00FF0BDA D0=00000006 D1=00000400 D2=00000006 D3=00000005 D4=0000FFFF D5=000000FF D6=00000004 D7=000001DC xnzvc
00:6AB2  61 00  BSR     #$00B0 [00:6B64]         A0=00006AAC A1=00C00000 A2=00007404 A3=00FF2CFE A4=00000100 A5=FFFF80C8 A6=00FF0BF0 A7=00FF0BDA D0=00000006 D1=00000400 D2=00000006 D3=00000005 D4=0000FFFF D5=000000FF D6=00000004 D7=000001DC xnzvc
00:6AB6  53 43  SUBQ.W  #1,D3                    A0=00006AAC A1=00C00000 A2=00007404 A3=00FF2CFE A4=00000100 A5=FFFF80C8 A6=00FF0BF0 A7=00FF0BDA D0=00000007 D1=00000400 D2=00000006 D3=00000005 D4=0000FFFF D5=000000FF D6=00000004 D7=000001DC xnzvc
00:6AB8  6A F8  BPL     #$F8 [00:6AB2]           A0=00006AAC A1=00C00000 A2=00007404 A3=00FF2CFE A4=00000100 A5=FFFF80C8 A6=00FF0BF0 A7=00FF0BDA D0=00000007 D1=00000400 D2=00000006 D3=00000004 D4=0000FFFF D5=000000FF D6=00000004 D7=000001DC xnzvc
00:6AB2  61 00  BSR     #$00B0 [00:6B64]         A0=00006AAC A1=00C00000 A2=00007404 A3=00FF2CFE A4=00000100 A5=FFFF80C8 A6=00FF0BF0 A7=00FF0BDA D0=00000007 D1=00000400 D2=00000006 D3=00000004 D4=0000FFFF D5=000000FF D6=00000004 D7=000001DC xnzvc
00:6AB6  53 43  SUBQ.W  #1,D3                    A0=00006AAC A1=00C00000 A2=00007404 A3=00FF2CFE A4=00000100 A5=FFFF80C8 A6=00FF0BF0 A7=00FF0BDA D0=00000008 D1=00000400 D2=00000006 D3=00000004 D4=0000FFFF D5=000000FF D6=00000004 D7=000001DC xnzvc
00:6AB8  6A F8  BPL     #$F8 [00:6AB2]           A0=00006AAC A1=00C00000 A2=00007404 A3=00FF2CFE A4=00000100 A5=FFFF80C8 A6=00FF0BF0 A7=00FF0BDA D0=00000008 D1=00000400 D2=00000006 D3=00000003 D4=0000FFFF D5=000000FF D6=00000004 D7=000001DC xnzvc
00:6AB2  61 00  BSR     #$00B0 [00:6B64]         A0=00006AAC A1=00C00000 A2=00007404 A3=00FF2CFE A4=00000100 A5=FFFF80C8 A6=00FF0BF0 A7=00FF0BDA D0=00000008 D1=00000400 D2=00000006 D3=00000003 D4=0000FFFF D5=000000FF D6=00000004 D7=000001DC xnzvc
00:6AB6  53 43  SUBQ.W  #1,D3                    A0=00006AAC A1=00C00000 A2=00007404 A3=00FF2CFE A4=00000100 A5=FFFF80C8 A6=00FF0BF0 A7=00FF0BDA D0=00000009 D1=00000400 D2=00000006 D3=00000003 D4=0000FFFF D5=000000FF D6=00000004 D7=000001DC xnzvc
00:6AB8  6A F8  BPL     #$F8 [00:6AB2]           A0=00006AAC A1=00C00000 A2=00007404 A3=00FF2CFE A4=00000100 A5=FFFF80C8 A6=00FF0BF0 A7=00FF0BDA D0=00000009 D1=00000400 D2=00000006 D3=00000002 D4=0000FFFF D5=000000FF D6=00000004 D7=000001DC xnzvc
00:6AB2  61 00  BSR     #$00B0 [00:6B64]         A0=00006AAC A1=00C00000 A2=00007404 A3=00FF2CFE A4=00000100 A5=FFFF80C8 A6=00FF0BF0 A7=00FF0BDA D0=00000009 D1=00000400 D2=00000006 D3=00000002 D4=0000FFFF D5=000000FF D6=00000004 D7=000001DC xnzvc
00:6AB6  53 43  SUBQ.W  #1,D3                    A0=00006AAC A1=00C00000 A2=00007404 A3=00FF2CFE A4=00000100 A5=FFFF80C8 A6=00FF0BF0 A7=00FF0BDA D0=0000000A D1=00000400 D2=00000006 D3=00000002 D4=0000FFFF D5=000000FF D6=00000004 D7=000001DC xnzvc
00:6AB8  6A F8  BPL     #$F8 [00:6AB2]           A0=00006AAC A1=00C00000 A2=00007404 A3=00FF2CFE A4=00000100 A5=FFFF80C8 A6=00FF0BF0 A7=00FF0BDA D0=0000000A D1=00000400 D2=00000006 D3=00000001 D4=0000FFFF D5=000000FF D6=00000004 D7=000001DC xnzvc
00:6AB2  61 00  BSR     #$00B0 [00:6B64]         A0=00006AAC A1=00C00000 A2=00007404 A3=00FF2CFE A4=00000100 A5=FFFF80C8 A6=00FF0BF0 A7=00FF0BDA D0=0000000A D1=00000400 D2=00000006 D3=00000001 D4=0000FFFF D5=000000FF D6=00000004 D7=000001DC xnzvc
00:6AB6  53 43  SUBQ.W  #1,D3                    A0=00006AAC A1=00C00000 A2=00007404 A3=00FF2CFE A4=00000100 A5=FFFF80C8 A6=00FF0BF0 A7=00FF0BDA D0=0000000B D1=00000400 D2=00000006 D3=00000001 D4=0000FFFF D5=000000FF D6=00000004 D7=000001DC xnzvc
00:6AB8  6A F8  BPL     #$F8 [00:6AB2]           A0=00006AAC A1=00C00000 A2=00007404 A3=00FF2CFE A4=00000100 A5=FFFF80C8 A6=00FF0BF0 A7=00FF0BDA D0=0000000B D1=00000400 D2=00000006 D3=00000000 D4=0000FFFF D5=000000FF D6=00000004 D7=000001DC xnZvc
00:6AB2  61 00  BSR     #$00B0 [00:6B64]         A0=00006AAC A1=00C00000 A2=00007404 A3=00FF2CFE A4=00000100 A5=FFFF80C8 A6=00FF0BF0 A7=00FF0BDA D0=0000000B D1=00000400 D2=00000006 D3=00000000 D4=0000FFFF D5=000000FF D6=00000004 D7=000001DC xnZvc
00:6AB6  53 43  SUBQ.W  #1,D3                    A0=00006AAC A1=00C00000 A2=00007404 A3=00FF2CFE A4=00000100 A5=FFFF80C8 A6=00FF0BF0 A7=00FF0BDA D0=0000000C D1=00000400 D2=00000006 D3=00000000 D4=0000FFFF D5=000000FF D6=00000004 D7=000001DC xnzvc
00:6AB8  6A F8  BPL     #$F8 [00:6AB2]           A0=00006AAC A1=00C00000 A2=00007404 A3=00FF2CFE A4=00000100 A5=FFFF80C8 A6=00FF0BF0 A7=00FF0BDA D0=0000000C D1=00000400 D2=00000006 D3=0000FFFF D4=0000FFFF D5=000000FF D6=00000004 D7=000001DC XNzvC
00:6ABA  4E 75  RTS                              A0=00006AAC A1=00C00000 A2=00007404 A3=00FF2CFE A4=00000100 A5=FFFF80C8 A6=00FF0BF0 A7=00FF0BDA D0=0000000C D1=00000400 D2=00000006 D3=0000FFFF D4=0000FFFF D5=000000FF D6=00000004 D7=000001DC XNzvC
00:69C0  61 00  BSR     #$01A2 [00:6B64]         A0=00006AAC A1=00C00000 A2=00007405 A3=00FF2CFE A4=00000100 A5=FFFF80C8 A6=00FF0BF0 A7=00FF0BDE D0=0000000C D1=00000400 D2=00000006 D3=0000FFFF D4=0000FFFF D5=000000FF D6=00000004 D7=000001C0 XNzvc
00:69C4  60 F2  BRA     #$F2 [00:69B8]           A0=00006AAC A1=00C00000 A2=00007405 A3=00FF2CFE A4=00000100 A5=FFFF80C8 A6=00FF0BF0 A7=00FF0BDE D0=0000000D D1=00000400 D2=00000006 D3=0000FFFF D4=0000FFFF D5=000000FF D6=00000004 D7=000001C0 xnzvc
00:69C0  61 00  BSR     #$01A2 [00:6B64]         A0=00006AAC A1=00C00000 A2=00007406 A3=00FF2CFE A4=00000100 A5=FFFF80C8 A6=00FF0BF0 A7=00FF0BDE D0=0000000D D1=00000400 D2=00000006 D3=0000FFFF D4=0000FFFF D5=000000FF D6=00000004 D7=000001C1 xNzvc
00:69C4  60 F2  BRA     #$F2 [00:69B8]           A0=00006AAC A1=00C00000 A2=00007406 A3=00FF2CFE A4=00000100 A5=FFFF80C8 A6=00FF0BF0 A7=00FF0BDE D0=0000000E D1=00000400 D2=00000006 D3=0000FFFF D4=0000FFFF D5=000000FF D6=00000004 D7=000001C1 xnzvc
00:6AA6  1E 1A  MOVE.B  (A2)+,D7                 A0=00006AA6 A1=00C00000 A2=00007407 A3=00FF2CFE A4=00000100 A5=FFFF80C8 A6=00FF0BF0 A7=00FF0BDA D0=00000004 D1=00000400 D2=00000006 D3=0000FFFF D4=0000FFFF D5=000000FF D6=00000004 D7=00000102 xnzvc
00:6AA8  E1 47  ASL.W   #8,D7                    A0=00006AA6 A1=00C00000 A2=00007408 A3=00FF2CFE A4=00000100 A5=FFFF80C8 A6=00FF0BF0 A7=00FF0BDA D0=00000004 D1=00000400 D2=00000006 D3=0000FFFF D4=0000FFFF D5=000000FF D6=00000004 D7=00000121 xnzvc
00:6AAA  4E 75  RTS                              A0=00006AA6 A1=00C00000 A2=00007408 A3=00FF2CFE A4=00000100 A5=FFFF80C8 A6=00FF0BF0 A7=00FF0BDA D0=00000004 D1=00000400 D2=00000006 D3=0000FFFF D4=0000FFFF D5=000000FF D6=00000004 D7=00002100 XnzVC
00:69C0  61 00  BSR     #$01A2 [00:6B64]         A0=00006AA6 A1=00C00000 A2=00007409 A3=00FF2CFE A4=00000100 A5=FFFF80C8 A6=00FF0BF0 A7=00FF0BDE D0=00000004 D1=00000400 D2=00000006 D3=0000FFFF D4=0000FFFF D5=000000FF D6=00000004 D7=000021C2 XNzvc
00:69C4  60 F2  BRA     #$F2 [00:69B8]           A0=00006AA6 A1=00C00000 A2=00007409 A3=00FF2CFE A4=00000100 A5=FFFF80C8 A6=00FF0BF0 A7=00FF0BDE D0=0000000F D1=00000400 D2=00000006 D3=0000FFFF D4=0000FFFF D5=000000FF D6=00000004 D7=000021C2 xnzvc
00:69C0  61 00  BSR     #$01A2 [00:6B64]         A0=00006AA6 A1=00C00000 A2=0000740A A3=00FF2CFE A4=00000100 A5=FFFF80C8 A6=00FF0BF0 A7=00FF0BDE D0=0000000F D1=00000400 D2=00000006 D3=0000FFFF D4=0000FFFF D5=000000FF D6=00000004 D7=000021C3 xNzvc
00:69C4  60 F2  BRA     #$F2 [00:69B8]           A0=00006AA6 A1=00C00000 A2=0000740A A3=00FF2CFE A4=00000100 A5=FFFF80C8 A6=00FF0BF0 A7=00FF0BDE D0=00000010 D1=00000400 D2=00000006 D3=0000FFFF D4=0000FFFF D5=000000FF D6=00000004 D7=000021C3 xnzvc
00:69C0  61 00  BSR     #$01A2 [00:6B64]         A0=00006AA6 A1=00C00000 A2=0000740B A3=00FF2CFE A4=00000100 A5=FFFF80C8 A6=00FF0BF0 A7=00FF0BDE D0=00000010 D1=00000400 D2=00000006 D3=0000FFFF D4=0000FFFF D5=000000FF D6=00000004 D7=000021CE xNzvc
00:69C4  60 F2  BRA     #$F2 [00:69B8]           A0=00006AA6 A1=00C00000 A2=0000740B A3=00FF2CFE A4=00000100 A5=FFFF80C8 A6=00FF0BF0 A7=00FF0BDE D0=00000011 D1=00000400 D2=00000006 D3=0000FFFF D4=0000FFFF D5=000000FF D6=00000004 D7=000021CE xnzvc
00:6AA6  1E 1A  MOVE.B  (A2)+,D7                 A0=00006AA6 A1=00C00000 A2=0000740C A3=00FF2CFE A4=00000100 A5=FFFF80C8 A6=00FF0BF0 A7=00FF0BDA D0=00000004 D1=00000400 D2=00000006 D3=0000FFFF D4=0000FFFF D5=000000FF D6=00000004 D7=00002102 xnzvc
00:6AA8  E1 47  ASL.W   #8,D7                    A0=00006AA6 A1=00C00000 A2=0000740D A3=00FF2CFE A4=00000100 A5=FFFF80C8 A6=00FF0BF0 A7=00FF0BDA D0=00000004 D1=00000400 D2=00000006 D3=0000FFFF D4=0000FFFF D5=000000FF D6=00000004 D7=00002122 xnzvc
00:6AAA  4E 75  RTS                              A0=00006AA6 A1=00C00000 A2=0000740D A3=00FF2CFE A4=00000100 A5=FFFF80C8 A6=00FF0BF0 A7=00FF0BDA D0=00000004 D1=00000400 D2=00000006 D3=0000FFFF D4=0000FFFF D5=000000FF D6=00000004 D7=00002200 XnzVC
00:6ABC  76 00  MOVEQ   #$00,D3                  A0=00006ABC A1=00C00000 A2=0000740E A3=00FF2CFE A4=00000100 A5=FFFF80C8 A6=00FF0BF0 A7=00FF0BDA D0=00000008 D1=00000400 D2=00000006 D3=0000FFFF D4=0000FFFF D5=000000FF D6=00000004 D7=00002204 xnzvc
00:6ABE  16 1A  MOVE.B  (A2)+,D3                 A0=00006ABC A1=00C00000 A2=0000740E A3=00FF2CFE A4=00000100 A5=FFFF80C8 A6=00FF0BF0 A7=00FF0BDA D0=00000008 D1=00000400 D2=00000006 D3=00000000 D4=0000FFFF D5=000000FF D6=00000004 D7=00002204 xnZvc
00:6AC0  1E 1A  MOVE.B  (A2)+,D7                 A0=00006ABC A1=00C00000 A2=0000740F A3=00FF2CFE A4=00000100 A5=FFFF80C8 A6=00FF0BF0 A7=00FF0BDA D0=00000008 D1=00000400 D2=00000006 D3=00000003 D4=0000FFFF D5=000000FF D6=00000004 D7=00002204 xnzvc
00:6AC2  61 00  BSR     #$001C [00:6AE0]         A0=00006ABC A1=00C00000 A2=00007410 A3=00FF2CFE A4=00000100 A5=FFFF80C8 A6=00FF0BF0 A7=00FF0BDA D0=00000008 D1=00000400 D2=00000006 D3=00000003 D4=0000FFFF D5=000000FF D6=00000004 D7=00002201 xnzvc
00:6AEA  4E 75  RTS                              A0=00006ABC A1=00C00000 A2=00007410 A3=00FF2CFE A4=00000100 A5=FFFF80C8 A6=00FF0BF0 A7=00FF0BD6 D0=00000015 D1=00000400 D2=00000006 D3=0000FFFF D4=0000FFFF D5=000000FF D6=00000004 D7=00002205 XNzvC
00:6AC6  4E 75  RTS                              A0=00006ABC A1=00C00000 A2=00007410 A3=00FF2CFE A4=00000100 A5=FFFF80C8 A6=00FF0BF0 A7=00FF0BDA D0=00000015 D1=00000400 D2=00000006 D3=0000FFFF D4=0000FFFF D5=000000FF D6=00000004 D7=00002205 XNzvC
00:6B1C  76 00  MOVEQ   #$00,D3                  A0=00006B1C A1=00C00000 A2=00007411 A3=00FF2CFE A4=00000100 A5=FFFF80C8 A6=00FF0BF0 A7=00FF0BDA D0=00000014 D1=00000400 D2=00000006 D3=0000FFFF D4=0000FFFF D5=000000FF D6=00000004 D7=0000220A xnzvc
00:6B1E  16 1A  MOVE.B  (A2)+,D3                 A0=00006B1C A1=00C00000 A2=00007411 A3=00FF2CFE A4=00000100 A5=FFFF80C8 A6=00FF0BF0 A7=00FF0BDA D0=00000014 D1=00000400 D2=00000006 D3=00000000 D4=0000FFFF D5=000000FF D6=00000004 D7=0000220A xnZvc
00:6B20  48 47  SWAP.W  D7                       A0=00006B1C A1=00C00000 A2=00007412 A3=00FF2CFE A4=00000100 A5=FFFF80C8 A6=00FF0BF0 A7=00FF0BDA D0=00000014 D1=00000400 D2=00000006 D3=00000000 D4=0000FFFF D5=000000FF D6=00000004 D7=0000220A xnZvc
00:6B22  42 47  CLR.W   D7                       A0=00006B1C A1=00C00000 A2=00007412 A3=00FF2CFE A4=00000100 A5=FFFF80C8 A6=00FF0BF0 A7=00FF0BDA D0=00000014 D1=00000400 D2=00000006 D3=00000000 D4=0000FFFF D5=000000FF D6=00000004 D7=220A0000 xnzvc
00:6B2C  48 47  SWAP.W  D7                       A0=00006B1C A1=00C00000 A2=00007412 A3=00FF2CFE A4=00000100 A5=FFFF80C8 A6=00FF0BF0 A7=00FF0BDA D0=00000016 D1=00000400 D2=00000006 D3=0000FFFF D4=0000FFFF D5=000000FF D6=00000004 D7=220A0000 XNzvC
00:6B2E  4E 75  RTS                              A0=00006B1C A1=00C00000 A2=00007412 A3=00FF2CFE A4=00000100 A5=FFFF80C8 A6=00FF0BF0 A7=00FF0BDA D0=00000016 D1=00000400 D2=00000006 D3=0000FFFF D4=0000FFFF D5=000000FF D6=00000004 D7=0000220A Xnzvc
00:6AA6  1E 1A  MOVE.B  (A2)+,D7                 A0=00006AA6 A1=00C00000 A2=00007413 A3=00FF2CFE A4=00000100 A5=FFFF80C8 A6=00FF0BF0 A7=00FF0BDA D0=00000004 D1=00000400 D2=00000006 D3=0000FFFF D4=0000FFFF D5=000000FF D6=00000004 D7=00002202 xnzvc
00:6AA8  E1 47  ASL.W   #8,D7                    A0=00006AA6 A1=00C00000 A2=00007414 A3=00FF2CFE A4=00000100 A5=FFFF80C8 A6=00FF0BF0 A7=00FF0BDA D0=00000004 D1=00000400 D2=00000006 D3=0000FFFF D4=0000FFFF D5=000000FF D6=00000004 D7=00002222 xnzvc
00:6AAA  4E 75  RTS                              A0=00006AA6 A1=00C00000 A2=00007414 A3=00FF2CFE A4=00000100 A5=FFFF80C8 A6=00FF0BF0 A7=00FF0BDA D0=00000004 D1=00000400 D2=00000006 D3=0000FFFF D4=0000FFFF D5=000000FF D6=00000004 D7=00002200 xnzVc
00:6ABC  76 00  MOVEQ   #$00,D3                  A0=00006ABC A1=00C00000 A2=00007415 A3=00FF2CFE A4=00000100 A5=FFFF80C8 A6=00FF0BF0 A7=00FF0BDA D0=00000008 D1=00000400 D2=00000006 D3=0000FFFF D4=0000FFFF D5=000000FF D6=00000004 D7=00002204 xnzvc
00:6ABE  16 1A  MOVE.B  (A2)+,D3                 A0=00006ABC A1=00C00000 A2=00007415 A3=00FF2CFE A4=00000100 A5=FFFF80C8 A6=00FF0BF0 A7=00FF0BDA D0=00000008 D1=00000400 D2=00000006 D3=00000000 D4=0000FFFF D5=000000FF D6=00000004 D7=00002204 xnZvc
00:6AC0  1E 1A  MOVE.B  (A2)+,D7                 A0=00006ABC A1=00C00000 A2=00007416 A3=00FF2CFE A4=00000100 A5=FFFF80C8 A6=00FF0BF0 A7=00FF0BDA D0=00000008 D1=00000400 D2=00000006 D3=00000002 D4=0000FFFF D5=000000FF D6=00000004 D7=00002204 xnzvc
00:6AC2  61 00  BSR     #$001C [00:6AE0]         A0=00006ABC A1=00C00000 A2=00007417 A3=00FF2CFE A4=00000100 A5=FFFF80C8 A6=00FF0BF0 A7=00FF0BDA D0=00000008 D1=00000400 D2=00000006 D3=00000002 D4=0000FFFF D5=000000FF D6=00000004 D7=00002206 xnzvc
00:6AEA  4E 75  RTS                              A0=00006ABC A1=00C00000 A2=00007417 A3=00FF2CFE A4=00000100 A5=FFFF80C8 A6=00FF0BF0 A7=00FF0BD6 D0=00000019 D1=00000400 D2=00000006 D3=0000FFFF D4=0000FFFF D5=000000FF D6=00000004 D7=00002209 XNzvC
00:6AC6  4E 75  RTS                              A0=00006ABC A1=00C00000 A2=00007417 A3=00FF2CFE A4=00000100 A5=FFFF80C8 A6=00FF0BF0 A7=00FF0BDA D0=00000019 D1=00000400 D2=00000006 D3=0000FFFF D4=0000FFFF D5=000000FF D6=00000004 D7=00002209 XNzvC
00:6B1C  76 00  MOVEQ   #$00,D3                  A0=00006B1C A1=00C00000 A2=00007418 A3=00FF2CFE A4=00000100 A5=FFFF80C8 A6=00FF0BF0 A7=00FF0BDA D0=00000014 D1=00000400 D2=00000006 D3=0000FFFF D4=0000FFFF D5=000000FF D6=00000004 D7=0000220A xnzvc
00:6B1E  16 1A  MOVE.B  (A2)+,D3                 A0=00006B1C A1=00C00000 A2=00007418 A3=00FF2CFE A4=00000100 A5=FFFF80C8 A6=00FF0BF0 A7=00FF0BDA D0=00000014 D1=00000400 D2=00000006 D3=00000000 D4=0000FFFF D5=000000FF D6=00000004 D7=0000220A xnZvc
00:6B20  48 47  SWAP.W  D7                       A0=00006B1C A1=00C00000 A2=00007419 A3=00FF2CFE A4=00000100 A5=FFFF80C8 A6=00FF0BF0 A7=00FF0BDA D0=00000014 D1=00000400 D2=00000006 D3=00000006 D4=0000FFFF D5=000000FF D6=00000004 D7=0000220A xnzvc
00:6B22  42 47  CLR.W   D7                       A0=00006B1C A1=00C00000 A2=00007419 A3=00FF2CFE A4=00000100 A5=FFFF80C8 A6=00FF0BF0 A7=00FF0BDA D0=00000014 D1=00000400 D2=00000006 D3=00000006 D4=0000FFFF D5=000000FF D6=00000004 D7=220A0000 xnzvc
00:6B6C  1D 6E  MOVE.B  $FFF6(A6),$FFF4(A6)      A0=00006B1C A1=00C00000 A2=00007419 A3=00FF2CFE A4=00000100 A5=FFFF80C8 A6=00FF0BF0 A7=00FF0BD6 D0=0000001F D1=00000400 D2=00000006 D3=00000000 D4=0000FFFF D5=000000FF D6=00000004 D7=220A0000 XNzvC
00:6B72  60 C6  BRA     #$C6 [00:6B3A]           A0=00006B1C A1=00C00000 A2=00007419 A3=00FF2CFE A4=00000100 A5=FFFF80C8 A6=00FF0BF0 A7=00FF0BD6 D0=0000001F D1=00000400 D2=00000006 D3=00000000 D4=0000FFFF D5=000000FF D6=00000004 D7=220A0000 Xnzvc
00:6B3A  30 2E  MOVE.W  $FFFA(A6),D0             A0=00006B1C A1=00C00000 A2=00007419 A3=00FF2CFE A4=00000100 A5=FFFF80C8 A6=00FF0BF0 A7=00FF0BD6 D0=0000001F D1=00000400 D2=00000006 D3=00000000 D4=0000FFFF D5=000000FF D6=00000004 D7=220A0000 Xnzvc
00:6B3E  32 2E  MOVE.W  $FFFC(A6),D1             A0=00006B1C A1=00C00000 A2=00007419 A3=00FF2CFE A4=00000100 A5=FFFF80C8 A6=00FF0BF0 A7=00FF0BD6 D0=00000000 D1=00000400 D2=00000006 D3=00000000 D4=0000FFFF D5=000000FF D6=00000004 D7=220A0000 XnZvc
00:6B42  52 41  ADDQ.W  #1,D1                    A0=00006B1C A1=00C00000 A2=00007419 A3=00FF2CFE A4=00000100 A5=FFFF80C8 A6=00FF0BF0 A7=00FF0BD6 D0=00000000 D1=00000008 D2=00000006 D3=00000000 D4=0000FFFF D5=000000FF D6=00000004 D7=220A0000 Xnzvc
00:6B44  B2 78  CMP.W   ($8A72),D1               A0=00006B1C A1=00C00000 A2=00007419 A3=00FF2CFE A4=00000100 A5=FFFF80C8 A6=00FF0BF0 A7=00FF0BD6 D0=00000000 D1=00000009 D2=00000006 D3=00000000 D4=0000FFFF D5=000000FF D6=00000004 D7=220A0000 xnzvc
00:6B48  65 02  BCS     #$02 [00:6B4C]           A0=00006B1C A1=00C00000 A2=00007419 A3=00FF2CFE A4=00000100 A5=FFFF80C8 A6=00FF0BF0 A7=00FF0BD6 D0=00000000 D1=00000009 D2=00000006 D3=00000000 D4=0000FFFF D5=000000FF D6=00000004 D7=220A0000 xNzvC
00:6B4C  3D 41  MOVE.W  D1,$FFFC(A6)             A0=00006B1C A1=00C00000 A2=00007419 A3=00FF2CFE A4=00000100 A5=FFFF80C8 A6=00FF0BF0 A7=00FF0BD6 D0=00000000 D1=00000009 D2=00000006 D3=00000000 D4=0000FFFF D5=000000FF D6=00000004 D7=220A0000 xNzvC
00:6B50  3D 40  MOVE.W  D0,$FFFE(A6)             A0=00006B1C A1=00C00000 A2=00007419 A3=00FF2CFE A4=00000100 A5=FFFF80C8 A6=00FF0BF0 A7=00FF0BD6 D0=00000000 D1=00000009 D2=00000006 D3=00000000 D4=0000FFFF D5=000000FF D6=00000004 D7=220A0000 xnzvc
00:6B54  61 00  BSR     #$FF46 [00:6A9C]         A0=00006B1C A1=00C00000 A2=00007419 A3=00FF2CFE A4=00000100 A5=FFFF80C8 A6=00FF0BF0 A7=00FF0BD6 D0=00000000 D1=00000009 D2=00000006 D3=00000000 D4=0000FFFF D5=000000FF D6=00000004 D7=220A0000 xnZvc
00:6A9C  4E B8  JSR     ($05CA)                  A0=00006B1C A1=00C00000 A2=00007419 A3=00FF2CFE A4=00000100 A5=FFFF80C8 A6=00FF0BF0 A7=00FF0BD2 D0=00000000 D1=00000009 D2=00000006 D3=00000000 D4=0000FFFF D5=000000FF D6=00000004 D7=220A0000 xnZvc
00:05CA  D0 40  ADD.W   D0,D0                    A0=00006B1C A1=00C00000 A2=00007419 A3=00FF2CFE A4=00000100 A5=FFFF80C8 A6=00FF0BF0 A7=00FF0BCE D0=00000000 D1=00000009 D2=00000006 D3=00000000 D4=0000FFFF D5=000000FF D6=00000004 D7=220A0000 xnZvc
00:05CC  D2 41  ADD.W   D1,D1                    A0=00006B1C A1=00C00000 A2=00007419 A3=00FF2CFE A4=00000100 A5=FFFF80C8 A6=00FF0BF0 A7=00FF0BCE D0=00000000 D1=00000009 D2=00000006 D3=00000000 D4=0000FFFF D5=000000FF D6=00000004 D7=220A0000 xnZvc
00:05CE  14 38  MOVE.B  ($8A8A),D2               A0=00006B1C A1=00C00000 A2=00007419 A3=00FF2CFE A4=00000100 A5=FFFF80C8 A6=00FF0BF0 A7=00FF0BCE D0=00000000 D1=00000012 D2=00000006 D3=00000000 D4=0000FFFF D5=000000FF D6=00000004 D7=220A0000 xnzvc
00:05D2  E5 61  ASL.W   D2,D1                    A0=00006B1C A1=00C00000 A2=00007419 A3=00FF2CFE A4=00000100 A5=FFFF80C8 A6=00FF0BF0 A7=00FF0BCE D0=00000000 D1=00000012 D2=00000006 D3=00000000 D4=0000FFFF D5=000000FF D6=00000004 D7=220A0000 xnzvc
00:05D4  D0 41  ADD.W   D1,D0                    A0=00006B1C A1=00C00000 A2=00007419 A3=00FF2CFE A4=00000100 A5=FFFF80C8 A6=00FF0BF0 A7=00FF0BCE D0=00000000 D1=00000480 D2=00000006 D3=00000000 D4=0000FFFF D5=000000FF D6=00000004 D7=220A0000 xnzvc
00:05D6  4E 75  RTS                              A0=00006B1C A1=00C00000 A2=00007419 A3=00FF2CFE A4=00000100 A5=FFFF80C8 A6=00FF0BF0 A7=00FF0BCE D0=00000480 D1=00000480 D2=00000006 D3=00000000 D4=0000FFFF D5=000000FF D6=00000004 D7=220A0000 xnzvc
00:6AA0  D0 6E  ADD.W   $FFF2(A6),D0             A0=00006B1C A1=00C00000 A2=00007419 A3=00FF2CFE A4=00000100 A5=FFFF80C8 A6=00FF0BF0 A7=00FF0BD2 D0=00000480 D1=00000480 D2=00000006 D3=00000000 D4=0000FFFF D5=000000FF D6=00000004 D7=220A0000 xnzvc
00:6AA4  4E 75  RTS                              A0=00006B1C A1=00C00000 A2=00007419 A3=00FF2CFE A4=00000100 A5=FFFF80C8 A6=00FF0BF0 A7=00FF0BD2 D0=0000E480 D1=00000480 D2=00000006 D3=00000000 D4=0000FFFF D5=000000FF D6=00000004 D7=220A0000 xNzvc
00:6B58  4E B8  JSR     ($05A0)                  A0=00006B1C A1=00C00000 A2=00007419 A3=00FF2CFE A4=00000100 A5=FFFF80C8 A6=00FF0BF0 A7=00FF0BD6 D0=0000E480 D1=00000480 D2=00000006 D3=00000000 D4=0000FFFF D5=000000FF D6=00000004 D7=220A0000 xNzvc
00:05A0  E5 80  ASL.L   #2,D0                    A0=00006B1C A1=00C00000 A2=00007419 A3=00FF2CFE A4=00000100 A5=FFFF80C8 A6=00FF0BF0 A7=00FF0BD2 D0=0000E480 D1=00000480 D2=00000006 D3=00000000 D4=0000FFFF D5=000000FF D6=00000004 D7=220A0000 xNzvc
00:05A2  E4 48  LSR.W   #2,D0                    A0=00006B1C A1=00C00000 A2=00007419 A3=00FF2CFE A4=00000100 A5=FFFF80C8 A6=00FF0BF0 A7=00FF0BD2 D0=00039200 D1=00000480 D2=00000006 D3=00000000 D4=0000FFFF D5=000000FF D6=00000004 D7=220A0000 xnzvc
00:05A4  00 40  ORI.W   #$4000,D0                A0=00006B1C A1=00C00000 A2=00007419 A3=00FF2CFE A4=00000100 A5=FFFF80C8 A6=00FF0BF0 A7=00FF0BD2 D0=00032480 D1=00000480 D2=00000006 D3=00000000 D4=0000FFFF D5=000000FF D6=00000004 D7=220A0000 xnzvc
00:05A8  48 40  SWAP.W  D0                       A0=00006B1C A1=00C00000 A2=00007419 A3=00FF2CFE A4=00000100 A5=FFFF80C8 A6=00FF0BF0 A7=00FF0BD2 D0=00036480 D1=00000480 D2=00000006 D3=00000000 D4=0000FFFF D5=000000FF D6=00000004 D7=220A0000 xnzvc
00:05AA  02 40  ANDI.W  #$0003,D0                A0=00006B1C A1=00C00000 A2=00007419 A3=00FF2CFE A4=00000100 A5=FFFF80C8 A6=00FF0BF0 A7=00FF0BD2 D0=64800003 D1=00000480 D2=00000006 D3=00000000 D4=0000FFFF D5=000000FF D6=00000004 D7=220A0000 xnzvc
00:05AE  23 C0  MOVE.L  D0,($00C00004)           A0=00006B1C A1=00C00000 A2=00007419 A3=00FF2CFE A4=00000100 A5=FFFF80C8 A6=00FF0BF0 A7=00FF0BD2 D0=64800003 D1=00000480 D2=00000006 D3=00000000 D4=0000FFFF D5=000000FF D6=00000004 D7=220A0000 xnzvc
00:05B4  4E 75  RTS                              A0=00006B1C A1=00C00000 A2=00007419 A3=00FF2CFE A4=00000100 A5=FFFF80C8 A6=00FF0BF0 A7=00FF0BD2 D0=64800003 D1=00000480 D2=00000006 D3=00000000 D4=0000FFFF D5=000000FF D6=00000004 D7=220A0000 xnzvc
00:6B5C  43 F9  LEA     ($00C00000),A1           A0=00006B1C A1=00C00000 A2=00007419 A3=00FF2CFE A4=00000100 A5=FFFF80C8 A6=00FF0BF0 A7=00FF0BD6 D0=64800003 D1=00000480 D2=00000006 D3=00000000 D4=0000FFFF D5=000000FF D6=00000004 D7=220A0000 xnzvc
00:6B62  4E 75  RTS                              A0=00006B1C A1=00C00000 A2=00007419 A3=00FF2CFE A4=00000100 A5=FFFF80C8 A6=00FF0BF0 A7=00FF0BD6 D0=64800003 D1=00000480 D2=00000006 D3=00000000 D4=0000FFFF D5=000000FF D6=00000004 D7=220A0000 xnzvc
00:6B2C  48 47  SWAP.W  D7                       A0=00006B1C A1=00C00000 A2=00007419 A3=00FF2CFE A4=00000100 A5=FFFF80C8 A6=00FF0BF0 A7=00FF0BDA D0=64800003 D1=00000480 D2=00000006 D3=0000FFFF D4=0000FFFF D5=000000FF D6=00000004 D7=220A0000 XNzvC
00:6B2E  4E 75  RTS                              A0=00006B1C A1=00C00000 A2=00007419 A3=00FF2CFE A4=00000100 A5=FFFF80C8 A6=00FF0BF0 A7=00FF0BDA D0=64800003 D1=00000480 D2=00000006 D3=0000FFFF D4=0000FFFF D5=000000FF D6=00000004 D7=0000220A Xnzvc
00:6AA6  1E 1A  MOVE.B  (A2)+,D7                 A0=00006AA6 A1=00C00000 A2=0000741A A3=00FF2CFE A4=00000100 A5=FFFF80C8 A6=00FF0BF0 A7=00FF0BDA D0=00000004 D1=00000480 D2=00000006 D3=0000FFFF D4=0000FFFF D5=000000FF D6=00000004 D7=00002202 xnzvc
00:6AA8  E1 47  ASL.W   #8,D7                    A0=00006AA6 A1=00C00000 A2=0000741B A3=00FF2CFE A4=00000100 A5=FFFF80C8 A6=00FF0BF0 A7=00FF0BDA D0=00000004 D1=00000480 D2=00000006 D3=0000FFFF D4=0000FFFF D5=000000FF D6=00000004 D7=00002201 xnzvc
00:6AAA  4E 75  RTS                              A0=00006AA6 A1=00C00000 A2=0000741B A3=00FF2CFE A4=00000100 A5=FFFF80C8 A6=00FF0BF0 A7=00FF0BDA D0=00000004 D1=00000480 D2=00000006 D3=0000FFFF D4=0000FFFF D5=000000FF D6=00000004 D7=00000100 xnzVc
00:6AAC  76 00  MOVEQ   #$00,D3                  A0=00006AAC A1=00C00000 A2=0000741C A3=00FF2CFE A4=00000100 A5=FFFF80C8 A6=00FF0BF0 A7=00FF0BDA D0=00000006 D1=00000480 D2=00000006 D3=0000FFFF D4=0000FFFF D5=000000FF D6=00000004 D7=00000103 xnzvc
00:6AAE  16 1A  MOVE.B  (A2)+,D3                 A0=00006AAC A1=00C00000 A2=0000741C A3=00FF2CFE A4=00000100 A5=FFFF80C8 A6=00FF0BF0 A7=00FF0BDA D0=00000006 D1=00000480 D2=00000006 D3=00000000 D4=0000FFFF D5=000000FF D6=00000004 D7=00000103 xnZvc
00:6AB0  1E 1A  MOVE.B  (A2)+,D7                 A0=00006AAC A1=00C00000 A2=0000741D A3=00FF2CFE A4=00000100 A5=FFFF80C8 A6=00FF0BF0 A7=00FF0BDA D0=00000006 D1=00000480 D2=00000006 D3=0000000B D4=0000FFFF D5=000000FF D6=00000004 D7=00000103 xnzvc
00:6AB2  61 00  BSR     #$00B0 [00:6B64]         A0=00006AAC A1=00C00000 A2=0000741E A3=00FF2CFE A4=00000100 A5=FFFF80C8 A6=00FF0BF0 A7=00FF0BDA D0=00000006 D1=00000480 D2=00000006 D3=0000000B D4=0000FFFF D5=000000FF D6=00000004 D7=000001DC xNzvc
00:6AB6  53 43  SUBQ.W  #1,D3                    A0=00006AAC A1=00C00000 A2=0000741E A3=00FF2CFE A4=00000100 A5=FFFF80C8 A6=00FF0BF0 A7=00FF0BDA D0=00000001 D1=00000480 D2=00000006 D3=0000000B D4=0000FFFF D5=000000FF D6=00000004 D7=000001DC xnzvc
00:6AB8  6A F8  BPL     #$F8 [00:6AB2]           A0=00006AAC A1=00C00000 A2=0000741E A3=00FF2CFE A4=00000100 A5=FFFF80C8 A6=00FF0BF0 A7=00FF0BDA D0=00000001 D1=00000480 D2=00000006 D3=0000000A D4=0000FFFF D5=000000FF D6=00000004 D7=000001DC xnzvc
00:6AB2  61 00  BSR     #$00B0 [00:6B64]         A0=00006AAC A1=00C00000 A2=0000741E A3=00FF2CFE A4=00000100 A5=FFFF80C8 A6=00FF0BF0 A7=00FF0BDA D0=00000001 D1=00000480 D2=00000006 D3=0000000A D4=0000FFFF D5=000000FF D6=00000004 D7=000001DC xnzvc
00:6AB6  53 43  SUBQ.W  #1,D3                    A0=00006AAC A1=00C00000 A2=0000741E A3=00FF2CFE A4=00000100 A5=FFFF80C8 A6=00FF0BF0 A7=00FF0BDA D0=00000002 D1=00000480 D2=00000006 D3=0000000A D4=0000FFFF D5=000000FF D6=00000004 D7=000001DC xnzvc
00:6AB8  6A F8  BPL     #$F8 [00:6AB2]           A0=00006AAC A1=00C00000 A2=0000741E A3=00FF2CFE A4=00000100 A5=FFFF80C8 A6=00FF0BF0 A7=00FF0BDA D0=00000002 D1=00000480 D2=00000006 D3=00000009 D4=0000FFFF D5=000000FF D6=00000004 D7=000001DC xnzvc
00:6AB2  61 00  BSR     #$00B0 [00:6B64]         A0=00006AAC A1=00C00000 A2=0000741E A3=00FF2CFE A4=00000100 A5=FFFF80C8 A6=00FF0BF0 A7=00FF0BDA D0=00000002 D1=00000480 D2=00000006 D3=00000009 D4=0000FFFF D5=000000FF D6=00000004 D7=000001DC xnzvc
00:6AB6  53 43  SUBQ.W  #1,D3                    A0=00006AAC A1=00C00000 A2=0000741E A3=00FF2CFE A4=00000100 A5=FFFF80C8 A6=00FF0BF0 A7=00FF0BDA D0=00000003 D1=00000480 D2=00000006 D3=00000009 D4=0000FFFF D5=000000FF D6=00000004 D7=000001DC xnzvc
00:6AB8  6A F8  BPL     #$F8 [00:6AB2]           A0=00006AAC A1=00C00000 A2=0000741E A3=00FF2CFE A4=00000100 A5=FFFF80C8 A6=00FF0BF0 A7=00FF0BDA D0=00000003 D1=00000480 D2=00000006 D3=00000008 D4=0000FFFF D5=000000FF D6=00000004 D7=000001DC xnzvc
00:6AB2  61 00  BSR     #$00B0 [00:6B64]         A0=00006AAC A1=00C00000 A2=0000741E A3=00FF2CFE A4=00000100 A5=FFFF80C8 A6=00FF0BF0 A7=00FF0BDA D0=00000003 D1=00000480 D2=00000006 D3=00000008 D4=0000FFFF D5=000000FF D6=00000004 D7=000001DC xnzvc
00:6AB6  53 43  SUBQ.W  #1,D3                    A0=00006AAC A1=00C00000 A2=0000741E A3=00FF2CFE A4=00000100 A5=FFFF80C8 A6=00FF0BF0 A7=00FF0BDA D0=00000004 D1=00000480 D2=00000006 D3=00000008 D4=0000FFFF D5=000000FF D6=00000004 D7=000001DC xnzvc
00:6AB8  6A F8  BPL     #$F8 [00:6AB2]           A0=00006AAC A1=00C00000 A2=0000741E A3=00FF2CFE A4=00000100 A5=FFFF80C8 A6=00FF0BF0 A7=00FF0BDA D0=00000004 D1=00000480 D2=00000006 D3=00000007 D4=0000FFFF D5=000000FF D6=00000004 D7=000001DC xnzvc
00:6AB2  61 00  BSR     #$00B0 [00:6B64]         A0=00006AAC A1=00C00000 A2=0000741E A3=00FF2CFE A4=00000100 A5=FFFF80C8 A6=00FF0BF0 A7=00FF0BDA D0=00000004 D1=00000480 D2=00000006 D3=00000007 D4=0000FFFF D5=000000FF D6=00000004 D7=000001DC xnzvc
00:6AB6  53 43  SUBQ.W  #1,D3                    A0=00006AAC A1=00C00000 A2=0000741E A3=00FF2CFE A4=00000100 A5=FFFF80C8 A6=00FF0BF0 A7=00FF0BDA D0=00000005 D1=00000480 D2=00000006 D3=00000007 D4=0000FFFF D5=000000FF D6=00000004 D7=000001DC xnzvc
00:6AB8  6A F8  BPL     #$F8 [00:6AB2]           A0=00006AAC A1=00C00000 A2=0000741E A3=00FF2CFE A4=00000100 A5=FFFF80C8 A6=00FF0BF0 A7=00FF0BDA D0=00000005 D1=00000480 D2=00000006 D3=00000006 D4=0000FFFF D5=000000FF D6=00000004 D7=000001DC xnzvc
00:6AB2  61 00  BSR     #$00B0 [00:6B64]         A0=00006AAC A1=00C00000 A2=0000741E A3=00FF2CFE A4=00000100 A5=FFFF80C8 A6=00FF0BF0 A7=00FF0BDA D0=00000005 D1=00000480 D2=00000006 D3=00000006 D4=0000FFFF D5=000000FF D6=00000004 D7=000001DC xnzvc
00:6AB6  53 43  SUBQ.W  #1,D3                    A0=00006AAC A1=00C00000 A2=0000741E A3=00FF2CFE A4=00000100 A5=FFFF80C8 A6=00FF0BF0 A7=00FF0BDA D0=00000006 D1=00000480 D2=00000006 D3=00000006 D4=0000FFFF D5=000000FF D6=00000004 D7=000001DC xnzvc
00:6AB8  6A F8  BPL     #$F8 [00:6AB2]           A0=00006AAC A1=00C00000 A2=0000741E A3=00FF2CFE A4=00000100 A5=FFFF80C8 A6=00FF0BF0 A7=00FF0BDA D0=00000006 D1=00000480 D2=00000006 D3=00000005 D4=0000FFFF D5=000000FF D6=00000004 D7=000001DC xnzvc
00:6AB2  61 00  BSR     #$00B0 [00:6B64]         A0=00006AAC A1=00C00000 A2=0000741E A3=00FF2CFE A4=00000100 A5=FFFF80C8 A6=00FF0BF0 A7=00FF0BDA D0=00000006 D1=00000480 D2=00000006 D3=00000005 D4=0000FFFF D5=000000FF D6=00000004 D7=000001DC xnzvc
00:6AB6  53 43  SUBQ.W  #1,D3                    A0=00006AAC A1=00C00000 A2=0000741E A3=00FF2CFE A4=00000100 A5=FFFF80C8 A6=00FF0BF0 A7=00FF0BDA D0=00000007 D1=00000480 D2=00000006 D3=00000005 D4=0000FFFF D5=000000FF D6=00000004 D7=000001DC xnzvc
00:6AB8  6A F8  BPL     #$F8 [00:6AB2]           A0=00006AAC A1=00C00000 A2=0000741E A3=00FF2CFE A4=00000100 A5=FFFF80C8 A6=00FF0BF0 A7=00FF0BDA D0=00000007 D1=00000480 D2=00000006 D3=00000004 D4=0000FFFF D5=000000FF D6=00000004 D7=000001DC xnzvc
00:6AB2  61 00  BSR     #$00B0 [00:6B64]         A0=00006AAC A1=00C00000 A2=0000741E A3=00FF2CFE A4=00000100 A5=FFFF80C8 A6=00FF0BF0 A7=00FF0BDA D0=00000007 D1=00000480 D2=00000006 D3=00000004 D4=0000FFFF D5=000000FF D6=00000004 D7=000001DC xnzvc
00:6AB6  53 43  SUBQ.W  #1,D3                    A0=00006AAC A1=00C00000 A2=0000741E A3=00FF2CFE A4=00000100 A5=FFFF80C8 A6=00FF0BF0 A7=00FF0BDA D0=00000008 D1=00000480 D2=00000006 D3=00000004 D4=0000FFFF D5=000000FF D6=00000004 D7=000001DC xnzvc
00:6AB8  6A F8  BPL     #$F8 [00:6AB2]           A0=00006AAC A1=00C00000 A2=0000741E A3=00FF2CFE A4=00000100 A5=FFFF80C8 A6=00FF0BF0 A7=00FF0BDA D0=00000008 D1=00000480 D2=00000006 D3=00000003 D4=0000FFFF D5=000000FF D6=00000004 D7=000001DC xnzvc
00:6AB2  61 00  BSR     #$00B0 [00:6B64]         A0=00006AAC A1=00C00000 A2=0000741E A3=00FF2CFE A4=00000100 A5=FFFF80C8 A6=00FF0BF0 A7=00FF0BDA D0=00000008 D1=00000480 D2=00000006 D3=00000003 D4=0000FFFF D5=000000FF D6=00000004 D7=000001DC xnzvc
00:6AB6  53 43  SUBQ.W  #1,D3                    A0=00006AAC A1=00C00000 A2=0000741E A3=00FF2CFE A4=00000100 A5=FFFF80C8 A6=00FF0BF0 A7=00FF0BDA D0=00000009 D1=00000480 D2=00000006 D3=00000003 D4=0000FFFF D5=000000FF D6=00000004 D7=000001DC xnzvc
00:6AB8  6A F8  BPL     #$F8 [00:6AB2]           A0=00006AAC A1=00C00000 A2=0000741E A3=00FF2CFE A4=00000100 A5=FFFF80C8 A6=00FF0BF0 A7=00FF0BDA D0=00000009 D1=00000480 D2=00000006 D3=00000002 D4=0000FFFF D5=000000FF D6=00000004 D7=000001DC xnzvc
00:6AB2  61 00  BSR     #$00B0 [00:6B64]         A0=00006AAC A1=00C00000 A2=0000741E A3=00FF2CFE A4=00000100 A5=FFFF80C8 A6=00FF0BF0 A7=00FF0BDA D0=00000009 D1=00000480 D2=00000006 D3=00000002 D4=0000FFFF D5=000000FF D6=00000004 D7=000001DC xnzvc
00:6AB6  53 43  SUBQ.W  #1,D3                    A0=00006AAC A1=00C00000 A2=0000741E A3=00FF2CFE A4=00000100 A5=FFFF80C8 A6=00FF0BF0 A7=00FF0BDA D0=0000000A D1=00000480 D2=00000006 D3=00000002 D4=0000FFFF D5=000000FF D6=00000004 D7=000001DC xnzvc
00:6AB8  6A F8  BPL     #$F8 [00:6AB2]           A0=00006AAC A1=00C00000 A2=0000741E A3=00FF2CFE A4=00000100 A5=FFFF80C8 A6=00FF0BF0 A7=00FF0BDA D0=0000000A D1=00000480 D2=00000006 D3=00000001 D4=0000FFFF D5=000000FF D6=00000004 D7=000001DC xnzvc
00:6AB2  61 00  BSR     #$00B0 [00:6B64]         A0=00006AAC A1=00C00000 A2=0000741E A3=00FF2CFE A4=00000100 A5=FFFF80C8 A6=00FF0BF0 A7=00FF0BDA D0=0000000A D1=00000480 D2=00000006 D3=00000001 D4=0000FFFF D5=000000FF D6=00000004 D7=000001DC xnzvc
00:6AB6  53 43  SUBQ.W  #1,D3                    A0=00006AAC A1=00C00000 A2=0000741E A3=00FF2CFE A4=00000100 A5=FFFF80C8 A6=00FF0BF0 A7=00FF0BDA D0=0000000B D1=00000480 D2=00000006 D3=00000001 D4=0000FFFF D5=000000FF D6=00000004 D7=000001DC xnzvc
00:6AB8  6A F8  BPL     #$F8 [00:6AB2]           A0=00006AAC A1=00C00000 A2=0000741E A3=00FF2CFE A4=00000100 A5=FFFF80C8 A6=00FF0BF0 A7=00FF0BDA D0=0000000B D1=00000480 D2=00000006 D3=00000000 D4=0000FFFF D5=000000FF D6=00000004 D7=000001DC xnZvc
00:6AB2  61 00  BSR     #$00B0 [00:6B64]         A0=00006AAC A1=00C00000 A2=0000741E A3=00FF2CFE A4=00000100 A5=FFFF80C8 A6=00FF0BF0 A7=00FF0BDA D0=0000000B D1=00000480 D2=00000006 D3=00000000 D4=0000FFFF D5=000000FF D6=00000004 D7=000001DC xnZvc
00:6AB6  53 43  SUBQ.W  #1,D3                    A0=00006AAC A1=00C00000 A2=0000741E A3=00FF2CFE A4=00000100 A5=FFFF80C8 A6=00FF0BF0 A7=00FF0BDA D0=0000000C D1=00000480 D2=00000006 D3=00000000 D4=0000FFFF D5=000000FF D6=00000004 D7=000001DC xnzvc
00:6AB8  6A F8  BPL     #$F8 [00:6AB2]           A0=00006AAC A1=00C00000 A2=0000741E A3=00FF2CFE A4=00000100 A5=FFFF80C8 A6=00FF0BF0 A7=00FF0BDA D0=0000000C D1=00000480 D2=00000006 D3=0000FFFF D4=0000FFFF D5=000000FF D6=00000004 D7=000001DC XNzvC
00:6ABA  4E 75  RTS                              A0=00006AAC A1=00C00000 A2=0000741E A3=00FF2CFE A4=00000100 A5=FFFF80C8 A6=00FF0BF0 A7=00FF0BDA D0=0000000C D1=00000480 D2=00000006 D3=0000FFFF D4=0000FFFF D5=000000FF D6=00000004 D7=000001DC XNzvC
00:69C0  61 00  BSR     #$01A2 [00:6B64]         A0=00006AAC A1=00C00000 A2=0000741F A3=00FF2CFE A4=00000100 A5=FFFF80C8 A6=00FF0BF0 A7=00FF0BDE D0=0000000C D1=00000480 D2=00000006 D3=0000FFFF D4=0000FFFF D5=000000FF D6=00000004 D7=000001D0 XNzvc
00:69C4  60 F2  BRA     #$F2 [00:69B8]           A0=00006AAC A1=00C00000 A2=0000741F A3=00FF2CFE A4=00000100 A5=FFFF80C8 A6=00FF0BF0 A7=00FF0BDE D0=0000000D D1=00000480 D2=00000006 D3=0000FFFF D4=0000FFFF D5=000000FF D6=00000004 D7=000001D0 xnzvc
00:69C0  61 00  BSR     #$01A2 [00:6B64]         A0=00006AAC A1=00C00000 A2=00007420 A3=00FF2CFE A4=00000100 A5=FFFF80C8 A6=00FF0BF0 A7=00FF0BDE D0=0000000D D1=00000480 D2=00000006 D3=0000FFFF D4=0000FFFF D5=000000FF D6=00000004 D7=000001D1 xNzvc
00:69C4  60 F2  BRA     #$F2 [00:69B8]           A0=00006AAC A1=00C00000 A2=00007420 A3=00FF2CFE A4=00000100 A5=FFFF80C8 A6=00FF0BF0 A7=00FF0BDE D0=0000000E D1=00000480 D2=00000006 D3=0000FFFF D4=0000FFFF D5=000000FF D6=00000004 D7=000001D1 xnzvc
00:6AA6  1E 1A  MOVE.B  (A2)+,D7                 A0=00006AA6 A1=00C00000 A2=00007421 A3=00FF2CFE A4=00000100 A5=FFFF80C8 A6=00FF0BF0 A7=00FF0BDA D0=00000004 D1=00000480 D2=00000006 D3=0000FFFF D4=0000FFFF D5=000000FF D6=00000004 D7=00000102 xnzvc
00:6AA8  E1 47  ASL.W   #8,D7                    A0=00006AA6 A1=00C00000 A2=00007422 A3=00FF2CFE A4=00000100 A5=FFFF80C8 A6=00FF0BF0 A7=00FF0BDA D0=00000004 D1=00000480 D2=00000006 D3=0000FFFF D4=0000FFFF D5=000000FF D6=00000004 D7=00000121 xnzvc
00:6AAA  4E 75  RTS                              A0=00006AA6 A1=00C00000 A2=00007422 A3=00FF2CFE A4=00000100 A5=FFFF80C8 A6=00FF0BF0 A7=00FF0BDA D0=00000004 D1=00000480 D2=00000006 D3=0000FFFF D4=0000FFFF D5=000000FF D6=00000004 D7=00002100 XnzVC
00:69C0  61 00  BSR     #$01A2 [00:6B64]         A0=00006AA6 A1=00C00000 A2=00007423 A3=00FF2CFE A4=00000100 A5=FFFF80C8 A6=00FF0BF0 A7=00FF0BDE D0=00000004 D1=00000480 D2=00000006 D3=0000FFFF D4=0000FFFF D5=000000FF D6=00000004 D7=000021D2 XNzvc
00:69C4  60 F2  BRA     #$F2 [00:69B8]           A0=00006AA6 A1=00C00000 A2=00007423 A3=00FF2CFE A4=00000100 A5=FFFF80C8 A6=00FF0BF0 A7=00FF0BDE D0=0000000F D1=00000480 D2=00000006 D3=0000FFFF D4=0000FFFF D5=000000FF D6=00000004 D7=000021D2 xnzvc
00:69C0  61 00  BSR     #$01A2 [00:6B64]         A0=00006AA6 A1=00C00000 A2=00007424 A3=00FF2CFE A4=00000100 A5=FFFF80C8 A6=00FF0BF0 A7=00FF0BDE D0=0000000F D1=00000480 D2=00000006 D3=0000FFFF D4=0000FFFF D5=000000FF D6=00000004 D7=000021D3 xNzvc
00:69C4  60 F2  BRA     #$F2 [00:69B8]           A0=00006AA6 A1=00C00000 A2=00007424 A3=00FF2CFE A4=00000100 A5=FFFF80C8 A6=00FF0BF0 A7=00FF0BDE D0=00000010 D1=00000480 D2=00000006 D3=0000FFFF D4=0000FFFF D5=000000FF D6=00000004 D7=000021D3 xnzvc
00:6AA6  1E 1A  MOVE.B  (A2)+,D7                 A0=00006AA6 A1=00C00000 A2=00007425 A3=00FF2CFE A4=00000100 A5=FFFF80C8 A6=00FF0BF0 A7=00FF0BDA D0=00000004 D1=00000480 D2=00000006 D3=0000FFFF D4=0000FFFF D5=000000FF D6=00000004 D7=00002102 xnzvc
00:6AA8  E1 47  ASL.W   #8,D7                    A0=00006AA6 A1=00C00000 A2=00007426 A3=00FF2CFE A4=00000100 A5=FFFF80C8 A6=00FF0BF0 A7=00FF0BDA D0=00000004 D1=00000480 D2=00000006 D3=0000FFFF D4=0000FFFF D5=000000FF D6=00000004 D7=00002122 xnzvc
00:6AAA  4E 75  RTS                              A0=00006AA6 A1=00C00000 A2=00007426 A3=00FF2CFE A4=00000100 A5=FFFF80C8 A6=00FF0BF0 A7=00FF0BDA D0=00000004 D1=00000480 D2=00000006 D3=0000FFFF D4=0000FFFF D5=000000FF D6=00000004 D7=00002200 XnzVC
00:6ABC  76 00  MOVEQ   #$00,D3                  A0=00006ABC A1=00C00000 A2=00007427 A3=00FF2CFE A4=00000100 A5=FFFF80C8 A6=00FF0BF0 A7=00FF0BDA D0=00000008 D1=00000480 D2=00000006 D3=0000FFFF D4=0000FFFF D5=000000FF D6=00000004 D7=00002204 xnzvc
00:6ABE  16 1A  MOVE.B  (A2)+,D3                 A0=00006ABC A1=00C00000 A2=00007427 A3=00FF2CFE A4=00000100 A5=FFFF80C8 A6=00FF0BF0 A7=00FF0BDA D0=00000008 D1=00000480 D2=00000006 D3=00000000 D4=0000FFFF D5=000000FF D6=00000004 D7=00002204 xnZvc
00:6AC0  1E 1A  MOVE.B  (A2)+,D7                 A0=00006ABC A1=00C00000 A2=00007428 A3=00FF2CFE A4=00000100 A5=FFFF80C8 A6=00FF0BF0 A7=00FF0BDA D0=00000008 D1=00000480 D2=00000006 D3=00000009 D4=0000FFFF D5=000000FF D6=00000004 D7=00002204 xnzvc
00:6AC2  61 00  BSR     #$001C [00:6AE0]         A0=00006ABC A1=00C00000 A2=00007429 A3=00FF2CFE A4=00000100 A5=FFFF80C8 A6=00FF0BF0 A7=00FF0BDA D0=00000008 D1=00000480 D2=00000006 D3=00000009 D4=0000FFFF D5=000000FF D6=00000004 D7=00002210 xnzvc
00:6AEA  4E 75  RTS                              A0=00006ABC A1=00C00000 A2=00007429 A3=00FF2CFE A4=00000100 A5=FFFF80C8 A6=00FF0BF0 A7=00FF0BD6 D0=0000001A D1=00000480 D2=00000006 D3=0000FFFF D4=0000FFFF D5=000000FF D6=00000004 D7=0000221A XNzvC
00:6AC6  4E 75  RTS                              A0=00006ABC A1=00C00000 A2=00007429 A3=00FF2CFE A4=00000100 A5=FFFF80C8 A6=00FF0BF0 A7=00FF0BDA D0=0000001A D1=00000480 D2=00000006 D3=0000FFFF D4=0000FFFF D5=000000FF D6=00000004 D7=0000221A XNzvC
00:6B1C  76 00  MOVEQ   #$00,D3                  A0=00006B1C A1=00C00000 A2=0000742A A3=00FF2CFE A4=00000100 A5=FFFF80C8 A6=00FF0BF0 A7=00FF0BDA D0=00000014 D1=00000480 D2=00000006 D3=0000FFFF D4=0000FFFF D5=000000FF D6=00000004 D7=0000220A xnzvc
00:6B1E  16 1A  MOVE.B  (A2)+,D3                 A0=00006B1C A1=00C00000 A2=0000742A A3=00FF2CFE A4=00000100 A5=FFFF80C8 A6=00FF0BF0 A7=00FF0BDA D0=00000014 D1=00000480 D2=00000006 D3=00000000 D4=0000FFFF D5=000000FF D6=00000004 D7=0000220A xnZvc
00:6B20  48 47  SWAP.W  D7                       A0=00006B1C A1=00C00000 A2=0000742B A3=00FF2CFE A4=00000100 A5=FFFF80C8 A6=00FF0BF0 A7=00FF0BDA D0=00000014 D1=00000480 D2=00000006 D3=00000000 D4=0000FFFF D5=000000FF D6=00000004 D7=0000220A xnZvc
00:6B22  42 47  CLR.W   D7                       A0=00006B1C A1=00C00000 A2=0000742B A3=00FF2CFE A4=00000100 A5=FFFF80C8 A6=00FF0BF0 A7=00FF0BDA D0=00000014 D1=00000480 D2=00000006 D3=00000000 D4=0000FFFF D5=000000FF D6=00000004 D7=220A0000 xnzvc
00:6B2C  48 47  SWAP.W  D7                       A0=00006B1C A1=00C00000 A2=0000742B A3=00FF2CFE A4=00000100 A5=FFFF80C8 A6=00FF0BF0 A7=00FF0BDA D0=0000001B D1=00000480 D2=00000006 D3=0000FFFF D4=0000FFFF D5=000000FF D6=00000004 D7=220A0000 XNzvC
00:6B2E  4E 75  RTS                              A0=00006B1C A1=00C00000 A2=0000742B A3=00FF2CFE A4=00000100 A5=FFFF80C8 A6=00FF0BF0 A7=00FF0BDA D0=0000001B D1=00000480 D2=00000006 D3=0000FFFF D4=0000FFFF D5=000000FF D6=00000004 D7=0000220A Xnzvc
00:6AA6  1E 1A  MOVE.B  (A2)+,D7                 A0=00006AA6 A1=00C00000 A2=0000742C A3=00FF2CFE A4=00000100 A5=FFFF80C8 A6=00FF0BF0 A7=00FF0BDA D0=00000004 D1=00000480 D2=00000006 D3=0000FFFF D4=0000FFFF D5=000000FF D6=00000004 D7=00002202 xnzvc
00:6AA8  E1 47  ASL.W   #8,D7                    A0=00006AA6 A1=00C00000 A2=0000742D A3=00FF2CFE A4=00000100 A5=FFFF80C8 A6=00FF0BF0 A7=00FF0BDA D0=00000004 D1=00000480 D2=00000006 D3=0000FFFF D4=0000FFFF D5=000000FF D6=00000004 D7=00002222 xnzvc
00:6AAA  4E 75  RTS                              A0=00006AA6 A1=00C00000 A2=0000742D A3=00FF2CFE A4=00000100 A5=FFFF80C8 A6=00FF0BF0 A7=00FF0BDA D0=00000004 D1=00000480 D2=00000006 D3=0000FFFF D4=0000FFFF D5=000000FF D6=00000004 D7=00002200 xnzVc
00:6ABC  76 00  MOVEQ   #$00,D3                  A0=00006ABC A1=00C00000 A2=0000742E A3=00FF2CFE A4=00000100 A5=FFFF80C8 A6=00FF0BF0 A7=00FF0BDA D0=00000008 D1=00000480 D2=00000006 D3=0000FFFF D4=0000FFFF D5=000000FF D6=00000004 D7=00002204 xnzvc
00:6ABE  16 1A  MOVE.B  (A2)+,D3                 A0=00006ABC A1=00C00000 A2=0000742E A3=00FF2CFE A4=00000100 A5=FFFF80C8 A6=00FF0BF0 A7=00FF0BDA D0=00000008 D1=00000480 D2=00000006 D3=00000000 D4=0000FFFF D5=000000FF D6=00000004 D7=00002204 xnZvc
00:6AC0  1E 1A  MOVE.B  (A2)+,D7                 A0=00006ABC A1=00C00000 A2=0000742F A3=00FF2CFE A4=00000100 A5=FFFF80C8 A6=00FF0BF0 A7=00FF0BDA D0=00000008 D1=00000480 D2=00000006 D3=00000003 D4=0000FFFF D5=000000FF D6=00000004 D7=00002204 xnzvc
00:6AC2  61 00  BSR     #$001C [00:6AE0]         A0=00006ABC A1=00C00000 A2=00007430 A3=00FF2CFE A4=00000100 A5=FFFF80C8 A6=00FF0BF0 A7=00FF0BDA D0=00000008 D1=00000480 D2=00000006 D3=00000003 D4=0000FFFF D5=000000FF D6=00000004 D7=0000221A xnzvc
00:6AEA  4E 75  RTS                              A0=00006ABC A1=00C00000 A2=00007430 A3=00FF2CFE A4=00000100 A5=FFFF80C8 A6=00FF0BF0 A7=00FF0BD6 D0=0000001F D1=00000480 D2=00000006 D3=0000FFFF D4=0000FFFF D5=000000FF D6=00000004 D7=0000221E XNzvC
00:6AC6  4E 75  RTS                              A0=00006ABC A1=00C00000 A2=00007430 A3=00FF2CFE A4=00000100 A5=FFFF80C8 A6=00FF0BF0 A7=00FF0BDA D0=0000001F D1=00000480 D2=00000006 D3=0000FFFF D4=0000FFFF D5=000000FF D6=00000004 D7=0000221E XNzvC
00:6B06  1E 1A  MOVE.B  (A2)+,D7                 A0=00006B06 A1=00C00000 A2=00007431 A3=00FF2CFE A4=00000100 A5=FFFF80C8 A6=00FF0BF0 A7=00FF0BDA D0=0000000E D1=00000480 D2=00000006 D3=0000FFFF D4=0000FFFF D5=000000FF D6=00000004 D7=00002207 xnzvc
00:6B08  61 00  BSR     #$005A [00:6B64]         A0=00006B06 A1=00C00000 A2=00007432 A3=00FF2CFE A4=00000100 A5=FFFF80C8 A6=00FF0BF0 A7=00FF0BDA D0=0000000E D1=00000480 D2=00000006 D3=0000FFFF D4=0000FFFF D5=000000FF D6=00000004 D7=00002205 xnzvc
00:6B6C  1D 6E  MOVE.B  $FFF6(A6),$FFF4(A6)      A0=00006B06 A1=00C00000 A2=00007432 A3=00FF2CFE A4=00000100 A5=FFFF80C8 A6=00FF0BF0 A7=00FF0BD6 D0=0000000E D1=00000480 D2=00000006 D3=0000FFFF D4=0000FFFF D5=000000FF D6=00000004 D7=00002205 XNzvC
00:6B72  60 C6  BRA     #$C6 [00:6B3A]           A0=00006B06 A1=00C00000 A2=00007432 A3=00FF2CFE A4=00000100 A5=FFFF80C8 A6=00FF0BF0 A7=00FF0BD6 D0=0000000E D1=00000480 D2=00000006 D3=0000FFFF D4=0000FFFF D5=000000FF D6=00000004 D7=00002205 Xnzvc
00:6B3A  30 2E  MOVE.W  $FFFA(A6),D0             A0=00006B06 A1=00C00000 A2=00007432 A3=00FF2CFE A4=00000100 A5=FFFF80C8 A6=00FF0BF0 A7=00FF0BD6 D0=0000000E D1=00000480 D2=00000006 D3=0000FFFF D4=0000FFFF D5=000000FF D6=00000004 D7=00002205 Xnzvc
00:6B3E  32 2E  MOVE.W  $FFFC(A6),D1             A0=00006B06 A1=00C00000 A2=00007432 A3=00FF2CFE A4=00000100 A5=FFFF80C8 A6=00FF0BF0 A7=00FF0BD6 D0=00000000 D1=00000480 D2=00000006 D3=0000FFFF D4=0000FFFF D5=000000FF D6=00000004 D7=00002205 XnZvc
00:6B42  52 41  ADDQ.W  #1,D1                    A0=00006B06 A1=00C00000 A2=00007432 A3=00FF2CFE A4=00000100 A5=FFFF80C8 A6=00FF0BF0 A7=00FF0BD6 D0=00000000 D1=00000009 D2=00000006 D3=0000FFFF D4=0000FFFF D5=000000FF D6=00000004 D7=00002205 Xnzvc
00:6B44  B2 78  CMP.W   ($8A72),D1               A0=00006B06 A1=00C00000 A2=00007432 A3=00FF2CFE A4=00000100 A5=FFFF80C8 A6=00FF0BF0 A7=00FF0BD6 D0=00000000 D1=0000000A D2=00000006 D3=0000FFFF D4=0000FFFF D5=000000FF D6=00000004 D7=00002205 xnzvc
00:6B48  65 02  BCS     #$02 [00:6B4C]           A0=00006B06 A1=00C00000 A2=00007432 A3=00FF2CFE A4=00000100 A5=FFFF80C8 A6=00FF0BF0 A7=00FF0BD6 D0=00000000 D1=0000000A D2=00000006 D3=0000FFFF D4=0000FFFF D5=000000FF D6=00000004 D7=00002205 xNzvC
00:6B4C  3D 41  MOVE.W  D1,$FFFC(A6)             A0=00006B06 A1=00C00000 A2=00007432 A3=00FF2CFE A4=00000100 A5=FFFF80C8 A6=00FF0BF0 A7=00FF0BD6 D0=00000000 D1=0000000A D2=00000006 D3=0000FFFF D4=0000FFFF D5=000000FF D6=00000004 D7=00002205 xNzvC
00:6B50  3D 40  MOVE.W  D0,$FFFE(A6)             A0=00006B06 A1=00C00000 A2=00007432 A3=00FF2CFE A4=00000100 A5=FFFF80C8 A6=00FF0BF0 A7=00FF0BD6 D0=00000000 D1=0000000A D2=00000006 D3=0000FFFF D4=0000FFFF D5=000000FF D6=00000004 D7=00002205 xnzvc
00:6B54  61 00  BSR     #$FF46 [00:6A9C]         A0=00006B06 A1=00C00000 A2=00007432 A3=00FF2CFE A4=00000100 A5=FFFF80C8 A6=00FF0BF0 A7=00FF0BD6 D0=00000000 D1=0000000A D2=00000006 D3=0000FFFF D4=0000FFFF D5=000000FF D6=00000004 D7=00002205 xnZvc
00:6A9C  4E B8  JSR     ($05CA)                  A0=00006B06 A1=00C00000 A2=00007432 A3=00FF2CFE A4=00000100 A5=FFFF80C8 A6=00FF0BF0 A7=00FF0BD2 D0=00000000 D1=0000000A D2=00000006 D3=0000FFFF D4=0000FFFF D5=000000FF D6=00000004 D7=00002205 xnZvc
00:05CA  D0 40  ADD.W   D0,D0                    A0=00006B06 A1=00C00000 A2=00007432 A3=00FF2CFE A4=00000100 A5=FFFF80C8 A6=00FF0BF0 A7=00FF0BCE D0=00000000 D1=0000000A D2=00000006 D3=0000FFFF D4=0000FFFF D5=000000FF D6=00000004 D7=00002205 xnZvc
00:05CC  D2 41  ADD.W   D1,D1                    A0=00006B06 A1=00C00000 A2=00007432 A3=00FF2CFE A4=00000100 A5=FFFF80C8 A6=00FF0BF0 A7=00FF0BCE D0=00000000 D1=0000000A D2=00000006 D3=0000FFFF D4=0000FFFF D5=000000FF D6=00000004 D7=00002205 xnZvc
00:05CE  14 38  MOVE.B  ($8A8A),D2               A0=00006B06 A1=00C00000 A2=00007432 A3=00FF2CFE A4=00000100 A5=FFFF80C8 A6=00FF0BF0 A7=00FF0BCE D0=00000000 D1=00000014 D2=00000006 D3=0000FFFF D4=0000FFFF D5=000000FF D6=00000004 D7=00002205 xnzvc
00:05D2  E5 61  ASL.W   D2,D1                    A0=00006B06 A1=00C00000 A2=00007432 A3=00FF2CFE A4=00000100 A5=FFFF80C8 A6=00FF0BF0 A7=00FF0BCE D0=00000000 D1=00000014 D2=00000006 D3=0000FFFF D4=0000FFFF D5=000000FF D6=00000004 D7=00002205 xnzvc
00:05D4  D0 41  ADD.W   D1,D0                    A0=00006B06 A1=00C00000 A2=00007432 A3=00FF2CFE A4=00000100 A5=FFFF80C8 A6=00FF0BF0 A7=00FF0BCE D0=00000000 D1=00000500 D2=00000006 D3=0000FFFF D4=0000FFFF D5=000000FF D6=00000004 D7=00002205 xnzvc
00:05D6  4E 75  RTS                              A0=00006B06 A1=00C00000 A2=00007432 A3=00FF2CFE A4=00000100 A5=FFFF80C8 A6=00FF0BF0 A7=00FF0BCE D0=00000500 D1=00000500 D2=00000006 D3=0000FFFF D4=0000FFFF D5=000000FF D6=00000004 D7=00002205 xnzvc
00:6AA0  D0 6E  ADD.W   $FFF2(A6),D0             A0=00006B06 A1=00C00000 A2=00007432 A3=00FF2CFE A4=00000100 A5=FFFF80C8 A6=00FF0BF0 A7=00FF0BD2 D0=00000500 D1=00000500 D2=00000006 D3=0000FFFF D4=0000FFFF D5=000000FF D6=00000004 D7=00002205 xnzvc
00:6AA4  4E 75  RTS                              A0=00006B06 A1=00C00000 A2=00007432 A3=00FF2CFE A4=00000100 A5=FFFF80C8 A6=00FF0BF0 A7=00FF0BD2 D0=0000E500 D1=00000500 D2=00000006 D3=0000FFFF D4=0000FFFF D5=000000FF D6=00000004 D7=00002205 xNzvc
00:6B58  4E B8  JSR     ($05A0)                  A0=00006B06 A1=00C00000 A2=00007432 A3=00FF2CFE A4=00000100 A5=FFFF80C8 A6=00FF0BF0 A7=00FF0BD6 D0=0000E500 D1=00000500 D2=00000006 D3=0000FFFF D4=0000FFFF D5=000000FF D6=00000004 D7=00002205 xNzvc
00:05A0  E5 80  ASL.L   #2,D0                    A0=00006B06 A1=00C00000 A2=00007432 A3=00FF2CFE A4=00000100 A5=FFFF80C8 A6=00FF0BF0 A7=00FF0BD2 D0=0000E500 D1=00000500 D2=00000006 D3=0000FFFF D4=0000FFFF D5=000000FF D6=00000004 D7=00002205 xNzvc
00:05A2  E4 48  LSR.W   #2,D0                    A0=00006B06 A1=00C00000 A2=00007432 A3=00FF2CFE A4=00000100 A5=FFFF80C8 A6=00FF0BF0 A7=00FF0BD2 D0=00039400 D1=00000500 D2=00000006 D3=0000FFFF D4=0000FFFF D5=000000FF D6=00000004 D7=00002205 xnzvc
00:05A4  00 40  ORI.W   #$4000,D0                A0=00006B06 A1=00C00000 A2=00007432 A3=00FF2CFE A4=00000100 A5=FFFF80C8 A6=00FF0BF0 A7=00FF0BD2 D0=00032500 D1=00000500 D2=00000006 D3=0000FFFF D4=0000FFFF D5=000000FF D6=00000004 D7=00002205 xnzvc
00:05A8  48 40  SWAP.W  D0                       A0=00006B06 A1=00C00000 A2=00007432 A3=00FF2CFE A4=00000100 A5=FFFF80C8 A6=00FF0BF0 A7=00FF0BD2 D0=00036500 D1=00000500 D2=00000006 D3=0000FFFF D4=0000FFFF D5=000000FF D6=00000004 D7=00002205 xnzvc
00:05AA  02 40  ANDI.W  #$0003,D0                A0=00006B06 A1=00C00000 A2=00007432 A3=00FF2CFE A4=00000100 A5=FFFF80C8 A6=00FF0BF0 A7=00FF0BD2 D0=65000003 D1=00000500 D2=00000006 D3=0000FFFF D4=0000FFFF D5=000000FF D6=00000004 D7=00002205 xnzvc
00:05AE  23 C0  MOVE.L  D0,($00C00004)           A0=00006B06 A1=00C00000 A2=00007432 A3=00FF2CFE A4=00000100 A5=FFFF80C8 A6=00FF0BF0 A7=00FF0BD2 D0=65000003 D1=00000500 D2=00000006 D3=0000FFFF D4=0000FFFF D5=000000FF D6=00000004 D7=00002205 xnzvc
00:05B4  4E 75  RTS                              A0=00006B06 A1=00C00000 A2=00007432 A3=00FF2CFE A4=00000100 A5=FFFF80C8 A6=00FF0BF0 A7=00FF0BD2 D0=65000003 D1=00000500 D2=00000006 D3=0000FFFF D4=0000FFFF D5=000000FF D6=00000004 D7=00002205 xnzvc
00:6B5C  43 F9  LEA     ($00C00000),A1           A0=00006B06 A1=00C00000 A2=00007432 A3=00FF2CFE A4=00000100 A5=FFFF80C8 A6=00FF0BF0 A7=00FF0BD6 D0=65000003 D1=00000500 D2=00000006 D3=0000FFFF D4=0000FFFF D5=000000FF D6=00000004 D7=00002205 xnzvc
00:6B62  4E 75  RTS                              A0=00006B06 A1=00C00000 A2=00007432 A3=00FF2CFE A4=00000100 A5=FFFF80C8 A6=00FF0BF0 A7=00FF0BD6 D0=65000003 D1=00000500 D2=00000006 D3=0000FFFF D4=0000FFFF D5=000000FF D6=00000004 D7=00002205 xnzvc
00:6B0C  4E 75  RTS                              A0=00006B06 A1=00C00000 A2=00007432 A3=00FF2CFE A4=00000100 A5=FFFF80C8 A6=00FF0BF0 A7=00FF0BDA D0=65000003 D1=00000500 D2=00000006 D3=0000FFFF D4=0000FFFF D5=000000FF D6=00000004 D7=00002205 xnzvc
00:6AA6  1E 1A  MOVE.B  (A2)+,D7                 A0=00006AA6 A1=00C00000 A2=00007433 A3=00FF2CFE A4=00000100 A5=FFFF80C8 A6=00FF0BF0 A7=00FF0BDA D0=00000004 D1=00000500 D2=00000006 D3=0000FFFF D4=0000FFFF D5=000000FF D6=00000004 D7=00002202 xnzvc
00:6AA8  E1 47  ASL.W   #8,D7                    A0=00006AA6 A1=00C00000 A2=00007434 A3=00FF2CFE A4=00000100 A5=FFFF80C8 A6=00FF0BF0 A7=00FF0BDA D0=00000004 D1=00000500 D2=00000006 D3=0000FFFF D4=0000FFFF D5=000000FF D6=00000004 D7=00002201 xnzvc
00:6AAA  4E 75  RTS                              A0=00006AA6 A1=00C00000 A2=00007434 A3=00FF2CFE A4=00000100 A5=FFFF80C8 A6=00FF0BF0 A7=00FF0BDA D0=00000004 D1=00000500 D2=00000006 D3=0000FFFF D4=0000FFFF D5=000000FF D6=00000004 D7=00000100 xnzVc
00:6AAC  76 00  MOVEQ   #$00,D3                  A0=00006AAC A1=00C00000 A2=00007435 A3=00FF2CFE A4=00000100 A5=FFFF80C8 A6=00FF0BF0 A7=00FF0BDA D0=00000006 D1=00000500 D2=00000006 D3=0000FFFF D4=0000FFFF D5=000000FF D6=00000004 D7=00000103 xnzvc
00:6AAE  16 1A  MOVE.B  (A2)+,D3                 A0=00006AAC A1=00C00000 A2=00007435 A3=00FF2CFE A4=00000100 A5=FFFF80C8 A6=00FF0BF0 A7=00FF0BDA D0=00000006 D1=00000500 D2=00000006 D3=00000000 D4=0000FFFF D5=000000FF D6=00000004 D7=00000103 xnZvc
00:6AB0  1E 1A  MOVE.B  (A2)+,D7                 A0=00006AAC A1=00C00000 A2=00007436 A3=00FF2CFE A4=00000100 A5=FFFF80C8 A6=00FF0BF0 A7=00FF0BDA D0=00000006 D1=00000500 D2=00000006 D3=0000000B D4=0000FFFF D5=000000FF D6=00000004 D7=00000103 xnzvc
00:6AB2  61 00  BSR     #$00B0 [00:6B64]         A0=00006AAC A1=00C00000 A2=00007437 A3=00FF2CFE A4=00000100 A5=FFFF80C8 A6=00FF0BF0 A7=00FF0BDA D0=00000006 D1=00000500 D2=00000006 D3=0000000B D4=0000FFFF D5=000000FF D6=00000004 D7=000001DC xNzvc
00:6AB6  53 43  SUBQ.W  #1,D3                    A0=00006AAC A1=00C00000 A2=00007437 A3=00FF2CFE A4=00000100 A5=FFFF80C8 A6=00FF0BF0 A7=00FF0BDA D0=00000001 D1=00000500 D2=00000006 D3=0000000B D4=0000FFFF D5=000000FF D6=00000004 D7=000001DC xnzvc
00:6AB8  6A F8  BPL     #$F8 [00:6AB2]           A0=00006AAC A1=00C00000 A2=00007437 A3=00FF2CFE A4=00000100 A5=FFFF80C8 A6=00FF0BF0 A7=00FF0BDA D0=00000001 D1=00000500 D2=00000006 D3=0000000A D4=0000FFFF D5=000000FF D6=00000004 D7=000001DC xnzvc
00:6AB2  61 00  BSR     #$00B0 [00:6B64]         A0=00006AAC A1=00C00000 A2=00007437 A3=00FF2CFE A4=00000100 A5=FFFF80C8 A6=00FF0BF0 A7=00FF0BDA D0=00000001 D1=00000500 D2=00000006 D3=0000000A D4=0000FFFF D5=000000FF D6=00000004 D7=000001DC xnzvc
00:6AB6  53 43  SUBQ.W  #1,D3                    A0=00006AAC A1=00C00000 A2=00007437 A3=00FF2CFE A4=00000100 A5=FFFF80C8 A6=00FF0BF0 A7=00FF0BDA D0=00000002 D1=00000500 D2=00000006 D3=0000000A D4=0000FFFF D5=000000FF D6=00000004 D7=000001DC xnzvc
00:6AB8  6A F8  BPL     #$F8 [00:6AB2]           A0=00006AAC A1=00C00000 A2=00007437 A3=00FF2CFE A4=00000100 A5=FFFF80C8 A6=00FF0BF0 A7=00FF0BDA D0=00000002 D1=00000500 D2=00000006 D3=00000009 D4=0000FFFF D5=000000FF D6=00000004 D7=000001DC xnzvc
00:6AB2  61 00  BSR     #$00B0 [00:6B64]         A0=00006AAC A1=00C00000 A2=00007437 A3=00FF2CFE A4=00000100 A5=FFFF80C8 A6=00FF0BF0 A7=00FF0BDA D0=00000002 D1=00000500 D2=00000006 D3=00000009 D4=0000FFFF D5=000000FF D6=00000004 D7=000001DC xnzvc
00:6AB6  53 43  SUBQ.W  #1,D3                    A0=00006AAC A1=00C00000 A2=00007437 A3=00FF2CFE A4=00000100 A5=FFFF80C8 A6=00FF0BF0 A7=00FF0BDA D0=00000003 D1=00000500 D2=00000006 D3=00000009 D4=0000FFFF D5=000000FF D6=00000004 D7=000001DC xnzvc
00:6AB8  6A F8  BPL     #$F8 [00:6AB2]           A0=00006AAC A1=00C00000 A2=00007437 A3=00FF2CFE A4=00000100 A5=FFFF80C8 A6=00FF0BF0 A7=00FF0BDA D0=00000003 D1=00000500 D2=00000006 D3=00000008 D4=0000FFFF D5=000000FF D6=00000004 D7=000001DC xnzvc
00:6AB2  61 00  BSR     #$00B0 [00:6B64]         A0=00006AAC A1=00C00000 A2=00007437 A3=00FF2CFE A4=00000100 A5=FFFF80C8 A6=00FF0BF0 A7=00FF0BDA D0=00000003 D1=00000500 D2=00000006 D3=00000008 D4=0000FFFF D5=000000FF D6=00000004 D7=000001DC xnzvc
00:6AB6  53 43  SUBQ.W  #1,D3                    A0=00006AAC A1=00C00000 A2=00007437 A3=00FF2CFE A4=00000100 A5=FFFF80C8 A6=00FF0BF0 A7=00FF0BDA D0=00000004 D1=00000500 D2=00000006 D3=00000008 D4=0000FFFF D5=000000FF D6=00000004 D7=000001DC xnzvc
00:6AB8  6A F8  BPL     #$F8 [00:6AB2]           A0=00006AAC A1=00C00000 A2=00007437 A3=00FF2CFE A4=00000100 A5=FFFF80C8 A6=00FF0BF0 A7=00FF0BDA D0=00000004 D1=00000500 D2=00000006 D3=00000007 D4=0000FFFF D5=000000FF D6=00000004 D7=000001DC xnzvc
00:6AB2  61 00  BSR     #$00B0 [00:6B64]         A0=00006AAC A1=00C00000 A2=00007437 A3=00FF2CFE A4=00000100 A5=FFFF80C8 A6=00FF0BF0 A7=00FF0BDA D0=00000004 D1=00000500 D2=00000006 D3=00000007 D4=0000FFFF D5=000000FF D6=00000004 D7=000001DC xnzvc
00:6AB6  53 43  SUBQ.W  #1,D3                    A0=00006AAC A1=00C00000 A2=00007437 A3=00FF2CFE A4=00000100 A5=FFFF80C8 A6=00FF0BF0 A7=00FF0BDA D0=00000005 D1=00000500 D2=00000006 D3=00000007 D4=0000FFFF D5=000000FF D6=00000004 D7=000001DC xnzvc
00:6AB8  6A F8  BPL     #$F8 [00:6AB2]           A0=00006AAC A1=00C00000 A2=00007437 A3=00FF2CFE A4=00000100 A5=FFFF80C8 A6=00FF0BF0 A7=00FF0BDA D0=00000005 D1=00000500 D2=00000006 D3=00000006 D4=0000FFFF D5=000000FF D6=00000004 D7=000001DC xnzvc
00:6AB2  61 00  BSR     #$00B0 [00:6B64]         A0=00006AAC A1=00C00000 A2=00007437 A3=00FF2CFE A4=00000100 A5=FFFF80C8 A6=00FF0BF0 A7=00FF0BDA D0=00000005 D1=00000500 D2=00000006 D3=00000006 D4=0000FFFF D5=000000FF D6=00000004 D7=000001DC xnzvc
00:6AB6  53 43  SUBQ.W  #1,D3                    A0=00006AAC A1=00C00000 A2=00007437 A3=00FF2CFE A4=00000100 A5=FFFF80C8 A6=00FF0BF0 A7=00FF0BDA D0=00000006 D1=00000500 D2=00000006 D3=00000006 D4=0000FFFF D5=000000FF D6=00000004 D7=000001DC xnzvc
00:6AB8  6A F8  BPL     #$F8 [00:6AB2]           A0=00006AAC A1=00C00000 A2=00007437 A3=00FF2CFE A4=00000100 A5=FFFF80C8 A6=00FF0BF0 A7=00FF0BDA D0=00000006 D1=00000500 D2=00000006 D3=00000005 D4=0000FFFF D5=000000FF D6=00000004 D7=000001DC xnzvc
00:6AB2  61 00  BSR     #$00B0 [00:6B64]         A0=00006AAC A1=00C00000 A2=00007437 A3=00FF2CFE A4=00000100 A5=FFFF80C8 A6=00FF0BF0 A7=00FF0BDA D0=00000006 D1=00000500 D2=00000006 D3=00000005 D4=0000FFFF D5=000000FF D6=00000004 D7=000001DC xnzvc
00:6AB6  53 43  SUBQ.W  #1,D3                    A0=00006AAC A1=00C00000 A2=00007437 A3=00FF2CFE A4=00000100 A5=FFFF80C8 A6=00FF0BF0 A7=00FF0BDA D0=00000007 D1=00000500 D2=00000006 D3=00000005 D4=0000FFFF D5=000000FF D6=00000004 D7=000001DC xnzvc
00:6AB8  6A F8  BPL     #$F8 [00:6AB2]           A0=00006AAC A1=00C00000 A2=00007437 A3=00FF2CFE A4=00000100 A5=FFFF80C8 A6=00FF0BF0 A7=00FF0BDA D0=00000007 D1=00000500 D2=00000006 D3=00000004 D4=0000FFFF D5=000000FF D6=00000004 D7=000001DC xnzvc
00:6AB2  61 00  BSR     #$00B0 [00:6B64]         A0=00006AAC A1=00C00000 A2=00007437 A3=00FF2CFE A4=00000100 A5=FFFF80C8 A6=00FF0BF0 A7=00FF0BDA D0=00000007 D1=00000500 D2=00000006 D3=00000004 D4=0000FFFF D5=000000FF D6=00000004 D7=000001DC xnzvc
00:6AB6  53 43  SUBQ.W  #1,D3                    A0=00006AAC A1=00C00000 A2=00007437 A3=00FF2CFE A4=00000100 A5=FFFF80C8 A6=00FF0BF0 A7=00FF0BDA D0=00000008 D1=00000500 D2=00000006 D3=00000004 D4=0000FFFF D5=000000FF D6=00000004 D7=000001DC xnzvc
00:6AB8  6A F8  BPL     #$F8 [00:6AB2]           A0=00006AAC A1=00C00000 A2=00007437 A3=00FF2CFE A4=00000100 A5=FFFF80C8 A6=00FF0BF0 A7=00FF0BDA D0=00000008 D1=00000500 D2=00000006 D3=00000003 D4=0000FFFF D5=000000FF D6=00000004 D7=000001DC xnzvc
00:6AB2  61 00  BSR     #$00B0 [00:6B64]         A0=00006AAC A1=00C00000 A2=00007437 A3=00FF2CFE A4=00000100 A5=FFFF80C8 A6=00FF0BF0 A7=00FF0BDA D0=00000008 D1=00000500 D2=00000006 D3=00000003 D4=0000FFFF D5=000000FF D6=00000004 D7=000001DC xnzvc
00:6AB6  53 43  SUBQ.W  #1,D3                    A0=00006AAC A1=00C00000 A2=00007437 A3=00FF2CFE A4=00000100 A5=FFFF80C8 A6=00FF0BF0 A7=00FF0BDA D0=00000009 D1=00000500 D2=00000006 D3=00000003 D4=0000FFFF D5=000000FF D6=00000004 D7=000001DC xnzvc
00:6AB8  6A F8  BPL     #$F8 [00:6AB2]           A0=00006AAC A1=00C00000 A2=00007437 A3=00FF2CFE A4=00000100 A5=FFFF80C8 A6=00FF0BF0 A7=00FF0BDA D0=00000009 D1=00000500 D2=00000006 D3=00000002 D4=0000FFFF D5=000000FF D6=00000004 D7=000001DC xnzvc
00:6AB2  61 00  BSR     #$00B0 [00:6B64]         A0=00006AAC A1=00C00000 A2=00007437 A3=00FF2CFE A4=00000100 A5=FFFF80C8 A6=00FF0BF0 A7=00FF0BDA D0=00000009 D1=00000500 D2=00000006 D3=00000002 D4=0000FFFF D5=000000FF D6=00000004 D7=000001DC xnzvc
00:6AB6  53 43  SUBQ.W  #1,D3                    A0=00006AAC A1=00C00000 A2=00007437 A3=00FF2CFE A4=00000100 A5=FFFF80C8 A6=00FF0BF0 A7=00FF0BDA D0=0000000A D1=00000500 D2=00000006 D3=00000002 D4=0000FFFF D5=000000FF D6=00000004 D7=000001DC xnzvc
00:6AB8  6A F8  BPL     #$F8 [00:6AB2]           A0=00006AAC A1=00C00000 A2=00007437 A3=00FF2CFE A4=00000100 A5=FFFF80C8 A6=00FF0BF0 A7=00FF0BDA D0=0000000A D1=00000500 D2=00000006 D3=00000001 D4=0000FFFF D5=000000FF D6=00000004 D7=000001DC xnzvc
00:6AB2  61 00  BSR     #$00B0 [00:6B64]         A0=00006AAC A1=00C00000 A2=00007437 A3=00FF2CFE A4=00000100 A5=FFFF80C8 A6=00FF0BF0 A7=00FF0BDA D0=0000000A D1=00000500 D2=00000006 D3=00000001 D4=0000FFFF D5=000000FF D6=00000004 D7=000001DC xnzvc
00:6AB6  53 43  SUBQ.W  #1,D3                    A0=00006AAC A1=00C00000 A2=00007437 A3=00FF2CFE A4=00000100 A5=FFFF80C8 A6=00FF0BF0 A7=00FF0BDA D0=0000000B D1=00000500 D2=00000006 D3=00000001 D4=0000FFFF D5=000000FF D6=00000004 D7=000001DC xnzvc
00:6AB8  6A F8  BPL     #$F8 [00:6AB2]           A0=00006AAC A1=00C00000 A2=00007437 A3=00FF2CFE A4=00000100 A5=FFFF80C8 A6=00FF0BF0 A7=00FF0BDA D0=0000000B D1=00000500 D2=00000006 D3=00000000 D4=0000FFFF D5=000000FF D6=00000004 D7=000001DC xnZvc
00:6AB2  61 00  BSR     #$00B0 [00:6B64]         A0=00006AAC A1=00C00000 A2=00007437 A3=00FF2CFE A4=00000100 A5=FFFF80C8 A6=00FF0BF0 A7=00FF0BDA D0=0000000B D1=00000500 D2=00000006 D3=00000000 D4=0000FFFF D5=000000FF D6=00000004 D7=000001DC xnZvc
00:6AB6  53 43  SUBQ.W  #1,D3                    A0=00006AAC A1=00C00000 A2=00007437 A3=00FF2CFE A4=00000100 A5=FFFF80C8 A6=00FF0BF0 A7=00FF0BDA D0=0000000C D1=00000500 D2=00000006 D3=00000000 D4=0000FFFF D5=000000FF D6=00000004 D7=000001DC xnzvc
00:6AB8  6A F8  BPL     #$F8 [00:6AB2]           A0=00006AAC A1=00C00000 A2=00007437 A3=00FF2CFE A4=00000100 A5=FFFF80C8 A6=00FF0BF0 A7=00FF0BDA D0=0000000C D1=00000500 D2=00000006 D3=0000FFFF D4=0000FFFF D5=000000FF D6=00000004 D7=000001DC XNzvC
00:6ABA  4E 75  RTS                              A0=00006AAC A1=00C00000 A2=00007437 A3=00FF2CFE A4=00000100 A5=FFFF80C8 A6=00FF0BF0 A7=00FF0BDA D0=0000000C D1=00000500 D2=00000006 D3=0000FFFF D4=0000FFFF D5=000000FF D6=00000004 D7=000001DC XNzvC
00:6AA6  1E 1A  MOVE.B  (A2)+,D7                 A0=00006AA6 A1=00C00000 A2=00007438 A3=00FF2CFE A4=00000100 A5=FFFF80C8 A6=00FF0BF0 A7=00FF0BDA D0=00000004 D1=00000500 D2=00000006 D3=0000FFFF D4=0000FFFF D5=000000FF D6=00000004 D7=00000102 xnzvc
00:6AA8  E1 47  ASL.W   #8,D7                    A0=00006AA6 A1=00C00000 A2=00007439 A3=00FF2CFE A4=00000100 A5=FFFF80C8 A6=00FF0BF0 A7=00FF0BDA D0=00000004 D1=00000500 D2=00000006 D3=0000FFFF D4=0000FFFF D5=000000FF D6=00000004 D7=00000121 xnzvc
00:6AAA  4E 75  RTS                              A0=00006AA6 A1=00C00000 A2=00007439 A3=00FF2CFE A4=00000100 A5=FFFF80C8 A6=00FF0BF0 A7=00FF0BDA D0=00000004 D1=00000500 D2=00000006 D3=0000FFFF D4=0000FFFF D5=000000FF D6=00000004 D7=00002100 XnzVC
00:6ABC  76 00  MOVEQ   #$00,D3                  A0=00006ABC A1=00C00000 A2=0000743A A3=00FF2CFE A4=00000100 A5=FFFF80C8 A6=00FF0BF0 A7=00FF0BDA D0=00000008 D1=00000500 D2=00000006 D3=0000FFFF D4=0000FFFF D5=000000FF D6=00000004 D7=00002104 xnzvc
00:6ABE  16 1A  MOVE.B  (A2)+,D3                 A0=00006ABC A1=00C00000 A2=0000743A A3=00FF2CFE A4=00000100 A5=FFFF80C8 A6=00FF0BF0 A7=00FF0BDA D0=00000008 D1=00000500 D2=00000006 D3=00000000 D4=0000FFFF D5=000000FF D6=00000004 D7=00002104 xnZvc
00:6AC0  1E 1A  MOVE.B  (A2)+,D7                 A0=00006ABC A1=00C00000 A2=0000743B A3=00FF2CFE A4=00000100 A5=FFFF80C8 A6=00FF0BF0 A7=00FF0BDA D0=00000008 D1=00000500 D2=00000006 D3=00000003 D4=0000FFFF D5=000000FF D6=00000004 D7=00002104 xnzvc
00:6AC2  61 00  BSR     #$001C [00:6AE0]         A0=00006ABC A1=00C00000 A2=0000743C A3=00FF2CFE A4=00000100 A5=FFFF80C8 A6=00FF0BF0 A7=00FF0BDA D0=00000008 D1=00000500 D2=00000006 D3=00000003 D4=0000FFFF D5=000000FF D6=00000004 D7=000021A4 xNzvc
00:6AEA  4E 75  RTS                              A0=00006ABC A1=00C00000 A2=0000743C A3=00FF2CFE A4=00000100 A5=FFFF80C8 A6=00FF0BF0 A7=00FF0BD6 D0=00000010 D1=00000500 D2=00000006 D3=0000FFFF D4=0000FFFF D5=000000FF D6=00000004 D7=000021A8 XNzvC
00:6AC6  4E 75  RTS                              A0=00006ABC A1=00C00000 A2=0000743C A3=00FF2CFE A4=00000100 A5=FFFF80C8 A6=00FF0BF0 A7=00FF0BDA D0=00000010 D1=00000500 D2=00000006 D3=0000FFFF D4=0000FFFF D5=000000FF D6=00000004 D7=000021A8 XNzvC
00:69C0  61 00  BSR     #$01A2 [00:6B64]         A0=00006ABC A1=00C00000 A2=0000743D A3=00FF2CFE A4=00000100 A5=FFFF80C8 A6=00FF0BF0 A7=00FF0BDE D0=00000010 D1=00000500 D2=00000006 D3=0000FFFF D4=0000FFFF D5=000000FF D6=00000004 D7=000021CC XNzvc
00:69C4  60 F2  BRA     #$F2 [00:69B8]           A0=00006ABC A1=00C00000 A2=0000743D A3=00FF2CFE A4=00000100 A5=FFFF80C8 A6=00FF0BF0 A7=00FF0BDE D0=00000011 D1=00000500 D2=00000006 D3=0000FFFF D4=0000FFFF D5=000000FF D6=00000004 D7=000021CC xnzvc
00:6AA6  1E 1A  MOVE.B  (A2)+,D7                 A0=00006AA6 A1=00C00000 A2=0000743E A3=00FF2CFE A4=00000100 A5=FFFF80C8 A6=00FF0BF0 A7=00FF0BDA D0=00000004 D1=00000500 D2=00000006 D3=0000FFFF D4=0000FFFF D5=000000FF D6=00000004 D7=00002102 xnzvc
00:6AA8  E1 47  ASL.W   #8,D7                    A0=00006AA6 A1=00C00000 A2=0000743F A3=00FF2CFE A4=00000100 A5=FFFF80C8 A6=00FF0BF0 A7=00FF0BDA D0=00000004 D1=00000500 D2=00000006 D3=0000FFFF D4=0000FFFF D5=000000FF D6=00000004 D7=00002120 xnzvc
00:6AAA  4E 75  RTS                              A0=00006AA6 A1=00C00000 A2=0000743F A3=00FF2CFE A4=00000100 A5=FFFF80C8 A6=00FF0BF0 A7=00FF0BDA D0=00000004 D1=00000500 D2=00000006 D3=0000FFFF D4=0000FFFF D5=000000FF D6=00000004 D7=00002000 XnzVC
00:6ABC  76 00  MOVEQ   #$00,D3                  A0=00006ABC A1=00C00000 A2=00007440 A3=00FF2CFE A4=00000100 A5=FFFF80C8 A6=00FF0BF0 A7=00FF0BDA D0=00000008 D1=00000500 D2=00000006 D3=0000FFFF D4=0000FFFF D5=000000FF D6=00000004 D7=00002004 xnzvc
00:6ABE  16 1A  MOVE.B  (A2)+,D3                 A0=00006ABC A1=00C00000 A2=00007440 A3=00FF2CFE A4=00000100 A5=FFFF80C8 A6=00FF0BF0 A7=00FF0BDA D0=00000008 D1=00000500 D2=00000006 D3=00000000 D4=0000FFFF D5=000000FF D6=00000004 D7=00002004 xnZvc
00:6AC0  1E 1A  MOVE.B  (A2)+,D7                 A0=00006ABC A1=00C00000 A2=00007441 A3=00FF2CFE A4=00000100 A5=FFFF80C8 A6=00FF0BF0 A7=00FF0BDA D0=00000008 D1=00000500 D2=00000006 D3=0000000E D4=0000FFFF D5=000000FF D6=00000004 D7=00002004 xnzvc
00:6AC2  61 00  BSR     #$001C [00:6AE0]         A0=00006ABC A1=00C00000 A2=00007442 A3=00FF2CFE A4=00000100 A5=FFFF80C8 A6=00FF0BF0 A7=00FF0BDA D0=00000008 D1=00000500 D2=00000006 D3=0000000E D4=0000FFFF D5=000000FF D6=00000004 D7=00002001 xnzvc
00:6B6C  1D 6E  MOVE.B  $FFF6(A6),$FFF4(A6)      A0=00006ABC A1=00C00000 A2=00007442 A3=00FF2CFE A4=00000100 A5=FFFF80C8 A6=00FF0BF0 A7=00FF0BD2 D0=0000001F D1=00000500 D2=00000006 D3=00000000 D4=0000FFFF D5=000000FF D6=00000004 D7=0000200F XNzvC
00:6B72  60 C6  BRA     #$C6 [00:6B3A]           A0=00006ABC A1=00C00000 A2=00007442 A3=00FF2CFE A4=00000100 A5=FFFF80C8 A6=00FF0BF0 A7=00FF0BD2 D0=0000001F D1=00000500 D2=00000006 D3=00000000 D4=0000FFFF D5=000000FF D6=00000004 D7=0000200F Xnzvc
00:6B3A  30 2E  MOVE.W  $FFFA(A6),D0             A0=00006ABC A1=00C00000 A2=00007442 A3=00FF2CFE A4=00000100 A5=FFFF80C8 A6=00FF0BF0 A7=00FF0BD2 D0=0000001F D1=00000500 D2=00000006 D3=00000000 D4=0000FFFF D5=000000FF D6=00000004 D7=0000200F Xnzvc
00:6B3E  32 2E  MOVE.W  $FFFC(A6),D1             A0=00006ABC A1=00C00000 A2=00007442 A3=00FF2CFE A4=00000100 A5=FFFF80C8 A6=00FF0BF0 A7=00FF0BD2 D0=00000000 D1=00000500 D2=00000006 D3=00000000 D4=0000FFFF D5=000000FF D6=00000004 D7=0000200F XnZvc
00:6B42  52 41  ADDQ.W  #1,D1                    A0=00006ABC A1=00C00000 A2=00007442 A3=00FF2CFE A4=00000100 A5=FFFF80C8 A6=00FF0BF0 A7=00FF0BD2 D0=00000000 D1=0000000A D2=00000006 D3=00000000 D4=0000FFFF D5=000000FF D6=00000004 D7=0000200F Xnzvc
00:6B44  B2 78  CMP.W   ($8A72),D1               A0=00006ABC A1=00C00000 A2=00007442 A3=00FF2CFE A4=00000100 A5=FFFF80C8 A6=00FF0BF0 A7=00FF0BD2 D0=00000000 D1=0000000B D2=00000006 D3=00000000 D4=0000FFFF D5=000000FF D6=00000004 D7=0000200F xnzvc
00:6B48  65 02  BCS     #$02 [00:6B4C]           A0=00006ABC A1=00C00000 A2=00007442 A3=00FF2CFE A4=00000100 A5=FFFF80C8 A6=00FF0BF0 A7=00FF0BD2 D0=00000000 D1=0000000B D2=00000006 D3=00000000 D4=0000FFFF D5=000000FF D6=00000004 D7=0000200F xNzvC
00:6B4C  3D 41  MOVE.W  D1,$FFFC(A6)             A0=00006ABC A1=00C00000 A2=00007442 A3=00FF2CFE A4=00000100 A5=FFFF80C8 A6=00FF0BF0 A7=00FF0BD2 D0=00000000 D1=0000000B D2=00000006 D3=00000000 D4=0000FFFF D5=000000FF D6=00000004 D7=0000200F xNzvC
00:6B50  3D 40  MOVE.W  D0,$FFFE(A6)             A0=00006ABC A1=00C00000 A2=00007442 A3=00FF2CFE A4=00000100 A5=FFFF80C8 A6=00FF0BF0 A7=00FF0BD2 D0=00000000 D1=0000000B D2=00000006 D3=00000000 D4=0000FFFF D5=000000FF D6=00000004 D7=0000200F xnzvc
00:6B54  61 00  BSR     #$FF46 [00:6A9C]         A0=00006ABC A1=00C00000 A2=00007442 A3=00FF2CFE A4=00000100 A5=FFFF80C8 A6=00FF0BF0 A7=00FF0BD2 D0=00000000 D1=0000000B D2=00000006 D3=00000000 D4=0000FFFF D5=000000FF D6=00000004 D7=0000200F xnZvc
00:6A9C  4E B8  JSR     ($05CA)                  A0=00006ABC A1=00C00000 A2=00007442 A3=00FF2CFE A4=00000100 A5=FFFF80C8 A6=00FF0BF0 A7=00FF0BCE D0=00000000 D1=0000000B D2=00000006 D3=00000000 D4=0000FFFF D5=000000FF D6=00000004 D7=0000200F xnZvc
00:05CA  D0 40  ADD.W   D0,D0                    A0=00006ABC A1=00C00000 A2=00007442 A3=00FF2CFE A4=00000100 A5=FFFF80C8 A6=00FF0BF0 A7=00FF0BCA D0=00000000 D1=0000000B D2=00000006 D3=00000000 D4=0000FFFF D5=000000FF D6=00000004 D7=0000200F xnZvc
00:05CC  D2 41  ADD.W   D1,D1                    A0=00006ABC A1=00C00000 A2=00007442 A3=00FF2CFE A4=00000100 A5=FFFF80C8 A6=00FF0BF0 A7=00FF0BCA D0=00000000 D1=0000000B D2=00000006 D3=00000000 D4=0000FFFF D5=000000FF D6=00000004 D7=0000200F xnZvc
00:05CE  14 38  MOVE.B  ($8A8A),D2               A0=00006ABC A1=00C00000 A2=00007442 A3=00FF2CFE A4=00000100 A5=FFFF80C8 A6=00FF0BF0 A7=00FF0BCA D0=00000000 D1=00000016 D2=00000006 D3=00000000 D4=0000FFFF D5=000000FF D6=00000004 D7=0000200F xnzvc
00:05D2  E5 61  ASL.W   D2,D1                    A0=00006ABC A1=00C00000 A2=00007442 A3=00FF2CFE A4=00000100 A5=FFFF80C8 A6=00FF0BF0 A7=00FF0BCA D0=00000000 D1=00000016 D2=00000006 D3=00000000 D4=0000FFFF D5=000000FF D6=00000004 D7=0000200F xnzvc
00:05D4  D0 41  ADD.W   D1,D0                    A0=00006ABC A1=00C00000 A2=00007442 A3=00FF2CFE A4=00000100 A5=FFFF80C8 A6=00FF0BF0 A7=00FF0BCA D0=00000000 D1=00000580 D2=00000006 D3=00000000 D4=0000FFFF D5=000000FF D6=00000004 D7=0000200F xnzvc
00:05D6  4E 75  RTS                              A0=00006ABC A1=00C00000 A2=00007442 A3=00FF2CFE A4=00000100 A5=FFFF80C8 A6=00FF0BF0 A7=00FF0BCA D0=00000580 D1=00000580 D2=00000006 D3=00000000 D4=0000FFFF D5=000000FF D6=00000004 D7=0000200F xnzvc
00:6AA0  D0 6E  ADD.W   $FFF2(A6),D0             A0=00006ABC A1=00C00000 A2=00007442 A3=00FF2CFE A4=00000100 A5=FFFF80C8 A6=00FF0BF0 A7=00FF0BCE D0=00000580 D1=00000580 D2=00000006 D3=00000000 D4=0000FFFF D5=000000FF D6=00000004 D7=0000200F xnzvc
00:6AA4  4E 75  RTS                              A0=00006ABC A1=00C00000 A2=00007442 A3=00FF2CFE A4=00000100 A5=FFFF80C8 A6=00FF0BF0 A7=00FF0BCE D0=0000E580 D1=00000580 D2=00000006 D3=00000000 D4=0000FFFF D5=000000FF D6=00000004 D7=0000200F xNzvc
00:6B58  4E B8  JSR     ($05A0)                  A0=00006ABC A1=00C00000 A2=00007442 A3=00FF2CFE A4=00000100 A5=FFFF80C8 A6=00FF0BF0 A7=00FF0BD2 D0=0000E580 D1=00000580 D2=00000006 D3=00000000 D4=0000FFFF D5=000000FF D6=00000004 D7=0000200F xNzvc
00:05A0  E5 80  ASL.L   #2,D0                    A0=00006ABC A1=00C00000 A2=00007442 A3=00FF2CFE A4=00000100 A5=FFFF80C8 A6=00FF0BF0 A7=00FF0BCE D0=0000E580 D1=00000580 D2=00000006 D3=00000000 D4=0000FFFF D5=000000FF D6=00000004 D7=0000200F xNzvc
00:05A2  E4 48  LSR.W   #2,D0                    A0=00006ABC A1=00C00000 A2=00007442 A3=00FF2CFE A4=00000100 A5=FFFF80C8 A6=00FF0BF0 A7=00FF0BCE D0=00039600 D1=00000580 D2=00000006 D3=00000000 D4=0000FFFF D5=000000FF D6=00000004 D7=0000200F xnzvc
00:05A4  00 40  ORI.W   #$4000,D0                A0=00006ABC A1=00C00000 A2=00007442 A3=00FF2CFE A4=00000100 A5=FFFF80C8 A6=00FF0BF0 A7=00FF0BCE D0=00032580 D1=00000580 D2=00000006 D3=00000000 D4=0000FFFF D5=000000FF D6=00000004 D7=0000200F xnzvc
00:05A8  48 40  SWAP.W  D0                       A0=00006ABC A1=00C00000 A2=00007442 A3=00FF2CFE A4=00000100 A5=FFFF80C8 A6=00FF0BF0 A7=00FF0BCE D0=00036580 D1=00000580 D2=00000006 D3=00000000 D4=0000FFFF D5=000000FF D6=00000004 D7=0000200F xnzvc
00:05AA  02 40  ANDI.W  #$0003,D0                A0=00006ABC A1=00C00000 A2=00007442 A3=00FF2CFE A4=00000100 A5=FFFF80C8 A6=00FF0BF0 A7=00FF0BCE D0=65800003 D1=00000580 D2=00000006 D3=00000000 D4=0000FFFF D5=000000FF D6=00000004 D7=0000200F xnzvc
00:05AE  23 C0  MOVE.L  D0,($00C00004)           A0=00006ABC A1=00C00000 A2=00007442 A3=00FF2CFE A4=00000100 A5=FFFF80C8 A6=00FF0BF0 A7=00FF0BCE D0=65800003 D1=00000580 D2=00000006 D3=00000000 D4=0000FFFF D5=000000FF D6=00000004 D7=0000200F xnzvc
00:05B4  4E 75  RTS                              A0=00006ABC A1=00C00000 A2=00007442 A3=00FF2CFE A4=00000100 A5=FFFF80C8 A6=00FF0BF0 A7=00FF0BCE D0=65800003 D1=00000580 D2=00000006 D3=00000000 D4=0000FFFF D5=000000FF D6=00000004 D7=0000200F xnzvc
00:6B5C  43 F9  LEA     ($00C00000),A1           A0=00006ABC A1=00C00000 A2=00007442 A3=00FF2CFE A4=00000100 A5=FFFF80C8 A6=00FF0BF0 A7=00FF0BD2 D0=65800003 D1=00000580 D2=00000006 D3=00000000 D4=0000FFFF D5=000000FF D6=00000004 D7=0000200F xnzvc
00:6B62  4E 75  RTS                              A0=00006ABC A1=00C00000 A2=00007442 A3=00FF2CFE A4=00000100 A5=FFFF80C8 A6=00FF0BF0 A7=00FF0BD2 D0=65800003 D1=00000580 D2=00000006 D3=00000000 D4=0000FFFF D5=000000FF D6=00000004 D7=0000200F xnzvc
00:6AEA  4E 75  RTS                              A0=00006ABC A1=00C00000 A2=00007442 A3=00FF2CFE A4=00000100 A5=FFFF80C8 A6=00FF0BF0 A7=00FF0BD6 D0=65800003 D1=00000580 D2=00000006 D3=0000FFFF D4=0000FFFF D5=000000FF D6=00000004 D7=00002010 XNzvC
00:6AC6  4E 75  RTS                              A0=00006ABC A1=00C00000 A2=00007442 A3=00FF2CFE A4=00000100 A5=FFFF80C8 A6=00FF0BF0 A7=00FF0BDA D0=65800003 D1=00000580 D2=00000006 D3=0000FFFF D4=0000FFFF D5=000000FF D6=00000004 D7=00002010 XNzvC
00:6AA6  1E 1A  MOVE.B  (A2)+,D7                 A0=00006AA6 A1=00C00000 A2=00007443 A3=00FF2CFE A4=00000100 A5=FFFF80C8 A6=00FF0BF0 A7=00FF0BDA D0=00000004 D1=00000580 D2=00000006 D3=0000FFFF D4=0000FFFF D5=000000FF D6=00000004 D7=00002002 xnzvc
00:6AA8  E1 47  ASL.W   #8,D7                    A0=00006AA6 A1=00C00000 A2=00007444 A3=00FF2CFE A4=00000100 A5=FFFF80C8 A6=00FF0BF0 A7=00FF0BDA D0=00000004 D1=00000580 D2=00000006 D3=0000FFFF D4=0000FFFF D5=000000FF D6=00000004 D7=00002001 xnzvc
00:6AAA  4E 75  RTS                              A0=00006AA6 A1=00C00000 A2=00007444 A3=00FF2CFE A4=00000100 A5=FFFF80C8 A6=00FF0BF0 A7=00FF0BDA D0=00000004 D1=00000580 D2=00000006 D3=0000FFFF D4=0000FFFF D5=000000FF D6=00000004 D7=00000100 xnzVc
00:6AAC  76 00  MOVEQ   #$00,D3                  A0=00006AAC A1=00C00000 A2=00007445 A3=00FF2CFE A4=00000100 A5=FFFF80C8 A6=00FF0BF0 A7=00FF0BDA D0=00000006 D1=00000580 D2=00000006 D3=0000FFFF D4=0000FFFF D5=000000FF D6=00000004 D7=00000103 xnzvc
00:6AAE  16 1A  MOVE.B  (A2)+,D3                 A0=00006AAC A1=00C00000 A2=00007445 A3=00FF2CFE A4=00000100 A5=FFFF80C8 A6=00FF0BF0 A7=00FF0BDA D0=00000006 D1=00000580 D2=00000006 D3=00000000 D4=0000FFFF D5=000000FF D6=00000004 D7=00000103 xnZvc
00:6AB0  1E 1A  MOVE.B  (A2)+,D7                 A0=00006AAC A1=00C00000 A2=00007446 A3=00FF2CFE A4=00000100 A5=FFFF80C8 A6=00FF0BF0 A7=00FF0BDA D0=00000006 D1=00000580 D2=00000006 D3=0000000B D4=0000FFFF D5=000000FF D6=00000004 D7=00000103 xnzvc
00:6AB2  61 00  BSR     #$00B0 [00:6B64]         A0=00006AAC A1=00C00000 A2=00007447 A3=00FF2CFE A4=00000100 A5=FFFF80C8 A6=00FF0BF0 A7=00FF0BDA D0=00000006 D1=00000580 D2=00000006 D3=0000000B D4=0000FFFF D5=000000FF D6=00000004 D7=000001DC xNzvc
00:6AB6  53 43  SUBQ.W  #1,D3                    A0=00006AAC A1=00C00000 A2=00007447 A3=00FF2CFE A4=00000100 A5=FFFF80C8 A6=00FF0BF0 A7=00FF0BDA D0=00000001 D1=00000580 D2=00000006 D3=0000000B D4=0000FFFF D5=000000FF D6=00000004 D7=000001DC xnzvc
00:6AB8  6A F8  BPL     #$F8 [00:6AB2]           A0=00006AAC A1=00C00000 A2=00007447 A3=00FF2CFE A4=00000100 A5=FFFF80C8 A6=00FF0BF0 A7=00FF0BDA D0=00000001 D1=00000580 D2=00000006 D3=0000000A D4=0000FFFF D5=000000FF D6=00000004 D7=000001DC xnzvc
00:6AB2  61 00  BSR     #$00B0 [00:6B64]         A0=00006AAC A1=00C00000 A2=00007447 A3=00FF2CFE A4=00000100 A5=FFFF80C8 A6=00FF0BF0 A7=00FF0BDA D0=00000001 D1=00000580 D2=00000006 D3=0000000A D4=0000FFFF D5=000000FF D6=00000004 D7=000001DC xnzvc
00:6AB6  53 43  SUBQ.W  #1,D3                    A0=00006AAC A1=00C00000 A2=00007447 A3=00FF2CFE A4=00000100 A5=FFFF80C8 A6=00FF0BF0 A7=00FF0BDA D0=00000002 D1=00000580 D2=00000006 D3=0000000A D4=0000FFFF D5=000000FF D6=00000004 D7=000001DC xnzvc
00:6AB8  6A F8  BPL     #$F8 [00:6AB2]           A0=00006AAC A1=00C00000 A2=00007447 A3=00FF2CFE A4=00000100 A5=FFFF80C8 A6=00FF0BF0 A7=00FF0BDA D0=00000002 D1=00000580 D2=00000006 D3=00000009 D4=0000FFFF D5=000000FF D6=00000004 D7=000001DC xnzvc
00:6AB2  61 00  BSR     #$00B0 [00:6B64]         A0=00006AAC A1=00C00000 A2=00007447 A3=00FF2CFE A4=00000100 A5=FFFF80C8 A6=00FF0BF0 A7=00FF0BDA D0=00000002 D1=00000580 D2=00000006 D3=00000009 D4=0000FFFF D5=000000FF D6=00000004 D7=000001DC xnzvc
00:6AB6  53 43  SUBQ.W  #1,D3                    A0=00006AAC A1=00C00000 A2=00007447 A3=00FF2CFE A4=00000100 A5=FFFF80C8 A6=00FF0BF0 A7=00FF0BDA D0=00000003 D1=00000580 D2=00000006 D3=00000009 D4=0000FFFF D5=000000FF D6=00000004 D7=000001DC xnzvc
00:6AB8  6A F8  BPL     #$F8 [00:6AB2]           A0=00006AAC A1=00C00000 A2=00007447 A3=00FF2CFE A4=00000100 A5=FFFF80C8 A6=00FF0BF0 A7=00FF0BDA D0=00000003 D1=00000580 D2=00000006 D3=00000008 D4=0000FFFF D5=000000FF D6=00000004 D7=000001DC xnzvc
00:6AB2  61 00  BSR     #$00B0 [00:6B64]         A0=00006AAC A1=00C00000 A2=00007447 A3=00FF2CFE A4=00000100 A5=FFFF80C8 A6=00FF0BF0 A7=00FF0BDA D0=00000003 D1=00000580 D2=00000006 D3=00000008 D4=0000FFFF D5=000000FF D6=00000004 D7=000001DC xnzvc
00:6AB6  53 43  SUBQ.W  #1,D3                    A0=00006AAC A1=00C00000 A2=00007447 A3=00FF2CFE A4=00000100 A5=FFFF80C8 A6=00FF0BF0 A7=00FF0BDA D0=00000004 D1=00000580 D2=00000006 D3=00000008 D4=0000FFFF D5=000000FF D6=00000004 D7=000001DC xnzvc
00:6AB8  6A F8  BPL     #$F8 [00:6AB2]           A0=00006AAC A1=00C00000 A2=00007447 A3=00FF2CFE A4=00000100 A5=FFFF80C8 A6=00FF0BF0 A7=00FF0BDA D0=00000004 D1=00000580 D2=00000006 D3=00000007 D4=0000FFFF D5=000000FF D6=00000004 D7=000001DC xnzvc
00:6ABA  4E 75  RTS                              A0=00006AAC A1=00C00000 A2=00007447 A3=00FF2CFE A4=00000100 A5=FFFF80C8 A6=00FF0BF0 A7=00FF0BDA D0=0000000C D1=00000580 D2=00000006 D3=0000FFFF D4=0000FFFF D5=000000FF D6=00000004 D7=000001DC XNzvC
00:6AA6  1E 1A  MOVE.B  (A2)+,D7                 A0=00006AA6 A1=00C00000 A2=00007448 A3=00FF2CFE A4=00000100 A5=FFFF80C8 A6=00FF0BF0 A7=00FF0BDA D0=00000004 D1=00000580 D2=00000006 D3=0000FFFF D4=0000FFFF D5=000000FF D6=00000004 D7=00000102 xnzvc
00:6AA8  E1 47  ASL.W   #8,D7                    A0=00006AA6 A1=00C00000 A2=00007449 A3=00FF2CFE A4=00000100 A5=FFFF80C8 A6=00FF0BF0 A7=00FF0BDA D0=00000004 D1=00000580 D2=00000006 D3=0000FFFF D4=0000FFFF D5=000000FF D6=00000004 D7=00000121 xnzvc
00:6AAA  4E 75  RTS                              A0=00006AA6 A1=00C00000 A2=00007449 A3=00FF2CFE A4=00000100 A5=FFFF80C8 A6=00FF0BF0 A7=00FF0BDA D0=00000004 D1=00000580 D2=00000006 D3=0000FFFF D4=0000FFFF D5=000000FF D6=00000004 D7=00002100 XnzVC
00:6ABC  76 00  MOVEQ   #$00,D3                  A0=00006ABC A1=00C00000 A2=0000744A A3=00FF2CFE A4=00000100 A5=FFFF80C8 A6=00FF0BF0 A7=00FF0BDA D0=00000008 D1=00000580 D2=00000006 D3=0000FFFF D4=0000FFFF D5=000000FF D6=00000004 D7=00002104 xnzvc
00:6ABE  16 1A  MOVE.B  (A2)+,D3                 A0=00006ABC A1=00C00000 A2=0000744A A3=00FF2CFE A4=00000100 A5=FFFF80C8 A6=00FF0BF0 A7=00FF0BDA D0=00000008 D1=00000580 D2=00000006 D3=00000000 D4=0000FFFF D5=000000FF D6=00000004 D7=00002104 xnZvc
00:6AC0  1E 1A  MOVE.B  (A2)+,D7                 A0=00006ABC A1=00C00000 A2=0000744B A3=00FF2CFE A4=00000100 A5=FFFF80C8 A6=00FF0BF0 A7=00FF0BDA D0=00000008 D1=00000580 D2=00000006 D3=00000003 D4=0000FFFF D5=000000FF D6=00000004 D7=00002104 xnzvc
00:6AC2  61 00  BSR     #$001C [00:6AE0]         A0=00006ABC A1=00C00000 A2=0000744C A3=00FF2CFE A4=00000100 A5=FFFF80C8 A6=00FF0BF0 A7=00FF0BDA D0=00000008 D1=00000580 D2=00000006 D3=00000003 D4=0000FFFF D5=000000FF D6=00000004 D7=000021B4 xNzvc
00:6AEA  4E 75  RTS                              A0=00006ABC A1=00C00000 A2=0000744C A3=00FF2CFE A4=00000100 A5=FFFF80C8 A6=00FF0BF0 A7=00FF0BD6 D0=00000010 D1=00000580 D2=00000006 D3=0000FFFF D4=0000FFFF D5=000000FF D6=00000004 D7=000021B8 XNzvC
00:6AC6  4E 75  RTS                              A0=00006ABC A1=00C00000 A2=0000744C A3=00FF2CFE A4=00000100 A5=FFFF80C8 A6=00FF0BF0 A7=00FF0BDA D0=00000010 D1=00000580 D2=00000006 D3=0000FFFF D4=0000FFFF D5=000000FF D6=00000004 D7=000021B8 XNzvC
00:6AA6  1E 1A  MOVE.B  (A2)+,D7                 A0=00006AA6 A1=00C00000 A2=0000744D A3=00FF2CFE A4=00000100 A5=FFFF80C8 A6=00FF0BF0 A7=00FF0BDA D0=00000004 D1=00000580 D2=00000006 D3=0000FFFF D4=0000FFFF D5=000000FF D6=00000004 D7=00002102 xnzvc
00:6AA8  E1 47  ASL.W   #8,D7                    A0=00006AA6 A1=00C00000 A2=0000744E A3=00FF2CFE A4=00000100 A5=FFFF80C8 A6=00FF0BF0 A7=00FF0BDA D0=00000004 D1=00000580 D2=00000006 D3=0000FFFF D4=0000FFFF D5=000000FF D6=00000004 D7=00002120 xnzvc
00:6AAA  4E 75  RTS                              A0=00006AA6 A1=00C00000 A2=0000744E A3=00FF2CFE A4=00000100 A5=FFFF80C8 A6=00FF0BF0 A7=00FF0BDA D0=00000004 D1=00000580 D2=00000006 D3=0000FFFF D4=0000FFFF D5=000000FF D6=00000004 D7=00002000 XnzVC
00:6ABC  76 00  MOVEQ   #$00,D3                  A0=00006ABC A1=00C00000 A2=0000744F A3=00FF2CFE A4=00000100 A5=FFFF80C8 A6=00FF0BF0 A7=00FF0BDA D0=00000008 D1=00000580 D2=00000006 D3=0000FFFF D4=0000FFFF D5=000000FF D6=00000004 D7=00002004 xnzvc
00:6ABE  16 1A  MOVE.B  (A2)+,D3                 A0=00006ABC A1=00C00000 A2=0000744F A3=00FF2CFE A4=00000100 A5=FFFF80C8 A6=00FF0BF0 A7=00FF0BDA D0=00000008 D1=00000580 D2=00000006 D3=00000000 D4=0000FFFF D5=000000FF D6=00000004 D7=00002004 xnZvc
00:6AC0  1E 1A  MOVE.B  (A2)+,D7                 A0=00006ABC A1=00C00000 A2=00007450 A3=00FF2CFE A4=00000100 A5=FFFF80C8 A6=00FF0BF0 A7=00FF0BDA D0=00000008 D1=00000580 D2=00000006 D3=0000000F D4=0000FFFF D5=000000FF D6=00000004 D7=00002004 xnzvc
00:6AC2  61 00  BSR     #$001C [00:6AE0]         A0=00006ABC A1=00C00000 A2=00007451 A3=00FF2CFE A4=00000100 A5=FFFF80C8 A6=00FF0BF0 A7=00FF0BDA D0=00000008 D1=00000580 D2=00000006 D3=0000000F D4=0000FFFF D5=000000FF D6=00000004 D7=00002010 xnzvc
00:6B6C  1D 6E  MOVE.B  $FFF6(A6),$FFF4(A6)      A0=00006ABC A1=00C00000 A2=00007451 A3=00FF2CFE A4=00000100 A5=FFFF80C8 A6=00FF0BF0 A7=00FF0BD2 D0=0000001F D1=00000580 D2=00000006 D3=00000000 D4=0000FFFF D5=000000FF D6=00000004 D7=0000201F XNzvC
00:6B72  60 C6  BRA     #$C6 [00:6B3A]           A0=00006ABC A1=00C00000 A2=00007451 A3=00FF2CFE A4=00000100 A5=FFFF80C8 A6=00FF0BF0 A7=00FF0BD2 D0=0000001F D1=00000580 D2=00000006 D3=00000000 D4=0000FFFF D5=000000FF D6=00000004 D7=0000201F Xnzvc
00:6B3A  30 2E  MOVE.W  $FFFA(A6),D0             A0=00006ABC A1=00C00000 A2=00007451 A3=00FF2CFE A4=00000100 A5=FFFF80C8 A6=00FF0BF0 A7=00FF0BD2 D0=0000001F D1=00000580 D2=00000006 D3=00000000 D4=0000FFFF D5=000000FF D6=00000004 D7=0000201F Xnzvc
00:6B3E  32 2E  MOVE.W  $FFFC(A6),D1             A0=00006ABC A1=00C00000 A2=00007451 A3=00FF2CFE A4=00000100 A5=FFFF80C8 A6=00FF0BF0 A7=00FF0BD2 D0=00000000 D1=00000580 D2=00000006 D3=00000000 D4=0000FFFF D5=000000FF D6=00000004 D7=0000201F XnZvc
00:6B42  52 41  ADDQ.W  #1,D1                    A0=00006ABC A1=00C00000 A2=00007451 A3=00FF2CFE A4=00000100 A5=FFFF80C8 A6=00FF0BF0 A7=00FF0BD2 D0=00000000 D1=0000000B D2=00000006 D3=00000000 D4=0000FFFF D5=000000FF D6=00000004 D7=0000201F Xnzvc
00:6B44  B2 78  CMP.W   ($8A72),D1               A0=00006ABC A1=00C00000 A2=00007451 A3=00FF2CFE A4=00000100 A5=FFFF80C8 A6=00FF0BF0 A7=00FF0BD2 D0=00000000 D1=0000000C D2=00000006 D3=00000000 D4=0000FFFF D5=000000FF D6=00000004 D7=0000201F xnzvc
00:6B48  65 02  BCS     #$02 [00:6B4C]           A0=00006ABC A1=00C00000 A2=00007451 A3=00FF2CFE A4=00000100 A5=FFFF80C8 A6=00FF0BF0 A7=00FF0BD2 D0=00000000 D1=0000000C D2=00000006 D3=00000000 D4=0000FFFF D5=000000FF D6=00000004 D7=0000201F xNzvC
00:6B4C  3D 41  MOVE.W  D1,$FFFC(A6)             A0=00006ABC A1=00C00000 A2=00007451 A3=00FF2CFE A4=00000100 A5=FFFF80C8 A6=00FF0BF0 A7=00FF0BD2 D0=00000000 D1=0000000C D2=00000006 D3=00000000 D4=0000FFFF D5=000000FF D6=00000004 D7=0000201F xNzvC
00:6B50  3D 40  MOVE.W  D0,$FFFE(A6)             A0=00006ABC A1=00C00000 A2=00007451 A3=00FF2CFE A4=00000100 A5=FFFF80C8 A6=00FF0BF0 A7=00FF0BD2 D0=00000000 D1=0000000C D2=00000006 D3=00000000 D4=0000FFFF D5=000000FF D6=00000004 D7=0000201F xnzvc
00:6B54  61 00  BSR     #$FF46 [00:6A9C]         A0=00006ABC A1=00C00000 A2=00007451 A3=00FF2CFE A4=00000100 A5=FFFF80C8 A6=00FF0BF0 A7=00FF0BD2 D0=00000000 D1=0000000C D2=00000006 D3=00000000 D4=0000FFFF D5=000000FF D6=00000004 D7=0000201F xnZvc
00:6A9C  4E B8  JSR     ($05CA)                  A0=00006ABC A1=00C00000 A2=00007451 A3=00FF2CFE A4=00000100 A5=FFFF80C8 A6=00FF0BF0 A7=00FF0BCE D0=00000000 D1=0000000C D2=00000006 D3=00000000 D4=0000FFFF D5=000000FF D6=00000004 D7=0000201F xnZvc
00:05CA  D0 40  ADD.W   D0,D0                    A0=00006ABC A1=00C00000 A2=00007451 A3=00FF2CFE A4=00000100 A5=FFFF80C8 A6=00FF0BF0 A7=00FF0BCA D0=00000000 D1=0000000C D2=00000006 D3=00000000 D4=0000FFFF D5=000000FF D6=00000004 D7=0000201F xnZvc
00:05CC  D2 41  ADD.W   D1,D1                    A0=00006ABC A1=00C00000 A2=00007451 A3=00FF2CFE A4=00000100 A5=FFFF80C8 A6=00FF0BF0 A7=00FF0BCA D0=00000000 D1=0000000C D2=00000006 D3=00000000 D4=0000FFFF D5=000000FF D6=00000004 D7=0000201F xnZvc
00:05CE  14 38  MOVE.B  ($8A8A),D2               A0=00006ABC A1=00C00000 A2=00007451 A3=00FF2CFE A4=00000100 A5=FFFF80C8 A6=00FF0BF0 A7=00FF0BCA D0=00000000 D1=00000018 D2=00000006 D3=00000000 D4=0000FFFF D5=000000FF D6=00000004 D7=0000201F xnzvc
00:05D2  E5 61  ASL.W   D2,D1                    A0=00006ABC A1=00C00000 A2=00007451 A3=00FF2CFE A4=00000100 A5=FFFF80C8 A6=00FF0BF0 A7=00FF0BCA D0=00000000 D1=00000018 D2=00000006 D3=00000000 D4=0000FFFF D5=000000FF D6=00000004 D7=0000201F xnzvc
00:05D4  D0 41  ADD.W   D1,D0                    A0=00006ABC A1=00C00000 A2=00007451 A3=00FF2CFE A4=00000100 A5=FFFF80C8 A6=00FF0BF0 A7=00FF0BCA D0=00000000 D1=00000600 D2=00000006 D3=00000000 D4=0000FFFF D5=000000FF D6=00000004 D7=0000201F xnzvc
00:05D6  4E 75  RTS                              A0=00006ABC A1=00C00000 A2=00007451 A3=00FF2CFE A4=00000100 A5=FFFF80C8 A6=00FF0BF0 A7=00FF0BCA D0=00000600 D1=00000600 D2=00000006 D3=00000000 D4=0000FFFF D5=000000FF D6=00000004 D7=0000201F xnzvc
00:6AA0  D0 6E  ADD.W   $FFF2(A6),D0             A0=00006ABC A1=00C00000 A2=00007451 A3=00FF2CFE A4=00000100 A5=FFFF80C8 A6=00FF0BF0 A7=00FF0BCE D0=00000600 D1=00000600 D2=00000006 D3=00000000 D4=0000FFFF D5=000000FF D6=00000004 D7=0000201F xnzvc
00:6AA4  4E 75  RTS                              A0=00006ABC A1=00C00000 A2=00007451 A3=00FF2CFE A4=00000100 A5=FFFF80C8 A6=00FF0BF0 A7=00FF0BCE D0=0000E600 D1=00000600 D2=00000006 D3=00000000 D4=0000FFFF D5=000000FF D6=00000004 D7=0000201F xNzvc
00:6B58  4E B8  JSR     ($05A0)                  A0=00006ABC A1=00C00000 A2=00007451 A3=00FF2CFE A4=00000100 A5=FFFF80C8 A6=00FF0BF0 A7=00FF0BD2 D0=0000E600 D1=00000600 D2=00000006 D3=00000000 D4=0000FFFF D5=000000FF D6=00000004 D7=0000201F xNzvc
00:05A0  E5 80  ASL.L   #2,D0                    A0=00006ABC A1=00C00000 A2=00007451 A3=00FF2CFE A4=00000100 A5=FFFF80C8 A6=00FF0BF0 A7=00FF0BCE D0=0000E600 D1=00000600 D2=00000006 D3=00000000 D4=0000FFFF D5=000000FF D6=00000004 D7=0000201F xNzvc
00:05A2  E4 48  LSR.W   #2,D0                    A0=00006ABC A1=00C00000 A2=00007451 A3=00FF2CFE A4=00000100 A5=FFFF80C8 A6=00FF0BF0 A7=00FF0BCE D0=00039800 D1=00000600 D2=00000006 D3=00000000 D4=0000FFFF D5=000000FF D6=00000004 D7=0000201F xnzvc
00:05A4  00 40  ORI.W   #$4000,D0                A0=00006ABC A1=00C00000 A2=00007451 A3=00FF2CFE A4=00000100 A5=FFFF80C8 A6=00FF0BF0 A7=00FF0BCE D0=00032600 D1=00000600 D2=00000006 D3=00000000 D4=0000FFFF D5=000000FF D6=00000004 D7=0000201F xnzvc
00:05A8  48 40  SWAP.W  D0                       A0=00006ABC A1=00C00000 A2=00007451 A3=00FF2CFE A4=00000100 A5=FFFF80C8 A6=00FF0BF0 A7=00FF0BCE D0=00036600 D1=00000600 D2=00000006 D3=00000000 D4=0000FFFF D5=000000FF D6=00000004 D7=0000201F xnzvc
00:05AA  02 40  ANDI.W  #$0003,D0                A0=00006ABC A1=00C00000 A2=00007451 A3=00FF2CFE A4=00000100 A5=FFFF80C8 A6=00FF0BF0 A7=00FF0BCE D0=66000003 D1=00000600 D2=00000006 D3=00000000 D4=0000FFFF D5=000000FF D6=00000004 D7=0000201F xnzvc
00:05AE  23 C0  MOVE.L  D0,($00C00004)           A0=00006ABC A1=00C00000 A2=00007451 A3=00FF2CFE A4=00000100 A5=FFFF80C8 A6=00FF0BF0 A7=00FF0BCE D0=66000003 D1=00000600 D2=00000006 D3=00000000 D4=0000FFFF D5=000000FF D6=00000004 D7=0000201F xnzvc
00:05B4  4E 75  RTS                              A0=00006ABC A1=00C00000 A2=00007451 A3=00FF2CFE A4=00000100 A5=FFFF80C8 A6=00FF0BF0 A7=00FF0BCE D0=66000003 D1=00000600 D2=00000006 D3=00000000 D4=0000FFFF D5=000000FF D6=00000004 D7=0000201F xnzvc
00:6B5C  43 F9  LEA     ($00C00000),A1           A0=00006ABC A1=00C00000 A2=00007451 A3=00FF2CFE A4=00000100 A5=FFFF80C8 A6=00FF0BF0 A7=00FF0BD2 D0=66000003 D1=00000600 D2=00000006 D3=00000000 D4=0000FFFF D5=000000FF D6=00000004 D7=0000201F xnzvc
00:6B62  4E 75  RTS                              A0=00006ABC A1=00C00000 A2=00007451 A3=00FF2CFE A4=00000100 A5=FFFF80C8 A6=00FF0BF0 A7=00FF0BD2 D0=66000003 D1=00000600 D2=00000006 D3=00000000 D4=0000FFFF D5=000000FF D6=00000004 D7=0000201F xnzvc
00:6AEA  4E 75  RTS                              A0=00006ABC A1=00C00000 A2=00007451 A3=00FF2CFE A4=00000100 A5=FFFF80C8 A6=00FF0BF0 A7=00FF0BD6 D0=66000003 D1=00000600 D2=00000006 D3=0000FFFF D4=0000FFFF D5=000000FF D6=00000004 D7=00002020 XNzvC
00:6AC6  4E 75  RTS                              A0=00006ABC A1=00C00000 A2=00007451 A3=00FF2CFE A4=00000100 A5=FFFF80C8 A6=00FF0BF0 A7=00FF0BDA D0=66000003 D1=00000600 D2=00000006 D3=0000FFFF D4=0000FFFF D5=000000FF D6=00000004 D7=00002020 XNzvC
00:6AA6  1E 1A  MOVE.B  (A2)+,D7                 A0=00006AA6 A1=00C00000 A2=00007452 A3=00FF2CFE A4=00000100 A5=FFFF80C8 A6=00FF0BF0 A7=00FF0BDA D0=00000004 D1=00000600 D2=00000006 D3=0000FFFF D4=0000FFFF D5=000000FF D6=00000004 D7=00002002 xnzvc
00:6AA8  E1 47  ASL.W   #8,D7                    A0=00006AA6 A1=00C00000 A2=00007453 A3=00FF2CFE A4=00000100 A5=FFFF80C8 A6=00FF0BF0 A7=00FF0BDA D0=00000004 D1=00000600 D2=00000006 D3=0000FFFF D4=0000FFFF D5=000000FF D6=00000004 D7=00002001 xnzvc
00:6AAA  4E 75  RTS                              A0=00006AA6 A1=00C00000 A2=00007453 A3=00FF2CFE A4=00000100 A5=FFFF80C8 A6=00FF0BF0 A7=00FF0BDA D0=00000004 D1=00000600 D2=00000006 D3=0000FFFF D4=0000FFFF D5=000000FF D6=00000004 D7=00000100 xnzVc
00:6AAC  76 00  MOVEQ   #$00,D3                  A0=00006AAC A1=00C00000 A2=00007454 A3=00FF2CFE A4=00000100 A5=FFFF80C8 A6=00FF0BF0 A7=00FF0BDA D0=00000006 D1=00000600 D2=00000006 D3=0000FFFF D4=0000FFFF D5=000000FF D6=00000004 D7=00000103 xnzvc
00:6AAE  16 1A  MOVE.B  (A2)+,D3                 A0=00006AAC A1=00C00000 A2=00007454 A3=00FF2CFE A4=00000100 A5=FFFF80C8 A6=00FF0BF0 A7=00FF0BDA D0=00000006 D1=00000600 D2=00000006 D3=00000000 D4=0000FFFF D5=000000FF D6=00000004 D7=00000103 xnZvc
00:6AB0  1E 1A  MOVE.B  (A2)+,D7                 A0=00006AAC A1=00C00000 A2=00007455 A3=00FF2CFE A4=00000100 A5=FFFF80C8 A6=00FF0BF0 A7=00FF0BDA D0=00000006 D1=00000600 D2=00000006 D3=0000000B D4=0000FFFF D5=000000FF D6=00000004 D7=00000103 xnzvc
00:6ABA  4E 75  RTS                              A0=00006AAC A1=00C00000 A2=00007456 A3=00FF2CFE A4=00000100 A5=FFFF80C8 A6=00FF0BF0 A7=00FF0BDA D0=0000000C D1=00000600 D2=00000006 D3=0000FFFF D4=0000FFFF D5=000000FF D6=00000004 D7=000001DC XNzvC
00:6AA6  1E 1A  MOVE.B  (A2)+,D7                 A0=00006AA6 A1=00C00000 A2=00007457 A3=00FF2CFE A4=00000100 A5=FFFF80C8 A6=00FF0BF0 A7=00FF0BDA D0=00000004 D1=00000600 D2=00000006 D3=0000FFFF D4=0000FFFF D5=000000FF D6=00000004 D7=00000102 xnzvc
00:6AA8  E1 47  ASL.W   #8,D7                    A0=00006AA6 A1=00C00000 A2=00007458 A3=00FF2CFE A4=00000100 A5=FFFF80C8 A6=00FF0BF0 A7=00FF0BDA D0=00000004 D1=00000600 D2=00000006 D3=0000FFFF D4=0000FFFF D5=000000FF D6=00000004 D7=00000121 xnzvc
00:6AAA  4E 75  RTS                              A0=00006AA6 A1=00C00000 A2=00007458 A3=00FF2CFE A4=00000100 A5=FFFF80C8 A6=00FF0BF0 A7=00FF0BDA D0=00000004 D1=00000600 D2=00000006 D3=0000FFFF D4=0000FFFF D5=000000FF D6=00000004 D7=00002100 XnzVC
00:6ABC  76 00  MOVEQ   #$00,D3                  A0=00006ABC A1=00C00000 A2=00007459 A3=00FF2CFE A4=00000100 A5=FFFF80C8 A6=00FF0BF0 A7=00FF0BDA D0=00000008 D1=00000600 D2=00000006 D3=0000FFFF D4=0000FFFF D5=000000FF D6=00000004 D7=00002104 xnzvc
00:6ABE  16 1A  MOVE.B  (A2)+,D3                 A0=00006ABC A1=00C00000 A2=00007459 A3=00FF2CFE A4=00000100 A5=FFFF80C8 A6=00FF0BF0 A7=00FF0BDA D0=00000008 D1=00000600 D2=00000006 D3=00000000 D4=0000FFFF D5=000000FF D6=00000004 D7=00002104 xnZvc
00:6AC0  1E 1A  MOVE.B  (A2)+,D7                 A0=00006ABC A1=00C00000 A2=0000745A A3=00FF2CFE A4=00000100 A5=FFFF80C8 A6=00FF0BF0 A7=00FF0BDA D0=00000008 D1=00000600 D2=00000006 D3=00000003 D4=0000FFFF D5=000000FF D6=00000004 D7=00002104 xnzvc
00:6AC2  61 00  BSR     #$001C [00:6AE0]         A0=00006ABC A1=00C00000 A2=0000745B A3=00FF2CFE A4=00000100 A5=FFFF80C8 A6=00FF0BF0 A7=00FF0BDA D0=00000008 D1=00000600 D2=00000006 D3=00000003 D4=0000FFFF D5=000000FF D6=00000004 D7=000021C4 xNzvc
00:6AEA  4E 75  RTS                              A0=00006ABC A1=00C00000 A2=0000745B A3=00FF2CFE A4=00000100 A5=FFFF80C8 A6=00FF0BF0 A7=00FF0BD6 D0=00000010 D1=00000600 D2=00000006 D3=0000FFFF D4=0000FFFF D5=000000FF D6=00000004 D7=000021C8 XNzvC
00:6AC6  4E 75  RTS                              A0=00006ABC A1=00C00000 A2=0000745B A3=00FF2CFE A4=00000100 A5=FFFF80C8 A6=00FF0BF0 A7=00FF0BDA D0=00000010 D1=00000600 D2=00000006 D3=0000FFFF D4=0000FFFF D5=000000FF D6=00000004 D7=000021C8 XNzvC
00:6AA6  1E 1A  MOVE.B  (A2)+,D7                 A0=00006AA6 A1=00C00000 A2=0000745C A3=00FF2CFE A4=00000100 A5=FFFF80C8 A6=00FF0BF0 A7=00FF0BDA D0=00000004 D1=00000600 D2=00000006 D3=0000FFFF D4=0000FFFF D5=000000FF D6=00000004 D7=00002102 xnzvc
00:6AA8  E1 47  ASL.W   #8,D7                    A0=00006AA6 A1=00C00000 A2=0000745D A3=00FF2CFE A4=00000100 A5=FFFF80C8 A6=00FF0BF0 A7=00FF0BDA D0=00000004 D1=00000600 D2=00000006 D3=0000FFFF D4=0000FFFF D5=000000FF D6=00000004 D7=00002120 xnzvc
00:6AAA  4E 75  RTS                              A0=00006AA6 A1=00C00000 A2=0000745D A3=00FF2CFE A4=00000100 A5=FFFF80C8 A6=00FF0BF0 A7=00FF0BDA D0=00000004 D1=00000600 D2=00000006 D3=0000FFFF D4=0000FFFF D5=000000FF D6=00000004 D7=00002000 XnzVC
00:6ABC  76 00  MOVEQ   #$00,D3                  A0=00006ABC A1=00C00000 A2=0000745E A3=00FF2CFE A4=00000100 A5=FFFF80C8 A6=00FF0BF0 A7=00FF0BDA D0=00000008 D1=00000600 D2=00000006 D3=0000FFFF D4=0000FFFF D5=000000FF D6=00000004 D7=00002004 xnzvc
00:6ABE  16 1A  MOVE.B  (A2)+,D3                 A0=00006ABC A1=00C00000 A2=0000745E A3=00FF2CFE A4=00000100 A5=FFFF80C8 A6=00FF0BF0 A7=00FF0BDA D0=00000008 D1=00000600 D2=00000006 D3=00000000 D4=0000FFFF D5=000000FF D6=00000004 D7=00002004 xnZvc
00:6AC0  1E 1A  MOVE.B  (A2)+,D7                 A0=00006ABC A1=00C00000 A2=0000745F A3=00FF2CFE A4=00000100 A5=FFFF80C8 A6=00FF0BF0 A7=00FF0BDA D0=00000008 D1=00000600 D2=00000006 D3=0000000F D4=0000FFFF D5=000000FF D6=00000004 D7=00002004 xnzvc
00:6AC2  61 00  BSR     #$001C [00:6AE0]         A0=00006ABC A1=00C00000 A2=00007460 A3=00FF2CFE A4=00000100 A5=FFFF80C8 A6=00FF0BF0 A7=00FF0BDA D0=00000008 D1=00000600 D2=00000006 D3=0000000F D4=0000FFFF D5=000000FF D6=00000004 D7=00002020 xnzvc
00:6B6C  1D 6E  MOVE.B  $FFF6(A6),$FFF4(A6)      A0=00006ABC A1=00C00000 A2=00007460 A3=00FF2CFE A4=00000100 A5=FFFF80C8 A6=00FF0BF0 A7=00FF0BD2 D0=0000001F D1=00000600 D2=00000006 D3=00000000 D4=0000FFFF D5=000000FF D6=00000004 D7=0000202F XNzvC
00:6B72  60 C6  BRA     #$C6 [00:6B3A]           A0=00006ABC A1=00C00000 A2=00007460 A3=00FF2CFE A4=00000100 A5=FFFF80C8 A6=00FF0BF0 A7=00FF0BD2 D0=0000001F D1=00000600 D2=00000006 D3=00000000 D4=0000FFFF D5=000000FF D6=00000004 D7=0000202F Xnzvc
00:6B3A  30 2E  MOVE.W  $FFFA(A6),D0             A0=00006ABC A1=00C00000 A2=00007460 A3=00FF2CFE A4=00000100 A5=FFFF80C8 A6=00FF0BF0 A7=00FF0BD2 D0=0000001F D1=00000600 D2=00000006 D3=00000000 D4=0000FFFF D5=000000FF D6=00000004 D7=0000202F Xnzvc
00:6B3E  32 2E  MOVE.W  $FFFC(A6),D1             A0=00006ABC A1=00C00000 A2=00007460 A3=00FF2CFE A4=00000100 A5=FFFF80C8 A6=00FF0BF0 A7=00FF0BD2 D0=00000000 D1=00000600 D2=00000006 D3=00000000 D4=0000FFFF D5=000000FF D6=00000004 D7=0000202F XnZvc
00:6B42  52 41  ADDQ.W  #1,D1                    A0=00006ABC A1=00C00000 A2=00007460 A3=00FF2CFE A4=00000100 A5=FFFF80C8 A6=00FF0BF0 A7=00FF0BD2 D0=00000000 D1=0000000C D2=00000006 D3=00000000 D4=0000FFFF D5=000000FF D6=00000004 D7=0000202F Xnzvc
00:6B44  B2 78  CMP.W   ($8A72),D1               A0=00006ABC A1=00C00000 A2=00007460 A3=00FF2CFE A4=00000100 A5=FFFF80C8 A6=00FF0BF0 A7=00FF0BD2 D0=00000000 D1=0000000D D2=00000006 D3=00000000 D4=0000FFFF D5=000000FF D6=00000004 D7=0000202F xnzvc
00:6B48  65 02  BCS     #$02 [00:6B4C]           A0=00006ABC A1=00C00000 A2=00007460 A3=00FF2CFE A4=00000100 A5=FFFF80C8 A6=00FF0BF0 A7=00FF0BD2 D0=00000000 D1=0000000D D2=00000006 D3=00000000 D4=0000FFFF D5=000000FF D6=00000004 D7=0000202F xNzvC
00:6B4C  3D 41  MOVE.W  D1,$FFFC(A6)             A0=00006ABC A1=00C00000 A2=00007460 A3=00FF2CFE A4=00000100 A5=FFFF80C8 A6=00FF0BF0 A7=00FF0BD2 D0=00000000 D1=0000000D D2=00000006 D3=00000000 D4=0000FFFF D5=000000FF D6=00000004 D7=0000202F xNzvC
00:6B50  3D 40  MOVE.W  D0,$FFFE(A6)             A0=00006ABC A1=00C00000 A2=00007460 A3=00FF2CFE A4=00000100 A5=FFFF80C8 A6=00FF0BF0 A7=00FF0BD2 D0=00000000 D1=0000000D D2=00000006 D3=00000000 D4=0000FFFF D5=000000FF D6=00000004 D7=0000202F xnzvc
00:6B54  61 00  BSR     #$FF46 [00:6A9C]         A0=00006ABC A1=00C00000 A2=00007460 A3=00FF2CFE A4=00000100 A5=FFFF80C8 A6=00FF0BF0 A7=00FF0BD2 D0=00000000 D1=0000000D D2=00000006 D3=00000000 D4=0000FFFF D5=000000FF D6=00000004 D7=0000202F xnZvc
00:6A9C  4E B8  JSR     ($05CA)                  A0=00006ABC A1=00C00000 A2=00007460 A3=00FF2CFE A4=00000100 A5=FFFF80C8 A6=00FF0BF0 A7=00FF0BCE D0=00000000 D1=0000000D D2=00000006 D3=00000000 D4=0000FFFF D5=000000FF D6=00000004 D7=0000202F xnZvc
00:05CA  D0 40  ADD.W   D0,D0                    A0=00006ABC A1=00C00000 A2=00007460 A3=00FF2CFE A4=00000100 A5=FFFF80C8 A6=00FF0BF0 A7=00FF0BCA D0=00000000 D1=0000000D D2=00000006 D3=00000000 D4=0000FFFF D5=000000FF D6=00000004 D7=0000202F xnZvc
00:05CC  D2 41  ADD.W   D1,D1                    A0=00006ABC A1=00C00000 A2=00007460 A3=00FF2CFE A4=00000100 A5=FFFF80C8 A6=00FF0BF0 A7=00FF0BCA D0=00000000 D1=0000000D D2=00000006 D3=00000000 D4=0000FFFF D5=000000FF D6=00000004 D7=0000202F xnZvc
00:05CE  14 38  MOVE.B  ($8A8A),D2               A0=00006ABC A1=00C00000 A2=00007460 A3=00FF2CFE A4=00000100 A5=FFFF80C8 A6=00FF0BF0 A7=00FF0BCA D0=00000000 D1=0000001A D2=00000006 D3=00000000 D4=0000FFFF D5=000000FF D6=00000004 D7=0000202F xnzvc
00:05D2  E5 61  ASL.W   D2,D1                    A0=00006ABC A1=00C00000 A2=00007460 A3=00FF2CFE A4=00000100 A5=FFFF80C8 A6=00FF0BF0 A7=00FF0BCA D0=00000000 D1=0000001A D2=00000006 D3=00000000 D4=0000FFFF D5=000000FF D6=00000004 D7=0000202F xnzvc
00:05D4  D0 41  ADD.W   D1,D0                    A0=00006ABC A1=00C00000 A2=00007460 A3=00FF2CFE A4=00000100 A5=FFFF80C8 A6=00FF0BF0 A7=00FF0BCA D0=00000000 D1=00000680 D2=00000006 D3=00000000 D4=0000FFFF D5=000000FF D6=00000004 D7=0000202F xnzvc
00:05D6  4E 75  RTS                              A0=00006ABC A1=00C00000 A2=00007460 A3=00FF2CFE A4=00000100 A5=FFFF80C8 A6=00FF0BF0 A7=00FF0BCA D0=00000680 D1=00000680 D2=00000006 D3=00000000 D4=0000FFFF D5=000000FF D6=00000004 D7=0000202F xnzvc
00:6AA0  D0 6E  ADD.W   $FFF2(A6),D0             A0=00006ABC A1=00C00000 A2=00007460 A3=00FF2CFE A4=00000100 A5=FFFF80C8 A6=00FF0BF0 A7=00FF0BCE D0=00000680 D1=00000680 D2=00000006 D3=00000000 D4=0000FFFF D5=000000FF D6=00000004 D7=0000202F xnzvc
00:6AA4  4E 75  RTS                              A0=00006ABC A1=00C00000 A2=00007460 A3=00FF2CFE A4=00000100 A5=FFFF80C8 A6=00FF0BF0 A7=00FF0BCE D0=0000E680 D1=00000680 D2=00000006 D3=00000000 D4=0000FFFF D5=000000FF D6=00000004 D7=0000202F xNzvc
00:6B58  4E B8  JSR     ($05A0)                  A0=00006ABC A1=00C00000 A2=00007460 A3=00FF2CFE A4=00000100 A5=FFFF80C8 A6=00FF0BF0 A7=00FF0BD2 D0=0000E680 D1=00000680 D2=00000006 D3=00000000 D4=0000FFFF D5=000000FF D6=00000004 D7=0000202F xNzvc
00:05A0  E5 80  ASL.L   #2,D0                    A0=00006ABC A1=00C00000 A2=00007460 A3=00FF2CFE A4=00000100 A5=FFFF80C8 A6=00FF0BF0 A7=00FF0BCE D0=0000E680 D1=00000680 D2=00000006 D3=00000000 D4=0000FFFF D5=000000FF D6=00000004 D7=0000202F xNzvc
00:05A2  E4 48  LSR.W   #2,D0                    A0=00006ABC A1=00C00000 A2=00007460 A3=00FF2CFE A4=00000100 A5=FFFF80C8 A6=00FF0BF0 A7=00FF0BCE D0=00039A00 D1=00000680 D2=00000006 D3=00000000 D4=0000FFFF D5=000000FF D6=00000004 D7=0000202F xnzvc
00:05A4  00 40  ORI.W   #$4000,D0                A0=00006ABC A1=00C00000 A2=00007460 A3=00FF2CFE A4=00000100 A5=FFFF80C8 A6=00FF0BF0 A7=00FF0BCE D0=00032680 D1=00000680 D2=00000006 D3=00000000 D4=0000FFFF D5=000000FF D6=00000004 D7=0000202F xnzvc
00:05A8  48 40  SWAP.W  D0                       A0=00006ABC A1=00C00000 A2=00007460 A3=00FF2CFE A4=00000100 A5=FFFF80C8 A6=00FF0BF0 A7=00FF0BCE D0=00036680 D1=00000680 D2=00000006 D3=00000000 D4=0000FFFF D5=000000FF D6=00000004 D7=0000202F xnzvc
00:05AA  02 40  ANDI.W  #$0003,D0                A0=00006ABC A1=00C00000 A2=00007460 A3=00FF2CFE A4=00000100 A5=FFFF80C8 A6=00FF0BF0 A7=00FF0BCE D0=66800003 D1=00000680 D2=00000006 D3=00000000 D4=0000FFFF D5=000000FF D6=00000004 D7=0000202F xnzvc
00:05AE  23 C0  MOVE.L  D0,($00C00004)           A0=00006ABC A1=00C00000 A2=00007460 A3=00FF2CFE A4=00000100 A5=FFFF80C8 A6=00FF0BF0 A7=00FF0BCE D0=66800003 D1=00000680 D2=00000006 D3=00000000 D4=0000FFFF D5=000000FF D6=00000004 D7=0000202F xnzvc
00:05B4  4E 75  RTS                              A0=00006ABC A1=00C00000 A2=00007460 A3=00FF2CFE A4=00000100 A5=FFFF80C8 A6=00FF0BF0 A7=00FF0BCE D0=66800003 D1=00000680 D2=00000006 D3=00000000 D4=0000FFFF D5=000000FF D6=00000004 D7=0000202F xnzvc
00:6B5C  43 F9  LEA     ($00C00000),A1           A0=00006ABC A1=00C00000 A2=00007460 A3=00FF2CFE A4=00000100 A5=FFFF80C8 A6=00FF0BF0 A7=00FF0BD2 D0=66800003 D1=00000680 D2=00000006 D3=00000000 D4=0000FFFF D5=000000FF D6=00000004 D7=0000202F xnzvc
00:6B62  4E 75  RTS                              A0=00006ABC A1=00C00000 A2=00007460 A3=00FF2CFE A4=00000100 A5=FFFF80C8 A6=00FF0BF0 A7=00FF0BD2 D0=66800003 D1=00000680 D2=00000006 D3=00000000 D4=0000FFFF D5=000000FF D6=00000004 D7=0000202F xnzvc
00:6AEA  4E 75  RTS                              A0=00006ABC A1=00C00000 A2=00007460 A3=00FF2CFE A4=00000100 A5=FFFF80C8 A6=00FF0BF0 A7=00FF0BD6 D0=66800003 D1=00000680 D2=00000006 D3=0000FFFF D4=0000FFFF D5=000000FF D6=00000004 D7=00002030 XNzvC
00:6AC6  4E 75  RTS                              A0=00006ABC A1=00C00000 A2=00007460 A3=00FF2CFE A4=00000100 A5=FFFF80C8 A6=00FF0BF0 A7=00FF0BDA D0=66800003 D1=00000680 D2=00000006 D3=0000FFFF D4=0000FFFF D5=000000FF D6=00000004 D7=00002030 XNzvC
00:6AA6  1E 1A  MOVE.B  (A2)+,D7                 A0=00006AA6 A1=00C00000 A2=00007461 A3=00FF2CFE A4=00000100 A5=FFFF80C8 A6=00FF0BF0 A7=00FF0BDA D0=00000004 D1=00000680 D2=00000006 D3=0000FFFF D4=0000FFFF D5=000000FF D6=00000004 D7=00002002 xnzvc
00:6AA8  E1 47  ASL.W   #8,D7                    A0=00006AA6 A1=00C00000 A2=00007462 A3=00FF2CFE A4=00000100 A5=FFFF80C8 A6=00FF0BF0 A7=00FF0BDA D0=00000004 D1=00000680 D2=00000006 D3=0000FFFF D4=0000FFFF D5=000000FF D6=00000004 D7=00002001 xnzvc
00:6AAA  4E 75  RTS                              A0=00006AA6 A1=00C00000 A2=00007462 A3=00FF2CFE A4=00000100 A5=FFFF80C8 A6=00FF0BF0 A7=00FF0BDA D0=00000004 D1=00000680 D2=00000006 D3=0000FFFF D4=0000FFFF D5=000000FF D6=00000004 D7=00000100 xnzVc
00:6AAC  76 00  MOVEQ   #$00,D3                  A0=00006AAC A1=00C00000 A2=00007463 A3=00FF2CFE A4=00000100 A5=FFFF80C8 A6=00FF0BF0 A7=00FF0BDA D0=00000006 D1=00000680 D2=00000006 D3=0000FFFF D4=0000FFFF D5=000000FF D6=00000004 D7=00000103 xnzvc
00:6AAE  16 1A  MOVE.B  (A2)+,D3                 A0=00006AAC A1=00C00000 A2=00007463 A3=00FF2CFE A4=00000100 A5=FFFF80C8 A6=00FF0BF0 A7=00FF0BDA D0=00000006 D1=00000680 D2=00000006 D3=00000000 D4=0000FFFF D5=000000FF D6=00000004 D7=00000103 xnZvc
00:6AB0  1E 1A  MOVE.B  (A2)+,D7                 A0=00006AAC A1=00C00000 A2=00007464 A3=00FF2CFE A4=00000100 A5=FFFF80C8 A6=00FF0BF0 A7=00FF0BDA D0=00000006 D1=00000680 D2=00000006 D3=0000000B D4=0000FFFF D5=000000FF D6=00000004 D7=00000103 xnzvc
00:6ABA  4E 75  RTS                              A0=00006AAC A1=00C00000 A2=00007465 A3=00FF2CFE A4=00000100 A5=FFFF80C8 A6=00FF0BF0 A7=00FF0BDA D0=0000000C D1=00000680 D2=00000006 D3=0000FFFF D4=0000FFFF D5=000000FF D6=00000004 D7=000001DC XNzvC
00:6AA6  1E 1A  MOVE.B  (A2)+,D7                 A0=00006AA6 A1=00C00000 A2=00007466 A3=00FF2CFE A4=00000100 A5=FFFF80C8 A6=00FF0BF0 A7=00FF0BDA D0=00000004 D1=00000680 D2=00000006 D3=0000FFFF D4=0000FFFF D5=000000FF D6=00000004 D7=00000102 xnzvc
00:6AA8  E1 47  ASL.W   #8,D7                    A0=00006AA6 A1=00C00000 A2=00007467 A3=00FF2CFE A4=00000100 A5=FFFF80C8 A6=00FF0BF0 A7=00FF0BDA D0=00000004 D1=00000680 D2=00000006 D3=0000FFFF D4=0000FFFF D5=000000FF D6=00000004 D7=00000121 xnzvc
00:6AAA  4E 75  RTS                              A0=00006AA6 A1=00C00000 A2=00007467 A3=00FF2CFE A4=00000100 A5=FFFF80C8 A6=00FF0BF0 A7=00FF0BDA D0=00000004 D1=00000680 D2=00000006 D3=0000FFFF D4=0000FFFF D5=000000FF D6=00000004 D7=00002100 XnzVC
00:6ABC  76 00  MOVEQ   #$00,D3                  A0=00006ABC A1=00C00000 A2=00007468 A3=00FF2CFE A4=00000100 A5=FFFF80C8 A6=00FF0BF0 A7=00FF0BDA D0=00000008 D1=00000680 D2=00000006 D3=0000FFFF D4=0000FFFF D5=000000FF D6=00000004 D7=00002104 xnzvc
00:6ABE  16 1A  MOVE.B  (A2)+,D3                 A0=00006ABC A1=00C00000 A2=00007468 A3=00FF2CFE A4=00000100 A5=FFFF80C8 A6=00FF0BF0 A7=00FF0BDA D0=00000008 D1=00000680 D2=00000006 D3=00000000 D4=0000FFFF D5=000000FF D6=00000004 D7=00002104 xnZvc
00:6AC0  1E 1A  MOVE.B  (A2)+,D7                 A0=00006ABC A1=00C00000 A2=00007469 A3=00FF2CFE A4=00000100 A5=FFFF80C8 A6=00FF0BF0 A7=00FF0BDA D0=00000008 D1=00000680 D2=00000006 D3=00000003 D4=0000FFFF D5=000000FF D6=00000004 D7=00002104 xnzvc
00:6AC2  61 00  BSR     #$001C [00:6AE0]         A0=00006ABC A1=00C00000 A2=0000746A A3=00FF2CFE A4=00000100 A5=FFFF80C8 A6=00FF0BF0 A7=00FF0BDA D0=00000008 D1=00000680 D2=00000006 D3=00000003 D4=0000FFFF D5=000000FF D6=00000004 D7=000021D4 xNzvc
00:6AEA  4E 75  RTS                              A0=00006ABC A1=00C00000 A2=0000746A A3=00FF2CFE A4=00000100 A5=FFFF80C8 A6=00FF0BF0 A7=00FF0BD6 D0=00000010 D1=00000680 D2=00000006 D3=0000FFFF D4=0000FFFF D5=000000FF D6=00000004 D7=000021D8 XNzvC
00:6AC6  4E 75  RTS                              A0=00006ABC A1=00C00000 A2=0000746A A3=00FF2CFE A4=00000100 A5=FFFF80C8 A6=00FF0BF0 A7=00FF0BDA D0=00000010 D1=00000680 D2=00000006 D3=0000FFFF D4=0000FFFF D5=000000FF D6=00000004 D7=000021D8 XNzvC
00:6AA6  1E 1A  MOVE.B  (A2)+,D7                 A0=00006AA6 A1=00C00000 A2=0000746B A3=00FF2CFE A4=00000100 A5=FFFF80C8 A6=00FF0BF0 A7=00FF0BDA D0=00000004 D1=00000680 D2=00000006 D3=0000FFFF D4=0000FFFF D5=000000FF D6=00000004 D7=00002102 xnzvc
00:6AA8  E1 47  ASL.W   #8,D7                    A0=00006AA6 A1=00C00000 A2=0000746C A3=00FF2CFE A4=00000100 A5=FFFF80C8 A6=00FF0BF0 A7=00FF0BDA D0=00000004 D1=00000680 D2=00000006 D3=0000FFFF D4=0000FFFF D5=000000FF D6=00000004 D7=00002120 xnzvc
00:6AAA  4E 75  RTS                              A0=00006AA6 A1=00C00000 A2=0000746C A3=00FF2CFE A4=00000100 A5=FFFF80C8 A6=00FF0BF0 A7=00FF0BDA D0=00000004 D1=00000680 D2=00000006 D3=0000FFFF D4=0000FFFF D5=000000FF D6=00000004 D7=00002000 XnzVC
00:6ABC  76 00  MOVEQ   #$00,D3                  A0=00006ABC A1=00C00000 A2=0000746D A3=00FF2CFE A4=00000100 A5=FFFF80C8 A6=00FF0BF0 A7=00FF0BDA D0=00000008 D1=00000680 D2=00000006 D3=0000FFFF D4=0000FFFF D5=000000FF D6=00000004 D7=00002004 xnzvc
00:6ABE  16 1A  MOVE.B  (A2)+,D3                 A0=00006ABC A1=00C00000 A2=0000746D A3=00FF2CFE A4=00000100 A5=FFFF80C8 A6=00FF0BF0 A7=00FF0BDA D0=00000008 D1=00000680 D2=00000006 D3=00000000 D4=0000FFFF D5=000000FF D6=00000004 D7=00002004 xnZvc
00:6AC0  1E 1A  MOVE.B  (A2)+,D7                 A0=00006ABC A1=00C00000 A2=0000746E A3=00FF2CFE A4=00000100 A5=FFFF80C8 A6=00FF0BF0 A7=00FF0BDA D0=00000008 D1=00000680 D2=00000006 D3=0000000F D4=0000FFFF D5=000000FF D6=00000004 D7=00002004 xnzvc
00:6AC2  61 00  BSR     #$001C [00:6AE0]         A0=00006ABC A1=00C00000 A2=0000746F A3=00FF2CFE A4=00000100 A5=FFFF80C8 A6=00FF0BF0 A7=00FF0BDA D0=00000008 D1=00000680 D2=00000006 D3=0000000F D4=0000FFFF D5=000000FF D6=00000004 D7=00002030 xnzvc
00:6B6C  1D 6E  MOVE.B  $FFF6(A6),$FFF4(A6)      A0=00006ABC A1=00C00000 A2=0000746F A3=00FF2CFE A4=00000100 A5=FFFF80C8 A6=00FF0BF0 A7=00FF0BD2 D0=0000001F D1=00000680 D2=00000006 D3=00000000 D4=0000FFFF D5=000000FF D6=00000004 D7=0000203F XNzvC
00:6B72  60 C6  BRA     #$C6 [00:6B3A]           A0=00006ABC A1=00C00000 A2=0000746F A3=00FF2CFE A4=00000100 A5=FFFF80C8 A6=00FF0BF0 A7=00FF0BD2 D0=0000001F D1=00000680 D2=00000006 D3=00000000 D4=0000FFFF D5=000000FF D6=00000004 D7=0000203F Xnzvc
00:6B3A  30 2E  MOVE.W  $FFFA(A6),D0             A0=00006ABC A1=00C00000 A2=0000746F A3=00FF2CFE A4=00000100 A5=FFFF80C8 A6=00FF0BF0 A7=00FF0BD2 D0=0000001F D1=00000680 D2=00000006 D3=00000000 D4=0000FFFF D5=000000FF D6=00000004 D7=0000203F Xnzvc
00:6B3E  32 2E  MOVE.W  $FFFC(A6),D1             A0=00006ABC A1=00C00000 A2=0000746F A3=00FF2CFE A4=00000100 A5=FFFF80C8 A6=00FF0BF0 A7=00FF0BD2 D0=00000000 D1=00000680 D2=00000006 D3=00000000 D4=0000FFFF D5=000000FF D6=00000004 D7=0000203F XnZvc
00:6B42  52 41  ADDQ.W  #1,D1                    A0=00006ABC A1=00C00000 A2=0000746F A3=00FF2CFE A4=00000100 A5=FFFF80C8 A6=00FF0BF0 A7=00FF0BD2 D0=00000000 D1=0000000D D2=00000006 D3=00000000 D4=0000FFFF D5=000000FF D6=00000004 D7=0000203F Xnzvc
00:6B44  B2 78  CMP.W   ($8A72),D1               A0=00006ABC A1=00C00000 A2=0000746F A3=00FF2CFE A4=00000100 A5=FFFF80C8 A6=00FF0BF0 A7=00FF0BD2 D0=00000000 D1=0000000E D2=00000006 D3=00000000 D4=0000FFFF D5=000000FF D6=00000004 D7=0000203F xnzvc
00:6B48  65 02  BCS     #$02 [00:6B4C]           A0=00006ABC A1=00C00000 A2=0000746F A3=00FF2CFE A4=00000100 A5=FFFF80C8 A6=00FF0BF0 A7=00FF0BD2 D0=00000000 D1=0000000E D2=00000006 D3=00000000 D4=0000FFFF D5=000000FF D6=00000004 D7=0000203F xNzvC
00:6B4C  3D 41  MOVE.W  D1,$FFFC(A6)             A0=00006ABC A1=00C00000 A2=0000746F A3=00FF2CFE A4=00000100 A5=FFFF80C8 A6=00FF0BF0 A7=00FF0BD2 D0=00000000 D1=0000000E D2=00000006 D3=00000000 D4=0000FFFF D5=000000FF D6=00000004 D7=0000203F xNzvC
00:6B50  3D 40  MOVE.W  D0,$FFFE(A6)             A0=00006ABC A1=00C00000 A2=0000746F A3=00FF2CFE A4=00000100 A5=FFFF80C8 A6=00FF0BF0 A7=00FF0BD2 D0=00000000 D1=0000000E D2=00000006 D3=00000000 D4=0000FFFF D5=000000FF D6=00000004 D7=0000203F xnzvc
00:6B54  61 00  BSR     #$FF46 [00:6A9C]         A0=00006ABC A1=00C00000 A2=0000746F A3=00FF2CFE A4=00000100 A5=FFFF80C8 A6=00FF0BF0 A7=00FF0BD2 D0=00000000 D1=0000000E D2=00000006 D3=00000000 D4=0000FFFF D5=000000FF D6=00000004 D7=0000203F xnZvc
00:6A9C  4E B8  JSR     ($05CA)                  A0=00006ABC A1=00C00000 A2=0000746F A3=00FF2CFE A4=00000100 A5=FFFF80C8 A6=00FF0BF0 A7=00FF0BCE D0=00000000 D1=0000000E D2=00000006 D3=00000000 D4=0000FFFF D5=000000FF D6=00000004 D7=0000203F xnZvc
00:05CA  D0 40  ADD.W   D0,D0                    A0=00006ABC A1=00C00000 A2=0000746F A3=00FF2CFE A4=00000100 A5=FFFF80C8 A6=00FF0BF0 A7=00FF0BCA D0=00000000 D1=0000000E D2=00000006 D3=00000000 D4=0000FFFF D5=000000FF D6=00000004 D7=0000203F xnZvc
00:05CC  D2 41  ADD.W   D1,D1                    A0=00006ABC A1=00C00000 A2=0000746F A3=00FF2CFE A4=00000100 A5=FFFF80C8 A6=00FF0BF0 A7=00FF0BCA D0=00000000 D1=0000000E D2=00000006 D3=00000000 D4=0000FFFF D5=000000FF D6=00000004 D7=0000203F xnZvc
00:05CE  14 38  MOVE.B  ($8A8A),D2               A0=00006ABC A1=00C00000 A2=0000746F A3=00FF2CFE A4=00000100 A5=FFFF80C8 A6=00FF0BF0 A7=00FF0BCA D0=00000000 D1=0000001C D2=00000006 D3=00000000 D4=0000FFFF D5=000000FF D6=00000004 D7=0000203F xnzvc
00:05D2  E5 61  ASL.W   D2,D1                    A0=00006ABC A1=00C00000 A2=0000746F A3=00FF2CFE A4=00000100 A5=FFFF80C8 A6=00FF0BF0 A7=00FF0BCA D0=00000000 D1=0000001C D2=00000006 D3=00000000 D4=0000FFFF D5=000000FF D6=00000004 D7=0000203F xnzvc
00:05D4  D0 41  ADD.W   D1,D0                    A0=00006ABC A1=00C00000 A2=0000746F A3=00FF2CFE A4=00000100 A5=FFFF80C8 A6=00FF0BF0 A7=00FF0BCA D0=00000000 D1=00000700 D2=00000006 D3=00000000 D4=0000FFFF D5=000000FF D6=00000004 D7=0000203F xnzvc
00:05D6  4E 75  RTS                              A0=00006ABC A1=00C00000 A2=0000746F A3=00FF2CFE A4=00000100 A5=FFFF80C8 A6=00FF0BF0 A7=00FF0BCA D0=00000700 D1=00000700 D2=00000006 D3=00000000 D4=0000FFFF D5=000000FF D6=00000004 D7=0000203F xnzvc
00:6AA0  D0 6E  ADD.W   $FFF2(A6),D0             A0=00006ABC A1=00C00000 A2=0000746F A3=00FF2CFE A4=00000100 A5=FFFF80C8 A6=00FF0BF0 A7=00FF0BCE D0=00000700 D1=00000700 D2=00000006 D3=00000000 D4=0000FFFF D5=000000FF D6=00000004 D7=0000203F xnzvc
00:6AA4  4E 75  RTS                              A0=00006ABC A1=00C00000 A2=0000746F A3=00FF2CFE A4=00000100 A5=FFFF80C8 A6=00FF0BF0 A7=00FF0BCE D0=0000E700 D1=00000700 D2=00000006 D3=00000000 D4=0000FFFF D5=000000FF D6=00000004 D7=0000203F xNzvc
00:6B58  4E B8  JSR     ($05A0)                  A0=00006ABC A1=00C00000 A2=0000746F A3=00FF2CFE A4=00000100 A5=FFFF80C8 A6=00FF0BF0 A7=00FF0BD2 D0=0000E700 D1=00000700 D2=00000006 D3=00000000 D4=0000FFFF D5=000000FF D6=00000004 D7=0000203F xNzvc
00:05A0  E5 80  ASL.L   #2,D0                    A0=00006ABC A1=00C00000 A2=0000746F A3=00FF2CFE A4=00000100 A5=FFFF80C8 A6=00FF0BF0 A7=00FF0BCE D0=0000E700 D1=00000700 D2=00000006 D3=00000000 D4=0000FFFF D5=000000FF D6=00000004 D7=0000203F xNzvc
00:05A2  E4 48  LSR.W   #2,D0                    A0=00006ABC A1=00C00000 A2=0000746F A3=00FF2CFE A4=00000100 A5=FFFF80C8 A6=00FF0BF0 A7=00FF0BCE D0=00039C00 D1=00000700 D2=00000006 D3=00000000 D4=0000FFFF D5=000000FF D6=00000004 D7=0000203F xnzvc
00:05A4  00 40  ORI.W   #$4000,D0                A0=00006ABC A1=00C00000 A2=0000746F A3=00FF2CFE A4=00000100 A5=FFFF80C8 A6=00FF0BF0 A7=00FF0BCE D0=00032700 D1=00000700 D2=00000006 D3=00000000 D4=0000FFFF D5=000000FF D6=00000004 D7=0000203F xnzvc
00:05A8  48 40  SWAP.W  D0                       A0=00006ABC A1=00C00000 A2=0000746F A3=00FF2CFE A4=00000100 A5=FFFF80C8 A6=00FF0BF0 A7=00FF0BCE D0=00036700 D1=00000700 D2=00000006 D3=00000000 D4=0000FFFF D5=000000FF D6=00000004 D7=0000203F xnzvc
00:05AA  02 40  ANDI.W  #$0003,D0                A0=00006ABC A1=00C00000 A2=0000746F A3=00FF2CFE A4=00000100 A5=FFFF80C8 A6=00FF0BF0 A7=00FF0BCE D0=67000003 D1=00000700 D2=00000006 D3=00000000 D4=0000FFFF D5=000000FF D6=00000004 D7=0000203F xnzvc
00:05AE  23 C0  MOVE.L  D0,($00C00004)           A0=00006ABC A1=00C00000 A2=0000746F A3=00FF2CFE A4=00000100 A5=FFFF80C8 A6=00FF0BF0 A7=00FF0BCE D0=67000003 D1=00000700 D2=00000006 D3=00000000 D4=0000FFFF D5=000000FF D6=00000004 D7=0000203F xnzvc
00:05B4  4E 75  RTS                              A0=00006ABC A1=00C00000 A2=0000746F A3=00FF2CFE A4=00000100 A5=FFFF80C8 A6=00FF0BF0 A7=00FF0BCE D0=67000003 D1=00000700 D2=00000006 D3=00000000 D4=0000FFFF D5=000000FF D6=00000004 D7=0000203F xnzvc
00:6B5C  43 F9  LEA     ($00C00000),A1           A0=00006ABC A1=00C00000 A2=0000746F A3=00FF2CFE A4=00000100 A5=FFFF80C8 A6=00FF0BF0 A7=00FF0BD2 D0=67000003 D1=00000700 D2=00000006 D3=00000000 D4=0000FFFF D5=000000FF D6=00000004 D7=0000203F xnzvc
00:6B62  4E 75  RTS                              A0=00006ABC A1=00C00000 A2=0000746F A3=00FF2CFE A4=00000100 A5=FFFF80C8 A6=00FF0BF0 A7=00FF0BD2 D0=67000003 D1=00000700 D2=00000006 D3=00000000 D4=0000FFFF D5=000000FF D6=00000004 D7=0000203F xnzvc
00:6AEA  4E 75  RTS                              A0=00006ABC A1=00C00000 A2=0000746F A3=00FF2CFE A4=00000100 A5=FFFF80C8 A6=00FF0BF0 A7=00FF0BD6 D0=67000003 D1=00000700 D2=00000006 D3=0000FFFF D4=0000FFFF D5=000000FF D6=00000004 D7=00002040 XNzvC
00:6AC6  4E 75  RTS                              A0=00006ABC A1=00C00000 A2=0000746F A3=00FF2CFE A4=00000100 A5=FFFF80C8 A6=00FF0BF0 A7=00FF0BDA D0=67000003 D1=00000700 D2=00000006 D3=0000FFFF D4=0000FFFF D5=000000FF D6=00000004 D7=00002040 XNzvC
00:6AA6  1E 1A  MOVE.B  (A2)+,D7                 A0=00006AA6 A1=00C00000 A2=00007470 A3=00FF2CFE A4=00000100 A5=FFFF80C8 A6=00FF0BF0 A7=00FF0BDA D0=00000004 D1=00000700 D2=00000006 D3=0000FFFF D4=0000FFFF D5=000000FF D6=00000004 D7=00002002 xnzvc
00:6AA8  E1 47  ASL.W   #8,D7                    A0=00006AA6 A1=00C00000 A2=00007471 A3=00FF2CFE A4=00000100 A5=FFFF80C8 A6=00FF0BF0 A7=00FF0BDA D0=00000004 D1=00000700 D2=00000006 D3=0000FFFF D4=0000FFFF D5=000000FF D6=00000004 D7=00002001 xnzvc
00:6AAA  4E 75  RTS                              A0=00006AA6 A1=00C00000 A2=00007471 A3=00FF2CFE A4=00000100 A5=FFFF80C8 A6=00FF0BF0 A7=00FF0BDA D0=00000004 D1=00000700 D2=00000006 D3=0000FFFF D4=0000FFFF D5=000000FF D6=00000004 D7=00000100 xnzVc
00:6ABC  76 00  MOVEQ   #$00,D3                  A0=00006ABC A1=00C00000 A2=00007472 A3=00FF2CFE A4=00000100 A5=FFFF80C8 A6=00FF0BF0 A7=00FF0BDA D0=00000008 D1=00000700 D2=00000006 D3=0000FFFF D4=0000FFFF D5=000000FF D6=00000004 D7=00000104 xnzvc
00:6ABE  16 1A  MOVE.B  (A2)+,D3                 A0=00006ABC A1=00C00000 A2=00007472 A3=00FF2CFE A4=00000100 A5=FFFF80C8 A6=00FF0BF0 A7=00FF0BDA D0=00000008 D1=00000700 D2=00000006 D3=00000000 D4=0000FFFF D5=000000FF D6=00000004 D7=00000104 xnZvc
00:6AC0  1E 1A  MOVE.B  (A2)+,D7                 A0=00006ABC A1=00C00000 A2=00007473 A3=00FF2CFE A4=00000100 A5=FFFF80C8 A6=00FF0BF0 A7=00FF0BDA D0=00000008 D1=00000700 D2=00000006 D3=00000003 D4=0000FFFF D5=000000FF D6=00000004 D7=00000104 xnzvc
00:6AC2  61 00  BSR     #$001C [00:6AE0]         A0=00006ABC A1=00C00000 A2=00007474 A3=00FF2CFE A4=00000100 A5=FFFF80C8 A6=00FF0BF0 A7=00FF0BDA D0=00000008 D1=00000700 D2=00000006 D3=00000003 D4=0000FFFF D5=000000FF D6=00000004 D7=000001A8 xNzvc
00:6AEA  4E 75  RTS                              A0=00006ABC A1=00C00000 A2=00007474 A3=00FF2CFE A4=00000100 A5=FFFF80C8 A6=00FF0BF0 A7=00FF0BD6 D0=00000004 D1=00000700 D2=00000006 D3=0000FFFF D4=0000FFFF D5=000000FF D6=00000004 D7=000001AC XNzvC
00:6AC6  4E 75  RTS                              A0=00006ABC A1=00C00000 A2=00007474 A3=00FF2CFE A4=00000100 A5=FFFF80C8 A6=00FF0BF0 A7=00FF0BDA D0=00000004 D1=00000700 D2=00000006 D3=0000FFFF D4=0000FFFF D5=000000FF D6=00000004 D7=000001AC XNzvC
00:6ABC  76 00  MOVEQ   #$00,D3                  A0=00006ABC A1=00C00000 A2=00007475 A3=00FF2CFE A4=00000100 A5=FFFF80C8 A6=00FF0BF0 A7=00FF0BDA D0=00000008 D1=00000700 D2=00000006 D3=0000FFFF D4=0000FFFF D5=000000FF D6=00000004 D7=00000104 xnzvc
00:6ABE  16 1A  MOVE.B  (A2)+,D3                 A0=00006ABC A1=00C00000 A2=00007475 A3=00FF2CFE A4=00000100 A5=FFFF80C8 A6=00FF0BF0 A7=00FF0BDA D0=00000008 D1=00000700 D2=00000006 D3=00000000 D4=0000FFFF D5=000000FF D6=00000004 D7=00000104 xnZvc
00:6AC0  1E 1A  MOVE.B  (A2)+,D7                 A0=00006ABC A1=00C00000 A2=00007476 A3=00FF2CFE A4=00000100 A5=FFFF80C8 A6=00FF0BF0 A7=00FF0BDA D0=00000008 D1=00000700 D2=00000006 D3=00000003 D4=0000FFFF D5=000000FF D6=00000004 D7=00000104 xnzvc
00:6AC2  61 00  BSR     #$001C [00:6AE0]         A0=00006ABC A1=00C00000 A2=00007477 A3=00FF2CFE A4=00000100 A5=FFFF80C8 A6=00FF0BF0 A7=00FF0BDA D0=00000008 D1=00000700 D2=00000006 D3=00000003 D4=0000FFFF D5=000000FF D6=00000004 D7=000001C8 xNzvc
00:6AEA  4E 75  RTS                              A0=00006ABC A1=00C00000 A2=00007477 A3=00FF2CFE A4=00000100 A5=FFFF80C8 A6=00FF0BF0 A7=00FF0BD6 D0=00000008 D1=00000700 D2=00000006 D3=0000FFFF D4=0000FFFF D5=000000FF D6=00000004 D7=000001CC XNzvC
00:6AC6  4E 75  RTS                              A0=00006ABC A1=00C00000 A2=00007477 A3=00FF2CFE A4=00000100 A5=FFFF80C8 A6=00FF0BF0 A7=00FF0BDA D0=00000008 D1=00000700 D2=00000006 D3=0000FFFF D4=0000FFFF D5=000000FF D6=00000004 D7=000001CC XNzvC
00:6AAC  76 00  MOVEQ   #$00,D3                  A0=00006AAC A1=00C00000 A2=00007478 A3=00FF2CFE A4=00000100 A5=FFFF80C8 A6=00FF0BF0 A7=00FF0BDA D0=00000006 D1=00000700 D2=00000006 D3=0000FFFF D4=0000FFFF D5=000000FF D6=00000004 D7=00000103 xnzvc
00:6AAE  16 1A  MOVE.B  (A2)+,D3                 A0=00006AAC A1=00C00000 A2=00007478 A3=00FF2CFE A4=00000100 A5=FFFF80C8 A6=00FF0BF0 A7=00FF0BDA D0=00000006 D1=00000700 D2=00000006 D3=00000000 D4=0000FFFF D5=000000FF D6=00000004 D7=00000103 xnZvc
00:6AB0  1E 1A  MOVE.B  (A2)+,D7                 A0=00006AAC A1=00C00000 A2=00007479 A3=00FF2CFE A4=00000100 A5=FFFF80C8 A6=00FF0BF0 A7=00FF0BDA D0=00000006 D1=00000700 D2=00000006 D3=00000003 D4=0000FFFF D5=000000FF D6=00000004 D7=00000103 xnzvc
00:6ABA  4E 75  RTS                              A0=00006AAC A1=00C00000 A2=0000747A A3=00FF2CFE A4=00000100 A5=FFFF80C8 A6=00FF0BF0 A7=00FF0BDA D0=0000000C D1=00000700 D2=00000006 D3=0000FFFF D4=0000FFFF D5=000000FF D6=00000004 D7=000001DC XNzvC
00:6AA6  1E 1A  MOVE.B  (A2)+,D7                 A0=00006AA6 A1=00C00000 A2=0000747B A3=00FF2CFE A4=00000100 A5=FFFF80C8 A6=00FF0BF0 A7=00FF0BDA D0=00000004 D1=00000700 D2=00000006 D3=0000FFFF D4=0000FFFF D5=000000FF D6=00000004 D7=00000102 xnzvc
00:6AA8  E1 47  ASL.W   #8,D7                    A0=00006AA6 A1=00C00000 A2=0000747C A3=00FF2CFE A4=00000100 A5=FFFF80C8 A6=00FF0BF0 A7=00FF0BDA D0=00000004 D1=00000700 D2=00000006 D3=0000FFFF D4=0000FFFF D5=000000FF D6=00000004 D7=00000121 xnzvc
00:6AAA  4E 75  RTS                              A0=00006AA6 A1=00C00000 A2=0000747C A3=00FF2CFE A4=00000100 A5=FFFF80C8 A6=00FF0BF0 A7=00FF0BDA D0=00000004 D1=00000700 D2=00000006 D3=0000FFFF D4=0000FFFF D5=000000FF D6=00000004 D7=00002100 XnzVC
00:6ABC  76 00  MOVEQ   #$00,D3                  A0=00006ABC A1=00C00000 A2=0000747D A3=00FF2CFE A4=00000100 A5=FFFF80C8 A6=00FF0BF0 A7=00FF0BDA D0=00000008 D1=00000700 D2=00000006 D3=0000FFFF D4=0000FFFF D5=000000FF D6=00000004 D7=00002104 xnzvc
00:6ABE  16 1A  MOVE.B  (A2)+,D3                 A0=00006ABC A1=00C00000 A2=0000747D A3=00FF2CFE A4=00000100 A5=FFFF80C8 A6=00FF0BF0 A7=00FF0BDA D0=00000008 D1=00000700 D2=00000006 D3=00000000 D4=0000FFFF D5=000000FF D6=00000004 D7=00002104 xnZvc
00:6AC0  1E 1A  MOVE.B  (A2)+,D7                 A0=00006ABC A1=00C00000 A2=0000747E A3=00FF2CFE A4=00000100 A5=FFFF80C8 A6=00FF0BF0 A7=00FF0BDA D0=00000008 D1=00000700 D2=00000006 D3=00000003 D4=0000FFFF D5=000000FF D6=00000004 D7=00002104 xnzvc
00:6AC2  61 00  BSR     #$001C [00:6AE0]         A0=00006ABC A1=00C00000 A2=0000747F A3=00FF2CFE A4=00000100 A5=FFFF80C8 A6=00FF0BF0 A7=00FF0BDA D0=00000008 D1=00000700 D2=00000006 D3=00000003 D4=0000FFFF D5=000000FF D6=00000004 D7=000021AC xNzvc
00:6AEA  4E 75  RTS                              A0=00006ABC A1=00C00000 A2=0000747F A3=00FF2CFE A4=00000100 A5=FFFF80C8 A6=00FF0BF0 A7=00FF0BD6 D0=00000010 D1=00000700 D2=00000006 D3=0000FFFF D4=0000FFFF D5=000000FF D6=00000004 D7=000021B0 XNzvC
00:6AC6  4E 75  RTS                              A0=00006ABC A1=00C00000 A2=0000747F A3=00FF2CFE A4=00000100 A5=FFFF80C8 A6=00FF0BF0 A7=00FF0BDA D0=00000010 D1=00000700 D2=00000006 D3=0000FFFF D4=0000FFFF D5=000000FF D6=00000004 D7=000021B0 XNzvC
00:6AA6  1E 1A  MOVE.B  (A2)+,D7                 A0=00006AA6 A1=00C00000 A2=00007480 A3=00FF2CFE A4=00000100 A5=FFFF80C8 A6=00FF0BF0 A7=00FF0BDA D0=00000004 D1=00000700 D2=00000006 D3=0000FFFF D4=0000FFFF D5=000000FF D6=00000004 D7=00002102 xnzvc
00:6AA8  E1 47  ASL.W   #8,D7                    A0=00006AA6 A1=00C00000 A2=00007481 A3=00FF2CFE A4=00000100 A5=FFFF80C8 A6=00FF0BF0 A7=00FF0BDA D0=00000004 D1=00000700 D2=00000006 D3=0000FFFF D4=0000FFFF D5=000000FF D6=00000004 D7=00002120 xnzvc
00:6AAA  4E 75  RTS                              A0=00006AA6 A1=00C00000 A2=00007481 A3=00FF2CFE A4=00000100 A5=FFFF80C8 A6=00FF0BF0 A7=00FF0BDA D0=00000004 D1=00000700 D2=00000006 D3=0000FFFF D4=0000FFFF D5=000000FF D6=00000004 D7=00002000 XnzVC
00:6ABC  76 00  MOVEQ   #$00,D3                  A0=00006ABC A1=00C00000 A2=00007482 A3=00FF2CFE A4=00000100 A5=FFFF80C8 A6=00FF0BF0 A7=00FF0BDA D0=00000008 D1=00000700 D2=00000006 D3=0000FFFF D4=0000FFFF D5=000000FF D6=00000004 D7=00002004 xnzvc
00:6ABE  16 1A  MOVE.B  (A2)+,D3                 A0=00006ABC A1=00C00000 A2=00007482 A3=00FF2CFE A4=00000100 A5=FFFF80C8 A6=00FF0BF0 A7=00FF0BDA D0=00000008 D1=00000700 D2=00000006 D3=00000000 D4=0000FFFF D5=000000FF D6=00000004 D7=00002004 xnZvc
00:6AC0  1E 1A  MOVE.B  (A2)+,D7                 A0=00006ABC A1=00C00000 A2=00007483 A3=00FF2CFE A4=00000100 A5=FFFF80C8 A6=00FF0BF0 A7=00FF0BDA D0=00000008 D1=00000700 D2=00000006 D3=0000000F D4=0000FFFF D5=000000FF D6=00000004 D7=00002004 xnzvc
00:6AC2  61 00  BSR     #$001C [00:6AE0]         A0=00006ABC A1=00C00000 A2=00007484 A3=00FF2CFE A4=00000100 A5=FFFF80C8 A6=00FF0BF0 A7=00FF0BDA D0=00000008 D1=00000700 D2=00000006 D3=0000000F D4=0000FFFF D5=000000FF D6=00000004 D7=00002040 xnzvc
00:6B6C  1D 6E  MOVE.B  $FFF6(A6),$FFF4(A6)      A0=00006ABC A1=00C00000 A2=00007484 A3=00FF2CFE A4=00000100 A5=FFFF80C8 A6=00FF0BF0 A7=00FF0BD2 D0=0000001F D1=00000700 D2=00000006 D3=00000000 D4=0000FFFF D5=000000FF D6=00000004 D7=0000204F XNzvC
00:6B72  60 C6  BRA     #$C6 [00:6B3A]           A0=00006ABC A1=00C00000 A2=00007484 A3=00FF2CFE A4=00000100 A5=FFFF80C8 A6=00FF0BF0 A7=00FF0BD2 D0=0000001F D1=00000700 D2=00000006 D3=00000000 D4=0000FFFF D5=000000FF D6=00000004 D7=0000204F Xnzvc
00:6B3A  30 2E  MOVE.W  $FFFA(A6),D0             A0=00006ABC A1=00C00000 A2=00007484 A3=00FF2CFE A4=00000100 A5=FFFF80C8 A6=00FF0BF0 A7=00FF0BD2 D0=0000001F D1=00000700 D2=00000006 D3=00000000 D4=0000FFFF D5=000000FF D6=00000004 D7=0000204F Xnzvc
00:6B3E  32 2E  MOVE.W  $FFFC(A6),D1             A0=00006ABC A1=00C00000 A2=00007484 A3=00FF2CFE A4=00000100 A5=FFFF80C8 A6=00FF0BF0 A7=00FF0BD2 D0=00000000 D1=00000700 D2=00000006 D3=00000000 D4=0000FFFF D5=000000FF D6=00000004 D7=0000204F XnZvc
00:6B42  52 41  ADDQ.W  #1,D1                    A0=00006ABC A1=00C00000 A2=00007484 A3=00FF2CFE A4=00000100 A5=FFFF80C8 A6=00FF0BF0 A7=00FF0BD2 D0=00000000 D1=0000000E D2=00000006 D3=00000000 D4=0000FFFF D5=000000FF D6=00000004 D7=0000204F Xnzvc
00:6B44  B2 78  CMP.W   ($8A72),D1               A0=00006ABC A1=00C00000 A2=00007484 A3=00FF2CFE A4=00000100 A5=FFFF80C8 A6=00FF0BF0 A7=00FF0BD2 D0=00000000 D1=0000000F D2=00000006 D3=00000000 D4=0000FFFF D5=000000FF D6=00000004 D7=0000204F xnzvc
00:6B48  65 02  BCS     #$02 [00:6B4C]           A0=00006ABC A1=00C00000 A2=00007484 A3=00FF2CFE A4=00000100 A5=FFFF80C8 A6=00FF0BF0 A7=00FF0BD2 D0=00000000 D1=0000000F D2=00000006 D3=00000000 D4=0000FFFF D5=000000FF D6=00000004 D7=0000204F xNzvC
00:6B4C  3D 41  MOVE.W  D1,$FFFC(A6)             A0=00006ABC A1=00C00000 A2=00007484 A3=00FF2CFE A4=00000100 A5=FFFF80C8 A6=00FF0BF0 A7=00FF0BD2 D0=00000000 D1=0000000F D2=00000006 D3=00000000 D4=0000FFFF D5=000000FF D6=00000004 D7=0000204F xNzvC
00:6B50  3D 40  MOVE.W  D0,$FFFE(A6)             A0=00006ABC A1=00C00000 A2=00007484 A3=00FF2CFE A4=00000100 A5=FFFF80C8 A6=00FF0BF0 A7=00FF0BD2 D0=00000000 D1=0000000F D2=00000006 D3=00000000 D4=0000FFFF D5=000000FF D6=00000004 D7=0000204F xnzvc
00:6B54  61 00  BSR     #$FF46 [00:6A9C]         A0=00006ABC A1=00C00000 A2=00007484 A3=00FF2CFE A4=00000100 A5=FFFF80C8 A6=00FF0BF0 A7=00FF0BD2 D0=00000000 D1=0000000F D2=00000006 D3=00000000 D4=0000FFFF D5=000000FF D6=00000004 D7=0000204F xnZvc
00:6A9C  4E B8  JSR     ($05CA)                  A0=00006ABC A1=00C00000 A2=00007484 A3=00FF2CFE A4=00000100 A5=FFFF80C8 A6=00FF0BF0 A7=00FF0BCE D0=00000000 D1=0000000F D2=00000006 D3=00000000 D4=0000FFFF D5=000000FF D6=00000004 D7=0000204F xnZvc
00:05CA  D0 40  ADD.W   D0,D0                    A0=00006ABC A1=00C00000 A2=00007484 A3=00FF2CFE A4=00000100 A5=FFFF80C8 A6=00FF0BF0 A7=00FF0BCA D0=00000000 D1=0000000F D2=00000006 D3=00000000 D4=0000FFFF D5=000000FF D6=00000004 D7=0000204F xnZvc
00:05CC  D2 41  ADD.W   D1,D1                    A0=00006ABC A1=00C00000 A2=00007484 A3=00FF2CFE A4=00000100 A5=FFFF80C8 A6=00FF0BF0 A7=00FF0BCA D0=00000000 D1=0000000F D2=00000006 D3=00000000 D4=0000FFFF D5=000000FF D6=00000004 D7=0000204F xnZvc
00:05CE  14 38  MOVE.B  ($8A8A),D2               A0=00006ABC A1=00C00000 A2=00007484 A3=00FF2CFE A4=00000100 A5=FFFF80C8 A6=00FF0BF0 A7=00FF0BCA D0=00000000 D1=0000001E D2=00000006 D3=00000000 D4=0000FFFF D5=000000FF D6=00000004 D7=0000204F xnzvc
00:05D2  E5 61  ASL.W   D2,D1                    A0=00006ABC A1=00C00000 A2=00007484 A3=00FF2CFE A4=00000100 A5=FFFF80C8 A6=00FF0BF0 A7=00FF0BCA D0=00000000 D1=0000001E D2=00000006 D3=00000000 D4=0000FFFF D5=000000FF D6=00000004 D7=0000204F xnzvc
00:05D4  D0 41  ADD.W   D1,D0                    A0=00006ABC A1=00C00000 A2=00007484 A3=00FF2CFE A4=00000100 A5=FFFF80C8 A6=00FF0BF0 A7=00FF0BCA D0=00000000 D1=00000780 D2=00000006 D3=00000000 D4=0000FFFF D5=000000FF D6=00000004 D7=0000204F xnzvc
00:05D6  4E 75  RTS                              A0=00006ABC A1=00C00000 A2=00007484 A3=00FF2CFE A4=00000100 A5=FFFF80C8 A6=00FF0BF0 A7=00FF0BCA D0=00000780 D1=00000780 D2=00000006 D3=00000000 D4=0000FFFF D5=000000FF D6=00000004 D7=0000204F xnzvc
00:6AA0  D0 6E  ADD.W   $FFF2(A6),D0             A0=00006ABC A1=00C00000 A2=00007484 A3=00FF2CFE A4=00000100 A5=FFFF80C8 A6=00FF0BF0 A7=00FF0BCE D0=00000780 D1=00000780 D2=00000006 D3=00000000 D4=0000FFFF D5=000000FF D6=00000004 D7=0000204F xnzvc
00:6AA4  4E 75  RTS                              A0=00006ABC A1=00C00000 A2=00007484 A3=00FF2CFE A4=00000100 A5=FFFF80C8 A6=00FF0BF0 A7=00FF0BCE D0=0000E780 D1=00000780 D2=00000006 D3=00000000 D4=0000FFFF D5=000000FF D6=00000004 D7=0000204F xNzvc
00:6B58  4E B8  JSR     ($05A0)                  A0=00006ABC A1=00C00000 A2=00007484 A3=00FF2CFE A4=00000100 A5=FFFF80C8 A6=00FF0BF0 A7=00FF0BD2 D0=0000E780 D1=00000780 D2=00000006 D3=00000000 D4=0000FFFF D5=000000FF D6=00000004 D7=0000204F xNzvc
00:05A0  E5 80  ASL.L   #2,D0                    A0=00006ABC A1=00C00000 A2=00007484 A3=00FF2CFE A4=00000100 A5=FFFF80C8 A6=00FF0BF0 A7=00FF0BCE D0=0000E780 D1=00000780 D2=00000006 D3=00000000 D4=0000FFFF D5=000000FF D6=00000004 D7=0000204F xNzvc
00:05A2  E4 48  LSR.W   #2,D0                    A0=00006ABC A1=00C00000 A2=00007484 A3=00FF2CFE A4=00000100 A5=FFFF80C8 A6=00FF0BF0 A7=00FF0BCE D0=00039E00 D1=00000780 D2=00000006 D3=00000000 D4=0000FFFF D5=000000FF D6=00000004 D7=0000204F xnzvc
00:05A4  00 40  ORI.W   #$4000,D0                A0=00006ABC A1=00C00000 A2=00007484 A3=00FF2CFE A4=00000100 A5=FFFF80C8 A6=00FF0BF0 A7=00FF0BCE D0=00032780 D1=00000780 D2=00000006 D3=00000000 D4=0000FFFF D5=000000FF D6=00000004 D7=0000204F xnzvc
00:05A8  48 40  SWAP.W  D0                       A0=00006ABC A1=00C00000 A2=00007484 A3=00FF2CFE A4=00000100 A5=FFFF80C8 A6=00FF0BF0 A7=00FF0BCE D0=00036780 D1=00000780 D2=00000006 D3=00000000 D4=0000FFFF D5=000000FF D6=00000004 D7=0000204F xnzvc
00:05AA  02 40  ANDI.W  #$0003,D0                A0=00006ABC A1=00C00000 A2=00007484 A3=00FF2CFE A4=00000100 A5=FFFF80C8 A6=00FF0BF0 A7=00FF0BCE D0=67800003 D1=00000780 D2=00000006 D3=00000000 D4=0000FFFF D5=000000FF D6=00000004 D7=0000204F xnzvc
00:05AE  23 C0  MOVE.L  D0,($00C00004)           A0=00006ABC A1=00C00000 A2=00007484 A3=00FF2CFE A4=00000100 A5=FFFF80C8 A6=00FF0BF0 A7=00FF0BCE D0=67800003 D1=00000780 D2=00000006 D3=00000000 D4=0000FFFF D5=000000FF D6=00000004 D7=0000204F xnzvc
00:05B4  4E 75  RTS                              A0=00006ABC A1=00C00000 A2=00007484 A3=00FF2CFE A4=00000100 A5=FFFF80C8 A6=00FF0BF0 A7=00FF0BCE D0=67800003 D1=00000780 D2=00000006 D3=00000000 D4=0000FFFF D5=000000FF D6=00000004 D7=0000204F xnzvc
00:6B5C  43 F9  LEA     ($00C00000),A1           A0=00006ABC A1=00C00000 A2=00007484 A3=00FF2CFE A4=00000100 A5=FFFF80C8 A6=00FF0BF0 A7=00FF0BD2 D0=67800003 D1=00000780 D2=00000006 D3=00000000 D4=0000FFFF D5=000000FF D6=00000004 D7=0000204F xnzvc
00:6B62  4E 75  RTS                              A0=00006ABC A1=00C00000 A2=00007484 A3=00FF2CFE A4=00000100 A5=FFFF80C8 A6=00FF0BF0 A7=00FF0BD2 D0=67800003 D1=00000780 D2=00000006 D3=00000000 D4=0000FFFF D5=000000FF D6=00000004 D7=0000204F xnzvc
00:6AEA  4E 75  RTS                              A0=00006ABC A1=00C00000 A2=00007484 A3=00FF2CFE A4=00000100 A5=FFFF80C8 A6=00FF0BF0 A7=00FF0BD6 D0=67800003 D1=00000780 D2=00000006 D3=0000FFFF D4=0000FFFF D5=000000FF D6=00000004 D7=00002050 XNzvC
00:6AC6  4E 75  RTS                              A0=00006ABC A1=00C00000 A2=00007484 A3=00FF2CFE A4=00000100 A5=FFFF80C8 A6=00FF0BF0 A7=00FF0BDA D0=67800003 D1=00000780 D2=00000006 D3=0000FFFF D4=0000FFFF D5=000000FF D6=00000004 D7=00002050 XNzvC
00:6AA6  1E 1A  MOVE.B  (A2)+,D7                 A0=00006AA6 A1=00C00000 A2=00007485 A3=00FF2CFE A4=00000100 A5=FFFF80C8 A6=00FF0BF0 A7=00FF0BDA D0=00000004 D1=00000780 D2=00000006 D3=0000FFFF D4=0000FFFF D5=000000FF D6=00000004 D7=00002002 xnzvc
00:6AA8  E1 47  ASL.W   #8,D7                    A0=00006AA6 A1=00C00000 A2=00007486 A3=00FF2CFE A4=00000100 A5=FFFF80C8 A6=00FF0BF0 A7=00FF0BDA D0=00000004 D1=00000780 D2=00000006 D3=0000FFFF D4=0000FFFF D5=000000FF D6=00000004 D7=00002001 xnzvc
00:6AAA  4E 75  RTS                              A0=00006AA6 A1=00C00000 A2=00007486 A3=00FF2CFE A4=00000100 A5=FFFF80C8 A6=00FF0BF0 A7=00FF0BDA D0=00000004 D1=00000780 D2=00000006 D3=0000FFFF D4=0000FFFF D5=000000FF D6=00000004 D7=00000100 xnzVc
00:6ABC  76 00  MOVEQ   #$00,D3                  A0=00006ABC A1=00C00000 A2=00007487 A3=00FF2CFE A4=00000100 A5=FFFF80C8 A6=00FF0BF0 A7=00FF0BDA D0=00000008 D1=00000780 D2=00000006 D3=0000FFFF D4=0000FFFF D5=000000FF D6=00000004 D7=00000104 xnzvc
00:6ABE  16 1A  MOVE.B  (A2)+,D3                 A0=00006ABC A1=00C00000 A2=00007487 A3=00FF2CFE A4=00000100 A5=FFFF80C8 A6=00FF0BF0 A7=00FF0BDA D0=00000008 D1=00000780 D2=00000006 D3=00000000 D4=0000FFFF D5=000000FF D6=00000004 D7=00000104 xnZvc
00:6AC0  1E 1A  MOVE.B  (A2)+,D7                 A0=00006ABC A1=00C00000 A2=00007488 A3=00FF2CFE A4=00000100 A5=FFFF80C8 A6=00FF0BF0 A7=00FF0BDA D0=00000008 D1=00000780 D2=00000006 D3=00000003 D4=0000FFFF D5=000000FF D6=00000004 D7=00000104 xnzvc
00:6AC2  61 00  BSR     #$001C [00:6AE0]         A0=00006ABC A1=00C00000 A2=00007489 A3=00FF2CFE A4=00000100 A5=FFFF80C8 A6=00FF0BF0 A7=00FF0BDA D0=00000008 D1=00000780 D2=00000006 D3=00000003 D4=0000FFFF D5=000000FF D6=00000004 D7=000001B8 xNzvc
00:6AEA  4E 75  RTS                              A0=00006ABC A1=00C00000 A2=00007489 A3=00FF2CFE A4=00000100 A5=FFFF80C8 A6=00FF0BF0 A7=00FF0BD6 D0=00000004 D1=00000780 D2=00000006 D3=0000FFFF D4=0000FFFF D5=000000FF D6=00000004 D7=000001BC XNzvC
00:6AC6  4E 75  RTS                              A0=00006ABC A1=00C00000 A2=00007489 A3=00FF2CFE A4=00000100 A5=FFFF80C8 A6=00FF0BF0 A7=00FF0BDA D0=00000004 D1=00000780 D2=00000006 D3=0000FFFF D4=0000FFFF D5=000000FF D6=00000004 D7=000001BC XNzvC
00:6ABC  76 00  MOVEQ   #$00,D3                  A0=00006ABC A1=00C00000 A2=0000748A A3=00FF2CFE A4=00000100 A5=FFFF80C8 A6=00FF0BF0 A7=00FF0BDA D0=00000008 D1=00000780 D2=00000006 D3=0000FFFF D4=0000FFFF D5=000000FF D6=00000004 D7=00000104 xnzvc
00:6ABE  16 1A  MOVE.B  (A2)+,D3                 A0=00006ABC A1=00C00000 A2=0000748A A3=00FF2CFE A4=00000100 A5=FFFF80C8 A6=00FF0BF0 A7=00FF0BDA D0=00000008 D1=00000780 D2=00000006 D3=00000000 D4=0000FFFF D5=000000FF D6=00000004 D7=00000104 xnZvc
00:6AC0  1E 1A  MOVE.B  (A2)+,D7                 A0=00006ABC A1=00C00000 A2=0000748B A3=00FF2CFE A4=00000100 A5=FFFF80C8 A6=00FF0BF0 A7=00FF0BDA D0=00000008 D1=00000780 D2=00000006 D3=00000004 D4=0000FFFF D5=000000FF D6=00000004 D7=00000104 xnzvc
00:6AC2  61 00  BSR     #$001C [00:6AE0]         A0=00006ABC A1=00C00000 A2=0000748C A3=00FF2CFE A4=00000100 A5=FFFF80C8 A6=00FF0BF0 A7=00FF0BDA D0=00000008 D1=00000780 D2=00000006 D3=00000004 D4=0000FFFF D5=000000FF D6=00000004 D7=000001D8 xNzvc
00:6AEA  4E 75  RTS                              A0=00006ABC A1=00C00000 A2=0000748C A3=00FF2CFE A4=00000100 A5=FFFF80C8 A6=00FF0BF0 A7=00FF0BD6 D0=00000009 D1=00000780 D2=00000006 D3=0000FFFF D4=0000FFFF D5=000000FF D6=00000004 D7=000001DD XNzvC
00:6AC6  4E 75  RTS                              A0=00006ABC A1=00C00000 A2=0000748C A3=00FF2CFE A4=00000100 A5=FFFF80C8 A6=00FF0BF0 A7=00FF0BDA D0=00000009 D1=00000780 D2=00000006 D3=0000FFFF D4=0000FFFF D5=000000FF D6=00000004 D7=000001DD XNzvC
00:6AAC  76 00  MOVEQ   #$00,D3                  A0=00006AAC A1=00C00000 A2=0000748D A3=00FF2CFE A4=00000100 A5=FFFF80C8 A6=00FF0BF0 A7=00FF0BDA D0=00000006 D1=00000780 D2=00000006 D3=0000FFFF D4=0000FFFF D5=000000FF D6=00000004 D7=00000103 xnzvc
00:6AAE  16 1A  MOVE.B  (A2)+,D3                 A0=00006AAC A1=00C00000 A2=0000748D A3=00FF2CFE A4=00000100 A5=FFFF80C8 A6=00FF0BF0 A7=00FF0BDA D0=00000006 D1=00000780 D2=00000006 D3=00000000 D4=0000FFFF D5=000000FF D6=00000004 D7=00000103 xnZvc
00:6AB0  1E 1A  MOVE.B  (A2)+,D7                 A0=00006AAC A1=00C00000 A2=0000748E A3=00FF2CFE A4=00000100 A5=FFFF80C8 A6=00FF0BF0 A7=00FF0BDA D0=00000006 D1=00000780 D2=00000006 D3=00000002 D4=0000FFFF D5=000000FF D6=00000004 D7=00000103 xnzvc
00:6ABA  4E 75  RTS                              A0=00006AAC A1=00C00000 A2=0000748F A3=00FF2CFE A4=00000100 A5=FFFF80C8 A6=00FF0BF0 A7=00FF0BDA D0=0000000C D1=00000780 D2=00000006 D3=0000FFFF D4=0000FFFF D5=000000FF D6=00000004 D7=000001DC XNzvC
00:6AA6  1E 1A  MOVE.B  (A2)+,D7                 A0=00006AA6 A1=00C00000 A2=00007490 A3=00FF2CFE A4=00000100 A5=FFFF80C8 A6=00FF0BF0 A7=00FF0BDA D0=00000004 D1=00000780 D2=00000006 D3=0000FFFF D4=0000FFFF D5=000000FF D6=00000004 D7=00000102 xnzvc
00:6AA8  E1 47  ASL.W   #8,D7                    A0=00006AA6 A1=00C00000 A2=00007491 A3=00FF2CFE A4=00000100 A5=FFFF80C8 A6=00FF0BF0 A7=00FF0BDA D0=00000004 D1=00000780 D2=00000006 D3=0000FFFF D4=0000FFFF D5=000000FF D6=00000004 D7=00000121 xnzvc
00:6AAA  4E 75  RTS                              A0=00006AA6 A1=00C00000 A2=00007491 A3=00FF2CFE A4=00000100 A5=FFFF80C8 A6=00FF0BF0 A7=00FF0BDA D0=00000004 D1=00000780 D2=00000006 D3=0000FFFF D4=0000FFFF D5=000000FF D6=00000004 D7=00002100 XnzVC
00:6ABC  76 00  MOVEQ   #$00,D3                  A0=00006ABC A1=00C00000 A2=00007492 A3=00FF2CFE A4=00000100 A5=FFFF80C8 A6=00FF0BF0 A7=00FF0BDA D0=00000008 D1=00000780 D2=00000006 D3=0000FFFF D4=0000FFFF D5=000000FF D6=00000004 D7=00002104 xnzvc
00:6ABE  16 1A  MOVE.B  (A2)+,D3                 A0=00006ABC A1=00C00000 A2=00007492 A3=00FF2CFE A4=00000100 A5=FFFF80C8 A6=00FF0BF0 A7=00FF0BDA D0=00000008 D1=00000780 D2=00000006 D3=00000000 D4=0000FFFF D5=000000FF D6=00000004 D7=00002104 xnZvc
00:6AC0  1E 1A  MOVE.B  (A2)+,D7                 A0=00006ABC A1=00C00000 A2=00007493 A3=00FF2CFE A4=00000100 A5=FFFF80C8 A6=00FF0BF0 A7=00FF0BDA D0=00000008 D1=00000780 D2=00000006 D3=00000003 D4=0000FFFF D5=000000FF D6=00000004 D7=00002104 xnzvc
00:6AC2  61 00  BSR     #$001C [00:6AE0]         A0=00006ABC A1=00C00000 A2=00007494 A3=00FF2CFE A4=00000100 A5=FFFF80C8 A6=00FF0BF0 A7=00FF0BDA D0=00000008 D1=00000780 D2=00000006 D3=00000003 D4=0000FFFF D5=000000FF D6=00000004 D7=000021BC xNzvc
00:6AEA  4E 75  RTS                              A0=00006ABC A1=00C00000 A2=00007494 A3=00FF2CFE A4=00000100 A5=FFFF80C8 A6=00FF0BF0 A7=00FF0BD6 D0=00000010 D1=00000780 D2=00000006 D3=0000FFFF D4=0000FFFF D5=000000FF D6=00000004 D7=000021C0 XNzvC
00:6AC6  4E 75  RTS                              A0=00006ABC A1=00C00000 A2=00007494 A3=00FF2CFE A4=00000100 A5=FFFF80C8 A6=00FF0BF0 A7=00FF0BDA D0=00000010 D1=00000780 D2=00000006 D3=0000FFFF D4=0000FFFF D5=000000FF D6=00000004 D7=000021C0 XNzvC
00:6AA6  1E 1A  MOVE.B  (A2)+,D7                 A0=00006AA6 A1=00C00000 A2=00007495 A3=00FF2CFE A4=00000100 A5=FFFF80C8 A6=00FF0BF0 A7=00FF0BDA D0=00000004 D1=00000780 D2=00000006 D3=0000FFFF D4=0000FFFF D5=000000FF D6=00000004 D7=00002102 xnzvc
00:6AA8  E1 47  ASL.W   #8,D7                    A0=00006AA6 A1=00C00000 A2=00007496 A3=00FF2CFE A4=00000100 A5=FFFF80C8 A6=00FF0BF0 A7=00FF0BDA D0=00000004 D1=00000780 D2=00000006 D3=0000FFFF D4=0000FFFF D5=000000FF D6=00000004 D7=00002120 xnzvc
00:6AAA  4E 75  RTS                              A0=00006AA6 A1=00C00000 A2=00007496 A3=00FF2CFE A4=00000100 A5=FFFF80C8 A6=00FF0BF0 A7=00FF0BDA D0=00000004 D1=00000780 D2=00000006 D3=0000FFFF D4=0000FFFF D5=000000FF D6=00000004 D7=00002000 XnzVC
00:6ABC  76 00  MOVEQ   #$00,D3                  A0=00006ABC A1=00C00000 A2=00007497 A3=00FF2CFE A4=00000100 A5=FFFF80C8 A6=00FF0BF0 A7=00FF0BDA D0=00000008 D1=00000780 D2=00000006 D3=0000FFFF D4=0000FFFF D5=000000FF D6=00000004 D7=00002004 xnzvc
00:6ABE  16 1A  MOVE.B  (A2)+,D3                 A0=00006ABC A1=00C00000 A2=00007497 A3=00FF2CFE A4=00000100 A5=FFFF80C8 A6=00FF0BF0 A7=00FF0BDA D0=00000008 D1=00000780 D2=00000006 D3=00000000 D4=0000FFFF D5=000000FF D6=00000004 D7=00002004 xnZvc
00:6AC0  1E 1A  MOVE.B  (A2)+,D7                 A0=00006ABC A1=00C00000 A2=00007498 A3=00FF2CFE A4=00000100 A5=FFFF80C8 A6=00FF0BF0 A7=00FF0BDA D0=00000008 D1=00000780 D2=00000006 D3=0000000F D4=0000FFFF D5=000000FF D6=00000004 D7=00002004 xnzvc
00:6AC2  61 00  BSR     #$001C [00:6AE0]         A0=00006ABC A1=00C00000 A2=00007499 A3=00FF2CFE A4=00000100 A5=FFFF80C8 A6=00FF0BF0 A7=00FF0BDA D0=00000008 D1=00000780 D2=00000006 D3=0000000F D4=0000FFFF D5=000000FF D6=00000004 D7=00002050 xnzvc
00:6B6C  1D 6E  MOVE.B  $FFF6(A6),$FFF4(A6)      A0=00006ABC A1=00C00000 A2=00007499 A3=00FF2CFE A4=00000100 A5=FFFF80C8 A6=00FF0BF0 A7=00FF0BD2 D0=0000001F D1=00000780 D2=00000006 D3=00000000 D4=0000FFFF D5=000000FF D6=00000004 D7=0000205F XNzvC
00:6B72  60 C6  BRA     #$C6 [00:6B3A]           A0=00006ABC A1=00C00000 A2=00007499 A3=00FF2CFE A4=00000100 A5=FFFF80C8 A6=00FF0BF0 A7=00FF0BD2 D0=0000001F D1=00000780 D2=00000006 D3=00000000 D4=0000FFFF D5=000000FF D6=00000004 D7=0000205F Xnzvc
00:6B3A  30 2E  MOVE.W  $FFFA(A6),D0             A0=00006ABC A1=00C00000 A2=00007499 A3=00FF2CFE A4=00000100 A5=FFFF80C8 A6=00FF0BF0 A7=00FF0BD2 D0=0000001F D1=00000780 D2=00000006 D3=00000000 D4=0000FFFF D5=000000FF D6=00000004 D7=0000205F Xnzvc
00:6B3E  32 2E  MOVE.W  $FFFC(A6),D1             A0=00006ABC A1=00C00000 A2=00007499 A3=00FF2CFE A4=00000100 A5=FFFF80C8 A6=00FF0BF0 A7=00FF0BD2 D0=00000000 D1=00000780 D2=00000006 D3=00000000 D4=0000FFFF D5=000000FF D6=00000004 D7=0000205F XnZvc
00:6B42  52 41  ADDQ.W  #1,D1                    A0=00006ABC A1=00C00000 A2=00007499 A3=00FF2CFE A4=00000100 A5=FFFF80C8 A6=00FF0BF0 A7=00FF0BD2 D0=00000000 D1=0000000F D2=00000006 D3=00000000 D4=0000FFFF D5=000000FF D6=00000004 D7=0000205F Xnzvc
00:6B44  B2 78  CMP.W   ($8A72),D1               A0=00006ABC A1=00C00000 A2=00007499 A3=00FF2CFE A4=00000100 A5=FFFF80C8 A6=00FF0BF0 A7=00FF0BD2 D0=00000000 D1=00000010 D2=00000006 D3=00000000 D4=0000FFFF D5=000000FF D6=00000004 D7=0000205F xnzvc
00:6B48  65 02  BCS     #$02 [00:6B4C]           A0=00006ABC A1=00C00000 A2=00007499 A3=00FF2CFE A4=00000100 A5=FFFF80C8 A6=00FF0BF0 A7=00FF0BD2 D0=00000000 D1=00000010 D2=00000006 D3=00000000 D4=0000FFFF D5=000000FF D6=00000004 D7=0000205F xNzvC
00:6B4C  3D 41  MOVE.W  D1,$FFFC(A6)             A0=00006ABC A1=00C00000 A2=00007499 A3=00FF2CFE A4=00000100 A5=FFFF80C8 A6=00FF0BF0 A7=00FF0BD2 D0=00000000 D1=00000010 D2=00000006 D3=00000000 D4=0000FFFF D5=000000FF D6=00000004 D7=0000205F xNzvC
00:6B50  3D 40  MOVE.W  D0,$FFFE(A6)             A0=00006ABC A1=00C00000 A2=00007499 A3=00FF2CFE A4=00000100 A5=FFFF80C8 A6=00FF0BF0 A7=00FF0BD2 D0=00000000 D1=00000010 D2=00000006 D3=00000000 D4=0000FFFF D5=000000FF D6=00000004 D7=0000205F xnzvc
00:6B54  61 00  BSR     #$FF46 [00:6A9C]         A0=00006ABC A1=00C00000 A2=00007499 A3=00FF2CFE A4=00000100 A5=FFFF80C8 A6=00FF0BF0 A7=00FF0BD2 D0=00000000 D1=00000010 D2=00000006 D3=00000000 D4=0000FFFF D5=000000FF D6=00000004 D7=0000205F xnZvc
00:6A9C  4E B8  JSR     ($05CA)                  A0=00006ABC A1=00C00000 A2=00007499 A3=00FF2CFE A4=00000100 A5=FFFF80C8 A6=00FF0BF0 A7=00FF0BCE D0=00000000 D1=00000010 D2=00000006 D3=00000000 D4=0000FFFF D5=000000FF D6=00000004 D7=0000205F xnZvc
00:05CA  D0 40  ADD.W   D0,D0                    A0=00006ABC A1=00C00000 A2=00007499 A3=00FF2CFE A4=00000100 A5=FFFF80C8 A6=00FF0BF0 A7=00FF0BCA D0=00000000 D1=00000010 D2=00000006 D3=00000000 D4=0000FFFF D5=000000FF D6=00000004 D7=0000205F xnZvc
00:05CC  D2 41  ADD.W   D1,D1                    A0=00006ABC A1=00C00000 A2=00007499 A3=00FF2CFE A4=00000100 A5=FFFF80C8 A6=00FF0BF0 A7=00FF0BCA D0=00000000 D1=00000010 D2=00000006 D3=00000000 D4=0000FFFF D5=000000FF D6=00000004 D7=0000205F xnZvc
00:05CE  14 38  MOVE.B  ($8A8A),D2               A0=00006ABC A1=00C00000 A2=00007499 A3=00FF2CFE A4=00000100 A5=FFFF80C8 A6=00FF0BF0 A7=00FF0BCA D0=00000000 D1=00000020 D2=00000006 D3=00000000 D4=0000FFFF D5=000000FF D6=00000004 D7=0000205F xnzvc
00:05D2  E5 61  ASL.W   D2,D1                    A0=00006ABC A1=00C00000 A2=00007499 A3=00FF2CFE A4=00000100 A5=FFFF80C8 A6=00FF0BF0 A7=00FF0BCA D0=00000000 D1=00000020 D2=00000006 D3=00000000 D4=0000FFFF D5=000000FF D6=00000004 D7=0000205F xnzvc
00:05D4  D0 41  ADD.W   D1,D0                    A0=00006ABC A1=00C00000 A2=00007499 A3=00FF2CFE A4=00000100 A5=FFFF80C8 A6=00FF0BF0 A7=00FF0BCA D0=00000000 D1=00000800 D2=00000006 D3=00000000 D4=0000FFFF D5=000000FF D6=00000004 D7=0000205F xnzvc
00:05D6  4E 75  RTS                              A0=00006ABC A1=00C00000 A2=00007499 A3=00FF2CFE A4=00000100 A5=FFFF80C8 A6=00FF0BF0 A7=00FF0BCA D0=00000800 D1=00000800 D2=00000006 D3=00000000 D4=0000FFFF D5=000000FF D6=00000004 D7=0000205F xnzvc
00:6AA0  D0 6E  ADD.W   $FFF2(A6),D0             A0=00006ABC A1=00C00000 A2=00007499 A3=00FF2CFE A4=00000100 A5=FFFF80C8 A6=00FF0BF0 A7=00FF0BCE D0=00000800 D1=00000800 D2=00000006 D3=00000000 D4=0000FFFF D5=000000FF D6=00000004 D7=0000205F xnzvc
00:6AA4  4E 75  RTS                              A0=00006ABC A1=00C00000 A2=00007499 A3=00FF2CFE A4=00000100 A5=FFFF80C8 A6=00FF0BF0 A7=00FF0BCE D0=0000E800 D1=00000800 D2=00000006 D3=00000000 D4=0000FFFF D5=000000FF D6=00000004 D7=0000205F xNzvc
00:6B58  4E B8  JSR     ($05A0)                  A0=00006ABC A1=00C00000 A2=00007499 A3=00FF2CFE A4=00000100 A5=FFFF80C8 A6=00FF0BF0 A7=00FF0BD2 D0=0000E800 D1=00000800 D2=00000006 D3=00000000 D4=0000FFFF D5=000000FF D6=00000004 D7=0000205F xNzvc
00:05A0  E5 80  ASL.L   #2,D0                    A0=00006ABC A1=00C00000 A2=00007499 A3=00FF2CFE A4=00000100 A5=FFFF80C8 A6=00FF0BF0 A7=00FF0BCE D0=0000E800 D1=00000800 D2=00000006 D3=00000000 D4=0000FFFF D5=000000FF D6=00000004 D7=0000205F xNzvc
00:05A2  E4 48  LSR.W   #2,D0                    A0=00006ABC A1=00C00000 A2=00007499 A3=00FF2CFE A4=00000100 A5=FFFF80C8 A6=00FF0BF0 A7=00FF0BCE D0=0003A000 D1=00000800 D2=00000006 D3=00000000 D4=0000FFFF D5=000000FF D6=00000004 D7=0000205F xnzvc
00:05A4  00 40  ORI.W   #$4000,D0                A0=00006ABC A1=00C00000 A2=00007499 A3=00FF2CFE A4=00000100 A5=FFFF80C8 A6=00FF0BF0 A7=00FF0BCE D0=00032800 D1=00000800 D2=00000006 D3=00000000 D4=0000FFFF D5=000000FF D6=00000004 D7=0000205F xnzvc
00:05A8  48 40  SWAP.W  D0                       A0=00006ABC A1=00C00000 A2=00007499 A3=00FF2CFE A4=00000100 A5=FFFF80C8 A6=00FF0BF0 A7=00FF0BCE D0=00036800 D1=00000800 D2=00000006 D3=00000000 D4=0000FFFF D5=000000FF D6=00000004 D7=0000205F xnzvc
00:05AA  02 40  ANDI.W  #$0003,D0                A0=00006ABC A1=00C00000 A2=00007499 A3=00FF2CFE A4=00000100 A5=FFFF80C8 A6=00FF0BF0 A7=00FF0BCE D0=68000003 D1=00000800 D2=00000006 D3=00000000 D4=0000FFFF D5=000000FF D6=00000004 D7=0000205F xnzvc
00:05AE  23 C0  MOVE.L  D0,($00C00004)           A0=00006ABC A1=00C00000 A2=00007499 A3=00FF2CFE A4=00000100 A5=FFFF80C8 A6=00FF0BF0 A7=00FF0BCE D0=68000003 D1=00000800 D2=00000006 D3=00000000 D4=0000FFFF D5=000000FF D6=00000004 D7=0000205F xnzvc
00:05B4  4E 75  RTS                              A0=00006ABC A1=00C00000 A2=00007499 A3=00FF2CFE A4=00000100 A5=FFFF80C8 A6=00FF0BF0 A7=00FF0BCE D0=68000003 D1=00000800 D2=00000006 D3=00000000 D4=0000FFFF D5=000000FF D6=00000004 D7=0000205F xnzvc
00:6B5C  43 F9  LEA     ($00C00000),A1           A0=00006ABC A1=00C00000 A2=00007499 A3=00FF2CFE A4=00000100 A5=FFFF80C8 A6=00FF0BF0 A7=00FF0BD2 D0=68000003 D1=00000800 D2=00000006 D3=00000000 D4=0000FFFF D5=000000FF D6=00000004 D7=0000205F xnzvc
00:6B62  4E 75  RTS                              A0=00006ABC A1=00C00000 A2=00007499 A3=00FF2CFE A4=00000100 A5=FFFF80C8 A6=00FF0BF0 A7=00FF0BD2 D0=68000003 D1=00000800 D2=00000006 D3=00000000 D4=0000FFFF D5=000000FF D6=00000004 D7=0000205F xnzvc
00:6AEA  4E 75  RTS                              A0=00006ABC A1=00C00000 A2=00007499 A3=00FF2CFE A4=00000100 A5=FFFF80C8 A6=00FF0BF0 A7=00FF0BD6 D0=68000003 D1=00000800 D2=00000006 D3=0000FFFF D4=0000FFFF D5=000000FF D6=00000004 D7=00002060 XNzvC
00:6AC6  4E 75  RTS                              A0=00006ABC A1=00C00000 A2=00007499 A3=00FF2CFE A4=00000100 A5=FFFF80C8 A6=00FF0BF0 A7=00FF0BDA D0=68000003 D1=00000800 D2=00000006 D3=0000FFFF D4=0000FFFF D5=000000FF D6=00000004 D7=00002060 XNzvC
00:6AA6  1E 1A  MOVE.B  (A2)+,D7                 A0=00006AA6 A1=00C00000 A2=0000749A A3=00FF2CFE A4=00000100 A5=FFFF80C8 A6=00FF0BF0 A7=00FF0BDA D0=00000004 D1=00000800 D2=00000006 D3=0000FFFF D4=0000FFFF D5=000000FF D6=00000004 D7=00002002 xnzvc
00:6AA8  E1 47  ASL.W   #8,D7                    A0=00006AA6 A1=00C00000 A2=0000749B A3=00FF2CFE A4=00000100 A5=FFFF80C8 A6=00FF0BF0 A7=00FF0BDA D0=00000004 D1=00000800 D2=00000006 D3=0000FFFF D4=0000FFFF D5=000000FF D6=00000004 D7=00002001 xnzvc
00:6AAA  4E 75  RTS                              A0=00006AA6 A1=00C00000 A2=0000749B A3=00FF2CFE A4=00000100 A5=FFFF80C8 A6=00FF0BF0 A7=00FF0BDA D0=00000004 D1=00000800 D2=00000006 D3=0000FFFF D4=0000FFFF D5=000000FF D6=00000004 D7=00000100 xnzVc
00:69C0  61 00  BSR     #$01A2 [00:6B64]         A0=00006AA6 A1=00C00000 A2=0000749C A3=00FF2CFE A4=00000100 A5=FFFF80C8 A6=00FF0BF0 A7=00FF0BDE D0=00000004 D1=00000800 D2=00000006 D3=0000FFFF D4=0000FFFF D5=000000FF D6=00000004 D7=000001CD xNzvc
00:69C4  60 F2  BRA     #$F2 [00:69B8]           A0=00006AA6 A1=00C00000 A2=0000749C A3=00FF2CFE A4=00000100 A5=FFFF80C8 A6=00FF0BF0 A7=00FF0BDE D0=00000001 D1=00000800 D2=00000006 D3=0000FFFF D4=0000FFFF D5=000000FF D6=00000004 D7=000001CD xnzvc
00:6ABC  76 00  MOVEQ   #$00,D3                  A0=00006ABC A1=00C00000 A2=0000749D A3=00FF2CFE A4=00000100 A5=FFFF80C8 A6=00FF0BF0 A7=00FF0BDA D0=00000008 D1=00000800 D2=00000006 D3=0000FFFF D4=0000FFFF D5=000000FF D6=00000004 D7=00000104 xnzvc
00:6ABE  16 1A  MOVE.B  (A2)+,D3                 A0=00006ABC A1=00C00000 A2=0000749D A3=00FF2CFE A4=00000100 A5=FFFF80C8 A6=00FF0BF0 A7=00FF0BDA D0=00000008 D1=00000800 D2=00000006 D3=00000000 D4=0000FFFF D5=000000FF D6=00000004 D7=00000104 xnZvc
00:6AC0  1E 1A  MOVE.B  (A2)+,D7                 A0=00006ABC A1=00C00000 A2=0000749E A3=00FF2CFE A4=00000100 A5=FFFF80C8 A6=00FF0BF0 A7=00FF0BDA D0=00000008 D1=00000800 D2=00000006 D3=0000000C D4=0000FFFF D5=000000FF D6=00000004 D7=00000104 xnzvc
00:6AC2  61 00  BSR     #$001C [00:6AE0]         A0=00006ABC A1=00C00000 A2=0000749F A3=00FF2CFE A4=00000100 A5=FFFF80C8 A6=00FF0BF0 A7=00FF0BDA D0=00000008 D1=00000800 D2=00000006 D3=0000000C D4=0000FFFF D5=000000FF D6=00000004 D7=00000101 xnzvc
00:6AEA  4E 75  RTS                              A0=00006ABC A1=00C00000 A2=0000749F A3=00FF2CFE A4=00000100 A5=FFFF80C8 A6=00FF0BF0 A7=00FF0BD6 D0=0000000E D1=00000800 D2=00000006 D3=0000FFFF D4=0000FFFF D5=000000FF D6=00000004 D7=0000010E XNzvC
00:6AC6  4E 75  RTS                              A0=00006ABC A1=00C00000 A2=0000749F A3=00FF2CFE A4=00000100 A5=FFFF80C8 A6=00FF0BF0 A7=00FF0BDA D0=0000000E D1=00000800 D2=00000006 D3=0000FFFF D4=0000FFFF D5=000000FF D6=00000004 D7=0000010E XNzvC
00:6AA6  1E 1A  MOVE.B  (A2)+,D7                 A0=00006AA6 A1=00C00000 A2=000074A0 A3=00FF2CFE A4=00000100 A5=FFFF80C8 A6=00FF0BF0 A7=00FF0BDA D0=00000004 D1=00000800 D2=00000006 D3=0000FFFF D4=0000FFFF D5=000000FF D6=00000004 D7=00000102 xnzvc
00:6AA8  E1 47  ASL.W   #8,D7                    A0=00006AA6 A1=00C00000 A2=000074A1 A3=00FF2CFE A4=00000100 A5=FFFF80C8 A6=00FF0BF0 A7=00FF0BDA D0=00000004 D1=00000800 D2=00000006 D3=0000FFFF D4=0000FFFF D5=000000FF D6=00000004 D7=00000121 xnzvc
00:6AAA  4E 75  RTS                              A0=00006AA6 A1=00C00000 A2=000074A1 A3=00FF2CFE A4=00000100 A5=FFFF80C8 A6=00FF0BF0 A7=00FF0BDA D0=00000004 D1=00000800 D2=00000006 D3=0000FFFF D4=0000FFFF D5=000000FF D6=00000004 D7=00002100 XnzVC
00:6B06  1E 1A  MOVE.B  (A2)+,D7                 A0=00006B06 A1=00C00000 A2=000074A2 A3=00FF2CFE A4=00000100 A5=FFFF80C8 A6=00FF0BF0 A7=00FF0BDA D0=0000000E D1=00000800 D2=00000006 D3=0000FFFF D4=0000FFFF D5=000000FF D6=00000004 D7=00002107 xnzvc
00:6B08  61 00  BSR     #$005A [00:6B64]         A0=00006B06 A1=00C00000 A2=000074A3 A3=00FF2CFE A4=00000100 A5=FFFF80C8 A6=00FF0BF0 A7=00FF0BDA D0=0000000E D1=00000800 D2=00000006 D3=0000FFFF D4=0000FFFF D5=000000FF D6=00000004 D7=0000210E xnzvc
00:6B0C  4E 75  RTS                              A0=00006B06 A1=00C00000 A2=000074A3 A3=00FF2CFE A4=00000100 A5=FFFF80C8 A6=00FF0BF0 A7=00FF0BDA D0=0000000F D1=00000800 D2=00000006 D3=0000FFFF D4=0000FFFF D5=000000FF D6=00000004 D7=0000210E xnzvc
00:6B06  1E 1A  MOVE.B  (A2)+,D7                 A0=00006B06 A1=00C00000 A2=000074A4 A3=00FF2CFE A4=00000100 A5=FFFF80C8 A6=00FF0BF0 A7=00FF0BDA D0=0000000E D1=00000800 D2=00000006 D3=0000FFFF D4=0000FFFF D5=000000FF D6=00000004 D7=00002107 xnzvc
00:6B08  61 00  BSR     #$005A [00:6B64]         A0=00006B06 A1=00C00000 A2=000074A5 A3=00FF2CFE A4=00000100 A5=FFFF80C8 A6=00FF0BF0 A7=00FF0BDA D0=0000000E D1=00000800 D2=00000006 D3=0000FFFF D4=0000FFFF D5=000000FF D6=00000004 D7=0000210F xnzvc
00:6B0C  4E 75  RTS                              A0=00006B06 A1=00C00000 A2=000074A5 A3=00FF2CFE A4=00000100 A5=FFFF80C8 A6=00FF0BF0 A7=00FF0BDA D0=00000010 D1=00000800 D2=00000006 D3=0000FFFF D4=0000FFFF D5=000000FF D6=00000004 D7=0000210F xnzvc
00:6AA6  1E 1A  MOVE.B  (A2)+,D7                 A0=00006AA6 A1=00C00000 A2=000074A6 A3=00FF2CFE A4=00000100 A5=FFFF80C8 A6=00FF0BF0 A7=00FF0BDA D0=00000004 D1=00000800 D2=00000006 D3=0000FFFF D4=0000FFFF D5=000000FF D6=00000004 D7=00002102 xnzvc
00:6AA8  E1 47  ASL.W   #8,D7                    A0=00006AA6 A1=00C00000 A2=000074A7 A3=00FF2CFE A4=00000100 A5=FFFF80C8 A6=00FF0BF0 A7=00FF0BDA D0=00000004 D1=00000800 D2=00000006 D3=0000FFFF D4=0000FFFF D5=000000FF D6=00000004 D7=00002120 xnzvc
00:6AAA  4E 75  RTS                              A0=00006AA6 A1=00C00000 A2=000074A7 A3=00FF2CFE A4=00000100 A5=FFFF80C8 A6=00FF0BF0 A7=00FF0BDA D0=00000004 D1=00000800 D2=00000006 D3=0000FFFF D4=0000FFFF D5=000000FF D6=00000004 D7=00002000 XnzVC
00:6ABC  76 00  MOVEQ   #$00,D3                  A0=00006ABC A1=00C00000 A2=000074A8 A3=00FF2CFE A4=00000100 A5=FFFF80C8 A6=00FF0BF0 A7=00FF0BDA D0=00000008 D1=00000800 D2=00000006 D3=0000FFFF D4=0000FFFF D5=000000FF D6=00000004 D7=00002004 xnzvc
00:6ABE  16 1A  MOVE.B  (A2)+,D3                 A0=00006ABC A1=00C00000 A2=000074A8 A3=00FF2CFE A4=00000100 A5=FFFF80C8 A6=00FF0BF0 A7=00FF0BDA D0=00000008 D1=00000800 D2=00000006 D3=00000000 D4=0000FFFF D5=000000FF D6=00000004 D7=00002004 xnZvc
00:6AC0  1E 1A  MOVE.B  (A2)+,D7                 A0=00006ABC A1=00C00000 A2=000074A9 A3=00FF2CFE A4=00000100 A5=FFFF80C8 A6=00FF0BF0 A7=00FF0BDA D0=00000008 D1=00000800 D2=00000006 D3=00000002 D4=0000FFFF D5=000000FF D6=00000004 D7=00002004 xnzvc
00:6AC2  61 00  BSR     #$001C [00:6AE0]         A0=00006ABC A1=00C00000 A2=000074AA A3=00FF2CFE A4=00000100 A5=FFFF80C8 A6=00FF0BF0 A7=00FF0BDA D0=00000008 D1=00000800 D2=00000006 D3=00000002 D4=0000FFFF D5=000000FF D6=00000004 D7=00002060 xnzvc
00:6AEA  4E 75  RTS                              A0=00006ABC A1=00C00000 A2=000074AA A3=00FF2CFE A4=00000100 A5=FFFF80C8 A6=00FF0BF0 A7=00FF0BD6 D0=00000013 D1=00000800 D2=00000006 D3=0000FFFF D4=0000FFFF D5=000000FF D6=00000004 D7=00002063 XNzvC
00:6AC6  4E 75  RTS                              A0=00006ABC A1=00C00000 A2=000074AA A3=00FF2CFE A4=00000100 A5=FFFF80C8 A6=00FF0BF0 A7=00FF0BDA D0=00000013 D1=00000800 D2=00000006 D3=0000FFFF D4=0000FFFF D5=000000FF D6=00000004 D7=00002063 XNzvC
00:6AA6  1E 1A  MOVE.B  (A2)+,D7                 A0=00006AA6 A1=00C00000 A2=000074AB A3=00FF2CFE A4=00000100 A5=FFFF80C8 A6=00FF0BF0 A7=00FF0BDA D0=00000004 D1=00000800 D2=00000006 D3=0000FFFF D4=0000FFFF D5=000000FF D6=00000004 D7=00002002 xnzvc
00:6AA8  E1 47  ASL.W   #8,D7                    A0=00006AA6 A1=00C00000 A2=000074AC A3=00FF2CFE A4=00000100 A5=FFFF80C8 A6=00FF0BF0 A7=00FF0BDA D0=00000004 D1=00000800 D2=00000006 D3=0000FFFF D4=0000FFFF D5=000000FF D6=00000004 D7=00002000 xnZvc
00:6AAA  4E 75  RTS                              A0=00006AA6 A1=00C00000 A2=000074AC A3=00FF2CFE A4=00000100 A5=FFFF80C8 A6=00FF0BF0 A7=00FF0BDA D0=00000004 D1=00000800 D2=00000006 D3=0000FFFF D4=0000FFFF D5=000000FF D6=00000004 D7=00000000 xnZVc
00:6ABC  76 00  MOVEQ   #$00,D3                  A0=00006ABC A1=00C00000 A2=000074AD A3=00FF2CFE A4=00000100 A5=FFFF80C8 A6=00FF0BF0 A7=00FF0BDA D0=00000008 D1=00000800 D2=00000006 D3=0000FFFF D4=0000FFFF D5=000000FF D6=00000004 D7=00000004 xnzvc
00:6ABE  16 1A  MOVE.B  (A2)+,D3                 A0=00006ABC A1=00C00000 A2=000074AD A3=00FF2CFE A4=00000100 A5=FFFF80C8 A6=00FF0BF0 A7=00FF0BDA D0=00000008 D1=00000800 D2=00000006 D3=00000000 D4=0000FFFF D5=000000FF D6=00000004 D7=00000004 xnZvc
00:6AC0  1E 1A  MOVE.B  (A2)+,D7                 A0=00006ABC A1=00C00000 A2=000074AE A3=00FF2CFE A4=00000100 A5=FFFF80C8 A6=00FF0BF0 A7=00FF0BDA D0=00000008 D1=00000800 D2=00000006 D3=00000003 D4=0000FFFF D5=000000FF D6=00000004 D7=00000004 xnzvc
00:6AC2  61 00  BSR     #$001C [00:6AE0]         A0=00006ABC A1=00C00000 A2=000074AF A3=00FF2CFE A4=00000100 A5=FFFF80C8 A6=00FF0BF0 A7=00FF0BDA D0=00000008 D1=00000800 D2=00000006 D3=00000003 D4=0000FFFF D5=000000FF D6=00000004 D7=00000063 xnzvc
00:6AEA  4E 75  RTS                              A0=00006ABC A1=00C00000 A2=000074AF A3=00FF2CFE A4=00000100 A5=FFFF80C8 A6=00FF0BF0 A7=00FF0BD6 D0=00000017 D1=00000800 D2=00000006 D3=0000FFFF D4=0000FFFF D5=000000FF D6=00000004 D7=00000067 XNzvC
00:6AC6  4E 75  RTS                              A0=00006ABC A1=00C00000 A2=000074AF A3=00FF2CFE A4=00000100 A5=FFFF80C8 A6=00FF0BF0 A7=00FF0BDA D0=00000017 D1=00000800 D2=00000006 D3=0000FFFF D4=0000FFFF D5=000000FF D6=00000004 D7=00000067 XNzvC
00:6AA6  1E 1A  MOVE.B  (A2)+,D7                 A0=00006AA6 A1=00C00000 A2=000074B0 A3=00FF2CFE A4=00000100 A5=FFFF80C8 A6=00FF0BF0 A7=00FF0BDA D0=00000004 D1=00000800 D2=00000006 D3=0000FFFF D4=0000FFFF D5=000000FF D6=00000004 D7=00000002 xnzvc
00:6AA8  E1 47  ASL.W   #8,D7                    A0=00006AA6 A1=00C00000 A2=000074B1 A3=00FF2CFE A4=00000100 A5=FFFF80C8 A6=00FF0BF0 A7=00FF0BDA D0=00000004 D1=00000800 D2=00000006 D3=0000FFFF D4=0000FFFF D5=000000FF D6=00000004 D7=00000020 xnzvc
00:6AAA  4E 75  RTS                              A0=00006AA6 A1=00C00000 A2=000074B1 A3=00FF2CFE A4=00000100 A5=FFFF80C8 A6=00FF0BF0 A7=00FF0BDA D0=00000004 D1=00000800 D2=00000006 D3=0000FFFF D4=0000FFFF D5=000000FF D6=00000004 D7=00002000 xnzvc
00:6ABC  76 00  MOVEQ   #$00,D3                  A0=00006ABC A1=00C00000 A2=000074B2 A3=00FF2CFE A4=00000100 A5=FFFF80C8 A6=00FF0BF0 A7=00FF0BDA D0=00000008 D1=00000800 D2=00000006 D3=0000FFFF D4=0000FFFF D5=000000FF D6=00000004 D7=00002004 xnzvc
00:6ABE  16 1A  MOVE.B  (A2)+,D3                 A0=00006ABC A1=00C00000 A2=000074B2 A3=00FF2CFE A4=00000100 A5=FFFF80C8 A6=00FF0BF0 A7=00FF0BDA D0=00000008 D1=00000800 D2=00000006 D3=00000000 D4=0000FFFF D5=000000FF D6=00000004 D7=00002004 xnZvc
00:6AC0  1E 1A  MOVE.B  (A2)+,D7                 A0=00006ABC A1=00C00000 A2=000074B3 A3=00FF2CFE A4=00000100 A5=FFFF80C8 A6=00FF0BF0 A7=00FF0BDA D0=00000008 D1=00000800 D2=00000006 D3=00000008 D4=0000FFFF D5=000000FF D6=00000004 D7=00002004 xnzvc
00:6AC2  61 00  BSR     #$001C [00:6AE0]         A0=00006ABC A1=00C00000 A2=000074B4 A3=00FF2CFE A4=00000100 A5=FFFF80C8 A6=00FF0BF0 A7=00FF0BDA D0=00000008 D1=00000800 D2=00000006 D3=00000008 D4=0000FFFF D5=000000FF D6=00000004 D7=00002067 xnzvc
00:6B6C  1D 6E  MOVE.B  $FFF6(A6),$FFF4(A6)      A0=00006ABC A1=00C00000 A2=000074B4 A3=00FF2CFE A4=00000100 A5=FFFF80C8 A6=00FF0BF0 A7=00FF0BD2 D0=0000001F D1=00000800 D2=00000006 D3=00000000 D4=0000FFFF D5=000000FF D6=00000004 D7=0000206F XNzvC
00:6B72  60 C6  BRA     #$C6 [00:6B3A]           A0=00006ABC A1=00C00000 A2=000074B4 A3=00FF2CFE A4=00000100 A5=FFFF80C8 A6=00FF0BF0 A7=00FF0BD2 D0=0000001F D1=00000800 D2=00000006 D3=00000000 D4=0000FFFF D5=000000FF D6=00000004 D7=0000206F Xnzvc
00:6B3A  30 2E  MOVE.W  $FFFA(A6),D0             A0=00006ABC A1=00C00000 A2=000074B4 A3=00FF2CFE A4=00000100 A5=FFFF80C8 A6=00FF0BF0 A7=00FF0BD2 D0=0000001F D1=00000800 D2=00000006 D3=00000000 D4=0000FFFF D5=000000FF D6=00000004 D7=0000206F Xnzvc
00:6B3E  32 2E  MOVE.W  $FFFC(A6),D1             A0=00006ABC A1=00C00000 A2=000074B4 A3=00FF2CFE A4=00000100 A5=FFFF80C8 A6=00FF0BF0 A7=00FF0BD2 D0=00000000 D1=00000800 D2=00000006 D3=00000000 D4=0000FFFF D5=000000FF D6=00000004 D7=0000206F XnZvc
00:6B42  52 41  ADDQ.W  #1,D1                    A0=00006ABC A1=00C00000 A2=000074B4 A3=00FF2CFE A4=00000100 A5=FFFF80C8 A6=00FF0BF0 A7=00FF0BD2 D0=00000000 D1=00000010 D2=00000006 D3=00000000 D4=0000FFFF D5=000000FF D6=00000004 D7=0000206F Xnzvc
00:6B44  B2 78  CMP.W   ($8A72),D1               A0=00006ABC A1=00C00000 A2=000074B4 A3=00FF2CFE A4=00000100 A5=FFFF80C8 A6=00FF0BF0 A7=00FF0BD2 D0=00000000 D1=00000011 D2=00000006 D3=00000000 D4=0000FFFF D5=000000FF D6=00000004 D7=0000206F xnzvc
00:6B48  65 02  BCS     #$02 [00:6B4C]           A0=00006ABC A1=00C00000 A2=000074B4 A3=00FF2CFE A4=00000100 A5=FFFF80C8 A6=00FF0BF0 A7=00FF0BD2 D0=00000000 D1=00000011 D2=00000006 D3=00000000 D4=0000FFFF D5=000000FF D6=00000004 D7=0000206F xNzvC
00:6B4C  3D 41  MOVE.W  D1,$FFFC(A6)             A0=00006ABC A1=00C00000 A2=000074B4 A3=00FF2CFE A4=00000100 A5=FFFF80C8 A6=00FF0BF0 A7=00FF0BD2 D0=00000000 D1=00000011 D2=00000006 D3=00000000 D4=0000FFFF D5=000000FF D6=00000004 D7=0000206F xNzvC
00:6B50  3D 40  MOVE.W  D0,$FFFE(A6)             A0=00006ABC A1=00C00000 A2=000074B4 A3=00FF2CFE A4=00000100 A5=FFFF80C8 A6=00FF0BF0 A7=00FF0BD2 D0=00000000 D1=00000011 D2=00000006 D3=00000000 D4=0000FFFF D5=000000FF D6=00000004 D7=0000206F xnzvc
00:6B54  61 00  BSR     #$FF46 [00:6A9C]         A0=00006ABC A1=00C00000 A2=000074B4 A3=00FF2CFE A4=00000100 A5=FFFF80C8 A6=00FF0BF0 A7=00FF0BD2 D0=00000000 D1=00000011 D2=00000006 D3=00000000 D4=0000FFFF D5=000000FF D6=00000004 D7=0000206F xnZvc
00:6A9C  4E B8  JSR     ($05CA)                  A0=00006ABC A1=00C00000 A2=000074B4 A3=00FF2CFE A4=00000100 A5=FFFF80C8 A6=00FF0BF0 A7=00FF0BCE D0=00000000 D1=00000011 D2=00000006 D3=00000000 D4=0000FFFF D5=000000FF D6=00000004 D7=0000206F xnZvc
00:05CA  D0 40  ADD.W   D0,D0                    A0=00006ABC A1=00C00000 A2=000074B4 A3=00FF2CFE A4=00000100 A5=FFFF80C8 A6=00FF0BF0 A7=00FF0BCA D0=00000000 D1=00000011 D2=00000006 D3=00000000 D4=0000FFFF D5=000000FF D6=00000004 D7=0000206F xnZvc
00:05CC  D2 41  ADD.W   D1,D1                    A0=00006ABC A1=00C00000 A2=000074B4 A3=00FF2CFE A4=00000100 A5=FFFF80C8 A6=00FF0BF0 A7=00FF0BCA D0=00000000 D1=00000011 D2=00000006 D3=00000000 D4=0000FFFF D5=000000FF D6=00000004 D7=0000206F xnZvc
00:05CE  14 38  MOVE.B  ($8A8A),D2               A0=00006ABC A1=00C00000 A2=000074B4 A3=00FF2CFE A4=00000100 A5=FFFF80C8 A6=00FF0BF0 A7=00FF0BCA D0=00000000 D1=00000022 D2=00000006 D3=00000000 D4=0000FFFF D5=000000FF D6=00000004 D7=0000206F xnzvc
00:05D2  E5 61  ASL.W   D2,D1                    A0=00006ABC A1=00C00000 A2=000074B4 A3=00FF2CFE A4=00000100 A5=FFFF80C8 A6=00FF0BF0 A7=00FF0BCA D0=00000000 D1=00000022 D2=00000006 D3=00000000 D4=0000FFFF D5=000000FF D6=00000004 D7=0000206F xnzvc
00:05D4  D0 41  ADD.W   D1,D0                    A0=00006ABC A1=00C00000 A2=000074B4 A3=00FF2CFE A4=00000100 A5=FFFF80C8 A6=00FF0BF0 A7=00FF0BCA D0=00000000 D1=00000880 D2=00000006 D3=00000000 D4=0000FFFF D5=000000FF D6=00000004 D7=0000206F xnzvc
00:05D6  4E 75  RTS                              A0=00006ABC A1=00C00000 A2=000074B4 A3=00FF2CFE A4=00000100 A5=FFFF80C8 A6=00FF0BF0 A7=00FF0BCA D0=00000880 D1=00000880 D2=00000006 D3=00000000 D4=0000FFFF D5=000000FF D6=00000004 D7=0000206F xnzvc
00:6AA0  D0 6E  ADD.W   $FFF2(A6),D0             A0=00006ABC A1=00C00000 A2=000074B4 A3=00FF2CFE A4=00000100 A5=FFFF80C8 A6=00FF0BF0 A7=00FF0BCE D0=00000880 D1=00000880 D2=00000006 D3=00000000 D4=0000FFFF D5=000000FF D6=00000004 D7=0000206F xnzvc
00:6AA4  4E 75  RTS                              A0=00006ABC A1=00C00000 A2=000074B4 A3=00FF2CFE A4=00000100 A5=FFFF80C8 A6=00FF0BF0 A7=00FF0BCE D0=0000E880 D1=00000880 D2=00000006 D3=00000000 D4=0000FFFF D5=000000FF D6=00000004 D7=0000206F xNzvc
00:6B58  4E B8  JSR     ($05A0)                  A0=00006ABC A1=00C00000 A2=000074B4 A3=00FF2CFE A4=00000100 A5=FFFF80C8 A6=00FF0BF0 A7=00FF0BD2 D0=0000E880 D1=00000880 D2=00000006 D3=00000000 D4=0000FFFF D5=000000FF D6=00000004 D7=0000206F xNzvc
00:05A0  E5 80  ASL.L   #2,D0                    A0=00006ABC A1=00C00000 A2=000074B4 A3=00FF2CFE A4=00000100 A5=FFFF80C8 A6=00FF0BF0 A7=00FF0BCE D0=0000E880 D1=00000880 D2=00000006 D3=00000000 D4=0000FFFF D5=000000FF D6=00000004 D7=0000206F xNzvc
00:05A2  E4 48  LSR.W   #2,D0                    A0=00006ABC A1=00C00000 A2=000074B4 A3=00FF2CFE A4=00000100 A5=FFFF80C8 A6=00FF0BF0 A7=00FF0BCE D0=0003A200 D1=00000880 D2=00000006 D3=00000000 D4=0000FFFF D5=000000FF D6=00000004 D7=0000206F xnzvc
00:05A4  00 40  ORI.W   #$4000,D0                A0=00006ABC A1=00C00000 A2=000074B4 A3=00FF2CFE A4=00000100 A5=FFFF80C8 A6=00FF0BF0 A7=00FF0BCE D0=00032880 D1=00000880 D2=00000006 D3=00000000 D4=0000FFFF D5=000000FF D6=00000004 D7=0000206F xnzvc
00:05A8  48 40  SWAP.W  D0                       A0=00006ABC A1=00C00000 A2=000074B4 A3=00FF2CFE A4=00000100 A5=FFFF80C8 A6=00FF0BF0 A7=00FF0BCE D0=00036880 D1=00000880 D2=00000006 D3=00000000 D4=0000FFFF D5=000000FF D6=00000004 D7=0000206F xnzvc
00:05AA  02 40  ANDI.W  #$0003,D0                A0=00006ABC A1=00C00000 A2=000074B4 A3=00FF2CFE A4=00000100 A5=FFFF80C8 A6=00FF0BF0 A7=00FF0BCE D0=68800003 D1=00000880 D2=00000006 D3=00000000 D4=0000FFFF D5=000000FF D6=00000004 D7=0000206F xnzvc
00:05AE  23 C0  MOVE.L  D0,($00C00004)           A0=00006ABC A1=00C00000 A2=000074B4 A3=00FF2CFE A4=00000100 A5=FFFF80C8 A6=00FF0BF0 A7=00FF0BCE D0=68800003 D1=00000880 D2=00000006 D3=00000000 D4=0000FFFF D5=000000FF D6=00000004 D7=0000206F xnzvc
00:05B4  4E 75  RTS                              A0=00006ABC A1=00C00000 A2=000074B4 A3=00FF2CFE A4=00000100 A5=FFFF80C8 A6=00FF0BF0 A7=00FF0BCE D0=68800003 D1=00000880 D2=00000006 D3=00000000 D4=0000FFFF D5=000000FF D6=00000004 D7=0000206F xnzvc
00:6B5C  43 F9  LEA     ($00C00000),A1           A0=00006ABC A1=00C00000 A2=000074B4 A3=00FF2CFE A4=00000100 A5=FFFF80C8 A6=00FF0BF0 A7=00FF0BD2 D0=68800003 D1=00000880 D2=00000006 D3=00000000 D4=0000FFFF D5=000000FF D6=00000004 D7=0000206F xnzvc
00:6B62  4E 75  RTS                              A0=00006ABC A1=00C00000 A2=000074B4 A3=00FF2CFE A4=00000100 A5=FFFF80C8 A6=00FF0BF0 A7=00FF0BD2 D0=68800003 D1=00000880 D2=00000006 D3=00000000 D4=0000FFFF D5=000000FF D6=00000004 D7=0000206F xnzvc
00:6AEA  4E 75  RTS                              A0=00006ABC A1=00C00000 A2=000074B4 A3=00FF2CFE A4=00000100 A5=FFFF80C8 A6=00FF0BF0 A7=00FF0BD6 D0=68800003 D1=00000880 D2=00000006 D3=0000FFFF D4=0000FFFF D5=000000FF D6=00000004 D7=00002070 XNzvC
00:6AC6  4E 75  RTS                              A0=00006ABC A1=00C00000 A2=000074B4 A3=00FF2CFE A4=00000100 A5=FFFF80C8 A6=00FF0BF0 A7=00FF0BDA D0=68800003 D1=00000880 D2=00000006 D3=0000FFFF D4=0000FFFF D5=000000FF D6=00000004 D7=00002070 XNzvC
00:6ABC  76 00  MOVEQ   #$00,D3                  A0=00006ABC A1=00C00000 A2=000074B7 A3=00FF2CFE A4=00000100 A5=FFFF80C8 A6=00FF0BF0 A7=00FF0BDA D0=00000008 D1=00000880 D2=00000006 D3=0000FFFF D4=0000FFFF D5=000000FF D6=00000004 D7=00000104 xnzvc
00:6ABE  16 1A  MOVE.B  (A2)+,D3                 A0=00006ABC A1=00C00000 A2=000074B7 A3=00FF2CFE A4=00000100 A5=FFFF80C8 A6=00FF0BF0 A7=00FF0BDA D0=00000008 D1=00000880 D2=00000006 D3=00000000 D4=0000FFFF D5=000000FF D6=00000004 D7=00000104 xnZvc
00:6AC0  1E 1A  MOVE.B  (A2)+,D7                 A0=00006ABC A1=00C00000 A2=000074B8 A3=00FF2CFE A4=00000100 A5=FFFF80C8 A6=00FF0BF0 A7=00FF0BDA D0=00000008 D1=00000880 D2=00000006 D3=0000000D D4=0000FFFF D5=000000FF D6=00000004 D7=00000104 xnzvc
00:6AC2  61 00  BSR     #$001C [00:6AE0]         A0=00006ABC A1=00C00000 A2=000074B9 A3=00FF2CFE A4=00000100 A5=FFFF80C8 A6=00FF0BF0 A7=00FF0BDA D0=00000008 D1=00000880 D2=00000006 D3=0000000D D4=0000FFFF D5=000000FF D6=00000004 D7=00000110 xnzvc
00:6AEA  4E 75  RTS                              A0=00006ABC A1=00C00000 A2=000074B9 A3=00FF2CFE A4=00000100 A5=FFFF80C8 A6=00FF0BF0 A7=00FF0BD6 D0=0000000E D1=00000880 D2=00000006 D3=0000FFFF D4=0000FFFF D5=000000FF D6=00000004 D7=0000011E XNzvC
00:6AC6  4E 75  RTS                              A0=00006ABC A1=00C00000 A2=000074B9 A3=00FF2CFE A4=00000100 A5=FFFF80C8 A6=00FF0BF0 A7=00FF0BDA D0=0000000E D1=00000880 D2=00000006 D3=0000FFFF D4=0000FFFF D5=000000FF D6=00000004 D7=0000011E XNzvC
00:69C0  61 00  BSR     #$01A2 [00:6B64]         A0=00006AA6 A1=00C00000 A2=000074BC A3=00FF2CFE A4=00000100 A5=FFFF80C8 A6=00FF0BF0 A7=00FF0BDE D0=00000004 D1=00000880 D2=00000006 D3=0000FFFF D4=0000FFFF D5=000000FF D6=00000004 D7=0000211E Xnzvc
00:69C4  60 F2  BRA     #$F2 [00:69B8]           A0=00006AA6 A1=00C00000 A2=000074BC A3=00FF2CFE A4=00000100 A5=FFFF80C8 A6=00FF0BF0 A7=00FF0BDE D0=0000000F D1=00000880 D2=00000006 D3=0000FFFF D4=0000FFFF D5=000000FF D6=00000004 D7=0000211E xnzvc
00:69C0  61 00  BSR     #$01A2 [00:6B64]         A0=00006AA6 A1=00C00000 A2=000074BD A3=00FF2CFE A4=00000100 A5=FFFF80C8 A6=00FF0BF0 A7=00FF0BDE D0=0000000F D1=00000880 D2=00000006 D3=0000FFFF D4=0000FFFF D5=000000FF D6=00000004 D7=0000211F xnzvc
00:69C4  60 F2  BRA     #$F2 [00:69B8]           A0=00006AA6 A1=00C00000 A2=000074BD A3=00FF2CFE A4=00000100 A5=FFFF80C8 A6=00FF0BF0 A7=00FF0BDE D0=00000010 D1=00000880 D2=00000006 D3=0000FFFF D4=0000FFFF D5=000000FF D6=00000004 D7=0000211F xnzvc
00:6ABC  76 00  MOVEQ   #$00,D3                  A0=00006ABC A1=00C00000 A2=000074C0 A3=00FF2CFE A4=00000100 A5=FFFF80C8 A6=00FF0BF0 A7=00FF0BDA D0=00000008 D1=00000880 D2=00000006 D3=0000FFFF D4=0000FFFF D5=000000FF D6=00000004 D7=00002004 xnzvc
00:6ABE  16 1A  MOVE.B  (A2)+,D3                 A0=00006ABC A1=00C00000 A2=000074C0 A3=00FF2CFE A4=00000100 A5=FFFF80C8 A6=00FF0BF0 A7=00FF0BDA D0=00000008 D1=00000880 D2=00000006 D3=00000000 D4=0000FFFF D5=000000FF D6=00000004 D7=00002004 xnZvc
00:6AC0  1E 1A  MOVE.B  (A2)+,D7                 A0=00006ABC A1=00C00000 A2=000074C1 A3=00FF2CFE A4=00000100 A5=FFFF80C8 A6=00FF0BF0 A7=00FF0BDA D0=00000008 D1=00000880 D2=00000006 D3=00000002 D4=0000FFFF D5=000000FF D6=00000004 D7=00002004 xnzvc
00:6AC2  61 00  BSR     #$001C [00:6AE0]         A0=00006ABC A1=00C00000 A2=000074C2 A3=00FF2CFE A4=00000100 A5=FFFF80C8 A6=00FF0BF0 A7=00FF0BDA D0=00000008 D1=00000880 D2=00000006 D3=00000002 D4=0000FFFF D5=000000FF D6=00000004 D7=00002070 xnzvc
00:6AEA  4E 75  RTS                              A0=00006ABC A1=00C00000 A2=000074C2 A3=00FF2CFE A4=00000100 A5=FFFF80C8 A6=00FF0BF0 A7=00FF0BD6 D0=00000013 D1=00000880 D2=00000006 D3=0000FFFF D4=0000FFFF D5=000000FF D6=00000004 D7=00002073 XNzvC
00:6AC6  4E 75  RTS                              A0=00006ABC A1=00C00000 A2=000074C2 A3=00FF2CFE A4=00000100 A5=FFFF80C8 A6=00FF0BF0 A7=00FF0BDA D0=00000013 D1=00000880 D2=00000006 D3=0000FFFF D4=0000FFFF D5=000000FF D6=00000004 D7=00002073 XNzvC
00:6ABC  76 00  MOVEQ   #$00,D3                  A0=00006ABC A1=00C00000 A2=000074C5 A3=00FF2CFE A4=00000100 A5=FFFF80C8 A6=00FF0BF0 A7=00FF0BDA D0=00000008 D1=00000880 D2=00000006 D3=0000FFFF D4=0000FFFF D5=000000FF D6=00000004 D7=00000004 xnzvc
00:6ABE  16 1A  MOVE.B  (A2)+,D3                 A0=00006ABC A1=00C00000 A2=000074C5 A3=00FF2CFE A4=00000100 A5=FFFF80C8 A6=00FF0BF0 A7=00FF0BDA D0=00000008 D1=00000880 D2=00000006 D3=00000000 D4=0000FFFF D5=000000FF D6=00000004 D7=00000004 xnZvc
00:6AC0  1E 1A  MOVE.B  (A2)+,D7                 A0=00006ABC A1=00C00000 A2=000074C6 A3=00FF2CFE A4=00000100 A5=FFFF80C8 A6=00FF0BF0 A7=00FF0BDA D0=00000008 D1=00000880 D2=00000006 D3=00000003 D4=0000FFFF D5=000000FF D6=00000004 D7=00000004 xnzvc
00:6AC2  61 00  BSR     #$001C [00:6AE0]         A0=00006ABC A1=00C00000 A2=000074C7 A3=00FF2CFE A4=00000100 A5=FFFF80C8 A6=00FF0BF0 A7=00FF0BDA D0=00000008 D1=00000880 D2=00000006 D3=00000003 D4=0000FFFF D5=000000FF D6=00000004 D7=00000073 xnzvc
00:6AEA  4E 75  RTS                              A0=00006ABC A1=00C00000 A2=000074C7 A3=00FF2CFE A4=00000100 A5=FFFF80C8 A6=00FF0BF0 A7=00FF0BD6 D0=00000017 D1=00000880 D2=00000006 D3=0000FFFF D4=0000FFFF D5=000000FF D6=00000004 D7=00000077 XNzvC
00:6AC6  4E 75  RTS                              A0=00006ABC A1=00C00000 A2=000074C7 A3=00FF2CFE A4=00000100 A5=FFFF80C8 A6=00FF0BF0 A7=00FF0BDA D0=00000017 D1=00000880 D2=00000006 D3=0000FFFF D4=0000FFFF D5=000000FF D6=00000004 D7=00000077 XNzvC
00:6ABC  76 00  MOVEQ   #$00,D3                  A0=00006ABC A1=00C00000 A2=000074CA A3=00FF2CFE A4=00000100 A5=FFFF80C8 A6=00FF0BF0 A7=00FF0BDA D0=00000008 D1=00000880 D2=00000006 D3=0000FFFF D4=0000FFFF D5=000000FF D6=00000004 D7=00002004 xnzvc
00:6ABE  16 1A  MOVE.B  (A2)+,D3                 A0=00006ABC A1=00C00000 A2=000074CA A3=00FF2CFE A4=00000100 A5=FFFF80C8 A6=00FF0BF0 A7=00FF0BDA D0=00000008 D1=00000880 D2=00000006 D3=00000000 D4=0000FFFF D5=000000FF D6=00000004 D7=00002004 xnZvc
00:6AC0  1E 1A  MOVE.B  (A2)+,D7                 A0=00006ABC A1=00C00000 A2=000074CB A3=00FF2CFE A4=00000100 A5=FFFF80C8 A6=00FF0BF0 A7=00FF0BDA D0=00000008 D1=00000880 D2=00000006 D3=00000008 D4=0000FFFF D5=000000FF D6=00000004 D7=00002004 xnzvc
00:6AC2  61 00  BSR     #$001C [00:6AE0]         A0=00006ABC A1=00C00000 A2=000074CC A3=00FF2CFE A4=00000100 A5=FFFF80C8 A6=00FF0BF0 A7=00FF0BDA D0=00000008 D1=00000880 D2=00000006 D3=00000008 D4=0000FFFF D5=000000FF D6=00000004 D7=00002077 xnzvc
00:6B6C  1D 6E  MOVE.B  $FFF6(A6),$FFF4(A6)      A0=00006ABC A1=00C00000 A2=000074CC A3=00FF2CFE A4=00000100 A5=FFFF80C8 A6=00FF0BF0 A7=00FF0BD2 D0=0000001F D1=00000880 D2=00000006 D3=00000000 D4=0000FFFF D5=000000FF D6=00000004 D7=0000207F XNzvC
00:4B5C  52 39  ADDQ.B  #1,($FFFF8A49)           A0=00006ABC A1=00C00000 A2=000074CC A3=00FF2CFE A4=00000100 A5=FFFF80C8 A6=00FF0BF0 A7=00FF0BCC D0=0000001F D1=00000880 D2=00000006 D3=00000000 D4=0000FFFF D5=000000FF D6=00000004 D7=0000207F Xnzvc
00:4B62  00 38  ORI.B   #$01,($8006)             A0=00006ABC A1=00C00000 A2=000074CC A3=00FF2CFE A4=00000100 A5=FFFF80C8 A6=00FF0BF0 A7=00FF0BCC D0=0000001F D1=00000880 D2=00000006 D3=00000000 D4=0000FFFF D5=000000FF D6=00000004 D7=0000207F xnzvc
00:4B68  4E 73  RTE                              A0=00006ABC A1=00C00000 A2=000074CC A3=00FF2CFE A4=00000100 A5=FFFF80C8 A6=00FF0BF0 A7=00FF0BCC D0=0000001F D1=00000880 D2=00000006 D3=00000000 D4=0000FFFF D5=000000FF D6=00000004 D7=0000207F xnzvc
00:6B72  60 C6  BRA     #$C6 [00:6B3A]           A0=00006ABC A1=00C00000 A2=000074CC A3=00FF2CFE A4=00000100 A5=FFFF80C8 A6=00FF0BF0 A7=00FF0BD2 D0=0000001F D1=00000880 D2=00000006 D3=00000000 D4=0000FFFF D5=000000FF D6=00000004 D7=0000207F xnzvc
00:6B3A  30 2E  MOVE.W  $FFFA(A6),D0             A0=00006ABC A1=00C00000 A2=000074CC A3=00FF2CFE A4=00000100 A5=FFFF80C8 A6=00FF0BF0 A7=00FF0BD2 D0=0000001F D1=00000880 D2=00000006 D3=00000000 D4=0000FFFF D5=000000FF D6=00000004 D7=0000207F Xnzvc
00:6B3E  32 2E  MOVE.W  $FFFC(A6),D1             A0=00006ABC A1=00C00000 A2=000074CC A3=00FF2CFE A4=00000100 A5=FFFF80C8 A6=00FF0BF0 A7=00FF0BD2 D0=00000000 D1=00000880 D2=00000006 D3=00000000 D4=0000FFFF D5=000000FF D6=00000004 D7=0000207F XnZvc
00:6B42  52 41  ADDQ.W  #1,D1                    A0=00006ABC A1=00C00000 A2=000074CC A3=00FF2CFE A4=00000100 A5=FFFF80C8 A6=00FF0BF0 A7=00FF0BD2 D0=00000000 D1=00000011 D2=00000006 D3=00000000 D4=0000FFFF D5=000000FF D6=00000004 D7=0000207F Xnzvc
00:6B44  B2 78  CMP.W   ($8A72),D1               A0=00006ABC A1=00C00000 A2=000074CC A3=00FF2CFE A4=00000100 A5=FFFF80C8 A6=00FF0BF0 A7=00FF0BD2 D0=00000000 D1=00000012 D2=00000006 D3=00000000 D4=0000FFFF D5=000000FF D6=00000004 D7=0000207F xnzvc
00:6B48  65 02  BCS     #$02 [00:6B4C]           A0=00006ABC A1=00C00000 A2=000074CC A3=00FF2CFE A4=00000100 A5=FFFF80C8 A6=00FF0BF0 A7=00FF0BD2 D0=00000000 D1=00000012 D2=00000006 D3=00000000 D4=0000FFFF D5=000000FF D6=00000004 D7=0000207F xNzvC
00:6B4C  3D 41  MOVE.W  D1,$FFFC(A6)             A0=00006ABC A1=00C00000 A2=000074CC A3=00FF2CFE A4=00000100 A5=FFFF80C8 A6=00FF0BF0 A7=00FF0BD2 D0=00000000 D1=00000012 D2=00000006 D3=00000000 D4=0000FFFF D5=000000FF D6=00000004 D7=0000207F xNzvC
00:6B50  3D 40  MOVE.W  D0,$FFFE(A6)             A0=00006ABC A1=00C00000 A2=000074CC A3=00FF2CFE A4=00000100 A5=FFFF80C8 A6=00FF0BF0 A7=00FF0BD2 D0=00000000 D1=00000012 D2=00000006 D3=00000000 D4=0000FFFF D5=000000FF D6=00000004 D7=0000207F xnzvc
00:6B54  61 00  BSR     #$FF46 [00:6A9C]         A0=00006ABC A1=00C00000 A2=000074CC A3=00FF2CFE A4=00000100 A5=FFFF80C8 A6=00FF0BF0 A7=00FF0BD2 D0=00000000 D1=00000012 D2=00000006 D3=00000000 D4=0000FFFF D5=000000FF D6=00000004 D7=0000207F xnZvc
00:6A9C  4E B8  JSR     ($05CA)                  A0=00006ABC A1=00C00000 A2=000074CC A3=00FF2CFE A4=00000100 A5=FFFF80C8 A6=00FF0BF0 A7=00FF0BCE D0=00000000 D1=00000012 D2=00000006 D3=00000000 D4=0000FFFF D5=000000FF D6=00000004 D7=0000207F xnZvc
00:05CA  D0 40  ADD.W   D0,D0                    A0=00006ABC A1=00C00000 A2=000074CC A3=00FF2CFE A4=00000100 A5=FFFF80C8 A6=00FF0BF0 A7=00FF0BCA D0=00000000 D1=00000012 D2=00000006 D3=00000000 D4=0000FFFF D5=000000FF D6=00000004 D7=0000207F xnZvc
00:05CC  D2 41  ADD.W   D1,D1                    A0=00006ABC A1=00C00000 A2=000074CC A3=00FF2CFE A4=00000100 A5=FFFF80C8 A6=00FF0BF0 A7=00FF0BCA D0=00000000 D1=00000012 D2=00000006 D3=00000000 D4=0000FFFF D5=000000FF D6=00000004 D7=0000207F xnZvc
00:05CE  14 38  MOVE.B  ($8A8A),D2               A0=00006ABC A1=00C00000 A2=000074CC A3=00FF2CFE A4=00000100 A5=FFFF80C8 A6=00FF0BF0 A7=00FF0BCA D0=00000000 D1=00000024 D2=00000006 D3=00000000 D4=0000FFFF D5=000000FF D6=00000004 D7=0000207F xnzvc
00:05D2  E5 61  ASL.W   D2,D1                    A0=00006ABC A1=00C00000 A2=000074CC A3=00FF2CFE A4=00000100 A5=FFFF80C8 A6=00FF0BF0 A7=00FF0BCA D0=00000000 D1=00000024 D2=00000006 D3=00000000 D4=0000FFFF D5=000000FF D6=00000004 D7=0000207F xnzvc
00:05D4  D0 41  ADD.W   D1,D0                    A0=00006ABC A1=00C00000 A2=000074CC A3=00FF2CFE A4=00000100 A5=FFFF80C8 A6=00FF0BF0 A7=00FF0BCA D0=00000000 D1=00000900 D2=00000006 D3=00000000 D4=0000FFFF D5=000000FF D6=00000004 D7=0000207F xnzvc
00:05D6  4E 75  RTS                              A0=00006ABC A1=00C00000 A2=000074CC A3=00FF2CFE A4=00000100 A5=FFFF80C8 A6=00FF0BF0 A7=00FF0BCA D0=00000900 D1=00000900 D2=00000006 D3=00000000 D4=0000FFFF D5=000000FF D6=00000004 D7=0000207F xnzvc
00:6AA0  D0 6E  ADD.W   $FFF2(A6),D0             A0=00006ABC A1=00C00000 A2=000074CC A3=00FF2CFE A4=00000100 A5=FFFF80C8 A6=00FF0BF0 A7=00FF0BCE D0=00000900 D1=00000900 D2=00000006 D3=00000000 D4=0000FFFF D5=000000FF D6=00000004 D7=0000207F xnzvc
00:6AA4  4E 75  RTS                              A0=00006ABC A1=00C00000 A2=000074CC A3=00FF2CFE A4=00000100 A5=FFFF80C8 A6=00FF0BF0 A7=00FF0BCE D0=0000E900 D1=00000900 D2=00000006 D3=00000000 D4=0000FFFF D5=000000FF D6=00000004 D7=0000207F xNzvc
00:6B58  4E B8  JSR     ($05A0)                  A0=00006ABC A1=00C00000 A2=000074CC A3=00FF2CFE A4=00000100 A5=FFFF80C8 A6=00FF0BF0 A7=00FF0BD2 D0=0000E900 D1=00000900 D2=00000006 D3=00000000 D4=0000FFFF D5=000000FF D6=00000004 D7=0000207F xNzvc
00:05A0  E5 80  ASL.L   #2,D0                    A0=00006ABC A1=00C00000 A2=000074CC A3=00FF2CFE A4=00000100 A5=FFFF80C8 A6=00FF0BF0 A7=00FF0BCE D0=0000E900 D1=00000900 D2=00000006 D3=00000000 D4=0000FFFF D5=000000FF D6=00000004 D7=0000207F xNzvc
00:05A2  E4 48  LSR.W   #2,D0                    A0=00006ABC A1=00C00000 A2=000074CC A3=00FF2CFE A4=00000100 A5=FFFF80C8 A6=00FF0BF0 A7=00FF0BCE D0=0003A400 D1=00000900 D2=00000006 D3=00000000 D4=0000FFFF D5=000000FF D6=00000004 D7=0000207F xnzvc
00:05A4  00 40  ORI.W   #$4000,D0                A0=00006ABC A1=00C00000 A2=000074CC A3=00FF2CFE A4=00000100 A5=FFFF80C8 A6=00FF0BF0 A7=00FF0BCE D0=00032900 D1=00000900 D2=00000006 D3=00000000 D4=0000FFFF D5=000000FF D6=00000004 D7=0000207F xnzvc
00:05A8  48 40  SWAP.W  D0                       A0=00006ABC A1=00C00000 A2=000074CC A3=00FF2CFE A4=00000100 A5=FFFF80C8 A6=00FF0BF0 A7=00FF0BCE D0=00036900 D1=00000900 D2=00000006 D3=00000000 D4=0000FFFF D5=000000FF D6=00000004 D7=0000207F xnzvc
00:05AA  02 40  ANDI.W  #$0003,D0                A0=00006ABC A1=00C00000 A2=000074CC A3=00FF2CFE A4=00000100 A5=FFFF80C8 A6=00FF0BF0 A7=00FF0BCE D0=69000003 D1=00000900 D2=00000006 D3=00000000 D4=0000FFFF D5=000000FF D6=00000004 D7=0000207F xnzvc
00:05AE  23 C0  MOVE.L  D0,($00C00004)           A0=00006ABC A1=00C00000 A2=000074CC A3=00FF2CFE A4=00000100 A5=FFFF80C8 A6=00FF0BF0 A7=00FF0BCE D0=69000003 D1=00000900 D2=00000006 D3=00000000 D4=0000FFFF D5=000000FF D6=00000004 D7=0000207F xnzvc
00:05B4  4E 75  RTS                              A0=00006ABC A1=00C00000 A2=000074CC A3=00FF2CFE A4=00000100 A5=FFFF80C8 A6=00FF0BF0 A7=00FF0BCE D0=69000003 D1=00000900 D2=00000006 D3=00000000 D4=0000FFFF D5=000000FF D6=00000004 D7=0000207F xnzvc
00:6B5C  43 F9  LEA     ($00C00000),A1           A0=00006ABC A1=00C00000 A2=000074CC A3=00FF2CFE A4=00000100 A5=FFFF80C8 A6=00FF0BF0 A7=00FF0BD2 D0=69000003 D1=00000900 D2=00000006 D3=00000000 D4=0000FFFF D5=000000FF D6=00000004 D7=0000207F xnzvc
00:6B62  4E 75  RTS                              A0=00006ABC A1=00C00000 A2=000074CC A3=00FF2CFE A4=00000100 A5=FFFF80C8 A6=00FF0BF0 A7=00FF0BD2 D0=69000003 D1=00000900 D2=00000006 D3=00000000 D4=0000FFFF D5=000000FF D6=00000004 D7=0000207F xnzvc
00:6AEA  4E 75  RTS                              A0=00006ABC A1=00C00000 A2=000074CC A3=00FF2CFE A4=00000100 A5=FFFF80C8 A6=00FF0BF0 A7=00FF0BD6 D0=69000003 D1=00000900 D2=00000006 D3=0000FFFF D4=0000FFFF D5=000000FF D6=00000004 D7=00002080 XNzvC
00:6AC6  4E 75  RTS                              A0=00006ABC A1=00C00000 A2=000074CC A3=00FF2CFE A4=00000100 A5=FFFF80C8 A6=00FF0BF0 A7=00FF0BDA D0=69000003 D1=00000900 D2=00000006 D3=0000FFFF D4=0000FFFF D5=000000FF D6=00000004 D7=00002080 XNzvC
00:6ABC  76 00  MOVEQ   #$00,D3                  A0=00006ABC A1=00C00000 A2=000074CF A3=00FF2CFE A4=00000100 A5=FFFF80C8 A6=00FF0BF0 A7=00FF0BDA D0=00000008 D1=00000900 D2=00000006 D3=0000FFFF D4=0000FFFF D5=000000FF D6=00000004 D7=00000104 xnzvc
00:6ABE  16 1A  MOVE.B  (A2)+,D3                 A0=00006ABC A1=00C00000 A2=000074CF A3=00FF2CFE A4=00000100 A5=FFFF80C8 A6=00FF0BF0 A7=00FF0BDA D0=00000008 D1=00000900 D2=00000006 D3=00000000 D4=0000FFFF D5=000000FF D6=00000004 D7=00000104 xnZvc
00:6AC0  1E 1A  MOVE.B  (A2)+,D7                 A0=00006ABC A1=00C00000 A2=000074D0 A3=00FF2CFE A4=00000100 A5=FFFF80C8 A6=00FF0BF0 A7=00FF0BDA D0=00000008 D1=00000900 D2=00000006 D3=0000000D D4=0000FFFF D5=000000FF D6=00000004 D7=00000104 xnzvc
00:6AC2  61 00  BSR     #$001C [00:6AE0]         A0=00006ABC A1=00C00000 A2=000074D1 A3=00FF2CFE A4=00000100 A5=FFFF80C8 A6=00FF0BF0 A7=00FF0BDA D0=00000008 D1=00000900 D2=00000006 D3=0000000D D4=0000FFFF D5=000000FF D6=00000004 D7=00000120 xnzvc
00:6AEA  4E 75  RTS                              A0=00006ABC A1=00C00000 A2=000074D1 A3=00FF2CFE A4=00000100 A5=FFFF80C8 A6=00FF0BF0 A7=00FF0BD6 D0=0000000E D1=00000900 D2=00000006 D3=0000FFFF D4=0000FFFF D5=000000FF D6=00000004 D7=0000012E XNzvC
00:6AC6  4E 75  RTS                              A0=00006ABC A1=00C00000 A2=000074D1 A3=00FF2CFE A4=00000100 A5=FFFF80C8 A6=00FF0BF0 A7=00FF0BDA D0=0000000E D1=00000900 D2=00000006 D3=0000FFFF D4=0000FFFF D5=000000FF D6=00000004 D7=0000012E XNzvC
00:69C0  61 00  BSR     #$01A2 [00:6B64]         A0=00006AA6 A1=00C00000 A2=000074D4 A3=00FF2CFE A4=00000100 A5=FFFF80C8 A6=00FF0BF0 A7=00FF0BDE D0=00000004 D1=00000900 D2=00000006 D3=0000FFFF D4=0000FFFF D5=000000FF D6=00000004 D7=0000212E Xnzvc
00:69C4  60 F2  BRA     #$F2 [00:69B8]           A0=00006AA6 A1=00C00000 A2=000074D4 A3=00FF2CFE A4=00000100 A5=FFFF80C8 A6=00FF0BF0 A7=00FF0BDE D0=0000000F D1=00000900 D2=00000006 D3=0000FFFF D4=0000FFFF D5=000000FF D6=00000004 D7=0000212E xnzvc
00:69C0  61 00  BSR     #$01A2 [00:6B64]         A0=00006AA6 A1=00C00000 A2=000074D5 A3=00FF2CFE A4=00000100 A5=FFFF80C8 A6=00FF0BF0 A7=00FF0BDE D0=0000000F D1=00000900 D2=00000006 D3=0000FFFF D4=0000FFFF D5=000000FF D6=00000004 D7=0000212F xnzvc
00:69C4  60 F2  BRA     #$F2 [00:69B8]           A0=00006AA6 A1=00C00000 A2=000074D5 A3=00FF2CFE A4=00000100 A5=FFFF80C8 A6=00FF0BF0 A7=00FF0BDE D0=00000010 D1=00000900 D2=00000006 D3=0000FFFF D4=0000FFFF D5=000000FF D6=00000004 D7=0000212F xnzvc
00:6ABC  76 00  MOVEQ   #$00,D3                  A0=00006ABC A1=00C00000 A2=000074D8 A3=00FF2CFE A4=00000100 A5=FFFF80C8 A6=00FF0BF0 A7=00FF0BDA D0=00000008 D1=00000900 D2=00000006 D3=0000FFFF D4=0000FFFF D5=000000FF D6=00000004 D7=00002004 xnzvc
00:6ABE  16 1A  MOVE.B  (A2)+,D3                 A0=00006ABC A1=00C00000 A2=000074D8 A3=00FF2CFE A4=00000100 A5=FFFF80C8 A6=00FF0BF0 A7=00FF0BDA D0=00000008 D1=00000900 D2=00000006 D3=00000000 D4=0000FFFF D5=000000FF D6=00000004 D7=00002004 xnZvc
00:6AC0  1E 1A  MOVE.B  (A2)+,D7                 A0=00006ABC A1=00C00000 A2=000074D9 A3=00FF2CFE A4=00000100 A5=FFFF80C8 A6=00FF0BF0 A7=00FF0BDA D0=00000008 D1=00000900 D2=00000006 D3=0000000F D4=0000FFFF D5=000000FF D6=00000004 D7=00002004 xnzvc
00:6AC2  61 00  BSR     #$001C [00:6AE0]         A0=00006ABC A1=00C00000 A2=000074DA A3=00FF2CFE A4=00000100 A5=FFFF80C8 A6=00FF0BF0 A7=00FF0BDA D0=00000008 D1=00000900 D2=00000006 D3=0000000F D4=0000FFFF D5=000000FF D6=00000004 D7=00002080 xNzvc
00:6B6C  1D 6E  MOVE.B  $FFF6(A6),$FFF4(A6)      A0=00006ABC A1=00C00000 A2=000074DA A3=00FF2CFE A4=00000100 A5=FFFF80C8 A6=00FF0BF0 A7=00FF0BD2 D0=0000001F D1=00000900 D2=00000006 D3=00000000 D4=0000FFFF D5=000000FF D6=00000004 D7=0000208F XNzvC
00:6B72  60 C6  BRA     #$C6 [00:6B3A]           A0=00006ABC A1=00C00000 A2=000074DA A3=00FF2CFE A4=00000100 A5=FFFF80C8 A6=00FF0BF0 A7=00FF0BD2 D0=0000001F D1=00000900 D2=00000006 D3=00000000 D4=0000FFFF D5=000000FF D6=00000004 D7=0000208F Xnzvc
00:6B3A  30 2E  MOVE.W  $FFFA(A6),D0             A0=00006ABC A1=00C00000 A2=000074DA A3=00FF2CFE A4=00000100 A5=FFFF80C8 A6=00FF0BF0 A7=00FF0BD2 D0=0000001F D1=00000900 D2=00000006 D3=00000000 D4=0000FFFF D5=000000FF D6=00000004 D7=0000208F Xnzvc
00:6B3E  32 2E  MOVE.W  $FFFC(A6),D1             A0=00006ABC A1=00C00000 A2=000074DA A3=00FF2CFE A4=00000100 A5=FFFF80C8 A6=00FF0BF0 A7=00FF0BD2 D0=00000000 D1=00000900 D2=00000006 D3=00000000 D4=0000FFFF D5=000000FF D6=00000004 D7=0000208F XnZvc
00:6B42  52 41  ADDQ.W  #1,D1                    A0=00006ABC A1=00C00000 A2=000074DA A3=00FF2CFE A4=00000100 A5=FFFF80C8 A6=00FF0BF0 A7=00FF0BD2 D0=00000000 D1=00000012 D2=00000006 D3=00000000 D4=0000FFFF D5=000000FF D6=00000004 D7=0000208F Xnzvc
00:6B44  B2 78  CMP.W   ($8A72),D1               A0=00006ABC A1=00C00000 A2=000074DA A3=00FF2CFE A4=00000100 A5=FFFF80C8 A6=00FF0BF0 A7=00FF0BD2 D0=00000000 D1=00000013 D2=00000006 D3=00000000 D4=0000FFFF D5=000000FF D6=00000004 D7=0000208F xnzvc
00:6B48  65 02  BCS     #$02 [00:6B4C]           A0=00006ABC A1=00C00000 A2=000074DA A3=00FF2CFE A4=00000100 A5=FFFF80C8 A6=00FF0BF0 A7=00FF0BD2 D0=00000000 D1=00000013 D2=00000006 D3=00000000 D4=0000FFFF D5=000000FF D6=00000004 D7=0000208F xNzvC
00:6B4C  3D 41  MOVE.W  D1,$FFFC(A6)             A0=00006ABC A1=00C00000 A2=000074DA A3=00FF2CFE A4=00000100 A5=FFFF80C8 A6=00FF0BF0 A7=00FF0BD2 D0=00000000 D1=00000013 D2=00000006 D3=00000000 D4=0000FFFF D5=000000FF D6=00000004 D7=0000208F xNzvC
00:6B50  3D 40  MOVE.W  D0,$FFFE(A6)             A0=00006ABC A1=00C00000 A2=000074DA A3=00FF2CFE A4=00000100 A5=FFFF80C8 A6=00FF0BF0 A7=00FF0BD2 D0=00000000 D1=00000013 D2=00000006 D3=00000000 D4=0000FFFF D5=000000FF D6=00000004 D7=0000208F xnzvc
00:6B54  61 00  BSR     #$FF46 [00:6A9C]         A0=00006ABC A1=00C00000 A2=000074DA A3=00FF2CFE A4=00000100 A5=FFFF80C8 A6=00FF0BF0 A7=00FF0BD2 D0=00000000 D1=00000013 D2=00000006 D3=00000000 D4=0000FFFF D5=000000FF D6=00000004 D7=0000208F xnZvc
00:6A9C  4E B8  JSR     ($05CA)                  A0=00006ABC A1=00C00000 A2=000074DA A3=00FF2CFE A4=00000100 A5=FFFF80C8 A6=00FF0BF0 A7=00FF0BCE D0=00000000 D1=00000013 D2=00000006 D3=00000000 D4=0000FFFF D5=000000FF D6=00000004 D7=0000208F xnZvc
00:05CA  D0 40  ADD.W   D0,D0                    A0=00006ABC A1=00C00000 A2=000074DA A3=00FF2CFE A4=00000100 A5=FFFF80C8 A6=00FF0BF0 A7=00FF0BCA D0=00000000 D1=00000013 D2=00000006 D3=00000000 D4=0000FFFF D5=000000FF D6=00000004 D7=0000208F xnZvc
00:05CC  D2 41  ADD.W   D1,D1                    A0=00006ABC A1=00C00000 A2=000074DA A3=00FF2CFE A4=00000100 A5=FFFF80C8 A6=00FF0BF0 A7=00FF0BCA D0=00000000 D1=00000013 D2=00000006 D3=00000000 D4=0000FFFF D5=000000FF D6=00000004 D7=0000208F xnZvc
00:05CE  14 38  MOVE.B  ($8A8A),D2               A0=00006ABC A1=00C00000 A2=000074DA A3=00FF2CFE A4=00000100 A5=FFFF80C8 A6=00FF0BF0 A7=00FF0BCA D0=00000000 D1=00000026 D2=00000006 D3=00000000 D4=0000FFFF D5=000000FF D6=00000004 D7=0000208F xnzvc
00:05D2  E5 61  ASL.W   D2,D1                    A0=00006ABC A1=00C00000 A2=000074DA A3=00FF2CFE A4=00000100 A5=FFFF80C8 A6=00FF0BF0 A7=00FF0BCA D0=00000000 D1=00000026 D2=00000006 D3=00000000 D4=0000FFFF D5=000000FF D6=00000004 D7=0000208F xnzvc
00:05D4  D0 41  ADD.W   D1,D0                    A0=00006ABC A1=00C00000 A2=000074DA A3=00FF2CFE A4=00000100 A5=FFFF80C8 A6=00FF0BF0 A7=00FF0BCA D0=00000000 D1=00000980 D2=00000006 D3=00000000 D4=0000FFFF D5=000000FF D6=00000004 D7=0000208F xnzvc
00:05D6  4E 75  RTS                              A0=00006ABC A1=00C00000 A2=000074DA A3=00FF2CFE A4=00000100 A5=FFFF80C8 A6=00FF0BF0 A7=00FF0BCA D0=00000980 D1=00000980 D2=00000006 D3=00000000 D4=0000FFFF D5=000000FF D6=00000004 D7=0000208F xnzvc
00:6AA0  D0 6E  ADD.W   $FFF2(A6),D0             A0=00006ABC A1=00C00000 A2=000074DA A3=00FF2CFE A4=00000100 A5=FFFF80C8 A6=00FF0BF0 A7=00FF0BCE D0=00000980 D1=00000980 D2=00000006 D3=00000000 D4=0000FFFF D5=000000FF D6=00000004 D7=0000208F xnzvc
00:6AA4  4E 75  RTS                              A0=00006ABC A1=00C00000 A2=000074DA A3=00FF2CFE A4=00000100 A5=FFFF80C8 A6=00FF0BF0 A7=00FF0BCE D0=0000E980 D1=00000980 D2=00000006 D3=00000000 D4=0000FFFF D5=000000FF D6=00000004 D7=0000208F xNzvc
00:6B58  4E B8  JSR     ($05A0)                  A0=00006ABC A1=00C00000 A2=000074DA A3=00FF2CFE A4=00000100 A5=FFFF80C8 A6=00FF0BF0 A7=00FF0BD2 D0=0000E980 D1=00000980 D2=00000006 D3=00000000 D4=0000FFFF D5=000000FF D6=00000004 D7=0000208F xNzvc
00:05A0  E5 80  ASL.L   #2,D0                    A0=00006ABC A1=00C00000 A2=000074DA A3=00FF2CFE A4=00000100 A5=FFFF80C8 A6=00FF0BF0 A7=00FF0BCE D0=0000E980 D1=00000980 D2=00000006 D3=00000000 D4=0000FFFF D5=000000FF D6=00000004 D7=0000208F xNzvc
00:05A2  E4 48  LSR.W   #2,D0                    A0=00006ABC A1=00C00000 A2=000074DA A3=00FF2CFE A4=00000100 A5=FFFF80C8 A6=00FF0BF0 A7=00FF0BCE D0=0003A600 D1=00000980 D2=00000006 D3=00000000 D4=0000FFFF D5=000000FF D6=00000004 D7=0000208F xnzvc
00:05A4  00 40  ORI.W   #$4000,D0                A0=00006ABC A1=00C00000 A2=000074DA A3=00FF2CFE A4=00000100 A5=FFFF80C8 A6=00FF0BF0 A7=00FF0BCE D0=00032980 D1=00000980 D2=00000006 D3=00000000 D4=0000FFFF D5=000000FF D6=00000004 D7=0000208F xnzvc
00:05A8  48 40  SWAP.W  D0                       A0=00006ABC A1=00C00000 A2=000074DA A3=00FF2CFE A4=00000100 A5=FFFF80C8 A6=00FF0BF0 A7=00FF0BCE D0=00036980 D1=00000980 D2=00000006 D3=00000000 D4=0000FFFF D5=000000FF D6=00000004 D7=0000208F xnzvc
00:05AA  02 40  ANDI.W  #$0003,D0                A0=00006ABC A1=00C00000 A2=000074DA A3=00FF2CFE A4=00000100 A5=FFFF80C8 A6=00FF0BF0 A7=00FF0BCE D0=69800003 D1=00000980 D2=00000006 D3=00000000 D4=0000FFFF D5=000000FF D6=00000004 D7=0000208F xnzvc
00:05AE  23 C0  MOVE.L  D0,($00C00004)           A0=00006ABC A1=00C00000 A2=000074DA A3=00FF2CFE A4=00000100 A5=FFFF80C8 A6=00FF0BF0 A7=00FF0BCE D0=69800003 D1=00000980 D2=00000006 D3=00000000 D4=0000FFFF D5=000000FF D6=00000004 D7=0000208F xnzvc
00:05B4  4E 75  RTS                              A0=00006ABC A1=00C00000 A2=000074DA A3=00FF2CFE A4=00000100 A5=FFFF80C8 A6=00FF0BF0 A7=00FF0BCE D0=69800003 D1=00000980 D2=00000006 D3=00000000 D4=0000FFFF D5=000000FF D6=00000004 D7=0000208F xnzvc
00:6B5C  43 F9  LEA     ($00C00000),A1           A0=00006ABC A1=00C00000 A2=000074DA A3=00FF2CFE A4=00000100 A5=FFFF80C8 A6=00FF0BF0 A7=00FF0BD2 D0=69800003 D1=00000980 D2=00000006 D3=00000000 D4=0000FFFF D5=000000FF D6=00000004 D7=0000208F xnzvc
00:6B62  4E 75  RTS                              A0=00006ABC A1=00C00000 A2=000074DA A3=00FF2CFE A4=00000100 A5=FFFF80C8 A6=00FF0BF0 A7=00FF0BD2 D0=69800003 D1=00000980 D2=00000006 D3=00000000 D4=0000FFFF D5=000000FF D6=00000004 D7=0000208F xnzvc
00:6AEA  4E 75  RTS                              A0=00006ABC A1=00C00000 A2=000074DA A3=00FF2CFE A4=00000100 A5=FFFF80C8 A6=00FF0BF0 A7=00FF0BD6 D0=69800003 D1=00000980 D2=00000006 D3=0000FFFF D4=0000FFFF D5=000000FF D6=00000004 D7=00002090 XNzvC
00:6AC6  4E 75  RTS                              A0=00006ABC A1=00C00000 A2=000074DA A3=00FF2CFE A4=00000100 A5=FFFF80C8 A6=00FF0BF0 A7=00FF0BDA D0=69800003 D1=00000980 D2=00000006 D3=0000FFFF D4=0000FFFF D5=000000FF D6=00000004 D7=00002090 XNzvC
00:6ABC  76 00  MOVEQ   #$00,D3                  A0=00006ABC A1=00C00000 A2=000074DD A3=00FF2CFE A4=00000100 A5=FFFF80C8 A6=00FF0BF0 A7=00FF0BDA D0=00000008 D1=00000980 D2=00000006 D3=0000FFFF D4=0000FFFF D5=000000FF D6=00000004 D7=00000104 xnzvc
00:6ABE  16 1A  MOVE.B  (A2)+,D3                 A0=00006ABC A1=00C00000 A2=000074DD A3=00FF2CFE A4=00000100 A5=FFFF80C8 A6=00FF0BF0 A7=00FF0BDA D0=00000008 D1=00000980 D2=00000006 D3=00000000 D4=0000FFFF D5=000000FF D6=00000004 D7=00000104 xnZvc
00:6AC0  1E 1A  MOVE.B  (A2)+,D7                 A0=00006ABC A1=00C00000 A2=000074DE A3=00FF2CFE A4=00000100 A5=FFFF80C8 A6=00FF0BF0 A7=00FF0BDA D0=00000008 D1=00000980 D2=00000006 D3=0000000D D4=0000FFFF D5=000000FF D6=00000004 D7=00000104 xnzvc
00:6AC2  61 00  BSR     #$001C [00:6AE0]         A0=00006ABC A1=00C00000 A2=000074DF A3=00FF2CFE A4=00000100 A5=FFFF80C8 A6=00FF0BF0 A7=00FF0BDA D0=00000008 D1=00000980 D2=00000006 D3=0000000D D4=0000FFFF D5=000000FF D6=00000004 D7=00000130 xnzvc
00:6AEA  4E 75  RTS                              A0=00006ABC A1=00C00000 A2=000074DF A3=00FF2CFE A4=00000100 A5=FFFF80C8 A6=00FF0BF0 A7=00FF0BD6 D0=0000000E D1=00000980 D2=00000006 D3=0000FFFF D4=0000FFFF D5=000000FF D6=00000004 D7=0000013E XNzvC
00:6AC6  4E 75  RTS                              A0=00006ABC A1=00C00000 A2=000074DF A3=00FF2CFE A4=00000100 A5=FFFF80C8 A6=00FF0BF0 A7=00FF0BDA D0=0000000E D1=00000980 D2=00000006 D3=0000FFFF D4=0000FFFF D5=000000FF D6=00000004 D7=0000013E XNzvC
00:69C0  61 00  BSR     #$01A2 [00:6B64]         A0=00006AA6 A1=00C00000 A2=000074E2 A3=00FF2CFE A4=00000100 A5=FFFF80C8 A6=00FF0BF0 A7=00FF0BDE D0=00000004 D1=00000980 D2=00000006 D3=0000FFFF D4=0000FFFF D5=000000FF D6=00000004 D7=0000213E Xnzvc
00:69C4  60 F2  BRA     #$F2 [00:69B8]           A0=00006AA6 A1=00C00000 A2=000074E2 A3=00FF2CFE A4=00000100 A5=FFFF80C8 A6=00FF0BF0 A7=00FF0BDE D0=0000000F D1=00000980 D2=00000006 D3=0000FFFF D4=0000FFFF D5=000000FF D6=00000004 D7=0000213E xnzvc
00:69C0  61 00  BSR     #$01A2 [00:6B64]         A0=00006AA6 A1=00C00000 A2=000074E3 A3=00FF2CFE A4=00000100 A5=FFFF80C8 A6=00FF0BF0 A7=00FF0BDE D0=0000000F D1=00000980 D2=00000006 D3=0000FFFF D4=0000FFFF D5=000000FF D6=00000004 D7=0000213F xnzvc
00:69C4  60 F2  BRA     #$F2 [00:69B8]           A0=00006AA6 A1=00C00000 A2=000074E3 A3=00FF2CFE A4=00000100 A5=FFFF80C8 A6=00FF0BF0 A7=00FF0BDE D0=00000010 D1=00000980 D2=00000006 D3=0000FFFF D4=0000FFFF D5=000000FF D6=00000004 D7=0000213F xnzvc
00:6ABC  76 00  MOVEQ   #$00,D3                  A0=00006ABC A1=00C00000 A2=000074E6 A3=00FF2CFE A4=00000100 A5=FFFF80C8 A6=00FF0BF0 A7=00FF0BDA D0=00000008 D1=00000980 D2=00000006 D3=0000FFFF D4=0000FFFF D5=000000FF D6=00000004 D7=00002004 xnzvc
00:6ABE  16 1A  MOVE.B  (A2)+,D3                 A0=00006ABC A1=00C00000 A2=000074E6 A3=00FF2CFE A4=00000100 A5=FFFF80C8 A6=00FF0BF0 A7=00FF0BDA D0=00000008 D1=00000980 D2=00000006 D3=00000000 D4=0000FFFF D5=000000FF D6=00000004 D7=00002004 xnZvc
00:6AC0  1E 1A  MOVE.B  (A2)+,D7                 A0=00006ABC A1=00C00000 A2=000074E7 A3=00FF2CFE A4=00000100 A5=FFFF80C8 A6=00FF0BF0 A7=00FF0BDA D0=00000008 D1=00000980 D2=00000006 D3=00000003 D4=0000FFFF D5=000000FF D6=00000004 D7=00002004 xnzvc
00:6AC2  61 00  BSR     #$001C [00:6AE0]         A0=00006ABC A1=00C00000 A2=000074E8 A3=00FF2CFE A4=00000100 A5=FFFF80C8 A6=00FF0BF0 A7=00FF0BDA D0=00000008 D1=00000980 D2=00000006 D3=00000003 D4=0000FFFF D5=000000FF D6=00000004 D7=00002090 xNzvc
00:6AEA  4E 75  RTS                              A0=00006ABC A1=00C00000 A2=000074E8 A3=00FF2CFE A4=00000100 A5=FFFF80C8 A6=00FF0BF0 A7=00FF0BD6 D0=00000014 D1=00000980 D2=00000006 D3=0000FFFF D4=0000FFFF D5=000000FF D6=00000004 D7=00002094 XNzvC
00:6AC6  4E 75  RTS                              A0=00006ABC A1=00C00000 A2=000074E8 A3=00FF2CFE A4=00000100 A5=FFFF80C8 A6=00FF0BF0 A7=00FF0BDA D0=00000014 D1=00000980 D2=00000006 D3=0000FFFF D4=0000FFFF D5=000000FF D6=00000004 D7=00002094 XNzvC
00:69C0  61 00  BSR     #$01A2 [00:6B64]         A0=00006AA6 A1=00C00000 A2=000074EB A3=00FF2CFE A4=00000100 A5=FFFF80C8 A6=00FF0BF0 A7=00FF0BDE D0=00000004 D1=00000980 D2=00000006 D3=0000FFFF D4=0000FFFF D5=000000FF D6=00000004 D7=00000094 xNzvc
00:69C4  60 F2  BRA     #$F2 [00:69B8]           A0=00006AA6 A1=00C00000 A2=000074EB A3=00FF2CFE A4=00000100 A5=FFFF80C8 A6=00FF0BF0 A7=00FF0BDE D0=00000015 D1=00000980 D2=00000006 D3=0000FFFF D4=0000FFFF D5=000000FF D6=00000004 D7=00000094 xnzvc
00:69C0  61 00  BSR     #$01A2 [00:6B64]         A0=00006AA6 A1=00C00000 A2=000074EC A3=00FF2CFE A4=00000100 A5=FFFF80C8 A6=00FF0BF0 A7=00FF0BDE D0=00000015 D1=00000980 D2=00000006 D3=0000FFFF D4=0000FFFF D5=000000FF D6=00000004 D7=00000095 xNzvc
00:69C4  60 F2  BRA     #$F2 [00:69B8]           A0=00006AA6 A1=00C00000 A2=000074EC A3=00FF2CFE A4=00000100 A5=FFFF80C8 A6=00FF0BF0 A7=00FF0BDE D0=00000016 D1=00000980 D2=00000006 D3=0000FFFF D4=0000FFFF D5=000000FF D6=00000004 D7=00000095 xnzvc
00:6ABC  76 00  MOVEQ   #$00,D3                  A0=00006ABC A1=00C00000 A2=000074EF A3=00FF2CFE A4=00000100 A5=FFFF80C8 A6=00FF0BF0 A7=00FF0BDA D0=00000008 D1=00000980 D2=00000006 D3=0000FFFF D4=0000FFFF D5=000000FF D6=00000004 D7=00002004 xnzvc
00:6ABE  16 1A  MOVE.B  (A2)+,D3                 A0=00006ABC A1=00C00000 A2=000074EF A3=00FF2CFE A4=00000100 A5=FFFF80C8 A6=00FF0BF0 A7=00FF0BDA D0=00000008 D1=00000980 D2=00000006 D3=00000000 D4=0000FFFF D5=000000FF D6=00000004 D7=00002004 xnZvc
00:6AC0  1E 1A  MOVE.B  (A2)+,D7                 A0=00006ABC A1=00C00000 A2=000074F0 A3=00FF2CFE A4=00000100 A5=FFFF80C8 A6=00FF0BF0 A7=00FF0BDA D0=00000008 D1=00000980 D2=00000006 D3=00000009 D4=0000FFFF D5=000000FF D6=00000004 D7=00002004 xnzvc
00:6AC2  61 00  BSR     #$001C [00:6AE0]         A0=00006ABC A1=00C00000 A2=000074F1 A3=00FF2CFE A4=00000100 A5=FFFF80C8 A6=00FF0BF0 A7=00FF0BDA D0=00000008 D1=00000980 D2=00000006 D3=00000009 D4=0000FFFF D5=000000FF D6=00000004 D7=00002096 xNzvc
00:6B6C  1D 6E  MOVE.B  $FFF6(A6),$FFF4(A6)      A0=00006ABC A1=00C00000 A2=000074F1 A3=00FF2CFE A4=00000100 A5=FFFF80C8 A6=00FF0BF0 A7=00FF0BD2 D0=0000001F D1=00000980 D2=00000006 D3=00000000 D4=0000FFFF D5=000000FF D6=00000004 D7=0000209F XNzvC
00:6B72  60 C6  BRA     #$C6 [00:6B3A]           A0=00006ABC A1=00C00000 A2=000074F1 A3=00FF2CFE A4=00000100 A5=FFFF80C8 A6=00FF0BF0 A7=00FF0BD2 D0=0000001F D1=00000980 D2=00000006 D3=00000000 D4=0000FFFF D5=000000FF D6=00000004 D7=0000209F Xnzvc
00:6B3A  30 2E  MOVE.W  $FFFA(A6),D0             A0=00006ABC A1=00C00000 A2=000074F1 A3=00FF2CFE A4=00000100 A5=FFFF80C8 A6=00FF0BF0 A7=00FF0BD2 D0=0000001F D1=00000980 D2=00000006 D3=00000000 D4=0000FFFF D5=000000FF D6=00000004 D7=0000209F Xnzvc
00:6B3E  32 2E  MOVE.W  $FFFC(A6),D1             A0=00006ABC A1=00C00000 A2=000074F1 A3=00FF2CFE A4=00000100 A5=FFFF80C8 A6=00FF0BF0 A7=00FF0BD2 D0=00000000 D1=00000980 D2=00000006 D3=00000000 D4=0000FFFF D5=000000FF D6=00000004 D7=0000209F XnZvc
00:6B42  52 41  ADDQ.W  #1,D1                    A0=00006ABC A1=00C00000 A2=000074F1 A3=00FF2CFE A4=00000100 A5=FFFF80C8 A6=00FF0BF0 A7=00FF0BD2 D0=00000000 D1=00000013 D2=00000006 D3=00000000 D4=0000FFFF D5=000000FF D6=00000004 D7=0000209F Xnzvc
00:6B44  B2 78  CMP.W   ($8A72),D1               A0=00006ABC A1=00C00000 A2=000074F1 A3=00FF2CFE A4=00000100 A5=FFFF80C8 A6=00FF0BF0 A7=00FF0BD2 D0=00000000 D1=00000014 D2=00000006 D3=00000000 D4=0000FFFF D5=000000FF D6=00000004 D7=0000209F xnzvc
00:6B48  65 02  BCS     #$02 [00:6B4C]           A0=00006ABC A1=00C00000 A2=000074F1 A3=00FF2CFE A4=00000100 A5=FFFF80C8 A6=00FF0BF0 A7=00FF0BD2 D0=00000000 D1=00000014 D2=00000006 D3=00000000 D4=0000FFFF D5=000000FF D6=00000004 D7=0000209F xNzvC
00:6B4C  3D 41  MOVE.W  D1,$FFFC(A6)             A0=00006ABC A1=00C00000 A2=000074F1 A3=00FF2CFE A4=00000100 A5=FFFF80C8 A6=00FF0BF0 A7=00FF0BD2 D0=00000000 D1=00000014 D2=00000006 D3=00000000 D4=0000FFFF D5=000000FF D6=00000004 D7=0000209F xNzvC
00:6B50  3D 40  MOVE.W  D0,$FFFE(A6)             A0=00006ABC A1=00C00000 A2=000074F1 A3=00FF2CFE A4=00000100 A5=FFFF80C8 A6=00FF0BF0 A7=00FF0BD2 D0=00000000 D1=00000014 D2=00000006 D3=00000000 D4=0000FFFF D5=000000FF D6=00000004 D7=0000209F xnzvc
00:6B54  61 00  BSR     #$FF46 [00:6A9C]         A0=00006ABC A1=00C00000 A2=000074F1 A3=00FF2CFE A4=00000100 A5=FFFF80C8 A6=00FF0BF0 A7=00FF0BD2 D0=00000000 D1=00000014 D2=00000006 D3=00000000 D4=0000FFFF D5=000000FF D6=00000004 D7=0000209F xnZvc
00:6A9C  4E B8  JSR     ($05CA)                  A0=00006ABC A1=00C00000 A2=000074F1 A3=00FF2CFE A4=00000100 A5=FFFF80C8 A6=00FF0BF0 A7=00FF0BCE D0=00000000 D1=00000014 D2=00000006 D3=00000000 D4=0000FFFF D5=000000FF D6=00000004 D7=0000209F xnZvc
00:05CA  D0 40  ADD.W   D0,D0                    A0=00006ABC A1=00C00000 A2=000074F1 A3=00FF2CFE A4=00000100 A5=FFFF80C8 A6=00FF0BF0 A7=00FF0BCA D0=00000000 D1=00000014 D2=00000006 D3=00000000 D4=0000FFFF D5=000000FF D6=00000004 D7=0000209F xnZvc
00:05CC  D2 41  ADD.W   D1,D1                    A0=00006ABC A1=00C00000 A2=000074F1 A3=00FF2CFE A4=00000100 A5=FFFF80C8 A6=00FF0BF0 A7=00FF0BCA D0=00000000 D1=00000014 D2=00000006 D3=00000000 D4=0000FFFF D5=000000FF D6=00000004 D7=0000209F xnZvc
00:05CE  14 38  MOVE.B  ($8A8A),D2               A0=00006ABC A1=00C00000 A2=000074F1 A3=00FF2CFE A4=00000100 A5=FFFF80C8 A6=00FF0BF0 A7=00FF0BCA D0=00000000 D1=00000028 D2=00000006 D3=00000000 D4=0000FFFF D5=000000FF D6=00000004 D7=0000209F xnzvc
00:05D2  E5 61  ASL.W   D2,D1                    A0=00006ABC A1=00C00000 A2=000074F1 A3=00FF2CFE A4=00000100 A5=FFFF80C8 A6=00FF0BF0 A7=00FF0BCA D0=00000000 D1=00000028 D2=00000006 D3=00000000 D4=0000FFFF D5=000000FF D6=00000004 D7=0000209F xnzvc
00:05D4  D0 41  ADD.W   D1,D0                    A0=00006ABC A1=00C00000 A2=000074F1 A3=00FF2CFE A4=00000100 A5=FFFF80C8 A6=00FF0BF0 A7=00FF0BCA D0=00000000 D1=00000A00 D2=00000006 D3=00000000 D4=0000FFFF D5=000000FF D6=00000004 D7=0000209F xnzvc
00:05D6  4E 75  RTS                              A0=00006ABC A1=00C00000 A2=000074F1 A3=00FF2CFE A4=00000100 A5=FFFF80C8 A6=00FF0BF0 A7=00FF0BCA D0=00000A00 D1=00000A00 D2=00000006 D3=00000000 D4=0000FFFF D5=000000FF D6=00000004 D7=0000209F xnzvc
00:6AA0  D0 6E  ADD.W   $FFF2(A6),D0             A0=00006ABC A1=00C00000 A2=000074F1 A3=00FF2CFE A4=00000100 A5=FFFF80C8 A6=00FF0BF0 A7=00FF0BCE D0=00000A00 D1=00000A00 D2=00000006 D3=00000000 D4=0000FFFF D5=000000FF D6=00000004 D7=0000209F xnzvc
00:6AA4  4E 75  RTS                              A0=00006ABC A1=00C00000 A2=000074F1 A3=00FF2CFE A4=00000100 A5=FFFF80C8 A6=00FF0BF0 A7=00FF0BCE D0=0000EA00 D1=00000A00 D2=00000006 D3=00000000 D4=0000FFFF D5=000000FF D6=00000004 D7=0000209F xNzvc
00:6B58  4E B8  JSR     ($05A0)                  A0=00006ABC A1=00C00000 A2=000074F1 A3=00FF2CFE A4=00000100 A5=FFFF80C8 A6=00FF0BF0 A7=00FF0BD2 D0=0000EA00 D1=00000A00 D2=00000006 D3=00000000 D4=0000FFFF D5=000000FF D6=00000004 D7=0000209F xNzvc
00:05A0  E5 80  ASL.L   #2,D0                    A0=00006ABC A1=00C00000 A2=000074F1 A3=00FF2CFE A4=00000100 A5=FFFF80C8 A6=00FF0BF0 A7=00FF0BCE D0=0000EA00 D1=00000A00 D2=00000006 D3=00000000 D4=0000FFFF D5=000000FF D6=00000004 D7=0000209F xNzvc
00:05A2  E4 48  LSR.W   #2,D0                    A0=00006ABC A1=00C00000 A2=000074F1 A3=00FF2CFE A4=00000100 A5=FFFF80C8 A6=00FF0BF0 A7=00FF0BCE D0=0003A800 D1=00000A00 D2=00000006 D3=00000000 D4=0000FFFF D5=000000FF D6=00000004 D7=0000209F xnzvc
00:05A4  00 40  ORI.W   #$4000,D0                A0=00006ABC A1=00C00000 A2=000074F1 A3=00FF2CFE A4=00000100 A5=FFFF80C8 A6=00FF0BF0 A7=00FF0BCE D0=00032A00 D1=00000A00 D2=00000006 D3=00000000 D4=0000FFFF D5=000000FF D6=00000004 D7=0000209F xnzvc
00:05A8  48 40  SWAP.W  D0                       A0=00006ABC A1=00C00000 A2=000074F1 A3=00FF2CFE A4=00000100 A5=FFFF80C8 A6=00FF0BF0 A7=00FF0BCE D0=00036A00 D1=00000A00 D2=00000006 D3=00000000 D4=0000FFFF D5=000000FF D6=00000004 D7=0000209F xnzvc
00:05AA  02 40  ANDI.W  #$0003,D0                A0=00006ABC A1=00C00000 A2=000074F1 A3=00FF2CFE A4=00000100 A5=FFFF80C8 A6=00FF0BF0 A7=00FF0BCE D0=6A000003 D1=00000A00 D2=00000006 D3=00000000 D4=0000FFFF D5=000000FF D6=00000004 D7=0000209F xnzvc
00:05AE  23 C0  MOVE.L  D0,($00C00004)           A0=00006ABC A1=00C00000 A2=000074F1 A3=00FF2CFE A4=00000100 A5=FFFF80C8 A6=00FF0BF0 A7=00FF0BCE D0=6A000003 D1=00000A00 D2=00000006 D3=00000000 D4=0000FFFF D5=000000FF D6=00000004 D7=0000209F xnzvc
00:05B4  4E 75  RTS                              A0=00006ABC A1=00C00000 A2=000074F1 A3=00FF2CFE A4=00000100 A5=FFFF80C8 A6=00FF0BF0 A7=00FF0BCE D0=6A000003 D1=00000A00 D2=00000006 D3=00000000 D4=0000FFFF D5=000000FF D6=00000004 D7=0000209F xnzvc
00:6B5C  43 F9  LEA     ($00C00000),A1           A0=00006ABC A1=00C00000 A2=000074F1 A3=00FF2CFE A4=00000100 A5=FFFF80C8 A6=00FF0BF0 A7=00FF0BD2 D0=6A000003 D1=00000A00 D2=00000006 D3=00000000 D4=0000FFFF D5=000000FF D6=00000004 D7=0000209F xnzvc
00:6B62  4E 75  RTS                              A0=00006ABC A1=00C00000 A2=000074F1 A3=00FF2CFE A4=00000100 A5=FFFF80C8 A6=00FF0BF0 A7=00FF0BD2 D0=6A000003 D1=00000A00 D2=00000006 D3=00000000 D4=0000FFFF D5=000000FF D6=00000004 D7=0000209F xnzvc
00:6AEA  4E 75  RTS                              A0=00006ABC A1=00C00000 A2=000074F1 A3=00FF2CFE A4=00000100 A5=FFFF80C8 A6=00FF0BF0 A7=00FF0BD6 D0=6A000003 D1=00000A00 D2=00000006 D3=0000FFFF D4=0000FFFF D5=000000FF D6=00000004 D7=000020A0 XNzvC
00:6AC6  4E 75  RTS                              A0=00006ABC A1=00C00000 A2=000074F1 A3=00FF2CFE A4=00000100 A5=FFFF80C8 A6=00FF0BF0 A7=00FF0BDA D0=6A000003 D1=00000A00 D2=00000006 D3=0000FFFF D4=0000FFFF D5=000000FF D6=00000004 D7=000020A0 XNzvC
00:6ABC  76 00  MOVEQ   #$00,D3                  A0=00006ABC A1=00C00000 A2=000074F4 A3=00FF2CFE A4=00000100 A5=FFFF80C8 A6=00FF0BF0 A7=00FF0BDA D0=00000008 D1=00000A00 D2=00000006 D3=0000FFFF D4=0000FFFF D5=000000FF D6=00000004 D7=00000104 xnzvc
00:6ABE  16 1A  MOVE.B  (A2)+,D3                 A0=00006ABC A1=00C00000 A2=000074F4 A3=00FF2CFE A4=00000100 A5=FFFF80C8 A6=00FF0BF0 A7=00FF0BDA D0=00000008 D1=00000A00 D2=00000006 D3=00000000 D4=0000FFFF D5=000000FF D6=00000004 D7=00000104 xnZvc
00:6AC0  1E 1A  MOVE.B  (A2)+,D7                 A0=00006ABC A1=00C00000 A2=000074F5 A3=00FF2CFE A4=00000100 A5=FFFF80C8 A6=00FF0BF0 A7=00FF0BDA D0=00000008 D1=00000A00 D2=00000006 D3=0000000D D4=0000FFFF D5=000000FF D6=00000004 D7=00000104 xnzvc
00:6AC2  61 00  BSR     #$001C [00:6AE0]         A0=00006ABC A1=00C00000 A2=000074F6 A3=00FF2CFE A4=00000100 A5=FFFF80C8 A6=00FF0BF0 A7=00FF0BDA D0=00000008 D1=00000A00 D2=00000006 D3=0000000D D4=0000FFFF D5=000000FF D6=00000004 D7=00000140 xnzvc
00:6AEA  4E 75  RTS                              A0=00006ABC A1=00C00000 A2=000074F6 A3=00FF2CFE A4=00000100 A5=FFFF80C8 A6=00FF0BF0 A7=00FF0BD6 D0=0000000E D1=00000A00 D2=00000006 D3=0000FFFF D4=0000FFFF D5=000000FF D6=00000004 D7=0000014E XNzvC
00:6AC6  4E 75  RTS                              A0=00006ABC A1=00C00000 A2=000074F6 A3=00FF2CFE A4=00000100 A5=FFFF80C8 A6=00FF0BF0 A7=00FF0BDA D0=0000000E D1=00000A00 D2=00000006 D3=0000FFFF D4=0000FFFF D5=000000FF D6=00000004 D7=0000014E XNzvC
00:69C0  61 00  BSR     #$01A2 [00:6B64]         A0=00006AA6 A1=00C00000 A2=000074F9 A3=00FF2CFE A4=00000100 A5=FFFF80C8 A6=00FF0BF0 A7=00FF0BDE D0=00000004 D1=00000A00 D2=00000006 D3=0000FFFF D4=0000FFFF D5=000000FF D6=00000004 D7=0000214E Xnzvc
00:69C4  60 F2  BRA     #$F2 [00:69B8]           A0=00006AA6 A1=00C00000 A2=000074F9 A3=00FF2CFE A4=00000100 A5=FFFF80C8 A6=00FF0BF0 A7=00FF0BDE D0=0000000F D1=00000A00 D2=00000006 D3=0000FFFF D4=0000FFFF D5=000000FF D6=00000004 D7=0000214E xnzvc
00:69C0  61 00  BSR     #$01A2 [00:6B64]         A0=00006AA6 A1=00C00000 A2=000074FA A3=00FF2CFE A4=00000100 A5=FFFF80C8 A6=00FF0BF0 A7=00FF0BDE D0=0000000F D1=00000A00 D2=00000006 D3=0000FFFF D4=0000FFFF D5=000000FF D6=00000004 D7=0000214F xnzvc
00:69C4  60 F2  BRA     #$F2 [00:69B8]           A0=00006AA6 A1=00C00000 A2=000074FA A3=00FF2CFE A4=00000100 A5=FFFF80C8 A6=00FF0BF0 A7=00FF0BDE D0=00000010 D1=00000A00 D2=00000006 D3=0000FFFF D4=0000FFFF D5=000000FF D6=00000004 D7=0000214F xnzvc
00:6ABC  76 00  MOVEQ   #$00,D3                  A0=00006ABC A1=00C00000 A2=000074FD A3=00FF2CFE A4=00000100 A5=FFFF80C8 A6=00FF0BF0 A7=00FF0BDA D0=00000008 D1=00000A00 D2=00000006 D3=0000FFFF D4=0000FFFF D5=000000FF D6=00000004 D7=00002004 xnzvc
00:6ABE  16 1A  MOVE.B  (A2)+,D3                 A0=00006ABC A1=00C00000 A2=000074FD A3=00FF2CFE A4=00000100 A5=FFFF80C8 A6=00FF0BF0 A7=00FF0BDA D0=00000008 D1=00000A00 D2=00000006 D3=00000000 D4=0000FFFF D5=000000FF D6=00000004 D7=00002004 xnZvc
00:6AC0  1E 1A  MOVE.B  (A2)+,D7                 A0=00006ABC A1=00C00000 A2=000074FE A3=00FF2CFE A4=00000100 A5=FFFF80C8 A6=00FF0BF0 A7=00FF0BDA D0=00000008 D1=00000A00 D2=00000006 D3=00000003 D4=0000FFFF D5=000000FF D6=00000004 D7=00002004 xnzvc
00:6AC2  61 00  BSR     #$001C [00:6AE0]         A0=00006ABC A1=00C00000 A2=000074FF A3=00FF2CFE A4=00000100 A5=FFFF80C8 A6=00FF0BF0 A7=00FF0BDA D0=00000008 D1=00000A00 D2=00000006 D3=00000003 D4=0000FFFF D5=000000FF D6=00000004 D7=000020A0 xNzvc
00:6AEA  4E 75  RTS                              A0=00006ABC A1=00C00000 A2=000074FF A3=00FF2CFE A4=00000100 A5=FFFF80C8 A6=00FF0BF0 A7=00FF0BD6 D0=00000014 D1=00000A00 D2=00000006 D3=0000FFFF D4=0000FFFF D5=000000FF D6=00000004 D7=000020A4 XNzvC
00:6AC6  4E 75  RTS                              A0=00006ABC A1=00C00000 A2=000074FF A3=00FF2CFE A4=00000100 A5=FFFF80C8 A6=00FF0BF0 A7=00FF0BDA D0=00000014 D1=00000A00 D2=00000006 D3=0000FFFF D4=0000FFFF D5=000000FF D6=00000004 D7=000020A4 XNzvC
00:69C0  61 00  BSR     #$01A2 [00:6B64]         A0=00006AA6 A1=00C00000 A2=00007502 A3=00FF2CFE A4=00000100 A5=FFFF80C8 A6=00FF0BF0 A7=00FF0BDE D0=00000004 D1=00000A00 D2=00000006 D3=0000FFFF D4=0000FFFF D5=000000FF D6=00000004 D7=000000A4 xNzvc
00:69C4  60 F2  BRA     #$F2 [00:69B8]           A0=00006AA6 A1=00C00000 A2=00007502 A3=00FF2CFE A4=00000100 A5=FFFF80C8 A6=00FF0BF0 A7=00FF0BDE D0=00000015 D1=00000A00 D2=00000006 D3=0000FFFF D4=0000FFFF D5=000000FF D6=00000004 D7=000000A4 xnzvc
00:69C0  61 00  BSR     #$01A2 [00:6B64]         A0=00006AA6 A1=00C00000 A2=00007503 A3=00FF2CFE A4=00000100 A5=FFFF80C8 A6=00FF0BF0 A7=00FF0BDE D0=00000015 D1=00000A00 D2=00000006 D3=0000FFFF D4=0000FFFF D5=000000FF D6=00000004 D7=000000A5 xNzvc
00:69C4  60 F2  BRA     #$F2 [00:69B8]           A0=00006AA6 A1=00C00000 A2=00007503 A3=00FF2CFE A4=00000100 A5=FFFF80C8 A6=00FF0BF0 A7=00FF0BDE D0=00000016 D1=00000A00 D2=00000006 D3=0000FFFF D4=0000FFFF D5=000000FF D6=00000004 D7=000000A5 xnzvc
00:6B6C  1D 6E  MOVE.B  $FFF6(A6),$FFF4(A6)      A0=00006ABC A1=00C00000 A2=00007508 A3=00FF2CFE A4=00000100 A5=FFFF80C8 A6=00FF0BF0 A7=00FF0BD2 D0=0000001F D1=00000A00 D2=00000006 D3=00000000 D4=0000FFFF D5=000000FF D6=00000004 D7=000020AF XNzvC
00:6B72  60 C6  BRA     #$C6 [00:6B3A]           A0=00006ABC A1=00C00000 A2=00007508 A3=00FF2CFE A4=00000100 A5=FFFF80C8 A6=00FF0BF0 A7=00FF0BD2 D0=0000001F D1=00000A00 D2=00000006 D3=00000000 D4=0000FFFF D5=000000FF D6=00000004 D7=000020AF Xnzvc
00:6B3A  30 2E  MOVE.W  $FFFA(A6),D0             A0=00006ABC A1=00C00000 A2=00007508 A3=00FF2CFE A4=00000100 A5=FFFF80C8 A6=00FF0BF0 A7=00FF0BD2 D0=0000001F D1=00000A00 D2=00000006 D3=00000000 D4=0000FFFF D5=000000FF D6=00000004 D7=000020AF Xnzvc
00:6B3E  32 2E  MOVE.W  $FFFC(A6),D1             A0=00006ABC A1=00C00000 A2=00007508 A3=00FF2CFE A4=00000100 A5=FFFF80C8 A6=00FF0BF0 A7=00FF0BD2 D0=00000000 D1=00000A00 D2=00000006 D3=00000000 D4=0000FFFF D5=000000FF D6=00000004 D7=000020AF XnZvc
00:6B42  52 41  ADDQ.W  #1,D1                    A0=00006ABC A1=00C00000 A2=00007508 A3=00FF2CFE A4=00000100 A5=FFFF80C8 A6=00FF0BF0 A7=00FF0BD2 D0=00000000 D1=00000014 D2=00000006 D3=00000000 D4=0000FFFF D5=000000FF D6=00000004 D7=000020AF Xnzvc
00:6B44  B2 78  CMP.W   ($8A72),D1               A0=00006ABC A1=00C00000 A2=00007508 A3=00FF2CFE A4=00000100 A5=FFFF80C8 A6=00FF0BF0 A7=00FF0BD2 D0=00000000 D1=00000015 D2=00000006 D3=00000000 D4=0000FFFF D5=000000FF D6=00000004 D7=000020AF xnzvc
00:6B48  65 02  BCS     #$02 [00:6B4C]           A0=00006ABC A1=00C00000 A2=00007508 A3=00FF2CFE A4=00000100 A5=FFFF80C8 A6=00FF0BF0 A7=00FF0BD2 D0=00000000 D1=00000015 D2=00000006 D3=00000000 D4=0000FFFF D5=000000FF D6=00000004 D7=000020AF xNzvC
00:6B4C  3D 41  MOVE.W  D1,$FFFC(A6)             A0=00006ABC A1=00C00000 A2=00007508 A3=00FF2CFE A4=00000100 A5=FFFF80C8 A6=00FF0BF0 A7=00FF0BD2 D0=00000000 D1=00000015 D2=00000006 D3=00000000 D4=0000FFFF D5=000000FF D6=00000004 D7=000020AF xNzvC
00:6B50  3D 40  MOVE.W  D0,$FFFE(A6)             A0=00006ABC A1=00C00000 A2=00007508 A3=00FF2CFE A4=00000100 A5=FFFF80C8 A6=00FF0BF0 A7=00FF0BD2 D0=00000000 D1=00000015 D2=00000006 D3=00000000 D4=0000FFFF D5=000000FF D6=00000004 D7=000020AF xnzvc
00:6B54  61 00  BSR     #$FF46 [00:6A9C]         A0=00006ABC A1=00C00000 A2=00007508 A3=00FF2CFE A4=00000100 A5=FFFF80C8 A6=00FF0BF0 A7=00FF0BD2 D0=00000000 D1=00000015 D2=00000006 D3=00000000 D4=0000FFFF D5=000000FF D6=00000004 D7=000020AF xnZvc
00:6A9C  4E B8  JSR     ($05CA)                  A0=00006ABC A1=00C00000 A2=00007508 A3=00FF2CFE A4=00000100 A5=FFFF80C8 A6=00FF0BF0 A7=00FF0BCE D0=00000000 D1=00000015 D2=00000006 D3=00000000 D4=0000FFFF D5=000000FF D6=00000004 D7=000020AF xnZvc
00:05CA  D0 40  ADD.W   D0,D0                    A0=00006ABC A1=00C00000 A2=00007508 A3=00FF2CFE A4=00000100 A5=FFFF80C8 A6=00FF0BF0 A7=00FF0BCA D0=00000000 D1=00000015 D2=00000006 D3=00000000 D4=0000FFFF D5=000000FF D6=00000004 D7=000020AF xnZvc
00:05CC  D2 41  ADD.W   D1,D1                    A0=00006ABC A1=00C00000 A2=00007508 A3=00FF2CFE A4=00000100 A5=FFFF80C8 A6=00FF0BF0 A7=00FF0BCA D0=00000000 D1=00000015 D2=00000006 D3=00000000 D4=0000FFFF D5=000000FF D6=00000004 D7=000020AF xnZvc
00:05CE  14 38  MOVE.B  ($8A8A),D2               A0=00006ABC A1=00C00000 A2=00007508 A3=00FF2CFE A4=00000100 A5=FFFF80C8 A6=00FF0BF0 A7=00FF0BCA D0=00000000 D1=0000002A D2=00000006 D3=00000000 D4=0000FFFF D5=000000FF D6=00000004 D7=000020AF xnzvc
00:05D2  E5 61  ASL.W   D2,D1                    A0=00006ABC A1=00C00000 A2=00007508 A3=00FF2CFE A4=00000100 A5=FFFF80C8 A6=00FF0BF0 A7=00FF0BCA D0=00000000 D1=0000002A D2=00000006 D3=00000000 D4=0000FFFF D5=000000FF D6=00000004 D7=000020AF xnzvc
00:05D4  D0 41  ADD.W   D1,D0                    A0=00006ABC A1=00C00000 A2=00007508 A3=00FF2CFE A4=00000100 A5=FFFF80C8 A6=00FF0BF0 A7=00FF0BCA D0=00000000 D1=00000A80 D2=00000006 D3=00000000 D4=0000FFFF D5=000000FF D6=00000004 D7=000020AF xnzvc
00:05D6  4E 75  RTS                              A0=00006ABC A1=00C00000 A2=00007508 A3=00FF2CFE A4=00000100 A5=FFFF80C8 A6=00FF0BF0 A7=00FF0BCA D0=00000A80 D1=00000A80 D2=00000006 D3=00000000 D4=0000FFFF D5=000000FF D6=00000004 D7=000020AF xnzvc
00:6AA0  D0 6E  ADD.W   $FFF2(A6),D0             A0=00006ABC A1=00C00000 A2=00007508 A3=00FF2CFE A4=00000100 A5=FFFF80C8 A6=00FF0BF0 A7=00FF0BCE D0=00000A80 D1=00000A80 D2=00000006 D3=00000000 D4=0000FFFF D5=000000FF D6=00000004 D7=000020AF xnzvc
00:6AA4  4E 75  RTS                              A0=00006ABC A1=00C00000 A2=00007508 A3=00FF2CFE A4=00000100 A5=FFFF80C8 A6=00FF0BF0 A7=00FF0BCE D0=0000EA80 D1=00000A80 D2=00000006 D3=00000000 D4=0000FFFF D5=000000FF D6=00000004 D7=000020AF xNzvc
00:6B58  4E B8  JSR     ($05A0)                  A0=00006ABC A1=00C00000 A2=00007508 A3=00FF2CFE A4=00000100 A5=FFFF80C8 A6=00FF0BF0 A7=00FF0BD2 D0=0000EA80 D1=00000A80 D2=00000006 D3=00000000 D4=0000FFFF D5=000000FF D6=00000004 D7=000020AF xNzvc
00:05A0  E5 80  ASL.L   #2,D0                    A0=00006ABC A1=00C00000 A2=00007508 A3=00FF2CFE A4=00000100 A5=FFFF80C8 A6=00FF0BF0 A7=00FF0BCE D0=0000EA80 D1=00000A80 D2=00000006 D3=00000000 D4=0000FFFF D5=000000FF D6=00000004 D7=000020AF xNzvc
00:05A2  E4 48  LSR.W   #2,D0                    A0=00006ABC A1=00C00000 A2=00007508 A3=00FF2CFE A4=00000100 A5=FFFF80C8 A6=00FF0BF0 A7=00FF0BCE D0=0003AA00 D1=00000A80 D2=00000006 D3=00000000 D4=0000FFFF D5=000000FF D6=00000004 D7=000020AF xnzvc
00:05A4  00 40  ORI.W   #$4000,D0                A0=00006ABC A1=00C00000 A2=00007508 A3=00FF2CFE A4=00000100 A5=FFFF80C8 A6=00FF0BF0 A7=00FF0BCE D0=00032A80 D1=00000A80 D2=00000006 D3=00000000 D4=0000FFFF D5=000000FF D6=00000004 D7=000020AF xnzvc
00:05A8  48 40  SWAP.W  D0                       A0=00006ABC A1=00C00000 A2=00007508 A3=00FF2CFE A4=00000100 A5=FFFF80C8 A6=00FF0BF0 A7=00FF0BCE D0=00036A80 D1=00000A80 D2=00000006 D3=00000000 D4=0000FFFF D5=000000FF D6=00000004 D7=000020AF xnzvc
00:05AA  02 40  ANDI.W  #$0003,D0                A0=00006ABC A1=00C00000 A2=00007508 A3=00FF2CFE A4=00000100 A5=FFFF80C8 A6=00FF0BF0 A7=00FF0BCE D0=6A800003 D1=00000A80 D2=00000006 D3=00000000 D4=0000FFFF D5=000000FF D6=00000004 D7=000020AF xnzvc
00:05AE  23 C0  MOVE.L  D0,($00C00004)           A0=00006ABC A1=00C00000 A2=00007508 A3=00FF2CFE A4=00000100 A5=FFFF80C8 A6=00FF0BF0 A7=00FF0BCE D0=6A800003 D1=00000A80 D2=00000006 D3=00000000 D4=0000FFFF D5=000000FF D6=00000004 D7=000020AF xnzvc
00:05B4  4E 75  RTS                              A0=00006ABC A1=00C00000 A2=00007508 A3=00FF2CFE A4=00000100 A5=FFFF80C8 A6=00FF0BF0 A7=00FF0BCE D0=6A800003 D1=00000A80 D2=00000006 D3=00000000 D4=0000FFFF D5=000000FF D6=00000004 D7=000020AF xnzvc
00:6B5C  43 F9  LEA     ($00C00000),A1           A0=00006ABC A1=00C00000 A2=00007508 A3=00FF2CFE A4=00000100 A5=FFFF80C8 A6=00FF0BF0 A7=00FF0BD2 D0=6A800003 D1=00000A80 D2=00000006 D3=00000000 D4=0000FFFF D5=000000FF D6=00000004 D7=000020AF xnzvc
00:6B62  4E 75  RTS                              A0=00006ABC A1=00C00000 A2=00007508 A3=00FF2CFE A4=00000100 A5=FFFF80C8 A6=00FF0BF0 A7=00FF0BD2 D0=6A800003 D1=00000A80 D2=00000006 D3=00000000 D4=0000FFFF D5=000000FF D6=00000004 D7=000020AF xnzvc

TRACE STOPPED

